command=nix run .#cairn -- gate design split-stevenarella-renderer-core --root .
cwd=/home/brittonr/git/mc
{
  "change": "split-stevenarella-renderer-core",
  "evidence_summary": {
    "docs_only": 0,
    "fixture": 0,
    "formal": 0,
    "mode": "advisory",
    "model": 0,
    "probe": 0,
    "property": 0
  },
  "input_hash": "fb6d62afef89779ebe50c9c62803627641e9c1977275eca08844a76b0c3c9810",
  "issues": [],
  "layout": "cairn",
  "policy": "cairn-default",
  "policy_hash": "a210ed841d260e0bf026f3c67ec810216b6409cfe6036f9132b51cc4e3176618",
  "receipt_hash": "ffe00458966ddcff4ed9f8b94de862e117333566b5683cff28734dfb0c471966",
  "stage": "design",
  "valid": true,
  "verdict": "PASS"
}
exit_status=0
