command=nix run .#cairn -- gate design split-stevenarella-renderer-core --root .
cwd=/home/brittonr/git/mc
{
  "change": "split-stevenarella-renderer-core",
  "evidence_summary": {
    "docs_only": 0,
    "fixture": 0,
    "formal": 0,
    "mode": "advisory",
    "model": 0,
    "probe": 0,
    "property": 0
  },
  "input_hash": "de367c23b7104355640c0f33347e6e91798b0f8c818bd1b808ab121202d06215",
  "issues": [],
  "layout": "cairn",
  "policy": "cairn-default",
  "policy_hash": "a210ed841d260e0bf026f3c67ec810216b6409cfe6036f9132b51cc4e3176618",
  "receipt_hash": "9036f748c2e4e564a9d2345c3a4a4b65aff05c791e4efa1779e8eef26b1bd224",
  "stage": "design",
  "valid": true,
  "verdict": "PASS"
}
exit_status=0
