command=nix run .#cairn -- gate tasks split-stevenarella-renderer-core --root .
cwd=/home/brittonr/git/mc
{
  "change": "split-stevenarella-renderer-core",
  "evidence_summary": {
    "docs_only": 0,
    "fixture": 0,
    "formal": 0,
    "mode": "advisory",
    "model": 0,
    "probe": 0,
    "property": 0
  },
  "input_hash": "4120b26414a7ad02826575fbe506ad9a55db05395e4ae8c6345400e54f8ebf2d",
  "issues": [],
  "layout": "cairn",
  "policy": "cairn-default",
  "policy_hash": "a210ed841d260e0bf026f3c67ec810216b6409cfe6036f9132b51cc4e3176618",
  "receipt_hash": "5b39288bc20b41a3e5906a121b94a1c215e64f8f6656f3ed68dc179c3a7296ba",
  "stage": "tasks",
  "valid": true,
  "verdict": "PASS"
}
exit_status=0
