command=nix run .#cairn -- gate proposal split-stevenarella-renderer-core --root .
cwd=/home/brittonr/git/mc
{
  "change": "split-stevenarella-renderer-core",
  "evidence_summary": {
    "docs_only": 0,
    "fixture": 0,
    "formal": 0,
    "mode": "advisory",
    "model": 0,
    "probe": 0,
    "property": 0
  },
  "input_hash": "8c2dd59efaa70f84087ed2b2432a9acadde790cfa5cfd4d98e65a1949ef601aa",
  "issues": [],
  "layout": "cairn",
  "policy": "cairn-default",
  "policy_hash": "a210ed841d260e0bf026f3c67ec810216b6409cfe6036f9132b51cc4e3176618",
  "receipt_hash": "6a7ef76d89d3ef040f3777bb64f6f3331ce02b9e70fb20673d2b00834c7fac48",
  "stage": "proposal",
  "valid": true,
  "verdict": "PASS"
}
exit_status=0
