command=nix run .#cairn -- sync split-stevenarella-renderer-core --root . --execute
cwd=/home/brittonr/git/mc
{
  "actions": [
    {
      "description": "merge delta spec into main specs: ./cairn/changes/split-stevenarella-renderer-core/specs/mc-compatibility/spec.md",
      "kind": "sync_delta_spec",
      "path": "./cairn/changes/split-stevenarella-renderer-core/specs/mc-compatibility/spec.md"
    }
  ],
  "blocked": false,
  "change": "split-stevenarella-renderer-core",
  "delta_specs": [
    "./cairn/changes/split-stevenarella-renderer-core/specs/mc-compatibility/spec.md"
  ],
  "dry_run": false,
  "input_hash": "b9554b8acdfda4f8d593af15ec70eeedb4437b847c55657eb0b4b245dd49bfd4",
  "layout": "cairn",
  "mutated": true,
  "mutation_manifest": {
    "after": {
      "entries": [
        {
          "content_hash": "352fc30029b0e4db6a9425dd2ee34317da93bae8ac45e3774e30c03a6a835e43",
          "exists": true,
          "path": "./cairn/specs/mc-compatibility/spec.md"
        }
      ],
      "manifest_hash": "458e2331aa1c2e83f4c0774c72e4d5360387a50050dff58807a99731b5e3ed0d"
    },
    "before": {
      "entries": [
        {
          "content_hash": "352fc30029b0e4db6a9425dd2ee34317da93bae8ac45e3774e30c03a6a835e43",
          "exists": true,
          "path": "./cairn/specs/mc-compatibility/spec.md"
        }
      ],
      "manifest_hash": "458e2331aa1c2e83f4c0774c72e4d5360387a50050dff58807a99731b5e3ed0d"
    },
    "kind": "sync",
    "manifest_hash": "3e5ba3553deb6db4f0424a12ffc6588111ffd8da2ab39f369a61d608925ffa3c"
  },
  "plan_hash": "7f322bc6cc4024ac346cda76bc496ac2c8859b2618da369975b1511fe651911f",
  "policy": "cairn-default",
  "policy_hash": "a210ed841d260e0bf026f3c67ec810216b6409cfe6036f9132b51cc4e3176618",
  "reasons": [],
  "receipt_hash": "bc816625e6b9448bf52611e7c64571e9cf98b83f36b60d09f380d309298a9af2"
}
exit_status=0
