command=nix run .#cairn -- sync split-stevenarella-renderer-core --root .
cwd=/home/brittonr/git/mc
{
  "actions": [
    {
      "description": "merge delta spec into main specs: ./cairn/changes/split-stevenarella-renderer-core/specs/mc-compatibility/spec.md",
      "kind": "sync_delta_spec",
      "path": "./cairn/changes/split-stevenarella-renderer-core/specs/mc-compatibility/spec.md"
    }
  ],
  "blocked": false,
  "change": "split-stevenarella-renderer-core",
  "delta_specs": [
    "./cairn/changes/split-stevenarella-renderer-core/specs/mc-compatibility/spec.md"
  ],
  "dry_run": true,
  "input_hash": "b9554b8acdfda4f8d593af15ec70eeedb4437b847c55657eb0b4b245dd49bfd4",
  "layout": "cairn",
  "mutated": false,
  "mutation_manifest": null,
  "plan_hash": "220704e732df705594dc3f7e99a63b7d9a6ce544b8d3a9967c88c643b6edc143",
  "policy": "cairn-default",
  "policy_hash": "a210ed841d260e0bf026f3c67ec810216b6409cfe6036f9132b51cc4e3176618",
  "reasons": [],
  "receipt_hash": "52dddf312240229e2d63dc5157f8a2ca7b6f975e55bcb9855a769773712dcd50"
}
exit_status=0
