command=nix run .#cairn -- archive add-gui-helper-plugin --root .
{
  "actions": [
    {
      "description": "move active change to archive: add-gui-helper-plugin",
      "kind": "archive_change",
      "path": "./cairn/changes/add-gui-helper-plugin"
    }
  ],
  "blocked": false,
  "change": "add-gui-helper-plugin",
  "dry_run": true,
  "input_hash": "de261cfffd0357258745b0f1a10e03cbc6191af1f746014040a1d273ba490d84",
  "layout": "cairn",
  "mutated": false,
  "mutation_manifest": null,
  "plan_hash": "0cf7c1297558b02d6484f38e3f6a0d600be928bb8912393402610750e971a027",
  "policy": "cairn-default",
  "policy_hash": "a210ed841d260e0bf026f3c67ec810216b6409cfe6036f9132b51cc4e3176618",
  "reasons": [],
  "receipt_hash": "fb9e4b753cc27170a94edf5551580284cb539a500ffa96154b49ccac6c0c4621"
}

exit_status=0
