command=CAIRN_ARCHIVE_DATE=2026-06-23 nix run .#cairn -- archive add-gui-helper-plugin --root . --execute
{
  "actions": [
    {
      "description": "move active change to archive: add-gui-helper-plugin",
      "kind": "archive_change",
      "path": "./cairn/archive/2026-06-23-add-gui-helper-plugin"
    }
  ],
  "blocked": false,
  "change": "add-gui-helper-plugin",
  "dry_run": false,
  "input_hash": "de261cfffd0357258745b0f1a10e03cbc6191af1f746014040a1d273ba490d84",
  "layout": "cairn",
  "mutated": true,
  "mutation_manifest": {
    "after": {
      "entries": [
        {
          "content_hash": "db0a30dae91ee67e07976efcba01b22507cdf612ad6a3e6576ea4fef84910878",
          "exists": true,
          "path": "./cairn/archive/2026-06-23-add-gui-helper-plugin/design.md"
        },
        {
          "content_hash": "48a695ebbad231502e7276f0f1a02761ce13260806c4e33aac010d9d35648e99",
          "exists": true,
          "path": "./cairn/archive/2026-06-23-add-gui-helper-plugin/proposal.md"
        },
        {
          "content_hash": "1c0e756c844b982a171e289013b2b93b46b7bde938f2cf80750989cccac0b829",
          "exists": true,
          "path": "./cairn/archive/2026-06-23-add-gui-helper-plugin/specs/valence-hyperion-integration/spec.md"
        },
        {
          "content_hash": "cf28db178cc175342d06cad2226dec5dd8f62bfcee3f93cfc5e5e2701753ae57",
          "exists": true,
          "path": "./cairn/archive/2026-06-23-add-gui-helper-plugin/tasks.md"
        },
        {
          "content_hash": null,
          "exists": false,
          "path": "./cairn/changes/add-gui-helper-plugin"
        }
      ],
      "manifest_hash": "3ee87332cc90cd7068f2a490bd3e4998440bdd042217b92ae5ec748628bf0da7"
    },
    "before": {
      "entries": [
        {
          "content_hash": "db0a30dae91ee67e07976efcba01b22507cdf612ad6a3e6576ea4fef84910878",
          "exists": true,
          "path": "./cairn/changes/add-gui-helper-plugin/design.md"
        },
        {
          "content_hash": "48a695ebbad231502e7276f0f1a02761ce13260806c4e33aac010d9d35648e99",
          "exists": true,
          "path": "./cairn/changes/add-gui-helper-plugin/proposal.md"
        },
        {
          "content_hash": "1c0e756c844b982a171e289013b2b93b46b7bde938f2cf80750989cccac0b829",
          "exists": true,
          "path": "./cairn/changes/add-gui-helper-plugin/specs/valence-hyperion-integration/spec.md"
        },
        {
          "content_hash": "cf28db178cc175342d06cad2226dec5dd8f62bfcee3f93cfc5e5e2701753ae57",
          "exists": true,
          "path": "./cairn/changes/add-gui-helper-plugin/tasks.md"
        }
      ],
      "manifest_hash": "9f19efff22da9f4606867a5c576e2cc560ccd0eed8e1128eadbb80b9433268ff"
    },
    "kind": "archive",
    "manifest_hash": "ab46c7d41605f0b1004efb1e3ce573c0ef0adbd188d3784d1f6a23f3c995fb62"
  },
  "plan_hash": "b99f1eaf306bb9fec95448c29e2af144217a2e001dd0a8ea9380f568309a4098",
  "policy": "cairn-default",
  "policy_hash": "a210ed841d260e0bf026f3c67ec810216b6409cfe6036f9132b51cc4e3176618",
  "reasons": [],
  "receipt_hash": "cd29f370210f1dafd0371acc4dca4d88531ffe3f9a2e7a60de4487e68d3bb84f"
}

exit_status=0
