command=nix run .#cairn -- gate tasks add-gui-helper-plugin --root .
{
  "change": "add-gui-helper-plugin",
  "evidence_summary": {
    "docs_only": 0,
    "fixture": 0,
    "formal": 0,
    "mode": "advisory",
    "model": 0,
    "probe": 0,
    "property": 0
  },
  "input_hash": "4b94ad2bf274a5e83fb219efcde96d82010e491f07d3486b8de4abdc06837f0d",
  "issues": [],
  "layout": "cairn",
  "policy": "cairn-default",
  "policy_hash": "a210ed841d260e0bf026f3c67ec810216b6409cfe6036f9132b51cc4e3176618",
  "receipt_hash": "4febd0ecd215d197c46a1e25bff9e299fe9a631e92b2ac3f01ea68e4af1ae4c6",
  "stage": "tasks",
  "valid": true,
  "verdict": "PASS"
}

exit_status=0
