command=nix run .#cairn -- gate design add-gui-helper-plugin --root .
{
  "change": "add-gui-helper-plugin",
  "evidence_summary": {
    "docs_only": 0,
    "fixture": 0,
    "formal": 0,
    "mode": "advisory",
    "model": 0,
    "probe": 0,
    "property": 0
  },
  "input_hash": "b02438ba5e69c2bd93fe1db14b3ea553fbca4886a5273e06daa71ce55734d438",
  "issues": [],
  "layout": "cairn",
  "policy": "cairn-default",
  "policy_hash": "a210ed841d260e0bf026f3c67ec810216b6409cfe6036f9132b51cc4e3176618",
  "receipt_hash": "0de62540b6473520556dd507dac57c187b78bd828c8953478895450bda872fb7",
  "stage": "design",
  "valid": true,
  "verdict": "PASS"
}

exit_status=0
