command=nix run .#cairn -- gate tasks add-gui-helper-plugin --root .
{
  "change": "add-gui-helper-plugin",
  "evidence_summary": {
    "docs_only": 0,
    "fixture": 0,
    "formal": 0,
    "mode": "advisory",
    "model": 0,
    "probe": 0,
    "property": 0
  },
  "input_hash": "80621fc5f7a77bf527999962f521deede6855f6e55f92eac54eb3eb27fa6a1c2",
  "issues": [],
  "layout": "cairn",
  "policy": "cairn-default",
  "policy_hash": "a210ed841d260e0bf026f3c67ec810216b6409cfe6036f9132b51cc4e3176618",
  "receipt_hash": "9cb9b0381cb13921ddbdeae667bd624208c4f4f918ce92ca2cd1f153927b3a7f",
  "stage": "tasks",
  "valid": true,
  "verdict": "PASS"
}

exit_status=0
