command=nix run .#cairn -- sync add-gui-helper-plugin --root . --execute
{
  "actions": [
    {
      "description": "merge delta spec into main specs: ./cairn/changes/add-gui-helper-plugin/specs/valence-hyperion-integration/spec.md",
      "kind": "sync_delta_spec",
      "path": "./cairn/changes/add-gui-helper-plugin/specs/valence-hyperion-integration/spec.md"
    }
  ],
  "blocked": false,
  "change": "add-gui-helper-plugin",
  "delta_specs": [
    "./cairn/changes/add-gui-helper-plugin/specs/valence-hyperion-integration/spec.md"
  ],
  "dry_run": false,
  "input_hash": "de261cfffd0357258745b0f1a10e03cbc6191af1f746014040a1d273ba490d84",
  "layout": "cairn",
  "mutated": true,
  "mutation_manifest": {
    "after": {
      "entries": [
        {
          "content_hash": "a410b9fc672daade085d9fd8b0f87203f03b1bb8d3cbaae2f861863cadc17410",
          "exists": true,
          "path": "./cairn/specs/valence-hyperion-integration/spec.md"
        }
      ],
      "manifest_hash": "9fa54c96cee24381018ee46bfcd4db31c5fa2780d9fffae4ed99a8006cefa380"
    },
    "before": {
      "entries": [
        {
          "content_hash": "a410b9fc672daade085d9fd8b0f87203f03b1bb8d3cbaae2f861863cadc17410",
          "exists": true,
          "path": "./cairn/specs/valence-hyperion-integration/spec.md"
        }
      ],
      "manifest_hash": "9fa54c96cee24381018ee46bfcd4db31c5fa2780d9fffae4ed99a8006cefa380"
    },
    "kind": "sync",
    "manifest_hash": "2a7be0a8f71ca70ae7edaca38ef7961009783885cd776da0c3359ca2b21c4453"
  },
  "plan_hash": "ccc2031dd0cd4e15e90b685026a234ea07ca026e0ddb9eb1cdd8341559c9f0dc",
  "policy": "cairn-default",
  "policy_hash": "a210ed841d260e0bf026f3c67ec810216b6409cfe6036f9132b51cc4e3176618",
  "reasons": [],
  "receipt_hash": "1b73c35823657b8c0cd7f116f2e74ff1bd60603c3ba4ea98b49b6312cc4ced00"
}

exit_status=0
