COMMAND: nix run .#cairn -- sync split-root-readme-docs --root .
{
  "actions": [
    {
      "description": "merge delta spec into main specs: ./cairn/changes/split-root-readme-docs/specs/repository-layout/spec.md",
      "kind": "sync_delta_spec",
      "path": "./cairn/changes/split-root-readme-docs/specs/repository-layout/spec.md"
    }
  ],
  "blocked": false,
  "change": "split-root-readme-docs",
  "delta_specs": [
    "./cairn/changes/split-root-readme-docs/specs/repository-layout/spec.md"
  ],
  "dry_run": true,
  "input_hash": "fbff0bdb83f118d663905300a4f4666ea05b6480137918b26c10dc7138edf499",
  "layout": "cairn",
  "mutated": false,
  "mutation_manifest": null,
  "plan_hash": "8d8c144a333630ae5d52249348f8ba3b18bfd5bf7dc65a9713d3b4d7e9b4d510",
  "policy": "cairn-default",
  "policy_hash": "a210ed841d260e0bf026f3c67ec810216b6409cfe6036f9132b51cc4e3176618",
  "reasons": [],
  "receipt_hash": "6f0238cd1d0de6bd2ed1e67c952b642191316a4d196a489a12ba639f2172fc09"
}
exit_status=0
