COMMAND: CAIRN_ARCHIVE_DATE=2026-06-24 nix run .#cairn -- archive split-root-readme-docs --root . --execute
{
  "actions": [
    {
      "description": "move active change to archive: split-root-readme-docs",
      "kind": "archive_change",
      "path": "./cairn/archive/2026-06-24-split-root-readme-docs"
    }
  ],
  "blocked": false,
  "change": "split-root-readme-docs",
  "dry_run": false,
  "input_hash": "fbff0bdb83f118d663905300a4f4666ea05b6480137918b26c10dc7138edf499",
  "layout": "cairn",
  "mutated": true,
  "mutation_manifest": {
    "after": {
      "entries": [
        {
          "content_hash": "bc9fe5e831b87ae96476bea3297a4d811909c70ec560ee21ab23fe6c961eddb7",
          "exists": true,
          "path": "./cairn/archive/2026-06-24-split-root-readme-docs/design.md"
        },
        {
          "content_hash": "6179a082c48b5e2767695db91dea5067368f9d50d471469a96dd3a46fbda99c6",
          "exists": true,
          "path": "./cairn/archive/2026-06-24-split-root-readme-docs/proposal.md"
        },
        {
          "content_hash": "d888bf26618f1a538112cd85cb7e8231b5d9476fa379ae31e172e21e17c917b7",
          "exists": true,
          "path": "./cairn/archive/2026-06-24-split-root-readme-docs/specs/repository-layout/spec.md"
        },
        {
          "content_hash": "14dc835e1c8d3a35533c045e9d731cbeda6d50798e746711b7c6ea6abbaf7684",
          "exists": true,
          "path": "./cairn/archive/2026-06-24-split-root-readme-docs/tasks.md"
        },
        {
          "content_hash": null,
          "exists": false,
          "path": "./cairn/changes/split-root-readme-docs"
        }
      ],
      "manifest_hash": "be6c1ca97155fe320e8bacd2d6945e90d8b3bc3c31f0f6dda3cc2a25bc04efab"
    },
    "before": {
      "entries": [
        {
          "content_hash": "bc9fe5e831b87ae96476bea3297a4d811909c70ec560ee21ab23fe6c961eddb7",
          "exists": true,
          "path": "./cairn/changes/split-root-readme-docs/design.md"
        },
        {
          "content_hash": "6179a082c48b5e2767695db91dea5067368f9d50d471469a96dd3a46fbda99c6",
          "exists": true,
          "path": "./cairn/changes/split-root-readme-docs/proposal.md"
        },
        {
          "content_hash": "d888bf26618f1a538112cd85cb7e8231b5d9476fa379ae31e172e21e17c917b7",
          "exists": true,
          "path": "./cairn/changes/split-root-readme-docs/specs/repository-layout/spec.md"
        },
        {
          "content_hash": "14dc835e1c8d3a35533c045e9d731cbeda6d50798e746711b7c6ea6abbaf7684",
          "exists": true,
          "path": "./cairn/changes/split-root-readme-docs/tasks.md"
        }
      ],
      "manifest_hash": "cdc1566ddfe8750edbb66349833b16cc3701ac9847e7a765b34e5e5cf02d89e9"
    },
    "kind": "archive",
    "manifest_hash": "8a434ad0d5c3bb662cd47d08f88730f61271c07cc238cb178042e7e8951e294e"
  },
  "plan_hash": "101a863ab6f32dbb3e461eb65121505c2d526a9cf14cef4684508f368806f00a",
  "policy": "cairn-default",
  "policy_hash": "a210ed841d260e0bf026f3c67ec810216b6409cfe6036f9132b51cc4e3176618",
  "reasons": [],
  "receipt_hash": "0c72d792528828c5871ffe3eec1d4d269d670b61964dc3ecd70d7089ea5d015c"
}
exit_status=0

COMMAND: nix run .#cairn -- validate --root .
{
  "change_issues": [],
  "changes": 3,
  "issues": [],
  "layout": "cairn",
  "policy": "cairn-default",
  "spec_issues": [],
  "specs_validated": 7,
  "valid": true
}
exit_status=0

