# Gameplay plugin composition sync execute
date_utc=2026-06-26T19:05:20Z
cwd=/home/brittonr/git/mc
changes=introduce-shared-gameplay-plugin-contracts scope-gameplay-plugins-to-arenas separate-gameplay-config-sources
command=nix run .#cairn -- sync introduce-shared-gameplay-plugin-contracts --root . --execute
{
  "actions": [
    {
      "description": "merge delta spec into main specs: ./cairn/changes/introduce-shared-gameplay-plugin-contracts/specs/valence-bevy-ecs/spec.md",
      "kind": "sync_delta_spec",
      "path": "./cairn/changes/introduce-shared-gameplay-plugin-contracts/specs/valence-bevy-ecs/spec.md"
    }
  ],
  "blocked": false,
  "change": "introduce-shared-gameplay-plugin-contracts",
  "delta_specs": [
    "./cairn/changes/introduce-shared-gameplay-plugin-contracts/specs/valence-bevy-ecs/spec.md"
  ],
  "dry_run": false,
  "input_hash": "ef38e5ba80d276c3d3c50d51e1b2c44122cbcde208094ea8038000d183eaa174",
  "layout": "cairn",
  "mutated": true,
  "mutation_manifest": {
    "after": {
      "entries": [
        {
          "content_hash": "8254e34251093fa21db4a7a63f1a024575ff49b8b8286d30ea8687bc80059abf",
          "exists": true,
          "path": "./cairn/specs/valence-bevy-ecs/spec.md"
        }
      ],
      "manifest_hash": "61b9c4b0742d5f033f97b49ea5d394cc3369b90ce1e9e4aa40b0295feccba681"
    },
    "before": {
      "entries": [
        {
          "content_hash": "8254e34251093fa21db4a7a63f1a024575ff49b8b8286d30ea8687bc80059abf",
          "exists": true,
          "path": "./cairn/specs/valence-bevy-ecs/spec.md"
        }
      ],
      "manifest_hash": "61b9c4b0742d5f033f97b49ea5d394cc3369b90ce1e9e4aa40b0295feccba681"
    },
    "kind": "sync",
    "manifest_hash": "5bc37ad1ebcfa5705999610aca74da90a3aeffee471f958cde81e3a3bc32ff8f"
  },
  "plan_hash": "7a7355f9fdd7864c17b41572ae45544220b5a61e71f2e01acccd36b60519b6e2",
  "policy": "cairn-default",
  "policy_hash": "a210ed841d260e0bf026f3c67ec810216b6409cfe6036f9132b51cc4e3176618",
  "reasons": [],
  "receipt_hash": "aebddd0f491accf367a83168f35ac18b01717e18f4f9f8acc1add26d8d507099"
}
sync_introduce-shared-gameplay-plugin-contracts_execute_exit_status=0
command=nix run .#cairn -- sync scope-gameplay-plugins-to-arenas --root . --execute
{
  "actions": [
    {
      "description": "merge delta spec into main specs: ./cairn/changes/scope-gameplay-plugins-to-arenas/specs/valence-bevy-ecs/spec.md",
      "kind": "sync_delta_spec",
      "path": "./cairn/changes/scope-gameplay-plugins-to-arenas/specs/valence-bevy-ecs/spec.md"
    }
  ],
  "blocked": false,
  "change": "scope-gameplay-plugins-to-arenas",
  "delta_specs": [
    "./cairn/changes/scope-gameplay-plugins-to-arenas/specs/valence-bevy-ecs/spec.md"
  ],
  "dry_run": false,
  "input_hash": "726ab09793cdf379db2ed3173602b6678e609b4ded9c53969c2649f2abc0c2d3",
  "layout": "cairn",
  "mutated": true,
  "mutation_manifest": {
    "after": {
      "entries": [
        {
          "content_hash": "8254e34251093fa21db4a7a63f1a024575ff49b8b8286d30ea8687bc80059abf",
          "exists": true,
          "path": "./cairn/specs/valence-bevy-ecs/spec.md"
        }
      ],
      "manifest_hash": "61b9c4b0742d5f033f97b49ea5d394cc3369b90ce1e9e4aa40b0295feccba681"
    },
    "before": {
      "entries": [
        {
          "content_hash": "8254e34251093fa21db4a7a63f1a024575ff49b8b8286d30ea8687bc80059abf",
          "exists": true,
          "path": "./cairn/specs/valence-bevy-ecs/spec.md"
        }
      ],
      "manifest_hash": "61b9c4b0742d5f033f97b49ea5d394cc3369b90ce1e9e4aa40b0295feccba681"
    },
    "kind": "sync",
    "manifest_hash": "5bc37ad1ebcfa5705999610aca74da90a3aeffee471f958cde81e3a3bc32ff8f"
  },
  "plan_hash": "aa2f96204deed5f9ef298dd85920880419c5b379271415e8ef40e01ad9363789",
  "policy": "cairn-default",
  "policy_hash": "a210ed841d260e0bf026f3c67ec810216b6409cfe6036f9132b51cc4e3176618",
  "reasons": [],
  "receipt_hash": "d3d1475e07eb73c29adbe8613c0f13b26c1bed30ca1dd23c37ae8346ab97e25c"
}
sync_scope-gameplay-plugins-to-arenas_execute_exit_status=0
command=nix run .#cairn -- sync separate-gameplay-config-sources --root . --execute
{
  "actions": [
    {
      "description": "merge delta spec into main specs: ./cairn/changes/separate-gameplay-config-sources/specs/valence-bevy-ecs/spec.md",
      "kind": "sync_delta_spec",
      "path": "./cairn/changes/separate-gameplay-config-sources/specs/valence-bevy-ecs/spec.md"
    }
  ],
  "blocked": false,
  "change": "separate-gameplay-config-sources",
  "delta_specs": [
    "./cairn/changes/separate-gameplay-config-sources/specs/valence-bevy-ecs/spec.md"
  ],
  "dry_run": false,
  "input_hash": "8b00904f3b92e3e292910801ae481289b226e64c4320daeadd8520cd5998887d",
  "layout": "cairn",
  "mutated": true,
  "mutation_manifest": {
    "after": {
      "entries": [
        {
          "content_hash": "8254e34251093fa21db4a7a63f1a024575ff49b8b8286d30ea8687bc80059abf",
          "exists": true,
          "path": "./cairn/specs/valence-bevy-ecs/spec.md"
        }
      ],
      "manifest_hash": "61b9c4b0742d5f033f97b49ea5d394cc3369b90ce1e9e4aa40b0295feccba681"
    },
    "before": {
      "entries": [
        {
          "content_hash": "8254e34251093fa21db4a7a63f1a024575ff49b8b8286d30ea8687bc80059abf",
          "exists": true,
          "path": "./cairn/specs/valence-bevy-ecs/spec.md"
        }
      ],
      "manifest_hash": "61b9c4b0742d5f033f97b49ea5d394cc3369b90ce1e9e4aa40b0295feccba681"
    },
    "kind": "sync",
    "manifest_hash": "5bc37ad1ebcfa5705999610aca74da90a3aeffee471f958cde81e3a3bc32ff8f"
  },
  "plan_hash": "47fbd25f19263b79e60738606f67a8fa1104b76be4ac06aeeda8e6b507fb3fd4",
  "policy": "cairn-default",
  "policy_hash": "a210ed841d260e0bf026f3c67ec810216b6409cfe6036f9132b51cc4e3176618",
  "reasons": [],
  "receipt_hash": "338d05e8ed274dd535ea945b5b1538c88935b2ad76e411c8c7ceaaed37929840"
}
sync_separate-gameplay-config-sources_execute_exit_status=0
exit_status=0
