# gate-optional-fixtures-with-run-conditions focused implementation checks
started_at=2026-06-26T04:46:51Z

## cargo test --example survival_compat survival_
warning: unknown lint: `path_segment_repetition`
  --> crates/valence_text/src/color/mod.rs:12:9
   |
12 | #[allow(path_segment_repetition)]
   |         ^^^^^^^^^^^^^^^^^^^^^^^
   |
   = note: `#[warn(unknown_lints)]` on by default

warning: unknown lint: `path_segment_repetition`
  --> crates/valence_text/src/color/mod.rs:28:9
   |
28 | #[allow(path_segment_repetition)]
   |         ^^^^^^^^^^^^^^^^^^^^^^^

warning: unknown lint: `path_segment_repetition`
  --> crates/valence_text/src/color/mod.rs:41:9
   |
41 | #[allow(path_segment_repetition)]
   |         ^^^^^^^^^^^^^^^^^^^^^^^

warning: unknown lint: `path_segment_repetition`
  --> crates/valence_text/src/color/mod.rs:81:9
   |
81 | #[allow(path_segment_repetition)]
   |         ^^^^^^^^^^^^^^^^^^^^^^^

warning: unknown lint: `deref_polymorphism`
 --> crates/valence_text/src/ops.rs:2:9
  |
2 | #[allow(deref_polymorphism)]
  |         ^^^^^^^^^^^^^^^^^^

warning: `valence_text` (lib) generated 5 warnings
warning: unknown lint: `path_segment_repetition`
 --> crates/valence_inventory/src/slots.rs:4:9
  |
4 | #[allow(path_segment_repetition)]
  |         ^^^^^^^^^^^^^^^^^^^^^^^
  |
  = note: `#[warn(unknown_lints)]` on by default

warning: `valence_inventory` (lib) generated 1 warning
   Compiling valence v0.2.0-alpha.1+mc.1.20.1 (/home/brittonr/git/mc/servers/valence)
warning: function `is_survival_crafting_result` is never used
    --> examples/survival_compat.rs:2379:4
     |
2379 | fn is_survival_crafting_result(stack: &ItemStack) -> bool {
     |    ^^^^^^^^^^^^^^^^^^^^^^^^^^^
     |
     = note: `#[warn(dead_code)]` (part of `#[warn(unused)]`) on by default

warning: function `is_survival_furnace_output` is never used
    --> examples/survival_compat.rs:2588:4
     |
2588 | fn is_survival_furnace_output(stack: &ItemStack) -> bool {
     |    ^^^^^^^^^^^^^^^^^^^^^^^^^^

warning: method `opponent` is never used
  --> examples/fixture_core/ctf.rs:15:12
   |
 7 | impl Team {
   | --------- method in this implementation
...
15 |     pub fn opponent(self) -> Self {
   |            ^^^^^^^^

warning: method `label` is never used
  --> examples/fixture_core/ctf.rs:30:12
   |
29 | impl FlagPresence {
   | ----------------- method in this implementation
30 |     pub fn label(self) -> &'static str {
   |            ^^^^^

warning: method `for_team` is never used
  --> examples/fixture_core/ctf.rs:45:12
   |
44 | impl ScoreSnapshot {
   | ------------------ method in this implementation
45 |     pub fn for_team(self, team: Team) -> u32 {
   |            ^^^^^^^^

warning: function `race_duplicate_pickup_blocked` is never used
  --> examples/fixture_core/ctf.rs:89:8
   |
89 | pub fn race_duplicate_pickup_blocked(accepted_username_present: bool) -> bool {
   |        ^^^^^^^^^^^^^^^^^^^^^^^^^^^^^

warning: fields `red_slot37_resource` and `blue_slot37_resource` are never read
   --> examples/fixture_core/ctf.rs:210:9
    |
204 | pub struct SpawnResetContract {
    |            ------------------ fields in this struct
...
210 |     pub red_slot37_resource: &'static str,
    |         ^^^^^^^^^^^^^^^^^^^
211 |     pub blue_slot37_resource: &'static str,
    |         ^^^^^^^^^^^^^^^^^^^^

warning: function `spawn_team_assignment_milestone` is never used
   --> examples/fixture_core/ctf.rs:216:8
    |
216 | pub fn spawn_team_assignment_milestone(
    |        ^^^^^^^^^^^^^^^^^^^^^^^^^^^^^^^

warning: function `invalid_flag_pickup_rejection_milestone` is never used
   --> examples/fixture_core/ctf.rs:294:8
    |
294 | pub fn invalid_flag_pickup_rejection_milestone(
    |        ^^^^^^^^^^^^^^^^^^^^^^^^^^^^^^^^^^^^^^^

warning: function `invalid_return_drop_rejection_milestone` is never used
   --> examples/fixture_core/ctf.rs:316:8
    |
316 | pub fn invalid_return_drop_rejection_milestone(
    |        ^^^^^^^^^^^^^^^^^^^^^^^^^^^^^^^^^^^^^^^

warning: function `score_limit_pre_state_milestone` is never used
   --> examples/fixture_core/ctf.rs:339:8
    |
339 | pub fn score_limit_pre_state_milestone(score: ScoreSnapshot, score_limit: u32...
    |        ^^^^^^^^^^^^^^^^^^^^^^^^^^^^^^^

warning: function `score_limit_final_capture_milestone` is never used
   --> examples/fixture_core/ctf.rs:346:8
    |
346 | pub fn score_limit_final_capture_milestone(
    |        ^^^^^^^^^^^^^^^^^^^^^^^^^^^^^^^^^^^

warning: function `score_limit_post_win_score_mutation_milestone` is never used
   --> examples/fixture_core/ctf.rs:396:8
    |
396 | pub fn score_limit_post_win_score_mutation_milestone(username: &str, winning_...
    |        ^^^^^^^^^^^^^^^^^^^^^^^^^^^^^^^^^^^^^^^^^^^^^

warning: variant `Other` is never constructed
   --> examples/fixture_core/ctf.rs:408:5
    |
406 | pub enum InventoryProbeItem {
    |          ------------------ variant in this enum
407 |     ExpectedStackItem,
408 |     Other,
    |     ^^^^^
    |
    = note: `InventoryProbeItem` has derived impls for the traits `Debug` and `Clone`, but these are intentionally ignored during dead code analysis

warning: variant `Other` is never constructed
   --> examples/fixture_core/ctf.rs:416:5
    |
413 | pub enum InventoryClickMode {
    |          ------------------ variant in this enum
...
416 |     Other,
    |     ^^^^^
    |
    = note: `InventoryClickMode` has derived impls for the traits `Debug` and `Clone`, but these are intentionally ignored during dead code analysis

warning: variant `Empty` is never constructed
   --> examples/fixture_core/ctf.rs:674:5
    |
671 | pub enum ArmorState {
    |          ---------- variant in this enum
...
674 |     Empty,
    |     ^^^^^
    |
    = note: `ArmorState` has derived impls for the traits `Debug` and `Clone`, but these are intentionally ignored during dead code analysis

warning: unreachable `pub` item
 --> examples/fixture_core/mod.rs:8:1
  |
8 | pub mod ctf;
  | ---^^^^^^^^
  | |
  | help: consider restricting its visibility: `pub(crate)`
  |
  = help: or consider exporting it for use by other crates
  = note: requested on the command line with `-W unreachable-pub`

warning: unreachable `pub` item
 --> examples/fixture_core/mod.rs:9:1
  |
9 | pub mod survival;
  | ---^^^^^^^^^^^^^
  | |
  | help: consider restricting its visibility: `pub(crate)`
  |
  = help: or consider exporting it for use by other crates

warning: unreachable `pub` item
 --> examples/fixture_core/ctf.rs:2:1
  |
2 | pub enum Team {
  | ---^^^^^^^^^^
  | |
  | help: consider restricting its visibility: `pub(crate)`
  |
  = help: or consider exporting it for use by other crates

warning: unreachable `pub` item
 --> examples/fixture_core/ctf.rs:8:5
  |
8 |     pub fn label(self) -> &'static str {
  |     ---^^^^^^^^^^^^^^^^^^^^^^^^^^^^^^^
  |     |
  |     help: consider restricting its visibility: `pub(crate)`

warning: unreachable `pub` item
  --> examples/fixture_core/ctf.rs:15:5
   |
15 |     pub fn opponent(self) -> Self {
   |     ---^^^^^^^^^^^^^^^^^^^^^^^^^^
   |     |
   |     help: consider restricting its visibility: `pub(crate)`

warning: unreachable `pub` item
  --> examples/fixture_core/ctf.rs:24:1
   |
24 | pub enum FlagPresence {
   | ---^^^^^^^^^^^^^^^^^^
   | |
   | help: consider restricting its visibility: `pub(crate)`
   |
   = help: or consider exporting it for use by other crates

warning: unreachable `pub` item
  --> examples/fixture_core/ctf.rs:30:5
   |
30 |     pub fn label(self) -> &'static str {
   |     ---^^^^^^^^^^^^^^^^^^^^^^^^^^^^^^^
   |     |
   |     help: consider restricting its visibility: `pub(crate)`

warning: unreachable `pub` item
  --> examples/fixture_core/ctf.rs:39:1
   |
39 | pub struct ScoreSnapshot {
   | ---^^^^^^^^^^^^^^^^^^^^^
   | |
   | help: consider restricting its visibility: `pub(crate)`
   |
   = help: or consider exporting it for use by other crates

warning: unreachable `pub` item
  --> examples/fixture_core/ctf.rs:45:5
   |
45 |     pub fn for_team(self, team: Team) -> u32 {
   |     ---^^^^^^^^^^^^^^^^^^^^^^^^^^^^^^^^^^^^^
   |     |
   |     help: consider restricting its visibility: `pub(crate)`

warning: unreachable `pub` item
  --> examples/fixture_core/ctf.rs:54:1
   |
54 | pub struct FlagSnapshot {
   | ---^^^^^^^^^^^^^^^^^^^^
   | |
   | help: consider restricting its visibility: `pub(crate)`
   |
   = help: or consider exporting it for use by other crates

warning: unreachable `pub` item
  --> examples/fixture_core/ctf.rs:60:5
   |
60 |     pub fn for_team(self, team: Team) -> FlagPresence {
   |     ---^^^^^^^^^^^^^^^^^^^^^^^^^^^^^^^^^^^^^^^^^^^^^^
   |     |
   |     help: consider restricting its visibility: `pub(crate)`

warning: unreachable `pub` item
  --> examples/fixture_core/ctf.rs:69:1
   |
69 | pub enum FlagPickupDecision {
   | ---^^^^^^^^^^^^^^^^^^^^^^^^
   | |
   | help: consider restricting its visibility: `pub(crate)`
   |
   = help: or consider exporting it for use by other crates

warning: unreachable `pub` item
  --> examples/fixture_core/ctf.rs:75:1
   |
75 |   pub fn evaluate_flag_pickup(
   |   ^--
   |   |
   |  _help: consider restricting its visibility: `pub(crate)`
   | |
76 | |     player_team: Team,
77 | |     flag_team: Team,
78 | |     flag_presence: FlagPresence,
79 | | ) -> FlagPickupDecision {
   | |_______________________^
   |
   = help: or consider exporting it for use by other crates

warning: unreachable `pub` item
  --> examples/fixture_core/ctf.rs:89:1
   |
89 | pub fn race_duplicate_pickup_blocked(accepted_username_present: bool) -> bool {
   | ---^^^^^^^^^^^^^^^^^^^^^^^^^^^^^^^^^^^^^^^^^^^^^^^^^^^^^^^^^^^^^^^^^^^^^^^^^^
   | |
   | help: consider restricting its visibility: `pub(crate)`
   |
   = help: or consider exporting it for use by other crates

warning: unreachable `pub` item
  --> examples/fixture_core/ctf.rs:93:1
   |
93 |   pub fn race_accepted_transition_milestone(
   |   ^--
   |   |
   |  _help: consider restricting its visibility: `pub(crate)`
   | |
94 | |     username: &str,
95 | |     player_team: Team,
96 | |     flag_team: Team,
97 | |     accepted_transition: &str,
98 | |     race_window_ticks: u32,
99 | | ) -> String {
   | |___________^
   |
   = help: or consider exporting it for use by other crates

warning: unreachable `pub` item
   --> examples/fixture_core/ctf.rs:111:1
    |
111 |   pub fn race_rejected_transition_milestone(
    |   ^--
    |   |
    |  _help: consider restricting its visibility: `pub(crate)`
    | |
112 | |     username: &str,
113 | |     player_team: Team,
114 | |     flag_team: Team,
115 | |     rejected_transition: &str,
116 | |     race_window_ticks: u32,
117 | | ) -> String {
    | |___________^
    |
    = help: or consider exporting it for use by other crates

warning: unreachable `pub` item
   --> examples/fixture_core/ctf.rs:129:1
    |
129 | pub struct RaceFinalContract<'a> {
    | ---^^^^^^^^^^^^^^^^^^^^^^^^^^^^^
    | |
    | help: consider restricting its visibility: `pub(crate)`
    |
    = help: or consider exporting it for use by other crates

warning: unreachable `pub` item
   --> examples/fixture_core/ctf.rs:140:1
    |
140 |   pub fn race_final_state_milestone(
    |   ^--
    |   |
    |  _help: consider restricting its visibility: `pub(crate)`
    | |
141 | |     accepted_username: &str,
142 | |     rejected_username: &str,
143 | |     capture_username: &str,
...   |
148 | |     contract: RaceFinalContract<'_>,
149 | | ) -> Option<String> {
    | |___________________^
    |
    = help: or consider exporting it for use by other crates

warning: unreachable `pub` item
   --> examples/fixture_core/ctf.rs:182:1
    |
182 | pub struct SpawnResetState {
    | ---^^^^^^^^^^^^^^^^^^^^^^^
    | |
    | help: consider restricting its visibility: `pub(crate)`
    |
    = help: or consider exporting it for use by other crates

warning: unreachable `pub` item
   --> examples/fixture_core/ctf.rs:190:5
    |
190 |     pub fn record_assignment(&mut self, username: &str, team: Team) {
    |     ---^^^^^^^^^^^^^^^^^^^^^^^^^^^^^^^^^^^^^^^^^^^^^^^^^^^^^^^^^^^^
    |     |
    |     help: consider restricting its visibility: `pub(crate)`

warning: unreachable `pub` item
   --> examples/fixture_core/ctf.rs:204:1
    |
204 | pub struct SpawnResetContract {
    | ---^^^^^^^^^^^^^^^^^^^^^^^^^^
    | |
    | help: consider restricting its visibility: `pub(crate)`
    |
    = help: or consider exporting it for use by other crates

warning: unreachable `pub` item
   --> examples/fixture_core/ctf.rs:216:1
    |
216 |   pub fn spawn_team_assignment_milestone(
    |   ^--
    |   |
    |  _help: consider restricting its visibility: `pub(crate)`
    | |
217 | |     username: &str,
218 | |     team: Team,
219 | |     red_count: u32,
...   |
222 | |     slot37_resource: &str,
223 | | ) -> String {
    | |___________^
    |
    = help: or consider exporting it for use by other crates

warning: unreachable `pub` item
   --> examples/fixture_core/ctf.rs:237:1
    |
237 |   pub fn spawn_team_balance_milestone(
    |   ^--
    |   |
    |  _help: consider restricting its visibility: `pub(crate)`
    | |
238 | |     state: &SpawnResetState,
239 | |     contract: &SpawnResetContract,
240 | | ) -> Option<String> {
    | |___________________^
    |
    = help: or consider exporting it for use by other crates

warning: unreachable `pub` item
   --> examples/fixture_core/ctf.rs:256:1
    |
256 |   pub fn spawn_resource_reset_state_milestone(
    |   ^--
    |   |
    |  _help: consider restricting its visibility: `pub(crate)`
    | |
257 | |     state: &SpawnResetState,
258 | |     username: &str,
259 | |     team: Team,
...   |
262 | |     contract: &SpawnResetContract,
263 | | ) -> Option<String> {
    | |___________________^
    |
    = help: or consider exporting it for use by other crates

warning: unreachable `pub` item
   --> examples/fixture_core/ctf.rs:290:1
    |
290 | pub fn defer_spawn_assignment(username: &str, team: Team, expected_blue_username: &str) -> bool {
    | ---^^^^^^^^^^^^^^^^^^^^^^^^^^^^^^^^^^^^^^^^^^^^^^^^^^^^^^^^^^^^^^^^^^^^^^^^^^^^^^^^^^^^^^^^^^^^
    | |
    | help: consider restricting its visibility: `pub(crate)`
    |
    = help: or consider exporting it for use by other crates

warning: unreachable `pub` item
   --> examples/fixture_core/ctf.rs:294:1
    |
294 |   pub fn invalid_flag_pickup_rejection_milestone(
    |   ^--
    |   |
    |  _help: consider restricting its visibility: `pub(crate)`
    | |
295 | |     username: &str,
296 | |     player_team: Team,
297 | |     flag_team: Team,
...   |
300 | |     score: ScoreSnapshot,
301 | | ) -> String {
    | |___________^
    |
    = help: or consider exporting it for use by other crates

warning: unreachable `pub` item
   --> examples/fixture_core/ctf.rs:316:1
    |
316 |   pub fn invalid_return_drop_rejection_milestone(
    |   ^--
    |   |
    |  _help: consider restricting its visibility: `pub(crate)`
    | |
317 | |     milestone: &str,
318 | |     username: &str,
319 | |     actor_team: Team,
...   |
323 | |     score: ScoreSnapshot,
324 | | ) -> String {
    | |___________^
    |
    = help: or consider exporting it for use by other crates

warning: unreachable `pub` item
   --> examples/fixture_core/ctf.rs:339:1
    |
339 | pub fn score_limit_pre_state_milestone(score: ScoreSnapshot, score_limit: u32) -> String {
    | ---^^^^^^^^^^^^^^^^^^^^^^^^^^^^^^^^^^^^^^^^^^^^^^^^^^^^^^^^^^^^^^^^^^^^^^^^^^^^^^^^^^^^^
    | |
    | help: consider restricting its visibility: `pub(crate)`
    |
    = help: or consider exporting it for use by other crates

warning: unreachable `pub` item
   --> examples/fixture_core/ctf.rs:346:1
    |
346 |   pub fn score_limit_final_capture_milestone(
    |   ^--
    |   |
    |  _help: consider restricting its visibility: `pub(crate)`
    | |
347 | |     username: &str,
348 | |     capture_team: Team,
349 | |     carried_flag: Team,
350 | |     before: ScoreSnapshot,
351 | |     after: ScoreSnapshot,
352 | | ) -> String {
    | |___________^
    |
    = help: or consider exporting it for use by other crates

warning: unreachable `pub` item
   --> examples/fixture_core/ctf.rs:367:1
    |
367 |   pub fn score_limit_win_condition_milestone(
    |   ^--
    |   |
    |  _help: consider restricting its visibility: `pub(crate)`
    | |
368 | |     username: &str,
369 | |     winning_team: Team,
370 | |     score: ScoreSnapshot,
371 | |     win_emissions: u32,
372 | |     score_limit: u32,
373 | | ) -> String {
    | |___________^
    |
    = help: or consider exporting it for use by other crates

warning: unreachable `pub` item
   --> examples/fixture_core/ctf.rs:387:1
    |
387 | pub fn score_limit_duplicate_win_milestone(username: &str, winning_team: Team) -> String {
    | ---^^^^^^^^^^^^^^^^^^^^^^^^^^^^^^^^^^^^^^^^^^^^^^^^^^^^^^^^^^^^^^^^^^^^^^^^^^^^^^^^^^^^^
    | |
    | help: consider restricting its visibility: `pub(crate)`
    |
    = help: or consider exporting it for use by other crates

warning: unreachable `pub` item
   --> examples/fixture_core/ctf.rs:396:1
    |
396 | pub fn score_limit_post_win_score_mutation_milestone(username: &str, winning_team: Team) -> String {
    | ---^^^^^^^^^^^^^^^^^^^^^^^^^^^^^^^^^^^^^^^^^^^^^^^^^^^^^^^^^^^^^^^^^^^^^^^^^^^^^^^^^^^^^^^^^^^^^^^
    | |
    | help: consider restricting its visibility: `pub(crate)`
    |
    = help: or consider exporting it for use by other crates

warning: unreachable `pub` item
   --> examples/fixture_core/ctf.rs:406:1
    |
406 | pub enum InventoryProbeItem {
    | ---^^^^^^^^^^^^^^^^^^^^^^^^
    | |
    | help: consider restricting its visibility: `pub(crate)`
    |
    = help: or consider exporting it for use by other crates

warning: unreachable `pub` item
   --> examples/fixture_core/ctf.rs:413:1
    |
413 | pub enum InventoryClickMode {
    | ---^^^^^^^^^^^^^^^^^^^^^^^^
    | |
    | help: consider restricting its visibility: `pub(crate)`
    |
    = help: or consider exporting it for use by other crates

warning: unreachable `pub` item
   --> examples/fixture_core/ctf.rs:420:1
    |
420 | pub struct InventoryItemStack {
    | ---^^^^^^^^^^^^^^^^^^^^^^^^^^
    | |
    | help: consider restricting its visibility: `pub(crate)`
    |
    = help: or consider exporting it for use by other crates

warning: unreachable `pub` item
   --> examples/fixture_core/ctf.rs:426:5
    |
426 |     pub fn empty(empty_count: i8) -> Self {
    |     ---^^^^^^^^^^^^^^^^^^^^^^^^^^^^^^^^^^
    |     |
    |     help: consider restricting its visibility: `pub(crate)`

warning: unreachable `pub` item
   --> examples/fixture_core/ctf.rs:435:1
    |
435 | pub struct InventorySlotChange {
    | ---^^^^^^^^^^^^^^^^^^^^^^^^^^^
    | |
    | help: consider restricting its visibility: `pub(crate)`
    |
    = help: or consider exporting it for use by other crates

warning: unreachable `pub` item
   --> examples/fixture_core/ctf.rs:441:1
    |
441 | pub struct InventoryClickSnapshot {
    | ---^^^^^^^^^^^^^^^^^^^^^^^^^^^^^^
    | |
    | help: consider restricting its visibility: `pub(crate)`
    |
    = help: or consider exporting it for use by other crates

warning: unreachable `pub` item
   --> examples/fixture_core/ctf.rs:452:1
    |
452 | pub struct InventoryStackContract {
    | ---^^^^^^^^^^^^^^^^^^^^^^^^^^^^^^
    | |
    | help: consider restricting its visibility: `pub(crate)`
    |
    = help: or consider exporting it for use by other crates

warning: unreachable `pub` item
   --> examples/fixture_core/ctf.rs:464:1
    |
464 | pub struct InventoryStackState {
    | ---^^^^^^^^^^^^^^^^^^^^^^^^^^^
    | |
    | help: consider restricting its visibility: `pub(crate)`
    |
    = help: or consider exporting it for use by other crates

warning: unreachable `pub` item
   --> examples/fixture_core/ctf.rs:471:1
    |
471 | pub enum InventoryStackAction {
    | ---^^^^^^^^^^^^^^^^^^^^^^^^^^
    | |
    | help: consider restricting its visibility: `pub(crate)`
    |
    = help: or consider exporting it for use by other crates

warning: unreachable `pub` item
   --> examples/fixture_core/ctf.rs:478:1
    |
478 |   pub fn classify_inventory_stack_split_merge_event(
    |   ^--
    |   |
    |  _help: consider restricting its visibility: `pub(crate)`
    | |
479 | |     event: &InventoryClickSnapshot,
480 | |     state: InventoryStackState,
481 | |     contract: InventoryStackContract,
482 | | ) -> Option<InventoryStackAction> {
    | |_________________________________^
    |
    = help: or consider exporting it for use by other crates

warning: unreachable `pub` item
   --> examples/fixture_core/ctf.rs:547:1
    |
547 | pub struct InventoryDragContract {
    | ---^^^^^^^^^^^^^^^^^^^^^^^^^^^^^
    | |
    | help: consider restricting its visibility: `pub(crate)`
    |
    = help: or consider exporting it for use by other crates

warning: unreachable `pub` item
   --> examples/fixture_core/ctf.rs:563:1
    |
563 | pub struct InventoryDragState {
    | ---^^^^^^^^^^^^^^^^^^^^^^^^^^
    | |
    | help: consider restricting its visibility: `pub(crate)`
    |
    = help: or consider exporting it for use by other crates

warning: unreachable `pub` item
   --> examples/fixture_core/ctf.rs:571:1
    |
571 | pub enum InventoryDragAction {
    | ---^^^^^^^^^^^^^^^^^^^^^^^^^
    | |
    | help: consider restricting its visibility: `pub(crate)`
    |
    = help: or consider exporting it for use by other crates

warning: unreachable `pub` item
   --> examples/fixture_core/ctf.rs:579:1
    |
579 |   pub fn classify_inventory_drag_transactions_event(
    |   ^--
    |   |
    |  _help: consider restricting its visibility: `pub(crate)`
    | |
580 | |     event: &InventoryClickSnapshot,
581 | |     state: InventoryDragState,
582 | |     contract: InventoryDragContract,
583 | | ) -> Option<InventoryDragAction> {
    | |________________________________^
    |
    = help: or consider exporting it for use by other crates

warning: unreachable `pub` item
   --> examples/fixture_core/ctf.rs:671:1
    |
671 | pub enum ArmorState {
    | ---^^^^^^^^^^^^^^^^
    | |
    | help: consider restricting its visibility: `pub(crate)`
    |
    = help: or consider exporting it for use by other crates

warning: unreachable `pub` item
   --> examples/fixture_core/ctf.rs:677:1
    |
677 |   pub fn reference_hit_for(
    |   ^--
    |   |
    |  _help: consider restricting its visibility: `pub(crate)`
    | |
678 | |     enabled: bool,
679 | |     attacker: &str,
680 | |     victim: &str,
681 | |     expected_attacker: &str,
682 | |     expected_victim: &str,
683 | | ) -> bool {
    | |_________^
    |
    = help: or consider exporting it for use by other crates

warning: unreachable `pub` item
   --> examples/fixture_core/ctf.rs:687:1
    |
687 |   pub fn combat_armor_mitigation_for(
    |   ^--
    |   |
    |  _help: consider restricting its visibility: `pub(crate)`
    | |
688 | |     reference_probe_enabled: bool,
689 | |     armor_probe_enabled: bool,
690 | |     chest_item: ArmorState,
...   |
694 | |     diamond_toughness: f32,
695 | | ) -> f32 {
    | |________^
    |
    = help: or consider exporting it for use by other crates

warning: unreachable `pub` item
   --> examples/fixture_core/ctf.rs:705:1
    |
705 | pub fn vanilla_armor_mitigation_for(base_damage: f32, armor_points: f32, toughness: f32) -> f32 {
    | ---^^^^^^^^^^^^^^^^^^^^^^^^^^^^^^^^^^^^^^^^^^^^^^^^^^^^^^^^^^^^^^^^^^^^^^^^^^^^^^^^^^^^^^^^^^^^
    | |
    | help: consider restricting its visibility: `pub(crate)`
    |
    = help: or consider exporting it for use by other crates

warning: unreachable `pub` item
   --> examples/fixture_core/ctf.rs:716:1
    |
716 | pub fn knockback_metric(knockback_velocity: [f32; KNOCKBACK_VECTOR_COMPONENT_COUNT]) -> f64 {
    | ---^^^^^^^^^^^^^^^^^^^^^^^^^^^^^^^^^^^^^^^^^^^^^^^^^^^^^^^^^^^^^^^^^^^^^^^^^^^^^^^^^^^^^^^^
    | |
    | help: consider restricting its visibility: `pub(crate)`
    |
    = help: or consider exporting it for use by other crates

warning: unreachable `pub` item
 --> examples/fixture_core/survival.rs:2:1
  |
2 | pub enum FixtureGameMode {
  | ---^^^^^^^^^^^^^^^^^^^^^
  | |
  | help: consider restricting its visibility: `pub(crate)`
  |
  = help: or consider exporting it for use by other crates

warning: unreachable `pub` item
 --> examples/fixture_core/survival.rs:8:1
  |
8 | pub enum FixtureHand {
  | ---^^^^^^^^^^^^^^^^^
  | |
  | help: consider restricting its visibility: `pub(crate)`
  |
  = help: or consider exporting it for use by other crates

warning: unreachable `pub` item
  --> examples/fixture_core/survival.rs:14:1
   |
14 | pub enum FixtureDirection {
   | ---^^^^^^^^^^^^^^^^^^^^^^
   | |
   | help: consider restricting its visibility: `pub(crate)`
   |
   = help: or consider exporting it for use by other crates

warning: unreachable `pub` item
  --> examples/fixture_core/survival.rs:20:1
   |
20 | pub enum FixtureDiggingState {
   | ---^^^^^^^^^^^^^^^^^^^^^^^^^
   | |
   | help: consider restricting its visibility: `pub(crate)`
   |
   = help: or consider exporting it for use by other crates

warning: unreachable `pub` item
  --> examples/fixture_core/survival.rs:26:1
   |
26 | pub enum FixtureInteraction {
   | ---^^^^^^^^^^^^^^^^^^^^^^^^
   | |
   | help: consider restricting its visibility: `pub(crate)`
   |
   = help: or consider exporting it for use by other crates

warning: unreachable `pub` item
  --> examples/fixture_core/survival.rs:32:1
   |
32 | pub struct FixtureBlockPos {
   | ---^^^^^^^^^^^^^^^^^^^^^^^
   | |
   | help: consider restricting its visibility: `pub(crate)`
   |
   = help: or consider exporting it for use by other crates

warning: unreachable `pub` item
  --> examples/fixture_core/survival.rs:39:1
   |
39 | pub struct FixtureStack<'a> {
   | ---^^^^^^^^^^^^^^^^^^^^^^^^
   | |
   | help: consider restricting its visibility: `pub(crate)`
   |
   = help: or consider exporting it for use by other crates

warning: unreachable `pub` item
  --> examples/fixture_core/survival.rs:45:1
   |
45 | pub struct FixtureSlotChange<'a> {
   | ---^^^^^^^^^^^^^^^^^^^^^^^^^^^^^
   | |
   | help: consider restricting its visibility: `pub(crate)`
   |
   = help: or consider exporting it for use by other crates

warning: unreachable `pub` item
  --> examples/fixture_core/survival.rs:51:1
   |
51 | pub struct FixtureHungerProfile {
   | ---^^^^^^^^^^^^^^^^^^^^^^^^^^^^
   | |
   | help: consider restricting its visibility: `pub(crate)`
   |
   = help: or consider exporting it for use by other crates

warning: unreachable `pub` item
  --> examples/fixture_core/survival.rs:62:1
   |
62 | pub enum MarkerDecision {
   | ---^^^^^^^^^^^^^^^^^^^^
   | |
   | help: consider restricting its visibility: `pub(crate)`
   |
   = help: or consider exporting it for use by other crates

warning: unreachable `pub` item
  --> examples/fixture_core/survival.rs:68:1
   |
68 |   pub fn should_break_survival_block(
   |   ^--
   |   |
   |  _help: consider restricting its visibility: `pub(crate)`
   | |
69 | |     game_mode: FixtureGameMode,
70 | |     digging_state: FixtureDiggingState,
71 | |     position: FixtureBlockPos,
72 | |     target: FixtureBlockPos,
73 | | ) -> bool {
   | |_________^
   |
   = help: or consider exporting it for use by other crates

warning: unreachable `pub` item
  --> examples/fixture_core/survival.rs:79:1
   |
79 |   pub fn should_place_survival_block(
   |   ^--
   |   |
   |  _help: consider restricting its visibility: `pub(crate)`
   | |
80 | |     game_mode: FixtureGameMode,
81 | |     hand: FixtureHand,
82 | |     position: FixtureBlockPos,
83 | |     face: FixtureDirection,
84 | |     target: FixtureBlockPos,
85 | | ) -> bool {
   | |_________^
   |
   = help: or consider exporting it for use by other crates

warning: unreachable `pub` item
  --> examples/fixture_core/survival.rs:92:1
   |
92 |   pub fn should_open_fixture_container(
   |   ^--
   |   |
   |  _help: consider restricting its visibility: `pub(crate)`
   | |
93 | |     game_mode: FixtureGameMode,
94 | |     hand: FixtureHand,
95 | |     position: FixtureBlockPos,
96 | |     target: FixtureBlockPos,
97 | | ) -> bool {
   | |_________^
   |
   = help: or consider exporting it for use by other crates

warning: unreachable `pub` item
   --> examples/fixture_core/survival.rs:101:1
    |
101 |   pub fn slot_event_matches<'a>(
    |   ^--
    |   |
    |  _help: consider restricting its visibility: `pub(crate)`
    | |
102 | |     window_id: u8,
103 | |     slot_id: i16,
104 | |     slot_changes: &[FixtureSlotChange<'a>],
...   |
107 | |     expected_stack: FixtureStack<'a>,
108 | | ) -> bool {
    | |_________^
    |
    = help: or consider exporting it for use by other crates

warning: unreachable `pub` item
   --> examples/fixture_core/survival.rs:116:1
    |
116 | pub fn stack_matches(observed: FixtureStack<'_>, expected: FixtureStack<'_>) -> bool {
    | ---^^^^^^^^^^^^^^^^^^^^^^^^^^^^^^^^^^^^^^^^^^^^^^^^^^^^^^^^^^^^^^^^^^^^^^^^^^^^^^^^^
    | |
    | help: consider restricting its visibility: `pub(crate)`
    |
    = help: or consider exporting it for use by other crates

warning: unreachable `pub` item
   --> examples/fixture_core/survival.rs:120:1
    |
120 |   pub fn collect_event_matches(
    |   ^--
    |   |
    |  _help: consider restricting its visibility: `pub(crate)`
    | |
121 | |     window_id: u8,
122 | |     slot_id: i16,
123 | |     stack: FixtureStack<'_>,
...   |
126 | |     expected_stack: FixtureStack<'_>,
127 | | ) -> bool {
    | |_________^
    |
    = help: or consider exporting it for use by other crates

warning: unreachable `pub` item
   --> examples/fixture_core/survival.rs:133:1
    |
133 |   pub fn should_emit_furnace_breadth_rejection(
    |   ^--
    |   |
    |  _help: consider restricting its visibility: `pub(crate)`
    | |
134 | |     collect_logged: bool,
135 | |     invalid_rejection_logged: bool,
136 | | ) -> bool {
    | |_________^
    |
    = help: or consider exporting it for use by other crates

warning: unreachable `pub` item
   --> examples/fixture_core/survival.rs:140:1
    |
140 |   pub fn should_reject_furnace_invalid_fuel(
    |   ^--
    |   |
    |  _help: consider restricting its visibility: `pub(crate)`
    | |
141 | |     breadth_enabled: bool,
142 | |     collect_logged: bool,
143 | |     window_id: u8,
...   |
146 | |     expected_fuel_slot_id: i16,
147 | | ) -> bool {
    | |_________^
    |
    = help: or consider exporting it for use by other crates

warning: unreachable `pub` item
   --> examples/fixture_core/survival.rs:154:1
    |
154 |   pub fn select_hunger_profile(
    |   ^--
    |   |
    |  _help: consider restricting its visibility: `pub(crate)`
    | |
155 | |     food_enabled: bool,
156 | |     health_enabled: bool,
157 | |     food_profile: FixtureHungerProfile,
158 | |     health_profile: FixtureHungerProfile,
159 | | ) -> Option<FixtureHungerProfile> {
    | |_________________________________^
    |
    = help: or consider exporting it for use by other crates

warning: unreachable `pub` item
   --> examples/fixture_core/survival.rs:170:1
    |
170 | pub struct HungerUseInput<'a> {
    | ---^^^^^^^^^^^^^^^^^^^^^^^^^^
    | |
    | help: consider restricting its visibility: `pub(crate)`
    |
    = help: or consider exporting it for use by other crates

warning: unreachable `pub` item
   --> examples/fixture_core/survival.rs:181:1
    |
181 | pub struct HungerUseContract<'a> {
    | ---^^^^^^^^^^^^^^^^^^^^^^^^^^^^^
    | |
    | help: consider restricting its visibility: `pub(crate)`
    |
    = help: or consider exporting it for use by other crates

warning: unreachable `pub` item
   --> examples/fixture_core/survival.rs:187:1
    |
187 |   pub fn should_consume_hunger_food(
    |   ^--
    |   |
    |  _help: consider restricting its visibility: `pub(crate)`
    | |
188 | |     profile: FixtureHungerProfile,
189 | |     input: HungerUseInput<'_>,
190 | |     contract: HungerUseContract<'_>,
191 | | ) -> bool {
    | |_________^
    |
    = help: or consider exporting it for use by other crates

warning: unreachable `pub` item
   --> examples/fixture_core/survival.rs:201:1
    |
201 |   pub fn should_handle_mob_drop_attack(
    |   ^--
    |   |
    |  _help: consider restricting its visibility: `pub(crate)`
    | |
202 | |     game_mode: FixtureGameMode,
203 | |     interaction: FixtureInteraction,
204 | |     target_entity_id: u32,
205 | |     fixture_entity_id: u32,
206 | | ) -> bool {
    | |_________^
    |
    = help: or consider exporting it for use by other crates

warning: unreachable `pub` item
   --> examples/fixture_core/survival.rs:212:1
    |
212 | pub fn evaluate_marker_decision(post_restart: bool, marker_present: bool) -> MarkerDecision {
    | ---^^^^^^^^^^^^^^^^^^^^^^^^^^^^^^^^^^^^^^^^^^^^^^^^^^^^^^^^^^^^^^^^^^^^^^^^^^^^^^^^^^^^^^^^
    | |
    | help: consider restricting its visibility: `pub(crate)`
    |
    = help: or consider exporting it for use by other crates

warning: unreachable `pub` item
   --> examples/fixture_core/survival.rs:223:1
    |
223 | pub fn should_place_block_entity_sign(post_restart: bool, marker_present: bool) -> bool {
    | ---^^^^^^^^^^^^^^^^^^^^^^^^^^^^^^^^^^^^^^^^^^^^^^^^^^^^^^^^^^^^^^^^^^^^^^^^^^^^^^^^^^^^
    | |
    | help: consider restricting its visibility: `pub(crate)`
    |
    = help: or consider exporting it for use by other crates

warning: unreachable `pub` item
   --> examples/fixture_core/survival.rs:230:1
    |
230 |   pub fn validate_block_entity_payload(
    |   ^--
    |   |
    |  _help: consider restricting its visibility: `pub(crate)`
    | |
231 | |     lines: &[&str],
232 | |     expected_payload: &str,
233 | |     separator: &str,
234 | |     expected_line_count: usize,
235 | | ) -> Result<(), &'static str> {
    | |_____________________________^
    |
    = help: or consider exporting it for use by other crates

warning: unreachable `pub` item
   --> examples/fixture_core/survival.rs:246:1
    |
246 | pub fn redstone_power_transition(powered: bool) -> bool {
    | ---^^^^^^^^^^^^^^^^^^^^^^^^^^^^^^^^^^^^^^^^^^^^^^^^^^^^
    | |
    | help: consider restricting its visibility: `pub(crate)`
    |
    = help: or consider exporting it for use by other crates

warning: unreachable `pub` item
   --> examples/fixture_core/survival.rs:250:1
    |
250 |   pub fn normalize_environment_id(
    |   ^--
    |   |
    |  _help: consider restricting its visibility: `pub(crate)`
    | |
251 | |     raw: &str,
252 | |     known: &[&'static str],
253 | |     unknown: &'static str,
254 | | ) -> &'static str {
    | |_________________^
    |
    = help: or consider exporting it for use by other crates

warning: unreachable `pub` item
   --> examples/fixture_core/survival.rs:263:1
    |
263 |   pub fn derive_environment_id(
    |   ^--
    |   |
    |  _help: consider restricting its visibility: `pub(crate)`
    | |
264 | |     spawn_environment: &str,
265 | |     environment_identifier: &str,
266 | |     known: &[&'static str],
267 | |     unknown: &'static str,
268 | | ) -> &'static str {
    | |_________________^
    |
    = help: or consider exporting it for use by other crates

warning: unreachable `pub` item
   --> examples/fixture_core/survival.rs:276:1
    |
276 |   pub fn biome_dimension_state_milestone(
    |   ^--
    |   |
    |  _help: consider restricting its visibility: `pub(crate)`
    | |
277 | |     username: &str,
278 | |     spawn_environment: &str,
279 | |     environment_identifier: &str,
280 | |     derived_environment: &str,
281 | | ) -> String {
    | |___________^
    |
    = help: or consider exporting it for use by other crates

warning: `valence` (example "survival_compat" test) generated 97 warnings (run `cargo fix --example "survival_compat" -p valence --tests` to apply 81 suggestions)
    Finished `test` profile [optimized + debuginfo] target(s) in 1.90s
     Running unittests examples/survival_compat.rs (/home/brittonr/.cargo-target/debug/examples/survival_compat-1d51afc0a5a2d6c2)

running 38 tests
test tests::survival_biome_dimension_rejects_unknown_environment_ids ... ok
test fixture_core::survival::tests::block_break_place_and_container_decisions_accept_only_survival_main_target ... ok
test tests::survival_biome_dimension_normalizes_known_environment_ids ... ok
test tests::survival_block_entity_fixture_places_initial_or_persisted_sign_only ... ok
test tests::survival_break_accepts_only_target_stop_destroy ... ok
test tests::survival_chest_opens_only_main_hand_survival_target ... ok
test tests::survival_block_entity_payload_uses_contract_lines ... ok
test tests::disabled_survival_gameplay_plugin_installs_no_contract ... ok
test tests::survival_chest_store_event_requires_exact_slot_window_item ... ok
test tests::survival_crafting_collect_event_requires_result_slot_and_stack ... ok
test tests::survival_crafting_input_event_requires_exact_slot_window ... ok
test tests::survival_crafting_opens_only_main_hand_survival_target ... ok
test tests::survival_furnace_collect_event_requires_output_slot_and_stack ... ok
test tests::survival_furnace_input_and_fuel_events_require_exact_slot_window ... ok
test tests::survival_furnace_invalid_fuel_rejection_requires_breadth_collect_and_fuel_slot ... ok
test tests::survival_furnace_opens_only_main_hand_survival_target ... ok
test tests::survival_gameplay_phase_order_rejects_regression ... ok
test tests::survival_hunger_food_stack_requires_bread_count ... ok
test tests::survival_hunger_food_use_requires_main_hand_sequence_slot_and_pre_state ... ok
test tests::survival_hunger_profile_selects_enabled_contract ... ok
test tests::survival_gameplay_plugin_installs_contract_and_schedules ... ok
test tests::survival_hunger_profile_rejects_disabled_contract ... ok
test tests::survival_mob_drop_attack_requires_survival_attack_on_fixture_mob ... ok
test tests::survival_mob_drop_stack_requires_iron_ingot_count ... ok
test tests::survival_open_container_component_matches_active_fixture ... ok
test tests::survival_redstone_toggle_accepts_only_main_hand_survival_control ... ok
test tests::survival_open_container_duplicate_open_replaces_previous_fixture ... ok
test tests::survival_place_accepts_only_main_hand_up_on_target ... ok
test tests::survival_runtime_config_diagnostics_cover_conflicts_and_stale_phases ... ok
test tests::survival_world_persistence_stack_requires_dirt_count ... ok
test tests::survival_world_persistence_accepts_only_main_hand_up_on_base ... ok
test tests::survival_redstone_toggle_states_use_powered_properties ... ok
test tests::survival_runtime_config_parser_preserves_fixture_contracts ... ok
test tests::survival_open_container_cleanup_removes_despawned_client_state ... ok
test tests::survival_open_container_reconnect_starts_without_stale_state ... ok
test tests::survival_chest_store_enabled_click_sets_store_logged ... ok
test tests::survival_mob_drop_pickup_run_condition_follows_fixture_resource ... ok
test tests::survival_chest_store_drains_disabled_events_before_runtime_enable ... ok

test result: ok. 38 passed; 0 failed; 0 ignored; 0 measured; 10 filtered out; finished in 0.00s

command_exit_status=0
finished_at=2026-06-26T04:46:53Z
exit_status=0
