# gate-optional-fixtures-with-run-conditions Cairn archive dry-run
started_at=2026-06-26T05:00:02Z

## nix run .#cairn -- archive gate-optional-fixtures-with-run-conditions --root .
{
  "actions": [
    {
      "description": "move active change to archive: gate-optional-fixtures-with-run-conditions",
      "kind": "archive_change",
      "path": "./cairn/changes/gate-optional-fixtures-with-run-conditions"
    }
  ],
  "blocked": false,
  "change": "gate-optional-fixtures-with-run-conditions",
  "dry_run": true,
  "input_hash": "491a59ac7000c2c7bdec33c2fa32101831501190763349ce586fb6d401775e50",
  "layout": "cairn",
  "mutated": false,
  "mutation_manifest": null,
  "plan_hash": "b74883491aab58cb63d4d1cab462c6efc96ceacd931ed627c94ac9f2426a73aa",
  "policy": "cairn-default",
  "policy_hash": "a210ed841d260e0bf026f3c67ec810216b6409cfe6036f9132b51cc4e3176618",
  "reasons": [],
  "receipt_hash": "e689daf2a26f10c7f7b6fe3511d16fe5f71aaacfeb802de910dd75d7c73c9504"
}
command_exit_status=0
finished_at=2026-06-26T05:00:03Z
exit_status=0
