# gate-optional-fixtures-with-run-conditions Cairn archive execute
started_at=2026-06-26T05:00:31Z

## CAIRN_ARCHIVE_DATE=2026-06-26 nix run .#cairn -- archive gate-optional-fixtures-with-run-conditions --root . --execute
{
  "actions": [
    {
      "description": "move active change to archive: gate-optional-fixtures-with-run-conditions",
      "kind": "archive_change",
      "path": "./cairn/archive/2026-06-26-gate-optional-fixtures-with-run-conditions"
    }
  ],
  "blocked": false,
  "change": "gate-optional-fixtures-with-run-conditions",
  "dry_run": false,
  "input_hash": "491a59ac7000c2c7bdec33c2fa32101831501190763349ce586fb6d401775e50",
  "layout": "cairn",
  "mutated": true,
  "mutation_manifest": {
    "after": {
      "entries": [
        {
          "content_hash": "55e5b176158cab0bcab44e2c10f48ef92682e4e78dcbd3e5af891a7e07da65f2",
          "exists": true,
          "path": "./cairn/archive/2026-06-26-gate-optional-fixtures-with-run-conditions/design.md"
        },
        {
          "content_hash": "b649372ba6c77a73057351decc95f6650fcc8f22c631cef4ae8060826995944a",
          "exists": true,
          "path": "./cairn/archive/2026-06-26-gate-optional-fixtures-with-run-conditions/proposal.md"
        },
        {
          "content_hash": "eccd3e0651ec5de0127071c2a5018d2a8cc49a465c35a5fea78c1fa0446b5e21",
          "exists": true,
          "path": "./cairn/archive/2026-06-26-gate-optional-fixtures-with-run-conditions/specs/valence-bevy-ecs/spec.md"
        },
        {
          "content_hash": "18a77c0e2cae57f67fbaa14a3e4ba5ae8500873738c230f3fc21b72ad4a91969",
          "exists": true,
          "path": "./cairn/archive/2026-06-26-gate-optional-fixtures-with-run-conditions/tasks.md"
        },
        {
          "content_hash": null,
          "exists": false,
          "path": "./cairn/changes/gate-optional-fixtures-with-run-conditions"
        }
      ],
      "manifest_hash": "b7abc46658c9ecec7a059f98a3ef69c8381642e458c37fd6ce57d25aa8973cfc"
    },
    "before": {
      "entries": [
        {
          "content_hash": "55e5b176158cab0bcab44e2c10f48ef92682e4e78dcbd3e5af891a7e07da65f2",
          "exists": true,
          "path": "./cairn/changes/gate-optional-fixtures-with-run-conditions/design.md"
        },
        {
          "content_hash": "b649372ba6c77a73057351decc95f6650fcc8f22c631cef4ae8060826995944a",
          "exists": true,
          "path": "./cairn/changes/gate-optional-fixtures-with-run-conditions/proposal.md"
        },
        {
          "content_hash": "eccd3e0651ec5de0127071c2a5018d2a8cc49a465c35a5fea78c1fa0446b5e21",
          "exists": true,
          "path": "./cairn/changes/gate-optional-fixtures-with-run-conditions/specs/valence-bevy-ecs/spec.md"
        },
        {
          "content_hash": "18a77c0e2cae57f67fbaa14a3e4ba5ae8500873738c230f3fc21b72ad4a91969",
          "exists": true,
          "path": "./cairn/changes/gate-optional-fixtures-with-run-conditions/tasks.md"
        }
      ],
      "manifest_hash": "8325c0b83a7c29223f7ca4d8bf9dac052cc0ef7ec98f339f2112fd65746eec6d"
    },
    "kind": "archive",
    "manifest_hash": "02d543e6db2ecec4e7f33d8b609e9fd996bd9a56fff56956b67123b25f59de74"
  },
  "plan_hash": "aeef875a78d2c906b6b5a6c04e7412819c776446d581416fcc527f3e0020cc78",
  "policy": "cairn-default",
  "policy_hash": "a210ed841d260e0bf026f3c67ec810216b6409cfe6036f9132b51cc4e3176618",
  "reasons": [],
  "receipt_hash": "dfd67013f7bc30acc4bd5103b207f538cc09333107f1661854e25e90b957a09e"
}
command_exit_status=0
finished_at=2026-06-26T05:00:31Z
exit_status=0
