cwd=/home/brittonr/git/mc
command=nix run .#cairn -- archive migrate-fixture-state-to-components --root . --yes
{
  "actions": [
    {
      "description": "move active change to archive: migrate-fixture-state-to-components",
      "kind": "archive_change",
      "path": "./cairn/changes/migrate-fixture-state-to-components"
    }
  ],
  "blocked": false,
  "change": "migrate-fixture-state-to-components",
  "dry_run": true,
  "input_hash": "5e33be8c5fe2a29ed306bef67a60d58a0883584e5136ca7586b74089a54c49f4",
  "layout": "cairn",
  "mutated": false,
  "mutation_manifest": null,
  "plan_hash": "0db351e0ad510d7eb76695a3ea16dff5361e4c1fa0e42cee07f90871f51a522a",
  "policy": "cairn-default",
  "policy_hash": "a210ed841d260e0bf026f3c67ec810216b6409cfe6036f9132b51cc4e3176618",
  "reasons": [],
  "receipt_hash": "c88010bee512025c3cc48ffda94676a936b3a716329bf809fcd721a30fd9c1bf"
}
exit_status=0
