cwd=/home/brittonr/git/mc
command=nix run .#cairn -- archive migrate-fixture-state-to-components --root . --execute
{
  "actions": [
    {
      "description": "move active change to archive: migrate-fixture-state-to-components",
      "kind": "archive_change",
      "path": "./cairn/archive/1970-01-01-migrate-fixture-state-to-components"
    }
  ],
  "blocked": false,
  "change": "migrate-fixture-state-to-components",
  "dry_run": false,
  "input_hash": "5e33be8c5fe2a29ed306bef67a60d58a0883584e5136ca7586b74089a54c49f4",
  "layout": "cairn",
  "mutated": true,
  "mutation_manifest": {
    "after": {
      "entries": [
        {
          "content_hash": "d164caa4458f3ca01679d3bdba624ae54b4714c213e123c165ed2007e885cfd5",
          "exists": true,
          "path": "./cairn/archive/1970-01-01-migrate-fixture-state-to-components/design.md"
        },
        {
          "content_hash": "83dcc8e86d82084e274a2c0ff42c2252d101422099d145b16866bd5cc475cdfc",
          "exists": true,
          "path": "./cairn/archive/1970-01-01-migrate-fixture-state-to-components/proposal.md"
        },
        {
          "content_hash": "8acd4383841da07059872f3776488bb0d43818afdad4294896b24ab3a879b5d9",
          "exists": true,
          "path": "./cairn/archive/1970-01-01-migrate-fixture-state-to-components/specs/valence-bevy-ecs/spec.md"
        },
        {
          "content_hash": "401922625e7e0b75be7182e3822ca651c0fba5c387b671414439847b981de1a2",
          "exists": true,
          "path": "./cairn/archive/1970-01-01-migrate-fixture-state-to-components/tasks.md"
        },
        {
          "content_hash": null,
          "exists": false,
          "path": "./cairn/changes/migrate-fixture-state-to-components"
        }
      ],
      "manifest_hash": "3fe1f374eea02f4f5442d7a6235e0c155c44bae6531757e77df7a07db6bfa354"
    },
    "before": {
      "entries": [
        {
          "content_hash": "d164caa4458f3ca01679d3bdba624ae54b4714c213e123c165ed2007e885cfd5",
          "exists": true,
          "path": "./cairn/changes/migrate-fixture-state-to-components/design.md"
        },
        {
          "content_hash": "83dcc8e86d82084e274a2c0ff42c2252d101422099d145b16866bd5cc475cdfc",
          "exists": true,
          "path": "./cairn/changes/migrate-fixture-state-to-components/proposal.md"
        },
        {
          "content_hash": "8acd4383841da07059872f3776488bb0d43818afdad4294896b24ab3a879b5d9",
          "exists": true,
          "path": "./cairn/changes/migrate-fixture-state-to-components/specs/valence-bevy-ecs/spec.md"
        },
        {
          "content_hash": "401922625e7e0b75be7182e3822ca651c0fba5c387b671414439847b981de1a2",
          "exists": true,
          "path": "./cairn/changes/migrate-fixture-state-to-components/tasks.md"
        }
      ],
      "manifest_hash": "f4e11af2f23ae8c83b4fd8451aa03e2a83d92f77ca162b9c18cbdb224248356f"
    },
    "kind": "archive",
    "manifest_hash": "2832125d25733682b08ec78bb3ae2fcb81996136d9dd6a3accd8a0593736a8f5"
  },
  "plan_hash": "cb79b52660698c6dcf62e6973174cbf9348b9d907ec98c9380183791220143b4",
  "policy": "cairn-default",
  "policy_hash": "a210ed841d260e0bf026f3c67ec810216b6409cfe6036f9132b51cc4e3176618",
  "reasons": [],
  "receipt_hash": "7cd3cf3adbd766d21100b62be3efd3b9a2ad3ff68e0d6e58561ecfa6b6020e06"
}
exit_status=0
