# model-owned-entity-relationships-with-hierarchy archive dry run
cwd=/home/brittonr/git/mc
started_at=2026-06-26T12:06:31-04:00
+ nix run .#cairn -- archive model-owned-entity-relationships-with-hierarchy --root .
{
  "actions": [
    {
      "description": "move active change to archive: model-owned-entity-relationships-with-hierarchy",
      "kind": "archive_change",
      "path": "./cairn/changes/model-owned-entity-relationships-with-hierarchy"
    }
  ],
  "blocked": false,
  "change": "model-owned-entity-relationships-with-hierarchy",
  "dry_run": true,
  "input_hash": "582c4779c3d5a3558e6818fcc9c4f68e8abeb9dc0c91009931fa49c45c23e969",
  "layout": "cairn",
  "mutated": false,
  "mutation_manifest": null,
  "plan_hash": "343b0ca99c02130acb6d920ad9809c77c6fa46ed1eebf1c15a7e46159539b48a",
  "policy": "cairn-default",
  "policy_hash": "a210ed841d260e0bf026f3c67ec810216b6409cfe6036f9132b51cc4e3176618",
  "reasons": [],
  "receipt_hash": "1528500ac2b5ec5685ce4066d8b24814b8570873c63dcdf2c64d62894b3aa975"
}
command_exit_status=0
finished_at=2026-06-26T12:06:32-04:00
exit_status=0
