# model-owned-entity-relationships-with-hierarchy sync dry run
cwd=/home/brittonr/git/mc
started_at=2026-06-26T12:04:31-04:00
+ nix run .#cairn -- sync model-owned-entity-relationships-with-hierarchy --root .
{
  "actions": [
    {
      "description": "merge delta spec into main specs: ./cairn/changes/model-owned-entity-relationships-with-hierarchy/specs/valence-bevy-ecs/spec.md",
      "kind": "sync_delta_spec",
      "path": "./cairn/changes/model-owned-entity-relationships-with-hierarchy/specs/valence-bevy-ecs/spec.md"
    }
  ],
  "blocked": false,
  "change": "model-owned-entity-relationships-with-hierarchy",
  "delta_specs": [
    "./cairn/changes/model-owned-entity-relationships-with-hierarchy/specs/valence-bevy-ecs/spec.md"
  ],
  "dry_run": true,
  "input_hash": "582c4779c3d5a3558e6818fcc9c4f68e8abeb9dc0c91009931fa49c45c23e969",
  "layout": "cairn",
  "mutated": false,
  "mutation_manifest": null,
  "plan_hash": "f05c755914f30ac027f65ee53ab5d29d3354635ab7cdf316a756f9478c5fe4f8",
  "policy": "cairn-default",
  "policy_hash": "a210ed841d260e0bf026f3c67ec810216b6409cfe6036f9132b51cc4e3176618",
  "reasons": [],
  "receipt_hash": "bf9c77ccb158950708b241c5d5f23351821ec19d0b87c6dcd32f9f70fbe060ee"
}
command_exit_status=0
finished_at=2026-06-26T12:04:31-04:00
exit_status=0
