# model-owned-entity-relationships-with-hierarchy pre-implementation gates
cwd=/home/brittonr/git/mc
started_at=2026-06-26T11:52:31-04:00
+ nix run .#cairn -- gate proposal model-owned-entity-relationships-with-hierarchy --root .
{
  "change": "model-owned-entity-relationships-with-hierarchy",
  "evidence_summary": {
    "docs_only": 0,
    "fixture": 0,
    "formal": 0,
    "mode": "advisory",
    "model": 0,
    "probe": 0,
    "property": 0
  },
  "input_hash": "3e317cf3cbad23441869a1cff217ec13bfbcaa935da8a21bba25296e86411c69",
  "issues": [],
  "layout": "cairn",
  "policy": "cairn-default",
  "policy_hash": "a210ed841d260e0bf026f3c67ec810216b6409cfe6036f9132b51cc4e3176618",
  "receipt_hash": "beaff5b4da15bc4566df39a60ccc289465e7d65f4e3a60dd330a700bf40b237b",
  "stage": "proposal",
  "valid": true,
  "verdict": "PASS"
}
command_exit_status=0
+ nix run .#cairn -- gate design model-owned-entity-relationships-with-hierarchy --root .
{
  "change": "model-owned-entity-relationships-with-hierarchy",
  "evidence_summary": {
    "docs_only": 0,
    "fixture": 0,
    "formal": 0,
    "mode": "advisory",
    "model": 0,
    "probe": 0,
    "property": 0
  },
  "input_hash": "fff82bd18d625ae86a40863452183a52c3cc008af4adb934d28890f172354e32",
  "issues": [],
  "layout": "cairn",
  "policy": "cairn-default",
  "policy_hash": "a210ed841d260e0bf026f3c67ec810216b6409cfe6036f9132b51cc4e3176618",
  "receipt_hash": "9fa58064d500df7cd40fe368ec05a39fcf663b4de17c64add2dbbb50e77c7d69",
  "stage": "design",
  "valid": true,
  "verdict": "PASS"
}
command_exit_status=0
+ nix run .#cairn -- gate tasks model-owned-entity-relationships-with-hierarchy --root .
{
  "change": "model-owned-entity-relationships-with-hierarchy",
  "evidence_summary": {
    "docs_only": 0,
    "fixture": 0,
    "formal": 0,
    "mode": "advisory",
    "model": 0,
    "probe": 0,
    "property": 0
  },
  "input_hash": "d6225c2b01c6fa737d7fa1cc7c8dc99c24cdc8f2aaa0b6003992949ed1e7e4d3",
  "issues": [],
  "layout": "cairn",
  "policy": "cairn-default",
  "policy_hash": "a210ed841d260e0bf026f3c67ec810216b6409cfe6036f9132b51cc4e3176618",
  "receipt_hash": "03b5e441a3096668faaefe8dc83ce5a8ed2367146662cc72c47b2e020baeb3c0",
  "stage": "tasks",
  "valid": true,
  "verdict": "PASS"
}
command_exit_status=0
+ nix run .#cairn -- validate --root .
{
  "change_issues": [],
  "changes": 3,
  "issues": [],
  "layout": "cairn",
  "policy": "cairn-default",
  "spec_issues": [],
  "specs_validated": 8,
  "valid": true
}
command_exit_status=0
finished_at=2026-06-26T11:52:31-04:00
exit_status=0
