# model-owned-entity-relationships-with-hierarchy final Cairn gates
cwd=/home/brittonr/git/mc
started_at=2026-06-26T12:03:57-04:00
+ nix run .#cairn -- gate proposal model-owned-entity-relationships-with-hierarchy --root .
{
  "change": "model-owned-entity-relationships-with-hierarchy",
  "evidence_summary": {
    "docs_only": 0,
    "fixture": 0,
    "formal": 0,
    "mode": "advisory",
    "model": 0,
    "probe": 0,
    "property": 0
  },
  "input_hash": "28ec5d4869c89c629d6c2caae861092893537158b7cb32d442e3934cf0e998df",
  "issues": [],
  "layout": "cairn",
  "policy": "cairn-default",
  "policy_hash": "a210ed841d260e0bf026f3c67ec810216b6409cfe6036f9132b51cc4e3176618",
  "receipt_hash": "420b040b2c7a33504692977493df37d595223c9fab108b2ee598cc3f46896b2d",
  "stage": "proposal",
  "valid": true,
  "verdict": "PASS"
}
command_exit_status=0
+ nix run .#cairn -- gate design model-owned-entity-relationships-with-hierarchy --root .
{
  "change": "model-owned-entity-relationships-with-hierarchy",
  "evidence_summary": {
    "docs_only": 0,
    "fixture": 0,
    "formal": 0,
    "mode": "advisory",
    "model": 0,
    "probe": 0,
    "property": 0
  },
  "input_hash": "d4772ad464d8a9c9852c87fc3d581fe0c5d190d7106d2b45ebb77010f4dcecfa",
  "issues": [],
  "layout": "cairn",
  "policy": "cairn-default",
  "policy_hash": "a210ed841d260e0bf026f3c67ec810216b6409cfe6036f9132b51cc4e3176618",
  "receipt_hash": "fe2e8427dace384bd5f1915cda6d69bb4136a0a43f401b28145d667450b03cfe",
  "stage": "design",
  "valid": true,
  "verdict": "PASS"
}
command_exit_status=0
+ nix run .#cairn -- gate tasks model-owned-entity-relationships-with-hierarchy --root .
{
  "change": "model-owned-entity-relationships-with-hierarchy",
  "evidence_summary": {
    "docs_only": 0,
    "fixture": 0,
    "formal": 0,
    "mode": "advisory",
    "model": 0,
    "probe": 0,
    "property": 0
  },
  "input_hash": "dc76b4d9801730f44bbdd0b121b04f3796113ca91f525ff14e904d2638a59d45",
  "issues": [],
  "layout": "cairn",
  "policy": "cairn-default",
  "policy_hash": "a210ed841d260e0bf026f3c67ec810216b6409cfe6036f9132b51cc4e3176618",
  "receipt_hash": "3b9a7faa97a71ccba92e28ccfa8a64ba0740a5cc7ec2b01d6012b0f05e4f337b",
  "stage": "tasks",
  "valid": true,
  "verdict": "PASS"
}
command_exit_status=0
+ nix run .#cairn -- validate --root .
{
  "change_issues": [],
  "changes": 3,
  "issues": [],
  "layout": "cairn",
  "policy": "cairn-default",
  "spec_issues": [],
  "specs_validated": 8,
  "valid": true
}
command_exit_status=0
finished_at=2026-06-26T12:03:57-04:00
exit_status=0
