# Cairn sync dry-run for organize-remaining-valence-examples-as-plugins
cwd=/home/brittonr/git/mc
started_utc=2026-06-26T16:41:16Z

>>> nix run .#cairn -- sync organize-remaining-valence-examples-as-plugins --root .
{
  "actions": [
    {
      "description": "merge delta spec into main specs: ./cairn/changes/organize-remaining-valence-examples-as-plugins/specs/valence-bevy-ecs/spec.md",
      "kind": "sync_delta_spec",
      "path": "./cairn/changes/organize-remaining-valence-examples-as-plugins/specs/valence-bevy-ecs/spec.md"
    }
  ],
  "blocked": false,
  "change": "organize-remaining-valence-examples-as-plugins",
  "delta_specs": [
    "./cairn/changes/organize-remaining-valence-examples-as-plugins/specs/valence-bevy-ecs/spec.md"
  ],
  "dry_run": true,
  "input_hash": "237c9109c4a22ea7d40385c58339e5dd4ea8c81a5b022af21fa78d70986f1ef5",
  "layout": "cairn",
  "mutated": false,
  "mutation_manifest": null,
  "plan_hash": "6d449efb38374ec8332c4e900b8ea028b4f8d347aadd9b31514a81669563efc3",
  "policy": "cairn-default",
  "policy_hash": "a210ed841d260e0bf026f3c67ec810216b6409cfe6036f9132b51cc4e3176618",
  "reasons": [],
  "receipt_hash": "bcc3a9dd97361b1f6f74e891b43dd50f86fd7635ce6092038c577e159a0bae12"
}
command_exit_status=0
finished_utc=2026-06-26T16:41:16Z
exit_status=0
