# Cairn archive execute for organize-remaining-valence-examples-as-plugins
cwd=/home/brittonr/git/mc
started_utc=2026-06-26T16:43:32Z

>>> env CAIRN_ARCHIVE_DATE=2026-06-26 nix run .#cairn -- archive organize-remaining-valence-examples-as-plugins --root . --execute
{
  "actions": [
    {
      "description": "move active change to archive: organize-remaining-valence-examples-as-plugins",
      "kind": "archive_change",
      "path": "./cairn/archive/2026-06-26-organize-remaining-valence-examples-as-plugins"
    }
  ],
  "blocked": false,
  "change": "organize-remaining-valence-examples-as-plugins",
  "dry_run": false,
  "input_hash": "237c9109c4a22ea7d40385c58339e5dd4ea8c81a5b022af21fa78d70986f1ef5",
  "layout": "cairn",
  "mutated": true,
  "mutation_manifest": {
    "after": {
      "entries": [
        {
          "content_hash": "cb7268be10fb5cfe6c15974f6ce85c0d908420c867b3d2e222cbc6b4428433d4",
          "exists": true,
          "path": "./cairn/archive/2026-06-26-organize-remaining-valence-examples-as-plugins/design.md"
        },
        {
          "content_hash": "be6b7b6bf8e1f917ae4ec952bc3ded0b5b2660472144220af856222829bced49",
          "exists": true,
          "path": "./cairn/archive/2026-06-26-organize-remaining-valence-examples-as-plugins/proposal.md"
        },
        {
          "content_hash": "4c1c5a5412c61a37e2784699afcc02b14502b44a25bb66a6a10d0cd5f24175bb",
          "exists": true,
          "path": "./cairn/archive/2026-06-26-organize-remaining-valence-examples-as-plugins/specs/valence-bevy-ecs/spec.md"
        },
        {
          "content_hash": "f25dfed92459e590183c0fbca0157940963c9fc01343d590fb8d1f5a6d5766f9",
          "exists": true,
          "path": "./cairn/archive/2026-06-26-organize-remaining-valence-examples-as-plugins/tasks.md"
        },
        {
          "content_hash": null,
          "exists": false,
          "path": "./cairn/changes/organize-remaining-valence-examples-as-plugins"
        }
      ],
      "manifest_hash": "5e7513711b690a458cd8693eacdd0ec60ecf3b5fd4533931856ce94861bab58b"
    },
    "before": {
      "entries": [
        {
          "content_hash": "cb7268be10fb5cfe6c15974f6ce85c0d908420c867b3d2e222cbc6b4428433d4",
          "exists": true,
          "path": "./cairn/changes/organize-remaining-valence-examples-as-plugins/design.md"
        },
        {
          "content_hash": "be6b7b6bf8e1f917ae4ec952bc3ded0b5b2660472144220af856222829bced49",
          "exists": true,
          "path": "./cairn/changes/organize-remaining-valence-examples-as-plugins/proposal.md"
        },
        {
          "content_hash": "4c1c5a5412c61a37e2784699afcc02b14502b44a25bb66a6a10d0cd5f24175bb",
          "exists": true,
          "path": "./cairn/changes/organize-remaining-valence-examples-as-plugins/specs/valence-bevy-ecs/spec.md"
        },
        {
          "content_hash": "f25dfed92459e590183c0fbca0157940963c9fc01343d590fb8d1f5a6d5766f9",
          "exists": true,
          "path": "./cairn/changes/organize-remaining-valence-examples-as-plugins/tasks.md"
        }
      ],
      "manifest_hash": "591b3a7f3920f8658873c89a844759ff6e133a6392d75a05a7d0b8b24b20ecee"
    },
    "kind": "archive",
    "manifest_hash": "44b98446c62384958dcd1b3affbe1aba5ca04b552c7700e48fe04f29612b03db"
  },
  "plan_hash": "1179825672b0bbc4defbb74404c8254bd9e335a69ce56532a87d272e6fd65d57",
  "policy": "cairn-default",
  "policy_hash": "a210ed841d260e0bf026f3c67ec810216b6409cfe6036f9132b51cc4e3176618",
  "reasons": [],
  "receipt_hash": "9e2688255fef1ed9522a3b1c523d16db553610ba3849bf0b5f49b35827a3d32a"
}
command_exit_status=0
finished_utc=2026-06-26T16:43:32Z
exit_status=0
