# Remaining active Cairn changes after archive
cwd=/home/brittonr/git/mc
started_utc=2026-06-26T16:45:11Z

>>> nix run .#cairn -- change list --root .
{
  "changes": [
    {
      "delta_specs": [
        "./cairn/changes/promote-remaining-packet-semantics-to-typed-events/specs/valence-bevy-ecs/spec.md"
      ],
      "has_design": true,
      "has_proposal": true,
      "has_tasks": true,
      "metadata": {
        "groups": [],
        "status": null,
        "target_date": null
      },
      "name": "promote-remaining-packet-semantics-to-typed-events",
      "path": "./cairn/changes/promote-remaining-packet-semantics-to-typed-events",
      "task_counts": {
        "done": 0,
        "in_progress": 0,
        "todo": 6,
        "total": 6,
        "unmarked": 0
      }
    }
  ],
  "layout": "cairn",
  "root": "."
}
command_exit_status=0
finished_utc=2026-06-26T16:45:12Z
exit_status=0
