# Pre-implementation Cairn gates for organize-remaining-valence-examples-as-plugins
cwd=/home/brittonr/git/mc
started_utc=2026-06-26T16:20:16Z

>>> nix run .#cairn -- gate proposal organize-remaining-valence-examples-as-plugins --root .
{
  "change": "organize-remaining-valence-examples-as-plugins",
  "evidence_summary": {
    "docs_only": 0,
    "fixture": 0,
    "formal": 0,
    "mode": "advisory",
    "model": 0,
    "probe": 0,
    "property": 0
  },
  "input_hash": "105f569d4ccc4082e94713975d6161254e1312eb5a968c4a2b6540e453fc2cb0",
  "issues": [],
  "layout": "cairn",
  "policy": "cairn-default",
  "policy_hash": "a210ed841d260e0bf026f3c67ec810216b6409cfe6036f9132b51cc4e3176618",
  "receipt_hash": "09212075469a1d6584e302bd978bbf35a909577e3f27f37f1452bb881e281ad7",
  "stage": "proposal",
  "valid": true,
  "verdict": "PASS"
}
command_exit_status=0

>>> nix run .#cairn -- gate design organize-remaining-valence-examples-as-plugins --root .
{
  "change": "organize-remaining-valence-examples-as-plugins",
  "evidence_summary": {
    "docs_only": 0,
    "fixture": 0,
    "formal": 0,
    "mode": "advisory",
    "model": 0,
    "probe": 0,
    "property": 0
  },
  "input_hash": "2f007f7524f00ffdf3167d24b591bbc9744f508289876539dc80af4579742401",
  "issues": [],
  "layout": "cairn",
  "policy": "cairn-default",
  "policy_hash": "a210ed841d260e0bf026f3c67ec810216b6409cfe6036f9132b51cc4e3176618",
  "receipt_hash": "466ddf5bd71e33a52092240c78812ba88aeb9c979e27358e5851a94602cbf084",
  "stage": "design",
  "valid": true,
  "verdict": "PASS"
}
command_exit_status=0

>>> nix run .#cairn -- gate tasks organize-remaining-valence-examples-as-plugins --root .
{
  "change": "organize-remaining-valence-examples-as-plugins",
  "evidence_summary": {
    "docs_only": 0,
    "fixture": 0,
    "formal": 0,
    "mode": "advisory",
    "model": 0,
    "probe": 0,
    "property": 0
  },
  "input_hash": "cd7c8c224a26337fb8b3f3f37cf4502fda553005d449cf4a07b444821c67ed49",
  "issues": [],
  "layout": "cairn",
  "policy": "cairn-default",
  "policy_hash": "a210ed841d260e0bf026f3c67ec810216b6409cfe6036f9132b51cc4e3176618",
  "receipt_hash": "1e339415c9021823fcae1efab52bf32e9d4adf77de00bad7db622cb9f35f7f09",
  "stage": "tasks",
  "valid": true,
  "verdict": "PASS"
}
command_exit_status=0

>>> nix run .#cairn -- validate --root .
{
  "change_issues": [],
  "changes": 2,
  "issues": [],
  "layout": "cairn",
  "policy": "cairn-default",
  "spec_issues": [],
  "specs_validated": 7,
  "valid": true
}
command_exit_status=0
finished_utc=2026-06-26T16:20:17Z
exit_status=0
