# Final Cairn gates for organize-remaining-valence-examples-as-plugins
cwd=/home/brittonr/git/mc
started_utc=2026-06-26T16:37:43Z

>>> nix run .#cairn -- gate proposal organize-remaining-valence-examples-as-plugins --root .
{
  "change": "organize-remaining-valence-examples-as-plugins",
  "evidence_summary": {
    "docs_only": 0,
    "fixture": 0,
    "formal": 0,
    "mode": "advisory",
    "model": 0,
    "probe": 0,
    "property": 0
  },
  "input_hash": "8f1d1ccd3ad7bda7bca0ec4efe5eeb36e7b5eedb194dacf223ca1ccb6190a301",
  "issues": [],
  "layout": "cairn",
  "policy": "cairn-default",
  "policy_hash": "a210ed841d260e0bf026f3c67ec810216b6409cfe6036f9132b51cc4e3176618",
  "receipt_hash": "d2bf06349a8810bc1a3cc809a2404ff3cff941b44dd324c307337c218729d31f",
  "stage": "proposal",
  "valid": true,
  "verdict": "PASS"
}
command_exit_status=0

>>> nix run .#cairn -- gate design organize-remaining-valence-examples-as-plugins --root .
{
  "change": "organize-remaining-valence-examples-as-plugins",
  "evidence_summary": {
    "docs_only": 0,
    "fixture": 0,
    "formal": 0,
    "mode": "advisory",
    "model": 0,
    "probe": 0,
    "property": 0
  },
  "input_hash": "2a4a1475456b77c4cea2abcfb5aa9853d697ed327005dfa48743c3180c23228f",
  "issues": [],
  "layout": "cairn",
  "policy": "cairn-default",
  "policy_hash": "a210ed841d260e0bf026f3c67ec810216b6409cfe6036f9132b51cc4e3176618",
  "receipt_hash": "9c1f2757156eb216bc73f87fb19d758e7523cffaa4a4a046b84704d876822171",
  "stage": "design",
  "valid": true,
  "verdict": "PASS"
}
command_exit_status=0

>>> nix run .#cairn -- gate tasks organize-remaining-valence-examples-as-plugins --root .
{
  "change": "organize-remaining-valence-examples-as-plugins",
  "evidence_summary": {
    "docs_only": 0,
    "fixture": 0,
    "formal": 0,
    "mode": "advisory",
    "model": 0,
    "probe": 0,
    "property": 0
  },
  "input_hash": "0b81ffefacd663213be8571c2e649b28883f36b8db9ca51ac5657913102a4f40",
  "issues": [],
  "layout": "cairn",
  "policy": "cairn-default",
  "policy_hash": "a210ed841d260e0bf026f3c67ec810216b6409cfe6036f9132b51cc4e3176618",
  "receipt_hash": "4a4bc249570c6b1c83ebcde5e1613eed97aea6301235df9ea5193a068dc9866c",
  "stage": "tasks",
  "valid": true,
  "verdict": "PASS"
}
command_exit_status=0

>>> nix run .#cairn -- validate --root .
{
  "change_issues": [],
  "changes": 2,
  "issues": [],
  "layout": "cairn",
  "policy": "cairn-default",
  "spec_issues": [],
  "specs_validated": 7,
  "valid": true
}
command_exit_status=0
finished_utc=2026-06-26T16:37:44Z
exit_status=0
