# Cairn sync execute for organize-remaining-valence-examples-as-plugins
cwd=/home/brittonr/git/mc
started_utc=2026-06-26T16:41:36Z

>>> nix run .#cairn -- sync organize-remaining-valence-examples-as-plugins --root . --execute
{
  "actions": [
    {
      "description": "merge delta spec into main specs: ./cairn/changes/organize-remaining-valence-examples-as-plugins/specs/valence-bevy-ecs/spec.md",
      "kind": "sync_delta_spec",
      "path": "./cairn/changes/organize-remaining-valence-examples-as-plugins/specs/valence-bevy-ecs/spec.md"
    }
  ],
  "blocked": false,
  "change": "organize-remaining-valence-examples-as-plugins",
  "delta_specs": [
    "./cairn/changes/organize-remaining-valence-examples-as-plugins/specs/valence-bevy-ecs/spec.md"
  ],
  "dry_run": false,
  "input_hash": "237c9109c4a22ea7d40385c58339e5dd4ea8c81a5b022af21fa78d70986f1ef5",
  "layout": "cairn",
  "mutated": true,
  "mutation_manifest": {
    "after": {
      "entries": [
        {
          "content_hash": "25d40caaaf8a1b28249557d6fa76be4d2c927fcaf3f53d165a825cc9e30b350f",
          "exists": true,
          "path": "./cairn/specs/valence-bevy-ecs/spec.md"
        }
      ],
      "manifest_hash": "f311a196c162d4f22955b269147756e29142346c9039547b6eda98f0a1eedaab"
    },
    "before": {
      "entries": [
        {
          "content_hash": "25d40caaaf8a1b28249557d6fa76be4d2c927fcaf3f53d165a825cc9e30b350f",
          "exists": true,
          "path": "./cairn/specs/valence-bevy-ecs/spec.md"
        }
      ],
      "manifest_hash": "f311a196c162d4f22955b269147756e29142346c9039547b6eda98f0a1eedaab"
    },
    "kind": "sync",
    "manifest_hash": "136249102f840ef88928c056a08c60002d9afab6bcf6f1abf7c22a218e5ac37c"
  },
  "plan_hash": "d3be5c48b1689c6f489ed091038e5be1bcc0037ac714dfd97d31e8d22396a9d4",
  "policy": "cairn-default",
  "policy_hash": "a210ed841d260e0bf026f3c67ec810216b6409cfe6036f9132b51cc4e3176618",
  "reasons": [],
  "receipt_hash": "868e86281b07a888a1ad5e189a62d4f4d7bfe8ef8ed057b8ee6eed6192699e3f"
}
command_exit_status=0
finished_utc=2026-06-26T16:41:36Z
exit_status=0
