## cairn sync dry-run
command=nix run .#cairn -- sync promote-remaining-packet-semantics-to-typed-events --root .
{
  "actions": [
    {
      "description": "merge delta spec into main specs: ./cairn/changes/promote-remaining-packet-semantics-to-typed-events/specs/valence-bevy-ecs/spec.md",
      "kind": "sync_delta_spec",
      "path": "./cairn/changes/promote-remaining-packet-semantics-to-typed-events/specs/valence-bevy-ecs/spec.md"
    }
  ],
  "blocked": false,
  "change": "promote-remaining-packet-semantics-to-typed-events",
  "delta_specs": [
    "./cairn/changes/promote-remaining-packet-semantics-to-typed-events/specs/valence-bevy-ecs/spec.md"
  ],
  "dry_run": true,
  "input_hash": "10ceafcda012cbffe58af90d21f9ba3b10012d4ff7a4b99e6189ba119428f890",
  "layout": "cairn",
  "mutated": false,
  "mutation_manifest": null,
  "plan_hash": "0782cabde79b90cf57a42b86a2a4d95f3cf8e673d68ddbe42d0a74f2cad197e5",
  "policy": "cairn-default",
  "policy_hash": "a210ed841d260e0bf026f3c67ec810216b6409cfe6036f9132b51cc4e3176618",
  "reasons": [],
  "receipt_hash": "eff9a3060a6ab1d434ab511d906f48d82dab8d694cc320967f92771567626363"
}
exit_status=0
overall_exit_status=0
