## cairn sync execute
command=nix run .#cairn -- sync promote-remaining-packet-semantics-to-typed-events --root . --execute
{
  "actions": [
    {
      "description": "merge delta spec into main specs: ./cairn/changes/promote-remaining-packet-semantics-to-typed-events/specs/valence-bevy-ecs/spec.md",
      "kind": "sync_delta_spec",
      "path": "./cairn/changes/promote-remaining-packet-semantics-to-typed-events/specs/valence-bevy-ecs/spec.md"
    }
  ],
  "blocked": false,
  "change": "promote-remaining-packet-semantics-to-typed-events",
  "delta_specs": [
    "./cairn/changes/promote-remaining-packet-semantics-to-typed-events/specs/valence-bevy-ecs/spec.md"
  ],
  "dry_run": false,
  "input_hash": "10ceafcda012cbffe58af90d21f9ba3b10012d4ff7a4b99e6189ba119428f890",
  "layout": "cairn",
  "mutated": true,
  "mutation_manifest": {
    "after": {
      "entries": [
        {
          "content_hash": "6a1a8aaa01143598e11590616381e7998cb3bf05cb9d1ce588c7d6b77ac5d77e",
          "exists": true,
          "path": "./cairn/specs/valence-bevy-ecs/spec.md"
        }
      ],
      "manifest_hash": "ed120de6a39f67234fd6908cd87aa896856a80ae060a6c8f9ae9ffab84b0728e"
    },
    "before": {
      "entries": [
        {
          "content_hash": "6a1a8aaa01143598e11590616381e7998cb3bf05cb9d1ce588c7d6b77ac5d77e",
          "exists": true,
          "path": "./cairn/specs/valence-bevy-ecs/spec.md"
        }
      ],
      "manifest_hash": "ed120de6a39f67234fd6908cd87aa896856a80ae060a6c8f9ae9ffab84b0728e"
    },
    "kind": "sync",
    "manifest_hash": "a3f4d46d3f7893f2e7caaef35a7a13cf3313770cc1fc55c54c56e0f1539b8543"
  },
  "plan_hash": "f401a5e52ea10b62dce7f620acdcf707ca9d350179af904c581561fad4301bc3",
  "policy": "cairn-default",
  "policy_hash": "a210ed841d260e0bf026f3c67ec810216b6409cfe6036f9132b51cc4e3176618",
  "reasons": [],
  "receipt_hash": "f176ccb0e1f1abe7a076c7b469a0357b56e2911b8c14324a7b6ba6debe99c4dd"
}
exit_status=0
overall_exit_status=0
