## cairn gate proposal
command=nix run .#cairn -- gate proposal promote-remaining-packet-semantics-to-typed-events --root .
{
  "change": "promote-remaining-packet-semantics-to-typed-events",
  "evidence_summary": {
    "docs_only": 0,
    "fixture": 0,
    "formal": 0,
    "mode": "advisory",
    "model": 0,
    "probe": 0,
    "property": 0
  },
  "input_hash": "a84d436e57e1db878a30389729f9145ed00ce3193f2531cde4057dc2ae7fd4fe",
  "issues": [],
  "layout": "cairn",
  "policy": "cairn-default",
  "policy_hash": "a210ed841d260e0bf026f3c67ec810216b6409cfe6036f9132b51cc4e3176618",
  "receipt_hash": "e04672186b40f4a960de98633460fbdba6200c980065aa4e94b79221a27c3111",
  "stage": "proposal",
  "valid": true,
  "verdict": "PASS"
}
exit_status=0

## cairn gate design
command=nix run .#cairn -- gate design promote-remaining-packet-semantics-to-typed-events --root .
{
  "change": "promote-remaining-packet-semantics-to-typed-events",
  "evidence_summary": {
    "docs_only": 0,
    "fixture": 0,
    "formal": 0,
    "mode": "advisory",
    "model": 0,
    "probe": 0,
    "property": 0
  },
  "input_hash": "98cb74d7d2945330ce2a27b071fe8861a513bbdf845a788569797bc4b59d2757",
  "issues": [],
  "layout": "cairn",
  "policy": "cairn-default",
  "policy_hash": "a210ed841d260e0bf026f3c67ec810216b6409cfe6036f9132b51cc4e3176618",
  "receipt_hash": "248e8cfbb71421e09d975c9a4ce0c40f210062fd74add8b6013c7cf1573765f7",
  "stage": "design",
  "valid": true,
  "verdict": "PASS"
}
exit_status=0

## cairn gate tasks
command=nix run .#cairn -- gate tasks promote-remaining-packet-semantics-to-typed-events --root .
{
  "change": "promote-remaining-packet-semantics-to-typed-events",
  "evidence_summary": {
    "docs_only": 0,
    "fixture": 0,
    "formal": 0,
    "mode": "advisory",
    "model": 0,
    "probe": 0,
    "property": 0
  },
  "input_hash": "970f7dff86b5c6db83667340f36e641c7a8cab257a37129ab39bcb28b410c2a0",
  "issues": [],
  "layout": "cairn",
  "policy": "cairn-default",
  "policy_hash": "a210ed841d260e0bf026f3c67ec810216b6409cfe6036f9132b51cc4e3176618",
  "receipt_hash": "33b1662dab3b58ff61d7cb1e5d52c1803a9897c7f45cba69e5a3aff19c48aaa7",
  "stage": "tasks",
  "valid": true,
  "verdict": "PASS"
}
exit_status=0

## cairn validate
command=nix run .#cairn -- validate --root .
{
  "change_issues": [],
  "changes": 1,
  "issues": [],
  "layout": "cairn",
  "policy": "cairn-default",
  "spec_issues": [],
  "specs_validated": 6,
  "valid": true
}
exit_status=0

overall_exit_status=0
