## cairn gate proposal
command=nix run .#cairn -- gate proposal promote-remaining-packet-semantics-to-typed-events --root .
{
  "change": "promote-remaining-packet-semantics-to-typed-events",
  "evidence_summary": {
    "docs_only": 0,
    "fixture": 0,
    "formal": 0,
    "mode": "advisory",
    "model": 0,
    "probe": 0,
    "property": 0
  },
  "input_hash": "c1eab6bc2fb11d8f3d5638816f1e744a8304a04dafaf458487973d8631b7391f",
  "issues": [],
  "layout": "cairn",
  "policy": "cairn-default",
  "policy_hash": "a210ed841d260e0bf026f3c67ec810216b6409cfe6036f9132b51cc4e3176618",
  "receipt_hash": "1151095e27dfc018f3a9282e898db2c3052122c4aa9f5352dcb856ceaea05597",
  "stage": "proposal",
  "valid": true,
  "verdict": "PASS"
}
exit_status=0

## cairn gate design
command=nix run .#cairn -- gate design promote-remaining-packet-semantics-to-typed-events --root .
{
  "change": "promote-remaining-packet-semantics-to-typed-events",
  "evidence_summary": {
    "docs_only": 0,
    "fixture": 0,
    "formal": 0,
    "mode": "advisory",
    "model": 0,
    "probe": 0,
    "property": 0
  },
  "input_hash": "816e16e484595d92073d46855cb0c27fb05d7c05d2f8d24292df7ea94586f06c",
  "issues": [],
  "layout": "cairn",
  "policy": "cairn-default",
  "policy_hash": "a210ed841d260e0bf026f3c67ec810216b6409cfe6036f9132b51cc4e3176618",
  "receipt_hash": "08c5320ae9d2b6c602f3207ebc364e7a28da8f0677605fdaa50bc0c9935fa7e7",
  "stage": "design",
  "valid": true,
  "verdict": "PASS"
}
exit_status=0

## cairn gate tasks
command=nix run .#cairn -- gate tasks promote-remaining-packet-semantics-to-typed-events --root .
{
  "change": "promote-remaining-packet-semantics-to-typed-events",
  "evidence_summary": {
    "docs_only": 0,
    "fixture": 0,
    "formal": 0,
    "mode": "advisory",
    "model": 0,
    "probe": 0,
    "property": 0
  },
  "input_hash": "67eb2dec55fd6ed43582006d3c5be737c4f6f1482b563e67cc9e2e18eab3c1f4",
  "issues": [],
  "layout": "cairn",
  "policy": "cairn-default",
  "policy_hash": "a210ed841d260e0bf026f3c67ec810216b6409cfe6036f9132b51cc4e3176618",
  "receipt_hash": "7fc0f43ac2155bbe1237d18d32ad571e6c00063a0306077d35d1597c46ffd74a",
  "stage": "tasks",
  "valid": true,
  "verdict": "PASS"
}
exit_status=0

## cairn validate
command=nix run .#cairn -- validate --root .
{
  "change_issues": [],
  "changes": 1,
  "issues": [],
  "layout": "cairn",
  "policy": "cairn-default",
  "spec_issues": [],
  "specs_validated": 6,
  "valid": true
}
exit_status=0

overall_exit_status=0
