## valence_inventory typed packet adapter tests
command=nix develop --no-update-lock-file /home/brittonr/git/mc -c cargo test -p valence_inventory packet_semantics::tests -- --nocapture
mc compat shell: use 'mc-compat-runner --dry-run' or 'nix run .#mc-compat-smoke -- --run'
Stevenarella dev env: cargo/rustc/xvfb-run/OpenSSL/fontconfig/freetype/libxcb paths are available
OnixResearch tools are pinned over SSH: cairn, cargo-octet
Steel is available for repo scripts, e.g. steel scripts/ralph-drain-cairns.scm --self-test
warning: unknown lint: `path_segment_repetition`
  --> crates/valence_text/src/color/mod.rs:12:9
   |
12 | #[allow(path_segment_repetition)]
   |         ^^^^^^^^^^^^^^^^^^^^^^^
   |
   = note: `#[warn(unknown_lints)]` on by default

warning: unknown lint: `path_segment_repetition`
  --> crates/valence_text/src/color/mod.rs:28:9
   |
28 | #[allow(path_segment_repetition)]
   |         ^^^^^^^^^^^^^^^^^^^^^^^

warning: unknown lint: `path_segment_repetition`
  --> crates/valence_text/src/color/mod.rs:41:9
   |
41 | #[allow(path_segment_repetition)]
   |         ^^^^^^^^^^^^^^^^^^^^^^^

warning: unknown lint: `path_segment_repetition`
  --> crates/valence_text/src/color/mod.rs:81:9
   |
81 | #[allow(path_segment_repetition)]
   |         ^^^^^^^^^^^^^^^^^^^^^^^

warning: unknown lint: `deref_polymorphism`
 --> crates/valence_text/src/ops.rs:2:9
  |
2 | #[allow(deref_polymorphism)]
  |         ^^^^^^^^^^^^^^^^^^

warning: `valence_text` (lib) generated 5 warnings
warning: method `packet_data_range` is never used
   --> crates/valence_protocol/src/decode.rs:192:8
    |
187 | impl PacketFrameLayout {
    | ---------------------- method in this implementation
...
192 |     fn packet_data_range(self) -> Range<usize> {
    |        ^^^^^^^^^^^^^^^^^
    |
    = note: `#[warn(dead_code)]` (part of `#[warn(unused)]`) on by default

warning: `valence_protocol` (lib) generated 1 warning
   Compiling valence_server v0.2.0-alpha.1+mc.1.20.1 (/home/brittonr/git/mc/servers/valence/crates/valence_server)
   Compiling valence_inventory v0.2.0-alpha.1+mc.1.20.1 (/home/brittonr/git/mc/servers/valence/crates/valence_inventory)
warning: unknown lint: `path_segment_repetition`
 --> crates/valence_inventory/src/slots.rs:4:9
  |
4 | #[allow(path_segment_repetition)]
  |         ^^^^^^^^^^^^^^^^^^^^^^^
  |
  = note: `#[warn(unknown_lints)]` on by default

warning: `valence_inventory` (lib test) generated 1 warning
    Finished `test` profile [optimized + debuginfo] target(s) in 9.14s
     Running unittests src/lib.rs (/home/brittonr/.cargo-target/debug/deps/valence_inventory-5e89102e661fd8f7)

running 10 tests
test packet_semantics::tests::adapter_emits_creative_inventory_action_event ... ok
test packet_semantics::tests::adapter_rejects_malformed_payload ... ok
test packet_semantics::tests::duplicate_inventory_packet_events_are_detected ... ok
test packet_semantics::tests::adapter_emits_update_selected_slot_event_for_live_valid_packet ... ok
test packet_semantics::tests::adapter_emits_click_slot_event_with_owned_packet_body ... ok
test packet_semantics::tests::raw_packet_observer_reads_before_inventory_typed_adapter ... ok
test packet_semantics::tests::adapter_rejects_partial_decode ... ok
test packet_semantics::tests::adapter_rejects_wrong_packet_id ... ok
test packet_semantics::tests::adapter_emits_close_event_and_domain_removes_open_inventory ... ok
test packet_semantics::tests::adapter_rejects_stale_client ... ok

test result: ok. 10 passed; 0 failed; 0 ignored; 0 measured; 37 filtered out; finished in 0.00s

exit_status=0

## valence_command typed packet adapter tests
command=nix develop --no-update-lock-file /home/brittonr/git/mc -c cargo test -p valence_command manager::tests -- --nocapture
mc compat shell: use 'mc-compat-runner --dry-run' or 'nix run .#mc-compat-smoke -- --run'
Stevenarella dev env: cargo/rustc/xvfb-run/OpenSSL/fontconfig/freetype/libxcb paths are available
OnixResearch tools are pinned over SSH: cairn, cargo-octet
Steel is available for repo scripts, e.g. steel scripts/ralph-drain-cairns.scm --self-test
warning: unknown lint: `path_segment_repetition`
  --> crates/valence_text/src/color/mod.rs:12:9
   |
12 | #[allow(path_segment_repetition)]
   |         ^^^^^^^^^^^^^^^^^^^^^^^
   |
   = note: `#[warn(unknown_lints)]` on by default

warning: unknown lint: `path_segment_repetition`
  --> crates/valence_text/src/color/mod.rs:28:9
   |
28 | #[allow(path_segment_repetition)]
   |         ^^^^^^^^^^^^^^^^^^^^^^^

warning: unknown lint: `path_segment_repetition`
  --> crates/valence_text/src/color/mod.rs:41:9
   |
41 | #[allow(path_segment_repetition)]
   |         ^^^^^^^^^^^^^^^^^^^^^^^

warning: unknown lint: `path_segment_repetition`
  --> crates/valence_text/src/color/mod.rs:81:9
   |
81 | #[allow(path_segment_repetition)]
   |         ^^^^^^^^^^^^^^^^^^^^^^^

warning: unknown lint: `deref_polymorphism`
 --> crates/valence_text/src/ops.rs:2:9
  |
2 | #[allow(deref_polymorphism)]
  |         ^^^^^^^^^^^^^^^^^^

warning: `valence_text` (lib) generated 5 warnings
warning: method `packet_data_range` is never used
   --> crates/valence_protocol/src/decode.rs:192:8
    |
187 | impl PacketFrameLayout {
    | ---------------------- method in this implementation
...
192 |     fn packet_data_range(self) -> Range<usize> {
    |        ^^^^^^^^^^^^^^^^^
    |
    = note: `#[warn(dead_code)]` (part of `#[warn(unused)]`) on by default

warning: `valence_protocol` (lib) generated 1 warning
   Compiling valence_command v0.2.0-alpha.1+mc.1.20.1 (/home/brittonr/git/mc/servers/valence/crates/valence_command)
    Finished `test` profile [optimized + debuginfo] target(s) in 0.92s
     Running unittests src/lib.rs (/home/brittonr/.cargo-target/debug/deps/valence_command-d6a65af963dfdb99)

running 8 tests
test manager::tests::adapter_rejects_partial_command_decode ... ok
test manager::tests::command_execution_event_consumes_typed_packet_event_without_duplicate_public_event ... ok
test manager::tests::adapter_rejects_malformed_command_payload ... ok
test manager::tests::raw_packet_observer_reads_before_command_typed_adapter ... ok
test manager::tests::adapter_rejects_wrong_command_packet_id ... ok
test manager::tests::duplicate_command_packet_events_are_detected ... ok
test manager::tests::adapter_rejects_stale_command_client ... ok
test manager::tests::adapter_emits_command_packet_event_for_live_valid_packet ... ok

test result: ok. 8 passed; 0 failed; 0 ignored; 0 measured; 24 filtered out; finished in 0.00s

exit_status=0

## valence root schedule contract tests
command=nix develop --no-update-lock-file /home/brittonr/git/mc -c cargo test -p valence core_plugin_sets -- --nocapture
mc compat shell: use 'mc-compat-runner --dry-run' or 'nix run .#mc-compat-smoke -- --run'
Stevenarella dev env: cargo/rustc/xvfb-run/OpenSSL/fontconfig/freetype/libxcb paths are available
OnixResearch tools are pinned over SSH: cairn, cargo-octet
Steel is available for repo scripts, e.g. steel scripts/ralph-drain-cairns.scm --self-test
warning: unknown lint: `path_segment_repetition`
  --> crates/valence_text/src/color/mod.rs:12:9
   |
12 | #[allow(path_segment_repetition)]
   |         ^^^^^^^^^^^^^^^^^^^^^^^
   |
   = note: `#[warn(unknown_lints)]` on by default

warning: unknown lint: `path_segment_repetition`
  --> crates/valence_text/src/color/mod.rs:28:9
   |
28 | #[allow(path_segment_repetition)]
   |         ^^^^^^^^^^^^^^^^^^^^^^^

warning: unknown lint: `path_segment_repetition`
  --> crates/valence_text/src/color/mod.rs:41:9
   |
41 | #[allow(path_segment_repetition)]
   |         ^^^^^^^^^^^^^^^^^^^^^^^

warning: unknown lint: `path_segment_repetition`
  --> crates/valence_text/src/color/mod.rs:81:9
   |
81 | #[allow(path_segment_repetition)]
   |         ^^^^^^^^^^^^^^^^^^^^^^^

warning: unknown lint: `deref_polymorphism`
 --> crates/valence_text/src/ops.rs:2:9
  |
2 | #[allow(deref_polymorphism)]
  |         ^^^^^^^^^^^^^^^^^^

warning: `valence_text` (lib) generated 5 warnings
   Compiling valence_server v0.2.0-alpha.1+mc.1.20.1 (/home/brittonr/git/mc/servers/valence/crates/valence_server)
   Compiling valence_inventory v0.2.0-alpha.1+mc.1.20.1 (/home/brittonr/git/mc/servers/valence/crates/valence_inventory)
   Compiling valence_player_list v0.2.0-alpha.1+mc.1.20.1 (/home/brittonr/git/mc/servers/valence/crates/valence_player_list)
   Compiling valence_network v0.2.0-alpha.1+mc.1.20.1 (/home/brittonr/git/mc/servers/valence/crates/valence_network)
   Compiling valence_world_border v0.2.0-alpha.1+mc.1.20.1 (/home/brittonr/git/mc/servers/valence/crates/valence_world_border)
   Compiling valence_scoreboard v0.2.0-alpha.1+mc.1.20.1 (/home/brittonr/git/mc/servers/valence/crates/valence_scoreboard)
   Compiling valence_boss_bar v0.2.0-alpha.1+mc.1.20.1 (/home/brittonr/git/mc/servers/valence/crates/valence_boss_bar)
   Compiling valence_anvil v0.1.0 (/home/brittonr/git/mc/servers/valence/crates/valence_anvil)
   Compiling valence_weather v0.2.0-alpha.1+mc.1.20.1 (/home/brittonr/git/mc/servers/valence/crates/valence_weather)
   Compiling valence_advancement v0.2.0-alpha.1+mc.1.20.1 (/home/brittonr/git/mc/servers/valence/crates/valence_advancement)
   Compiling valence_command v0.2.0-alpha.1+mc.1.20.1 (/home/brittonr/git/mc/servers/valence/crates/valence_command)
warning: unknown lint: `path_segment_repetition`
 --> crates/valence_inventory/src/slots.rs:4:9
  |
4 | #[allow(path_segment_repetition)]
  |         ^^^^^^^^^^^^^^^^^^^^^^^
  |
  = note: `#[warn(unknown_lints)]` on by default

   Compiling valence_equipment v0.2.0-alpha.1+mc.1.20.1 (/home/brittonr/git/mc/servers/valence/crates/valence_equipment)
warning: `valence_inventory` (lib) generated 1 warning
   Compiling valence v0.2.0-alpha.1+mc.1.20.1 (/home/brittonr/git/mc/servers/valence)
    Finished `test` profile [optimized + debuginfo] target(s) in 11.98s
     Running unittests src/lib.rs (/home/brittonr/.cargo-target/debug/deps/valence-9f1b0da706a7f0b4)

running 12 tests

thread 'tests::core_plugin_sets::event_loop_phase_missing_set_fixture_fails_clearly' (3348479) panicked at src/tests/core_plugin_sets.rs:344:9:
schedule graph is missing set MissingEventLoopSet
note: run with `RUST_BACKTRACE=1` environment variable to display a backtrace
test tests::core_plugin_sets::event_loop_phase_missing_set_fixture_fails_clearly - should panic ... ok
test tests::core_plugin_sets::disabled_action_plugin_omits_selected_event_loop_adapters ... ok
test tests::core_plugin_sets::disabled_command_plugin_omits_command_schedule_contract ... ok
test tests::core_plugin_sets::event_loop_phase_sets_are_orderable_for_selected_systems ... ok
test tests::core_plugin_sets::disabled_world_border_plugin_omits_world_border_schedule_contract ... ok
test tests::core_plugin_sets::disabled_equipment_plugin_omits_equipment_schedule_contract ... ok
test tests::core_plugin_sets::default_core_plugins_expose_selected_ordering_sets ... ok
test tests::core_plugin_sets::disabled_weather_plugin_omits_weather_schedule_contract ... ok
test tests::core_plugin_sets::disabled_boss_bar_plugin_omits_boss_bar_schedule_contract ... ok
test tests::core_plugin_sets::disabled_inventory_plugin_omits_inventory_schedule_contract ... ok
test tests::core_plugin_sets::disabled_advancement_plugin_omits_advancement_schedule_contract ... ok
test tests::core_plugin_sets::disabled_scoreboard_plugin_omits_scoreboard_schedule_contract ... ok

test result: ok. 12 passed; 0 failed; 0 ignored; 0 measured; 83 filtered out; finished in 0.01s

     Running tests/command_ergonomics_macros.rs (/home/brittonr/.cargo-target/debug/deps/command_ergonomics_macros-3a60725b4e87119f)

running 0 tests

test result: ok. 0 passed; 0 failed; 0 ignored; 0 measured; 4 filtered out; finished in 0.00s

exit_status=0

overall_exit_status=0
