command=Hyperion integration focused checks via hyperion devshell nightly-2025-02-22
start=2026-06-30T21:37:19-04:00
note=package/full fmt remains blocked by unrelated hyperion-game-modes/packet-inspector formatting drift; touched files are checked here; Bedwars tests are named narrowly to avoid unrelated DB-opening preset tests
$ nix develop --no-update-lock-file /home/brittonr/git/mc/hyperion -c rustfmt --edition 2024 --check crates/hyperion-game-modes/src/composition.rs events/bedwars/src/lib.rs
hyperion_touched_rustfmt_exit_status=0
$ nix develop --no-update-lock-file /home/brittonr/git/mc/hyperion -c cargo test -p hyperion-game-modes composition -- --nocapture
    Finished `test` profile [unoptimized + debuginfo] target(s) in 0.13s
     Running unittests src/lib.rs (/home/brittonr/.cargo-target/debug/deps/hyperion_game_modes-12a43ae5c6c21954)

running 6 tests
test composition::tests::negative_preset_plan_rejects_duplicate_custom_plugins ... ok
test composition::tests::negative_preset_plan_rejects_invalid_feature_toggles ... ok
test composition::tests::negative_preset_plan_rejects_missing_duplicate_and_conflicting_modes ... ok
test composition::tests::positive_preset_plan_accepts_one_mode_features_and_custom_plugins ... ok
test composition::tests::positive_exclusive_validator_accepts_one_mode ... ok
test composition::tests::preset_diagnostics_report_installed_disabled_replaced_and_custom_slots ... ok

test result: ok. 6 passed; 0 failed; 0 ignored; 0 measured; 32 filtered out; finished in 0.00s

hyperion_game_modes_tests_exit_status=0
$ nix develop --no-update-lock-file /home/brittonr/git/mc/hyperion -c cargo test -p bedwars preset_diagnostics_reject_invalid_composition -- --nocapture --test-threads=1
    Finished `test` profile [unoptimized + debuginfo] target(s) in 0.27s
     Running unittests src/lib.rs (target/pi-hyperion-integration/debug/deps/bedwars-08682e8796f16281)

running 1 test
test tests::preset_diagnostics_reject_invalid_composition ... ok

test result: ok. 1 passed; 0 failed; 0 ignored; 0 measured; 19 filtered out; finished in 0.00s

     Running unittests src/main.rs (target/pi-hyperion-integration/debug/deps/bedwars-a448ffd521afd1cb)

running 0 tests

test result: ok. 0 passed; 0 failed; 0 ignored; 0 measured; 10 filtered out; finished in 0.00s

     Running tests/gameplay_public_api.rs (target/pi-hyperion-integration/debug/deps/gameplay_public_api-5cfdc032f44afadb)

running 0 tests

test result: ok. 0 passed; 0 failed; 0 ignored; 0 measured; 3 filtered out; finished in 0.00s

bedwars_preset_diagnostics_reject_invalid_exit_status=0
$ nix develop --no-update-lock-file /home/brittonr/git/mc/hyperion -c cargo test -p bedwars executable_preset_slots_install_replacements_custom_plugins_and_diagnostics -- --nocapture --test-threads=1
    Finished `test` profile [unoptimized + debuginfo] target(s) in 0.26s
     Running unittests src/lib.rs (target/pi-hyperion-integration/debug/deps/bedwars-08682e8796f16281)

running 1 test
test tests::executable_preset_slots_install_replacements_custom_plugins_and_diagnostics ... ok

test result: ok. 1 passed; 0 failed; 0 ignored; 0 measured; 19 filtered out; finished in 0.03s

     Running unittests src/main.rs (target/pi-hyperion-integration/debug/deps/bedwars-a448ffd521afd1cb)

running 0 tests

test result: ok. 0 passed; 0 failed; 0 ignored; 0 measured; 10 filtered out; finished in 0.00s

     Running tests/gameplay_public_api.rs (target/pi-hyperion-integration/debug/deps/gameplay_public_api-5cfdc032f44afadb)

running 0 tests

test result: ok. 0 passed; 0 failed; 0 ignored; 0 measured; 3 filtered out; finished in 0.00s

bedwars_executable_slots_exit_status=0
$ nix develop --no-update-lock-file /home/brittonr/git/mc/hyperion -c cargo test -p bedwars name_only_executable_slots_fail_preflight -- --nocapture --test-threads=1
    Finished `test` profile [unoptimized + debuginfo] target(s) in 0.25s
     Running unittests src/lib.rs (target/pi-hyperion-integration/debug/deps/bedwars-08682e8796f16281)

running 1 test
test tests::name_only_executable_slots_fail_preflight ... ok

test result: ok. 1 passed; 0 failed; 0 ignored; 0 measured; 19 filtered out; finished in 0.00s

     Running unittests src/main.rs (target/pi-hyperion-integration/debug/deps/bedwars-a448ffd521afd1cb)

running 0 tests

test result: ok. 0 passed; 0 failed; 0 ignored; 0 measured; 10 filtered out; finished in 0.00s

     Running tests/gameplay_public_api.rs (target/pi-hyperion-integration/debug/deps/gameplay_public_api-5cfdc032f44afadb)

running 0 tests

test result: ok. 0 passed; 0 failed; 0 ignored; 0 measured; 3 filtered out; finished in 0.00s

bedwars_name_only_slots_exit_status=0
$ nix develop --no-update-lock-file /home/brittonr/git/mc/hyperion -c cargo test -p bedwars invalid_preset_prevents_partial_slot_installation -- --nocapture --test-threads=1
    Finished `test` profile [unoptimized + debuginfo] target(s) in 0.28s
     Running unittests src/lib.rs (target/pi-hyperion-integration/debug/deps/bedwars-08682e8796f16281)

running 1 test
test tests::invalid_preset_prevents_partial_slot_installation ... ok

test result: ok. 1 passed; 0 failed; 0 ignored; 0 measured; 19 filtered out; finished in 0.00s

     Running unittests src/main.rs (target/pi-hyperion-integration/debug/deps/bedwars-a448ffd521afd1cb)

running 0 tests

test result: ok. 0 passed; 0 failed; 0 ignored; 0 measured; 10 filtered out; finished in 0.00s

     Running tests/gameplay_public_api.rs (target/pi-hyperion-integration/debug/deps/gameplay_public_api-5cfdc032f44afadb)

running 0 tests

test result: ok. 0 passed; 0 failed; 0 ignored; 0 measured; 3 filtered out; finished in 0.00s

bedwars_partial_install_exit_status=0
$ nix develop --no-update-lock-file /home/brittonr/git/mc/hyperion -c cargo test -p bedwars diagnostics_registry_checks_reject_missing_and_stale_facts -- --nocapture --test-threads=1
    Finished `test` profile [unoptimized + debuginfo] target(s) in 0.27s
     Running unittests src/lib.rs (target/pi-hyperion-integration/debug/deps/bedwars-08682e8796f16281)

running 1 test
test tests::diagnostics_registry_checks_reject_missing_and_stale_facts ... ok

test result: ok. 1 passed; 0 failed; 0 ignored; 0 measured; 19 filtered out; finished in 0.00s

     Running unittests src/main.rs (target/pi-hyperion-integration/debug/deps/bedwars-a448ffd521afd1cb)

running 0 tests

test result: ok. 0 passed; 0 failed; 0 ignored; 0 measured; 10 filtered out; finished in 0.00s

     Running tests/gameplay_public_api.rs (target/pi-hyperion-integration/debug/deps/gameplay_public_api-5cfdc032f44afadb)

running 0 tests

test result: ok. 0 passed; 0 failed; 0 ignored; 0 measured; 3 filtered out; finished in 0.00s

bedwars_diagnostics_registry_exit_status=0
exit_status=0
