$ nix run path:/home/brittonr/git/mc#cairn -- archive 2026-06-30-extract-compat-runner-shell-modules --root /home/brittonr/git/mc
{
  "actions": [
    {
      "description": "move active change to archive: 2026-06-30-extract-compat-runner-shell-modules",
      "kind": "archive_change",
      "path": "/home/brittonr/git/mc/cairn/changes/2026-06-30-extract-compat-runner-shell-modules"
    }
  ],
  "blocked": false,
  "change": "2026-06-30-extract-compat-runner-shell-modules",
  "dry_run": true,
  "input_hash": "72e9b9519dd8aaf2e46571ed9333bb34ab055de070b77d61f25b261619b106d5",
  "layout": "cairn",
  "mutated": false,
  "mutation_manifest": null,
  "plan_hash": "96f1ed5fa6102d5aed9817611aedfc79b5f6295e12192a8766b2e83e587bb23f",
  "policy": "cairn-default",
  "policy_hash": "a210ed841d260e0bf026f3c67ec810216b6409cfe6036f9132b51cc4e3176618",
  "reasons": [],
  "receipt_hash": "6d8a80e33e3d9244067cc4e0c43d0e38d60f45c0a906f8b3e20b4017e033bf94"
}
2026-06-30-extract-compat-runner-shell-modules_archive_dry_run_exit_status=0
$ nix run path:/home/brittonr/git/mc#cairn -- archive 2026-06-30-factor-nix-flake-surfaces --root /home/brittonr/git/mc
{
  "actions": [
    {
      "description": "move active change to archive: 2026-06-30-factor-nix-flake-surfaces",
      "kind": "archive_change",
      "path": "/home/brittonr/git/mc/cairn/changes/2026-06-30-factor-nix-flake-surfaces"
    }
  ],
  "blocked": false,
  "change": "2026-06-30-factor-nix-flake-surfaces",
  "dry_run": true,
  "input_hash": "bdea52fb311f7f47cfa795af65165267cf087eb57917320603a1fd40f6d5c417",
  "layout": "cairn",
  "mutated": false,
  "mutation_manifest": null,
  "plan_hash": "0ec9e7bdd079c67b8ceba67de8dcb423ce068d7940052071c64ef5f25d20ec39",
  "policy": "cairn-default",
  "policy_hash": "a210ed841d260e0bf026f3c67ec810216b6409cfe6036f9132b51cc4e3176618",
  "reasons": [],
  "receipt_hash": "7504be75b32346c93b14363e3270344e8c15a9b9fc225757a8a5f82a76725d9f"
}
2026-06-30-factor-nix-flake-surfaces_archive_dry_run_exit_status=0
$ nix run path:/home/brittonr/git/mc#cairn -- archive 2026-06-30-modularize-stevenarella-server-runtime --root /home/brittonr/git/mc
{
  "actions": [
    {
      "description": "move active change to archive: 2026-06-30-modularize-stevenarella-server-runtime",
      "kind": "archive_change",
      "path": "/home/brittonr/git/mc/cairn/changes/2026-06-30-modularize-stevenarella-server-runtime"
    }
  ],
  "blocked": false,
  "change": "2026-06-30-modularize-stevenarella-server-runtime",
  "dry_run": true,
  "input_hash": "0e4db9adedff55690e7d0899a03ee487412538a6c0689126db3c47a5334d7d3f",
  "layout": "cairn",
  "mutated": false,
  "mutation_manifest": null,
  "plan_hash": "23bad74a7d7d732dc15965b41f09b15c546c6fe86f15c1effdb849e78d120b10",
  "policy": "cairn-default",
  "policy_hash": "a210ed841d260e0bf026f3c67ec810216b6409cfe6036f9132b51cc4e3176618",
  "reasons": [],
  "receipt_hash": "0f8a7e5123a6516d18272d6610b8b7ad3388cb99b7c736d6613b8e7b5541d6fa"
}
2026-06-30-modularize-stevenarella-server-runtime_archive_dry_run_exit_status=0
$ nix run path:/home/brittonr/git/mc#cairn -- archive 2026-06-30-modularize-valence-compat-fixtures --root /home/brittonr/git/mc
{
  "actions": [
    {
      "description": "move active change to archive: 2026-06-30-modularize-valence-compat-fixtures",
      "kind": "archive_change",
      "path": "/home/brittonr/git/mc/cairn/changes/2026-06-30-modularize-valence-compat-fixtures"
    }
  ],
  "blocked": false,
  "change": "2026-06-30-modularize-valence-compat-fixtures",
  "dry_run": true,
  "input_hash": "746a3b7d64c228cfdeec22ded9bef1a124742c3e5ebb278335515082dfdaba73",
  "layout": "cairn",
  "mutated": false,
  "mutation_manifest": null,
  "plan_hash": "319c2dcabb029b42ee4b211be8fecefd719a392c776239ee55186ee794150e4a",
  "policy": "cairn-default",
  "policy_hash": "a210ed841d260e0bf026f3c67ec810216b6409cfe6036f9132b51cc4e3176618",
  "reasons": [],
  "receipt_hash": "0fd4488d992be6b24c5e33c4e111bcf6c6db0eceaa02e87f1becf4609393d611"
}
2026-06-30-modularize-valence-compat-fixtures_archive_dry_run_exit_status=0
$ nix run path:/home/brittonr/git/mc#cairn -- archive 2026-06-30-reduce-stevenarella-hotspot-modules --root /home/brittonr/git/mc
{
  "actions": [
    {
      "description": "move active change to archive: 2026-06-30-reduce-stevenarella-hotspot-modules",
      "kind": "archive_change",
      "path": "/home/brittonr/git/mc/cairn/changes/2026-06-30-reduce-stevenarella-hotspot-modules"
    }
  ],
  "blocked": false,
  "change": "2026-06-30-reduce-stevenarella-hotspot-modules",
  "dry_run": true,
  "input_hash": "d2b29366bd3a8091a9d8badde736ff490a687e490393c447fdf232355d44d8b7",
  "layout": "cairn",
  "mutated": false,
  "mutation_manifest": null,
  "plan_hash": "e03754e18c8b73e7c53d345779cc84c68d3eda0ac91bdf2ddefec1dcc9c5889a",
  "policy": "cairn-default",
  "policy_hash": "a210ed841d260e0bf026f3c67ec810216b6409cfe6036f9132b51cc4e3176618",
  "reasons": [],
  "receipt_hash": "fdf6af8fbb4e706d16d99f3ae99c22ccb2a3b3160bfa2e59e44f9937526a5c07"
}
2026-06-30-reduce-stevenarella-hotspot-modules_archive_dry_run_exit_status=0
$ nix run path:/home/brittonr/git/mc#cairn -- archive 2026-06-30-split-scenario-core-family-modules --root /home/brittonr/git/mc
{
  "actions": [
    {
      "description": "move active change to archive: 2026-06-30-split-scenario-core-family-modules",
      "kind": "archive_change",
      "path": "/home/brittonr/git/mc/cairn/changes/2026-06-30-split-scenario-core-family-modules"
    }
  ],
  "blocked": false,
  "change": "2026-06-30-split-scenario-core-family-modules",
  "dry_run": true,
  "input_hash": "e8b574a48ea8923f0ace8c42d9256fc9c28f62fa71a10d848c2764dcea1952cb",
  "layout": "cairn",
  "mutated": false,
  "mutation_manifest": null,
  "plan_hash": "44613b2812b94fdf1014d915b9e48692a3aa0e76baeebda27aec2e95da6740fe",
  "policy": "cairn-default",
  "policy_hash": "a210ed841d260e0bf026f3c67ec810216b6409cfe6036f9132b51cc4e3176618",
  "reasons": [],
  "receipt_hash": "72bdc2f0f3a4462c250170a82dda066b751e43154b813622b49b1e4c8c7b8f0e"
}
2026-06-30-split-scenario-core-family-modules_archive_dry_run_exit_status=0
exit_status=0
