command=nix run .#cairn -- archive add-reusable-tick-run-conditions --root .
{
  "actions": [
    {
      "description": "move active change to archive: add-reusable-tick-run-conditions",
      "kind": "archive_change",
      "path": "./cairn/changes/add-reusable-tick-run-conditions"
    }
  ],
  "blocked": false,
  "change": "add-reusable-tick-run-conditions",
  "dry_run": true,
  "input_hash": "bace71c0552d9db248ea1f5a59414db10ec2f658d4cf6a991611da862a4be2a1",
  "layout": "cairn",
  "mutated": false,
  "mutation_manifest": null,
  "plan_hash": "c175443488d747ae3541c7a3293b292011a6f8afe0dd5cc422a231dcb3db5835",
  "policy": "cairn-default",
  "policy_hash": "a210ed841d260e0bf026f3c67ec810216b6409cfe6036f9132b51cc4e3176618",
  "reasons": [],
  "receipt_hash": "c26ca26e1f28a8ba489698dd1aa4d4d2969a181cca4ed0fa6e7e4ad201571c95"
}
exit_status=0
