command=nix run .#cairn -- gate tasks add-reusable-tick-run-conditions --root .
{
  "change": "add-reusable-tick-run-conditions",
  "evidence_summary": {
    "docs_only": 0,
    "fixture": 0,
    "formal": 0,
    "mode": "advisory",
    "model": 0,
    "probe": 0,
    "property": 0
  },
  "input_hash": "5552861d61f7697ce1d30e05f1c1b358d89153b195cc0ddb9047026bcbba45c5",
  "issues": [],
  "layout": "cairn",
  "policy": "cairn-default",
  "policy_hash": "a210ed841d260e0bf026f3c67ec810216b6409cfe6036f9132b51cc4e3176618",
  "receipt_hash": "6f4f8fe59f44b87a7f79b9762868d09e87fb41be80f1767cd19165cc3a3c92ff",
  "stage": "tasks",
  "valid": true,
  "verdict": "PASS"
}
exit_status=0
