## cairn sync execute
+ nix run .#cairn -- sync add-inventory-system-set-contracts --root . --execute
{
  "actions": [
    {
      "description": "merge delta spec into main specs: ./cairn/changes/add-inventory-system-set-contracts/specs/valence-bevy-ecs/spec.md",
      "kind": "sync_delta_spec",
      "path": "./cairn/changes/add-inventory-system-set-contracts/specs/valence-bevy-ecs/spec.md"
    }
  ],
  "blocked": false,
  "change": "add-inventory-system-set-contracts",
  "delta_specs": [
    "./cairn/changes/add-inventory-system-set-contracts/specs/valence-bevy-ecs/spec.md"
  ],
  "dry_run": false,
  "input_hash": "d03e36af3346bc7e932045b20bcec728de39943e366fd4e60ea48edf2e18522e",
  "layout": "cairn",
  "mutated": true,
  "mutation_manifest": {
    "after": {
      "entries": [
        {
          "content_hash": "38709ae46b02d2ca7fde3f8d20f143f5458e80655107412f21ed55c366a84387",
          "exists": true,
          "path": "./cairn/specs/valence-bevy-ecs/spec.md"
        }
      ],
      "manifest_hash": "1c671b20d469cfbe824e51664428875066954ca424a6f3896cfa599c88f12a79"
    },
    "before": {
      "entries": [
        {
          "content_hash": "38709ae46b02d2ca7fde3f8d20f143f5458e80655107412f21ed55c366a84387",
          "exists": true,
          "path": "./cairn/specs/valence-bevy-ecs/spec.md"
        }
      ],
      "manifest_hash": "1c671b20d469cfbe824e51664428875066954ca424a6f3896cfa599c88f12a79"
    },
    "kind": "sync",
    "manifest_hash": "7269d0e575df8210ed4826abe82819f75f286a22dc5e44651c18ba477d1da693"
  },
  "plan_hash": "dd0f245c6f5e06a16487dc2f5beb3e8ef0cec0fb8118297e72bc26f6a3da9d51",
  "policy": "cairn-default",
  "policy_hash": "a210ed841d260e0bf026f3c67ec810216b6409cfe6036f9132b51cc4e3176618",
  "reasons": [],
  "receipt_hash": "5bb40041aa97e37418f10d2f3d057ef7ba2f4b5ca096fc245244d4ff8daab661"
}
exit_status=0
]0;