command=CAIRN_ARCHIVE_DATE=2026-06-25 nix run .#cairn -- archive add-reusable-tick-run-conditions --root . --execute
{
  "actions": [
    {
      "description": "move active change to archive: add-reusable-tick-run-conditions",
      "kind": "archive_change",
      "path": "./cairn/archive/2026-06-25-add-reusable-tick-run-conditions"
    }
  ],
  "blocked": false,
  "change": "add-reusable-tick-run-conditions",
  "dry_run": false,
  "input_hash": "bace71c0552d9db248ea1f5a59414db10ec2f658d4cf6a991611da862a4be2a1",
  "layout": "cairn",
  "mutated": true,
  "mutation_manifest": {
    "after": {
      "entries": [
        {
          "content_hash": "a180ee334a1279778c8127842a0d07abccfccbc05a9a2cd320ee0ef211b0535e",
          "exists": true,
          "path": "./cairn/archive/2026-06-25-add-reusable-tick-run-conditions/design.md"
        },
        {
          "content_hash": "7e495643f4fc6ef396e49ab83ad00ba813638d95f106399539a5b2c0bda06535",
          "exists": true,
          "path": "./cairn/archive/2026-06-25-add-reusable-tick-run-conditions/proposal.md"
        },
        {
          "content_hash": "cb0d53dea2ab144f731efe815a5fad749c0ecd18e199d9e40231b7b676076e05",
          "exists": true,
          "path": "./cairn/archive/2026-06-25-add-reusable-tick-run-conditions/specs/valence-bevy-ecs/spec.md"
        },
        {
          "content_hash": "558f0b6d6ae8ff91b95a44ba0d37f71a53feb07a04d82f9ac45e19ef37598673",
          "exists": true,
          "path": "./cairn/archive/2026-06-25-add-reusable-tick-run-conditions/tasks.md"
        },
        {
          "content_hash": null,
          "exists": false,
          "path": "./cairn/changes/add-reusable-tick-run-conditions"
        }
      ],
      "manifest_hash": "7d0ec8f89270da47e5ff6cafc05fc9842d5b84322801e0f7e10be9bce525eea1"
    },
    "before": {
      "entries": [
        {
          "content_hash": "a180ee334a1279778c8127842a0d07abccfccbc05a9a2cd320ee0ef211b0535e",
          "exists": true,
          "path": "./cairn/changes/add-reusable-tick-run-conditions/design.md"
        },
        {
          "content_hash": "7e495643f4fc6ef396e49ab83ad00ba813638d95f106399539a5b2c0bda06535",
          "exists": true,
          "path": "./cairn/changes/add-reusable-tick-run-conditions/proposal.md"
        },
        {
          "content_hash": "cb0d53dea2ab144f731efe815a5fad749c0ecd18e199d9e40231b7b676076e05",
          "exists": true,
          "path": "./cairn/changes/add-reusable-tick-run-conditions/specs/valence-bevy-ecs/spec.md"
        },
        {
          "content_hash": "558f0b6d6ae8ff91b95a44ba0d37f71a53feb07a04d82f9ac45e19ef37598673",
          "exists": true,
          "path": "./cairn/changes/add-reusable-tick-run-conditions/tasks.md"
        }
      ],
      "manifest_hash": "e7e132ce2fe269d5f7bbf862723e6d2aad90c7054926d55ed078319e84108fcf"
    },
    "kind": "archive",
    "manifest_hash": "d1f1d81d8d8d0ca57156bf5a3114d63168b188e47a2a33d8bf55e33ca8a20d33"
  },
  "plan_hash": "9239dec81d393aa1f4181cf8cb2632c8a3db7e88e1958172f52208b38911ae59",
  "policy": "cairn-default",
  "policy_hash": "a210ed841d260e0bf026f3c67ec810216b6409cfe6036f9132b51cc4e3176618",
  "reasons": [],
  "receipt_hash": "c118b5524a2fcb3555873d58023630587bc7481c3c8e2287e1a91b05fa66cf79"
}
exit_status=0
