command=nix run .#cairn -- gate proposal add-reusable-tick-run-conditions --root .
{
  "change": "add-reusable-tick-run-conditions",
  "evidence_summary": {
    "docs_only": 0,
    "fixture": 0,
    "formal": 0,
    "mode": "advisory",
    "model": 0,
    "probe": 0,
    "property": 0
  },
  "input_hash": "95f738d0d80176fde47796a4197379659ce78314c24860d375026692137882ce",
  "issues": [],
  "layout": "cairn",
  "policy": "cairn-default",
  "policy_hash": "a210ed841d260e0bf026f3c67ec810216b6409cfe6036f9132b51cc4e3176618",
  "receipt_hash": "a87e8b2b43cb9f09e21d847fcf82176f07f93b221aa11d9bc29cf6f9b57c2856",
  "stage": "proposal",
  "valid": true,
  "verdict": "PASS"
}
exit_status=0
