command=nix run .#cairn -- gate design add-reusable-tick-run-conditions --root .
{
  "change": "add-reusable-tick-run-conditions",
  "evidence_summary": {
    "docs_only": 0,
    "fixture": 0,
    "formal": 0,
    "mode": "advisory",
    "model": 0,
    "probe": 0,
    "property": 0
  },
  "input_hash": "6f067f8a275bd9ccce83230888b5eab6579829ea5fc28ee606a7f33b0b8a0390",
  "issues": [],
  "layout": "cairn",
  "policy": "cairn-default",
  "policy_hash": "a210ed841d260e0bf026f3c67ec810216b6409cfe6036f9132b51cc4e3176618",
  "receipt_hash": "5fa823ecdb0db49941ac3937eb5e4e37136c0e577ba98489357180cbc9f8dcaf",
  "stage": "design",
  "valid": true,
  "verdict": "PASS"
}
exit_status=0
