## cairn archive execute
+ CAIRN_ARCHIVE_DATE=2026-06-25 nix run .#cairn -- archive add-inventory-system-set-contracts --root . --execute
{
  "actions": [
    {
      "description": "move active change to archive: add-inventory-system-set-contracts",
      "kind": "archive_change",
      "path": "./cairn/archive/2026-06-25-add-inventory-system-set-contracts"
    }
  ],
  "blocked": false,
  "change": "add-inventory-system-set-contracts",
  "dry_run": false,
  "input_hash": "d03e36af3346bc7e932045b20bcec728de39943e366fd4e60ea48edf2e18522e",
  "layout": "cairn",
  "mutated": true,
  "mutation_manifest": {
    "after": {
      "entries": [
        {
          "content_hash": "a3d120b49ffa46e5a936ea78a05940e2dd7f814e5b38fc2c1fec3e2cc1e79d72",
          "exists": true,
          "path": "./cairn/archive/2026-06-25-add-inventory-system-set-contracts/design.md"
        },
        {
          "content_hash": "3efcdbb60fef1db203c49fd7b60d6c22928f1baadf8338f616c072b7faf892c8",
          "exists": true,
          "path": "./cairn/archive/2026-06-25-add-inventory-system-set-contracts/proposal.md"
        },
        {
          "content_hash": "10089c6ba8f7fbbce5b0091edce3377237e67ea1a336f6a079288ade89bdb7b1",
          "exists": true,
          "path": "./cairn/archive/2026-06-25-add-inventory-system-set-contracts/specs/valence-bevy-ecs/spec.md"
        },
        {
          "content_hash": "608801cc4fa3262d165bc1b082ab1057e23492773bc180b3802e4c3ecf48bb23",
          "exists": true,
          "path": "./cairn/archive/2026-06-25-add-inventory-system-set-contracts/tasks.md"
        },
        {
          "content_hash": null,
          "exists": false,
          "path": "./cairn/changes/add-inventory-system-set-contracts"
        }
      ],
      "manifest_hash": "8d03fe99603d97a37cc028eb7add507f18e22b4882a9fb80a3d467d4c2c003cb"
    },
    "before": {
      "entries": [
        {
          "content_hash": "a3d120b49ffa46e5a936ea78a05940e2dd7f814e5b38fc2c1fec3e2cc1e79d72",
          "exists": true,
          "path": "./cairn/changes/add-inventory-system-set-contracts/design.md"
        },
        {
          "content_hash": "3efcdbb60fef1db203c49fd7b60d6c22928f1baadf8338f616c072b7faf892c8",
          "exists": true,
          "path": "./cairn/changes/add-inventory-system-set-contracts/proposal.md"
        },
        {
          "content_hash": "10089c6ba8f7fbbce5b0091edce3377237e67ea1a336f6a079288ade89bdb7b1",
          "exists": true,
          "path": "./cairn/changes/add-inventory-system-set-contracts/specs/valence-bevy-ecs/spec.md"
        },
        {
          "content_hash": "608801cc4fa3262d165bc1b082ab1057e23492773bc180b3802e4c3ecf48bb23",
          "exists": true,
          "path": "./cairn/changes/add-inventory-system-set-contracts/tasks.md"
        }
      ],
      "manifest_hash": "2235be9d162181fc66eee012a0c609bded284d466f844735b2754969f5597b5e"
    },
    "kind": "archive",
    "manifest_hash": "5701a0aeac2e24d0c3cdbd1b9695e9e3dbdf8a898431d8f7c1f853bdace90ea1"
  },
  "plan_hash": "e1524a676666d0c81899c5bbd86cb6086752cdff5b71df6f98ee0bfc562eee8d",
  "policy": "cairn-default",
  "policy_hash": "a210ed841d260e0bf026f3c67ec810216b6409cfe6036f9132b51cc4e3176618",
  "reasons": [],
  "receipt_hash": "3565dd893a78265185cc28e0c27feeb909eb8ebf414e59a6881fb9e5a2236058"
}
exit_status=0
]0;