## focused pre-change inventory baseline
+ nix develop --no-update-lock-file /home/brittonr/git/mc -c cargo test -p valence inventory:: --all-features
mc compat shell: use 'mc-compat-runner --dry-run' or 'nix run .#mc-compat-smoke -- --run'
Stevenarella dev env: cargo/rustc/xvfb-run/OpenSSL/fontconfig/freetype/libxcb paths are available
OnixResearch tools are pinned over SSH: cairn, cargo-octet
Steel is available for repo scripts, e.g. steel scripts/ralph-drain-cairns.scm --self-test
warning: unknown lint: `path_segment_repetition`
  --> crates/valence_text/src/color/mod.rs:12:9
   |
12 | #[allow(path_segment_repetition)]
   |         ^^^^^^^^^^^^^^^^^^^^^^^
   |
   = note: `#[warn(unknown_lints)]` on by default

warning: unknown lint: `path_segment_repetition`
  --> crates/valence_text/src/color/mod.rs:28:9
   |
28 | #[allow(path_segment_repetition)]
   |         ^^^^^^^^^^^^^^^^^^^^^^^

warning: unknown lint: `path_segment_repetition`
  --> crates/valence_text/src/color/mod.rs:41:9
   |
41 | #[allow(path_segment_repetition)]
   |         ^^^^^^^^^^^^^^^^^^^^^^^

warning: unknown lint: `path_segment_repetition`
  --> crates/valence_text/src/color/mod.rs:81:9
   |
81 | #[allow(path_segment_repetition)]
   |         ^^^^^^^^^^^^^^^^^^^^^^^

warning: unknown lint: `deref_polymorphism`
 --> crates/valence_text/src/ops.rs:2:9
  |
2 | #[allow(deref_polymorphism)]
  |         ^^^^^^^^^^^^^^^^^^

warning: `valence_text` (lib) generated 5 warnings
warning: unknown lint: `path_segment_repetition`
 --> crates/valence_inventory/src/slots.rs:4:9
  |
4 | #[allow(path_segment_repetition)]
  |         ^^^^^^^^^^^^^^^^^^^^^^^
  |
  = note: `#[warn(unknown_lints)]` on by default

warning: `valence_inventory` (lib) generated 1 warning
    Finished `test` profile [optimized + debuginfo] target(s) in 0.30s
     Running unittests src/lib.rs (/home/brittonr/.cargo-target/debug/deps/valence-9f1b0da706a7f0b4)

running 36 tests
[2m2026-06-26T01:23:07.156662Z[0m [31mERROR[0m [2mbevy_log[0m[2m:[0m Could not set global logger and tracing subscriber as they are already set. Consider disabling LogPlugin.
[2m2026-06-26T01:23:07.156805Z[0m [31mERROR[0m [2mbevy_log[0m[2m:[0m Could not set global logger and tracing subscriber as they are already set. Consider disabling LogPlugin.
[2m2026-06-26T01:23:07.156923Z[0m [31mERROR[0m [2mbevy_log[0m[2m:[0m Could not set global logger and tracing subscriber as they are already set. Consider disabling LogPlugin.
[2m2026-06-26T01:23:07.157559Z[0m [31mERROR[0m [2mbevy_log[0m[2m:[0m Could not set global logger and tracing subscriber as they are already set. Consider disabling LogPlugin.
[2m2026-06-26T01:23:07.157573Z[0m [31mERROR[0m [2mbevy_log[0m[2m:[0m Could not set global logger and tracing subscriber as they are already set. Consider disabling LogPlugin.
[2m2026-06-26T01:23:07.157609Z[0m [31mERROR[0m [2mbevy_log[0m[2m:[0m Could not set global logger and tracing subscriber as they are already set. Consider disabling LogPlugin.
[2m2026-06-26T01:23:07.157623Z[0m [31mERROR[0m [2mbevy_log[0m[2m:[0m Could not set global logger and tracing subscriber as they are already set. Consider disabling LogPlugin.
[2m2026-06-26T01:23:07.157883Z[0m [31mERROR[0m [2mbevy_log[0m[2m:[0m Could not set global logger and tracing subscriber as they are already set. Consider disabling LogPlugin.
[2m2026-06-26T01:23:07.157954Z[0m [31mERROR[0m [2mbevy_log[0m[2m:[0m Could not set global logger and tracing subscriber as they are already set. Consider disabling LogPlugin.
[2m2026-06-26T01:23:07.158236Z[0m [31mERROR[0m [2mbevy_log[0m[2m:[0m Could not set global logger and tracing subscriber as they are already set. Consider disabling LogPlugin.
[2m2026-06-26T01:23:07.158245Z[0m [31mERROR[0m [2mbevy_log[0m[2m:[0m Could not set global logger and tracing subscriber as they are already set. Consider disabling LogPlugin.
[2m2026-06-26T01:23:07.158251Z[0m [31mERROR[0m [2mbevy_log[0m[2m:[0m Could not set global logger and tracing subscriber as they are already set. Consider disabling LogPlugin.
[2m2026-06-26T01:23:07.158685Z[0m [31mERROR[0m [2mbevy_log[0m[2m:[0m Could not set global logger and tracing subscriber as they are already set. Consider disabling LogPlugin.
[2m2026-06-26T01:23:07.158696Z[0m [31mERROR[0m [2mbevy_log[0m[2m:[0m Could not set global logger and tracing subscriber as they are already set. Consider disabling LogPlugin.
[2m2026-06-26T01:23:07.158761Z[0m [31mERROR[0m [2mbevy_log[0m[2m:[0m Could not set global logger and tracing subscriber as they are already set. Consider disabling LogPlugin.
[2m2026-06-26T01:23:07.159013Z[0m [31mERROR[0m [2mbevy_log[0m[2m:[0m Could not set global logger and tracing subscriber as they are already set. Consider disabling LogPlugin.
[2m2026-06-26T01:23:07.159019Z[0m [31mERROR[0m [2mbevy_log[0m[2m:[0m Could not set global logger and tracing subscriber as they are already set. Consider disabling LogPlugin.
[2m2026-06-26T01:23:07.159183Z[0m [31mERROR[0m [2mbevy_log[0m[2m:[0m Could not set global logger and tracing subscriber as they are already set. Consider disabling LogPlugin.
[2m2026-06-26T01:23:07.159216Z[0m [31mERROR[0m [2mbevy_log[0m[2m:[0m Could not set global logger and tracing subscriber as they are already set. Consider disabling LogPlugin.
[2m2026-06-26T01:23:07.160267Z[0m [31mERROR[0m [2mbevy_log[0m[2m:[0m Could not set global logger and tracing subscriber as they are already set. Consider disabling LogPlugin.
[2m2026-06-26T01:23:07.160790Z[0m [31mERROR[0m [2mbevy_log[0m[2m:[0m Could not set global logger and tracing subscriber as they are already set. Consider disabling LogPlugin.
[2m2026-06-26T01:23:07.161268Z[0m [31mERROR[0m [2mbevy_log[0m[2m:[0m Could not set global logger and tracing subscriber as they are already set. Consider disabling LogPlugin.
[2m2026-06-26T01:23:07.161392Z[0m [31mERROR[0m [2mbevy_log[0m[2m:[0m Could not set global logger and tracing subscriber as they are already set. Consider disabling LogPlugin.
[2m2026-06-26T01:23:07.161523Z[0m [31mERROR[0m [2mbevy_log[0m[2m:[0m Could not set global logger and tracing subscriber as they are already set. Consider disabling LogPlugin.
[2m2026-06-26T01:23:07.161555Z[0m [31mERROR[0m [2mbevy_log[0m[2m:[0m Could not set global logger and tracing subscriber as they are already set. Consider disabling LogPlugin.
[2m2026-06-26T01:23:07.164141Z[0m [31mERROR[0m [2mbevy_log[0m[2m:[0m Could not set global logger and tracing subscriber as they are already set. Consider disabling LogPlugin.
[2m2026-06-26T01:23:07.165788Z[0m [31mERROR[0m [2mbevy_log[0m[2m:[0m Could not set global logger and tracing subscriber as they are already set. Consider disabling LogPlugin.
[2m2026-06-26T01:23:07.165835Z[0m [31mERROR[0m [2mbevy_log[0m[2m:[0m Could not set global logger and tracing subscriber as they are already set. Consider disabling LogPlugin.
[2m2026-06-26T01:23:07.165856Z[0m [31mERROR[0m [2mbevy_log[0m[2m:[0m Could not set global logger and tracing subscriber as they are already set. Consider disabling LogPlugin.
[2m2026-06-26T01:23:07.165964Z[0m [31mERROR[0m [2mbevy_log[0m[2m:[0m Could not set global logger and tracing subscriber as they are already set. Consider disabling LogPlugin.
[2m2026-06-26T01:23:07.170171Z[0m [31mERROR[0m [2mbevy_log[0m[2m:[0m Could not set global logger and tracing subscriber as they are already set. Consider disabling LogPlugin.
test tests::inventory::dropping_items::should_drop_item_stack_set_creative_mode_slot ... ok
test tests::inventory::dropping_items::prevent_drop_item_player_action_readonly_inventory ... ok
test tests::inventory::test_should_modify_open_inventory_click_slot ... ok
[2m2026-06-26T01:23:07.282771Z[0m [31mERROR[0m [2mbevy_log[0m[2m:[0m Could not set global logger and tracing subscriber as they are already set. Consider disabling LogPlugin.
[2m2026-06-26T01:23:07.282859Z[0m [31mERROR[0m [2mbevy_log[0m[2m:[0m Could not set global logger and tracing subscriber as they are already set. Consider disabling LogPlugin.
test tests::inventory::test_prevent_modify_open_inventory_click_slot_readonly_inventory ... ok
test tests::inventory::dropping_items::should_drop_item_player_action ... ok
[2m2026-06-26T01:23:07.284448Z[0m [31mERROR[0m [2mbevy_log[0m[2m:[0m Could not set global logger and tracing subscriber as they are already set. Consider disabling LogPlugin.
test tests::inventory::test_should_sync_entire_open_inventory ... ok
[2m2026-06-26T01:23:07.285689Z[0m [31mERROR[0m [2mbevy_log[0m[2m:[0m Could not set global logger and tracing subscriber as they are already set. Consider disabling LogPlugin.
test tests::inventory::test_should_modify_open_inventory_server_side ... ok
test tests::inventory::dropping_items::should_drop_item_stack_player_action ... ok
test tests::inventory::test_should_open_inventory ... ok
test tests::inventory::dropping_items::prevent_drop_item_click_container_with_dropkey_single_readonly_inventory ... ok
test tests::inventory::dropping_items::prevent_drop_item_stack_click_container_with_dropkey_readonly_inventory ... ok
test tests::inventory::should_drop_item_stack_player_open_inventory_with_dropkey ... ok
test tests::inventory::should_send_cursor_item_change_when_modified_on_the_server ... ok
test tests::inventory::dragging_items ... ok
test tests::inventory::test_should_handle_set_held_item ... ok
test tests::inventory::dropping_items::should_drop_item_stack_click_container_outside ... ok
test tests::inventory::test_ignore_set_creative_mode_slot_if_not_creative ... ok
test tests::inventory::test_should_close_inventory ... ok
test tests::inventory::test_prevent_shift_item_click_container_readonly_inventory ... ok
test tests::inventory::test_set_creative_mode_slot_handling ... ok
test tests::inventory::dropping_items::should_drop_item_stack_click_container_with_dropkey ... ok
test tests::inventory::dropping_items::should_drop_item_click_container_with_dropkey_single ... ok
test tests::inventory::test_prevent_hotbar_item_click_container_readonly_inventory ... ok
test tests::inventory::test_should_modify_player_inventory_click_slot ... ok
test tests::inventory::dropping_items::prevent_drop_item_stack_player_action_readonly_inventory ... ok
test tests::inventory::test_hotbar_item_swap_container ... ok
test tests::inventory::test_should_allow_non_modifying_inventory_clicks ... ok
test tests::inventory::dropping_items::prevent_drop_item_player_open_inventory_with_dropkey_readonly_inventory ... ok
test tests::inventory::should_not_increment_state_id_on_cursor_item_change ... ok
test tests::inventory::dropping_items::should_drop_item_player_open_inventory_with_dropkey ... ok
test tests::inventory::test_should_remove_invalid_open_inventory ... ok
test tests::inventory::test_should_modify_player_inventory_server_side ... ok
test tests::inventory::test_should_sync_entire_player_inventory ... ok
test tests::inventory::test_still_allow_hotbar_item_click_in_own_inventory_if_container_readonly_inventory ... ok
test tests::inventory::test_sync_inventory_change_made_from_valence_while_inventory_is_opened ... ok
test tests::inventory::test_window_id_increments ... ok

test result: ok. 36 passed; 0 failed; 0 ignored; 0 measured; 58 filtered out; finished in 0.16s

     Running tests/command_ergonomics_macros.rs (/home/brittonr/.cargo-target/debug/deps/command_ergonomics_macros-3a60725b4e87119f)

running 0 tests

test result: ok. 0 passed; 0 failed; 0 ignored; 0 measured; 4 filtered out; finished in 0.00s

exit_status=0
]0;