## cairn archive dry-run
+ nix run .#cairn -- archive add-inventory-system-set-contracts --root .
{
  "actions": [
    {
      "description": "move active change to archive: add-inventory-system-set-contracts",
      "kind": "archive_change",
      "path": "./cairn/changes/add-inventory-system-set-contracts"
    }
  ],
  "blocked": false,
  "change": "add-inventory-system-set-contracts",
  "dry_run": true,
  "input_hash": "d03e36af3346bc7e932045b20bcec728de39943e366fd4e60ea48edf2e18522e",
  "layout": "cairn",
  "mutated": false,
  "mutation_manifest": null,
  "plan_hash": "0175d32cf04f7e5242319b0817aae4ff20e0020634465a1210df4605992c9f28",
  "policy": "cairn-default",
  "policy_hash": "a210ed841d260e0bf026f3c67ec810216b6409cfe6036f9132b51cc4e3176618",
  "reasons": [],
  "receipt_hash": "8e23d576e7e0c1a8e88478845d1c71d2729418f39ee0682bbc96c816cea2a809"
}
exit_status=0
]0;