command=nix run .#cairn -- sync add-reusable-tick-run-conditions --root . --execute
{
  "actions": [
    {
      "description": "merge delta spec into main specs: ./cairn/changes/add-reusable-tick-run-conditions/specs/valence-bevy-ecs/spec.md",
      "kind": "sync_delta_spec",
      "path": "./cairn/changes/add-reusable-tick-run-conditions/specs/valence-bevy-ecs/spec.md"
    }
  ],
  "blocked": false,
  "change": "add-reusable-tick-run-conditions",
  "delta_specs": [
    "./cairn/changes/add-reusable-tick-run-conditions/specs/valence-bevy-ecs/spec.md"
  ],
  "dry_run": false,
  "input_hash": "bace71c0552d9db248ea1f5a59414db10ec2f658d4cf6a991611da862a4be2a1",
  "layout": "cairn",
  "mutated": true,
  "mutation_manifest": {
    "after": {
      "entries": [
        {
          "content_hash": "0ebf6e8753ae2ddac7c4b39e946144f8220f2e14c309c1eb90da02cd22f6fa2f",
          "exists": true,
          "path": "./cairn/specs/valence-bevy-ecs/spec.md"
        }
      ],
      "manifest_hash": "4330785618e6f06a5605fc2fb243bf91bb5f1bbe1f669eeefc1deb2fbd5cb815"
    },
    "before": {
      "entries": [
        {
          "content_hash": "0ebf6e8753ae2ddac7c4b39e946144f8220f2e14c309c1eb90da02cd22f6fa2f",
          "exists": true,
          "path": "./cairn/specs/valence-bevy-ecs/spec.md"
        }
      ],
      "manifest_hash": "4330785618e6f06a5605fc2fb243bf91bb5f1bbe1f669eeefc1deb2fbd5cb815"
    },
    "kind": "sync",
    "manifest_hash": "4a0c0952f7a7897fcbc86ae9866250f96bac9b381cfd746c18b7ac5383ae4f62"
  },
  "plan_hash": "7a479e4ea3dd81ba37a5988461b9ff7d16676eb49d80e44b3f3630153e876d43",
  "policy": "cairn-default",
  "policy_hash": "a210ed841d260e0bf026f3c67ec810216b6409cfe6036f9132b51cc4e3176618",
  "reasons": [],
  "receipt_hash": "0b47dbec5f1c293234ac3fdaef6d14e3d01bb267703ab142154e91daf092180b"
}
exit_status=0
