command=nix run .#cairn -- gate design add-reusable-tick-run-conditions --root .
{
  "change": "add-reusable-tick-run-conditions",
  "evidence_summary": {
    "docs_only": 0,
    "fixture": 0,
    "formal": 0,
    "mode": "advisory",
    "model": 0,
    "probe": 0,
    "property": 0
  },
  "input_hash": "568a33b7cb8e5db4f9f6dcd6beebbc3716980404639d5f54d7d3273b94e1968b",
  "issues": [],
  "layout": "cairn",
  "policy": "cairn-default",
  "policy_hash": "a210ed841d260e0bf026f3c67ec810216b6409cfe6036f9132b51cc4e3176618",
  "receipt_hash": "8b2573045d0529bea19243d717e5b37c9cc212618a52e9fe5829b159ce875fd5",
  "stage": "design",
  "valid": true,
  "verdict": "PASS"
}
exit_status=0
