command=nix develop --no-update-lock-file /home/brittonr/git/mc -c cargo test -p valence_server_common --lib
mc compat shell: use 'mc-compat-runner --dry-run' or 'nix run .#mc-compat-smoke -- --run'
Stevenarella dev env: cargo/rustc/xvfb-run/OpenSSL/fontconfig/freetype/libxcb paths are available
OnixResearch tools are pinned over SSH: cairn, cargo-octet
Steel is available for repo scripts, e.g. steel scripts/ralph-drain-cairns.scm --self-test
warning: unknown lint: `path_segment_repetition`
  --> crates/valence_text/src/color/mod.rs:12:9
   |
12 | #[allow(path_segment_repetition)]
   |         ^^^^^^^^^^^^^^^^^^^^^^^
   |
   = note: `#[warn(unknown_lints)]` on by default

warning: unknown lint: `path_segment_repetition`
  --> crates/valence_text/src/color/mod.rs:28:9
   |
28 | #[allow(path_segment_repetition)]
   |         ^^^^^^^^^^^^^^^^^^^^^^^

warning: unknown lint: `path_segment_repetition`
  --> crates/valence_text/src/color/mod.rs:41:9
   |
41 | #[allow(path_segment_repetition)]
   |         ^^^^^^^^^^^^^^^^^^^^^^^

warning: unknown lint: `path_segment_repetition`
  --> crates/valence_text/src/color/mod.rs:81:9
   |
81 | #[allow(path_segment_repetition)]
   |         ^^^^^^^^^^^^^^^^^^^^^^^

warning: unknown lint: `deref_polymorphism`
 --> crates/valence_text/src/ops.rs:2:9
  |
2 | #[allow(deref_polymorphism)]
  |         ^^^^^^^^^^^^^^^^^^

warning: `valence_text` (lib) generated 5 warnings
warning: method `packet_data_range` is never used
   --> crates/valence_protocol/src/decode.rs:192:8
    |
187 | impl PacketFrameLayout {
    | ---------------------- method in this implementation
...
192 |     fn packet_data_range(self) -> Range<usize> {
    |        ^^^^^^^^^^^^^^^^^
    |
    = note: `#[warn(dead_code)]` (part of `#[warn(unused)]`) on by default

warning: `valence_protocol` (lib) generated 1 warning
   Compiling valence_server_common v0.2.0-alpha.1+mc.1.20.1 (/home/brittonr/git/mc/servers/valence/crates/valence_server_common)
    Finished `test` profile [optimized + debuginfo] target(s) in 1.47s
     Running unittests src/lib.rs (/home/brittonr/.cargo-target/debug/deps/valence_server_common-8c99bb8775b390ea)

running 7 tests
test tick_run_condition::tests::invalid_intervals_return_typed_errors ... ok
test tick_run_condition::tests::cadence_phase_aligns_due_ticks ... ok
test tick_run_condition::tests::cadence_accepts_due_ticks_and_rejects_not_due_ticks ... ok
test tick_run_condition::tests::run_condition_fails_closed_without_server_plugin ... ok
test tick_run_condition::tests::once_per_second_uses_current_tick_rate_at_evaluation_time ... ok
test tick_run_condition::tests::run_condition_runs_system_on_due_ticks_only ... ok
test tick_run_condition::tests::ungated_event_reader_does_not_replay_stale_events_on_due_tick ... ok

test result: ok. 7 passed; 0 failed; 0 ignored; 0 measured; 0 filtered out; finished in 0.00s

exit_status=0
