command=nix run .#cairn -- gate proposal add-reusable-tick-run-conditions --root .
{
  "change": "add-reusable-tick-run-conditions",
  "evidence_summary": {
    "docs_only": 0,
    "fixture": 0,
    "formal": 0,
    "mode": "advisory",
    "model": 0,
    "probe": 0,
    "property": 0
  },
  "input_hash": "652fd050e4d3851d585d5c9d7fe5e7b5a4d9bfe50d534bcd92fbef7afcb580fb",
  "issues": [],
  "layout": "cairn",
  "policy": "cairn-default",
  "policy_hash": "a210ed841d260e0bf026f3c67ec810216b6409cfe6036f9132b51cc4e3176618",
  "receipt_hash": "6f8fb72162bd488a9e09ccd7f1c65b8ec50280b933253b73375544be57615324",
  "stage": "proposal",
  "valid": true,
  "verdict": "PASS"
}
exit_status=0
