command=nix run .#cairn -- gate proposal add-reusable-tick-run-conditions --root .
{
  "change": "add-reusable-tick-run-conditions",
  "evidence_summary": {
    "docs_only": 0,
    "fixture": 0,
    "formal": 0,
    "mode": "advisory",
    "model": 0,
    "probe": 0,
    "property": 0
  },
  "input_hash": "8919f1455a113b150d271aea70eda8a29ac52581a2e49943779d108a26ee23e8",
  "issues": [],
  "layout": "cairn",
  "policy": "cairn-default",
  "policy_hash": "a210ed841d260e0bf026f3c67ec810216b6409cfe6036f9132b51cc4e3176618",
  "receipt_hash": "6cb02047803a4432461b5a169309d4944a1dca53df116b6e76f9aefb0b2cdc31",
  "stage": "proposal",
  "valid": true,
  "verdict": "PASS"
}
exit_status=0
