command=nix run .#cairn -- gate tasks add-reusable-tick-run-conditions --root .
{
  "change": "add-reusable-tick-run-conditions",
  "evidence_summary": {
    "docs_only": 0,
    "fixture": 0,
    "formal": 0,
    "mode": "advisory",
    "model": 0,
    "probe": 0,
    "property": 0
  },
  "input_hash": "5c3e67469cd978d07baaffe39f2db28d61f667e2e20ed2d146fb34b08c905ed9",
  "issues": [],
  "layout": "cairn",
  "policy": "cairn-default",
  "policy_hash": "a210ed841d260e0bf026f3c67ec810216b6409cfe6036f9132b51cc4e3176618",
  "receipt_hash": "a93e46a2402ab626d85ccfa00cc393515494b075c5a44e2dac35e4260706591e",
  "stage": "tasks",
  "valid": true,
  "verdict": "PASS"
}
exit_status=0
