## cairn sync dry-run
+ nix run .#cairn -- sync add-inventory-system-set-contracts --root .
{
  "actions": [
    {
      "description": "merge delta spec into main specs: ./cairn/changes/add-inventory-system-set-contracts/specs/valence-bevy-ecs/spec.md",
      "kind": "sync_delta_spec",
      "path": "./cairn/changes/add-inventory-system-set-contracts/specs/valence-bevy-ecs/spec.md"
    }
  ],
  "blocked": false,
  "change": "add-inventory-system-set-contracts",
  "delta_specs": [
    "./cairn/changes/add-inventory-system-set-contracts/specs/valence-bevy-ecs/spec.md"
  ],
  "dry_run": true,
  "input_hash": "d03e36af3346bc7e932045b20bcec728de39943e366fd4e60ea48edf2e18522e",
  "layout": "cairn",
  "mutated": false,
  "mutation_manifest": null,
  "plan_hash": "9b1b9b8d5635af3279babead9ecde6b91498705ea4e4fbacf97ac5a39c14a714",
  "policy": "cairn-default",
  "policy_hash": "a210ed841d260e0bf026f3c67ec810216b6409cfe6036f9132b51cc4e3176618",
  "reasons": [],
  "receipt_hash": "15630afcf295b3b685cfe8c043271ff6bf1efd646a2b4d9b05dbcf5ac89f079c"
}
exit_status=0
]0;