command=nix run .#cairn -- sync adopt-bevy-lifecycle-cleanup-patterns --root .
{
  "actions": [
    {
      "description": "merge delta spec into main specs: ./cairn/changes/adopt-bevy-lifecycle-cleanup-patterns/specs/valence-bevy-ecs/spec.md",
      "kind": "sync_delta_spec",
      "path": "./cairn/changes/adopt-bevy-lifecycle-cleanup-patterns/specs/valence-bevy-ecs/spec.md"
    }
  ],
  "blocked": false,
  "change": "adopt-bevy-lifecycle-cleanup-patterns",
  "delta_specs": [
    "./cairn/changes/adopt-bevy-lifecycle-cleanup-patterns/specs/valence-bevy-ecs/spec.md"
  ],
  "dry_run": true,
  "input_hash": "fc57592e5a07437e376806367bff668cf2e01edf88883e9071e8ea54f920cb98",
  "layout": "cairn",
  "mutated": false,
  "mutation_manifest": null,
  "plan_hash": "9ac64c43d39ed68e62a47a1ba2996b09301fd196d3e6dda07a97b332c2a531a8",
  "policy": "cairn-default",
  "policy_hash": "a210ed841d260e0bf026f3c67ec810216b6409cfe6036f9132b51cc4e3176618",
  "reasons": [],
  "receipt_hash": "0cb754fe572c01c8080ba51bd098116cb502f311858872370b0e626139c53b2e"
}
exit_status=0
