
$ nix run .#cairn -- archive centralize-example-runtime-config-resources --root . --execute
{
  "actions": [
    {
      "description": "move active change to archive: centralize-example-runtime-config-resources",
      "kind": "archive_change",
      "path": "./cairn/archive/1970-01-01-centralize-example-runtime-config-resources"
    }
  ],
  "blocked": false,
  "change": "centralize-example-runtime-config-resources",
  "dry_run": false,
  "input_hash": "e53e4caf220477c206be2b05996cf6debf6f3a893610d6872362b707db5bf300",
  "layout": "cairn",
  "mutated": true,
  "mutation_manifest": {
    "after": {
      "entries": [
        {
          "content_hash": "64d3c596c77b737a8b67bd79c55f9a9f561fd1f4f40dedc7d3bdaca27eba90ea",
          "exists": true,
          "path": "./cairn/archive/1970-01-01-centralize-example-runtime-config-resources/design.md"
        },
        {
          "content_hash": "a7c9976823d19b12b652f7d0ff199b544b1a1c4abb129d1e0802b0076ea85538",
          "exists": true,
          "path": "./cairn/archive/1970-01-01-centralize-example-runtime-config-resources/proposal.md"
        },
        {
          "content_hash": "0c7e68e838036e548168aa42d99278ed580dbc29332b678da9d6cca5bfa3cfca",
          "exists": true,
          "path": "./cairn/archive/1970-01-01-centralize-example-runtime-config-resources/specs/valence-bevy-ecs/spec.md"
        },
        {
          "content_hash": "a3c75a3035aa50a4f2ddb20245ea7fdd2da004eb7cfae394191f233d2a1fe784",
          "exists": true,
          "path": "./cairn/archive/1970-01-01-centralize-example-runtime-config-resources/tasks.md"
        },
        {
          "content_hash": null,
          "exists": false,
          "path": "./cairn/changes/centralize-example-runtime-config-resources"
        }
      ],
      "manifest_hash": "7d90c27252f5b228215fa570f5645700753b981b76ab42929c2458e9f675faf5"
    },
    "before": {
      "entries": [
        {
          "content_hash": "64d3c596c77b737a8b67bd79c55f9a9f561fd1f4f40dedc7d3bdaca27eba90ea",
          "exists": true,
          "path": "./cairn/changes/centralize-example-runtime-config-resources/design.md"
        },
        {
          "content_hash": "a7c9976823d19b12b652f7d0ff199b544b1a1c4abb129d1e0802b0076ea85538",
          "exists": true,
          "path": "./cairn/changes/centralize-example-runtime-config-resources/proposal.md"
        },
        {
          "content_hash": "0c7e68e838036e548168aa42d99278ed580dbc29332b678da9d6cca5bfa3cfca",
          "exists": true,
          "path": "./cairn/changes/centralize-example-runtime-config-resources/specs/valence-bevy-ecs/spec.md"
        },
        {
          "content_hash": "a3c75a3035aa50a4f2ddb20245ea7fdd2da004eb7cfae394191f233d2a1fe784",
          "exists": true,
          "path": "./cairn/changes/centralize-example-runtime-config-resources/tasks.md"
        }
      ],
      "manifest_hash": "7568d8be8c5c2f27db772bbc6679d0c0e58de68607bff16b6b77df7656c3b98f"
    },
    "kind": "archive",
    "manifest_hash": "3ed163d6b92b3a863733a591c196ab8fc840e066ba8b051639dc55fd568b830a"
  },
  "plan_hash": "559ade85068eb57306d077e7c053e58c3f705e9f066b664b641160fe95cc1b86",
  "policy": "cairn-default",
  "policy_hash": "a210ed841d260e0bf026f3c67ec810216b6409cfe6036f9132b51cc4e3176618",
  "reasons": [],
  "receipt_hash": "8ad4a2c58dd8818ce2f1bb9b5c9239aa8a6bc88669327527e2912b0a3b4bb878"
}
command_exit_status=0

exit_status=0
