
$ nix run .#cairn -- gate proposal centralize-example-runtime-config-resources --root .
{
  "change": "centralize-example-runtime-config-resources",
  "evidence_summary": {
    "docs_only": 0,
    "fixture": 0,
    "formal": 0,
    "mode": "advisory",
    "model": 0,
    "probe": 0,
    "property": 0
  },
  "input_hash": "fc369366b270d8ced0b61d89091c79e04467c66e0b92ddc6a53917bdd0a542ac",
  "issues": [],
  "layout": "cairn",
  "policy": "cairn-default",
  "policy_hash": "a210ed841d260e0bf026f3c67ec810216b6409cfe6036f9132b51cc4e3176618",
  "receipt_hash": "6253b1b9c70fecd97cda9fed25bc0b16c844351d2e90560edb921da821a83fb4",
  "stage": "proposal",
  "valid": true,
  "verdict": "PASS"
}
command_exit_status=0

$ nix run .#cairn -- gate design centralize-example-runtime-config-resources --root .
{
  "change": "centralize-example-runtime-config-resources",
  "evidence_summary": {
    "docs_only": 0,
    "fixture": 0,
    "formal": 0,
    "mode": "advisory",
    "model": 0,
    "probe": 0,
    "property": 0
  },
  "input_hash": "38474e659ddeb7ae03bfb597839d45e8169eeb955a2a743dbc6a13391f356c92",
  "issues": [],
  "layout": "cairn",
  "policy": "cairn-default",
  "policy_hash": "a210ed841d260e0bf026f3c67ec810216b6409cfe6036f9132b51cc4e3176618",
  "receipt_hash": "112ea948b347d00e8c30686b57019d3343ae70580ca49e91ee2960e6e9af901c",
  "stage": "design",
  "valid": true,
  "verdict": "PASS"
}
command_exit_status=0

$ nix run .#cairn -- gate tasks centralize-example-runtime-config-resources --root .
{
  "change": "centralize-example-runtime-config-resources",
  "evidence_summary": {
    "docs_only": 0,
    "fixture": 0,
    "formal": 0,
    "mode": "advisory",
    "model": 0,
    "probe": 0,
    "property": 0
  },
  "input_hash": "b647fa73879a6c552bcaef02e89b74de91ebc170355adad2d6179929ea9f19e8",
  "issues": [],
  "layout": "cairn",
  "policy": "cairn-default",
  "policy_hash": "a210ed841d260e0bf026f3c67ec810216b6409cfe6036f9132b51cc4e3176618",
  "receipt_hash": "ce56401003c7ecbd372e2df02bce7e84f98f82adbe7f12edc0b95fb04ff4922f",
  "stage": "tasks",
  "valid": true,
  "verdict": "PASS"
}
command_exit_status=0

$ nix run .#cairn -- validate --root .
{
  "change_issues": [],
  "changes": 8,
  "issues": [],
  "layout": "cairn",
  "policy": "cairn-default",
  "spec_issues": [],
  "specs_validated": 13,
  "valid": true
}
command_exit_status=0

$ nix build .#checks.x86_64-linux.mc-compat-cairn-task-evidence --no-link -L
warning: error: unable to download 'http://100.100.103.95:5000/q7gsi9c1f0bs4lwkk00xy6wb1y30jc55.narinfo': Timeout was reached (28) Connection timed out after 5000 milliseconds; retrying in 250 ms
warning: error: unable to download 'http://100.100.103.95:5000/q7gsi9c1f0bs4lwkk00xy6wb1y30jc55.narinfo': Could not connect to server (7) Failed to connect to 100.100.103.95 port 5000 after 1038 ms: Could not connect to server; retrying in 521 ms
warning: error: unable to download 'http://100.100.103.95:5000/q7gsi9c1f0bs4lwkk00xy6wb1y30jc55.narinfo': Timeout was reached (28) Connection timed out after 5000 milliseconds; retrying in 1359 ms
warning: error: unable to download 'http://100.100.103.95:5000/q7gsi9c1f0bs4lwkk00xy6wb1y30jc55.narinfo': Timeout was reached (28) Connection timed out after 5000 milliseconds; retrying in 2444 ms
disabling binary cache 'http://100.100.103.95:5000' for 60 seconds
error:
       … during download of 'http://100.100.103.95:5000/q7gsi9c1f0bs4lwkk00xy6wb1y30jc55.narinfo'

       error: unable to download 'http://100.100.103.95:5000/q7gsi9c1f0bs4lwkk00xy6wb1y30jc55.narinfo': Timeout was reached (28) Connection timed out after 5000 milliseconds
this derivation will be built:
  /nix/store/j7v2izw3wbcl23cnr4m14ih4dhqcr2mm-mc-compat-cairn-task-evidence.drv
cannot build on 'ssh-ng://root@10.10.10.1': error: failed to start SSH connection to '10.10.10.1'
building '/nix/store/j7v2izw3wbcl23cnr4m14ih4dhqcr2mm-mc-compat-cairn-task-evidence.drv'...
command_exit_status=0

$ nix run .#evidence-manifest-refresh -- --check
evidence manifest refresh ok: mode=check; passes=0; manifests=503; entries=4434; current=4434; stale=0; missing=0; malformed=0; outside_root=0; not_file=0
command_exit_status=0

exit_status=0
