
$ nix run .#cairn -- archive centralize-example-runtime-config-resources --root .
{
  "actions": [
    {
      "description": "move active change to archive: centralize-example-runtime-config-resources",
      "kind": "archive_change",
      "path": "./cairn/changes/centralize-example-runtime-config-resources"
    }
  ],
  "blocked": false,
  "change": "centralize-example-runtime-config-resources",
  "dry_run": true,
  "input_hash": "e53e4caf220477c206be2b05996cf6debf6f3a893610d6872362b707db5bf300",
  "layout": "cairn",
  "mutated": false,
  "mutation_manifest": null,
  "plan_hash": "97a5ac0a3d561b92062c21d73babf25981acc7917f67f82338b4849cfb7ac54c",
  "policy": "cairn-default",
  "policy_hash": "a210ed841d260e0bf026f3c67ec810216b6409cfe6036f9132b51cc4e3176618",
  "reasons": [],
  "receipt_hash": "12ef43ea336d493e32dfd6122404a7591d344895e0e9d01c992ba6ad5caeb102"
}
command_exit_status=0

exit_status=0
