# extract-worldgen-task-orchestration-plugin sync execute
cwd=/home/brittonr/git/mc
started_at=2026-06-26T04:18:00Z
+ nix run .#cairn -- sync extract-worldgen-task-orchestration-plugin --root . --execute
{
  "actions": [
    {
      "description": "merge delta spec into main specs: ./cairn/changes/extract-worldgen-task-orchestration-plugin/specs/valence-bevy-ecs/spec.md",
      "kind": "sync_delta_spec",
      "path": "./cairn/changes/extract-worldgen-task-orchestration-plugin/specs/valence-bevy-ecs/spec.md"
    }
  ],
  "blocked": false,
  "change": "extract-worldgen-task-orchestration-plugin",
  "delta_specs": [
    "./cairn/changes/extract-worldgen-task-orchestration-plugin/specs/valence-bevy-ecs/spec.md"
  ],
  "dry_run": false,
  "input_hash": "c26a63fba067023f8c3ac5273e47286372ffecb2e0e8a01b3f88f12f8df94238",
  "layout": "cairn",
  "mutated": true,
  "mutation_manifest": {
    "after": {
      "entries": [
        {
          "content_hash": "3af1cb6e343b48799d9b12b0aa995334211a86188f3ecca112e8a25bc1c32480",
          "exists": true,
          "path": "./cairn/specs/valence-bevy-ecs/spec.md"
        }
      ],
      "manifest_hash": "a4a142139d0a70dc45dd6d6882dd6cd2da074b57bed199d738250022a0174073"
    },
    "before": {
      "entries": [
        {
          "content_hash": "3af1cb6e343b48799d9b12b0aa995334211a86188f3ecca112e8a25bc1c32480",
          "exists": true,
          "path": "./cairn/specs/valence-bevy-ecs/spec.md"
        }
      ],
      "manifest_hash": "a4a142139d0a70dc45dd6d6882dd6cd2da074b57bed199d738250022a0174073"
    },
    "kind": "sync",
    "manifest_hash": "e320e613dbaf8829de5c41c0c1c795ab9c5bb48da9392da2e30301c76f50390d"
  },
  "plan_hash": "6b843247590ec4361b7297862c3e6e7e0e3a2c8a33c397019e4a33398346e4b0",
  "policy": "cairn-default",
  "policy_hash": "a210ed841d260e0bf026f3c67ec810216b6409cfe6036f9132b51cc4e3176618",
  "reasons": [],
  "receipt_hash": "e11c6e65f649275425160810f7af9cc603babec4e32457fbac6f48c572a65b25"
}
exit_status=0
