# extract-worldgen-task-orchestration-plugin sync dry-run
cwd=/home/brittonr/git/mc
started_at=2026-06-26T04:17:34Z
+ nix run .#cairn -- sync extract-worldgen-task-orchestration-plugin --root .
{
  "actions": [
    {
      "description": "merge delta spec into main specs: ./cairn/changes/extract-worldgen-task-orchestration-plugin/specs/valence-bevy-ecs/spec.md",
      "kind": "sync_delta_spec",
      "path": "./cairn/changes/extract-worldgen-task-orchestration-plugin/specs/valence-bevy-ecs/spec.md"
    }
  ],
  "blocked": false,
  "change": "extract-worldgen-task-orchestration-plugin",
  "delta_specs": [
    "./cairn/changes/extract-worldgen-task-orchestration-plugin/specs/valence-bevy-ecs/spec.md"
  ],
  "dry_run": true,
  "input_hash": "c26a63fba067023f8c3ac5273e47286372ffecb2e0e8a01b3f88f12f8df94238",
  "layout": "cairn",
  "mutated": false,
  "mutation_manifest": null,
  "plan_hash": "6a52038b1906fd8f96469922292a04f3056ec2cdc90b5fe685fb09a7a09e77a1",
  "policy": "cairn-default",
  "policy_hash": "a210ed841d260e0bf026f3c67ec810216b6409cfe6036f9132b51cc4e3176618",
  "reasons": [],
  "receipt_hash": "c0b641da5c569f3df19e87881098909eec03e927ef6f3943e9268836089aa241"
}
exit_status=0
