# extract-worldgen-task-orchestration-plugin archive execute
cwd=/home/brittonr/git/mc
started_at=2026-06-26T04:20:46Z
+ CAIRN_ARCHIVE_DATE=2026-06-25 nix run .#cairn -- archive extract-worldgen-task-orchestration-plugin --root . --execute
{
  "actions": [
    {
      "description": "move active change to archive: extract-worldgen-task-orchestration-plugin",
      "kind": "archive_change",
      "path": "./cairn/archive/2026-06-25-extract-worldgen-task-orchestration-plugin"
    }
  ],
  "blocked": false,
  "change": "extract-worldgen-task-orchestration-plugin",
  "dry_run": false,
  "input_hash": "c26a63fba067023f8c3ac5273e47286372ffecb2e0e8a01b3f88f12f8df94238",
  "layout": "cairn",
  "mutated": true,
  "mutation_manifest": {
    "after": {
      "entries": [
        {
          "content_hash": "fd48bb595e70b6dd2eb498d392dcd905b733f705bee3e2fdc0969b1e683df2be",
          "exists": true,
          "path": "./cairn/archive/2026-06-25-extract-worldgen-task-orchestration-plugin/design.md"
        },
        {
          "content_hash": "f44095e27956a528f3f7b18d1018e465d021b7c077c2ccddfade29a257da9809",
          "exists": true,
          "path": "./cairn/archive/2026-06-25-extract-worldgen-task-orchestration-plugin/proposal.md"
        },
        {
          "content_hash": "aecb16b1d14111c6a5ed72384967bd3b75c3d8fa6f8390241dced0f54aa8be50",
          "exists": true,
          "path": "./cairn/archive/2026-06-25-extract-worldgen-task-orchestration-plugin/specs/valence-bevy-ecs/spec.md"
        },
        {
          "content_hash": "b13205f06977b4f1df40f505faf67cd295c107e2c36b899a0dac7df8e05cd311",
          "exists": true,
          "path": "./cairn/archive/2026-06-25-extract-worldgen-task-orchestration-plugin/tasks.md"
        },
        {
          "content_hash": null,
          "exists": false,
          "path": "./cairn/changes/extract-worldgen-task-orchestration-plugin"
        }
      ],
      "manifest_hash": "d801e9485f691f82091f60bec0a67a267bce27ea879c25a86dbe07f2a2666dfa"
    },
    "before": {
      "entries": [
        {
          "content_hash": "fd48bb595e70b6dd2eb498d392dcd905b733f705bee3e2fdc0969b1e683df2be",
          "exists": true,
          "path": "./cairn/changes/extract-worldgen-task-orchestration-plugin/design.md"
        },
        {
          "content_hash": "f44095e27956a528f3f7b18d1018e465d021b7c077c2ccddfade29a257da9809",
          "exists": true,
          "path": "./cairn/changes/extract-worldgen-task-orchestration-plugin/proposal.md"
        },
        {
          "content_hash": "aecb16b1d14111c6a5ed72384967bd3b75c3d8fa6f8390241dced0f54aa8be50",
          "exists": true,
          "path": "./cairn/changes/extract-worldgen-task-orchestration-plugin/specs/valence-bevy-ecs/spec.md"
        },
        {
          "content_hash": "b13205f06977b4f1df40f505faf67cd295c107e2c36b899a0dac7df8e05cd311",
          "exists": true,
          "path": "./cairn/changes/extract-worldgen-task-orchestration-plugin/tasks.md"
        }
      ],
      "manifest_hash": "8c955dd8743b27724535faa43f689f6951dd3fbe98882d9c261aa408fbb05547"
    },
    "kind": "archive",
    "manifest_hash": "89b3e58f5d073e171ed8344a47c18ef7f23d2cd12871c5c4a5892db2fd8ab68e"
  },
  "plan_hash": "d9f0500d9a1d20e9bd4f5e11d6212303c03c60d0f7b4247140f4659b754ff5b8",
  "policy": "cairn-default",
  "policy_hash": "a210ed841d260e0bf026f3c67ec810216b6409cfe6036f9132b51cc4e3176618",
  "reasons": [],
  "receipt_hash": "d6146a386b2d6b5ff865c5f1a1d53f361b5ab32be338da0cf58f4b1cc31e86bf"
}
exit_status=0
