command=nix run .#cairn -- gate proposal split-valence-anvil-snapshot-core --root .
{
  "change": "split-valence-anvil-snapshot-core",
  "evidence_summary": {
    "docs_only": 0,
    "fixture": 0,
    "formal": 0,
    "mode": "advisory",
    "model": 0,
    "probe": 0,
    "property": 0
  },
  "input_hash": "489b77708d16b301bc5128f7ecd8018d3160c418e3255f90cd2de7dadb2dc14e",
  "issues": [],
  "layout": "cairn",
  "policy": "cairn-default",
  "policy_hash": "a210ed841d260e0bf026f3c67ec810216b6409cfe6036f9132b51cc4e3176618",
  "receipt_hash": "c2e2f9fdfc0e7366b6290e594ff20b93a79a2026062e8101a59c4ab24d495f7f",
  "stage": "proposal",
  "valid": true,
  "verdict": "PASS"
}

exit_status=0
