command=nix command=run command=.#cairn command=-- command=sync command=split-valence-anvil-snapshot-core command=--root command=.
{
  "actions": [
    {
      "description": "merge delta spec into main specs: ./cairn/changes/split-valence-anvil-snapshot-core/specs/mc-compatibility/spec.md",
      "kind": "sync_delta_spec",
      "path": "./cairn/changes/split-valence-anvil-snapshot-core/specs/mc-compatibility/spec.md"
    }
  ],
  "blocked": false,
  "change": "split-valence-anvil-snapshot-core",
  "delta_specs": [
    "./cairn/changes/split-valence-anvil-snapshot-core/specs/mc-compatibility/spec.md"
  ],
  "dry_run": true,
  "input_hash": "8b5bcd98c4ad98b69148b9b9b6343e0ee5091d97aacf4b585620cf24ced4dc4a",
  "layout": "cairn",
  "mutated": false,
  "mutation_manifest": null,
  "plan_hash": "36c8f26618b38a7b16561d9a1bf0ac661307de6ab57a8196292e40e4e40b07f5",
  "policy": "cairn-default",
  "policy_hash": "a210ed841d260e0bf026f3c67ec810216b6409cfe6036f9132b51cc4e3176618",
  "reasons": [],
  "receipt_hash": "6fc8195de3342cc199a8694da58a9ca921ca58b0a6bc48fc637907ba11ca0289"
}

exit_status=0
