command=nix command=run command=.#cairn command=-- command=sync command=split-valence-anvil-snapshot-core command=--root command=. command=--execute
{
  "actions": [
    {
      "description": "merge delta spec into main specs: ./cairn/changes/split-valence-anvil-snapshot-core/specs/mc-compatibility/spec.md",
      "kind": "sync_delta_spec",
      "path": "./cairn/changes/split-valence-anvil-snapshot-core/specs/mc-compatibility/spec.md"
    }
  ],
  "blocked": false,
  "change": "split-valence-anvil-snapshot-core",
  "delta_specs": [
    "./cairn/changes/split-valence-anvil-snapshot-core/specs/mc-compatibility/spec.md"
  ],
  "dry_run": false,
  "input_hash": "8b5bcd98c4ad98b69148b9b9b6343e0ee5091d97aacf4b585620cf24ced4dc4a",
  "layout": "cairn",
  "mutated": true,
  "mutation_manifest": {
    "after": {
      "entries": [
        {
          "content_hash": "54e47e80b949cf215b35a565155238b838c0a2605840e76d1f6a6551bbc4e07e",
          "exists": true,
          "path": "./cairn/specs/mc-compatibility/spec.md"
        }
      ],
      "manifest_hash": "95c56ca03bfd3ef78c75b2eecfb51c4746c423a60e8d6a8142fb20947b3ea3ea"
    },
    "before": {
      "entries": [
        {
          "content_hash": "54e47e80b949cf215b35a565155238b838c0a2605840e76d1f6a6551bbc4e07e",
          "exists": true,
          "path": "./cairn/specs/mc-compatibility/spec.md"
        }
      ],
      "manifest_hash": "95c56ca03bfd3ef78c75b2eecfb51c4746c423a60e8d6a8142fb20947b3ea3ea"
    },
    "kind": "sync",
    "manifest_hash": "2570ed762be1f33fabbff86eaed5624298502a564259cc1f7412cb7e4804e6c6"
  },
  "plan_hash": "9cad7b3cadc4dda6fd7853a88131a9c5e2866610ee61c0e27eea0bb0b9c5538c",
  "policy": "cairn-default",
  "policy_hash": "a210ed841d260e0bf026f3c67ec810216b6409cfe6036f9132b51cc4e3176618",
  "reasons": [],
  "receipt_hash": "c144debc48b29a1d9f7fbb832205687b06cb0d3babe527d52b930f6d3b234abc"
}

exit_status=0
