command=nix run .#cairn -- gate tasks extract-valence-entity-attribute-core --root . 
{
  "change": "extract-valence-entity-attribute-core",
  "evidence_summary": {
    "docs_only": 0,
    "fixture": 0,
    "formal": 0,
    "mode": "advisory",
    "model": 0,
    "probe": 0,
    "property": 0
  },
  "input_hash": "bb90709e3e0d695a38245f0a7ec430d31c986b657cfe647345b1a42f0a495b90",
  "issues": [],
  "layout": "cairn",
  "policy": "cairn-default",
  "policy_hash": "a210ed841d260e0bf026f3c67ec810216b6409cfe6036f9132b51cc4e3176618",
  "receipt_hash": "c2ea10380b6214ea07078f4a8765474460396508f24650d938e4fcdd8c1e2058",
  "stage": "tasks",
  "valid": true,
  "verdict": "PASS"
}
exit_status=0
