command=nix run .#cairn -- gate proposal extract-valence-entity-attribute-core --root . 
{
  "change": "extract-valence-entity-attribute-core",
  "evidence_summary": {
    "docs_only": 0,
    "fixture": 0,
    "formal": 0,
    "mode": "advisory",
    "model": 0,
    "probe": 0,
    "property": 0
  },
  "input_hash": "54df1496fbd11025c8ef2fd96f832c1e892927af28d5a2ed1fc006b7154c3c71",
  "issues": [],
  "layout": "cairn",
  "policy": "cairn-default",
  "policy_hash": "a210ed841d260e0bf026f3c67ec810216b6409cfe6036f9132b51cc4e3176618",
  "receipt_hash": "88d5bf3c331c79a8c8c5da101393d8e6217369f620c73104e58d77f1b85e9bef",
  "stage": "proposal",
  "valid": true,
  "verdict": "PASS"
}
exit_status=0
