command=nix run .#cairn -- gate tasks extract-stevenarella-world-core --root .
cwd=/home/brittonr/git/mc
{
  "change": "extract-stevenarella-world-core",
  "evidence_summary": {
    "docs_only": 0,
    "fixture": 0,
    "formal": 0,
    "mode": "advisory",
    "model": 0,
    "probe": 0,
    "property": 0
  },
  "input_hash": "c8ed87d21650728871b41c909bea1a2198292ef15ed79fb9c5ca1f1c784a507c",
  "issues": [],
  "layout": "cairn",
  "policy": "cairn-default",
  "policy_hash": "a210ed841d260e0bf026f3c67ec810216b6409cfe6036f9132b51cc4e3176618",
  "receipt_hash": "75a21e30b8758d35fd48b59dcb4ad925723ae9c7f73943eb6bd27f6c6cfd2023",
  "stage": "tasks",
  "valid": true,
  "verdict": "PASS"
}
exit_status=0
