command=nix run .#cairn -- gate tasks extract-stevenarella-world-core --root .
cwd=/home/brittonr/git/mc
{
  "change": "extract-stevenarella-world-core",
  "evidence_summary": {
    "docs_only": 0,
    "fixture": 0,
    "formal": 0,
    "mode": "advisory",
    "model": 0,
    "probe": 0,
    "property": 0
  },
  "input_hash": "bbcf058db799a6526af05574eafc5fae0143b1aef9b3f8b7013352c0fa80c39e",
  "issues": [],
  "layout": "cairn",
  "policy": "cairn-default",
  "policy_hash": "a210ed841d260e0bf026f3c67ec810216b6409cfe6036f9132b51cc4e3176618",
  "receipt_hash": "84a0f861d26d01c64dbec46159e591d9e094528efba39bf9b0b2eff7909ff4ba",
  "stage": "tasks",
  "valid": true,
  "verdict": "PASS"
}
exit_status=0
