command=nix run .#cairn -- archive extract-stevenarella-world-core --root .
cwd=/home/brittonr/git/mc
{
  "actions": [
    {
      "description": "move active change to archive: extract-stevenarella-world-core",
      "kind": "archive_change",
      "path": "./cairn/changes/extract-stevenarella-world-core"
    }
  ],
  "blocked": false,
  "change": "extract-stevenarella-world-core",
  "dry_run": true,
  "input_hash": "faef39fabac6a5a4943eaca83fd3c7bf5c252b0be7f370d4372fe4da241c687a",
  "layout": "cairn",
  "mutated": false,
  "mutation_manifest": null,
  "plan_hash": "990cc61b997b73a7d1505b5ab3d3e823f1c5590b1a1345df88e746be48c33154",
  "policy": "cairn-default",
  "policy_hash": "a210ed841d260e0bf026f3c67ec810216b6409cfe6036f9132b51cc4e3176618",
  "reasons": [],
  "receipt_hash": "b70d288314ca2bfbd51517da6b01fc91e5fb89164530eb1ef565f0bbe9b2f510"
}
exit_status=0
