## cairn_validate
command=nix run --no-update-lock-file .#cairn -- validate --root .
{
  "change_issues": [],
  "changes": 33,
  "issues": [],
  "layout": "cairn",
  "policy": "cairn-default",
  "spec_issues": [],
  "specs_validated": 38,
  "valid": true
}
cairn_validate_exit_status=0

## proposal_gate
command=nix run --no-update-lock-file .#cairn -- gate proposal extract-stevenarella-control-core --root .
{
  "change": "extract-stevenarella-control-core",
  "evidence_summary": {
    "docs_only": 0,
    "fixture": 0,
    "formal": 0,
    "mode": "advisory",
    "model": 0,
    "probe": 0,
    "property": 0
  },
  "input_hash": "70faf6d35af24eeb85a129d866d8aab79262416f7f19db8832d26b6c1846c2bd",
  "issues": [],
  "layout": "cairn",
  "policy": "cairn-default",
  "policy_hash": "a210ed841d260e0bf026f3c67ec810216b6409cfe6036f9132b51cc4e3176618",
  "receipt_hash": "80dd97421662552c3335689a380e3276459dbbc01ae7d906ac8684104c14949c",
  "stage": "proposal",
  "valid": true,
  "verdict": "PASS"
}
proposal_gate_exit_status=0

## design_gate
command=nix run --no-update-lock-file .#cairn -- gate design extract-stevenarella-control-core --root .
{
  "change": "extract-stevenarella-control-core",
  "evidence_summary": {
    "docs_only": 0,
    "fixture": 0,
    "formal": 0,
    "mode": "advisory",
    "model": 0,
    "probe": 0,
    "property": 0
  },
  "input_hash": "65f59b00c4ef410268fddd9429c3cd123d9c1781f928b5be7f89ed33eeca0c9f",
  "issues": [],
  "layout": "cairn",
  "policy": "cairn-default",
  "policy_hash": "a210ed841d260e0bf026f3c67ec810216b6409cfe6036f9132b51cc4e3176618",
  "receipt_hash": "746425f6477adb0de6cb71e868a591b9e232dbd059907880c29f9d64c8c3f4d8",
  "stage": "design",
  "valid": true,
  "verdict": "PASS"
}
design_gate_exit_status=0

## tasks_gate
command=nix run --no-update-lock-file .#cairn -- gate tasks extract-stevenarella-control-core --root .
{
  "change": "extract-stevenarella-control-core",
  "evidence_summary": {
    "docs_only": 0,
    "fixture": 0,
    "formal": 0,
    "mode": "advisory",
    "model": 0,
    "probe": 0,
    "property": 0
  },
  "input_hash": "333c12f21ac6c480beb66988bcd471ad1b0e77da4f70b1bf1a964962d12e45ff",
  "issues": [],
  "layout": "cairn",
  "policy": "cairn-default",
  "policy_hash": "a210ed841d260e0bf026f3c67ec810216b6409cfe6036f9132b51cc4e3176618",
  "receipt_hash": "e0054fc52fbff18504bd392c416a513c5968bdcdfaca4f9b5e60684e39ad44f4",
  "stage": "tasks",
  "valid": true,
  "verdict": "PASS"
}
tasks_gate_exit_status=0

exit_status=0
