command: nix run .#cairn -- gate proposal extract-valence-packet-compose-core --root .
cwd=/home/brittonr/git/mc
started_at=2026-06-28T23:32:41-04:00
{
  "change": "extract-valence-packet-compose-core",
  "evidence_summary": {
    "docs_only": 0,
    "fixture": 0,
    "formal": 0,
    "mode": "advisory",
    "model": 0,
    "probe": 0,
    "property": 0
  },
  "input_hash": "b8a07128ef32fba793aa716b6d8de8e912f276d641c10812efa1c1ff680d2439",
  "issues": [],
  "layout": "cairn",
  "policy": "cairn-default",
  "policy_hash": "a210ed841d260e0bf026f3c67ec810216b6409cfe6036f9132b51cc4e3176618",
  "receipt_hash": "4ccfda90c2ad4726b119b47f72ec54fab387a1f4b2f23d683d675189ae310ac5",
  "stage": "proposal",
  "valid": true,
  "verdict": "PASS"
}

finished_at=2026-06-28T23:32:41-04:00
exit_status=0
