command=nix run --no-update-lock-file .#cairn -- sync extract-stevenarella-control-core --root . --execute
{
  "actions": [
    {
      "description": "merge delta spec into main specs: ./cairn/changes/extract-stevenarella-control-core/specs/mc-compatibility/spec.md",
      "kind": "sync_delta_spec",
      "path": "./cairn/changes/extract-stevenarella-control-core/specs/mc-compatibility/spec.md"
    }
  ],
  "blocked": false,
  "change": "extract-stevenarella-control-core",
  "delta_specs": [
    "./cairn/changes/extract-stevenarella-control-core/specs/mc-compatibility/spec.md"
  ],
  "dry_run": false,
  "input_hash": "df4826bcbb8ceca624f1bfbf777110836b4d37b2ac57b704ef0f91ba9caf9290",
  "layout": "cairn",
  "mutated": true,
  "mutation_manifest": {
    "after": {
      "entries": [
        {
          "content_hash": "2490ac1dfbb6bf1593584343c65b28192c6a69ebbb7ed06bc6c948578b811f05",
          "exists": true,
          "path": "./cairn/specs/mc-compatibility/spec.md"
        }
      ],
      "manifest_hash": "c8cef164216dbd4f91b59a1ac763fe744cd38df43dbb03804d59399a88f33d27"
    },
    "before": {
      "entries": [
        {
          "content_hash": "2490ac1dfbb6bf1593584343c65b28192c6a69ebbb7ed06bc6c948578b811f05",
          "exists": true,
          "path": "./cairn/specs/mc-compatibility/spec.md"
        }
      ],
      "manifest_hash": "c8cef164216dbd4f91b59a1ac763fe744cd38df43dbb03804d59399a88f33d27"
    },
    "kind": "sync",
    "manifest_hash": "28a7fe927183c4b5d4c10ac1bec736a82e8d492592b7fedc3011ba9ce070f86a"
  },
  "plan_hash": "b6f6a7ad072eaf5dfa9f7808e456e2c1dcca99a105295e47cbe7adc3d06d4c29",
  "policy": "cairn-default",
  "policy_hash": "a210ed841d260e0bf026f3c67ec810216b6409cfe6036f9132b51cc4e3176618",
  "reasons": [],
  "receipt_hash": "4750c9f2e079b2fc90f511614dd87e72b5c2cb3981e9c0e4e62879ab945d975b"
}
sync_execute_exit_status=0
exit_status=0
