## command: nix run .#cairn -- gate design extract-valence-inventory-click-core --root .
## cwd: /home/brittonr/git/mc
## started_at: 2026-06-28T22:44:43-04:00
{
  "change": "extract-valence-inventory-click-core",
  "evidence_summary": {
    "docs_only": 0,
    "fixture": 0,
    "formal": 0,
    "mode": "advisory",
    "model": 0,
    "probe": 0,
    "property": 0
  },
  "input_hash": "d4a0520776ef3fec8df54773a23c288e5cc1722a4d3b6f3d2b57ce3e848a6109",
  "issues": [],
  "layout": "cairn",
  "policy": "cairn-default",
  "policy_hash": "a210ed841d260e0bf026f3c67ec810216b6409cfe6036f9132b51cc4e3176618",
  "receipt_hash": "7dcc38fc13f778c8d5d2a89bce830341e8af6b28ccc7c1fdad3d8298bbf8718a",
  "stage": "design",
  "valid": true,
  "verdict": "PASS"
}
exit_status=0
## finished_at: 2026-06-28T22:44:44-04:00
