## command: nix run .#cairn -- archive extract-valence-inventory-click-core --root .
## cwd: /home/brittonr/git/mc
## started_at: 2026-06-28T23:15:34-04:00
{
  "actions": [
    {
      "description": "move active change to archive: extract-valence-inventory-click-core",
      "kind": "archive_change",
      "path": "./cairn/changes/extract-valence-inventory-click-core"
    }
  ],
  "blocked": false,
  "change": "extract-valence-inventory-click-core",
  "dry_run": true,
  "input_hash": "47dc935b517dc83d2bd42811a47c80d9cb4dcbd8b92a45ef6e6216577de472c2",
  "layout": "cairn",
  "mutated": false,
  "mutation_manifest": null,
  "plan_hash": "aab7327871441c50c397a69a597f04dbc5345306c482d3069225b3932607a7d9",
  "policy": "cairn-default",
  "policy_hash": "a210ed841d260e0bf026f3c67ec810216b6409cfe6036f9132b51cc4e3176618",
  "reasons": [],
  "receipt_hash": "6765b9f923aae37aea345f097b12055617f65f55557ce3fa79ab68f2aa37a29d"
}
exit_status=0
## finished_at: 2026-06-28T23:15:35-04:00
