command=nix run .#cairn -- sync extract-valence-entity-attribute-core --root . --execute
{
  "actions": [
    {
      "description": "merge delta spec into main specs: ./cairn/changes/extract-valence-entity-attribute-core/specs/mc-compatibility/spec.md",
      "kind": "sync_delta_spec",
      "path": "./cairn/changes/extract-valence-entity-attribute-core/specs/mc-compatibility/spec.md"
    }
  ],
  "blocked": false,
  "change": "extract-valence-entity-attribute-core",
  "delta_specs": [
    "./cairn/changes/extract-valence-entity-attribute-core/specs/mc-compatibility/spec.md"
  ],
  "dry_run": false,
  "input_hash": "aa23074b8b773bdfa9ed00e16b897b00b3e1209285b3d7024e94ae3e40e988f7",
  "layout": "cairn",
  "mutated": true,
  "mutation_manifest": {
    "after": {
      "entries": [
        {
          "content_hash": "35feae6d06afbc2dff0b7093afcccc3ffc577a31916fccafeba1b0f9f5b5b667",
          "exists": true,
          "path": "./cairn/specs/mc-compatibility/spec.md"
        }
      ],
      "manifest_hash": "cee99caa101d1ce00c295778204b6fc24228fd58cc4222e221ef1c0100df0081"
    },
    "before": {
      "entries": [
        {
          "content_hash": "35feae6d06afbc2dff0b7093afcccc3ffc577a31916fccafeba1b0f9f5b5b667",
          "exists": true,
          "path": "./cairn/specs/mc-compatibility/spec.md"
        }
      ],
      "manifest_hash": "cee99caa101d1ce00c295778204b6fc24228fd58cc4222e221ef1c0100df0081"
    },
    "kind": "sync",
    "manifest_hash": "8406d286d4b8eed79cc2e8653282af8b935d76951bb5e377aafa9b06952612b2"
  },
  "plan_hash": "fda4f0f0e768572b6e84d4fd14555dacca96b8c0664d1ab3ca879a153e7c3156",
  "policy": "cairn-default",
  "policy_hash": "a210ed841d260e0bf026f3c67ec810216b6409cfe6036f9132b51cc4e3176618",
  "reasons": [],
  "receipt_hash": "917797d77b2f3c8a985177a0d490bdb45dd40e06dac8b8aee4f9df05d6694416"
}
exit_status=0
