command=nix run .#cairn -- gate tasks extract-stevenarella-world-core --root .
cwd=/home/brittonr/git/mc
{
  "change": "extract-stevenarella-world-core",
  "evidence_summary": {
    "docs_only": 0,
    "fixture": 0,
    "formal": 0,
    "mode": "advisory",
    "model": 0,
    "probe": 0,
    "property": 0
  },
  "input_hash": "982f79d1d6aa0782aba057f639838d0e46858e8c09a8b8cb08c72182df5d551a",
  "issues": [],
  "layout": "cairn",
  "policy": "cairn-default",
  "policy_hash": "a210ed841d260e0bf026f3c67ec810216b6409cfe6036f9132b51cc4e3176618",
  "receipt_hash": "0f10474564254a9aeb690894cf3cb164afc82839008774242f92b86627a80623",
  "stage": "tasks",
  "valid": true,
  "verdict": "PASS"
}
exit_status=0
