command: nix run .#cairn -- gate tasks extract-valence-packet-compose-core --root .
cwd=/home/brittonr/git/mc
started_at=2026-06-28T23:26:32-04:00
{
  "change": "extract-valence-packet-compose-core",
  "evidence_summary": {
    "docs_only": 0,
    "fixture": 0,
    "formal": 0,
    "mode": "advisory",
    "model": 0,
    "probe": 0,
    "property": 0
  },
  "input_hash": "deb295dfafc0c79c9c6c0c1a9af8a399121578b4b854447b524a4f154ce281e1",
  "issues": [],
  "layout": "cairn",
  "policy": "cairn-default",
  "policy_hash": "a210ed841d260e0bf026f3c67ec810216b6409cfe6036f9132b51cc4e3176618",
  "receipt_hash": "af4924dfb3a2ae258c8a1c6c8481a078c0110e429b539e836d871a198a322ba8",
  "stage": "tasks",
  "valid": true,
  "verdict": "PASS"
}

finished_at=2026-06-28T23:26:32-04:00
exit_status=0
