command=nix run .#cairn -- archive extract-valence-packet-compose-core --root .
cwd=/home/brittonr/git/mc
started_at=2026-06-28T23:37:18-04:00
{
  "actions": [
    {
      "description": "move active change to archive: extract-valence-packet-compose-core",
      "kind": "archive_change",
      "path": "./cairn/changes/extract-valence-packet-compose-core"
    }
  ],
  "blocked": false,
  "change": "extract-valence-packet-compose-core",
  "dry_run": true,
  "input_hash": "781f706b80743bb5972ef5cd795bd3896f81f8c994ee76a08a1349bdaa172617",
  "layout": "cairn",
  "mutated": false,
  "mutation_manifest": null,
  "plan_hash": "3c7bee06290aa0d4ced0938bd1a6fca68ea479f13d163d902e1d0b655a0f1c1c",
  "policy": "cairn-default",
  "policy_hash": "a210ed841d260e0bf026f3c67ec810216b6409cfe6036f9132b51cc4e3176618",
  "reasons": [],
  "receipt_hash": "0005088ae880a0976d2b2395e5a23eef9874bea07e330f82649050b5cd2847ce"
}

finished_at=2026-06-28T23:37:19-04:00
exit_status=0
