## command: nix run .#cairn -- gate proposal extract-valence-inventory-click-core --root .
## cwd: /home/brittonr/git/mc
## started_at: 2026-06-28T22:44:43-04:00
{
  "change": "extract-valence-inventory-click-core",
  "evidence_summary": {
    "docs_only": 0,
    "fixture": 0,
    "formal": 0,
    "mode": "advisory",
    "model": 0,
    "probe": 0,
    "property": 0
  },
  "input_hash": "d53852578a9ffa72eff924b26de219ba4fd27c8a55101c99584ce0aa13f92c15",
  "issues": [],
  "layout": "cairn",
  "policy": "cairn-default",
  "policy_hash": "a210ed841d260e0bf026f3c67ec810216b6409cfe6036f9132b51cc4e3176618",
  "receipt_hash": "cedd78481331c9348c1bc53f3444c628c1b81a4ab937291a914e3910f771454c",
  "stage": "proposal",
  "valid": true,
  "verdict": "PASS"
}
exit_status=0
## finished_at: 2026-06-28T22:44:43-04:00
