command=nix run .#cairn -- sync extract-stevenarella-world-core --root .
cwd=/home/brittonr/git/mc
{
  "actions": [
    {
      "description": "merge delta spec into main specs: ./cairn/changes/extract-stevenarella-world-core/specs/mc-compatibility/spec.md",
      "kind": "sync_delta_spec",
      "path": "./cairn/changes/extract-stevenarella-world-core/specs/mc-compatibility/spec.md"
    }
  ],
  "blocked": false,
  "change": "extract-stevenarella-world-core",
  "delta_specs": [
    "./cairn/changes/extract-stevenarella-world-core/specs/mc-compatibility/spec.md"
  ],
  "dry_run": true,
  "input_hash": "faef39fabac6a5a4943eaca83fd3c7bf5c252b0be7f370d4372fe4da241c687a",
  "layout": "cairn",
  "mutated": false,
  "mutation_manifest": null,
  "plan_hash": "14f9a4b3e97a7af691a59839e78fd5a9aafcf90e9d2e0b291a18a4ac85f6840c",
  "policy": "cairn-default",
  "policy_hash": "a210ed841d260e0bf026f3c67ec810216b6409cfe6036f9132b51cc4e3176618",
  "reasons": [],
  "receipt_hash": "66b55ce6cf3f5393a56291babefbb71a18bfeb77ec0d84ac73dad50071be6b71"
}
exit_status=0
