command: nix run .#cairn -- gate design extract-valence-packet-compose-core --root .
cwd=/home/brittonr/git/mc
started_at=2026-06-28T23:32:41-04:00
{
  "change": "extract-valence-packet-compose-core",
  "evidence_summary": {
    "docs_only": 0,
    "fixture": 0,
    "formal": 0,
    "mode": "advisory",
    "model": 0,
    "probe": 0,
    "property": 0
  },
  "input_hash": "8bbc14de403fe50ae0683f224f764708ecb63239cc58b706a02712e9746afc4f",
  "issues": [],
  "layout": "cairn",
  "policy": "cairn-default",
  "policy_hash": "a210ed841d260e0bf026f3c67ec810216b6409cfe6036f9132b51cc4e3176618",
  "receipt_hash": "2eb6a505e955e00ae3de89d46c0626792e61e0d073b6f45bb6f799d03215fa10",
  "stage": "design",
  "valid": true,
  "verdict": "PASS"
}

finished_at=2026-06-28T23:32:41-04:00
exit_status=0
