command=nix run .#cairn -- sync extract-valence-packet-compose-core --root . --execute
cwd=/home/brittonr/git/mc
started_at=2026-06-28T23:35:12-04:00
{
  "actions": [
    {
      "description": "merge delta spec into main specs: ./cairn/changes/extract-valence-packet-compose-core/specs/valence-bevy-ecs/spec.md",
      "kind": "sync_delta_spec",
      "path": "./cairn/changes/extract-valence-packet-compose-core/specs/valence-bevy-ecs/spec.md"
    }
  ],
  "blocked": false,
  "change": "extract-valence-packet-compose-core",
  "delta_specs": [
    "./cairn/changes/extract-valence-packet-compose-core/specs/valence-bevy-ecs/spec.md"
  ],
  "dry_run": false,
  "input_hash": "781f706b80743bb5972ef5cd795bd3896f81f8c994ee76a08a1349bdaa172617",
  "layout": "cairn",
  "mutated": true,
  "mutation_manifest": {
    "after": {
      "entries": [
        {
          "content_hash": "a8e8b9061778dfda13e42add0604c0bdb82508337ce6f83b41384b23bf8dce62",
          "exists": true,
          "path": "./cairn/specs/valence-bevy-ecs/spec.md"
        }
      ],
      "manifest_hash": "f5df8ad878ae1349a4f73de0d588be18a3640ebb27bdf78fa342abc0028ac9a7"
    },
    "before": {
      "entries": [
        {
          "content_hash": "a8e8b9061778dfda13e42add0604c0bdb82508337ce6f83b41384b23bf8dce62",
          "exists": true,
          "path": "./cairn/specs/valence-bevy-ecs/spec.md"
        }
      ],
      "manifest_hash": "f5df8ad878ae1349a4f73de0d588be18a3640ebb27bdf78fa342abc0028ac9a7"
    },
    "kind": "sync",
    "manifest_hash": "f26bee60c63ca13236d7ae258993a55371aa06070220bbcde7d14d9a87f45770"
  },
  "plan_hash": "81c462ae10f9ddd5676585a4dbd1ae86d1744116448200cb63112f2c10602cdf",
  "policy": "cairn-default",
  "policy_hash": "a210ed841d260e0bf026f3c67ec810216b6409cfe6036f9132b51cc4e3176618",
  "reasons": [],
  "receipt_hash": "021628cb5d85ae29e73f65b7785b04c9e61242a5e445c49c23de747ade750f0e"
}

finished_at=2026-06-28T23:35:12-04:00
exit_status=0
