command=nix run --no-update-lock-file .#cairn -- sync extract-stevenarella-control-core --root .
{
  "actions": [
    {
      "description": "merge delta spec into main specs: ./cairn/changes/extract-stevenarella-control-core/specs/mc-compatibility/spec.md",
      "kind": "sync_delta_spec",
      "path": "./cairn/changes/extract-stevenarella-control-core/specs/mc-compatibility/spec.md"
    }
  ],
  "blocked": false,
  "change": "extract-stevenarella-control-core",
  "delta_specs": [
    "./cairn/changes/extract-stevenarella-control-core/specs/mc-compatibility/spec.md"
  ],
  "dry_run": true,
  "input_hash": "df4826bcbb8ceca624f1bfbf777110836b4d37b2ac57b704ef0f91ba9caf9290",
  "layout": "cairn",
  "mutated": false,
  "mutation_manifest": null,
  "plan_hash": "6095efdf66fc102b019d36997f4f782c4f916bc7c57124b8f4179daa10eb0e1e",
  "policy": "cairn-default",
  "policy_hash": "a210ed841d260e0bf026f3c67ec810216b6409cfe6036f9132b51cc4e3176618",
  "reasons": [],
  "receipt_hash": "399c2730c0fc66e446c5e6ae82edfcc1a2d4a03a7b14e448da6f1508e00ff10f"
}
sync_dry_run_exit_status=0
exit_status=0
