## command: nix run .#cairn -- gate design extract-valence-inventory-click-core --root .
## cwd: /home/brittonr/git/mc
## started_at: 2026-06-28T23:12:03-04:00
{
  "change": "extract-valence-inventory-click-core",
  "evidence_summary": {
    "docs_only": 0,
    "fixture": 0,
    "formal": 0,
    "mode": "advisory",
    "model": 0,
    "probe": 0,
    "property": 0
  },
  "input_hash": "f74db8dd7e7d80e6f0249bac5a888d5fbae6382c0fe6b8bf697f585f5ba5f848",
  "issues": [],
  "layout": "cairn",
  "policy": "cairn-default",
  "policy_hash": "a210ed841d260e0bf026f3c67ec810216b6409cfe6036f9132b51cc4e3176618",
  "receipt_hash": "57fa5e411a22785ee3b779eca547dac4c0b6d655e8aa5e6bd253d2bc042f996a",
  "stage": "design",
  "valid": true,
  "verdict": "PASS"
}
exit_status=0
## finished_at: 2026-06-28T23:12:03-04:00
