## command: nix run .#cairn -- gate tasks extract-valence-inventory-click-core --root .
## cwd: /home/brittonr/git/mc
## started_at: 2026-06-28T23:12:03-04:00
{
  "change": "extract-valence-inventory-click-core",
  "evidence_summary": {
    "docs_only": 0,
    "fixture": 0,
    "formal": 0,
    "mode": "advisory",
    "model": 0,
    "probe": 0,
    "property": 0
  },
  "input_hash": "241b7cae56d3633cb19e6a7827843e9eb3f49133089319838457d42d88424061",
  "issues": [],
  "layout": "cairn",
  "policy": "cairn-default",
  "policy_hash": "a210ed841d260e0bf026f3c67ec810216b6409cfe6036f9132b51cc4e3176618",
  "receipt_hash": "c5a296bbb0263cbaf4b67cb352ab41db6359990d7cbb784c02d0cef8d7f9a34b",
  "stage": "tasks",
  "valid": true,
  "verdict": "PASS"
}
exit_status=0
## finished_at: 2026-06-28T23:12:03-04:00
