command=nix run .#cairn -- archive extract-valence-entity-attribute-core --root .
{
  "actions": [
    {
      "description": "move active change to archive: extract-valence-entity-attribute-core",
      "kind": "archive_change",
      "path": "./cairn/changes/extract-valence-entity-attribute-core"
    }
  ],
  "blocked": false,
  "change": "extract-valence-entity-attribute-core",
  "dry_run": true,
  "input_hash": "aa23074b8b773bdfa9ed00e16b897b00b3e1209285b3d7024e94ae3e40e988f7",
  "layout": "cairn",
  "mutated": false,
  "mutation_manifest": null,
  "plan_hash": "07b447ab193f64a5d50bb319415a36c04e941558d3606d9c13ebd594cf7bdfc9",
  "policy": "cairn-default",
  "policy_hash": "a210ed841d260e0bf026f3c67ec810216b6409cfe6036f9132b51cc4e3176618",
  "reasons": [],
  "receipt_hash": "051ea9f90cee67ff63e8b352a0665cf4b04ef12db8a14bf1f1737db4908e5c4b"
}
exit_status=0
