command=nix run .#cairn -- sync introduce-runner-config-patches --root .
{
  "actions": [
    {
      "description": "merge delta spec into main specs: ./cairn/changes/introduce-runner-config-patches/specs/mc-compatibility/spec.md",
      "kind": "sync_delta_spec",
      "path": "./cairn/changes/introduce-runner-config-patches/specs/mc-compatibility/spec.md"
    }
  ],
  "blocked": false,
  "change": "introduce-runner-config-patches",
  "delta_specs": [
    "./cairn/changes/introduce-runner-config-patches/specs/mc-compatibility/spec.md"
  ],
  "dry_run": true,
  "input_hash": "97c2de587e096f3d94fe17f14340903765576bf9d4a9fcdfc69f378db13d9508",
  "layout": "cairn",
  "mutated": false,
  "mutation_manifest": null,
  "plan_hash": "cf6ad3214475ff1b730d7b4be219f041db4533ac594cb4f730377e7b82c42b68",
  "policy": "cairn-default",
  "policy_hash": "a210ed841d260e0bf026f3c67ec810216b6409cfe6036f9132b51cc4e3176618",
  "reasons": [],
  "receipt_hash": "feccf4a29566ab90a04148051982c7b94d343b0bf262f3a0dcb00b3ddd4c1bf0"
}

exit_status=0
