command=nix run .#cairn -- archive introduce-runner-config-patches --root .
{
  "actions": [
    {
      "description": "move active change to archive: introduce-runner-config-patches",
      "kind": "archive_change",
      "path": "./cairn/changes/introduce-runner-config-patches"
    }
  ],
  "blocked": false,
  "change": "introduce-runner-config-patches",
  "dry_run": true,
  "input_hash": "97c2de587e096f3d94fe17f14340903765576bf9d4a9fcdfc69f378db13d9508",
  "layout": "cairn",
  "mutated": false,
  "mutation_manifest": null,
  "plan_hash": "13ada331ccdbe754e528911c49d2348fb7f01c0e7864c74ef83893ad3c6840b3",
  "policy": "cairn-default",
  "policy_hash": "a210ed841d260e0bf026f3c67ec810216b6409cfe6036f9132b51cc4e3176618",
  "reasons": [],
  "receipt_hash": "cad46f3b652003404dc29e165ac7b63a7314e26578febedf6622f1bd6fe76793"
}

exit_status=0
