command=nix run .#cairn -- gate proposal introduce-runner-config-patches --root .
{
  "change": "introduce-runner-config-patches",
  "evidence_summary": {
    "docs_only": 0,
    "fixture": 0,
    "formal": 0,
    "mode": "advisory",
    "model": 0,
    "probe": 0,
    "property": 0
  },
  "input_hash": "086980d5d7916ecbb1fc7854bb92c66163cc0b524b105f3a17fab1cd13961ad0",
  "issues": [],
  "layout": "cairn",
  "policy": "cairn-default",
  "policy_hash": "a210ed841d260e0bf026f3c67ec810216b6409cfe6036f9132b51cc4e3176618",
  "receipt_hash": "f86b40c3acaaca1a1a99bef4274d3f089a5a11c67a583ec45bfaa9aa4573ebc4",
  "stage": "proposal",
  "valid": true,
  "verdict": "PASS"
}

exit_status=0
