command=nix run .#cairn -- gate tasks introduce-runner-config-patches --root .
{
  "change": "introduce-runner-config-patches",
  "evidence_summary": {
    "docs_only": 0,
    "fixture": 0,
    "formal": 0,
    "mode": "advisory",
    "model": 0,
    "probe": 0,
    "property": 0
  },
  "input_hash": "79e31bb3875e038bfa9752bc64ce5cade9961585cc2371c76e69953c3dc7e88c",
  "issues": [],
  "layout": "cairn",
  "policy": "cairn-default",
  "policy_hash": "a210ed841d260e0bf026f3c67ec810216b6409cfe6036f9132b51cc4e3176618",
  "receipt_hash": "8ff9c43b8b7f2e96479e7aa7f20ff338240a9e8fa46a66712354431f0d2bfa59",
  "stage": "tasks",
  "valid": true,
  "verdict": "PASS"
}

exit_status=0
