command=nix run .#cairn -- gate tasks introduce-runner-config-patches --root .
{
  "change": "introduce-runner-config-patches",
  "evidence_summary": {
    "docs_only": 0,
    "fixture": 0,
    "formal": 0,
    "mode": "advisory",
    "model": 0,
    "probe": 0,
    "property": 0
  },
  "input_hash": "73f984c34271ad7d6264031b5d97b712fd2fb2832d855a99f96db34b2db941f8",
  "issues": [],
  "layout": "cairn",
  "policy": "cairn-default",
  "policy_hash": "a210ed841d260e0bf026f3c67ec810216b6409cfe6036f9132b51cc4e3176618",
  "receipt_hash": "6072cdb2711d0401e45d4fee799a909b2c3f28e2bca9f1eb837a60c1e992af23",
  "stage": "tasks",
  "valid": true,
  "verdict": "PASS"
}

exit_status=0
