command=nix run .#cairn -- gate proposal introduce-runner-config-patches --root .
{
  "change": "introduce-runner-config-patches",
  "evidence_summary": {
    "docs_only": 0,
    "fixture": 0,
    "formal": 0,
    "mode": "advisory",
    "model": 0,
    "probe": 0,
    "property": 0
  },
  "input_hash": "950b1f924f7e08ae6e0053e7cbea5e5f8afac7433a37f98623d6b4eb081dbec5",
  "issues": [],
  "layout": "cairn",
  "policy": "cairn-default",
  "policy_hash": "a210ed841d260e0bf026f3c67ec810216b6409cfe6036f9132b51cc4e3176618",
  "receipt_hash": "3233791b5520fcb5b4561d827f7064837d07ce188ad06778d1928ddd9a05d515",
  "stage": "proposal",
  "valid": true,
  "verdict": "PASS"
}

exit_status=0
