command=nix run .#cairn -- gate design introduce-runner-config-patches --root .
{
  "change": "introduce-runner-config-patches",
  "evidence_summary": {
    "docs_only": 0,
    "fixture": 0,
    "formal": 0,
    "mode": "advisory",
    "model": 0,
    "probe": 0,
    "property": 0
  },
  "input_hash": "2e5377af6e44a558bdbcf49a49155675e1a4ca5cec2420c849c93296bb0e8948",
  "issues": [],
  "layout": "cairn",
  "policy": "cairn-default",
  "policy_hash": "a210ed841d260e0bf026f3c67ec810216b6409cfe6036f9132b51cc4e3176618",
  "receipt_hash": "987dca625c6b440c2aaf94976200b7ff5b40941f0e021314b91e68fb556c17ef",
  "stage": "design",
  "valid": true,
  "verdict": "PASS"
}

exit_status=0
