command=nix run .#cairn -- gate tasks introduce-runner-config-patches --root .
{
  "change": "introduce-runner-config-patches",
  "evidence_summary": {
    "docs_only": 0,
    "fixture": 0,
    "formal": 0,
    "mode": "advisory",
    "model": 0,
    "probe": 0,
    "property": 0
  },
  "input_hash": "3a34c51899871b319f3ae78ed07d2d588a5fae95d88184738aae31451fd1e3aa",
  "issues": [],
  "layout": "cairn",
  "policy": "cairn-default",
  "policy_hash": "a210ed841d260e0bf026f3c67ec810216b6409cfe6036f9132b51cc4e3176618",
  "receipt_hash": "bd2feea3068943cbf3de0a352bf77f705a121bd25de220358582f549a096b7ca",
  "stage": "tasks",
  "valid": true,
  "verdict": "PASS"
}

exit_status=0
