command=nix run .#cairn -- sync promote-restart-persistence-typed-events --root .
cwd=/home/brittonr/git/mc
{
  "actions": [
    {
      "description": "merge delta spec into main specs: ./cairn/changes/promote-restart-persistence-typed-events/specs/mc-compatibility/spec.md",
      "kind": "sync_delta_spec",
      "path": "./cairn/changes/promote-restart-persistence-typed-events/specs/mc-compatibility/spec.md"
    }
  ],
  "blocked": false,
  "change": "promote-restart-persistence-typed-events",
  "delta_specs": [
    "./cairn/changes/promote-restart-persistence-typed-events/specs/mc-compatibility/spec.md"
  ],
  "dry_run": true,
  "input_hash": "fcdbd0fb11f1c22b29d525c202e53384dcea9ff75d190c3422583fcd570c380d",
  "layout": "cairn",
  "mutated": false,
  "mutation_manifest": null,
  "plan_hash": "7a5f1300826487aec57d2d71df74fecd3d553272f1c5e61aa4c11d33f218e5b0",
  "policy": "cairn-default",
  "policy_hash": "a210ed841d260e0bf026f3c67ec810216b6409cfe6036f9132b51cc4e3176618",
  "reasons": [],
  "receipt_hash": "cd7b6aa20560891ef2ae6dcb8090d6451c80e1f02fbdd1ae5fea0a8f9c8a1422"
}
exit_status=0
