command=nix run .#cairn -- archive promote-restart-persistence-typed-events --root .
cwd=/home/brittonr/git/mc
{
  "actions": [
    {
      "description": "move active change to archive: promote-restart-persistence-typed-events",
      "kind": "archive_change",
      "path": "./cairn/changes/promote-restart-persistence-typed-events"
    }
  ],
  "blocked": false,
  "change": "promote-restart-persistence-typed-events",
  "dry_run": true,
  "input_hash": "fcdbd0fb11f1c22b29d525c202e53384dcea9ff75d190c3422583fcd570c380d",
  "layout": "cairn",
  "mutated": false,
  "mutation_manifest": null,
  "plan_hash": "8c500e2a9a66da0b5163a72bf995ac944b2e23a77e5c5268fbaaac7fe61a8c20",
  "policy": "cairn-default",
  "policy_hash": "a210ed841d260e0bf026f3c67ec810216b6409cfe6036f9132b51cc4e3176618",
  "reasons": [],
  "receipt_hash": "99511086b92ec910221aa961f7a19b8a20bb0d44fe95f165849411047322efcc"
}
exit_status=0
