command=nix run .#cairn -- sync promote-restart-persistence-typed-events --root . --execute
cwd=/home/brittonr/git/mc
{
  "actions": [
    {
      "description": "merge delta spec into main specs: ./cairn/changes/promote-restart-persistence-typed-events/specs/mc-compatibility/spec.md",
      "kind": "sync_delta_spec",
      "path": "./cairn/changes/promote-restart-persistence-typed-events/specs/mc-compatibility/spec.md"
    }
  ],
  "blocked": false,
  "change": "promote-restart-persistence-typed-events",
  "delta_specs": [
    "./cairn/changes/promote-restart-persistence-typed-events/specs/mc-compatibility/spec.md"
  ],
  "dry_run": false,
  "input_hash": "fcdbd0fb11f1c22b29d525c202e53384dcea9ff75d190c3422583fcd570c380d",
  "layout": "cairn",
  "mutated": true,
  "mutation_manifest": {
    "after": {
      "entries": [
        {
          "content_hash": "14d0488096336306d3c8f2612ed845c6ae25d57d4ef70a5d9ae2145742f0b242",
          "exists": true,
          "path": "./cairn/specs/mc-compatibility/spec.md"
        }
      ],
      "manifest_hash": "51e3504767e9b147fdd267ce7c3a5b843d7dc9a8df3ee4b58d3371ab78f92cf8"
    },
    "before": {
      "entries": [
        {
          "content_hash": "14d0488096336306d3c8f2612ed845c6ae25d57d4ef70a5d9ae2145742f0b242",
          "exists": true,
          "path": "./cairn/specs/mc-compatibility/spec.md"
        }
      ],
      "manifest_hash": "51e3504767e9b147fdd267ce7c3a5b843d7dc9a8df3ee4b58d3371ab78f92cf8"
    },
    "kind": "sync",
    "manifest_hash": "3ba46056b05dbe0fd24e50165ffc1eaace36f266e22391ba07f90988518594af"
  },
  "plan_hash": "7e8749ff7fa8d3a3b8368fdc5196a6f58bca1f5b2e6267da5eb8d024c1a3502a",
  "policy": "cairn-default",
  "policy_hash": "a210ed841d260e0bf026f3c67ec810216b6409cfe6036f9132b51cc4e3176618",
  "reasons": [],
  "receipt_hash": "f15c645edd83ca567d688fc4fb25e83cbcf8bb29969f6f421ebd04e9b2aa0b0f"
}
exit_status=0
