command=nix run .#cairn -- gate tasks introduce-runner-env-patches --root .
{
  "change": "introduce-runner-env-patches",
  "evidence_summary": {
    "docs_only": 0,
    "fixture": 0,
    "formal": 0,
    "mode": "advisory",
    "model": 0,
    "probe": 0,
    "property": 0
  },
  "input_hash": "c755f71097f68375c52808476e389ed54b30fa4e6698eca5aa40e4d9dbbd4713",
  "issues": [],
  "layout": "cairn",
  "policy": "cairn-default",
  "policy_hash": "a210ed841d260e0bf026f3c67ec810216b6409cfe6036f9132b51cc4e3176618",
  "receipt_hash": "de2ee9ae92ff0d8a420aad719756572381d79822113be1697cf87a7d5184dcf5",
  "stage": "tasks",
  "valid": true,
  "verdict": "PASS"
}

exit_status=0
