command=nix run .#cairn -- gate design introduce-runner-env-patches --root .
{
  "change": "introduce-runner-env-patches",
  "evidence_summary": {
    "docs_only": 0,
    "fixture": 0,
    "formal": 0,
    "mode": "advisory",
    "model": 0,
    "probe": 0,
    "property": 0
  },
  "input_hash": "7c6e11d366cf1f41e38881875557d411a6cb06ee8f755b89d4b0de67570badaa",
  "issues": [],
  "layout": "cairn",
  "policy": "cairn-default",
  "policy_hash": "a210ed841d260e0bf026f3c67ec810216b6409cfe6036f9132b51cc4e3176618",
  "receipt_hash": "97f6588928c6bae4da950ed48f52e698f25a14aa0d05b720bc82912c0bb42c28",
  "stage": "design",
  "valid": true,
  "verdict": "PASS"
}

exit_status=0
