command=nix run .#cairn -- gate proposal introduce-runner-env-patches --root .
{
  "change": "introduce-runner-env-patches",
  "evidence_summary": {
    "docs_only": 0,
    "fixture": 0,
    "formal": 0,
    "mode": "advisory",
    "model": 0,
    "probe": 0,
    "property": 0
  },
  "input_hash": "f28df46f0f891ced2a55dea81229249928899019dc2100411369e866d8bbbbcd",
  "issues": [],
  "layout": "cairn",
  "policy": "cairn-default",
  "policy_hash": "a210ed841d260e0bf026f3c67ec810216b6409cfe6036f9132b51cc4e3176618",
  "receipt_hash": "65e191f016ec7ab585cfff46ff8f692347d16456010ea79e8393c3dd1fabd1d9",
  "stage": "proposal",
  "valid": true,
  "verdict": "PASS"
}

exit_status=0
