command=nix run .#cairn -- sync introduce-runner-env-patches --root .
{
  "actions": [
    {
      "description": "merge delta spec into main specs: ./cairn/changes/introduce-runner-env-patches/specs/mc-compatibility/spec.md",
      "kind": "sync_delta_spec",
      "path": "./cairn/changes/introduce-runner-env-patches/specs/mc-compatibility/spec.md"
    }
  ],
  "blocked": false,
  "change": "introduce-runner-env-patches",
  "delta_specs": [
    "./cairn/changes/introduce-runner-env-patches/specs/mc-compatibility/spec.md"
  ],
  "dry_run": true,
  "input_hash": "fe65e9fc8c4ce4206fd7ddfc122a22c65df5d4d5fe200077bf11358f1a59dbab",
  "layout": "cairn",
  "mutated": false,
  "mutation_manifest": null,
  "plan_hash": "acbfcab90e9dfd104e3eab4d7550dbe80e11a6253a8c1a66f0797f1edb138542",
  "policy": "cairn-default",
  "policy_hash": "a210ed841d260e0bf026f3c67ec810216b6409cfe6036f9132b51cc4e3176618",
  "reasons": [],
  "receipt_hash": "7507f34c5d242c5ed149846b639b13e494b677446a81c0af26545fd8294ca164"
}

exit_status=0
