command=nix run .#cairn -- archive introduce-runner-env-patches --root .
{
  "actions": [
    {
      "description": "move active change to archive: introduce-runner-env-patches",
      "kind": "archive_change",
      "path": "./cairn/changes/introduce-runner-env-patches"
    }
  ],
  "blocked": false,
  "change": "introduce-runner-env-patches",
  "dry_run": true,
  "input_hash": "fe65e9fc8c4ce4206fd7ddfc122a22c65df5d4d5fe200077bf11358f1a59dbab",
  "layout": "cairn",
  "mutated": false,
  "mutation_manifest": null,
  "plan_hash": "ff45cdf792a41cd49d9a51b639ad10da2abd98651274326cd035dd2024d52f36",
  "policy": "cairn-default",
  "policy_hash": "a210ed841d260e0bf026f3c67ec810216b6409cfe6036f9132b51cc4e3176618",
  "reasons": [],
  "receipt_hash": "4041e2fb93d526a2670c0dad388d5a8d15d750a0978a57c6b6e7f67d9e047307"
}

exit_status=0
