command=nix run .#cairn -- gate tasks introduce-runner-env-patches --root .
{
  "change": "introduce-runner-env-patches",
  "evidence_summary": {
    "docs_only": 0,
    "fixture": 0,
    "formal": 0,
    "mode": "advisory",
    "model": 0,
    "probe": 0,
    "property": 0
  },
  "input_hash": "786b675844b5ab6559b441830fd6c41ac23afc84a587fa22c9c09db97c9bc76b",
  "issues": [],
  "layout": "cairn",
  "policy": "cairn-default",
  "policy_hash": "a210ed841d260e0bf026f3c67ec810216b6409cfe6036f9132b51cc4e3176618",
  "receipt_hash": "c054da0ccc25babf043529d881b67688f64710cbb2e5ae3fcbcf3cde923520f5",
  "stage": "tasks",
  "valid": true,
  "verdict": "PASS"
}

exit_status=0
