command=nix run .#cairn -- sync introduce-runner-env-patches --root . --execute
{
  "actions": [
    {
      "description": "merge delta spec into main specs: ./cairn/changes/introduce-runner-env-patches/specs/mc-compatibility/spec.md",
      "kind": "sync_delta_spec",
      "path": "./cairn/changes/introduce-runner-env-patches/specs/mc-compatibility/spec.md"
    }
  ],
  "blocked": false,
  "change": "introduce-runner-env-patches",
  "delta_specs": [
    "./cairn/changes/introduce-runner-env-patches/specs/mc-compatibility/spec.md"
  ],
  "dry_run": false,
  "input_hash": "fe65e9fc8c4ce4206fd7ddfc122a22c65df5d4d5fe200077bf11358f1a59dbab",
  "layout": "cairn",
  "mutated": true,
  "mutation_manifest": {
    "after": {
      "entries": [
        {
          "content_hash": "97701c8f14f69b1b6e56401af463da24c437018ee4ba7a46f25adfaa5a9eee84",
          "exists": true,
          "path": "./cairn/specs/mc-compatibility/spec.md"
        }
      ],
      "manifest_hash": "4554755116a908a25ed39d29035bec4966a09724940e86ba0f893cffe5b05ec1"
    },
    "before": {
      "entries": [
        {
          "content_hash": "97701c8f14f69b1b6e56401af463da24c437018ee4ba7a46f25adfaa5a9eee84",
          "exists": true,
          "path": "./cairn/specs/mc-compatibility/spec.md"
        }
      ],
      "manifest_hash": "4554755116a908a25ed39d29035bec4966a09724940e86ba0f893cffe5b05ec1"
    },
    "kind": "sync",
    "manifest_hash": "3421a3daffc7a53201864a4012af7c928b3db7e997d5ac89b598ba2076fead93"
  },
  "plan_hash": "376a1b04a982a49beef080f50ea48a2b7b2dabfad7f0d52581de8bd0c24a613c",
  "policy": "cairn-default",
  "policy_hash": "a210ed841d260e0bf026f3c67ec810216b6409cfe6036f9132b51cc4e3176618",
  "reasons": [],
  "receipt_hash": "8f4513e5273eb181a7669fa21fcf3f2125ca63c8e45eeb365671972218e94e41"
}

exit_status=0
