# command: nix run .#cairn -- gate proposal modularize-stevenarella-ecs-core --root .
# cwd: /home/brittonr/git/mc
{
  "change": "modularize-stevenarella-ecs-core",
  "evidence_summary": {
    "docs_only": 0,
    "fixture": 0,
    "formal": 0,
    "mode": "advisory",
    "model": 0,
    "probe": 0,
    "property": 0
  },
  "input_hash": "ca6574957fc02d92e5a7a3bb133c050a414cca2b1f512dd32ac48bbfcad3bae2",
  "issues": [],
  "layout": "cairn",
  "policy": "cairn-default",
  "policy_hash": "a210ed841d260e0bf026f3c67ec810216b6409cfe6036f9132b51cc4e3176618",
  "receipt_hash": "aa3c4928fbf1070b1b213f878f823781367c64f5f95f15cb831ee60a290c8b37",
  "stage": "proposal",
  "valid": true,
  "verdict": "PASS"
}
exit_status=0
