command=nix run .#cairn -- sync modularize-stevenarella-game-shell --root . --execute
cwd=/home/brittonr/git/mc
started_at=2026-06-29T05:55:07-04:00
{
  "actions": [
    {
      "description": "merge delta spec into main specs: ./cairn/changes/modularize-stevenarella-game-shell/specs/mc-compatibility/spec.md",
      "kind": "sync_delta_spec",
      "path": "./cairn/changes/modularize-stevenarella-game-shell/specs/mc-compatibility/spec.md"
    }
  ],
  "blocked": false,
  "change": "modularize-stevenarella-game-shell",
  "delta_specs": [
    "./cairn/changes/modularize-stevenarella-game-shell/specs/mc-compatibility/spec.md"
  ],
  "dry_run": false,
  "input_hash": "f252f92590466ae20683aa7a86ebfea2b876b187dcf84fecdf13fab791a9367f",
  "layout": "cairn",
  "mutated": true,
  "mutation_manifest": {
    "after": {
      "entries": [
        {
          "content_hash": "2b32205555fd196af840149b29196ec25127cf4ad31c7fe2bc7bbac2d4ce3e6b",
          "exists": true,
          "path": "./cairn/specs/mc-compatibility/spec.md"
        }
      ],
      "manifest_hash": "4859f7c4a977a6aff395d32634b0b6e07e296c4c2c69b8eed615b71f6cbf1264"
    },
    "before": {
      "entries": [
        {
          "content_hash": "2b32205555fd196af840149b29196ec25127cf4ad31c7fe2bc7bbac2d4ce3e6b",
          "exists": true,
          "path": "./cairn/specs/mc-compatibility/spec.md"
        }
      ],
      "manifest_hash": "4859f7c4a977a6aff395d32634b0b6e07e296c4c2c69b8eed615b71f6cbf1264"
    },
    "kind": "sync",
    "manifest_hash": "64f1b3ccc05ab000d43e4f0d7852c68f4ec763752a1d0a7ed0480568f6f17853"
  },
  "plan_hash": "26e39cf33ffbe44c3ff24732be87c9caab2addca9fc0c8be937bdbfbb94a415d",
  "policy": "cairn-default",
  "policy_hash": "a210ed841d260e0bf026f3c67ec810216b6409cfe6036f9132b51cc4e3176618",
  "reasons": [],
  "receipt_hash": "f04dbbd7e54cacd2a9396833339b38f5b53e3ceb07fc32cd897ea51bbb84dfd2"
}
finished_at=2026-06-29T05:55:08-04:00
exit_status=0
