command=nix run .#cairn -- archive modularize-stevenarella-server --root .
cwd=/home/brittonr/git/mc
{
  "actions": [
    {
      "description": "move active change to archive: modularize-stevenarella-server",
      "kind": "archive_change",
      "path": "./cairn/changes/modularize-stevenarella-server"
    }
  ],
  "blocked": false,
  "change": "modularize-stevenarella-server",
  "dry_run": true,
  "input_hash": "9a09158b648c323d1a07fed49b03ec58100dd0c6eb6abaa34c14a8fcdf456054",
  "layout": "cairn",
  "mutated": false,
  "mutation_manifest": null,
  "plan_hash": "5f0a46782a09be83cd330bc5a6cd49647cb4b1ced237456bff1a84b46a9ccad5",
  "policy": "cairn-default",
  "policy_hash": "a210ed841d260e0bf026f3c67ec810216b6409cfe6036f9132b51cc4e3176618",
  "reasons": [],
  "receipt_hash": "04738df4b3ad6f8086716b10a911668d621fa139a96722acabe5a8f33e87b542"
}
exit_status=0
