# command: nix run .#cairn -- gate tasks modularize-stevenarella-ecs-core --root .
# cwd: /home/brittonr/git/mc
{
  "change": "modularize-stevenarella-ecs-core",
  "evidence_summary": {
    "docs_only": 0,
    "fixture": 0,
    "formal": 0,
    "mode": "advisory",
    "model": 0,
    "probe": 0,
    "property": 0
  },
  "input_hash": "7784825f25b9118562e3224d1c953330904d4c21750c1c02b8ea59459ed7fd4f",
  "issues": [],
  "layout": "cairn",
  "policy": "cairn-default",
  "policy_hash": "a210ed841d260e0bf026f3c67ec810216b6409cfe6036f9132b51cc4e3176618",
  "receipt_hash": "f951442c0a832828f521756780ba57c5adf86e0717a810c27e129d0ada5cc4a9",
  "stage": "tasks",
  "valid": true,
  "verdict": "PASS"
}
exit_status=0
