command=b3sum --check affected valence-bevy-ecs manifests
cwd=/home/brittonr/git/mc
docs/evidence/add-reusable-tick-run-conditions.inventory.md: OK
docs/evidence/run-logs/2026-06-25/add-reusable-tick-run-conditions.archive.dry-run.run.log: OK
docs/evidence/run-logs/2026-06-25/add-reusable-tick-run-conditions.archive.execute.run.log: OK
docs/evidence/run-logs/2026-06-25/add-reusable-tick-run-conditions.changed-examples.after-clippy-fix.run.log: OK
docs/evidence/run-logs/2026-06-25/add-reusable-tick-run-conditions.changed-examples.final.run.log: OK
docs/evidence/run-logs/2026-06-25/add-reusable-tick-run-conditions.changed-examples.post.run.log: OK
docs/evidence/run-logs/2026-06-25/add-reusable-tick-run-conditions.change-list.post-archive.run.log: OK
docs/evidence/run-logs/2026-06-25/add-reusable-tick-run-conditions.change-list.pre.run.log: OK
docs/evidence/run-logs/2026-06-25/add-reusable-tick-run-conditions.evidence-manifest-check.final.run.log: OK
docs/evidence/run-logs/2026-06-25/add-reusable-tick-run-conditions.evidence-manifest-check.run.log: OK
docs/evidence/run-logs/2026-06-25/add-reusable-tick-run-conditions.evidence-manifest.flake.run.log: OK
docs/evidence/run-logs/2026-06-25/add-reusable-tick-run-conditions.evidence-manifest-refresh.run.log: OK
docs/evidence/run-logs/2026-06-25/add-reusable-tick-run-conditions.gate-design.bootstrap.run.log: OK
docs/evidence/run-logs/2026-06-25/add-reusable-tick-run-conditions.gate-design.final.run.log: OK
docs/evidence/run-logs/2026-06-25/add-reusable-tick-run-conditions.gate-design.pre.run.log: OK
docs/evidence/run-logs/2026-06-25/add-reusable-tick-run-conditions.gate-proposal.bootstrap.run.log: OK
docs/evidence/run-logs/2026-06-25/add-reusable-tick-run-conditions.gate-proposal.final.run.log: OK
docs/evidence/run-logs/2026-06-25/add-reusable-tick-run-conditions.gate-proposal.pre.run.log: OK
docs/evidence/run-logs/2026-06-25/add-reusable-tick-run-conditions.gate-tasks.bootstrap.run.log: OK
docs/evidence/run-logs/2026-06-25/add-reusable-tick-run-conditions.gate-tasks.final.run.log: OK
docs/evidence/run-logs/2026-06-25/add-reusable-tick-run-conditions.gate-tasks.pre.run.log: OK
docs/evidence/run-logs/2026-06-25/add-reusable-tick-run-conditions.schedule-hygiene.final.run.log: OK
docs/evidence/run-logs/2026-06-25/add-reusable-tick-run-conditions.sync.dry-run.run.log: OK
docs/evidence/run-logs/2026-06-25/add-reusable-tick-run-conditions.sync.execute.run.log: OK
docs/evidence/run-logs/2026-06-25/add-reusable-tick-run-conditions.task-evidence.bootstrap.run.log: OK
docs/evidence/run-logs/2026-06-25/add-reusable-tick-run-conditions.task-evidence.confirm.run.log: OK
docs/evidence/run-logs/2026-06-25/add-reusable-tick-run-conditions.task-evidence.final.run.log: OK
docs/evidence/run-logs/2026-06-25/add-reusable-tick-run-conditions.task-evidence.flake.run.log: OK
docs/evidence/run-logs/2026-06-25/add-reusable-tick-run-conditions.task-evidence.post-gates.run.log: OK
docs/evidence/run-logs/2026-06-25/add-reusable-tick-run-conditions.valence-fmt-check.after-clippy-fix.run.log: OK
docs/evidence/run-logs/2026-06-25/add-reusable-tick-run-conditions.valence-fmt-check.final.run.log: OK
docs/evidence/run-logs/2026-06-25/add-reusable-tick-run-conditions.valence-server-common.after-clippy-fix.run.log: OK
docs/evidence/run-logs/2026-06-25/add-reusable-tick-run-conditions.valence-server-common-baseline.pre.run.log: OK
docs/evidence/run-logs/2026-06-25/add-reusable-tick-run-conditions.valence-server-common-clippy.final.run.log: OK
docs/evidence/run-logs/2026-06-25/add-reusable-tick-run-conditions.valence-server-common-clippy-nodeps.after-clippy-fix.run.log: OK
docs/evidence/run-logs/2026-06-25/add-reusable-tick-run-conditions.valence-server-common-clippy-nodeps.final.run.log: OK
docs/evidence/run-logs/2026-06-25/add-reusable-tick-run-conditions.valence-server-common.final.run.log: OK
docs/evidence/run-logs/2026-06-25/add-reusable-tick-run-conditions.valence-server-common.post.run.log: OK
docs/evidence/run-logs/2026-06-25/add-reusable-tick-run-conditions.validate.bootstrap.run.log: OK
docs/evidence/run-logs/2026-06-25/add-reusable-tick-run-conditions.validate.final-post-evidence.run.log: OK
docs/evidence/run-logs/2026-06-25/add-reusable-tick-run-conditions.validate.final.run.log: OK
docs/evidence/run-logs/2026-06-25/add-reusable-tick-run-conditions.validate.post-archive.run.log: OK
docs/evidence/run-logs/2026-06-25/add-reusable-tick-run-conditions.validate.post-sync.run.log: OK
docs/evidence/run-logs/2026-06-25/add-reusable-tick-run-conditions.validate.pre.run.log: OK
servers/valence/crates/valence_server_common/src/lib.rs: OK
servers/valence/crates/valence_server_common/src/tick_run_condition.rs: OK
servers/valence/src/lib.rs: OK
servers/valence/examples/particles.rs: OK
servers/valence/examples/equipment.rs: OK
servers/valence/examples/game_of_life.rs: OK
cairn/specs/valence-bevy-ecs/spec.md: OK
cairn/archive/2026-06-25-add-reusable-tick-run-conditions/proposal.md: OK
cairn/archive/2026-06-25-add-reusable-tick-run-conditions/design.md: OK
cairn/archive/2026-06-25-add-reusable-tick-run-conditions/tasks.md: OK
cairn/archive/2026-06-25-add-reusable-tick-run-conditions/specs/valence-bevy-ecs/spec.md: OK
docs/evidence/extract-worldgen-task-orchestration-plugin.inventory.md: OK
docs/evidence/extract-worldgen-task-orchestration-plugin.implementation.md: OK
docs/evidence/run-logs/2026-06-25/extract-worldgen-task-orchestration-plugin-pre-gates.run.log: OK
docs/evidence/run-logs/2026-06-25/extract-worldgen-task-orchestration-plugin-baseline.run.log: OK
docs/evidence/run-logs/2026-06-25/extract-worldgen-task-orchestration-plugin-terrain-tests.run.log: OK
docs/evidence/run-logs/2026-06-25/extract-worldgen-task-orchestration-plugin-fmt-check-available-toolchain.run.log: OK
docs/evidence/run-logs/2026-06-25/extract-worldgen-task-orchestration-plugin-schedule-hygiene.run.log: OK
servers/valence/examples/terrain.rs: OK
cairn/archive/2026-06-25-extract-worldgen-task-orchestration-plugin/proposal.md: OK
cairn/archive/2026-06-25-extract-worldgen-task-orchestration-plugin/design.md: OK
cairn/archive/2026-06-25-extract-worldgen-task-orchestration-plugin/tasks.md: OK
cairn/archive/2026-06-25-extract-worldgen-task-orchestration-plugin/specs/valence-bevy-ecs/spec.md: OK
cairn/specs/valence-bevy-ecs/spec.md: OK
docs/evidence/move-worldgen-work-to-bevy-tasks.assess.run.log: OK
docs/evidence/move-worldgen-work-to-bevy-tasks.baseline.run.log: OK
docs/evidence/move-worldgen-work-to-bevy-tasks.inventory.md: OK
docs/evidence/move-worldgen-work-to-bevy-tasks.terrain-tests.run.log: OK
servers/valence/Cargo.toml: OK
servers/valence/Cargo.lock: OK
servers/valence/examples/terrain.rs: OK
cairn/archive/2026-06-25-move-worldgen-work-to-bevy-tasks/proposal.md: OK
cairn/archive/2026-06-25-move-worldgen-work-to-bevy-tasks/design.md: OK
cairn/archive/2026-06-25-move-worldgen-work-to-bevy-tasks/specs/valence-bevy-ecs/spec.md: OK
cairn/specs/valence-bevy-ecs/spec.md: OK
docs/evidence/add-event-loop-phase-system-sets.inventory.md: OK
docs/evidence/add-event-loop-phase-system-sets-pre-gates.run.log: OK
docs/evidence/add-event-loop-phase-system-sets-baseline.run.log: OK
docs/evidence/add-event-loop-phase-system-sets-focused.run.log: OK
docs/evidence/add-event-loop-phase-system-sets-format-check.run.log: OK
docs/evidence/add-event-loop-phase-system-sets-schedule-hygiene-flake.run.log: OK
docs/evidence/add-event-loop-phase-system-sets-task-evidence-first-five.run.log: OK
docs/evidence/add-event-loop-phase-system-sets-task-evidence-final.run.log: OK
docs/evidence/add-event-loop-phase-system-sets-task-evidence-flake.run.log: OK
docs/evidence/add-event-loop-phase-system-sets-archived-task-evidence.run.log: OK
docs/evidence/add-event-loop-phase-system-sets-post-archive-task-evidence-flake.run.log: OK
docs/evidence/add-event-loop-phase-system-sets-cairn-gates-final.run.log: OK
docs/evidence/add-event-loop-phase-system-sets-sync-dry-run.run.log: OK
docs/evidence/add-event-loop-phase-system-sets-sync-execute.run.log: OK
docs/evidence/add-event-loop-phase-system-sets-post-sync-validate.run.log: OK
docs/evidence/add-event-loop-phase-system-sets-accepted-spec-verify.run.log: OK
docs/evidence/add-event-loop-phase-system-sets-archive-dry-run.run.log: OK
docs/evidence/add-event-loop-phase-system-sets-archive-execute.run.log: OK
docs/evidence/add-event-loop-phase-system-sets-post-archive-validate.run.log: OK
cairn/archive/2026-06-25-add-event-loop-phase-system-sets/proposal.md: OK
cairn/archive/2026-06-25-add-event-loop-phase-system-sets/design.md: OK
cairn/archive/2026-06-25-add-event-loop-phase-system-sets/tasks.md: OK
cairn/archive/2026-06-25-add-event-loop-phase-system-sets/specs/valence-bevy-ecs/spec.md: OK
cairn/specs/valence-bevy-ecs/spec.md: OK
docs/evidence/promote-remaining-packet-semantics-to-typed-events.inventory.md: OK
docs/evidence/run-logs/2026-06-26/promote-remaining-packet-semantics-pre-gates.run.log: OK
docs/evidence/run-logs/2026-06-26/promote-remaining-packet-semantics-baseline.run.log: OK
docs/evidence/run-logs/2026-06-26/promote-remaining-packet-semantics-fmt-devshell.run.log: OK
docs/evidence/run-logs/2026-06-26/promote-remaining-packet-semantics-focused-final.run.log: OK
docs/evidence/run-logs/2026-06-26/promote-remaining-packet-semantics-affected-crates.run.log: OK
docs/evidence/run-logs/2026-06-26/promote-remaining-packet-semantics-schedule-dryrun.run.log: OK
docs/evidence/run-logs/2026-06-26/promote-remaining-packet-semantics-task-evidence-first-five.run.log: OK
docs/evidence/run-logs/2026-06-26/promote-remaining-packet-semantics-cairn-gates-final.run.log: OK
docs/evidence/run-logs/2026-06-26/promote-remaining-packet-semantics-task-evidence-final.run.log: OK
docs/evidence/run-logs/2026-06-26/promote-remaining-packet-semantics-sync-dry-run.run.log: OK
docs/evidence/run-logs/2026-06-26/promote-remaining-packet-semantics-sync-execute.run.log: OK
docs/evidence/run-logs/2026-06-26/promote-remaining-packet-semantics-post-sync-validate.run.log: OK
docs/evidence/run-logs/2026-06-26/promote-remaining-packet-semantics-archive-dry-run.run.log: OK
docs/evidence/run-logs/2026-06-26/promote-remaining-packet-semantics-archive-execute.run.log: OK
docs/evidence/run-logs/2026-06-26/promote-remaining-packet-semantics-post-archive-validate.run.log: OK
docs/evidence/run-logs/2026-06-26/promote-remaining-packet-semantics-post-archive-task-evidence.run.log: OK
docs/evidence/run-logs/2026-06-26/promote-remaining-packet-semantics-final-closeout.run.log: OK
docs/evidence/run-logs/2026-06-26/promote-remaining-packet-semantics-evidence-manifest-refresh.run.log: OK
docs/evidence/run-logs/2026-06-26/promote-remaining-packet-semantics-evidence-manifest-check-post-refresh.run.log: OK
cairn/archive/2026-06-26-promote-remaining-packet-semantics-to-typed-events/proposal.md: OK
cairn/archive/2026-06-26-promote-remaining-packet-semantics-to-typed-events/design.md: OK
cairn/archive/2026-06-26-promote-remaining-packet-semantics-to-typed-events/tasks.md: OK
cairn/archive/2026-06-26-promote-remaining-packet-semantics-to-typed-events/specs/valence-bevy-ecs/spec.md: OK
cairn/specs/valence-bevy-ecs/spec.md: OK
servers/valence/crates/valence_inventory/README.md: OK
servers/valence/crates/valence_command/README.md: OK
servers/valence/crates/valence_server/README.md: OK
cairn/specs/valence-bevy-ecs/spec.md: OK
docs/evidence/replace-entity-keyed-state-with-components.archive-dry-run.run.log: OK
docs/evidence/replace-entity-keyed-state-with-components.archive-execute.run.log: OK
docs/evidence/replace-entity-keyed-state-with-components.baseline-survival-compat-tests.run.log: OK
docs/evidence/replace-entity-keyed-state-with-components.change-list-post-archive.run.log: OK
docs/evidence/replace-entity-keyed-state-with-components.evidence-manifest-check-rerun.run.log: OK
docs/evidence/replace-entity-keyed-state-with-components.evidence-manifest-check.run.log: OK
docs/evidence/replace-entity-keyed-state-with-components.evidence-manifest-refresh.run.log: OK
docs/evidence/replace-entity-keyed-state-with-components.gate-design-final.run.log: OK
docs/evidence/replace-entity-keyed-state-with-components.gate-proposal-final.run.log: OK
docs/evidence/replace-entity-keyed-state-with-components.gate-tasks-final.run.log: OK
docs/evidence/replace-entity-keyed-state-with-components.gate-tasks-first-five.run.log: OK
docs/evidence/replace-entity-keyed-state-with-components.inventory.md: OK
docs/evidence/replace-entity-keyed-state-with-components.inventory-search.run.log: OK
docs/evidence/replace-entity-keyed-state-with-components.mc-compat-survival-dry-runs.run.log: OK
docs/evidence/replace-entity-keyed-state-with-components.pre-change-list.run.log: OK
docs/evidence/replace-entity-keyed-state-with-components.pre-gate-design.run.log: OK
docs/evidence/replace-entity-keyed-state-with-components.pre-gate-proposal.run.log: OK
docs/evidence/replace-entity-keyed-state-with-components.pre-gate-tasks.run.log: OK
docs/evidence/replace-entity-keyed-state-with-components.pre-validate.run.log: OK
docs/evidence/replace-entity-keyed-state-with-components.survival-compat-tests.run.log: OK
docs/evidence/replace-entity-keyed-state-with-components.sync-dry-run.run.log: OK
docs/evidence/replace-entity-keyed-state-with-components.sync-execute.run.log: OK
docs/evidence/replace-entity-keyed-state-with-components.task-evidence-archive.run.log: OK
docs/evidence/replace-entity-keyed-state-with-components.task-evidence-final.run.log: OK
docs/evidence/replace-entity-keyed-state-with-components.task-evidence-first-five.run.log: OK
docs/evidence/replace-entity-keyed-state-with-components.task-evidence-flake.run.log: OK
docs/evidence/replace-entity-keyed-state-with-components.task-evidence-post-final.run.log: OK
docs/evidence/replace-entity-keyed-state-with-components.task-evidence-post-sync.run.log: OK
docs/evidence/replace-entity-keyed-state-with-components.valence-fmt-check-rerun.run.log: OK
docs/evidence/replace-entity-keyed-state-with-components.validate-final.run.log: OK
docs/evidence/replace-entity-keyed-state-with-components.validate-post-archive.run.log: OK
docs/evidence/replace-entity-keyed-state-with-components.validate-post-sync.run.log: OK
docs/evidence/move-worldgen-work-to-bevy-tasks.implementation.b3: OK
docs/evidence/move-worldgen-work-to-bevy-tasks.validation.b3: OK
docs/evidence/move-worldgen-work-to-bevy-tasks.final-gates.run.log: OK
docs/evidence/move-worldgen-work-to-bevy-tasks.task-evidence-final.run.log: OK
docs/evidence/move-worldgen-work-to-bevy-tasks.sync-dry-run.log: OK
docs/evidence/move-worldgen-work-to-bevy-tasks.sync-execute.log: OK
docs/evidence/move-worldgen-work-to-bevy-tasks.post-sync-validate.run.log: OK
docs/evidence/move-worldgen-work-to-bevy-tasks.archive-dry-run.log: OK
docs/evidence/move-worldgen-work-to-bevy-tasks.archive-execute.log: OK
docs/evidence/move-worldgen-work-to-bevy-tasks.post-archive-validation.run.log: OK
docs/evidence/move-worldgen-work-to-bevy-tasks.archived-task-evidence.run.log: OK
docs/evidence/move-worldgen-work-to-bevy-tasks.evidence-manifest-refresh.run.log: OK
docs/evidence/move-worldgen-work-to-bevy-tasks.focused-flake-checks.run.log: OK
cairn/archive/2026-06-25-move-worldgen-work-to-bevy-tasks/tasks.md: OK
cairn/archive/2026-06-25-move-worldgen-work-to-bevy-tasks/proposal.md: OK
cairn/archive/2026-06-25-move-worldgen-work-to-bevy-tasks/design.md: OK
cairn/archive/2026-06-25-move-worldgen-work-to-bevy-tasks/specs/valence-bevy-ecs/spec.md: OK
cairn/specs/valence-bevy-ecs/spec.md: OK
servers/valence/Cargo.toml: OK
servers/valence/Cargo.lock: OK
servers/valence/examples/terrain.rs: OK
docs/evidence/extract-worldgen-task-orchestration-plugin.inventory.md: OK
docs/evidence/extract-worldgen-task-orchestration-plugin.implementation.md: OK
docs/evidence/extract-worldgen-task-orchestration-plugin.implementation.b3: OK
docs/evidence/run-logs/2026-06-25/extract-worldgen-task-orchestration-plugin-pre-gates.run.log: OK
docs/evidence/run-logs/2026-06-25/extract-worldgen-task-orchestration-plugin-baseline.run.log: OK
docs/evidence/run-logs/2026-06-25/extract-worldgen-task-orchestration-plugin-terrain-tests.run.log: OK
docs/evidence/run-logs/2026-06-25/extract-worldgen-task-orchestration-plugin-fmt-check-available-toolchain.run.log: OK
docs/evidence/run-logs/2026-06-25/extract-worldgen-task-orchestration-plugin-schedule-hygiene.run.log: OK
docs/evidence/run-logs/2026-06-25/extract-worldgen-task-orchestration-plugin-task-evidence-first-five.run.log: OK
docs/evidence/run-logs/2026-06-25/extract-worldgen-task-orchestration-plugin-task-evidence-final.run.log: OK
docs/evidence/run-logs/2026-06-25/extract-worldgen-task-orchestration-plugin-task-evidence-post-archive.run.log: OK
docs/evidence/run-logs/2026-06-25/extract-worldgen-task-orchestration-plugin-cairn-gates-final.run.log: OK
docs/evidence/run-logs/2026-06-25/extract-worldgen-task-orchestration-plugin-sync-dry-run.run.log: OK
docs/evidence/run-logs/2026-06-25/extract-worldgen-task-orchestration-plugin-sync-execute.run.log: OK
docs/evidence/run-logs/2026-06-25/extract-worldgen-task-orchestration-plugin-post-sync-validate.run.log: OK
docs/evidence/run-logs/2026-06-25/extract-worldgen-task-orchestration-plugin-archive-dry-run.run.log: OK
docs/evidence/run-logs/2026-06-25/extract-worldgen-task-orchestration-plugin-archive-execute.run.log: OK
docs/evidence/run-logs/2026-06-25/extract-worldgen-task-orchestration-plugin-post-archive-validate.run.log: OK
docs/evidence/run-logs/2026-06-25/extract-worldgen-task-orchestration-plugin-b3-implementation.run.log: OK
docs/evidence/run-logs/2026-06-25/extract-worldgen-task-orchestration-plugin-b3-validation.run.log: OK
servers/valence/examples/terrain.rs: OK
cairn/archive/2026-06-25-extract-worldgen-task-orchestration-plugin/proposal.md: OK
cairn/archive/2026-06-25-extract-worldgen-task-orchestration-plugin/design.md: OK
cairn/archive/2026-06-25-extract-worldgen-task-orchestration-plugin/tasks.md: OK
cairn/archive/2026-06-25-extract-worldgen-task-orchestration-plugin/specs/valence-bevy-ecs/spec.md: OK
cairn/specs/valence-bevy-ecs/spec.md: OK
docs/evidence/model-owned-entity-relationships-with-hierarchy.inventory.md: OK
docs/evidence/run-logs/2026-06-26/model-owned-entity-relationships-with-hierarchy-pre-gates.run.log: OK
docs/evidence/run-logs/2026-06-26/model-owned-entity-relationships-with-hierarchy-baseline-gui-tests.run.log: OK
docs/evidence/run-logs/2026-06-26/model-owned-entity-relationships-with-hierarchy-focused-gui-tests.run.log: OK
docs/evidence/run-logs/2026-06-26/model-owned-entity-relationships-with-hierarchy-format-check.run.log: OK
docs/evidence/run-logs/2026-06-26/model-owned-entity-relationships-with-hierarchy-task-evidence-first-five.run.log: OK
docs/evidence/run-logs/2026-06-26/model-owned-entity-relationships-with-hierarchy-cairn-gates-final.run.log: OK
docs/evidence/run-logs/2026-06-26/model-owned-entity-relationships-with-hierarchy-task-evidence-final.run.log: OK
docs/evidence/run-logs/2026-06-26/model-owned-entity-relationships-with-hierarchy-task-evidence-final-citation.run.log: OK
docs/evidence/run-logs/2026-06-26/model-owned-entity-relationships-with-hierarchy-sync-dry-run.run.log: OK
docs/evidence/run-logs/2026-06-26/model-owned-entity-relationships-with-hierarchy-sync-execute.run.log: OK
docs/evidence/run-logs/2026-06-26/model-owned-entity-relationships-with-hierarchy-post-sync-validate.run.log: OK
docs/evidence/run-logs/2026-06-26/model-owned-entity-relationships-with-hierarchy-archive-dry-run.run.log: OK
docs/evidence/run-logs/2026-06-26/model-owned-entity-relationships-with-hierarchy-archive-execute.run.log: OK
docs/evidence/run-logs/2026-06-26/model-owned-entity-relationships-with-hierarchy-post-archive-validate.run.log: OK
docs/evidence/run-logs/2026-06-26/model-owned-entity-relationships-with-hierarchy-archived-task-evidence.run.log: OK
cairn/archive/2026-06-26-model-owned-entity-relationships-with-hierarchy/proposal.md: OK
cairn/archive/2026-06-26-model-owned-entity-relationships-with-hierarchy/design.md: OK
cairn/archive/2026-06-26-model-owned-entity-relationships-with-hierarchy/tasks.md: OK
cairn/archive/2026-06-26-model-owned-entity-relationships-with-hierarchy/specs/valence-bevy-ecs/spec.md: OK
cairn/specs/valence-bevy-ecs/spec.md: OK
servers/valence/crates/valence_inventory/README.md: OK
servers/valence/crates/valence_inventory/src/gui.rs: OK
cairn/specs/valence-bevy-ecs/spec.md: OK
cairn/archive/2026-06-25-adopt-bevy-lifecycle-cleanup-patterns/tasks.md: OK
docs/evidence/adopt-bevy-lifecycle-cleanup-patterns-inventory.md: OK
docs/evidence/run-logs/2026-06-25/adopt-bevy-lifecycle-cleanup-patterns-pre-gates.run.log: OK
docs/evidence/run-logs/2026-06-25/adopt-bevy-lifecycle-cleanup-patterns-baseline-gui.run.log: OK
docs/evidence/run-logs/2026-06-25/adopt-bevy-lifecycle-cleanup-patterns-focused-gui.run.log: OK
docs/evidence/run-logs/2026-06-25/adopt-bevy-lifecycle-cleanup-patterns-focused-survival.run.log: OK
docs/evidence/run-logs/2026-06-25/adopt-bevy-lifecycle-cleanup-patterns-fmt-apply.run.log: OK
docs/evidence/run-logs/2026-06-25/adopt-bevy-lifecycle-cleanup-patterns-fmt-check.run.log: OK
docs/evidence/run-logs/2026-06-25/adopt-bevy-lifecycle-cleanup-patterns-task-evidence-precloseout.run.log: OK
docs/evidence/run-logs/2026-06-25/adopt-bevy-lifecycle-cleanup-patterns-final-cairn-gates.run.log: OK
docs/evidence/run-logs/2026-06-25/adopt-bevy-lifecycle-cleanup-patterns-task-evidence-final.run.log: OK
docs/evidence/run-logs/2026-06-25/adopt-bevy-lifecycle-cleanup-patterns-task-evidence-rerun.run.log: OK
docs/evidence/run-logs/2026-06-25/adopt-bevy-lifecycle-cleanup-patterns-sync-dry-run.run.log: OK
docs/evidence/run-logs/2026-06-25/adopt-bevy-lifecycle-cleanup-patterns-sync-execute.run.log: OK
docs/evidence/run-logs/2026-06-25/adopt-bevy-lifecycle-cleanup-patterns-post-sync-validate.run.log: OK
docs/evidence/run-logs/2026-06-25/adopt-bevy-lifecycle-cleanup-patterns-archive-dry-run.run.log: OK
docs/evidence/run-logs/2026-06-25/adopt-bevy-lifecycle-cleanup-patterns-archive-execute.run.log: OK
docs/evidence/run-logs/2026-06-25/adopt-bevy-lifecycle-cleanup-patterns-post-archive-validate.run.log: OK
docs/evidence/run-logs/2026-06-25/adopt-bevy-lifecycle-cleanup-patterns-final-closeout.run.log: OK
cairn/archive/2026-06-25-add-schedule-hygiene-gates/proposal.md: OK
cairn/archive/2026-06-25-add-schedule-hygiene-gates/design.md: OK
cairn/archive/2026-06-25-add-schedule-hygiene-gates/tasks.md: OK
cairn/archive/2026-06-25-add-schedule-hygiene-gates/specs/valence-bevy-ecs/spec.md: OK
cairn/specs/valence-bevy-ecs/spec.md: OK
docs/check-tiers.md: OK
docs/evidence/add-schedule-hygiene-gates.inventory.md: OK
docs/evidence/add-schedule-hygiene-gates.change-list.pre.run.log: OK
docs/evidence/add-schedule-hygiene-gates.gate-proposal.pre.run.log: OK
docs/evidence/add-schedule-hygiene-gates.gate-design.pre.run.log: OK
docs/evidence/add-schedule-hygiene-gates.gate-tasks.pre.run.log: OK
docs/evidence/add-schedule-hygiene-gates.validate.pre.run.log: OK
docs/evidence/add-schedule-hygiene-gates.dump-schedule-baseline.pre.run.log: OK
docs/evidence/add-schedule-hygiene-gates.dump-schedule-baseline-isolated.pre.run.log: OK
docs/evidence/add-schedule-hygiene-gates.schedule-hygiene-local.run.log: OK
docs/evidence/add-schedule-hygiene-gates.schedule-hygiene-flake.run.log: OK
docs/evidence/add-schedule-hygiene-gates.dump-schedule-post.run.log: OK
docs/evidence/add-schedule-hygiene-gates.flake-output-inventory.run.log: OK
docs/evidence/add-schedule-hygiene-gates.task-evidence-first-five.run.log: OK
docs/evidence/add-schedule-hygiene-gates.cairn-gates-final.run.log: OK
docs/evidence/add-schedule-hygiene-gates.task-evidence-final.run.log: OK
docs/evidence/add-schedule-hygiene-gates.check-tiers.run.log: OK
docs/evidence/add-schedule-hygiene-gates.sync-dry-run.run.log: OK
docs/evidence/add-schedule-hygiene-gates.sync-execute.run.log: OK
docs/evidence/add-schedule-hygiene-gates.accepted-spec-verify.run.log: OK
docs/evidence/add-schedule-hygiene-gates.post-sync-validate.run.log: OK
docs/evidence/add-schedule-hygiene-gates.archive-dry-run.run.log: OK
docs/evidence/add-schedule-hygiene-gates.archive-execute.run.log: OK
docs/evidence/add-schedule-hygiene-gates.archived-task-evidence.run.log: OK
docs/evidence/add-schedule-hygiene-gates.post-archive-validate.run.log: OK
docs/evidence/add-schedule-hygiene-gates.post-archive-change-list.run.log: OK
nix/checks.nix: OK
servers/valence/tools/dump_schedule/README.md: OK
tools/check_valence_schedule_hygiene.rs: OK
docs/evidence/gate-optional-systems-with-bevy-run-conditions-inventory.md: OK
docs/evidence/gate-optional-systems-with-bevy-run-conditions.change-list.pre.run.log: OK
docs/evidence/gate-optional-systems-with-bevy-run-conditions.validate.pre.run.log: OK
docs/evidence/gate-optional-systems-with-bevy-run-conditions.gate-proposal.pre.run.log: OK
docs/evidence/gate-optional-systems-with-bevy-run-conditions.gate-design.pre.run.log: OK
docs/evidence/gate-optional-systems-with-bevy-run-conditions.gate-tasks.pre.run.log: OK
docs/evidence/gate-optional-systems-with-bevy-run-conditions.valence-server-observability.baseline.run.log: OK
docs/evidence/gate-optional-systems-with-bevy-run-conditions.valence-server-observability.final.run.log: OK
docs/evidence/gate-optional-systems-with-bevy-run-conditions.schedule-hygiene.post.run.log: OK
docs/evidence/gate-optional-systems-with-bevy-run-conditions.valence-fmt-check-pinned.final.run.log: OK
docs/evidence/gate-optional-systems-with-bevy-run-conditions.task-evidence-scoped.run.log: OK
docs/evidence/gate-optional-systems-with-bevy-run-conditions.task-evidence-final.run.log: OK
docs/evidence/gate-optional-systems-with-bevy-run-conditions.task-evidence-verified.run.log: OK
docs/evidence/gate-optional-systems-with-bevy-run-conditions.final-cairn-gates.run.log: OK
docs/evidence/gate-optional-systems-with-bevy-run-conditions.sync-dry-run.run.log: OK
docs/evidence/gate-optional-systems-with-bevy-run-conditions.sync-execute.run.log: OK
docs/evidence/gate-optional-systems-with-bevy-run-conditions.accepted-spec-verify.run.log: OK
docs/evidence/gate-optional-systems-with-bevy-run-conditions.post-sync-validate.run.log: OK
docs/evidence/gate-optional-systems-with-bevy-run-conditions.archive-dry-run.run.log: OK
docs/evidence/gate-optional-systems-with-bevy-run-conditions.archive-execute.run.log: OK
docs/evidence/gate-optional-systems-with-bevy-run-conditions.post-archive-validate.run.log: OK
docs/evidence/gate-optional-systems-with-bevy-run-conditions.post-archive-change-list.run.log: OK
docs/evidence/gate-optional-systems-with-bevy-run-conditions.archived-task-evidence.run.log: OK
cairn/archive/2026-06-25-gate-optional-systems-with-bevy-run-conditions/proposal.md: OK
cairn/archive/2026-06-25-gate-optional-systems-with-bevy-run-conditions/design.md: OK
cairn/archive/2026-06-25-gate-optional-systems-with-bevy-run-conditions/tasks.md: OK
cairn/archive/2026-06-25-gate-optional-systems-with-bevy-run-conditions/specs/valence-bevy-ecs/spec.md: OK
cairn/specs/valence-bevy-ecs/spec.md: OK
servers/valence/crates/valence_server/src/observability.rs: OK
servers/valence/crates/valence_server/README.md: OK
docs/evidence/add-schedule-hygiene-gates.b3: OK
docs/evidence/add-observability-profiling-hooks-2026-06-23.b3: OK
docs/evidence/add-valence-tick-scheduler-validation.b3: OK
docs/evidence/valence-packet-compose-api-2026-06-23.b3: OK
docs/evidence/move-worldgen-work-to-bevy-tasks.terrain-tests.run.log: OK
docs/evidence/move-worldgen-work-to-bevy-tasks.cairn-gates.run.log: OK
docs/evidence/move-worldgen-work-to-bevy-tasks.task-evidence-first-five.run.log: OK
docs/evidence/move-worldgen-work-to-bevy-tasks.implementation.b3: OK
cairn/archive/2026-06-25-move-worldgen-work-to-bevy-tasks/tasks.md: OK
cairn/specs/valence-bevy-ecs/spec.md: OK
cairn/specs/valence-bevy-ecs/spec.md: OK
cairn/archive/1970-01-01-migrate-fixture-state-to-components/proposal.md: OK
cairn/archive/1970-01-01-migrate-fixture-state-to-components/design.md: OK
cairn/archive/1970-01-01-migrate-fixture-state-to-components/tasks.md: OK
cairn/archive/1970-01-01-migrate-fixture-state-to-components/specs/valence-bevy-ecs/spec.md: OK
docs/evidence/migrate-fixture-state-to-components.inventory.md: OK
docs/evidence/migrate-fixture-state-to-components-survival-mob-drop-dry-run.json: OK
docs/evidence/run-logs/2026-06-26/migrate-fixture-state-to-components-pre-gates.run.log: OK
docs/evidence/run-logs/2026-06-26/migrate-fixture-state-to-components-baseline.run.log: OK
docs/evidence/run-logs/2026-06-26/migrate-fixture-state-to-components-mob-drop-focused.run.log: OK
docs/evidence/run-logs/2026-06-26/migrate-fixture-state-to-components-format.run.log: OK
docs/evidence/run-logs/2026-06-26/migrate-fixture-state-to-components-survival-mob-drop-dry-run.run.log: OK
docs/evidence/run-logs/2026-06-26/migrate-fixture-state-to-components-focused.run.log: OK
docs/evidence/run-logs/2026-06-26/migrate-fixture-state-to-components-task-evidence-first-five.run.log: OK
docs/evidence/run-logs/2026-06-26/migrate-fixture-state-to-components-cairn-gates-final.run.log: OK
docs/evidence/run-logs/2026-06-26/migrate-fixture-state-to-components-task-evidence-final.run.log: OK
docs/evidence/run-logs/2026-06-26/migrate-fixture-state-to-components-archive.run.log: OK
docs/evidence/run-logs/2026-06-26/migrate-fixture-state-to-components-archive-execute.run.log: OK
docs/evidence/run-logs/2026-06-26/migrate-fixture-state-to-components-post-archive-local-validation-final.run.log: OK
exit_status=0
