$ nix run .#cairn -- gate design modularize-runner-entrypoint --root .
{
  "change": "modularize-runner-entrypoint",
  "evidence_summary": {
    "docs_only": 0,
    "fixture": 0,
    "formal": 0,
    "mode": "advisory",
    "model": 0,
    "probe": 0,
    "property": 0
  },
  "input_hash": "6d052dc8805c4b562bac4a934131ce00199b5130be0ff0dbb3ee065cd0a6f4d6",
  "issues": [],
  "layout": "cairn",
  "policy": "cairn-default",
  "policy_hash": "a210ed841d260e0bf026f3c67ec810216b6409cfe6036f9132b51cc4e3176618",
  "receipt_hash": "df14f8f3ed3d0da15bf72c4e64843216b781d58084d32cac9c36f4fece6f1f4f",
  "stage": "design",
  "valid": true,
  "verdict": "PASS"
}
exit_status=0
