command=nix run .#cairn -- sync modularize-valence-chunk-layer --root .
cwd=/home/brittonr/git/mc
{
  "actions": [
    {
      "description": "merge delta spec into main specs: ./cairn/changes/modularize-valence-chunk-layer/specs/valence-bevy-ecs/spec.md",
      "kind": "sync_delta_spec",
      "path": "./cairn/changes/modularize-valence-chunk-layer/specs/valence-bevy-ecs/spec.md"
    }
  ],
  "blocked": false,
  "change": "modularize-valence-chunk-layer",
  "delta_specs": [
    "./cairn/changes/modularize-valence-chunk-layer/specs/valence-bevy-ecs/spec.md"
  ],
  "dry_run": true,
  "input_hash": "0be9fcebbf3f725cd40bc0ace72dbb9daa5c0b05abe166ac31ba9aa5c4b8820f",
  "layout": "cairn",
  "mutated": false,
  "mutation_manifest": null,
  "plan_hash": "5431d728a8b16bb6094d505be95cad6443e67a0454a4d5e695a77c2a53b894a9",
  "policy": "cairn-default",
  "policy_hash": "a210ed841d260e0bf026f3c67ec810216b6409cfe6036f9132b51cc4e3176618",
  "reasons": [],
  "receipt_hash": "f8b6b7784b0c16e5b278d1f671bb1c707cccea86a498cadc0e0a69ef929173f0"
}
exit_status=0
