command=nix run .#cairn -- gate design modularize-stevenarella-game-shell --root .
cwd=/home/brittonr/git/mc
started_at=2026-06-29T05:52:40-04:00
{
  "change": "modularize-stevenarella-game-shell",
  "evidence_summary": {
    "docs_only": 0,
    "fixture": 0,
    "formal": 0,
    "mode": "advisory",
    "model": 0,
    "probe": 0,
    "property": 0
  },
  "input_hash": "7de53b9f69ab01f582e72b630b41a97816c81d8d862db8d3988bb7efdf73d957",
  "issues": [],
  "layout": "cairn",
  "policy": "cairn-default",
  "policy_hash": "a210ed841d260e0bf026f3c67ec810216b6409cfe6036f9132b51cc4e3176618",
  "receipt_hash": "84baa6bd961fc69f4d507c894e46c8e608cdb9ebb8ec6eb3564bb6eb6e2be064",
  "stage": "design",
  "valid": true,
  "verdict": "PASS"
}
finished_at=2026-06-29T05:52:40-04:00
exit_status=0
