command=nix command=run command=.#cairn command=-- command=sync command=modularize-stevenarella-ui-widgets command=--root command=. command=--execute 
{
  "actions": [
    {
      "description": "merge delta spec into main specs: ./cairn/changes/modularize-stevenarella-ui-widgets/specs/mc-compatibility/spec.md",
      "kind": "sync_delta_spec",
      "path": "./cairn/changes/modularize-stevenarella-ui-widgets/specs/mc-compatibility/spec.md"
    }
  ],
  "blocked": false,
  "change": "modularize-stevenarella-ui-widgets",
  "delta_specs": [
    "./cairn/changes/modularize-stevenarella-ui-widgets/specs/mc-compatibility/spec.md"
  ],
  "dry_run": false,
  "input_hash": "472c0005da471f4886ed164b31b0cf1e05e7f2020a73f6463e31ed9df67b2ad0",
  "layout": "cairn",
  "mutated": true,
  "mutation_manifest": {
    "after": {
      "entries": [
        {
          "content_hash": "bb7b934ce575b7dfb93e3d4b898fef8e8b21f08a12127d6cbd1201981ac2ce24",
          "exists": true,
          "path": "./cairn/specs/mc-compatibility/spec.md"
        }
      ],
      "manifest_hash": "6e679e4c27ec7751a8278f8ae749eafee3dc95428c363f8bc4b1a8a356323789"
    },
    "before": {
      "entries": [
        {
          "content_hash": "bb7b934ce575b7dfb93e3d4b898fef8e8b21f08a12127d6cbd1201981ac2ce24",
          "exists": true,
          "path": "./cairn/specs/mc-compatibility/spec.md"
        }
      ],
      "manifest_hash": "6e679e4c27ec7751a8278f8ae749eafee3dc95428c363f8bc4b1a8a356323789"
    },
    "kind": "sync",
    "manifest_hash": "7250e6816ad7c7b856b32f8d9a4409eda5e4fc66c15671dad964cb55fb8837a4"
  },
  "plan_hash": "2b77e631cc980826fa3c6f4adfff750a35d6b8329529b82b267c256159a46cf7",
  "policy": "cairn-default",
  "policy_hash": "a210ed841d260e0bf026f3c67ec810216b6409cfe6036f9132b51cc4e3176618",
  "reasons": [],
  "receipt_hash": "e766729c275e410badd8ff038807e6d37dd86f1d09f762d3ec38454e8338c25b"
}
exit_status=0
