cwd=/home/brittonr/git/mc
command=CAIRN_ARCHIVE_DATE=2026-06-29 nix run .#cairn -- archive modularize-hyperion-simulation-shell --root . --execute
{
  "actions": [
    {
      "description": "move active change to archive: modularize-hyperion-simulation-shell",
      "kind": "archive_change",
      "path": "./cairn/archive/2026-06-29-modularize-hyperion-simulation-shell"
    }
  ],
  "blocked": false,
  "change": "modularize-hyperion-simulation-shell",
  "dry_run": false,
  "input_hash": "59116d9e76d1fde50e0061d48fe3423ba798be51ea8d5a9e48efb7840082b678",
  "layout": "cairn",
  "mutated": true,
  "mutation_manifest": {
    "after": {
      "entries": [
        {
          "content_hash": "328e186db0dc372de971c6bf1bd15ff3fc981eafae70d2ebecc620ff6aa61af6",
          "exists": true,
          "path": "./cairn/archive/2026-06-29-modularize-hyperion-simulation-shell/design.md"
        },
        {
          "content_hash": "6d5f4691e3169ae259b8481db2671b48bb877b859a006b38fb9f95ca727e7d5b",
          "exists": true,
          "path": "./cairn/archive/2026-06-29-modularize-hyperion-simulation-shell/proposal.md"
        },
        {
          "content_hash": "39de793585e0f56216470893e961b5b0335cf4cc030449f73899f4b478e612c1",
          "exists": true,
          "path": "./cairn/archive/2026-06-29-modularize-hyperion-simulation-shell/specs/valence-hyperion-integration/spec.md"
        },
        {
          "content_hash": "db9ce3c8fda7acc26ca5f34a8e48b9f20b1756b4b22b367513ce33f5efcac9d4",
          "exists": true,
          "path": "./cairn/archive/2026-06-29-modularize-hyperion-simulation-shell/tasks.md"
        },
        {
          "content_hash": null,
          "exists": false,
          "path": "./cairn/changes/modularize-hyperion-simulation-shell"
        }
      ],
      "manifest_hash": "136498860fd300951f7585d1c91f60d14a5596ba207ce7db9a2efe45f050e3fe"
    },
    "before": {
      "entries": [
        {
          "content_hash": "328e186db0dc372de971c6bf1bd15ff3fc981eafae70d2ebecc620ff6aa61af6",
          "exists": true,
          "path": "./cairn/changes/modularize-hyperion-simulation-shell/design.md"
        },
        {
          "content_hash": "6d5f4691e3169ae259b8481db2671b48bb877b859a006b38fb9f95ca727e7d5b",
          "exists": true,
          "path": "./cairn/changes/modularize-hyperion-simulation-shell/proposal.md"
        },
        {
          "content_hash": "39de793585e0f56216470893e961b5b0335cf4cc030449f73899f4b478e612c1",
          "exists": true,
          "path": "./cairn/changes/modularize-hyperion-simulation-shell/specs/valence-hyperion-integration/spec.md"
        },
        {
          "content_hash": "db9ce3c8fda7acc26ca5f34a8e48b9f20b1756b4b22b367513ce33f5efcac9d4",
          "exists": true,
          "path": "./cairn/changes/modularize-hyperion-simulation-shell/tasks.md"
        }
      ],
      "manifest_hash": "714578360ea9012c9f4c8aec516b3099ff142284286a69a93e987d1886870379"
    },
    "kind": "archive",
    "manifest_hash": "27d2a6dd37cb3d748f4a18907cf0e6e326330f17ae3bdb9f2e6b1069e49bcff4"
  },
  "plan_hash": "812a7577f9f94f1dddacd91d6ec144ec02bb1ebfbdce554413404b9ca9569298",
  "policy": "cairn-default",
  "policy_hash": "a210ed841d260e0bf026f3c67ec810216b6409cfe6036f9132b51cc4e3176618",
  "reasons": [],
  "receipt_hash": "12f4fca10ecc2182a0c39b82543dafa21b134507936abe1c7df8aa044312a2f1"
}
exit_status=0
]0;