cwd=/home/brittonr/git/mc
command=nix run .#cairn -- gate proposal modularize-valence-command-manager --root .
{
  "change": "modularize-valence-command-manager",
  "evidence_summary": {
    "docs_only": 0,
    "fixture": 0,
    "formal": 0,
    "mode": "advisory",
    "model": 0,
    "probe": 0,
    "property": 0
  },
  "input_hash": "aa8d5012090782c4f157080b7d1c9b6094c1f9bb0dcc689fb63af3f6f4d5e3c8",
  "issues": [],
  "layout": "cairn",
  "policy": "cairn-default",
  "policy_hash": "a210ed841d260e0bf026f3c67ec810216b6409cfe6036f9132b51cc4e3176618",
  "receipt_hash": "5d35b76940c45150f94ac7765dfd6c1bdd6c1a87e3027a7b7c1557c66db7c424",
  "stage": "proposal",
  "valid": true,
  "verdict": "PASS"
}
exit_status=0
