command=CAIRN_ARCHIVE_DATE=2026-06-29 nix run .#cairn -- archive modularize-hyperion-block-loader --root . --execute
cwd=/home/brittonr/git/mc
started_at=2026-06-29T06:28:25Z
{
  "actions": [
    {
      "description": "move active change to archive: modularize-hyperion-block-loader",
      "kind": "archive_change",
      "path": "./cairn/archive/2026-06-29-modularize-hyperion-block-loader"
    }
  ],
  "blocked": false,
  "change": "modularize-hyperion-block-loader",
  "dry_run": false,
  "input_hash": "b71058ab25f1ede40028e16181e8875c3db8db7ba3bc21a78c857a1623eaa6ce",
  "layout": "cairn",
  "mutated": true,
  "mutation_manifest": {
    "after": {
      "entries": [
        {
          "content_hash": "093e79c0b0c41dc1c8c1620c00ee97c0fc7862c60f740c9c1d5cbcf3af3bb496",
          "exists": true,
          "path": "./cairn/archive/2026-06-29-modularize-hyperion-block-loader/design.md"
        },
        {
          "content_hash": "ea2e47513feebdc7c0bc51c298f9a8a2616427b5d32d2603d4fbd6d5ff3d263d",
          "exists": true,
          "path": "./cairn/archive/2026-06-29-modularize-hyperion-block-loader/proposal.md"
        },
        {
          "content_hash": "153c0206d6d1000853aceb66cd0c56806a82146294e41351b71c240de4271906",
          "exists": true,
          "path": "./cairn/archive/2026-06-29-modularize-hyperion-block-loader/specs/valence-hyperion-integration/spec.md"
        },
        {
          "content_hash": "58b4241e83d5b1f05037098aa0b3fce7643caf7982329bba8dd3586432225225",
          "exists": true,
          "path": "./cairn/archive/2026-06-29-modularize-hyperion-block-loader/tasks.md"
        },
        {
          "content_hash": null,
          "exists": false,
          "path": "./cairn/changes/modularize-hyperion-block-loader"
        }
      ],
      "manifest_hash": "1645e30632410c59b2c745e85f8b9c9fcac59d6832539a026185210231127b12"
    },
    "before": {
      "entries": [
        {
          "content_hash": "093e79c0b0c41dc1c8c1620c00ee97c0fc7862c60f740c9c1d5cbcf3af3bb496",
          "exists": true,
          "path": "./cairn/changes/modularize-hyperion-block-loader/design.md"
        },
        {
          "content_hash": "ea2e47513feebdc7c0bc51c298f9a8a2616427b5d32d2603d4fbd6d5ff3d263d",
          "exists": true,
          "path": "./cairn/changes/modularize-hyperion-block-loader/proposal.md"
        },
        {
          "content_hash": "153c0206d6d1000853aceb66cd0c56806a82146294e41351b71c240de4271906",
          "exists": true,
          "path": "./cairn/changes/modularize-hyperion-block-loader/specs/valence-hyperion-integration/spec.md"
        },
        {
          "content_hash": "58b4241e83d5b1f05037098aa0b3fce7643caf7982329bba8dd3586432225225",
          "exists": true,
          "path": "./cairn/changes/modularize-hyperion-block-loader/tasks.md"
        }
      ],
      "manifest_hash": "5723e4489111e1202accc72646f22273dfa9348f7a7bfb533ce0d03490676422"
    },
    "kind": "archive",
    "manifest_hash": "80a2ff0aa34249d3c856ac46d779bedf614ad13f8840b915e795a44935a68051"
  },
  "plan_hash": "5596662ce9eceb0cae22e596d782b2a4517343cd7c4ea215b228b296e8c144a8",
  "policy": "cairn-default",
  "policy_hash": "a210ed841d260e0bf026f3c67ec810216b6409cfe6036f9132b51cc4e3176618",
  "reasons": [],
  "receipt_hash": "db54f75a3aef14e6280033550ab67f02a016a7b7c70076f417e96d757483bb3a"
}
finished_at=2026-06-29T06:28:26Z
exit_status=0
