command=nix run .#cairn -- gate proposal/design/tasks modularize-valence-chunk-layer --root . && nix run .#cairn -- validate --root .
cwd=/home/brittonr/git/mc
{
  "change": "modularize-valence-chunk-layer",
  "evidence_summary": {
    "docs_only": 0,
    "fixture": 0,
    "formal": 0,
    "mode": "advisory",
    "model": 0,
    "probe": 0,
    "property": 0
  },
  "input_hash": "5b8b5c86528f2f6d3a083e6984e96e608a74a0d4757f81e857367bcefa3b5f8f",
  "issues": [],
  "layout": "cairn",
  "policy": "cairn-default",
  "policy_hash": "a210ed841d260e0bf026f3c67ec810216b6409cfe6036f9132b51cc4e3176618",
  "receipt_hash": "ca92d56925f07908fa3c4625a3310eed9c3097124ebd01df5ac889ba4653aad8",
  "stage": "proposal",
  "valid": true,
  "verdict": "PASS"
}
proposal_exit_status=0
{
  "change": "modularize-valence-chunk-layer",
  "evidence_summary": {
    "docs_only": 0,
    "fixture": 0,
    "formal": 0,
    "mode": "advisory",
    "model": 0,
    "probe": 0,
    "property": 0
  },
  "input_hash": "c2cc8a8adf31728f8b1384d175df483d3b61e2c68614b8043650a5cf34fd2366",
  "issues": [],
  "layout": "cairn",
  "policy": "cairn-default",
  "policy_hash": "a210ed841d260e0bf026f3c67ec810216b6409cfe6036f9132b51cc4e3176618",
  "receipt_hash": "316c984615ec35ff40d2b56fd67154cb17027d538bb2d6ab4d4e10b877a7b60b",
  "stage": "design",
  "valid": true,
  "verdict": "PASS"
}
design_exit_status=0
{
  "change": "modularize-valence-chunk-layer",
  "evidence_summary": {
    "docs_only": 0,
    "fixture": 0,
    "formal": 0,
    "mode": "advisory",
    "model": 0,
    "probe": 0,
    "property": 0
  },
  "input_hash": "2a58c431af6b8f93465e13c73e5a9c18fe1f6a1f1bc50a4f407253d0fa4a657f",
  "issues": [],
  "layout": "cairn",
  "policy": "cairn-default",
  "policy_hash": "a210ed841d260e0bf026f3c67ec810216b6409cfe6036f9132b51cc4e3176618",
  "receipt_hash": "aa602365d1f5e71663de83534dbc606971e806273dd6d4ac6533ab049c977f54",
  "stage": "tasks",
  "valid": true,
  "verdict": "PASS"
}
tasks_exit_status=0
{
  "change_issues": [],
  "changes": 14,
  "issues": [],
  "layout": "cairn",
  "policy": "cairn-default",
  "spec_issues": [],
  "specs_validated": 19,
  "valid": true
}
validate_exit_status=0
exit_status=0
