# command: nix run .#cairn -- archive modularize-stevenarella-ecs-core --root .
# cwd: /home/brittonr/git/mc
{
  "actions": [
    {
      "description": "move active change to archive: modularize-stevenarella-ecs-core",
      "kind": "archive_change",
      "path": "./cairn/changes/modularize-stevenarella-ecs-core"
    }
  ],
  "blocked": false,
  "change": "modularize-stevenarella-ecs-core",
  "dry_run": true,
  "input_hash": "12fd8964bbdff6b4c4e42ca6555eb5da77f53fa1781825197772def91fe6beaa",
  "layout": "cairn",
  "mutated": false,
  "mutation_manifest": null,
  "plan_hash": "7ffa2199026d7cce6ed8206e3b48ce3b34dd314e75e7cfd50d83451399f67e5c",
  "policy": "cairn-default",
  "policy_hash": "a210ed841d260e0bf026f3c67ec810216b6409cfe6036f9132b51cc4e3176618",
  "reasons": [],
  "receipt_hash": "d9bb32560d0b0b070bdec4b219756267fd7551622b5a6211a460482f5f9cd3c9"
}
exit_status=0
