command=nix run .#cairn -- gate tasks modularize-stevenarella-game-shell --root .
cwd=/home/brittonr/git/mc
started_at=2026-06-29T05:24:03-04:00
{
  "change": "modularize-stevenarella-game-shell",
  "evidence_summary": {
    "docs_only": 0,
    "fixture": 0,
    "formal": 0,
    "mode": "advisory",
    "model": 0,
    "probe": 0,
    "property": 0
  },
  "input_hash": "ceaa7a9e33f04d9adebe98d3cd077938fe658edcb9fdd21021a92b615a7cb75a",
  "issues": [],
  "layout": "cairn",
  "policy": "cairn-default",
  "policy_hash": "a210ed841d260e0bf026f3c67ec810216b6409cfe6036f9132b51cc4e3176618",
  "receipt_hash": "a7c67966414d15f3558fca211a115a9ddbf55edb302561f05c51aa63b7210944",
  "stage": "tasks",
  "valid": true,
  "verdict": "PASS"
}
finished_at=2026-06-29T05:24:03-04:00
exit_status=0
