cwd=/home/brittonr/git/mc
command=nix run .#cairn -- gate design modularize-hyperion-simulation-shell --root . 
{
  "change": "modularize-hyperion-simulation-shell",
  "evidence_summary": {
    "docs_only": 0,
    "fixture": 0,
    "formal": 0,
    "mode": "advisory",
    "model": 0,
    "probe": 0,
    "property": 0
  },
  "input_hash": "66bd688251a7570b916b85847471bb9b344539b01fbd63534be2147b5d2d2535",
  "issues": [],
  "layout": "cairn",
  "policy": "cairn-default",
  "policy_hash": "a210ed841d260e0bf026f3c67ec810216b6409cfe6036f9132b51cc4e3176618",
  "receipt_hash": "69b411262956b59a4b114333d57c9507d4e32d8e9b1c5784d6942e82f208cd2e",
  "stage": "design",
  "valid": true,
  "verdict": "PASS"
}
exit_status=0
