command=nix run .#cairn -- gate design modularize-hyperion-block-loader --root .
cwd=/home/brittonr/git/mc
started_at=2026-06-29T06:04:30Z
{
  "change": "modularize-hyperion-block-loader",
  "evidence_summary": {
    "docs_only": 0,
    "fixture": 0,
    "formal": 0,
    "mode": "advisory",
    "model": 0,
    "probe": 0,
    "property": 0
  },
  "input_hash": "d3e8a9234743894e085d229cb75edfe0e8ee4b1e1d4a74ce99fe9cf52296a107",
  "issues": [],
  "layout": "cairn",
  "policy": "cairn-default",
  "policy_hash": "a210ed841d260e0bf026f3c67ec810216b6409cfe6036f9132b51cc4e3176618",
  "receipt_hash": "028f67c866336d2898736b20947cc0061cdd82379570faf3da4b56656e537853",
  "stage": "design",
  "valid": true,
  "verdict": "PASS"
}
finished_at=2026-06-29T06:04:31Z
exit_status=0
