$ nix run .#cairn -- sync modularize-runner-entrypoint --root . --execute
{
  "actions": [
    {
      "description": "merge delta spec into main specs: ./cairn/changes/modularize-runner-entrypoint/specs/mc-compatibility/spec.md",
      "kind": "sync_delta_spec",
      "path": "./cairn/changes/modularize-runner-entrypoint/specs/mc-compatibility/spec.md"
    }
  ],
  "blocked": false,
  "change": "modularize-runner-entrypoint",
  "delta_specs": [
    "./cairn/changes/modularize-runner-entrypoint/specs/mc-compatibility/spec.md"
  ],
  "dry_run": false,
  "input_hash": "bef04234d6599fe2875b54a90f2eeec402e3e4f0f956c3c1975fc3626a44d9d3",
  "layout": "cairn",
  "mutated": true,
  "mutation_manifest": {
    "after": {
      "entries": [
        {
          "content_hash": "5d507c7e1ce14742455c7ffe9e1c590d16de6298750819f2fb948732a4019951",
          "exists": true,
          "path": "./cairn/specs/mc-compatibility/spec.md"
        }
      ],
      "manifest_hash": "83eefaef2426092501a6b1c00e9472b5d6162e6bc158bad5718b869184c86678"
    },
    "before": {
      "entries": [
        {
          "content_hash": "5d507c7e1ce14742455c7ffe9e1c590d16de6298750819f2fb948732a4019951",
          "exists": true,
          "path": "./cairn/specs/mc-compatibility/spec.md"
        }
      ],
      "manifest_hash": "83eefaef2426092501a6b1c00e9472b5d6162e6bc158bad5718b869184c86678"
    },
    "kind": "sync",
    "manifest_hash": "6f3858a0e93081b35538db1c0740807b771d74468646e127707f5ae5f9ebb01a"
  },
  "plan_hash": "8bf6751086b1bedbcb8a26157be92d1bbf19363feafdd5462273ac41acdcfff9",
  "policy": "cairn-default",
  "policy_hash": "a210ed841d260e0bf026f3c67ec810216b6409cfe6036f9132b51cc4e3176618",
  "reasons": [],
  "receipt_hash": "6230525fe72f191c64b74afafcb6b1c8394ab296d9ce2430c0f8c01d2e79be75"
}
exit_status=0
]0;