$ nix run .#cairn -- gate design modularize-runner-entrypoint --root .
{
  "change": "modularize-runner-entrypoint",
  "evidence_summary": {
    "docs_only": 0,
    "fixture": 0,
    "formal": 0,
    "mode": "advisory",
    "model": 0,
    "probe": 0,
    "property": 0
  },
  "input_hash": "e16ecd9cc1fb84545aaf9d7d5423e6ce914da41241fd1134638fe7ac5f66a3a3",
  "issues": [],
  "layout": "cairn",
  "policy": "cairn-default",
  "policy_hash": "a210ed841d260e0bf026f3c67ec810216b6409cfe6036f9132b51cc4e3176618",
  "receipt_hash": "d7b20fd4818fb24361acf05f3d8eff2aaaa29f0aa24fef76fcb6237d8b711ff6",
  "stage": "design",
  "valid": true,
  "verdict": "PASS"
}
exit_status=0
