# command: nix run .#cairn -- sync modularize-stevenarella-ecs-core --root .
# cwd: /home/brittonr/git/mc
{
  "actions": [
    {
      "description": "merge delta spec into main specs: ./cairn/changes/modularize-stevenarella-ecs-core/specs/mc-compatibility/spec.md",
      "kind": "sync_delta_spec",
      "path": "./cairn/changes/modularize-stevenarella-ecs-core/specs/mc-compatibility/spec.md"
    }
  ],
  "blocked": false,
  "change": "modularize-stevenarella-ecs-core",
  "delta_specs": [
    "./cairn/changes/modularize-stevenarella-ecs-core/specs/mc-compatibility/spec.md"
  ],
  "dry_run": true,
  "input_hash": "12fd8964bbdff6b4c4e42ca6555eb5da77f53fa1781825197772def91fe6beaa",
  "layout": "cairn",
  "mutated": false,
  "mutation_manifest": null,
  "plan_hash": "0f4a15c8531187cfaf765c8de082df16feba80e528b189b01544207e8205c2c4",
  "policy": "cairn-default",
  "policy_hash": "a210ed841d260e0bf026f3c67ec810216b6409cfe6036f9132b51cc4e3176618",
  "reasons": [],
  "receipt_hash": "04677b6f99fac478e210501a9c48b89097f48c9454659b35861d102bf061e3eb"
}
exit_status=0
