command=nix run .#cairn -- gate design modularize-stevenarella-ui-widgets --root . 
{
  "change": "modularize-stevenarella-ui-widgets",
  "evidence_summary": {
    "docs_only": 0,
    "fixture": 0,
    "formal": 0,
    "mode": "advisory",
    "model": 0,
    "probe": 0,
    "property": 0
  },
  "input_hash": "288e32e38ac4b012f12e6739b2fc7ff5fca552470845bd6390e766c73d91cd2c",
  "issues": [],
  "layout": "cairn",
  "policy": "cairn-default",
  "policy_hash": "a210ed841d260e0bf026f3c67ec810216b6409cfe6036f9132b51cc4e3176618",
  "receipt_hash": "d9914ba2bfcccda0c3add103c651e5116dd6b63a8cc29999ee5c9f5f0d6d027d",
  "stage": "design",
  "valid": true,
  "verdict": "PASS"
}
exit_status=0
