$ nix run .#cairn -- gate proposal modularize-runner-entrypoint --root .
{
  "change": "modularize-runner-entrypoint",
  "evidence_summary": {
    "docs_only": 0,
    "fixture": 0,
    "formal": 0,
    "mode": "advisory",
    "model": 0,
    "probe": 0,
    "property": 0
  },
  "input_hash": "b05d2b3d3e965cc0c1673a5154797ee7f4c9ff868ade467138b64687894e3f14",
  "issues": [],
  "layout": "cairn",
  "policy": "cairn-default",
  "policy_hash": "a210ed841d260e0bf026f3c67ec810216b6409cfe6036f9132b51cc4e3176618",
  "receipt_hash": "7226cd5b5ec2c245fd3a720914ea07685838183e5c98f61796f6980f48f0d072",
  "stage": "proposal",
  "valid": true,
  "verdict": "PASS"
}
exit_status=0
