$ nix run .#cairn -- gate proposal modularize-runner-entrypoint --root .
{
  "change": "modularize-runner-entrypoint",
  "evidence_summary": {
    "docs_only": 0,
    "fixture": 0,
    "formal": 0,
    "mode": "advisory",
    "model": 0,
    "probe": 0,
    "property": 0
  },
  "input_hash": "dedc33fd6509ccfa436dcb08f4c968a45e3f9222b5e9405f6f89df81131c453a",
  "issues": [],
  "layout": "cairn",
  "policy": "cairn-default",
  "policy_hash": "a210ed841d260e0bf026f3c67ec810216b6409cfe6036f9132b51cc4e3176618",
  "receipt_hash": "81817431a8f8de5654e560a5d198544ccdb5d9b9f2e7663975675c2869347f71",
  "stage": "proposal",
  "valid": true,
  "verdict": "PASS"
}
exit_status=0
