cwd=/home/brittonr/git/mc
command=nix run .#cairn -- gate design modularize-valence-command-manager --root .
{
  "change": "modularize-valence-command-manager",
  "evidence_summary": {
    "docs_only": 0,
    "fixture": 0,
    "formal": 0,
    "mode": "advisory",
    "model": 0,
    "probe": 0,
    "property": 0
  },
  "input_hash": "a7c0fbc70cf78d38a5c2a3e5a0fa385d1ad83e259f7b0c381af59ec1597d9626",
  "issues": [],
  "layout": "cairn",
  "policy": "cairn-default",
  "policy_hash": "a210ed841d260e0bf026f3c67ec810216b6409cfe6036f9132b51cc4e3176618",
  "receipt_hash": "624c8ca9310dd4e0e89891d899c16db057d6d331213e3db6632a6f0fbf9be999",
  "stage": "design",
  "valid": true,
  "verdict": "PASS"
}
exit_status=0
