command=nix run .#cairn -- gate proposal modularize-survival-compat-fixture --root .
{
  "change": "modularize-survival-compat-fixture",
  "evidence_summary": {
    "docs_only": 0,
    "fixture": 0,
    "formal": 0,
    "mode": "advisory",
    "model": 0,
    "probe": 0,
    "property": 0
  },
  "input_hash": "135e4f4cd4858bd1637ff713b1ec6faf4636d10b91535e4a650a97ae8b52afcc",
  "issues": [],
  "layout": "cairn",
  "policy": "cairn-default",
  "policy_hash": "a210ed841d260e0bf026f3c67ec810216b6409cfe6036f9132b51cc4e3176618",
  "receipt_hash": "3e421978f4422e216c0b847e0e445be6518b49c08cbdcc2aceb72864b784ddd7",
  "stage": "proposal",
  "valid": true,
  "verdict": "PASS"
}
exit_status=0
