command=nix command=run command=.#cairn command=-- command=sync command=modularize-survival-compat-fixture command=--root command=. command=--execute
{
  "actions": [
    {
      "description": "merge delta spec into main specs: ./cairn/changes/modularize-survival-compat-fixture/specs/mc-compatibility/spec.md",
      "kind": "sync_delta_spec",
      "path": "./cairn/changes/modularize-survival-compat-fixture/specs/mc-compatibility/spec.md"
    }
  ],
  "blocked": false,
  "change": "modularize-survival-compat-fixture",
  "delta_specs": [
    "./cairn/changes/modularize-survival-compat-fixture/specs/mc-compatibility/spec.md"
  ],
  "dry_run": false,
  "input_hash": "c2e9cb54cb171f56a8ba27a6a3887133301f1785cb94b9b044da18aae16b87be",
  "layout": "cairn",
  "mutated": true,
  "mutation_manifest": {
    "after": {
      "entries": [
        {
          "content_hash": "0e89b8fdf57d1fea54af33446d0471885dd422d37b36b580ab8ed8640c40ce74",
          "exists": true,
          "path": "./cairn/specs/mc-compatibility/spec.md"
        }
      ],
      "manifest_hash": "625c00e597ed65eada61881e8acfcba4c90449f738e0fc4f2e110d7a04fded49"
    },
    "before": {
      "entries": [
        {
          "content_hash": "0e89b8fdf57d1fea54af33446d0471885dd422d37b36b580ab8ed8640c40ce74",
          "exists": true,
          "path": "./cairn/specs/mc-compatibility/spec.md"
        }
      ],
      "manifest_hash": "625c00e597ed65eada61881e8acfcba4c90449f738e0fc4f2e110d7a04fded49"
    },
    "kind": "sync",
    "manifest_hash": "42c04d380a0589b2277ef64a6e75b556d28f16c7697c59441d42c2ff80773cbd"
  },
  "plan_hash": "6f2ac9ccd22f74a3762ca97415f174b13c4e9b929f430169831691fd526791a3",
  "policy": "cairn-default",
  "policy_hash": "a210ed841d260e0bf026f3c67ec810216b6409cfe6036f9132b51cc4e3176618",
  "reasons": [],
  "receipt_hash": "9403dd6a20abd23d8c2ebedd80b65e44b5ffb4838cf519a17a3f8f71e5567e3c"
}
exit_status=0
