command=CAIRN_ARCHIVE_DATE=2026-06-29 nix run .#cairn -- archive modularize-hyperion-packet-inspector-ui --root . --execute
cwd=/home/brittonr/git/mc

{
  "actions": [
    {
      "description": "move active change to archive: modularize-hyperion-packet-inspector-ui",
      "kind": "archive_change",
      "path": "./cairn/archive/2026-06-29-modularize-hyperion-packet-inspector-ui"
    }
  ],
  "blocked": false,
  "change": "modularize-hyperion-packet-inspector-ui",
  "dry_run": false,
  "input_hash": "32be84c5ac19b01a8150447992007486662f5eadea0c6aec6d30c49c16c76ad5",
  "layout": "cairn",
  "mutated": true,
  "mutation_manifest": {
    "after": {
      "entries": [
        {
          "content_hash": "afaad992a7fde87184cfccc47066cb95207eb32253c940bf4e5b787530ba7035",
          "exists": true,
          "path": "./cairn/archive/2026-06-29-modularize-hyperion-packet-inspector-ui/design.md"
        },
        {
          "content_hash": "f485234e9622a55256286ae2b4acd9e01797773331b2bed6b8c949d6f8d6d903",
          "exists": true,
          "path": "./cairn/archive/2026-06-29-modularize-hyperion-packet-inspector-ui/proposal.md"
        },
        {
          "content_hash": "1e3833a28844275b754fbfc700656e5a038c3c40d21b3e05340c6c4828fd39fb",
          "exists": true,
          "path": "./cairn/archive/2026-06-29-modularize-hyperion-packet-inspector-ui/specs/valence-hyperion-integration/spec.md"
        },
        {
          "content_hash": "839ec17eac12586e15f7b8742eefa847602b83ba0a5c2348cd5cbb4b52297578",
          "exists": true,
          "path": "./cairn/archive/2026-06-29-modularize-hyperion-packet-inspector-ui/tasks.md"
        },
        {
          "content_hash": null,
          "exists": false,
          "path": "./cairn/changes/modularize-hyperion-packet-inspector-ui"
        }
      ],
      "manifest_hash": "381558d063ffafb009ef5e13f5b713c0df8dc3325dd5e4e0767e3ea2d74fc6a2"
    },
    "before": {
      "entries": [
        {
          "content_hash": "afaad992a7fde87184cfccc47066cb95207eb32253c940bf4e5b787530ba7035",
          "exists": true,
          "path": "./cairn/changes/modularize-hyperion-packet-inspector-ui/design.md"
        },
        {
          "content_hash": "f485234e9622a55256286ae2b4acd9e01797773331b2bed6b8c949d6f8d6d903",
          "exists": true,
          "path": "./cairn/changes/modularize-hyperion-packet-inspector-ui/proposal.md"
        },
        {
          "content_hash": "1e3833a28844275b754fbfc700656e5a038c3c40d21b3e05340c6c4828fd39fb",
          "exists": true,
          "path": "./cairn/changes/modularize-hyperion-packet-inspector-ui/specs/valence-hyperion-integration/spec.md"
        },
        {
          "content_hash": "839ec17eac12586e15f7b8742eefa847602b83ba0a5c2348cd5cbb4b52297578",
          "exists": true,
          "path": "./cairn/changes/modularize-hyperion-packet-inspector-ui/tasks.md"
        }
      ],
      "manifest_hash": "484634a41ced0f119ee14a3b5bf15f1e7728fa215608e3a23494aff8dcaf1b38"
    },
    "kind": "archive",
    "manifest_hash": "97b74e22f02fc3962478e693ef4470c5b2948a05fe90db9cc283a01cecb80650"
  },
  "plan_hash": "56e00b87e32bf39474924586cc43c89ac130559d4d2b44447ef560a319a13ce2",
  "policy": "cairn-default",
  "policy_hash": "a210ed841d260e0bf026f3c67ec810216b6409cfe6036f9132b51cc4e3176618",
  "reasons": [],
  "receipt_hash": "8702f79341aafd7de42088f3ef9047ecbeb0a6fafc2aec195e593bde8dcfa331"
}

exit_status=0
