command=nix command=run command=.#cairn command=-- command=sync command=modularize-stevenarella-ui-widgets command=--root command=. 
{
  "actions": [
    {
      "description": "merge delta spec into main specs: ./cairn/changes/modularize-stevenarella-ui-widgets/specs/mc-compatibility/spec.md",
      "kind": "sync_delta_spec",
      "path": "./cairn/changes/modularize-stevenarella-ui-widgets/specs/mc-compatibility/spec.md"
    }
  ],
  "blocked": false,
  "change": "modularize-stevenarella-ui-widgets",
  "delta_specs": [
    "./cairn/changes/modularize-stevenarella-ui-widgets/specs/mc-compatibility/spec.md"
  ],
  "dry_run": true,
  "input_hash": "472c0005da471f4886ed164b31b0cf1e05e7f2020a73f6463e31ed9df67b2ad0",
  "layout": "cairn",
  "mutated": false,
  "mutation_manifest": null,
  "plan_hash": "13eb944a5c6d3534cb934a83b8dde117b48cce94e92b773db581452205a340b8",
  "policy": "cairn-default",
  "policy_hash": "a210ed841d260e0bf026f3c67ec810216b6409cfe6036f9132b51cc4e3176618",
  "reasons": [],
  "receipt_hash": "73959de60f0acd97e77d6ecaa44f5f76cc5436157f265591ee160578dec6d07b"
}
exit_status=0
