command=nix run .#cairn -- gate tasks modularize-stevenarella-server --root .
cwd=/home/brittonr/git/mc
{
  "change": "modularize-stevenarella-server",
  "evidence_summary": {
    "docs_only": 0,
    "fixture": 0,
    "formal": 0,
    "mode": "advisory",
    "model": 0,
    "probe": 0,
    "property": 0
  },
  "input_hash": "e6acb6e0d197d5046e6a39719934f7c9e8f8620dd63ecb3e12b9b84edef09b1d",
  "issues": [],
  "layout": "cairn",
  "policy": "cairn-default",
  "policy_hash": "a210ed841d260e0bf026f3c67ec810216b6409cfe6036f9132b51cc4e3176618",
  "receipt_hash": "4d594fa6cd35478db2687eeaad50ac80f932a5bbe8351e00345041158dcd561b",
  "stage": "tasks",
  "valid": true,
  "verdict": "PASS"
}
exit_status=0
