cwd=/home/brittonr/git/mc
command=nix run .#cairn -- gate proposal modularize-valence-command-manager --root .
{
  "change": "modularize-valence-command-manager",
  "evidence_summary": {
    "docs_only": 0,
    "fixture": 0,
    "formal": 0,
    "mode": "advisory",
    "model": 0,
    "probe": 0,
    "property": 0
  },
  "input_hash": "b4e2e12af3b08f8a55eb8570d55239cc3370b01fe68046d59ae067bc12224226",
  "issues": [],
  "layout": "cairn",
  "policy": "cairn-default",
  "policy_hash": "a210ed841d260e0bf026f3c67ec810216b6409cfe6036f9132b51cc4e3176618",
  "receipt_hash": "5a46e0ba6e9d1ffa031b78b706fc050e47cde5df89fcbf11d5c28b3d9576ba52",
  "stage": "proposal",
  "valid": true,
  "verdict": "PASS"
}
exit_status=0
