command=nix run .#cairn -- gate design modularize-stevenarella-game-shell --root .
cwd=/home/brittonr/git/mc
started_at=2026-06-29T05:24:03-04:00
{
  "change": "modularize-stevenarella-game-shell",
  "evidence_summary": {
    "docs_only": 0,
    "fixture": 0,
    "formal": 0,
    "mode": "advisory",
    "model": 0,
    "probe": 0,
    "property": 0
  },
  "input_hash": "141f21a777955fcef9455c1c079636fa6aadd18ba520949e8d8991ccaedb4443",
  "issues": [],
  "layout": "cairn",
  "policy": "cairn-default",
  "policy_hash": "a210ed841d260e0bf026f3c67ec810216b6409cfe6036f9132b51cc4e3176618",
  "receipt_hash": "e609582b25f25454cf888924da7ec04a0b6b2a93983c94faf5f00a6fe682b440",
  "stage": "design",
  "valid": true,
  "verdict": "PASS"
}
finished_at=2026-06-29T05:24:03-04:00
exit_status=0
