command=nix run .#cairn -- gate tasks modularize-hyperion-packet-inspector-ui --root .
cwd=/home/brittonr/git/mc

{
  "change": "modularize-hyperion-packet-inspector-ui",
  "evidence_summary": {
    "docs_only": 0,
    "fixture": 0,
    "formal": 0,
    "mode": "advisory",
    "model": 0,
    "probe": 0,
    "property": 0
  },
  "input_hash": "d4bee14c00089488a13c6ab72f516021177dbeb73e18ca4fa2676b4702a11c89",
  "issues": [],
  "layout": "cairn",
  "policy": "cairn-default",
  "policy_hash": "a210ed841d260e0bf026f3c67ec810216b6409cfe6036f9132b51cc4e3176618",
  "receipt_hash": "b228d4027523aceecf899569668951f5dcc1a1aeb0f110d508cb535c2e1702ea",
  "stage": "tasks",
  "valid": true,
  "verdict": "PASS"
}

exit_status=0
