cwd=/home/brittonr/git/mc
command=nix run .#cairn -- sync modularize-valence-command-manager --root .
{
  "actions": [
    {
      "description": "merge delta spec into main specs: ./cairn/changes/modularize-valence-command-manager/specs/valence-bevy-ecs/spec.md",
      "kind": "sync_delta_spec",
      "path": "./cairn/changes/modularize-valence-command-manager/specs/valence-bevy-ecs/spec.md"
    }
  ],
  "blocked": false,
  "change": "modularize-valence-command-manager",
  "delta_specs": [
    "./cairn/changes/modularize-valence-command-manager/specs/valence-bevy-ecs/spec.md"
  ],
  "dry_run": true,
  "input_hash": "7f92eb1c2f153c8a9332c257f9130559cafee05d37650cd677ca8b93e73cc380",
  "layout": "cairn",
  "mutated": false,
  "mutation_manifest": null,
  "plan_hash": "c3ad7df5fe52cb343e6287c042d03fc063d8c20442d9729a07ede0d41745566c",
  "policy": "cairn-default",
  "policy_hash": "a210ed841d260e0bf026f3c67ec810216b6409cfe6036f9132b51cc4e3176618",
  "reasons": [],
  "receipt_hash": "dee10baf6ab910994952d42927e01d7df34189281905c26fd7c6b5857c1c73b0"
}
exit_status=0
