command=nix run .#cairn -- gate proposal modularize-stevenarella-game-shell --root .
cwd=/home/brittonr/git/mc
started_at=2026-06-29T05:56:22-04:00
{
  "change": "modularize-stevenarella-game-shell",
  "evidence_summary": {
    "docs_only": 0,
    "fixture": 0,
    "formal": 0,
    "mode": "advisory",
    "model": 0,
    "probe": 0,
    "property": 0
  },
  "input_hash": "8f13fba750ea95540245c3046365e30c00876b7c14de536dd42c44a24baeb092",
  "issues": [],
  "layout": "cairn",
  "policy": "cairn-default",
  "policy_hash": "a210ed841d260e0bf026f3c67ec810216b6409cfe6036f9132b51cc4e3176618",
  "receipt_hash": "f866bacfd547e58bf72b24e9d41a23ac5d3be1a9195a05ca30fe173f15f5084a",
  "stage": "proposal",
  "valid": true,
  "verdict": "PASS"
}
finished_at=2026-06-29T05:56:23-04:00
exit_status=0
