command=nix run .#cairn -- gate tasks modularize-hyperion-block-loader --root .
cwd=/home/brittonr/git/mc
started_at=2026-06-29T06:04:31Z
{
  "change": "modularize-hyperion-block-loader",
  "evidence_summary": {
    "docs_only": 0,
    "fixture": 0,
    "formal": 0,
    "mode": "advisory",
    "model": 0,
    "probe": 0,
    "property": 0
  },
  "input_hash": "a4c5da7a79be7f61b494b35ec20589ca0acab2880ef8e3b6886ce3f4d92c17ea",
  "issues": [],
  "layout": "cairn",
  "policy": "cairn-default",
  "policy_hash": "a210ed841d260e0bf026f3c67ec810216b6409cfe6036f9132b51cc4e3176618",
  "receipt_hash": "9644eefaca1c1ede4b35987a2f9cf3ece28a360b46a25f9d5cd455a211603f38",
  "stage": "tasks",
  "valid": true,
  "verdict": "PASS"
}
finished_at=2026-06-29T06:04:31Z
exit_status=0
