command=nix run .#cairn -- gate design modularize-hyperion-packet-inspector-ui --root .
cwd=/home/brittonr/git/mc

{
  "change": "modularize-hyperion-packet-inspector-ui",
  "evidence_summary": {
    "docs_only": 0,
    "fixture": 0,
    "formal": 0,
    "mode": "advisory",
    "model": 0,
    "probe": 0,
    "property": 0
  },
  "input_hash": "d7ff50a407934ced5983b65decb591231db7fc7d76b02028493173cf4e2e55bb",
  "issues": [],
  "layout": "cairn",
  "policy": "cairn-default",
  "policy_hash": "a210ed841d260e0bf026f3c67ec810216b6409cfe6036f9132b51cc4e3176618",
  "receipt_hash": "c6077fd092c5394b31cd78012e9238f5008ae0305686fbd610404c47952ce77f",
  "stage": "design",
  "valid": true,
  "verdict": "PASS"
}

exit_status=0
