command=nix command=run command=.#cairn command=-- command=archive command=modularize-survival-compat-fixture command=--root command=.
{
  "actions": [
    {
      "description": "move active change to archive: modularize-survival-compat-fixture",
      "kind": "archive_change",
      "path": "./cairn/changes/modularize-survival-compat-fixture"
    }
  ],
  "blocked": false,
  "change": "modularize-survival-compat-fixture",
  "dry_run": true,
  "input_hash": "c2e9cb54cb171f56a8ba27a6a3887133301f1785cb94b9b044da18aae16b87be",
  "layout": "cairn",
  "mutated": false,
  "mutation_manifest": null,
  "plan_hash": "e17f2851a27035fced5788f39765683118d8b8aca690a86f1d0c716c79ba702c",
  "policy": "cairn-default",
  "policy_hash": "a210ed841d260e0bf026f3c67ec810216b6409cfe6036f9132b51cc4e3176618",
  "reasons": [],
  "receipt_hash": "1cde54ed57047353925fbebf229ac0489be4776075412b8fd42712c48c66fc7c"
}
exit_status=0
