command=nix run .#cairn -- gate tasks modularize-stevenarella-ui-widgets --root . 
{
  "change": "modularize-stevenarella-ui-widgets",
  "evidence_summary": {
    "docs_only": 0,
    "fixture": 0,
    "formal": 0,
    "mode": "advisory",
    "model": 0,
    "probe": 0,
    "property": 0
  },
  "input_hash": "793883d3a43adc547811b8699ee16e22cc2c213f7be3132857238699d450c865",
  "issues": [],
  "layout": "cairn",
  "policy": "cairn-default",
  "policy_hash": "a210ed841d260e0bf026f3c67ec810216b6409cfe6036f9132b51cc4e3176618",
  "receipt_hash": "0ba3107aea86ecedda67a2908167ce05c8839b553c6a612c1fdbd882293ef21e",
  "stage": "tasks",
  "valid": true,
  "verdict": "PASS"
}
exit_status=0
