command=nix run .#cairn -- gate tasks modularize-valence-chunk-layer --root .
cwd=/home/brittonr/git/mc
{
  "change": "modularize-valence-chunk-layer",
  "evidence_summary": {
    "docs_only": 0,
    "fixture": 0,
    "formal": 0,
    "mode": "advisory",
    "model": 0,
    "probe": 0,
    "property": 0
  },
  "input_hash": "416e74e9fd12111b7825a91e91da2b8e1a698fec43a081cc60b068a144b21529",
  "issues": [],
  "layout": "cairn",
  "policy": "cairn-default",
  "policy_hash": "a210ed841d260e0bf026f3c67ec810216b6409cfe6036f9132b51cc4e3176618",
  "receipt_hash": "d77abac37c74738c6242c322195ce5b1c2962b556499fd1f4e58980a3c8e33d2",
  "stage": "tasks",
  "valid": true,
  "verdict": "PASS"
}
exit_status=0
