command=nix run .#cairn -- gate design modularize-stevenarella-server --root .
cwd=/home/brittonr/git/mc
{
  "change": "modularize-stevenarella-server",
  "evidence_summary": {
    "docs_only": 0,
    "fixture": 0,
    "formal": 0,
    "mode": "advisory",
    "model": 0,
    "probe": 0,
    "property": 0
  },
  "input_hash": "1e314fb33bde1dde352a53a293465127ab4624303be79ef1e8451ac5d64efdbe",
  "issues": [],
  "layout": "cairn",
  "policy": "cairn-default",
  "policy_hash": "a210ed841d260e0bf026f3c67ec810216b6409cfe6036f9132b51cc4e3176618",
  "receipt_hash": "ca4a73ddbd7fb6d82f08f532aea31cb1b2f83541d16b1aebf2dfed34a6e82c0b",
  "stage": "design",
  "valid": true,
  "verdict": "PASS"
}
exit_status=0
