command=nix run .#cairn -- gate design modularize-valence-chunk-layer --root .
cwd=/home/brittonr/git/mc
{
  "change": "modularize-valence-chunk-layer",
  "evidence_summary": {
    "docs_only": 0,
    "fixture": 0,
    "formal": 0,
    "mode": "advisory",
    "model": 0,
    "probe": 0,
    "property": 0
  },
  "input_hash": "7051d23c107320a5521ab86bf4e46e829a096b4e0abeb61125d1e4d744133bdb",
  "issues": [],
  "layout": "cairn",
  "policy": "cairn-default",
  "policy_hash": "a210ed841d260e0bf026f3c67ec810216b6409cfe6036f9132b51cc4e3176618",
  "receipt_hash": "437cd29d2a443ae16430b83d5f88f96dd710dc64e2193c0cb4a3648a5eae6b72",
  "stage": "design",
  "valid": true,
  "verdict": "PASS"
}
exit_status=0
