command=nix run .#cairn -- sync modularize-hyperion-packet-inspector-ui --root .
cwd=/home/brittonr/git/mc

{
  "actions": [
    {
      "description": "merge delta spec into main specs: ./cairn/changes/modularize-hyperion-packet-inspector-ui/specs/valence-hyperion-integration/spec.md",
      "kind": "sync_delta_spec",
      "path": "./cairn/changes/modularize-hyperion-packet-inspector-ui/specs/valence-hyperion-integration/spec.md"
    }
  ],
  "blocked": false,
  "change": "modularize-hyperion-packet-inspector-ui",
  "delta_specs": [
    "./cairn/changes/modularize-hyperion-packet-inspector-ui/specs/valence-hyperion-integration/spec.md"
  ],
  "dry_run": true,
  "input_hash": "32be84c5ac19b01a8150447992007486662f5eadea0c6aec6d30c49c16c76ad5",
  "layout": "cairn",
  "mutated": false,
  "mutation_manifest": null,
  "plan_hash": "b61971103a19135f47df5400bdc96f21db96f3a4d559e190ca936aaa1e83ea07",
  "policy": "cairn-default",
  "policy_hash": "a210ed841d260e0bf026f3c67ec810216b6409cfe6036f9132b51cc4e3176618",
  "reasons": [],
  "receipt_hash": "3c64e231af450e911e9046f2e0a16d48aea1d0a72a78a9c2e8e7c8d2e2721787"
}

exit_status=0
