command=nix run .#cairn -- sync modularize-valence-chunk-layer --root . --execute
cwd=/home/brittonr/git/mc
{
  "actions": [
    {
      "description": "merge delta spec into main specs: ./cairn/changes/modularize-valence-chunk-layer/specs/valence-bevy-ecs/spec.md",
      "kind": "sync_delta_spec",
      "path": "./cairn/changes/modularize-valence-chunk-layer/specs/valence-bevy-ecs/spec.md"
    }
  ],
  "blocked": false,
  "change": "modularize-valence-chunk-layer",
  "delta_specs": [
    "./cairn/changes/modularize-valence-chunk-layer/specs/valence-bevy-ecs/spec.md"
  ],
  "dry_run": false,
  "input_hash": "0be9fcebbf3f725cd40bc0ace72dbb9daa5c0b05abe166ac31ba9aa5c4b8820f",
  "layout": "cairn",
  "mutated": true,
  "mutation_manifest": {
    "after": {
      "entries": [
        {
          "content_hash": "eaf499dee7562c0f445f93d39bfa03f2266d88fab5680acb2f88269ab928a908",
          "exists": true,
          "path": "./cairn/specs/valence-bevy-ecs/spec.md"
        }
      ],
      "manifest_hash": "4341db9586d40aea8619a571b3e423ec5498a80ef7dfab550f095319d5511aa2"
    },
    "before": {
      "entries": [
        {
          "content_hash": "eaf499dee7562c0f445f93d39bfa03f2266d88fab5680acb2f88269ab928a908",
          "exists": true,
          "path": "./cairn/specs/valence-bevy-ecs/spec.md"
        }
      ],
      "manifest_hash": "4341db9586d40aea8619a571b3e423ec5498a80ef7dfab550f095319d5511aa2"
    },
    "kind": "sync",
    "manifest_hash": "8241bfe827d63b001a788633af95cb9117998b64f944656ee5c0982e8ae873e6"
  },
  "plan_hash": "438d03ef0975810a54f6258fd9bcb0367311f471aadf01545e2adfa2db9256b3",
  "policy": "cairn-default",
  "policy_hash": "a210ed841d260e0bf026f3c67ec810216b6409cfe6036f9132b51cc4e3176618",
  "reasons": [],
  "receipt_hash": "4ed04ada1434a85847d628c88ac9cb8455da8e5a50e8df34f3824c6ec8535125"
}
exit_status=0
