command=nix run .#cairn -- gate design modularize-survival-compat-fixture --root .
{
  "change": "modularize-survival-compat-fixture",
  "evidence_summary": {
    "docs_only": 0,
    "fixture": 0,
    "formal": 0,
    "mode": "advisory",
    "model": 0,
    "probe": 0,
    "property": 0
  },
  "input_hash": "80f4bc465275c1ea8474d7425caf14a7bcdd6b0993a73347c9fe3a4575a4dfa7",
  "issues": [],
  "layout": "cairn",
  "policy": "cairn-default",
  "policy_hash": "a210ed841d260e0bf026f3c67ec810216b6409cfe6036f9132b51cc4e3176618",
  "receipt_hash": "ebbf2dc68d0a0726ea6c012c76f1076f6583cbc9935c4fbc12a8c0bd333724e7",
  "stage": "design",
  "valid": true,
  "verdict": "PASS"
}
exit_status=0
