cwd=/home/brittonr/git/mc
command=nix run .#cairn -- sync modularize-valence-command-manager --root . --execute
{
  "actions": [
    {
      "description": "merge delta spec into main specs: ./cairn/changes/modularize-valence-command-manager/specs/valence-bevy-ecs/spec.md",
      "kind": "sync_delta_spec",
      "path": "./cairn/changes/modularize-valence-command-manager/specs/valence-bevy-ecs/spec.md"
    }
  ],
  "blocked": false,
  "change": "modularize-valence-command-manager",
  "delta_specs": [
    "./cairn/changes/modularize-valence-command-manager/specs/valence-bevy-ecs/spec.md"
  ],
  "dry_run": false,
  "input_hash": "7f92eb1c2f153c8a9332c257f9130559cafee05d37650cd677ca8b93e73cc380",
  "layout": "cairn",
  "mutated": true,
  "mutation_manifest": {
    "after": {
      "entries": [
        {
          "content_hash": "a23f082ec1aca21ead371048b71f3330d1a293b175c0c2fff433243389a99dd9",
          "exists": true,
          "path": "./cairn/specs/valence-bevy-ecs/spec.md"
        }
      ],
      "manifest_hash": "aa716df5a0f44133e4496659efd6da498e68890e2e854c63a280116bc7293413"
    },
    "before": {
      "entries": [
        {
          "content_hash": "a23f082ec1aca21ead371048b71f3330d1a293b175c0c2fff433243389a99dd9",
          "exists": true,
          "path": "./cairn/specs/valence-bevy-ecs/spec.md"
        }
      ],
      "manifest_hash": "aa716df5a0f44133e4496659efd6da498e68890e2e854c63a280116bc7293413"
    },
    "kind": "sync",
    "manifest_hash": "391c7c08c3dc09943a40b9df4f557601da0d520ee581fd1eee884f686da5693e"
  },
  "plan_hash": "2a3237faed9cfd0fda372124dc9cecc60afbc947cfaed8c2fbd71dbbd0932070",
  "policy": "cairn-default",
  "policy_hash": "a210ed841d260e0bf026f3c67ec810216b6409cfe6036f9132b51cc4e3176618",
  "reasons": [],
  "receipt_hash": "c72145cbc49e3e703bddee80e0eee387cc6520609fe23da98d02cb89ac2b0682"
}
exit_status=0
