cwd=/home/brittonr/git/mc
command=nix run .#cairn -- gate tasks modularize-hyperion-simulation-shell --root . 
{
  "change": "modularize-hyperion-simulation-shell",
  "evidence_summary": {
    "docs_only": 0,
    "fixture": 0,
    "formal": 0,
    "mode": "advisory",
    "model": 0,
    "probe": 0,
    "property": 0
  },
  "input_hash": "31f77c99fc9c5cc005b1ae1d85e73c4493fff96c3f2b33f2e3d587489b44137e",
  "issues": [],
  "layout": "cairn",
  "policy": "cairn-default",
  "policy_hash": "a210ed841d260e0bf026f3c67ec810216b6409cfe6036f9132b51cc4e3176618",
  "receipt_hash": "11f30633b97fe2ebdd7e5586943396735ab0836022e8de5788107ee27305decc",
  "stage": "tasks",
  "valid": true,
  "verdict": "PASS"
}
exit_status=0
