command=nix run .#cairn -- gate proposal modularize-stevenarella-server --root .
cwd=/home/brittonr/git/mc
{
  "change": "modularize-stevenarella-server",
  "evidence_summary": {
    "docs_only": 0,
    "fixture": 0,
    "formal": 0,
    "mode": "advisory",
    "model": 0,
    "probe": 0,
    "property": 0
  },
  "input_hash": "946aedc4acb05ff30e969be08b81f690133cf0cdca1366d68187c0720c1b5cde",
  "issues": [],
  "layout": "cairn",
  "policy": "cairn-default",
  "policy_hash": "a210ed841d260e0bf026f3c67ec810216b6409cfe6036f9132b51cc4e3176618",
  "receipt_hash": "216e3b8cea03bed7dae04fa8403cf50e12908990bb923ee0716ab085a69f37e2",
  "stage": "proposal",
  "valid": true,
  "verdict": "PASS"
}
exit_status=0
