cwd=/home/brittonr/git/mc
command=nix run .#cairn -- gate proposal modularize-hyperion-simulation-shell --root . 
{
  "change": "modularize-hyperion-simulation-shell",
  "evidence_summary": {
    "docs_only": 0,
    "fixture": 0,
    "formal": 0,
    "mode": "advisory",
    "model": 0,
    "probe": 0,
    "property": 0
  },
  "input_hash": "2f9740b3a94aaf2ac79b116500b0c399aa6bf7844e40704e0137a05e974b03cb",
  "issues": [],
  "layout": "cairn",
  "policy": "cairn-default",
  "policy_hash": "a210ed841d260e0bf026f3c67ec810216b6409cfe6036f9132b51cc4e3176618",
  "receipt_hash": "fb83ed0ccb949088f85279877055a0fe0a913baf0e7ff7249911e5aec99ce9e8",
  "stage": "proposal",
  "valid": true,
  "verdict": "PASS"
}
exit_status=0
command=nix run .#cairn -- gate design modularize-hyperion-simulation-shell --root . 
{
  "change": "modularize-hyperion-simulation-shell",
  "evidence_summary": {
    "docs_only": 0,
    "fixture": 0,
    "formal": 0,
    "mode": "advisory",
    "model": 0,
    "probe": 0,
    "property": 0
  },
  "input_hash": "2b32a69a29ad55249fe426629434a1fea4b8f0a881887ef62c21a17bef54e374",
  "issues": [],
  "layout": "cairn",
  "policy": "cairn-default",
  "policy_hash": "a210ed841d260e0bf026f3c67ec810216b6409cfe6036f9132b51cc4e3176618",
  "receipt_hash": "fd1ad3e967e111e79dc23613c7a7d1b081ad8f8eb8c032a2dbe7f37251291c32",
  "stage": "design",
  "valid": true,
  "verdict": "PASS"
}
exit_status=0
command=nix run .#cairn -- gate tasks modularize-hyperion-simulation-shell --root . 
{
  "change": "modularize-hyperion-simulation-shell",
  "evidence_summary": {
    "docs_only": 0,
    "fixture": 0,
    "formal": 0,
    "mode": "advisory",
    "model": 0,
    "probe": 0,
    "property": 0
  },
  "input_hash": "19824fd375d7d2a2de1129799754737c845f9fde9469369fce26a41867b8c748",
  "issues": [],
  "layout": "cairn",
  "policy": "cairn-default",
  "policy_hash": "a210ed841d260e0bf026f3c67ec810216b6409cfe6036f9132b51cc4e3176618",
  "receipt_hash": "f3411865e3da8ac6e27521071cca54a43055d03713918d6650b17096a66d1c9e",
  "stage": "tasks",
  "valid": true,
  "verdict": "PASS"
}
exit_status=0
command=nix run .#cairn -- validate --root . 
{
  "change_issues": [],
  "changes": 22,
  "issues": [],
  "layout": "cairn",
  "policy": "cairn-default",
  "spec_issues": [],
  "specs_validated": 27,
  "valid": true
}
exit_status=0
]0;