command=nix run .#cairn -- gate proposal modularize-stevenarella-ui-widgets --root . 
{
  "change": "modularize-stevenarella-ui-widgets",
  "evidence_summary": {
    "docs_only": 0,
    "fixture": 0,
    "formal": 0,
    "mode": "advisory",
    "model": 0,
    "probe": 0,
    "property": 0
  },
  "input_hash": "157ea6afc99df6740759497ae9f124d83978950b56a3d43adf670eaebd7652bc",
  "issues": [],
  "layout": "cairn",
  "policy": "cairn-default",
  "policy_hash": "a210ed841d260e0bf026f3c67ec810216b6409cfe6036f9132b51cc4e3176618",
  "receipt_hash": "0e1d15bea22bc03649e07ac117981d89bbfeffc1634d5778324666c3bbbe0f0a",
  "stage": "proposal",
  "valid": true,
  "verdict": "PASS"
}
exit_status=0
