command=nix run .#cairn -- gate proposal modularize-hyperion-block-loader --root .
cwd=/home/brittonr/git/mc
started_at=2026-06-29T06:24:17Z
{
  "change": "modularize-hyperion-block-loader",
  "evidence_summary": {
    "docs_only": 0,
    "fixture": 0,
    "formal": 0,
    "mode": "advisory",
    "model": 0,
    "probe": 0,
    "property": 0
  },
  "input_hash": "ee374a674bb0d658fac1f9dc68a09160093039ebb5b6db5a489e564765fdb556",
  "issues": [],
  "layout": "cairn",
  "policy": "cairn-default",
  "policy_hash": "a210ed841d260e0bf026f3c67ec810216b6409cfe6036f9132b51cc4e3176618",
  "receipt_hash": "0f42ff82b27f4d810a0806977d893fa15c4c198ba30e18c56de033f4109af0b6",
  "stage": "proposal",
  "valid": true,
  "verdict": "PASS"
}
finished_at=2026-06-29T06:24:17Z
exit_status=0
