command=nix run .#cairn -- gate tasks modularize-hyperion-packet-inspector-ui --root .
cwd=/home/brittonr/git/mc

{
  "change": "modularize-hyperion-packet-inspector-ui",
  "evidence_summary": {
    "docs_only": 0,
    "fixture": 0,
    "formal": 0,
    "mode": "advisory",
    "model": 0,
    "probe": 0,
    "property": 0
  },
  "input_hash": "1baad1b473bf919e7ab1a958ce92c118f2760304cdc451bbe0dbfcada4df9e77",
  "issues": [],
  "layout": "cairn",
  "policy": "cairn-default",
  "policy_hash": "a210ed841d260e0bf026f3c67ec810216b6409cfe6036f9132b51cc4e3176618",
  "receipt_hash": "2087c4dbc9569558d9b69b67f520ff49b7cdb1c2614c0d4b3400c0bc2f8b8f93",
  "stage": "tasks",
  "valid": true,
  "verdict": "PASS"
}

exit_status=0
