# command: nix develop --no-update-lock-file /home/brittonr/git/mc -c cargo check
# cwd: /home/brittonr/git/mc/clients/stevenarella
mc compat shell: use 'mc-compat-runner --dry-run' or 'nix run .#mc-compat-smoke -- --run'
Stevenarella dev env: cargo/rustc/xvfb-run/OpenSSL/fontconfig/freetype/libxcb paths are available
OnixResearch tools are pinned over SSH: cairn, cargo-octet
Steel is available for repo scripts, e.g. steel scripts/ralph-drain-cairns.scm --self-test
warning: `/home/brittonr/git/mc/clients/stevenarella/.cargo/config` is deprecated in favor of `config.toml`
  |
  = help: if you need to support cargo 1.38 or earlier, you can symlink `config` to `config.toml`
warning: /home/brittonr/git/mc/clients/stevenarella/Cargo.toml: file `/home/brittonr/git/mc/clients/stevenarella/src/main.rs` found to be present in multiple build targets:
  * `lib` target `stevenarella`
  * `bin` target `stevenarella`
warning: unnecessary parentheses around closure body
    --> blocks/src/lib.rs:1052:36
     |
1052 | ...on| (instrument.offsets(protocol_version)
     |        ^
1053 | ...t * (25 * 2) + ((note as usize) << 1) + if powered { 0 } else { 1 })),
     |                                                                        ^
     |
     = note: `#[warn(unused_parens)]` (part of `#[warn(unused)]`) on by default
help: remove these parentheses
     |
1052 ~         offsets |protocol_version| instrument.offsets(protocol_version)
1053 ~             .map(|offset| offset * (25 * 2) + ((note as usize) << 1) + if powered { 0 } else { 1 }),
     |

warning: unnecessary parentheses around closure body
    --> blocks/src/lib.rs:1407:36
     |
1407 |         offsets |protocol_version| (variant.offsets(protocol_version)),
     |                                    ^                                 ^
     |
help: remove these parentheses
     |
1407 -         offsets |protocol_version| (variant.offsets(protocol_version)),
1407 +         offsets |protocol_version| variant.offsets(protocol_version),
     |

warning: `steven_blocks` (lib) generated 2 warnings (run `cargo fix --lib -p steven_blocks` to apply 2 suggestions)
    Checking steven_protocol v0.0.1 (/home/brittonr/git/mc/clients/stevenarella/protocol)
    Checking stevenarella v0.0.1 (/home/brittonr/git/mc/clients/stevenarella)
warning: unreachable pattern
   --> src/server/login.rs:190:9
    |
190 |         (phase, event) => LoginDecision::Fail(LoginFailure {
    |         ^^^^^^^^^^^^^^ no value can reach this
    |
note: multiple earlier patterns match some of the same values
   --> src/server/login.rs:190:9
    |
162 |           (_, LoginEvent::SetCompression(compression)) => {
    |           -------------------------------------------- matches some of the same values
...
165 |           (LoginPhase::Initial, LoginEvent::EncryptionRequest(request)) => {
    |           ------------------------------------------------------------- matches some of the same values
...
168 |           (LoginPhase::Encrypted, LoginEvent::EncryptionRequest(request)) => {
    |           --------------------------------------------------------------- matches some of the same values
...
174 | /         (LoginPhase::Initial, LoginEvent::Success(outcome))
175 | |         | (LoginPhase::Encrypted, LoginEvent::Success(outcome)) => LoginDecision::Complete(outcome),
    | |_______________________________________________________________- matches some of the same values
...
190 |           (phase, event) => LoginDecision::Fail(LoginFailure {
    |           ^^^^^^^^^^^^^^ ...and 4 other patterns collectively make this unreachable
    = note: `#[warn(unreachable_patterns)]` (part of `#[warn(unused)]`) on by default

warning: constant `SURVIVAL_BLOCK_ENTITY_TEXT_PAYLOAD` is never used
   --> src/server/probes.rs:390:18
    |
390 | pub(crate) const SURVIVAL_BLOCK_ENTITY_TEXT_PAYLOAD: &str = "MC|Compat|Sign|Persist";
    |                  ^^^^^^^^^^^^^^^^^^^^^^^^^^^^^^^^^^
    |
    = note: `#[warn(dead_code)]` (part of `#[warn(unused)]`) on by default

warning: function `survival_block_entity_expected_lines` is never used
   --> src/server/probes.rs:789:15
    |
789 | pub(crate) fn survival_block_entity_expected_lines() -> [String; SIGN_LINE_COUNT] {
    |               ^^^^^^^^^^^^^^^^^^^^^^^^^^^^^^^^^^^^

warning: hiding a lifetime that's elided elsewhere is confusing
   --> src/console/mod.rs:181:32
    |
181 |     pub fn get<T: Sized + Any>(&self, var: CVar<T>) -> Ref<T>
    |                                ^^^^^                   ^^^^^^ the same lifetime is hidden here
    |                                |
    |                                the lifetime is elided here
    |
    = help: the same lifetime is referred to in inconsistent ways, making the signature confusing
    = note: `#[warn(mismatched_lifetime_syntaxes)]` on by default
help: use `'_` for type paths
    |
181 |     pub fn get<T: Sized + Any>(&self, var: CVar<T>) -> Ref<'_, T>
    |                                                            +++

warning: hiding a lifetime that's elided elsewhere is confusing
   --> src/ui/mod.rs:102:21
    |
102 |               fn draw(&self, renderer: &mut render::Renderer, r: &Region, sw: f64, sh: f64, width: f64, height: f64, delta: f64) -> RefMut<[u8]> {
    |                       ^^^^^ the lifetime is elided here                                                                             ^^^^^^^^^^^^ the same lifetime is hidden here
...
252 | / define_elements! {
253 | |     Image,
254 | |     Batch,
255 | |     Text,
...   |
258 | |     TextBox,
259 | | }
    | |_- in this macro invocation
    |
    = help: the same lifetime is referred to in inconsistent ways, making the signature confusing
    = note: this warning originates in the macro `define_elements` (in Nightly builds, run with -Z macro-backtrace for more info)
help: use `'_` for type paths
    |
102 |             fn draw(&self, renderer: &mut render::Renderer, r: &Region, sw: f64, sh: f64, width: f64, height: f64, delta: f64) -> RefMut<'_, [u8]> {
    |                                                                                                                                          +++

warning: `stevenarella` (lib) generated 5 warnings (run `cargo fix --lib -p stevenarella` to apply 2 suggestions)
warning: `stevenarella` (bin "stevenarella") generated 5 warnings (5 duplicates)
    Finished `dev` profile [optimized + debuginfo] target(s) in 6.65s
exit_status=0
