cwd=/home/brittonr/git/mc
command=nix run .#cairn -- archive modularize-hyperion-simulation-shell --root .
{
  "actions": [
    {
      "description": "move active change to archive: modularize-hyperion-simulation-shell",
      "kind": "archive_change",
      "path": "./cairn/changes/modularize-hyperion-simulation-shell"
    }
  ],
  "blocked": false,
  "change": "modularize-hyperion-simulation-shell",
  "dry_run": true,
  "input_hash": "59116d9e76d1fde50e0061d48fe3423ba798be51ea8d5a9e48efb7840082b678",
  "layout": "cairn",
  "mutated": false,
  "mutation_manifest": null,
  "plan_hash": "7ad3a6783326f4d457c2298195c136085fe02ce91e954480ecc20f6db9a072c8",
  "policy": "cairn-default",
  "policy_hash": "a210ed841d260e0bf026f3c67ec810216b6409cfe6036f9132b51cc4e3176618",
  "reasons": [],
  "receipt_hash": "b7c0c88492e8733c887e32edeff529ef441fbc5c1540169a458f26db2fe3ab2f"
}
exit_status=0
]0;