command=nix run .#cairn -- sync modularize-stevenarella-server --root .
cwd=/home/brittonr/git/mc
{
  "actions": [
    {
      "description": "merge delta spec into main specs: ./cairn/changes/modularize-stevenarella-server/specs/mc-compatibility/spec.md",
      "kind": "sync_delta_spec",
      "path": "./cairn/changes/modularize-stevenarella-server/specs/mc-compatibility/spec.md"
    }
  ],
  "blocked": false,
  "change": "modularize-stevenarella-server",
  "delta_specs": [
    "./cairn/changes/modularize-stevenarella-server/specs/mc-compatibility/spec.md"
  ],
  "dry_run": true,
  "input_hash": "9a09158b648c323d1a07fed49b03ec58100dd0c6eb6abaa34c14a8fcdf456054",
  "layout": "cairn",
  "mutated": false,
  "mutation_manifest": null,
  "plan_hash": "a871d18274adb4946479f0a47fa3bf501ffbe6f82f5b3a9ee91636099fc62173",
  "policy": "cairn-default",
  "policy_hash": "a210ed841d260e0bf026f3c67ec810216b6409cfe6036f9132b51cc4e3176618",
  "reasons": [],
  "receipt_hash": "ff424025ddaeee3c409fdbd94331a2078c93f606e39936de92e7367ca75f2823"
}
exit_status=0
