# command: nix run .#cairn -- gate design modularize-stevenarella-ecs-core --root .
# cwd: /home/brittonr/git/mc
{
  "change": "modularize-stevenarella-ecs-core",
  "evidence_summary": {
    "docs_only": 0,
    "fixture": 0,
    "formal": 0,
    "mode": "advisory",
    "model": 0,
    "probe": 0,
    "property": 0
  },
  "input_hash": "9474897bc0d447b9a6a11fffd015da56b61d13332e9f8354cd0a625c01c31e7f",
  "issues": [],
  "layout": "cairn",
  "policy": "cairn-default",
  "policy_hash": "a210ed841d260e0bf026f3c67ec810216b6409cfe6036f9132b51cc4e3176618",
  "receipt_hash": "03460698ecbe6a4d16ebb02368d1fc1f7ebd463d0877fc09c40da484998639c4",
  "stage": "design",
  "valid": true,
  "verdict": "PASS"
}
exit_status=0
