command=nix command=run command=.#cairn command=-- command=sync command=modularize-survival-compat-fixture command=--root command=.
{
  "actions": [
    {
      "description": "merge delta spec into main specs: ./cairn/changes/modularize-survival-compat-fixture/specs/mc-compatibility/spec.md",
      "kind": "sync_delta_spec",
      "path": "./cairn/changes/modularize-survival-compat-fixture/specs/mc-compatibility/spec.md"
    }
  ],
  "blocked": false,
  "change": "modularize-survival-compat-fixture",
  "delta_specs": [
    "./cairn/changes/modularize-survival-compat-fixture/specs/mc-compatibility/spec.md"
  ],
  "dry_run": true,
  "input_hash": "c2e9cb54cb171f56a8ba27a6a3887133301f1785cb94b9b044da18aae16b87be",
  "layout": "cairn",
  "mutated": false,
  "mutation_manifest": null,
  "plan_hash": "1290244c5ab755e7276d20cad1483f51f8ca04fe7b287db27a228cad1e83ebd1",
  "policy": "cairn-default",
  "policy_hash": "a210ed841d260e0bf026f3c67ec810216b6409cfe6036f9132b51cc4e3176618",
  "reasons": [],
  "receipt_hash": "a663b13bda2ea5748ac6c1edf302b42c6296b089d9699c101929d0ce88fe0e53"
}
exit_status=0
