cwd=/home/brittonr/git/mc
command=nix run .#cairn -- gate design modularize-valence-command-manager --root .
{
  "change": "modularize-valence-command-manager",
  "evidence_summary": {
    "docs_only": 0,
    "fixture": 0,
    "formal": 0,
    "mode": "advisory",
    "model": 0,
    "probe": 0,
    "property": 0
  },
  "input_hash": "02a74f40d0810bc6cb3d86deb9de88ce1a8ec6c2dfaefc8886ab6d8132fd04be",
  "issues": [],
  "layout": "cairn",
  "policy": "cairn-default",
  "policy_hash": "a210ed841d260e0bf026f3c67ec810216b6409cfe6036f9132b51cc4e3176618",
  "receipt_hash": "6f8d65866853d6aa700d2fc9d3e7ce99b0cd53656bf633063076b2a8a3dfe5f1",
  "stage": "design",
  "valid": true,
  "verdict": "PASS"
}
exit_status=0
