cwd=/home/brittonr/git/mc
command=nix run .#cairn -- gate tasks modularize-valence-command-manager --root .
{
  "change": "modularize-valence-command-manager",
  "evidence_summary": {
    "docs_only": 0,
    "fixture": 0,
    "formal": 0,
    "mode": "advisory",
    "model": 0,
    "probe": 0,
    "property": 0
  },
  "input_hash": "83935c6210c84c6c42748528f2e67fc0701f33c56b4fb826eb691edd8c959d2f",
  "issues": [],
  "layout": "cairn",
  "policy": "cairn-default",
  "policy_hash": "a210ed841d260e0bf026f3c67ec810216b6409cfe6036f9132b51cc4e3176618",
  "receipt_hash": "c5bd5192fe6ad800e860821fce56f11b0d0f5e75efcfa0fc8836bd960b9798e6",
  "stage": "tasks",
  "valid": true,
  "verdict": "PASS"
}
exit_status=0
