command=nix run .#cairn -- gate tasks modularize-hyperion-packet-inspector-ui --root .
cwd=/home/brittonr/git/mc

{
  "change": "modularize-hyperion-packet-inspector-ui",
  "evidence_summary": {
    "docs_only": 0,
    "fixture": 0,
    "formal": 0,
    "mode": "advisory",
    "model": 0,
    "probe": 0,
    "property": 0
  },
  "input_hash": "479137bd80c0289969b5ccdc0a054e269022cc5a448db7c02e1ad45d84667b88",
  "issues": [],
  "layout": "cairn",
  "policy": "cairn-default",
  "policy_hash": "a210ed841d260e0bf026f3c67ec810216b6409cfe6036f9132b51cc4e3176618",
  "receipt_hash": "e25613c43abd0f7588e02e0a960db01f8bc6f10fdbe807b89775fc77add46724",
  "stage": "tasks",
  "valid": true,
  "verdict": "PASS"
}

exit_status=0
