command=nix run .#cairn -- gate tasks modularize-survival-compat-fixture --root .
{
  "change": "modularize-survival-compat-fixture",
  "evidence_summary": {
    "docs_only": 0,
    "fixture": 0,
    "formal": 0,
    "mode": "advisory",
    "model": 0,
    "probe": 0,
    "property": 0
  },
  "input_hash": "2a6960dd63cf821353c7037b52765f5227ed81805954176b9e056d88caae1a19",
  "issues": [],
  "layout": "cairn",
  "policy": "cairn-default",
  "policy_hash": "a210ed841d260e0bf026f3c67ec810216b6409cfe6036f9132b51cc4e3176618",
  "receipt_hash": "d98642bf15e978633c644487ef36f235fa40200b0b1282cab44a8f42139f0a2a",
  "stage": "tasks",
  "valid": true,
  "verdict": "PASS"
}
exit_status=0
