command=nix run .#cairn -- gate proposal modularize-survival-compat-fixture --root .
{
  "change": "modularize-survival-compat-fixture",
  "evidence_summary": {
    "docs_only": 0,
    "fixture": 0,
    "formal": 0,
    "mode": "advisory",
    "model": 0,
    "probe": 0,
    "property": 0
  },
  "input_hash": "7c866c5f22db7426ca91f2d39f4eb1d56d3ab00ed6902d6502b3937a91b775f4",
  "issues": [],
  "layout": "cairn",
  "policy": "cairn-default",
  "policy_hash": "a210ed841d260e0bf026f3c67ec810216b6409cfe6036f9132b51cc4e3176618",
  "receipt_hash": "8864e91da627384240558e5d34daf7c001e9b34fc5bf4a7b87c4dae2d8b8137e",
  "stage": "proposal",
  "valid": true,
  "verdict": "PASS"
}
exit_status=0
