cwd=/home/brittonr/git/mc
command=nix run .#cairn -- gate tasks modularize-valence-command-manager --root .
{
  "change": "modularize-valence-command-manager",
  "evidence_summary": {
    "docs_only": 0,
    "fixture": 0,
    "formal": 0,
    "mode": "advisory",
    "model": 0,
    "probe": 0,
    "property": 0
  },
  "input_hash": "11400292a5e35fac26c6d2693b0269a8196ddfb5eb656b1662effd7b07d53545",
  "issues": [],
  "layout": "cairn",
  "policy": "cairn-default",
  "policy_hash": "a210ed841d260e0bf026f3c67ec810216b6409cfe6036f9132b51cc4e3176618",
  "receipt_hash": "17b3912073f186a3fe4da254f9bfcf72aba376a782344d817e12b9223303127a",
  "stage": "tasks",
  "valid": true,
  "verdict": "PASS"
}
exit_status=0
