command=nix run .#cairn -- archive modularize-stevenarella-game-shell --root .
cwd=/home/brittonr/git/mc
started_at=2026-06-29T05:58:28-04:00
{
  "actions": [
    {
      "description": "move active change to archive: modularize-stevenarella-game-shell",
      "kind": "archive_change",
      "path": "./cairn/changes/modularize-stevenarella-game-shell"
    }
  ],
  "blocked": false,
  "change": "modularize-stevenarella-game-shell",
  "dry_run": true,
  "input_hash": "f252f92590466ae20683aa7a86ebfea2b876b187dcf84fecdf13fab791a9367f",
  "layout": "cairn",
  "mutated": false,
  "mutation_manifest": null,
  "plan_hash": "6618409d2e6b67b8cfe18b948a0c2b76a670c87ab42bc8d55cc25d676de387ce",
  "policy": "cairn-default",
  "policy_hash": "a210ed841d260e0bf026f3c67ec810216b6409cfe6036f9132b51cc4e3176618",
  "reasons": [],
  "receipt_hash": "02a868f7c9508947864dac9c88f6d951614c53ad9ae2b79f6db1bb0459491478"
}
finished_at=2026-06-29T05:58:29-04:00
exit_status=0
