command=nix run .#cairn -- gate proposal modularize-hyperion-packet-inspector-ui --root .
cwd=/home/brittonr/git/mc

{
  "change": "modularize-hyperion-packet-inspector-ui",
  "evidence_summary": {
    "docs_only": 0,
    "fixture": 0,
    "formal": 0,
    "mode": "advisory",
    "model": 0,
    "probe": 0,
    "property": 0
  },
  "input_hash": "6ef2f6e1de1cbff8f14036a0bd02948e7c3d5b7cd1fb0ff1d3aca07abbece22b",
  "issues": [],
  "layout": "cairn",
  "policy": "cairn-default",
  "policy_hash": "a210ed841d260e0bf026f3c67ec810216b6409cfe6036f9132b51cc4e3176618",
  "receipt_hash": "32496809450d9e9c708dad1ffee5db30cf6f224a9266b3358243e54c7ddb88b1",
  "stage": "proposal",
  "valid": true,
  "verdict": "PASS"
}

exit_status=0
