command=nix run .#cairn -- sync modularize-stevenarella-game-shell --root .
cwd=/home/brittonr/git/mc
started_at=2026-06-29T05:54:51-04:00
{
  "actions": [
    {
      "description": "merge delta spec into main specs: ./cairn/changes/modularize-stevenarella-game-shell/specs/mc-compatibility/spec.md",
      "kind": "sync_delta_spec",
      "path": "./cairn/changes/modularize-stevenarella-game-shell/specs/mc-compatibility/spec.md"
    }
  ],
  "blocked": false,
  "change": "modularize-stevenarella-game-shell",
  "delta_specs": [
    "./cairn/changes/modularize-stevenarella-game-shell/specs/mc-compatibility/spec.md"
  ],
  "dry_run": true,
  "input_hash": "f252f92590466ae20683aa7a86ebfea2b876b187dcf84fecdf13fab791a9367f",
  "layout": "cairn",
  "mutated": false,
  "mutation_manifest": null,
  "plan_hash": "649e2ed01f83fbb369a440e31784cb3cfcd634e4921517881819c343e83f387f",
  "policy": "cairn-default",
  "policy_hash": "a210ed841d260e0bf026f3c67ec810216b6409cfe6036f9132b51cc4e3176618",
  "reasons": [],
  "receipt_hash": "69aad6380f45d239491fc0df0e9beadf7399cca3bb9faa4cc21d0e50d2dea8e0"
}
finished_at=2026-06-29T05:54:52-04:00
exit_status=0
