command=nix command=run command=.#cairn command=-- command=archive command=modularize-stevenarella-ui-widgets command=--root command=. 
{
  "actions": [
    {
      "description": "move active change to archive: modularize-stevenarella-ui-widgets",
      "kind": "archive_change",
      "path": "./cairn/changes/modularize-stevenarella-ui-widgets"
    }
  ],
  "blocked": false,
  "change": "modularize-stevenarella-ui-widgets",
  "dry_run": true,
  "input_hash": "472c0005da471f4886ed164b31b0cf1e05e7f2020a73f6463e31ed9df67b2ad0",
  "layout": "cairn",
  "mutated": false,
  "mutation_manifest": null,
  "plan_hash": "a566ade74b39d143ecfc536e63c2f205da25c2989316b76d27e4e8db20939511",
  "policy": "cairn-default",
  "policy_hash": "a210ed841d260e0bf026f3c67ec810216b6409cfe6036f9132b51cc4e3176618",
  "reasons": [],
  "receipt_hash": "c76968f84bf882b6cd03e22d76e48c5b62dec30fefa611b92e27a0ecb4e312b0"
}
exit_status=0
