# separate-stevenarella-block-registry archive execute
cwd=/home/brittonr/git/mc
started_at=2026-06-29T19:03:50Z
## CAIRN_ARCHIVE_DATE=2026-06-29 nix run .#cairn -- archive separate-stevenarella-block-registry --root . --execute
{
  "actions": [
    {
      "description": "move active change to archive: separate-stevenarella-block-registry",
      "kind": "archive_change",
      "path": "./cairn/archive/2026-06-29-separate-stevenarella-block-registry"
    }
  ],
  "blocked": false,
  "change": "separate-stevenarella-block-registry",
  "dry_run": false,
  "input_hash": "41206b4f07f8a4323272db310707e72f40019d015d291c7f69aed3e79f6452e3",
  "layout": "cairn",
  "mutated": true,
  "mutation_manifest": {
    "after": {
      "entries": [
        {
          "content_hash": "1eaf25ace8b26f4738042b29d45dfe54497d8b36344de7b5cf7d7af20063af97",
          "exists": true,
          "path": "./cairn/archive/2026-06-29-separate-stevenarella-block-registry/design.md"
        },
        {
          "content_hash": "8cecb5725b1ebadefc13eaa6e51b0d2f9ac2e28b57b4d99c9c6ea7b3d096b4bc",
          "exists": true,
          "path": "./cairn/archive/2026-06-29-separate-stevenarella-block-registry/proposal.md"
        },
        {
          "content_hash": "92da5ce505b0c269b8c23ffa8d8d5d4c7a86208729c06c729d6f0c8c1828a148",
          "exists": true,
          "path": "./cairn/archive/2026-06-29-separate-stevenarella-block-registry/specs/mc-compatibility/spec.md"
        },
        {
          "content_hash": "b82f6fce5828caf3b102178ad9e1e635e1275d3682d7dadb175d539323e04af4",
          "exists": true,
          "path": "./cairn/archive/2026-06-29-separate-stevenarella-block-registry/tasks.md"
        },
        {
          "content_hash": null,
          "exists": false,
          "path": "./cairn/changes/separate-stevenarella-block-registry"
        }
      ],
      "manifest_hash": "f1a6d5369a218c0206e3ef06ab0f444dd73223c7592de0354dce17308d169876"
    },
    "before": {
      "entries": [
        {
          "content_hash": "1eaf25ace8b26f4738042b29d45dfe54497d8b36344de7b5cf7d7af20063af97",
          "exists": true,
          "path": "./cairn/changes/separate-stevenarella-block-registry/design.md"
        },
        {
          "content_hash": "8cecb5725b1ebadefc13eaa6e51b0d2f9ac2e28b57b4d99c9c6ea7b3d096b4bc",
          "exists": true,
          "path": "./cairn/changes/separate-stevenarella-block-registry/proposal.md"
        },
        {
          "content_hash": "92da5ce505b0c269b8c23ffa8d8d5d4c7a86208729c06c729d6f0c8c1828a148",
          "exists": true,
          "path": "./cairn/changes/separate-stevenarella-block-registry/specs/mc-compatibility/spec.md"
        },
        {
          "content_hash": "b82f6fce5828caf3b102178ad9e1e635e1275d3682d7dadb175d539323e04af4",
          "exists": true,
          "path": "./cairn/changes/separate-stevenarella-block-registry/tasks.md"
        }
      ],
      "manifest_hash": "491755754c427d4ccdc2e014442ed04cc8b33c6ebe4ea4548014f0654cb54768"
    },
    "kind": "archive",
    "manifest_hash": "e3b6ff08241c016738c40d82d93098c77654fb5d7a850ad5e518115bcaea263a"
  },
  "plan_hash": "a98a5456984eae1571fe2bca504a50389a0382c64fc3a0abf984f23cc7f7ea9d",
  "policy": "cairn-default",
  "policy_hash": "a210ed841d260e0bf026f3c67ec810216b6409cfe6036f9132b51cc4e3176618",
  "reasons": [],
  "receipt_hash": "48175dd9fc5d4de663153090db77818329f8e665fc30890f73d00ca6e34c1cc7"
}
finished_at=2026-06-29T19:03:50Z
exit_status=0
