# separate-stevenarella-block-registry post-implementation Cairn gates
cwd=/home/brittonr/git/mc
started_at=2026-06-29T18:56:03Z
## nix run .#cairn -- gate proposal separate-stevenarella-block-registry --root .
{
  "change": "separate-stevenarella-block-registry",
  "evidence_summary": {
    "docs_only": 0,
    "fixture": 0,
    "formal": 0,
    "mode": "advisory",
    "model": 0,
    "probe": 0,
    "property": 0
  },
  "input_hash": "c937a3ef86f1bcb0282ed6c454c4a6d324bd9115e740aa3f2036ae072fb7d9fc",
  "issues": [],
  "layout": "cairn",
  "policy": "cairn-default",
  "policy_hash": "a210ed841d260e0bf026f3c67ec810216b6409cfe6036f9132b51cc4e3176618",
  "receipt_hash": "a45aa2399c649fb71352fa06157ca5f950e9cb1f3257d26d00d08fa2260660f5",
  "stage": "proposal",
  "valid": true,
  "verdict": "PASS"
}
command_exit_status=0
## nix run .#cairn -- gate design separate-stevenarella-block-registry --root .
{
  "change": "separate-stevenarella-block-registry",
  "evidence_summary": {
    "docs_only": 0,
    "fixture": 0,
    "formal": 0,
    "mode": "advisory",
    "model": 0,
    "probe": 0,
    "property": 0
  },
  "input_hash": "8104a1c8cb189617e0ba9391532622241da4210892573a1ee111b5c4a86a2a84",
  "issues": [],
  "layout": "cairn",
  "policy": "cairn-default",
  "policy_hash": "a210ed841d260e0bf026f3c67ec810216b6409cfe6036f9132b51cc4e3176618",
  "receipt_hash": "00f01541f47d592d59f4e14e2092f92c487a92f6b2bf6d10eccb6982444e3419",
  "stage": "design",
  "valid": true,
  "verdict": "PASS"
}
command_exit_status=0
## nix run .#cairn -- gate tasks separate-stevenarella-block-registry --root .
{
  "change": "separate-stevenarella-block-registry",
  "evidence_summary": {
    "docs_only": 0,
    "fixture": 0,
    "formal": 0,
    "mode": "advisory",
    "model": 0,
    "probe": 0,
    "property": 0
  },
  "input_hash": "d58cc2a1f4b6dee82f0c0285bad8bf355d2db9a8fe3ee82efce11eaf6aa80f70",
  "issues": [],
  "layout": "cairn",
  "policy": "cairn-default",
  "policy_hash": "a210ed841d260e0bf026f3c67ec810216b6409cfe6036f9132b51cc4e3176618",
  "receipt_hash": "ef84f5c87879712085c96c15304d7b6cce85771c89bff2eaecc3d6eeccd5e912",
  "stage": "tasks",
  "valid": true,
  "verdict": "PASS"
}
command_exit_status=0
## nix run .#cairn -- validate --root .
{
  "change_issues": [],
  "changes": 9,
  "issues": [],
  "layout": "cairn",
  "policy": "cairn-default",
  "spec_issues": [],
  "specs_validated": 14,
  "valid": true
}
command_exit_status=0
finished_at=2026-06-29T18:56:04Z
exit_status=0
