# separate-stevenarella-block-registry archive dry-run
cwd=/home/brittonr/git/mc
started_at=2026-06-29T19:03:32Z
## nix run .#cairn -- archive separate-stevenarella-block-registry --root .
{
  "actions": [
    {
      "description": "move active change to archive: separate-stevenarella-block-registry",
      "kind": "archive_change",
      "path": "./cairn/changes/separate-stevenarella-block-registry"
    }
  ],
  "blocked": false,
  "change": "separate-stevenarella-block-registry",
  "dry_run": true,
  "input_hash": "41206b4f07f8a4323272db310707e72f40019d015d291c7f69aed3e79f6452e3",
  "layout": "cairn",
  "mutated": false,
  "mutation_manifest": null,
  "plan_hash": "3b402b8a6ce226a986170bbcbfcf0b3b20c7c715ab3489b8f0b8f64f55abede7",
  "policy": "cairn-default",
  "policy_hash": "a210ed841d260e0bf026f3c67ec810216b6409cfe6036f9132b51cc4e3176618",
  "reasons": [],
  "receipt_hash": "6508ec07a6c97acb4b3d0607822fbd73fb943b8c9e1197c564afd2fc37159ef7"
}
finished_at=2026-06-29T19:03:32Z
exit_status=0
