$ nix run .#cairn -- archive split-stevenarella-capture-service --root .
{
  "actions": [
    {
      "description": "move active change to archive: split-stevenarella-capture-service",
      "kind": "archive_change",
      "path": "./cairn/changes/split-stevenarella-capture-service"
    }
  ],
  "blocked": false,
  "change": "split-stevenarella-capture-service",
  "dry_run": true,
  "input_hash": "e125638b44d688c9d07d33f149458df97a7469d6fbf58dbe93476b3a43668d93",
  "layout": "cairn",
  "mutated": false,
  "mutation_manifest": null,
  "plan_hash": "c16439d1ab083a8e766c843bea4ef50bfca05a1e4183ddcb489c71d361c58b69",
  "policy": "cairn-default",
  "policy_hash": "a210ed841d260e0bf026f3c67ec810216b6409cfe6036f9132b51cc4e3176618",
  "reasons": [],
  "receipt_hash": "647064cae4453edb7a4c1de11e7391d9a36fcabdaf037d5cf05bacabb097d993"
}
exit_status=0
