$ nix run .#cairn -- gate design split-stevenarella-capture-service --root .
{
  "change": "split-stevenarella-capture-service",
  "evidence_summary": {
    "docs_only": 0,
    "fixture": 0,
    "formal": 0,
    "mode": "advisory",
    "model": 0,
    "probe": 0,
    "property": 0
  },
  "input_hash": "7e17db2b8ede3c35647ed816b5f3d2f2a57beb44bf008e412cdb8168cd7cf774",
  "issues": [],
  "layout": "cairn",
  "policy": "cairn-default",
  "policy_hash": "a210ed841d260e0bf026f3c67ec810216b6409cfe6036f9132b51cc4e3176618",
  "receipt_hash": "a6ae0436294fbf0a17039ca5c4e514cab71491699f5d4fcaf8cfbe9986d9778a",
  "stage": "design",
  "valid": true,
  "verdict": "PASS"
}
exit_status=0
