$ nix run .#cairn -- sync split-valence-command-example --root .
{
  "actions": [
    {
      "description": "merge delta spec into main specs: ./cairn/changes/split-valence-command-example/specs/valence-bevy-ecs/spec.md",
      "kind": "sync_delta_spec",
      "path": "./cairn/changes/split-valence-command-example/specs/valence-bevy-ecs/spec.md"
    }
  ],
  "blocked": false,
  "change": "split-valence-command-example",
  "delta_specs": [
    "./cairn/changes/split-valence-command-example/specs/valence-bevy-ecs/spec.md"
  ],
  "dry_run": true,
  "input_hash": "cd2980dfebc25a56b2ba5b4dd47e201f0e3716bcc052041fbe0953caf7c35ad6",
  "layout": "cairn",
  "mutated": false,
  "mutation_manifest": null,
  "plan_hash": "d4f6da81646aeab8b6e7bedb6f0f5800426f7462fae8fbb39dcf663e33a086a3",
  "policy": "cairn-default",
  "policy_hash": "a210ed841d260e0bf026f3c67ec810216b6409cfe6036f9132b51cc4e3176618",
  "reasons": [],
  "receipt_hash": "5a3c3a5d0569a5ac4c714c4862e8a652b1afa473a5132b664bd1c230ed3a3641"
}
exit_status=0
