$ nix run .#cairn -- gate proposal split-stevenarella-capture-service --root .
{
  "change": "split-stevenarella-capture-service",
  "evidence_summary": {
    "docs_only": 0,
    "fixture": 0,
    "formal": 0,
    "mode": "advisory",
    "model": 0,
    "probe": 0,
    "property": 0
  },
  "input_hash": "569e6960bd1ddfee5912233eb5c737bd43b959fc68a595cb733d624570a7a59d",
  "issues": [],
  "layout": "cairn",
  "policy": "cairn-default",
  "policy_hash": "a210ed841d260e0bf026f3c67ec810216b6409cfe6036f9132b51cc4e3176618",
  "receipt_hash": "fed88636db951fcc58693612198525743012a309987648c45321aff51aa25a0b",
  "stage": "proposal",
  "valid": true,
  "verdict": "PASS"
}
exit_status=0
