$ CAIRN_ARCHIVE_DATE=2026-06-29 nix run .#cairn -- archive split-valence-command-example --root . --execute
{
  "actions": [
    {
      "description": "move active change to archive: split-valence-command-example",
      "kind": "archive_change",
      "path": "./cairn/archive/2026-06-29-split-valence-command-example"
    }
  ],
  "blocked": false,
  "change": "split-valence-command-example",
  "dry_run": false,
  "input_hash": "cd2980dfebc25a56b2ba5b4dd47e201f0e3716bcc052041fbe0953caf7c35ad6",
  "layout": "cairn",
  "mutated": true,
  "mutation_manifest": {
    "after": {
      "entries": [
        {
          "content_hash": "fedfb03a1f059f911260b9766030a2b41b32a7eaf82874dc6871926caae66d52",
          "exists": true,
          "path": "./cairn/archive/2026-06-29-split-valence-command-example/design.md"
        },
        {
          "content_hash": "d7362190c860740a09a4ed30420f69cdd432dd0e2bb033571a986c9c6ead8033",
          "exists": true,
          "path": "./cairn/archive/2026-06-29-split-valence-command-example/proposal.md"
        },
        {
          "content_hash": "f7f41d4ed15c5f7d57cf92647c6922d2774f2248453702777ef78cb91400c453",
          "exists": true,
          "path": "./cairn/archive/2026-06-29-split-valence-command-example/specs/valence-bevy-ecs/spec.md"
        },
        {
          "content_hash": "617b9bad6757cf45831d29e42fb26b6cef23a2510621e9af24eade7119a9c58d",
          "exists": true,
          "path": "./cairn/archive/2026-06-29-split-valence-command-example/tasks.md"
        },
        {
          "content_hash": null,
          "exists": false,
          "path": "./cairn/changes/split-valence-command-example"
        }
      ],
      "manifest_hash": "d2015ecb9c0b796a6cfa17903fe00333a0aea7d524d7bd772c6e9e83bb8cf011"
    },
    "before": {
      "entries": [
        {
          "content_hash": "fedfb03a1f059f911260b9766030a2b41b32a7eaf82874dc6871926caae66d52",
          "exists": true,
          "path": "./cairn/changes/split-valence-command-example/design.md"
        },
        {
          "content_hash": "d7362190c860740a09a4ed30420f69cdd432dd0e2bb033571a986c9c6ead8033",
          "exists": true,
          "path": "./cairn/changes/split-valence-command-example/proposal.md"
        },
        {
          "content_hash": "f7f41d4ed15c5f7d57cf92647c6922d2774f2248453702777ef78cb91400c453",
          "exists": true,
          "path": "./cairn/changes/split-valence-command-example/specs/valence-bevy-ecs/spec.md"
        },
        {
          "content_hash": "617b9bad6757cf45831d29e42fb26b6cef23a2510621e9af24eade7119a9c58d",
          "exists": true,
          "path": "./cairn/changes/split-valence-command-example/tasks.md"
        }
      ],
      "manifest_hash": "9ff0faab72256a92a1d3ba1e9eb67ee9f8421515af57c57caa8df71cb9909636"
    },
    "kind": "archive",
    "manifest_hash": "ffa66f6412b9670b274be22c4505e02c5bbc7ac5da59ee950f0c1a85fa36b914"
  },
  "plan_hash": "1702f2f1fc1a3089451c93364ea7acc96952d0dae1efb8f3297f750847dda222",
  "policy": "cairn-default",
  "policy_hash": "a210ed841d260e0bf026f3c67ec810216b6409cfe6036f9132b51cc4e3176618",
  "reasons": [],
  "receipt_hash": "be6911d728fd8e07b6290ee0b1fc849ca60cafdf19ada2c10f6d95471af1fce5"
}
exit_status=0
