$ nix run .#cairn -- gate tasks split-stevenarella-capture-service --root .
{
  "change": "split-stevenarella-capture-service",
  "evidence_summary": {
    "docs_only": 0,
    "fixture": 0,
    "formal": 0,
    "mode": "advisory",
    "model": 0,
    "probe": 0,
    "property": 0
  },
  "input_hash": "a22ca78583668797cc64acf2cb5ec7a3fd08aa36e28e190072800547704ffb94",
  "issues": [],
  "layout": "cairn",
  "policy": "cairn-default",
  "policy_hash": "a210ed841d260e0bf026f3c67ec810216b6409cfe6036f9132b51cc4e3176618",
  "receipt_hash": "77776aca08f3d5c4cf2029563759d9a81d6dcc40cb79d751cfd02d5313c03b16",
  "stage": "tasks",
  "valid": true,
  "verdict": "PASS"
}
exit_status=0
