$ nix run .#cairn -- sync split-stevenarella-capture-service --root . --execute
{
  "actions": [
    {
      "description": "merge delta spec into main specs: ./cairn/changes/split-stevenarella-capture-service/specs/mc-compatibility/spec.md",
      "kind": "sync_delta_spec",
      "path": "./cairn/changes/split-stevenarella-capture-service/specs/mc-compatibility/spec.md"
    }
  ],
  "blocked": false,
  "change": "split-stevenarella-capture-service",
  "delta_specs": [
    "./cairn/changes/split-stevenarella-capture-service/specs/mc-compatibility/spec.md"
  ],
  "dry_run": false,
  "input_hash": "e125638b44d688c9d07d33f149458df97a7469d6fbf58dbe93476b3a43668d93",
  "layout": "cairn",
  "mutated": true,
  "mutation_manifest": {
    "after": {
      "entries": [
        {
          "content_hash": "aede7d448abee7065067b05d22a43fa263db2fd33a330ea13020b64be0e4daf5",
          "exists": true,
          "path": "./cairn/specs/mc-compatibility/spec.md"
        }
      ],
      "manifest_hash": "b57363bdefc5a0370f96bc66c3e54c4b29bdacd2a8943a0b737800e46a8995b2"
    },
    "before": {
      "entries": [
        {
          "content_hash": "aede7d448abee7065067b05d22a43fa263db2fd33a330ea13020b64be0e4daf5",
          "exists": true,
          "path": "./cairn/specs/mc-compatibility/spec.md"
        }
      ],
      "manifest_hash": "b57363bdefc5a0370f96bc66c3e54c4b29bdacd2a8943a0b737800e46a8995b2"
    },
    "kind": "sync",
    "manifest_hash": "4f967eb34db90f19f6703f6039601844303597c88e52409d4214f6926ee27604"
  },
  "plan_hash": "df44857a523ab3aec56344ccc4a63ee0a22c84e255e97dd5b94e251df6284130",
  "policy": "cairn-default",
  "policy_hash": "a210ed841d260e0bf026f3c67ec810216b6409cfe6036f9132b51cc4e3176618",
  "reasons": [],
  "receipt_hash": "32e638dd039d927e349523471cdb0db27e1f25a0f9f5831aff0f797a0dec25cd"
}
exit_status=0
