$ CAIRN_ARCHIVE_DATE=2026-06-29 nix run .#cairn -- archive split-stevenarella-capture-service --root . --execute
{
  "actions": [
    {
      "description": "move active change to archive: split-stevenarella-capture-service",
      "kind": "archive_change",
      "path": "./cairn/archive/2026-06-29-split-stevenarella-capture-service"
    }
  ],
  "blocked": false,
  "change": "split-stevenarella-capture-service",
  "dry_run": false,
  "input_hash": "e125638b44d688c9d07d33f149458df97a7469d6fbf58dbe93476b3a43668d93",
  "layout": "cairn",
  "mutated": true,
  "mutation_manifest": {
    "after": {
      "entries": [
        {
          "content_hash": "1dcd8b8940d424c10bfba9be90ef444e7fe681c5731d881ea754da0e5e927e27",
          "exists": true,
          "path": "./cairn/archive/2026-06-29-split-stevenarella-capture-service/design.md"
        },
        {
          "content_hash": "74ed9c38a78cb56633fcef71e8bffb19350c10531022145ea929efbfb2d7b0d0",
          "exists": true,
          "path": "./cairn/archive/2026-06-29-split-stevenarella-capture-service/proposal.md"
        },
        {
          "content_hash": "46f3bf6f8928070df742b3cf1f3c5a07217c1499d4c4f5b446ef21ac4129bfd5",
          "exists": true,
          "path": "./cairn/archive/2026-06-29-split-stevenarella-capture-service/specs/mc-compatibility/spec.md"
        },
        {
          "content_hash": "6e076c7d37b9e1f6e694bb68a1e6f9c4dbefdd6f31d2a67b70f57bc7b3a62884",
          "exists": true,
          "path": "./cairn/archive/2026-06-29-split-stevenarella-capture-service/tasks.md"
        },
        {
          "content_hash": null,
          "exists": false,
          "path": "./cairn/changes/split-stevenarella-capture-service"
        }
      ],
      "manifest_hash": "70f5fe288721e6f22bcfb7c2898ed54788008681b20c7fded6156ef4a54852de"
    },
    "before": {
      "entries": [
        {
          "content_hash": "1dcd8b8940d424c10bfba9be90ef444e7fe681c5731d881ea754da0e5e927e27",
          "exists": true,
          "path": "./cairn/changes/split-stevenarella-capture-service/design.md"
        },
        {
          "content_hash": "74ed9c38a78cb56633fcef71e8bffb19350c10531022145ea929efbfb2d7b0d0",
          "exists": true,
          "path": "./cairn/changes/split-stevenarella-capture-service/proposal.md"
        },
        {
          "content_hash": "46f3bf6f8928070df742b3cf1f3c5a07217c1499d4c4f5b446ef21ac4129bfd5",
          "exists": true,
          "path": "./cairn/changes/split-stevenarella-capture-service/specs/mc-compatibility/spec.md"
        },
        {
          "content_hash": "6e076c7d37b9e1f6e694bb68a1e6f9c4dbefdd6f31d2a67b70f57bc7b3a62884",
          "exists": true,
          "path": "./cairn/changes/split-stevenarella-capture-service/tasks.md"
        }
      ],
      "manifest_hash": "283499445c23737a1234c011fd3e8f09f997f9cf12acdee5ccec8bbb7faa757b"
    },
    "kind": "archive",
    "manifest_hash": "96931e896ef58b05d473318e5bf5562b6030f7213a64a65a385f7527360a4be0"
  },
  "plan_hash": "6ae7a6f833626c8d3fa7e7a4382fe78e5878aa969adca20833373defb1473599",
  "policy": "cairn-default",
  "policy_hash": "a210ed841d260e0bf026f3c67ec810216b6409cfe6036f9132b51cc4e3176618",
  "reasons": [],
  "receipt_hash": "9fdb66d49900efa914aea3fdf31f966bd8cc80bd0f89b3ec0eeea5fe6b76bcfb"
}
exit_status=0
