$ nix run .#cairn -- gate tasks split-stevenarella-capture-service --root .
{
  "change": "split-stevenarella-capture-service",
  "evidence_summary": {
    "docs_only": 0,
    "fixture": 0,
    "formal": 0,
    "mode": "advisory",
    "model": 0,
    "probe": 0,
    "property": 0
  },
  "input_hash": "9295fd320c36d6c233683ba83856bc2bcf892e3faed81f32912bb8586095902c",
  "issues": [],
  "layout": "cairn",
  "policy": "cairn-default",
  "policy_hash": "a210ed841d260e0bf026f3c67ec810216b6409cfe6036f9132b51cc4e3176618",
  "receipt_hash": "70052170df7a5dd99cb6851103df61846ca7927dbe688da494b217214acc47d8",
  "stage": "tasks",
  "valid": true,
  "verdict": "PASS"
}
exit_status=0
