$ nix run .#cairn -- gate proposal split-valence-command-example --root .
{
  "change": "split-valence-command-example",
  "evidence_summary": {
    "docs_only": 0,
    "fixture": 0,
    "formal": 0,
    "mode": "advisory",
    "model": 0,
    "probe": 0,
    "property": 0
  },
  "input_hash": "17d7aa655388f8c016e3989922579bd8c4e4f66f851e4142421f67d06ff27edd",
  "issues": [],
  "layout": "cairn",
  "policy": "cairn-default",
  "policy_hash": "a210ed841d260e0bf026f3c67ec810216b6409cfe6036f9132b51cc4e3176618",
  "receipt_hash": "726a1e9c5a6e716165f2f537667cafb2f1356e0f19f636d1e526525000a035a3",
  "stage": "proposal",
  "valid": true,
  "verdict": "PASS"
}
exit_status=0
$ nix run .#cairn -- gate design split-valence-command-example --root .
{
  "change": "split-valence-command-example",
  "evidence_summary": {
    "docs_only": 0,
    "fixture": 0,
    "formal": 0,
    "mode": "advisory",
    "model": 0,
    "probe": 0,
    "property": 0
  },
  "input_hash": "f263c4b33f211700aaff3cce0c04683bb1d6c9008300fcea6ee315a6528ecbc1",
  "issues": [],
  "layout": "cairn",
  "policy": "cairn-default",
  "policy_hash": "a210ed841d260e0bf026f3c67ec810216b6409cfe6036f9132b51cc4e3176618",
  "receipt_hash": "aa6d0632e4be329331ca7e4168cf3ee62d94450ee51385287b4cd17855cd3cf3",
  "stage": "design",
  "valid": true,
  "verdict": "PASS"
}
exit_status=0
$ nix run .#cairn -- gate tasks split-valence-command-example --root .
{
  "change": "split-valence-command-example",
  "evidence_summary": {
    "docs_only": 0,
    "fixture": 0,
    "formal": 0,
    "mode": "advisory",
    "model": 0,
    "probe": 0,
    "property": 0
  },
  "input_hash": "e77a8d7d6ab49fccc40123353a0e652693f9910c902e6247edd0e239fbac5f88",
  "issues": [],
  "layout": "cairn",
  "policy": "cairn-default",
  "policy_hash": "a210ed841d260e0bf026f3c67ec810216b6409cfe6036f9132b51cc4e3176618",
  "receipt_hash": "1e8dcbe3d2cdb07df22cfc751d48492774c545cd18d66717616046af22eb1043",
  "stage": "tasks",
  "valid": true,
  "verdict": "PASS"
}
exit_status=0
$ nix run .#cairn -- validate --root .
{
  "change_issues": [],
  "changes": 3,
  "issues": [],
  "layout": "cairn",
  "policy": "cairn-default",
  "spec_issues": [],
  "specs_validated": 8,
  "valid": true
}
exit_status=0
