{
  "change": "untangle-runner-module-imports",
  "evidence_summary": {
    "docs_only": 0,
    "fixture": 0,
    "formal": 0,
    "mode": "advisory",
    "model": 0,
    "probe": 0,
    "property": 0
  },
  "input_hash": "51a3c5a0e8b44b1b65327719a971a1e8f8c50d25346c77e6e2ddcddbc94b6703",
  "issues": [],
  "layout": "cairn",
  "policy": "cairn-default",
  "policy_hash": "a210ed841d260e0bf026f3c67ec810216b6409cfe6036f9132b51cc4e3176618",
  "receipt_hash": "776e5b793759ce20ff3295535f212d1b296d703468d8cff579b2f24732d76bfa",
  "stage": "tasks",
  "valid": true,
  "verdict": "PASS"
}
exit_status=0
