{
  "change": "untangle-runner-module-imports",
  "evidence_summary": {
    "docs_only": 0,
    "fixture": 0,
    "formal": 0,
    "mode": "advisory",
    "model": 0,
    "probe": 0,
    "property": 0
  },
  "input_hash": "946ae8bee0985d525bddddb9ef144451dfb394eb5fc7d506c7aec9bb915fabab",
  "issues": [],
  "layout": "cairn",
  "policy": "cairn-default",
  "policy_hash": "a210ed841d260e0bf026f3c67ec810216b6409cfe6036f9132b51cc4e3176618",
  "receipt_hash": "93044dacf78b7cb88150c20cd50a5d02716f424e75c0e4efa2eff5124342fa14",
  "stage": "design",
  "valid": true,
  "verdict": "PASS"
}
exit_status=0
