{
  "actions": [
    {
      "description": "merge delta spec into main specs: ./cairn/changes/untangle-runner-module-imports/specs/mc-compatibility/spec.md",
      "kind": "sync_delta_spec",
      "path": "./cairn/changes/untangle-runner-module-imports/specs/mc-compatibility/spec.md"
    }
  ],
  "blocked": false,
  "change": "untangle-runner-module-imports",
  "delta_specs": [
    "./cairn/changes/untangle-runner-module-imports/specs/mc-compatibility/spec.md"
  ],
  "dry_run": false,
  "input_hash": "06fa76c3bc101d93a4e0400b90b39cf6d70f01f743d5d4d3b34cdfd6b2d965b8",
  "layout": "cairn",
  "mutated": true,
  "mutation_manifest": {
    "after": {
      "entries": [
        {
          "content_hash": "0e487dab62ee5674cbd4e8bb47c41c270ee14de80c714e575af2a150bdc15844",
          "exists": true,
          "path": "./cairn/specs/mc-compatibility/spec.md"
        }
      ],
      "manifest_hash": "dc0d36097022199c01ef661679636281e47c9a4a69b5776947c095b10f608f74"
    },
    "before": {
      "entries": [
        {
          "content_hash": "0e487dab62ee5674cbd4e8bb47c41c270ee14de80c714e575af2a150bdc15844",
          "exists": true,
          "path": "./cairn/specs/mc-compatibility/spec.md"
        }
      ],
      "manifest_hash": "dc0d36097022199c01ef661679636281e47c9a4a69b5776947c095b10f608f74"
    },
    "kind": "sync",
    "manifest_hash": "83ec4d0ed1f4fd3a1ea1590af214d1676753dbf6bca4640c681b3f9cfa9c51c3"
  },
  "plan_hash": "49522b5320d18fe1c0ccfa7d5c736d459953be396602e1bbd88e23a531eec775",
  "policy": "cairn-default",
  "policy_hash": "a210ed841d260e0bf026f3c67ec810216b6409cfe6036f9132b51cc4e3176618",
  "reasons": [],
  "receipt_hash": "2ba23f897d9c1b8fa74261d78b49775b5eeaaccfe02d1490fd38f8707642cf5e"
}
exit_status=0
