{
  "actions": [
    {
      "description": "move active change to archive: untangle-runner-module-imports",
      "kind": "archive_change",
      "path": "./cairn/changes/untangle-runner-module-imports"
    }
  ],
  "blocked": false,
  "change": "untangle-runner-module-imports",
  "dry_run": true,
  "input_hash": "06fa76c3bc101d93a4e0400b90b39cf6d70f01f743d5d4d3b34cdfd6b2d965b8",
  "layout": "cairn",
  "mutated": false,
  "mutation_manifest": null,
  "plan_hash": "e4b1a3a9b582d8c990707b4bd51da3648bd53edc1dc43c699673ffe4f47bd391",
  "policy": "cairn-default",
  "policy_hash": "a210ed841d260e0bf026f3c67ec810216b6409cfe6036f9132b51cc4e3176618",
  "reasons": [],
  "receipt_hash": "de9058657913b45d519c408b56636b1cf8d9337f32335a72864ac8c936cd78a8"
}
exit_status=0
