{
  "change": "untangle-runner-module-imports",
  "evidence_summary": {
    "docs_only": 0,
    "fixture": 0,
    "formal": 0,
    "mode": "advisory",
    "model": 0,
    "probe": 0,
    "property": 0
  },
  "input_hash": "2aebe21b66cdae3876ac1fb9adbab362a8b5a615cf71845aadbafe3cadb94481",
  "issues": [],
  "layout": "cairn",
  "policy": "cairn-default",
  "policy_hash": "a210ed841d260e0bf026f3c67ec810216b6409cfe6036f9132b51cc4e3176618",
  "receipt_hash": "868a991cf226a84aa991d535f2589e795a34f89dbead968c587b0790192af237",
  "stage": "tasks",
  "valid": true,
  "verdict": "PASS"
}
exit_status=0
