{
  "actions": [
    {
      "description": "merge delta spec into main specs: ./cairn/changes/untangle-runner-module-imports/specs/mc-compatibility/spec.md",
      "kind": "sync_delta_spec",
      "path": "./cairn/changes/untangle-runner-module-imports/specs/mc-compatibility/spec.md"
    }
  ],
  "blocked": false,
  "change": "untangle-runner-module-imports",
  "delta_specs": [
    "./cairn/changes/untangle-runner-module-imports/specs/mc-compatibility/spec.md"
  ],
  "dry_run": true,
  "input_hash": "06fa76c3bc101d93a4e0400b90b39cf6d70f01f743d5d4d3b34cdfd6b2d965b8",
  "layout": "cairn",
  "mutated": false,
  "mutation_manifest": null,
  "plan_hash": "daa97ab2160b50cf6161a6efc4fbb42b70f74d540f05d399bf0d29837b99bd38",
  "policy": "cairn-default",
  "policy_hash": "a210ed841d260e0bf026f3c67ec810216b6409cfe6036f9132b51cc4e3176618",
  "reasons": [],
  "receipt_hash": "ab8ff9b7268f7c89cd981fee878988b7ccdb1f0c8e1593032b53755411317a0b"
}
exit_status=0
