## command: nix run .#cairn -- sync extract-valence-compat-fixture-cores --root . --execute
{
  "actions": [
    {
      "description": "merge delta spec into main specs: ./cairn/changes/extract-valence-compat-fixture-cores/specs/mc-compatibility/spec.md",
      "kind": "sync_delta_spec",
      "path": "./cairn/changes/extract-valence-compat-fixture-cores/specs/mc-compatibility/spec.md"
    }
  ],
  "blocked": false,
  "change": "extract-valence-compat-fixture-cores",
  "delta_specs": [
    "./cairn/changes/extract-valence-compat-fixture-cores/specs/mc-compatibility/spec.md"
  ],
  "dry_run": false,
  "input_hash": "88a9ee44dbfcd5e88d2f902369070a8b69dc834c1448de4abf4e3fa450789972",
  "layout": "cairn",
  "mutated": true,
  "mutation_manifest": {
    "after": {
      "entries": [
        {
          "content_hash": "91eb95e1650f9adc4e56a9cee0d546f90ece3604c4986f15280dfc5257080415",
          "exists": true,
          "path": "./cairn/specs/mc-compatibility/spec.md"
        }
      ],
      "manifest_hash": "7fa6101ded41146caeb33fd09b08be8bb555780e9c2e5de22de4d910b2d025f7"
    },
    "before": {
      "entries": [
        {
          "content_hash": "91eb95e1650f9adc4e56a9cee0d546f90ece3604c4986f15280dfc5257080415",
          "exists": true,
          "path": "./cairn/specs/mc-compatibility/spec.md"
        }
      ],
      "manifest_hash": "7fa6101ded41146caeb33fd09b08be8bb555780e9c2e5de22de4d910b2d025f7"
    },
    "kind": "sync",
    "manifest_hash": "5391b308d1c53c2b528e767cdfe15210134e04b12719e91f31cfd4583f7497f7"
  },
  "plan_hash": "67b2b3e9965c6173fa4ed290dd72722160ad1dad6c8d12ba95c58fa356b89755",
  "policy": "cairn-default",
  "policy_hash": "a210ed841d260e0bf026f3c67ec810216b6409cfe6036f9132b51cc4e3176618",
  "reasons": [],
  "receipt_hash": "ce1847221372e0a21932bfe38e103e5b24411037d8640fe49d4a40f8ef743909"
}
exit_status=0

## command: nix run .#cairn -- validate --root .
{
  "change_issues": [],
  "changes": 3,
  "issues": [],
  "layout": "cairn",
  "policy": "cairn-default",
  "spec_issues": [],
  "specs_validated": 7,
  "valid": true
}
exit_status=0

## command: nix run .#cairn -- sync harden-stevenarella-runtime-boundaries --root . --execute
{
  "actions": [
    {
      "description": "merge delta spec into main specs: ./cairn/changes/harden-stevenarella-runtime-boundaries/specs/mc-compatibility/spec.md",
      "kind": "sync_delta_spec",
      "path": "./cairn/changes/harden-stevenarella-runtime-boundaries/specs/mc-compatibility/spec.md"
    }
  ],
  "blocked": false,
  "change": "harden-stevenarella-runtime-boundaries",
  "delta_specs": [
    "./cairn/changes/harden-stevenarella-runtime-boundaries/specs/mc-compatibility/spec.md"
  ],
  "dry_run": false,
  "input_hash": "d3016229e408dcf03da01761154c4a896066dc154e6e901dd3e23ee344d64d3a",
  "layout": "cairn",
  "mutated": true,
  "mutation_manifest": {
    "after": {
      "entries": [
        {
          "content_hash": "91eb95e1650f9adc4e56a9cee0d546f90ece3604c4986f15280dfc5257080415",
          "exists": true,
          "path": "./cairn/specs/mc-compatibility/spec.md"
        }
      ],
      "manifest_hash": "7fa6101ded41146caeb33fd09b08be8bb555780e9c2e5de22de4d910b2d025f7"
    },
    "before": {
      "entries": [
        {
          "content_hash": "91eb95e1650f9adc4e56a9cee0d546f90ece3604c4986f15280dfc5257080415",
          "exists": true,
          "path": "./cairn/specs/mc-compatibility/spec.md"
        }
      ],
      "manifest_hash": "7fa6101ded41146caeb33fd09b08be8bb555780e9c2e5de22de4d910b2d025f7"
    },
    "kind": "sync",
    "manifest_hash": "5391b308d1c53c2b528e767cdfe15210134e04b12719e91f31cfd4583f7497f7"
  },
  "plan_hash": "8963bc7f4e772ccdf45df6f0798e51f6d20be287bc644e404da9fc56eb4b6a63",
  "policy": "cairn-default",
  "policy_hash": "a210ed841d260e0bf026f3c67ec810216b6409cfe6036f9132b51cc4e3176618",
  "reasons": [],
  "receipt_hash": "b9f3219f379d7e607b85c28827149a51e219848799839960fb95ecdce34dd905"
}
exit_status=0

## command: nix run .#cairn -- validate --root .
{
  "change_issues": [],
  "changes": 3,
  "issues": [],
  "layout": "cairn",
  "policy": "cairn-default",
  "spec_issues": [],
  "specs_validated": 7,
  "valid": true
}
exit_status=0

## command: nix run .#cairn -- sync split-stevenarella-server-probes --root . --execute
{
  "actions": [
    {
      "description": "merge delta spec into main specs: ./cairn/changes/split-stevenarella-server-probes/specs/mc-compatibility/spec.md",
      "kind": "sync_delta_spec",
      "path": "./cairn/changes/split-stevenarella-server-probes/specs/mc-compatibility/spec.md"
    }
  ],
  "blocked": false,
  "change": "split-stevenarella-server-probes",
  "delta_specs": [
    "./cairn/changes/split-stevenarella-server-probes/specs/mc-compatibility/spec.md"
  ],
  "dry_run": false,
  "input_hash": "f26d4d6b8fa112972ef734a7bc162edbd900963ac49ed4d54f028a3dee1e7476",
  "layout": "cairn",
  "mutated": true,
  "mutation_manifest": {
    "after": {
      "entries": [
        {
          "content_hash": "91eb95e1650f9adc4e56a9cee0d546f90ece3604c4986f15280dfc5257080415",
          "exists": true,
          "path": "./cairn/specs/mc-compatibility/spec.md"
        }
      ],
      "manifest_hash": "7fa6101ded41146caeb33fd09b08be8bb555780e9c2e5de22de4d910b2d025f7"
    },
    "before": {
      "entries": [
        {
          "content_hash": "91eb95e1650f9adc4e56a9cee0d546f90ece3604c4986f15280dfc5257080415",
          "exists": true,
          "path": "./cairn/specs/mc-compatibility/spec.md"
        }
      ],
      "manifest_hash": "7fa6101ded41146caeb33fd09b08be8bb555780e9c2e5de22de4d910b2d025f7"
    },
    "kind": "sync",
    "manifest_hash": "5391b308d1c53c2b528e767cdfe15210134e04b12719e91f31cfd4583f7497f7"
  },
  "plan_hash": "0c73def970a1ebd66993a97be4d2173f66ae78139e4f37f9fdd89ab54abbf90e",
  "policy": "cairn-default",
  "policy_hash": "a210ed841d260e0bf026f3c67ec810216b6409cfe6036f9132b51cc4e3176618",
  "reasons": [],
  "receipt_hash": "e4d03f84a1990af766e9b773c501494ab70e91bba48072261f2bbf0dc2edf1e4"
}
exit_status=0

## command: nix run .#cairn -- validate --root .
{
  "change_issues": [],
  "changes": 3,
  "issues": [],
  "layout": "cairn",
  "policy": "cairn-default",
  "spec_issues": [],
  "specs_validated": 7,
  "valid": true
}
exit_status=0

overall_exit_status=0
