## command: nix run .#cairn -- archive extract-valence-compat-fixture-cores --root .
{
  "actions": [
    {
      "description": "move active change to archive: extract-valence-compat-fixture-cores",
      "kind": "archive_change",
      "path": "./cairn/changes/extract-valence-compat-fixture-cores"
    }
  ],
  "blocked": false,
  "change": "extract-valence-compat-fixture-cores",
  "dry_run": true,
  "input_hash": "88a9ee44dbfcd5e88d2f902369070a8b69dc834c1448de4abf4e3fa450789972",
  "layout": "cairn",
  "mutated": false,
  "mutation_manifest": null,
  "plan_hash": "205558eb819dda76499e0f047023e0b5219c7fd3830054aaa9a78552ddf294c9",
  "policy": "cairn-default",
  "policy_hash": "a210ed841d260e0bf026f3c67ec810216b6409cfe6036f9132b51cc4e3176618",
  "reasons": [],
  "receipt_hash": "994955c193fcc511e829e8d352f6a5abbe29bf86e0b7fb3bd76678b968b2030a"
}
exit_status=0

## command: nix run .#cairn -- archive extract-valence-compat-fixture-cores --root . --execute
{
  "actions": [
    {
      "description": "move active change to archive: extract-valence-compat-fixture-cores",
      "kind": "archive_change",
      "path": "./cairn/archive/2026-06-25-extract-valence-compat-fixture-cores"
    }
  ],
  "blocked": false,
  "change": "extract-valence-compat-fixture-cores",
  "dry_run": false,
  "input_hash": "88a9ee44dbfcd5e88d2f902369070a8b69dc834c1448de4abf4e3fa450789972",
  "layout": "cairn",
  "mutated": true,
  "mutation_manifest": {
    "after": {
      "entries": [
        {
          "content_hash": "48d33258e8fa185f4a4a3ff29e6fbc5cbe70b1f9ca6f356e53371115ababa1c2",
          "exists": true,
          "path": "./cairn/archive/2026-06-25-extract-valence-compat-fixture-cores/design.md"
        },
        {
          "content_hash": "2632b8bf30c3bd18821caf8eb5072fd84336a3c95bd0082519a3a67a5329aa4f",
          "exists": true,
          "path": "./cairn/archive/2026-06-25-extract-valence-compat-fixture-cores/proposal.md"
        },
        {
          "content_hash": "bb010ba30bd34fc5e528acae142aa06731588daac3e047e14d98e77ab805aa38",
          "exists": true,
          "path": "./cairn/archive/2026-06-25-extract-valence-compat-fixture-cores/specs/mc-compatibility/spec.md"
        },
        {
          "content_hash": "e6cdbbb2cfd35a327a3ee1febf0ec87f5768d1cbe7e69be7df1f7aaf94355d63",
          "exists": true,
          "path": "./cairn/archive/2026-06-25-extract-valence-compat-fixture-cores/tasks.md"
        },
        {
          "content_hash": null,
          "exists": false,
          "path": "./cairn/changes/extract-valence-compat-fixture-cores"
        }
      ],
      "manifest_hash": "809e315eb40169962af6e29905199db7479e6413a280365ea9750dc035d7b460"
    },
    "before": {
      "entries": [
        {
          "content_hash": "48d33258e8fa185f4a4a3ff29e6fbc5cbe70b1f9ca6f356e53371115ababa1c2",
          "exists": true,
          "path": "./cairn/changes/extract-valence-compat-fixture-cores/design.md"
        },
        {
          "content_hash": "2632b8bf30c3bd18821caf8eb5072fd84336a3c95bd0082519a3a67a5329aa4f",
          "exists": true,
          "path": "./cairn/changes/extract-valence-compat-fixture-cores/proposal.md"
        },
        {
          "content_hash": "bb010ba30bd34fc5e528acae142aa06731588daac3e047e14d98e77ab805aa38",
          "exists": true,
          "path": "./cairn/changes/extract-valence-compat-fixture-cores/specs/mc-compatibility/spec.md"
        },
        {
          "content_hash": "e6cdbbb2cfd35a327a3ee1febf0ec87f5768d1cbe7e69be7df1f7aaf94355d63",
          "exists": true,
          "path": "./cairn/changes/extract-valence-compat-fixture-cores/tasks.md"
        }
      ],
      "manifest_hash": "b70fa3a02eb8887ac93ff81319e5736472d7a9f995ec859b6f8ac8d8afcc0374"
    },
    "kind": "archive",
    "manifest_hash": "fdd2c055b0bf5953f301803ff6359eff8589c737ddf6bb099eb31239df93abd9"
  },
  "plan_hash": "95c20e431782160e2736183f2083e8e1361eba79302cf38ab7f223fd36343966",
  "policy": "cairn-default",
  "policy_hash": "a210ed841d260e0bf026f3c67ec810216b6409cfe6036f9132b51cc4e3176618",
  "reasons": [],
  "receipt_hash": "09734566268d49657c399e77b0e712b8a52dd996d8fb709cc962b8b6dba70984"
}
exit_status=0

## command: nix run .#cairn -- validate --root .
{
  "change_issues": [],
  "changes": 2,
  "issues": [],
  "layout": "cairn",
  "policy": "cairn-default",
  "spec_issues": [],
  "specs_validated": 6,
  "valid": true
}
exit_status=0

## command: nix run .#cairn -- archive harden-stevenarella-runtime-boundaries --root .
{
  "actions": [
    {
      "description": "move active change to archive: harden-stevenarella-runtime-boundaries",
      "kind": "archive_change",
      "path": "./cairn/changes/harden-stevenarella-runtime-boundaries"
    }
  ],
  "blocked": false,
  "change": "harden-stevenarella-runtime-boundaries",
  "dry_run": true,
  "input_hash": "d3016229e408dcf03da01761154c4a896066dc154e6e901dd3e23ee344d64d3a",
  "layout": "cairn",
  "mutated": false,
  "mutation_manifest": null,
  "plan_hash": "0e21796e93162053184d566d651a2615dcfd9e62e9cc01e0ed37edce09f1c882",
  "policy": "cairn-default",
  "policy_hash": "a210ed841d260e0bf026f3c67ec810216b6409cfe6036f9132b51cc4e3176618",
  "reasons": [],
  "receipt_hash": "a204a02e134647fb4ec0e3059cf49f5cf50a898e8197f426debfa5fe22464842"
}
exit_status=0

## command: nix run .#cairn -- archive harden-stevenarella-runtime-boundaries --root . --execute
{
  "actions": [
    {
      "description": "move active change to archive: harden-stevenarella-runtime-boundaries",
      "kind": "archive_change",
      "path": "./cairn/archive/2026-06-25-harden-stevenarella-runtime-boundaries"
    }
  ],
  "blocked": false,
  "change": "harden-stevenarella-runtime-boundaries",
  "dry_run": false,
  "input_hash": "d3016229e408dcf03da01761154c4a896066dc154e6e901dd3e23ee344d64d3a",
  "layout": "cairn",
  "mutated": true,
  "mutation_manifest": {
    "after": {
      "entries": [
        {
          "content_hash": "8a007af77a1df4aa597a7f76563c30a72446a443682b0c8e49202c2d8af90f8b",
          "exists": true,
          "path": "./cairn/archive/2026-06-25-harden-stevenarella-runtime-boundaries/design.md"
        },
        {
          "content_hash": "4c91d7c3a40868c35dea7d86bb420a1954822723b80b2dc405d18e0eabb2f3b4",
          "exists": true,
          "path": "./cairn/archive/2026-06-25-harden-stevenarella-runtime-boundaries/proposal.md"
        },
        {
          "content_hash": "5f3275853611ef1899740695f75a468e2974cfe43de7a0714039b6a8ef3f145b",
          "exists": true,
          "path": "./cairn/archive/2026-06-25-harden-stevenarella-runtime-boundaries/specs/mc-compatibility/spec.md"
        },
        {
          "content_hash": "43e5c3b4a7ca6a185828338faebb62e9c5cf96b9024e9ed74fa3090fe8286cff",
          "exists": true,
          "path": "./cairn/archive/2026-06-25-harden-stevenarella-runtime-boundaries/tasks.md"
        },
        {
          "content_hash": null,
          "exists": false,
          "path": "./cairn/changes/harden-stevenarella-runtime-boundaries"
        }
      ],
      "manifest_hash": "3b2dafc8aaa27179121d2421bd6964143b923ea2f323364e28071faf0c9f33b2"
    },
    "before": {
      "entries": [
        {
          "content_hash": "8a007af77a1df4aa597a7f76563c30a72446a443682b0c8e49202c2d8af90f8b",
          "exists": true,
          "path": "./cairn/changes/harden-stevenarella-runtime-boundaries/design.md"
        },
        {
          "content_hash": "4c91d7c3a40868c35dea7d86bb420a1954822723b80b2dc405d18e0eabb2f3b4",
          "exists": true,
          "path": "./cairn/changes/harden-stevenarella-runtime-boundaries/proposal.md"
        },
        {
          "content_hash": "5f3275853611ef1899740695f75a468e2974cfe43de7a0714039b6a8ef3f145b",
          "exists": true,
          "path": "./cairn/changes/harden-stevenarella-runtime-boundaries/specs/mc-compatibility/spec.md"
        },
        {
          "content_hash": "43e5c3b4a7ca6a185828338faebb62e9c5cf96b9024e9ed74fa3090fe8286cff",
          "exists": true,
          "path": "./cairn/changes/harden-stevenarella-runtime-boundaries/tasks.md"
        }
      ],
      "manifest_hash": "e394877a5825caa57547e0cb0c19be23d97783edc25545b48ebc2390a05df245"
    },
    "kind": "archive",
    "manifest_hash": "d04abfbe8895115a4aa906cf950651721dfdcf0c5e23eef9b29e85139e2aafeb"
  },
  "plan_hash": "99123dc707782e97312d183542d25092d654543f0f911e50f1978554c36f9beb",
  "policy": "cairn-default",
  "policy_hash": "a210ed841d260e0bf026f3c67ec810216b6409cfe6036f9132b51cc4e3176618",
  "reasons": [],
  "receipt_hash": "f9c7017b996cd29ab26d8d6b766f58aaa27d7a5999e2d4e2313564bf113e60d2"
}
exit_status=0

## command: nix run .#cairn -- validate --root .
{
  "change_issues": [],
  "changes": 1,
  "issues": [],
  "layout": "cairn",
  "policy": "cairn-default",
  "spec_issues": [],
  "specs_validated": 5,
  "valid": true
}
exit_status=0

## command: nix run .#cairn -- archive split-stevenarella-server-probes --root .
{
  "actions": [
    {
      "description": "move active change to archive: split-stevenarella-server-probes",
      "kind": "archive_change",
      "path": "./cairn/changes/split-stevenarella-server-probes"
    }
  ],
  "blocked": false,
  "change": "split-stevenarella-server-probes",
  "dry_run": true,
  "input_hash": "f26d4d6b8fa112972ef734a7bc162edbd900963ac49ed4d54f028a3dee1e7476",
  "layout": "cairn",
  "mutated": false,
  "mutation_manifest": null,
  "plan_hash": "5ecd7b0a0aff1aa258cda2c0b1107664b24549da36b335ad16c6cc2c3ced4b5d",
  "policy": "cairn-default",
  "policy_hash": "a210ed841d260e0bf026f3c67ec810216b6409cfe6036f9132b51cc4e3176618",
  "reasons": [],
  "receipt_hash": "1fee0c51aa9368e0769698bc76023e9d508a6cc3b84dbc1706e99a1e7dca84dc"
}
exit_status=0

## command: nix run .#cairn -- archive split-stevenarella-server-probes --root . --execute
{
  "actions": [
    {
      "description": "move active change to archive: split-stevenarella-server-probes",
      "kind": "archive_change",
      "path": "./cairn/archive/2026-06-25-split-stevenarella-server-probes"
    }
  ],
  "blocked": false,
  "change": "split-stevenarella-server-probes",
  "dry_run": false,
  "input_hash": "f26d4d6b8fa112972ef734a7bc162edbd900963ac49ed4d54f028a3dee1e7476",
  "layout": "cairn",
  "mutated": true,
  "mutation_manifest": {
    "after": {
      "entries": [
        {
          "content_hash": "594100ea4a044200333995521bbf5248c3e59a8edfedfc24aea1053370fbda37",
          "exists": true,
          "path": "./cairn/archive/2026-06-25-split-stevenarella-server-probes/design.md"
        },
        {
          "content_hash": "85f4bfc7025e676d79af3a832679a082f079c8a4c928c39d64905b9281cb099f",
          "exists": true,
          "path": "./cairn/archive/2026-06-25-split-stevenarella-server-probes/proposal.md"
        },
        {
          "content_hash": "e1d23a0e8428e364501571eb9a4aac62f89d3d6e46491e91da1df195d3fc914e",
          "exists": true,
          "path": "./cairn/archive/2026-06-25-split-stevenarella-server-probes/specs/mc-compatibility/spec.md"
        },
        {
          "content_hash": "d4b188b972b5b20429bdad0de972083d75089d02b0a3791dca9400440e5fd4f2",
          "exists": true,
          "path": "./cairn/archive/2026-06-25-split-stevenarella-server-probes/tasks.md"
        },
        {
          "content_hash": null,
          "exists": false,
          "path": "./cairn/changes/split-stevenarella-server-probes"
        }
      ],
      "manifest_hash": "83e10005c34a0bea45344683a37fec7fc1a43de5bc6d5d08a33189d1dc5c2271"
    },
    "before": {
      "entries": [
        {
          "content_hash": "594100ea4a044200333995521bbf5248c3e59a8edfedfc24aea1053370fbda37",
          "exists": true,
          "path": "./cairn/changes/split-stevenarella-server-probes/design.md"
        },
        {
          "content_hash": "85f4bfc7025e676d79af3a832679a082f079c8a4c928c39d64905b9281cb099f",
          "exists": true,
          "path": "./cairn/changes/split-stevenarella-server-probes/proposal.md"
        },
        {
          "content_hash": "e1d23a0e8428e364501571eb9a4aac62f89d3d6e46491e91da1df195d3fc914e",
          "exists": true,
          "path": "./cairn/changes/split-stevenarella-server-probes/specs/mc-compatibility/spec.md"
        },
        {
          "content_hash": "d4b188b972b5b20429bdad0de972083d75089d02b0a3791dca9400440e5fd4f2",
          "exists": true,
          "path": "./cairn/changes/split-stevenarella-server-probes/tasks.md"
        }
      ],
      "manifest_hash": "16ee4df7ab93da71d68cead63a325ebe103db0b12770c4674b5d57a3ed871501"
    },
    "kind": "archive",
    "manifest_hash": "db1d1a41970d6485460fda4794da68f7dcc3cd6c36e28d67cfffa64de8fceace"
  },
  "plan_hash": "dc35ed85865dc76cccd5bcbff8df1206d2bed620ba528c0f15156147a2c9bd82",
  "policy": "cairn-default",
  "policy_hash": "a210ed841d260e0bf026f3c67ec810216b6409cfe6036f9132b51cc4e3176618",
  "reasons": [],
  "receipt_hash": "62f9bde31d0a4e73a24d350f1ebe26a8e700e16918360f584917a8be95389359"
}
exit_status=0

## command: nix run .#cairn -- validate --root .
{
  "change_issues": [],
  "changes": 0,
  "issues": [],
  "layout": "cairn",
  "policy": "cairn-default",
  "spec_issues": [],
  "specs_validated": 4,
  "valid": true
}
exit_status=0

## command: nix run .#cairn -- change list --root .
{
  "changes": [],
  "layout": "cairn",
  "root": "."
}
exit_status=0

overall_exit_status=0
