command=nix run .#cairn -- gate proposal add-schedule-hygiene-gates --root .
cwd=/home/brittonr/git/mc
{
  "change": "add-schedule-hygiene-gates",
  "evidence_summary": {
    "docs_only": 0,
    "fixture": 0,
    "formal": 0,
    "mode": "advisory",
    "model": 0,
    "probe": 0,
    "property": 0
  },
  "input_hash": "4517ea26522289dd221adebdb17223899ea4ad18963538eec5b86c165ab9933d",
  "issues": [],
  "layout": "cairn",
  "policy": "cairn-default",
  "policy_hash": "a210ed841d260e0bf026f3c67ec810216b6409cfe6036f9132b51cc4e3176618",
  "receipt_hash": "7de28382b78c83a7eba26f45b5b3118c2da35d7f7ef88d96ad5371e27c787250",
  "stage": "proposal",
  "valid": true,
  "verdict": "PASS"
}
exit_status=0
