\n$ nix run .#cairn -- gate proposal add-hyperion-derived-load-tools --root .
{
  "change": "add-hyperion-derived-load-tools",
  "evidence_summary": {
    "docs_only": 0,
    "fixture": 0,
    "formal": 0,
    "mode": "advisory",
    "model": 0,
    "probe": 0,
    "property": 0
  },
  "input_hash": "ba7c1401b4d0687814ccb89ddb8ed7af80cb37a42632bd014fea423974ebb4df",
  "issues": [],
  "layout": "cairn",
  "policy": "cairn-default",
  "policy_hash": "a210ed841d260e0bf026f3c67ec810216b6409cfe6036f9132b51cc4e3176618",
  "receipt_hash": "ca6121b9295b9796fdb3c19c2089a039dcef95fa256dc5e5f85a151d01b7b1ef",
  "stage": "proposal",
  "valid": true,
  "verdict": "PASS"
}
command=nix run .#cairn -- gate proposal add-hyperion-derived-load-tools --root .
exit_status=0
\n$ nix run .#cairn -- gate design add-hyperion-derived-load-tools --root .
{
  "change": "add-hyperion-derived-load-tools",
  "evidence_summary": {
    "docs_only": 0,
    "fixture": 0,
    "formal": 0,
    "mode": "advisory",
    "model": 0,
    "probe": 0,
    "property": 0
  },
  "input_hash": "6d2d557b1e11f3c285d157d9e6536d2c8bafb8ec9a43f1c3cf49344a0feec72f",
  "issues": [],
  "layout": "cairn",
  "policy": "cairn-default",
  "policy_hash": "a210ed841d260e0bf026f3c67ec810216b6409cfe6036f9132b51cc4e3176618",
  "receipt_hash": "ea3c6cc01e6aa4ae24b3e393c6427130b2440acdfe1ceba1553bbaecc446d245",
  "stage": "design",
  "valid": true,
  "verdict": "PASS"
}
command=nix run .#cairn -- gate design add-hyperion-derived-load-tools --root .
exit_status=0
\n$ nix run .#cairn -- gate tasks add-hyperion-derived-load-tools --root .
{
  "change": "add-hyperion-derived-load-tools",
  "evidence_summary": {
    "docs_only": 0,
    "fixture": 0,
    "formal": 0,
    "mode": "advisory",
    "model": 0,
    "probe": 0,
    "property": 0
  },
  "input_hash": "a985378e9d638b4ca92d7eab14266f0f6993e0febd355c1aeb85d2592c338167",
  "issues": [],
  "layout": "cairn",
  "policy": "cairn-default",
  "policy_hash": "a210ed841d260e0bf026f3c67ec810216b6409cfe6036f9132b51cc4e3176618",
  "receipt_hash": "2f4548090030eb16391e8054f25b54a8fe54a6bc287b8a39bf5a95d2c3f8ae7c",
  "stage": "tasks",
  "valid": true,
  "verdict": "PASS"
}
command=nix run .#cairn -- gate tasks add-hyperion-derived-load-tools --root .
exit_status=0
\n$ nix run .#cairn -- validate --root .
{
  "change_issues": [],
  "changes": 27,
  "issues": [],
  "layout": "cairn",
  "policy": "cairn-default",
  "spec_issues": [],
  "specs_validated": 31,
  "valid": true
}
command=nix run .#cairn -- validate --root .
exit_status=0
