## cairn gate proposal baseline
command=nix run .#cairn -- gate proposal add-repository-layout-guard --root .
{
  "change": "add-repository-layout-guard",
  "evidence_summary": {
    "docs_only": 0,
    "fixture": 0,
    "formal": 0,
    "mode": "advisory",
    "model": 0,
    "probe": 0,
    "property": 0
  },
  "input_hash": "a4eecff19797f6f00161a997591256ab3027848a79629ec1b7b4ecd734c222fe",
  "issues": [],
  "layout": "cairn",
  "policy": "cairn-default",
  "policy_hash": "a210ed841d260e0bf026f3c67ec810216b6409cfe6036f9132b51cc4e3176618",
  "receipt_hash": "7f1da853d7a6c7c0808a3d6548b60c41af585a18a4b8fd7fb3d3190ec78ebf38",
  "stage": "proposal",
  "valid": true,
  "verdict": "PASS"
}
exit_status=0

## cairn gate design baseline
command=nix run .#cairn -- gate design add-repository-layout-guard --root .
{
  "change": "add-repository-layout-guard",
  "evidence_summary": {
    "docs_only": 0,
    "fixture": 0,
    "formal": 0,
    "mode": "advisory",
    "model": 0,
    "probe": 0,
    "property": 0
  },
  "input_hash": "2509bc568a67364add3c05bba4656e3886a51c5a621cde44f2727fb18992a741",
  "issues": [],
  "layout": "cairn",
  "policy": "cairn-default",
  "policy_hash": "a210ed841d260e0bf026f3c67ec810216b6409cfe6036f9132b51cc4e3176618",
  "receipt_hash": "3a17eb06045d568c34c203a0d11cb1e30e61547a7cad379d71fd3886d3c65c78",
  "stage": "design",
  "valid": true,
  "verdict": "PASS"
}
exit_status=0

## cairn gate tasks baseline
command=nix run .#cairn -- gate tasks add-repository-layout-guard --root .
{
  "change": "add-repository-layout-guard",
  "evidence_summary": {
    "docs_only": 0,
    "fixture": 0,
    "formal": 0,
    "mode": "advisory",
    "model": 0,
    "probe": 0,
    "property": 0
  },
  "input_hash": "697fb305bbffb07df1ccf72e94076fea62bdc7d47176ffc1ac1a1512747e3c19",
  "issues": [],
  "layout": "cairn",
  "policy": "cairn-default",
  "policy_hash": "a210ed841d260e0bf026f3c67ec810216b6409cfe6036f9132b51cc4e3176618",
  "receipt_hash": "93e73979ff10ac37be6d1d6da01ad15e2e981870b9e3a8d4f0870d02a518d5db",
  "stage": "tasks",
  "valid": true,
  "verdict": "PASS"
}
exit_status=0

## cairn validate baseline
command=nix run .#cairn -- validate --root .
{
  "change_issues": [],
  "changes": 25,
  "issues": [],
  "layout": "cairn",
  "policy": "cairn-default",
  "spec_issues": [],
  "specs_validated": 29,
  "valid": true
}
exit_status=0

## layout guard self-test baseline
command=tools/check_layout_boundaries.rs --self-test
sh: line 8: tools/check_layout_boundaries.rs: Permission denied
exit_status=126

