command=nix run .#cairn -- sync add-core-plugin-system-set-contracts --root .
{
  "actions": [
    {
      "description": "merge delta spec into main specs: ./cairn/changes/add-core-plugin-system-set-contracts/specs/valence-bevy-ecs/spec.md",
      "kind": "sync_delta_spec",
      "path": "./cairn/changes/add-core-plugin-system-set-contracts/specs/valence-bevy-ecs/spec.md"
    }
  ],
  "blocked": false,
  "change": "add-core-plugin-system-set-contracts",
  "delta_specs": [
    "./cairn/changes/add-core-plugin-system-set-contracts/specs/valence-bevy-ecs/spec.md"
  ],
  "dry_run": true,
  "input_hash": "70aeed9c0aeef88b6f1c4d0570ca01e8f1a75521987866c7f195c118a369f473",
  "layout": "cairn",
  "mutated": false,
  "mutation_manifest": null,
  "plan_hash": "50bf058b2729aec1651ea9d070ef44ec8a44efa805db9d6ff93e5a3b7249b310",
  "policy": "cairn-default",
  "policy_hash": "a210ed841d260e0bf026f3c67ec810216b6409cfe6036f9132b51cc4e3176618",
  "reasons": [],
  "receipt_hash": "e5b2f9b418e44b24016faf5c99a50523d2f504ce02f056ba70b7bb0c78e29634"
}
exit_status=0
