command=nix run .#cairn -- sync add-schedule-hygiene-gates --root .
cwd=/home/brittonr/git/mc
{
  "actions": [
    {
      "description": "merge delta spec into main specs: ./cairn/changes/add-schedule-hygiene-gates/specs/valence-bevy-ecs/spec.md",
      "kind": "sync_delta_spec",
      "path": "./cairn/changes/add-schedule-hygiene-gates/specs/valence-bevy-ecs/spec.md"
    }
  ],
  "blocked": false,
  "change": "add-schedule-hygiene-gates",
  "delta_specs": [
    "./cairn/changes/add-schedule-hygiene-gates/specs/valence-bevy-ecs/spec.md"
  ],
  "dry_run": true,
  "input_hash": "66cdffa142d8a9ed6ca9e3817aa4efd92872d273882ad07a610cca0438b0c4cc",
  "layout": "cairn",
  "mutated": false,
  "mutation_manifest": null,
  "plan_hash": "09e7a1cc131e4e909d2b2f02dfb5efe65a50bb959b782f61e5572379279c19b2",
  "policy": "cairn-default",
  "policy_hash": "a210ed841d260e0bf026f3c67ec810216b6409cfe6036f9132b51cc4e3176618",
  "reasons": [],
  "receipt_hash": "a7dbd50f41a9a44c3d429fe323e183c2b6137b1e86570578056ab39da32238fd"
}
exit_status=0
