{
  "actions": [
    {
      "description": "merge delta spec into main specs: ./cairn/changes/add-static-world-snapshot-loader/specs/valence-hyperion-integration/spec.md",
      "kind": "sync_delta_spec",
      "path": "./cairn/changes/add-static-world-snapshot-loader/specs/valence-hyperion-integration/spec.md"
    }
  ],
  "blocked": false,
  "change": "add-static-world-snapshot-loader",
  "delta_specs": [
    "./cairn/changes/add-static-world-snapshot-loader/specs/valence-hyperion-integration/spec.md"
  ],
  "dry_run": true,
  "input_hash": "429743667b950d9ca2c810b657e465ed7213432ae5282c626a718fb793ad2ae7",
  "layout": "cairn",
  "mutated": false,
  "mutation_manifest": null,
  "plan_hash": "bef2e276b2ae46ac47da5a2601ca16c3ea0d874e47310c7f0e32bd64ddca450b",
  "policy": "cairn-default",
  "policy_hash": "a210ed841d260e0bf026f3c67ec810216b6409cfe6036f9132b51cc4e3176618",
  "reasons": [],
  "receipt_hash": "519054976ab3b16e879decda4ae3a04b1eefb46ffefbe21e70dbc159d0752e06"
}
exit_status=0
