# add-cached-chunk-egress-pipeline sync dry-run
cwd=/home/brittonr/git/mc
command: nix run .#cairn -- sync add-cached-chunk-egress-pipeline --root .
{
  "actions": [
    {
      "description": "merge delta spec into main specs: ./cairn/changes/add-cached-chunk-egress-pipeline/specs/valence-hyperion-integration/spec.md",
      "kind": "sync_delta_spec",
      "path": "./cairn/changes/add-cached-chunk-egress-pipeline/specs/valence-hyperion-integration/spec.md"
    }
  ],
  "blocked": false,
  "change": "add-cached-chunk-egress-pipeline",
  "delta_specs": [
    "./cairn/changes/add-cached-chunk-egress-pipeline/specs/valence-hyperion-integration/spec.md"
  ],
  "dry_run": true,
  "input_hash": "d4c33024cc05e532f4ffccefb004e7f4932c78d2e3b703c9062bbd88f7317a1e",
  "layout": "cairn",
  "mutated": false,
  "mutation_manifest": null,
  "plan_hash": "45f3c705877ac3a7443bf3f02c4dfed7e5c9b4e27909a977076e547711e007af",
  "policy": "cairn-default",
  "policy_hash": "a210ed841d260e0bf026f3c67ec810216b6409cfe6036f9132b51cc4e3176618",
  "reasons": [],
  "receipt_hash": "2d864ff10da46d2ea3c2a121ae31f137d2fc4034f4b0f10ce887b6f02c898c80"
}
sync_dry_run_exit_status=0
exit_status=0
