command=CAIRN_ARCHIVE_DATE=2026-06-23 nix run .#cairn -- archive add-observability-profiling-hooks --root . --execute
cwd=/home/brittonr/git/mc

{
  "actions": [
    {
      "description": "move active change to archive: add-observability-profiling-hooks",
      "kind": "archive_change",
      "path": "./cairn/archive/2026-06-23-add-observability-profiling-hooks"
    }
  ],
  "blocked": false,
  "change": "add-observability-profiling-hooks",
  "dry_run": false,
  "input_hash": "2809e74803abeda56ebf7188588ab0401121977fed5c2e60dafa2577b2051608",
  "layout": "cairn",
  "mutated": true,
  "mutation_manifest": {
    "after": {
      "entries": [
        {
          "content_hash": "972af660d3910062852ddc5854f09779c45299604148c6673301c1ba44044123",
          "exists": true,
          "path": "./cairn/archive/2026-06-23-add-observability-profiling-hooks/design.md"
        },
        {
          "content_hash": "da6df8a3f5ee8494ce389345b4b1f4a99d283fc07ea2ab14a39f63824d11a55a",
          "exists": true,
          "path": "./cairn/archive/2026-06-23-add-observability-profiling-hooks/proposal.md"
        },
        {
          "content_hash": "1a8279b1a0d7c58c593a7ffbd2daa4952bcdb7bd6e8e1ef2a749b5b38b8d9fba",
          "exists": true,
          "path": "./cairn/archive/2026-06-23-add-observability-profiling-hooks/specs/valence-hyperion-integration/spec.md"
        },
        {
          "content_hash": "e2b8fc2a7f1f535aa403eccc7e77cc61bab8428f2845307146080d877104ef63",
          "exists": true,
          "path": "./cairn/archive/2026-06-23-add-observability-profiling-hooks/tasks.md"
        },
        {
          "content_hash": null,
          "exists": false,
          "path": "./cairn/changes/add-observability-profiling-hooks"
        }
      ],
      "manifest_hash": "5eac287344d20fe27cc897337eaa2125316e9df6632f6a0ced4cedacc575f7be"
    },
    "before": {
      "entries": [
        {
          "content_hash": "972af660d3910062852ddc5854f09779c45299604148c6673301c1ba44044123",
          "exists": true,
          "path": "./cairn/changes/add-observability-profiling-hooks/design.md"
        },
        {
          "content_hash": "da6df8a3f5ee8494ce389345b4b1f4a99d283fc07ea2ab14a39f63824d11a55a",
          "exists": true,
          "path": "./cairn/changes/add-observability-profiling-hooks/proposal.md"
        },
        {
          "content_hash": "1a8279b1a0d7c58c593a7ffbd2daa4952bcdb7bd6e8e1ef2a749b5b38b8d9fba",
          "exists": true,
          "path": "./cairn/changes/add-observability-profiling-hooks/specs/valence-hyperion-integration/spec.md"
        },
        {
          "content_hash": "e2b8fc2a7f1f535aa403eccc7e77cc61bab8428f2845307146080d877104ef63",
          "exists": true,
          "path": "./cairn/changes/add-observability-profiling-hooks/tasks.md"
        }
      ],
      "manifest_hash": "ba4a4123f3322dd1e5d65f3e6b18a43cd257a5497fce1db9815ba4105423f1ad"
    },
    "kind": "archive",
    "manifest_hash": "a4bd3643c833937323d1a32c0b955c676022f4c24e09c3446668190194c025c7"
  },
  "plan_hash": "2725868dfe92567ae969432cb604911a565d333638c9c42f60e29f304d2028e3",
  "policy": "cairn-default",
  "policy_hash": "a210ed841d260e0bf026f3c67ec810216b6409cfe6036f9132b51cc4e3176618",
  "reasons": [],
  "receipt_hash": "22a807805e01d09ff7b1e5dae9e745ecf308ab3b603ba6573b6953f2cf7b5d1b"
}

exit_status=0
