command=nix run .#cairn -- archive add-valence-tick-scheduler --root .
{
  "actions": [
    {
      "description": "move active change to archive: add-valence-tick-scheduler",
      "kind": "archive_change",
      "path": "./cairn/changes/add-valence-tick-scheduler"
    }
  ],
  "blocked": false,
  "change": "add-valence-tick-scheduler",
  "dry_run": true,
  "input_hash": "234b345b72a20c4d88006053b8c8c9047781c1a5a57d5fada54131abbd0bbe6d",
  "layout": "cairn",
  "mutated": false,
  "mutation_manifest": null,
  "plan_hash": "a35eb8894b0303da1562aa0822fbf7625ac653f804916bb66c63e32d625c2ca0",
  "policy": "cairn-default",
  "policy_hash": "a210ed841d260e0bf026f3c67ec810216b6409cfe6036f9132b51cc4e3176618",
  "reasons": [],
  "receipt_hash": "84de5974e8f46b5753238c2fdef85635d268ff93389f8adeca44061f5f0fd819"
}

exit_status=0
