command=nix run .#cairn -- gate proposal add-observability-profiling-hooks --root .
cwd=/home/brittonr/git/mc

{
  "change": "add-observability-profiling-hooks",
  "evidence_summary": {
    "docs_only": 0,
    "fixture": 0,
    "formal": 0,
    "mode": "advisory",
    "model": 0,
    "probe": 0,
    "property": 0
  },
  "input_hash": "b5c9d3f9facbcb3117e6c9bdeb600120157d471d14ae832f53c917b378f5e986",
  "issues": [],
  "layout": "cairn",
  "policy": "cairn-default",
  "policy_hash": "a210ed841d260e0bf026f3c67ec810216b6409cfe6036f9132b51cc4e3176618",
  "receipt_hash": "b38557f161cd7f357a3ffabfd0dc8cab4989d0b258a2d35e5c453954b1a6952c",
  "stage": "proposal",
  "valid": true,
  "verdict": "PASS"
}

exit_status=0
