
## gate-proposal
{
  "change": "add-event-loop-phase-system-sets",
  "evidence_summary": {
    "docs_only": 0,
    "fixture": 0,
    "formal": 0,
    "mode": "advisory",
    "model": 0,
    "probe": 0,
    "property": 0
  },
  "input_hash": "2fb0e899a312c351915f0ebc5ca411d48f28e5a7f516198d110d581c6fa1c106",
  "issues": [],
  "layout": "cairn",
  "policy": "cairn-default",
  "policy_hash": "a210ed841d260e0bf026f3c67ec810216b6409cfe6036f9132b51cc4e3176618",
  "receipt_hash": "5d5791fa1f4daf06a7ca4d326a8e01f6151ee44a935ab42ac0be83e04d26c5f9",
  "stage": "proposal",
  "valid": true,
  "verdict": "PASS"
}
step=gate-proposal exit_status=0

## gate-design
{
  "change": "add-event-loop-phase-system-sets",
  "evidence_summary": {
    "docs_only": 0,
    "fixture": 0,
    "formal": 0,
    "mode": "advisory",
    "model": 0,
    "probe": 0,
    "property": 0
  },
  "input_hash": "fe7e0875591da2d86531b9aeee2fd2d478f6bc3c011eed37d25d51b1948c407d",
  "issues": [],
  "layout": "cairn",
  "policy": "cairn-default",
  "policy_hash": "a210ed841d260e0bf026f3c67ec810216b6409cfe6036f9132b51cc4e3176618",
  "receipt_hash": "e0beb802b22d487e4daef068dd0724f6e773518ea5465e2f6446083da4f3c0e0",
  "stage": "design",
  "valid": true,
  "verdict": "PASS"
}
step=gate-design exit_status=0

## gate-tasks
{
  "change": "add-event-loop-phase-system-sets",
  "evidence_summary": {
    "docs_only": 0,
    "fixture": 0,
    "formal": 0,
    "mode": "advisory",
    "model": 0,
    "probe": 0,
    "property": 0
  },
  "input_hash": "a6c2b317747cfda864cc34707b6e94c00c92f78b77c24af4dccb8fba16e30b01",
  "issues": [],
  "layout": "cairn",
  "policy": "cairn-default",
  "policy_hash": "a210ed841d260e0bf026f3c67ec810216b6409cfe6036f9132b51cc4e3176618",
  "receipt_hash": "a7c02b5c73fdd09278e2ea5dc0703c722ad5710b2c5e2c852281a88d3ca09dae",
  "stage": "tasks",
  "valid": true,
  "verdict": "PASS"
}
step=gate-tasks exit_status=0

## validate
{
  "change_issues": [],
  "changes": 12,
  "issues": [],
  "layout": "cairn",
  "policy": "cairn-default",
  "spec_issues": [],
  "specs_validated": 17,
  "valid": true
}
step=validate exit_status=0
exit_status=0
