$ nix run .#cairn -- sync add-hyperion-derived-load-tools --root . --execute
{
  "actions": [
    {
      "description": "merge delta spec into main specs: ./cairn/changes/add-hyperion-derived-load-tools/specs/valence-hyperion-integration/spec.md",
      "kind": "sync_delta_spec",
      "path": "./cairn/changes/add-hyperion-derived-load-tools/specs/valence-hyperion-integration/spec.md"
    }
  ],
  "blocked": false,
  "change": "add-hyperion-derived-load-tools",
  "delta_specs": [
    "./cairn/changes/add-hyperion-derived-load-tools/specs/valence-hyperion-integration/spec.md"
  ],
  "dry_run": false,
  "input_hash": "18f6f760d17bced913716499bbaebf9d5af3ad22aa9395e4fae16c7a050d55e3",
  "layout": "cairn",
  "mutated": true,
  "mutation_manifest": {
    "after": {
      "entries": [
        {
          "content_hash": "0274e4c9b7018cf12f09b7d1e4dc8fb72fd824c9f262ebd163c222928e4ebdb3",
          "exists": true,
          "path": "./cairn/specs/valence-hyperion-integration/spec.md"
        }
      ],
      "manifest_hash": "c07b9e4167f51525f7e096599edc0581006da7ed695fd9c3426df355feb2f04b"
    },
    "before": {
      "entries": [
        {
          "content_hash": "0274e4c9b7018cf12f09b7d1e4dc8fb72fd824c9f262ebd163c222928e4ebdb3",
          "exists": true,
          "path": "./cairn/specs/valence-hyperion-integration/spec.md"
        }
      ],
      "manifest_hash": "c07b9e4167f51525f7e096599edc0581006da7ed695fd9c3426df355feb2f04b"
    },
    "kind": "sync",
    "manifest_hash": "ba5e2001b45011eec5f619134c2ec1311db3187abd52c3d039a48e97d227d0d1"
  },
  "plan_hash": "7c8ef97d957b6dedddaf5eed9b722056eb1c24cd85116beddfd366886f419472",
  "policy": "cairn-default",
  "policy_hash": "a210ed841d260e0bf026f3c67ec810216b6409cfe6036f9132b51cc4e3176618",
  "reasons": [],
  "receipt_hash": "861d167f3625932190a0569421a6fb2a1cdd410c58a1da7ff05dae673c3d99dd"
}
command=nix run .#cairn -- sync add-hyperion-derived-load-tools --root . --execute
exit_status=0
