command=nix run .#cairn -- gate design add-core-plugin-system-set-contracts --root . 
{
  "change": "add-core-plugin-system-set-contracts",
  "evidence_summary": {
    "docs_only": 0,
    "fixture": 0,
    "formal": 0,
    "mode": "advisory",
    "model": 0,
    "probe": 0,
    "property": 0
  },
  "input_hash": "baeaf0a650dabab7435c3c0251a538d12b221eea651773b0c00ca6c40a717738",
  "issues": [],
  "layout": "cairn",
  "policy": "cairn-default",
  "policy_hash": "a210ed841d260e0bf026f3c67ec810216b6409cfe6036f9132b51cc4e3176618",
  "receipt_hash": "2c2ede9f949d4f6d9809b766e2bad0625212d43ef5b231e42d2fea8c16db599c",
  "stage": "design",
  "valid": true,
  "verdict": "PASS"
}
exit_status=0
