command=nix run .#cairn -- gate tasks add-core-plugin-system-set-contracts --root . 
{
  "change": "add-core-plugin-system-set-contracts",
  "evidence_summary": {
    "docs_only": 0,
    "fixture": 0,
    "formal": 0,
    "mode": "advisory",
    "model": 0,
    "probe": 0,
    "property": 0
  },
  "input_hash": "105a2f23fbe72414643b93282f71fc21167224973a49605017ce894e2b756d5b",
  "issues": [],
  "layout": "cairn",
  "policy": "cairn-default",
  "policy_hash": "a210ed841d260e0bf026f3c67ec810216b6409cfe6036f9132b51cc4e3176618",
  "receipt_hash": "2ff44f9191b10251373678e8eb9d73923067673620cd3739dd3e5d8bd7d23fbc",
  "stage": "tasks",
  "valid": true,
  "verdict": "PASS"
}
exit_status=0
