
## accepted-spec-grep
87:r[valence_bevy_ecs.event_loop_phase_sets.inventory] Event-loop phase set work MUST inventory current event-loop schedules, raw packet event production, adapter systems, typed event consumers, diagnostics, cleanup systems, and schedule-impacting checks before changing event-loop schedule wiring.
91:r[valence_bevy_ecs.event_loop_phase_sets.inventory.reviewable]
99:r[valence_bevy_ecs.event_loop_phase_sets.contract] Event-loop schedules SHOULD expose named `SystemSet`s for raw packet observation, typed adapter emission, domain consumption, diagnostics, and cleanup where those phases exist.
103:r[valence_bevy_ecs.event_loop_phase_sets.contract.phases]
111:r[valence_bevy_ecs.event_loop_phase_sets.wiring] Event-loop phase set wiring MUST preserve packet/event semantics, raw `PacketEvent` access, typed event timing, diagnostics, and default plugin behavior unless another Cairn changes them.
115:r[valence_bevy_ecs.event_loop_phase_sets.wiring.preserve]
123:r[valence_bevy_ecs.event_loop_phase_sets.compatibility] Event-loop phase set work MUST document private ordering boundaries and preserve compatibility for raw `PacketEvent` readers and typed event consumers.
127:r[valence_bevy_ecs.event_loop_phase_sets.compatibility.raw_access]
135:r[valence_bevy_ecs.event_loop_phase_sets.tests] Event-loop phase set work MUST include positive schedule tests and negative missing-set, ambiguity, duplicate adapter, raw-access, and disabled-plugin tests.
139:r[valence_bevy_ecs.event_loop_phase_sets.tests.positive]
146:r[valence_bevy_ecs.event_loop_phase_sets.tests.negative]
154:r[valence_bevy_ecs.event_loop_phase_sets.validation] Event-loop phase set work MUST record focused event-loop checks, typed event checks when touched, schedule hygiene, selected compatibility rails when fixture input handling changes, Cairn gates, Cairn validation, and task-evidence checks before archive.
158:r[valence_bevy_ecs.event_loop_phase_sets.validation.log]
step=accepted-spec-grep exit_status=0

## validate
{
  "change_issues": [],
  "changes": 12,
  "issues": [],
  "layout": "cairn",
  "policy": "cairn-default",
  "spec_issues": [],
  "specs_validated": 17,
  "valid": true
}
step=validate exit_status=0
exit_status=0
