command=nix run .#cairn -- gate proposal add-valence-tick-scheduler --root .
{
  "change": "add-valence-tick-scheduler",
  "evidence_summary": {
    "docs_only": 0,
    "fixture": 0,
    "formal": 0,
    "mode": "advisory",
    "model": 0,
    "probe": 0,
    "property": 0
  },
  "input_hash": "3872677357eb500c6a88c6af7859245d9414ab1e94f9985fd1aafb88bb4e7598",
  "issues": [],
  "layout": "cairn",
  "policy": "cairn-default",
  "policy_hash": "a210ed841d260e0bf026f3c67ec810216b6409cfe6036f9132b51cc4e3176618",
  "receipt_hash": "25b7c83e1f44f4517f39dcf404e7fa0ee8f13ef08ff2e2f868633ee35b5e8fe0",
  "stage": "proposal",
  "valid": true,
  "verdict": "PASS"
}

exit_status=0
