command=CAIRN_ARCHIVE_DATE=2026-06-25 nix run .#cairn -- archive add-event-loop-phase-system-sets --root . --execute
cwd=/home/brittonr/git/mc
{
  "actions": [
    {
      "description": "move active change to archive: add-event-loop-phase-system-sets",
      "kind": "archive_change",
      "path": "./cairn/archive/2026-06-25-add-event-loop-phase-system-sets"
    }
  ],
  "blocked": false,
  "change": "add-event-loop-phase-system-sets",
  "dry_run": false,
  "input_hash": "ccb28d7a9d666e65ab4e1fb36976ba18b3ce185a37d329840cca851fd9fe2648",
  "layout": "cairn",
  "mutated": true,
  "mutation_manifest": {
    "after": {
      "entries": [
        {
          "content_hash": "0fda5eb1341cfb779041518381470cbc898e0988a8aabaacd200f199207a6cac",
          "exists": true,
          "path": "./cairn/archive/2026-06-25-add-event-loop-phase-system-sets/design.md"
        },
        {
          "content_hash": "5ac0d345e9773fb92efd723a147b956cb7b47c8460ba51816cdab7de833351f8",
          "exists": true,
          "path": "./cairn/archive/2026-06-25-add-event-loop-phase-system-sets/proposal.md"
        },
        {
          "content_hash": "deffe5e785b8335da8f00790399734fde4b036504518e16626b8f8d024a6dda3",
          "exists": true,
          "path": "./cairn/archive/2026-06-25-add-event-loop-phase-system-sets/specs/valence-bevy-ecs/spec.md"
        },
        {
          "content_hash": "58c4e4fd1d621e05f14a9948503d1ac4b1d7e934171eb4afe9d89f93625798d9",
          "exists": true,
          "path": "./cairn/archive/2026-06-25-add-event-loop-phase-system-sets/tasks.md"
        },
        {
          "content_hash": null,
          "exists": false,
          "path": "./cairn/changes/add-event-loop-phase-system-sets"
        }
      ],
      "manifest_hash": "bdc7e4c8d39a2ce593ccc206f8c450d570ae1c8e95b7adea9f01ffeeca3fd453"
    },
    "before": {
      "entries": [
        {
          "content_hash": "0fda5eb1341cfb779041518381470cbc898e0988a8aabaacd200f199207a6cac",
          "exists": true,
          "path": "./cairn/changes/add-event-loop-phase-system-sets/design.md"
        },
        {
          "content_hash": "5ac0d345e9773fb92efd723a147b956cb7b47c8460ba51816cdab7de833351f8",
          "exists": true,
          "path": "./cairn/changes/add-event-loop-phase-system-sets/proposal.md"
        },
        {
          "content_hash": "deffe5e785b8335da8f00790399734fde4b036504518e16626b8f8d024a6dda3",
          "exists": true,
          "path": "./cairn/changes/add-event-loop-phase-system-sets/specs/valence-bevy-ecs/spec.md"
        },
        {
          "content_hash": "58c4e4fd1d621e05f14a9948503d1ac4b1d7e934171eb4afe9d89f93625798d9",
          "exists": true,
          "path": "./cairn/changes/add-event-loop-phase-system-sets/tasks.md"
        }
      ],
      "manifest_hash": "34843d24b88e815159d5af017736488f291544ff6ebe529b2885067ac4888c46"
    },
    "kind": "archive",
    "manifest_hash": "51bf329ee21935908720bd4a9ad98d2841585dba0167e9b6eac7f273cdb3175f"
  },
  "plan_hash": "c5a742db519228317525a4960c232116021ed1f63b133511245cf58aef2ff242",
  "policy": "cairn-default",
  "policy_hash": "a210ed841d260e0bf026f3c67ec810216b6409cfe6036f9132b51cc4e3176618",
  "reasons": [],
  "receipt_hash": "21000001862cb440f2ae13035f72ab2f8614b0ca128f13f1bc0744b5b54893ba"
}
exit_status=0
