## cairn sync dry-run
command=nix run .#cairn -- sync add-repository-layout-guard --root .
{
  "actions": [
    {
      "description": "merge delta spec into main specs: ./cairn/changes/add-repository-layout-guard/specs/repository-layout/spec.md",
      "kind": "sync_delta_spec",
      "path": "./cairn/changes/add-repository-layout-guard/specs/repository-layout/spec.md"
    }
  ],
  "blocked": false,
  "change": "add-repository-layout-guard",
  "delta_specs": [
    "./cairn/changes/add-repository-layout-guard/specs/repository-layout/spec.md"
  ],
  "dry_run": true,
  "input_hash": "47e1f5730b3e08e3407d454a2684536d63de4de6cc14e10b7d80d64241d3cc55",
  "layout": "cairn",
  "mutated": false,
  "mutation_manifest": null,
  "plan_hash": "7d8028fc17601211c7429cf8e1b080f05e7f1af5c1cf7f7cdfdcfdc1d00d9190",
  "policy": "cairn-default",
  "policy_hash": "a210ed841d260e0bf026f3c67ec810216b6409cfe6036f9132b51cc4e3176618",
  "reasons": [],
  "receipt_hash": "60c87547839f4cff0c65102cb091fd6a4fdeec34526c6bae689b5ea2c3be4129"
}
exit_status=0
