{
  "actions": [
    {
      "description": "move active change to archive: add-static-world-snapshot-loader",
      "kind": "archive_change",
      "path": "./cairn/changes/add-static-world-snapshot-loader"
    }
  ],
  "blocked": false,
  "change": "add-static-world-snapshot-loader",
  "dry_run": true,
  "input_hash": "429743667b950d9ca2c810b657e465ed7213432ae5282c626a718fb793ad2ae7",
  "layout": "cairn",
  "mutated": false,
  "mutation_manifest": null,
  "plan_hash": "0132a0755c67cd31fbfee4ba0262bb6990203c68d9d7947c08a43713a03c2943",
  "policy": "cairn-default",
  "policy_hash": "a210ed841d260e0bf026f3c67ec810216b6409cfe6036f9132b51cc4e3176618",
  "reasons": [],
  "receipt_hash": "9930df5efd8aa2bcd366783c1d48abe9678d8621b5c0c847443324a1fae08c7c"
}
exit_status=0
