# Valence direct layer regressions for cached chunk egress
cwd=/home/brittonr/git/mc/servers/valence
command: nix develop --no-update-lock-file /home/brittonr/git/mc -c cargo test -p valence layer -- --nocapture
mc compat shell: use 'mc-compat-runner --dry-run' or 'nix run .#mc-compat-smoke -- --run'
Stevenarella dev env: cargo/rustc/xvfb-run/OpenSSL/fontconfig/freetype/libxcb paths are available
OnixResearch tools are pinned over SSH: cairn, cargo-octet
Steel is available for repo scripts, e.g. steel scripts/ralph-drain-cairns.scm --self-test
   Compiling valence_generated v0.2.0-alpha.1+mc.1.20.1 (/home/brittonr/git/mc/servers/valence/crates/valence_generated)
   Compiling valence_ident v0.2.0-alpha.1+mc.1.20.1 (/home/brittonr/git/mc/servers/valence/crates/valence_ident)
   Compiling valence_entity v0.2.0-alpha.1+mc.1.20.1 (/home/brittonr/git/mc/servers/valence/crates/valence_entity)
   Compiling valence_lang v0.2.0-alpha.1+mc.1.20.1 (/home/brittonr/git/mc/servers/valence/crates/valence_lang)
   Compiling valence_text v0.2.0-alpha.1+mc.1.20.1 (/home/brittonr/git/mc/servers/valence/crates/valence_text)
warning: unknown lint: `path_segment_repetition`
  --> crates/valence_text/src/color/mod.rs:12:9
   |
12 | #[allow(path_segment_repetition)]
   |         ^^^^^^^^^^^^^^^^^^^^^^^
   |
   = note: `#[warn(unknown_lints)]` on by default

warning: unknown lint: `path_segment_repetition`
  --> crates/valence_text/src/color/mod.rs:28:9
   |
28 | #[allow(path_segment_repetition)]
   |         ^^^^^^^^^^^^^^^^^^^^^^^

warning: unknown lint: `path_segment_repetition`
  --> crates/valence_text/src/color/mod.rs:41:9
   |
41 | #[allow(path_segment_repetition)]
   |         ^^^^^^^^^^^^^^^^^^^^^^^

warning: unknown lint: `path_segment_repetition`
  --> crates/valence_text/src/color/mod.rs:81:9
   |
81 | #[allow(path_segment_repetition)]
   |         ^^^^^^^^^^^^^^^^^^^^^^^

warning: unknown lint: `deref_polymorphism`
 --> crates/valence_text/src/ops.rs:2:9
  |
2 | #[allow(deref_polymorphism)]
  |         ^^^^^^^^^^^^^^^^^^

warning: `valence_text` (lib) generated 5 warnings
   Compiling valence_protocol v0.2.0-alpha.1+mc.1.20.1 (/home/brittonr/git/mc/servers/valence/crates/valence_protocol)
   Compiling valence_server_common v0.2.0-alpha.1+mc.1.20.1 (/home/brittonr/git/mc/servers/valence/crates/valence_server_common)
   Compiling valence_registry v0.2.0-alpha.1+mc.1.20.1 (/home/brittonr/git/mc/servers/valence/crates/valence_registry)
   Compiling valence_server v0.2.0-alpha.1+mc.1.20.1 (/home/brittonr/git/mc/servers/valence/crates/valence_server)
   Compiling valence_inventory v0.2.0-alpha.1+mc.1.20.1 (/home/brittonr/git/mc/servers/valence/crates/valence_inventory)
   Compiling valence_boss_bar v0.2.0-alpha.1+mc.1.20.1 (/home/brittonr/git/mc/servers/valence/crates/valence_boss_bar)
   Compiling valence_player_list v0.2.0-alpha.1+mc.1.20.1 (/home/brittonr/git/mc/servers/valence/crates/valence_player_list)
   Compiling valence_command v0.2.0-alpha.1+mc.1.20.1 (/home/brittonr/git/mc/servers/valence/crates/valence_command)
   Compiling valence_world_border v0.2.0-alpha.1+mc.1.20.1 (/home/brittonr/git/mc/servers/valence/crates/valence_world_border)
   Compiling valence_scoreboard v0.2.0-alpha.1+mc.1.20.1 (/home/brittonr/git/mc/servers/valence/crates/valence_scoreboard)
   Compiling valence_network v0.2.0-alpha.1+mc.1.20.1 (/home/brittonr/git/mc/servers/valence/crates/valence_network)
   Compiling valence_weather v0.2.0-alpha.1+mc.1.20.1 (/home/brittonr/git/mc/servers/valence/crates/valence_weather)
   Compiling valence_anvil v0.1.0 (/home/brittonr/git/mc/servers/valence/crates/valence_anvil)
   Compiling valence_advancement v0.2.0-alpha.1+mc.1.20.1 (/home/brittonr/git/mc/servers/valence/crates/valence_advancement)
warning: unknown lint: `path_segment_repetition`
 --> crates/valence_inventory/src/slots.rs:4:9
  |
4 | #[allow(path_segment_repetition)]
  |         ^^^^^^^^^^^^^^^^^^^^^^^
  |
  = note: `#[warn(unknown_lints)]` on by default

   Compiling valence_equipment v0.2.0-alpha.1+mc.1.20.1 (/home/brittonr/git/mc/servers/valence/crates/valence_equipment)
   Compiling valence v0.2.0-alpha.1+mc.1.20.1 (/home/brittonr/git/mc/servers/valence)
warning: `valence_inventory` (lib) generated 1 warning
    Finished `test` profile [optimized + debuginfo] target(s) in 1m 02s
     Running unittests src/lib.rs (/home/brittonr/.cargo-target/debug/deps/valence-5998de590ef153fc)

running 23 tests
[2m2026-06-23T18:48:44.679288Z[0m [31mERROR[0m [2mbevy_log[0m[2m:[0m Could not set global logger and tracing subscriber as they are already set. Consider disabling LogPlugin.
[2m2026-06-23T18:48:44.679718Z[0m [31mERROR[0m [2mbevy_log[0m[2m:[0m Could not set global logger and tracing subscriber as they are already set. Consider disabling LogPlugin.
[2m2026-06-23T18:48:44.679830Z[0m [31mERROR[0m [2mbevy_log[0m[2m:[0m Could not set global logger and tracing subscriber as they are already set. Consider disabling LogPlugin.
[2m2026-06-23T18:48:44.680007Z[0m [31mERROR[0m [2mbevy_log[0m[2m:[0m Could not set global logger and tracing subscriber as they are already set. Consider disabling LogPlugin.
[2m2026-06-23T18:48:44.680063Z[0m [31mERROR[0m [2mbevy_log[0m[2m:[0m Could not set global logger and tracing subscriber as they are already set. Consider disabling LogPlugin.
[2m2026-06-23T18:48:44.680101Z[0m [31mERROR[0m [2mbevy_log[0m[2m:[0m Could not set global logger and tracing subscriber as they are already set. Consider disabling LogPlugin.
[2m2026-06-23T18:48:44.680160Z[0m [31mERROR[0m [2mbevy_log[0m[2m:[0m Could not set global logger and tracing subscriber as they are already set. Consider disabling LogPlugin.
[2m2026-06-23T18:48:44.680282Z[0m [31mERROR[0m [2mbevy_log[0m[2m:[0m Could not set global logger and tracing subscriber as they are already set. Consider disabling LogPlugin.
[2m2026-06-23T18:48:44.680285Z[0m [31mERROR[0m [2mbevy_log[0m[2m:[0m Could not set global logger and tracing subscriber as they are already set. Consider disabling LogPlugin.
[2m2026-06-23T18:48:44.680376Z[0m [31mERROR[0m [2mbevy_log[0m[2m:[0m Could not set global logger and tracing subscriber as they are already set. Consider disabling LogPlugin.
[2m2026-06-23T18:48:44.680617Z[0m [31mERROR[0m [2mbevy_log[0m[2m:[0m Could not set global logger and tracing subscriber as they are already set. Consider disabling LogPlugin.
[2m2026-06-23T18:48:44.680712Z[0m [31mERROR[0m [2mbevy_log[0m[2m:[0m Could not set global logger and tracing subscriber as they are already set. Consider disabling LogPlugin.
[2m2026-06-23T18:48:44.680950Z[0m [31mERROR[0m [2mbevy_log[0m[2m:[0m Could not set global logger and tracing subscriber as they are already set. Consider disabling LogPlugin.
[2m2026-06-23T18:48:44.681404Z[0m [31mERROR[0m [2mbevy_log[0m[2m:[0m Could not set global logger and tracing subscriber as they are already set. Consider disabling LogPlugin.
[2m2026-06-23T18:48:44.681941Z[0m [31mERROR[0m [2mbevy_log[0m[2m:[0m Could not set global logger and tracing subscriber as they are already set. Consider disabling LogPlugin.
[2m2026-06-23T18:48:44.682081Z[0m [31mERROR[0m [2mbevy_log[0m[2m:[0m Could not set global logger and tracing subscriber as they are already set. Consider disabling LogPlugin.
[2m2026-06-23T18:48:44.682161Z[0m [31mERROR[0m [2mbevy_log[0m[2m:[0m Could not set global logger and tracing subscriber as they are already set. Consider disabling LogPlugin.
[2m2026-06-23T18:48:44.682210Z[0m [31mERROR[0m [2mbevy_log[0m[2m:[0m Could not set global logger and tracing subscriber as they are already set. Consider disabling LogPlugin.
[2m2026-06-23T18:48:44.682416Z[0m [31mERROR[0m [2mbevy_log[0m[2m:[0m Could not set global logger and tracing subscriber as they are already set. Consider disabling LogPlugin.
[2m2026-06-23T18:48:44.683316Z[0m [31mERROR[0m [2mbevy_log[0m[2m:[0m Could not set global logger and tracing subscriber as they are already set. Consider disabling LogPlugin.
[2m2026-06-23T18:48:44.683316Z[0m [31mERROR[0m [2mbevy_log[0m[2m:[0m Could not set global logger and tracing subscriber as they are already set. Consider disabling LogPlugin.
[2m2026-06-23T18:48:44.683980Z[0m [31mERROR[0m [2mbevy_log[0m[2m:[0m Could not set global logger and tracing subscriber as they are already set. Consider disabling LogPlugin.
test tests::weather::test_chunk_layer_initialization_on_join ... ok
test tests::inventory::dropping_items::prevent_drop_item_player_action_readonly_inventory ... ok
test tests::equipment::test_only_send_update_to_other_players ... ok
test tests::scoreboard::show_scoreboard_when_added_to_layer ... ok
test tests::inventory::test_should_modify_player_inventory_click_slot ... ok
test tests::inventory::dropping_items::prevent_drop_item_stack_player_action_readonly_inventory ... ok
test tests::inventory::test_should_sync_entire_player_inventory ... ok
test tests::inventory::dropping_items::should_drop_item_stack_player_action ... ok
test tests::inventory::dropping_items::should_drop_item_player_action ... ok
test tests::inventory::dropping_items::prevent_drop_item_player_open_inventory_with_dropkey_readonly_inventory ... ok
test tests::inventory::test_should_modify_player_inventory_server_side ... ok
test tests::weather::test_chunk_layer_rain_change ... ok
test tests::inventory::should_drop_item_stack_player_open_inventory_with_dropkey ... ok
test tests::inventory::dropping_items::should_drop_item_player_open_inventory_with_dropkey ... ok
test tests::layer::block_create_destroy ... ok
test tests::weather::test_chunk_layer_thunder_change ... ok
test tests::layer::chunk_viewer_count ... ok
test tests::equipment::test_equipment_change_from_player ... ok
test tests::boss_bar::test_client_layer_change ... ok
test tests::layer::entity_layer_switching ... ok
test tests::layer::chunk_entity_spawn_despawn ... ok
test tests::player_list::player_list_arrives_before_player_spawn ... ok
test tests::layer::layer_chunk_view_change ... ok

test result: ok. 23 passed; 0 failed; 0 ignored; 0 measured; 60 filtered out; finished in 0.23s

     Running tests/command_ergonomics_macros.rs (/home/brittonr/.cargo-target/debug/deps/command_ergonomics_macros-c73df921576e9acb)

running 0 tests

test result: ok. 0 passed; 0 failed; 0 ignored; 0 measured; 4 filtered out; finished in 0.00s

cargo_test_exit_status=0
exit_status=0
