{
  "actions": [
    {
      "description": "merge delta spec into main specs: ./cairn/changes/add-static-world-snapshot-loader/specs/valence-hyperion-integration/spec.md",
      "kind": "sync_delta_spec",
      "path": "./cairn/changes/add-static-world-snapshot-loader/specs/valence-hyperion-integration/spec.md"
    }
  ],
  "blocked": false,
  "change": "add-static-world-snapshot-loader",
  "delta_specs": [
    "./cairn/changes/add-static-world-snapshot-loader/specs/valence-hyperion-integration/spec.md"
  ],
  "dry_run": false,
  "input_hash": "429743667b950d9ca2c810b657e465ed7213432ae5282c626a718fb793ad2ae7",
  "layout": "cairn",
  "mutated": true,
  "mutation_manifest": {
    "after": {
      "entries": [
        {
          "content_hash": "5c2d05fd2d63648cad236aa387bc7456fae0898c334b637a11dc28cbd9fba8b4",
          "exists": true,
          "path": "./cairn/specs/valence-hyperion-integration/spec.md"
        }
      ],
      "manifest_hash": "91c139a4cd88fb79cb3539068ff54f63af94eb7c7d38b91669b8cedc7e28ba79"
    },
    "before": {
      "entries": [
        {
          "content_hash": "5c2d05fd2d63648cad236aa387bc7456fae0898c334b637a11dc28cbd9fba8b4",
          "exists": true,
          "path": "./cairn/specs/valence-hyperion-integration/spec.md"
        }
      ],
      "manifest_hash": "91c139a4cd88fb79cb3539068ff54f63af94eb7c7d38b91669b8cedc7e28ba79"
    },
    "kind": "sync",
    "manifest_hash": "d110908c975eb5c23fb11b88f1649c82ad052af8cc5b981567bcdaae3200aed2"
  },
  "plan_hash": "8d395e2cfb4aad9cd29c60db1cff202b00d35a4edcf7cb602d13adf53f381405",
  "policy": "cairn-default",
  "policy_hash": "a210ed841d260e0bf026f3c67ec810216b6409cfe6036f9132b51cc4e3176618",
  "reasons": [],
  "receipt_hash": "74aefbfccef4986f3be1ef24019b6da58a06251c73cb2c04a329fd97224d13c7"
}
exit_status=0
