command=nix run .#cairn -- gate design add-valence-tick-scheduler --root .
{
  "change": "add-valence-tick-scheduler",
  "evidence_summary": {
    "docs_only": 0,
    "fixture": 0,
    "formal": 0,
    "mode": "advisory",
    "model": 0,
    "probe": 0,
    "property": 0
  },
  "input_hash": "da7940c37a9cad37fa1e13e8a3ec71a811e70e05cabf79f074124f7baab268ed",
  "issues": [],
  "layout": "cairn",
  "policy": "cairn-default",
  "policy_hash": "a210ed841d260e0bf026f3c67ec810216b6409cfe6036f9132b51cc4e3176618",
  "receipt_hash": "9a603be27c45f61545411369c4c5776321f18c8aa2f62b8a291560d181a3d334",
  "stage": "design",
  "valid": true,
  "verdict": "PASS"
}

exit_status=0
