command=nix run .#cairn -- gate tasks add-core-plugin-system-set-contracts --root . 
{
  "change": "add-core-plugin-system-set-contracts",
  "evidence_summary": {
    "docs_only": 0,
    "fixture": 0,
    "formal": 0,
    "mode": "advisory",
    "model": 0,
    "probe": 0,
    "property": 0
  },
  "input_hash": "d4dabcc7df9824b2f03ed9887faa7b87c24738eb2b467fdb39b9d61170a84b3f",
  "issues": [],
  "layout": "cairn",
  "policy": "cairn-default",
  "policy_hash": "a210ed841d260e0bf026f3c67ec810216b6409cfe6036f9132b51cc4e3176618",
  "receipt_hash": "c65b8f2b85d9394adc330df2dbfc7cc3fdaeb11f7480232b61d3223ee54b431f",
  "stage": "tasks",
  "valid": true,
  "verdict": "PASS"
}
exit_status=0
