command=nix run .#cairn -- archive add-event-loop-phase-system-sets --root .
cwd=/home/brittonr/git/mc
{
  "actions": [
    {
      "description": "move active change to archive: add-event-loop-phase-system-sets",
      "kind": "archive_change",
      "path": "./cairn/changes/add-event-loop-phase-system-sets"
    }
  ],
  "blocked": false,
  "change": "add-event-loop-phase-system-sets",
  "dry_run": true,
  "input_hash": "ccb28d7a9d666e65ab4e1fb36976ba18b3ce185a37d329840cca851fd9fe2648",
  "layout": "cairn",
  "mutated": false,
  "mutation_manifest": null,
  "plan_hash": "52984d3990fc4527b0b5d8d0550be01f3f094c16cbd9eb091f65059ee440f585",
  "policy": "cairn-default",
  "policy_hash": "a210ed841d260e0bf026f3c67ec810216b6409cfe6036f9132b51cc4e3176618",
  "reasons": [],
  "receipt_hash": "e423639b07a7ccc746d01ad6b099c95e4b3e929da6fce1e12796aa422cbfabd4"
}
exit_status=0
