command=nix run .#cairn -- gate design add-schedule-hygiene-gates --root .
cwd=/home/brittonr/git/mc
{
  "change": "add-schedule-hygiene-gates",
  "evidence_summary": {
    "docs_only": 0,
    "fixture": 0,
    "formal": 0,
    "mode": "advisory",
    "model": 0,
    "probe": 0,
    "property": 0
  },
  "input_hash": "5169d25370c07d83549228d071cac287c73005744fd91e5b5b912208c8c7f0e3",
  "issues": [],
  "layout": "cairn",
  "policy": "cairn-default",
  "policy_hash": "a210ed841d260e0bf026f3c67ec810216b6409cfe6036f9132b51cc4e3176618",
  "receipt_hash": "471f46813029a24b44e74c70a44854ba566b2311312e38b876ca573a1655bdd7",
  "stage": "design",
  "valid": true,
  "verdict": "PASS"
}
exit_status=0
