command=nix run .#cairn -- gate tasks add-schedule-hygiene-gates --root .
cwd=/home/brittonr/git/mc
{
  "change": "add-schedule-hygiene-gates",
  "evidence_summary": {
    "docs_only": 0,
    "fixture": 0,
    "formal": 0,
    "mode": "advisory",
    "model": 0,
    "probe": 0,
    "property": 0
  },
  "input_hash": "2fe42d1a7603e79a87f3ae9df56bdde5e76e5207d8906ec0d3da50ed34226438",
  "issues": [],
  "layout": "cairn",
  "policy": "cairn-default",
  "policy_hash": "a210ed841d260e0bf026f3c67ec810216b6409cfe6036f9132b51cc4e3176618",
  "receipt_hash": "cfb13fe4bb74e187fe4957fea168d820998dee1ae1a3e568570191e27fdd7ee8",
  "stage": "tasks",
  "valid": true,
  "verdict": "PASS"
}
exit_status=0
