
## validate
{
  "change_issues": [],
  "changes": 12,
  "issues": [],
  "layout": "cairn",
  "policy": "cairn-default",
  "spec_issues": [],
  "specs_validated": 17,
  "valid": true
}
step=validate exit_status=0

## gate-proposal
{
  "change": "add-event-loop-phase-system-sets",
  "evidence_summary": {
    "docs_only": 0,
    "fixture": 0,
    "formal": 0,
    "mode": "advisory",
    "model": 0,
    "probe": 0,
    "property": 0
  },
  "input_hash": "1359c5da7ecc715d85ef2bca633034ae92b090434911666f9153a5e967283aaf",
  "issues": [],
  "layout": "cairn",
  "policy": "cairn-default",
  "policy_hash": "a210ed841d260e0bf026f3c67ec810216b6409cfe6036f9132b51cc4e3176618",
  "receipt_hash": "defa740c37cc40b42b0372a0489fb32d9ba261169a6cdb1be448d55851265445",
  "stage": "proposal",
  "valid": true,
  "verdict": "PASS"
}
step=gate-proposal exit_status=0

## gate-design
{
  "change": "add-event-loop-phase-system-sets",
  "evidence_summary": {
    "docs_only": 0,
    "fixture": 0,
    "formal": 0,
    "mode": "advisory",
    "model": 0,
    "probe": 0,
    "property": 0
  },
  "input_hash": "ca2f2d494a84564660cd82ab4039826a27e176c7cb8d29ae14f49b7e35eb8f5d",
  "issues": [],
  "layout": "cairn",
  "policy": "cairn-default",
  "policy_hash": "a210ed841d260e0bf026f3c67ec810216b6409cfe6036f9132b51cc4e3176618",
  "receipt_hash": "8ddb80e659b48bd8aac2fdd9d3a55b2a8d726a6148f90e20a2693f236488a88f",
  "stage": "design",
  "valid": true,
  "verdict": "PASS"
}
step=gate-design exit_status=0

## gate-tasks
{
  "change": "add-event-loop-phase-system-sets",
  "evidence_summary": {
    "docs_only": 0,
    "fixture": 0,
    "formal": 0,
    "mode": "advisory",
    "model": 0,
    "probe": 0,
    "property": 0
  },
  "input_hash": "257dcbc08de58e06e799fc6966c19475f883cc417b6c73e200408d725034691b",
  "issues": [],
  "layout": "cairn",
  "policy": "cairn-default",
  "policy_hash": "a210ed841d260e0bf026f3c67ec810216b6409cfe6036f9132b51cc4e3176618",
  "receipt_hash": "8e3f33adc304fe47e5655c2d5c15a2152c2ffe0be2094f162eb066f821f7a132",
  "stage": "tasks",
  "valid": true,
  "verdict": "PASS"
}
step=gate-tasks exit_status=0
exit_status=0
