command=nix run .#cairn -- archive add-schedule-hygiene-gates --root .
cwd=/home/brittonr/git/mc
{
  "actions": [
    {
      "description": "move active change to archive: add-schedule-hygiene-gates",
      "kind": "archive_change",
      "path": "./cairn/changes/add-schedule-hygiene-gates"
    }
  ],
  "blocked": false,
  "change": "add-schedule-hygiene-gates",
  "dry_run": true,
  "input_hash": "66cdffa142d8a9ed6ca9e3817aa4efd92872d273882ad07a610cca0438b0c4cc",
  "layout": "cairn",
  "mutated": false,
  "mutation_manifest": null,
  "plan_hash": "b1d40764b6401d2437363c4dc63d6a399b0827706e99f383232dd1da902b31d3",
  "policy": "cairn-default",
  "policy_hash": "a210ed841d260e0bf026f3c67ec810216b6409cfe6036f9132b51cc4e3176618",
  "reasons": [],
  "receipt_hash": "9b7f13a84d58414245a38c921d0668042df6b6af45e8fea3554a15f1129b8cc4"
}
exit_status=0
