# add-cached-chunk-egress-pipeline sync execute
cwd=/home/brittonr/git/mc
command: nix run .#cairn -- sync add-cached-chunk-egress-pipeline --root . --execute
{
  "actions": [
    {
      "description": "merge delta spec into main specs: ./cairn/changes/add-cached-chunk-egress-pipeline/specs/valence-hyperion-integration/spec.md",
      "kind": "sync_delta_spec",
      "path": "./cairn/changes/add-cached-chunk-egress-pipeline/specs/valence-hyperion-integration/spec.md"
    }
  ],
  "blocked": false,
  "change": "add-cached-chunk-egress-pipeline",
  "delta_specs": [
    "./cairn/changes/add-cached-chunk-egress-pipeline/specs/valence-hyperion-integration/spec.md"
  ],
  "dry_run": false,
  "input_hash": "d4c33024cc05e532f4ffccefb004e7f4932c78d2e3b703c9062bbd88f7317a1e",
  "layout": "cairn",
  "mutated": true,
  "mutation_manifest": {
    "after": {
      "entries": [
        {
          "content_hash": "d512a723538d2b7406ec895d51e62dbd036de476b43038f4610a8ed1fc17618e",
          "exists": true,
          "path": "./cairn/specs/valence-hyperion-integration/spec.md"
        }
      ],
      "manifest_hash": "ca725de9da3c3a43d9bcf75a28d1747109358f67493a1533289b1615123acf5b"
    },
    "before": {
      "entries": [
        {
          "content_hash": "d512a723538d2b7406ec895d51e62dbd036de476b43038f4610a8ed1fc17618e",
          "exists": true,
          "path": "./cairn/specs/valence-hyperion-integration/spec.md"
        }
      ],
      "manifest_hash": "ca725de9da3c3a43d9bcf75a28d1747109358f67493a1533289b1615123acf5b"
    },
    "kind": "sync",
    "manifest_hash": "e2cb3f214f49486ba5a1b8c854a6985eb236f894b44c0e97c1a5059e62060277"
  },
  "plan_hash": "652683853f4588c1b8e75e0e56bed5e44c434d1e3700fc803c05442934c1b5c5",
  "policy": "cairn-default",
  "policy_hash": "a210ed841d260e0bf026f3c67ec810216b6409cfe6036f9132b51cc4e3176618",
  "reasons": [],
  "receipt_hash": "2f70dea5e4fb050d3286779ca12edd54556371e49eceb2fc738c9e9c95ed1188"
}
sync_execute_exit_status=0
exit_status=0
