command=nix run .#cairn -- gate tasks add-valence-tick-scheduler --root .
{
  "change": "add-valence-tick-scheduler",
  "evidence_summary": {
    "docs_only": 0,
    "fixture": 0,
    "formal": 0,
    "mode": "advisory",
    "model": 0,
    "probe": 0,
    "property": 0
  },
  "input_hash": "476d2a8f6f6d59fb77adb49f6154a7670e6f90dfed7b8cbd4a534bddbd0dddb3",
  "issues": [],
  "layout": "cairn",
  "policy": "cairn-default",
  "policy_hash": "a210ed841d260e0bf026f3c67ec810216b6409cfe6036f9132b51cc4e3176618",
  "receipt_hash": "a34fa38450ec6d87f10651a427da6cff1e4986862cdfcc369f8ccbdd12dff030",
  "stage": "tasks",
  "valid": true,
  "verdict": "PASS"
}

exit_status=0
