command=nix run .#cairn -- gate proposal add-core-plugin-system-set-contracts --root . 
{
  "change": "add-core-plugin-system-set-contracts",
  "evidence_summary": {
    "docs_only": 0,
    "fixture": 0,
    "formal": 0,
    "mode": "advisory",
    "model": 0,
    "probe": 0,
    "property": 0
  },
  "input_hash": "fdde9fde6f08b738a379d454eda597aeedc4569c9eca7676c7f54085c0a6c7b6",
  "issues": [],
  "layout": "cairn",
  "policy": "cairn-default",
  "policy_hash": "a210ed841d260e0bf026f3c67ec810216b6409cfe6036f9132b51cc4e3176618",
  "receipt_hash": "f142776688fbaff14a453dd21501f6b24b703a20447a28a390c97c2a1205d2a8",
  "stage": "proposal",
  "valid": true,
  "verdict": "PASS"
}
exit_status=0
