# add-cached-chunk-egress-pipeline final Cairn gates
cwd=/home/brittonr/git/mc
command: nix run .#cairn -- gate proposal add-cached-chunk-egress-pipeline --root .
{
  "change": "add-cached-chunk-egress-pipeline",
  "evidence_summary": {
    "docs_only": 0,
    "fixture": 0,
    "formal": 0,
    "mode": "advisory",
    "model": 0,
    "probe": 0,
    "property": 0
  },
  "input_hash": "70a24f885802df8644bdda9c881bc111bb22ac7cb332d52471b70a6cea241ab6",
  "issues": [],
  "layout": "cairn",
  "policy": "cairn-default",
  "policy_hash": "a210ed841d260e0bf026f3c67ec810216b6409cfe6036f9132b51cc4e3176618",
  "receipt_hash": "08751e45913f2c2a4c44cce2ff4683117e09058a6039f60ad83f2d80f0d3338b",
  "stage": "proposal",
  "valid": true,
  "verdict": "PASS"
}
proposal_exit_status=0
command: nix run .#cairn -- gate design add-cached-chunk-egress-pipeline --root .
{
  "change": "add-cached-chunk-egress-pipeline",
  "evidence_summary": {
    "docs_only": 0,
    "fixture": 0,
    "formal": 0,
    "mode": "advisory",
    "model": 0,
    "probe": 0,
    "property": 0
  },
  "input_hash": "5f10615ecbbf4965f53827474f0d94ee6934f2b5ff496f2283c4ff42ffcee230",
  "issues": [],
  "layout": "cairn",
  "policy": "cairn-default",
  "policy_hash": "a210ed841d260e0bf026f3c67ec810216b6409cfe6036f9132b51cc4e3176618",
  "receipt_hash": "dec620f5d1e47ea4d37405eab5725e971fa456554266a70cf5ea1534d380093d",
  "stage": "design",
  "valid": true,
  "verdict": "PASS"
}
design_exit_status=0
command: nix run .#cairn -- gate tasks add-cached-chunk-egress-pipeline --root .
{
  "change": "add-cached-chunk-egress-pipeline",
  "evidence_summary": {
    "docs_only": 0,
    "fixture": 0,
    "formal": 0,
    "mode": "advisory",
    "model": 0,
    "probe": 0,
    "property": 0
  },
  "input_hash": "d7b36633126d7281887f2e15b2525e3c5ee3a78ef49150fc50a013bfe494ebb9",
  "issues": [],
  "layout": "cairn",
  "policy": "cairn-default",
  "policy_hash": "a210ed841d260e0bf026f3c67ec810216b6409cfe6036f9132b51cc4e3176618",
  "receipt_hash": "7111592c335b449cc2679f331eb2067652c5ac7ec419ff51dd4d93159c4ab8a1",
  "stage": "tasks",
  "valid": true,
  "verdict": "PASS"
}
tasks_exit_status=0
command: nix run .#cairn -- validate --root .
{
  "change_issues": [],
  "changes": 17,
  "issues": [],
  "layout": "cairn",
  "policy": "cairn-default",
  "spec_issues": [],
  "specs_validated": 21,
  "valid": true
}
validate_exit_status=0
exit_status=0
