command=nix run .#cairn -- sync add-observability-profiling-hooks --root . --execute
cwd=/home/brittonr/git/mc

{
  "actions": [
    {
      "description": "merge delta spec into main specs: ./cairn/changes/add-observability-profiling-hooks/specs/valence-hyperion-integration/spec.md",
      "kind": "sync_delta_spec",
      "path": "./cairn/changes/add-observability-profiling-hooks/specs/valence-hyperion-integration/spec.md"
    }
  ],
  "blocked": false,
  "change": "add-observability-profiling-hooks",
  "delta_specs": [
    "./cairn/changes/add-observability-profiling-hooks/specs/valence-hyperion-integration/spec.md"
  ],
  "dry_run": false,
  "input_hash": "2809e74803abeda56ebf7188588ab0401121977fed5c2e60dafa2577b2051608",
  "layout": "cairn",
  "mutated": true,
  "mutation_manifest": {
    "after": {
      "entries": [
        {
          "content_hash": "a6cbdabd1f659590cbede3925455459328e553dffe0a14058f1846414bf85c16",
          "exists": true,
          "path": "./cairn/specs/valence-hyperion-integration/spec.md"
        }
      ],
      "manifest_hash": "c6ad051d9fd577408bb33d64ec9f3d63897bdecd8eb39a431dc112de9c41e220"
    },
    "before": {
      "entries": [
        {
          "content_hash": "a6cbdabd1f659590cbede3925455459328e553dffe0a14058f1846414bf85c16",
          "exists": true,
          "path": "./cairn/specs/valence-hyperion-integration/spec.md"
        }
      ],
      "manifest_hash": "c6ad051d9fd577408bb33d64ec9f3d63897bdecd8eb39a431dc112de9c41e220"
    },
    "kind": "sync",
    "manifest_hash": "5206e241602e3c5cea9b35a70c583d2e8422101b00ee1076d2c56e69da96fab4"
  },
  "plan_hash": "dd01535d8aa6c4ddd8cefb2d77338dc8b3c709f6d587762215eb6e5b9244a39a",
  "policy": "cairn-default",
  "policy_hash": "a210ed841d260e0bf026f3c67ec810216b6409cfe6036f9132b51cc4e3176618",
  "reasons": [],
  "receipt_hash": "69fa36717b034774661ee8d756cfbb138c0ccf22d7f17362a1afe9109b73cc73"
}

exit_status=0
