$ nix run .#cairn -- archive add-hyperion-derived-load-tools --root .
{
  "actions": [
    {
      "description": "move active change to archive: add-hyperion-derived-load-tools",
      "kind": "archive_change",
      "path": "./cairn/changes/add-hyperion-derived-load-tools"
    }
  ],
  "blocked": false,
  "change": "add-hyperion-derived-load-tools",
  "dry_run": true,
  "input_hash": "18f6f760d17bced913716499bbaebf9d5af3ad22aa9395e4fae16c7a050d55e3",
  "layout": "cairn",
  "mutated": false,
  "mutation_manifest": null,
  "plan_hash": "796f9ab16f97d277d99cb8d9bd430c824bf7d87c1c3cd948b489f1c4d9d629d9",
  "policy": "cairn-default",
  "policy_hash": "a210ed841d260e0bf026f3c67ec810216b6409cfe6036f9132b51cc4e3176618",
  "reasons": [],
  "receipt_hash": "e376fe1e4a4c7f1ed219b1f3f70fa5d8c4df33efae5dd3bd537c2bce7bd2262d"
}
command=nix run .#cairn -- archive add-hyperion-derived-load-tools --root .
exit_status=0
