$ nix run .#cairn -- sync add-hyperion-derived-load-tools --root .
{
  "actions": [
    {
      "description": "merge delta spec into main specs: ./cairn/changes/add-hyperion-derived-load-tools/specs/valence-hyperion-integration/spec.md",
      "kind": "sync_delta_spec",
      "path": "./cairn/changes/add-hyperion-derived-load-tools/specs/valence-hyperion-integration/spec.md"
    }
  ],
  "blocked": false,
  "change": "add-hyperion-derived-load-tools",
  "delta_specs": [
    "./cairn/changes/add-hyperion-derived-load-tools/specs/valence-hyperion-integration/spec.md"
  ],
  "dry_run": true,
  "input_hash": "18f6f760d17bced913716499bbaebf9d5af3ad22aa9395e4fae16c7a050d55e3",
  "layout": "cairn",
  "mutated": false,
  "mutation_manifest": null,
  "plan_hash": "29cf9099837431defc6809ee15c6ac19b559c2fa05227248a621d4a6a827050e",
  "policy": "cairn-default",
  "policy_hash": "a210ed841d260e0bf026f3c67ec810216b6409cfe6036f9132b51cc4e3176618",
  "reasons": [],
  "receipt_hash": "aa4f5e510c0fe7ee70bc6e91c544ed15179c277de43d7bed9aa8d5cf9ae84401"
}
command=nix run .#cairn -- sync add-hyperion-derived-load-tools --root .
exit_status=0
