command=nix run .#cairn -- archive add-observability-profiling-hooks --root .
cwd=/home/brittonr/git/mc

{
  "actions": [
    {
      "description": "move active change to archive: add-observability-profiling-hooks",
      "kind": "archive_change",
      "path": "./cairn/changes/add-observability-profiling-hooks"
    }
  ],
  "blocked": false,
  "change": "add-observability-profiling-hooks",
  "dry_run": true,
  "input_hash": "2809e74803abeda56ebf7188588ab0401121977fed5c2e60dafa2577b2051608",
  "layout": "cairn",
  "mutated": false,
  "mutation_manifest": null,
  "plan_hash": "c0dafd858466eefaf0e547f27d5086f3c6d2f870b5133227a1efc1f2b64e8126",
  "policy": "cairn-default",
  "policy_hash": "a210ed841d260e0bf026f3c67ec810216b6409cfe6036f9132b51cc4e3176618",
  "reasons": [],
  "receipt_hash": "3a522b53044d1459c8a21e06e6e087c9f7d9a622ab8193d999c83f7cf9040124"
}

exit_status=0
