# add-cached-chunk-egress-pipeline archive dry-run
cwd=/home/brittonr/git/mc
command: nix run .#cairn -- archive add-cached-chunk-egress-pipeline --root .
{
  "actions": [
    {
      "description": "move active change to archive: add-cached-chunk-egress-pipeline",
      "kind": "archive_change",
      "path": "./cairn/changes/add-cached-chunk-egress-pipeline"
    }
  ],
  "blocked": false,
  "change": "add-cached-chunk-egress-pipeline",
  "dry_run": true,
  "input_hash": "d4c33024cc05e532f4ffccefb004e7f4932c78d2e3b703c9062bbd88f7317a1e",
  "layout": "cairn",
  "mutated": false,
  "mutation_manifest": null,
  "plan_hash": "b32bd156290a202c41469908f43a330658e53d6c25a5156f1f0b3603feb4cb17",
  "policy": "cairn-default",
  "policy_hash": "a210ed841d260e0bf026f3c67ec810216b6409cfe6036f9132b51cc4e3176618",
  "reasons": [],
  "receipt_hash": "16506750e1219bacfca5274f6cd803092875194f9e32f1240a5ecbccdf680a37"
}
archive_dry_run_exit_status=0
exit_status=0
