# add-cached-chunk-egress-pipeline pre-implementation Cairn gates
cwd=/home/brittonr/git/mc
command: nix run .#cairn -- gate proposal add-cached-chunk-egress-pipeline --root .
{
  "change": "add-cached-chunk-egress-pipeline",
  "evidence_summary": {
    "docs_only": 0,
    "fixture": 0,
    "formal": 0,
    "mode": "advisory",
    "model": 0,
    "probe": 0,
    "property": 0
  },
  "input_hash": "76d0f9f9dd25f6726bb56f1cb155d16675b79ecc4d4e6682c4dd5ed159d860a1",
  "issues": [],
  "layout": "cairn",
  "policy": "cairn-default",
  "policy_hash": "a210ed841d260e0bf026f3c67ec810216b6409cfe6036f9132b51cc4e3176618",
  "receipt_hash": "fa907a79aead122dd684a6d2d471092e23aa26e4f74aed4dc76bdb25a05d0efd",
  "stage": "proposal",
  "valid": true,
  "verdict": "PASS"
}
proposal_exit_status=0
command: nix run .#cairn -- gate design add-cached-chunk-egress-pipeline --root .
{
  "change": "add-cached-chunk-egress-pipeline",
  "evidence_summary": {
    "docs_only": 0,
    "fixture": 0,
    "formal": 0,
    "mode": "advisory",
    "model": 0,
    "probe": 0,
    "property": 0
  },
  "input_hash": "3f5f9ec742d36447bae8ba9e7c433b556ec5075d052f1f2217159e9de2f1910d",
  "issues": [],
  "layout": "cairn",
  "policy": "cairn-default",
  "policy_hash": "a210ed841d260e0bf026f3c67ec810216b6409cfe6036f9132b51cc4e3176618",
  "receipt_hash": "a962630f7c8d2ec573d2fa8fb22e442484b32769328c571db062d5fed08c224c",
  "stage": "design",
  "valid": true,
  "verdict": "PASS"
}
design_exit_status=0
command: nix run .#cairn -- gate tasks add-cached-chunk-egress-pipeline --root .
{
  "change": "add-cached-chunk-egress-pipeline",
  "evidence_summary": {
    "docs_only": 0,
    "fixture": 0,
    "formal": 0,
    "mode": "advisory",
    "model": 0,
    "probe": 0,
    "property": 0
  },
  "input_hash": "7f0ceee706c2bb42ed7681e2cca36c35485a1bc313b26dd0dae3b946a6265a3b",
  "issues": [],
  "layout": "cairn",
  "policy": "cairn-default",
  "policy_hash": "a210ed841d260e0bf026f3c67ec810216b6409cfe6036f9132b51cc4e3176618",
  "receipt_hash": "6d8332c124264f2a2812ae2649f0af4332397fdec234977b50a2f0f1567a4364",
  "stage": "tasks",
  "valid": true,
  "verdict": "PASS"
}
tasks_exit_status=0
command: nix run .#cairn -- validate --root .
{
  "change_issues": [],
  "changes": 17,
  "issues": [],
  "layout": "cairn",
  "policy": "cairn-default",
  "spec_issues": [],
  "specs_validated": 21,
  "valid": true
}
validate_exit_status=0
exit_status=0
