## cairn archive dry-run
command=nix run .#cairn -- archive add-repository-layout-guard --root .
{
  "actions": [
    {
      "description": "move active change to archive: add-repository-layout-guard",
      "kind": "archive_change",
      "path": "./cairn/changes/add-repository-layout-guard"
    }
  ],
  "blocked": false,
  "change": "add-repository-layout-guard",
  "dry_run": true,
  "input_hash": "47e1f5730b3e08e3407d454a2684536d63de4de6cc14e10b7d80d64241d3cc55",
  "layout": "cairn",
  "mutated": false,
  "mutation_manifest": null,
  "plan_hash": "84b01099f7c53f0312eb9962ac35f4639e7e842e3240f1e392c9f8ee5405af1a",
  "policy": "cairn-default",
  "policy_hash": "a210ed841d260e0bf026f3c67ec810216b6409cfe6036f9132b51cc4e3176618",
  "reasons": [],
  "receipt_hash": "6655471aa470fe0e318ece22ba2df2affb78d8991e7f002f859e421e654118d6"
}
exit_status=0
