command=nix run .#cairn -- archive add-core-plugin-system-set-contracts --root .
{
  "actions": [
    {
      "description": "move active change to archive: add-core-plugin-system-set-contracts",
      "kind": "archive_change",
      "path": "./cairn/changes/add-core-plugin-system-set-contracts"
    }
  ],
  "blocked": false,
  "change": "add-core-plugin-system-set-contracts",
  "dry_run": true,
  "input_hash": "70aeed9c0aeef88b6f1c4d0570ca01e8f1a75521987866c7f195c118a369f473",
  "layout": "cairn",
  "mutated": false,
  "mutation_manifest": null,
  "plan_hash": "703a17b238df74588e6706683f3784967203520ac44c452a84d591d06b245724",
  "policy": "cairn-default",
  "policy_hash": "a210ed841d260e0bf026f3c67ec810216b6409cfe6036f9132b51cc4e3176618",
  "reasons": [],
  "receipt_hash": "fbba3a22bb98f96337f13c4b4ab76c4063fdb31e7fce4473bf803bf7340f74a2"
}
exit_status=0
