command=nix run .#cairn -- gate design add-observability-profiling-hooks --root .
cwd=/home/brittonr/git/mc

{
  "change": "add-observability-profiling-hooks",
  "evidence_summary": {
    "docs_only": 0,
    "fixture": 0,
    "formal": 0,
    "mode": "advisory",
    "model": 0,
    "probe": 0,
    "property": 0
  },
  "input_hash": "ed6fdd985a64acdc59754736952364b2418206e8974ef3abe78bac4598968475",
  "issues": [],
  "layout": "cairn",
  "policy": "cairn-default",
  "policy_hash": "a210ed841d260e0bf026f3c67ec810216b6409cfe6036f9132b51cc4e3176618",
  "receipt_hash": "5d0db197ff3f05c9ee44d74ad19eae6194f18f24669d84e0e5543c81cd4646ad",
  "stage": "design",
  "valid": true,
  "verdict": "PASS"
}

exit_status=0
