command=nix run .#cairn -- gate tasks adopt-tick-scheduler-for-valence-gameplay-delays --root .
{
  "change": "adopt-tick-scheduler-for-valence-gameplay-delays",
  "evidence_summary": {
    "docs_only": 0,
    "fixture": 0,
    "formal": 0,
    "mode": "advisory",
    "model": 0,
    "probe": 0,
    "property": 0
  },
  "input_hash": "b6c73296f4ad119f0c4266f27853dbcccbd83c32b49e3462aced10041e0af2c4",
  "issues": [],
  "layout": "cairn",
  "policy": "cairn-default",
  "policy_hash": "a210ed841d260e0bf026f3c67ec810216b6409cfe6036f9132b51cc4e3176618",
  "receipt_hash": "194b5443f5dc89d09cad2eb54797e446fa59f9d5505bd2972513bd456d3bdb95",
  "stage": "tasks",
  "valid": true,
  "verdict": "PASS"
}
exit_status=0
