command=nix run .#cairn -- archive adopt-tick-scheduler-for-valence-gameplay-delays --root .
{
  "actions": [
    {
      "description": "move active change to archive: adopt-tick-scheduler-for-valence-gameplay-delays",
      "kind": "archive_change",
      "path": "./cairn/changes/adopt-tick-scheduler-for-valence-gameplay-delays"
    }
  ],
  "blocked": false,
  "change": "adopt-tick-scheduler-for-valence-gameplay-delays",
  "dry_run": true,
  "input_hash": "1e09112cace743c1627857d6d081ac2b4627dfc040a0d797a929dce078a63dcb",
  "layout": "cairn",
  "mutated": false,
  "mutation_manifest": null,
  "plan_hash": "a956b187eaf75074559534c6e0934d87a81f075f1c6bb82f01e4dd446dc8b629",
  "policy": "cairn-default",
  "policy_hash": "a210ed841d260e0bf026f3c67ec810216b6409cfe6036f9132b51cc4e3176618",
  "reasons": [],
  "receipt_hash": "c9b47cf816ab971f368f1e2e929c981cd14023b9431ebb72a0c4c7eecf32aefc"
}
exit_status=0
