command=nix run .#cairn -- gate proposal adopt-tick-scheduler-for-valence-gameplay-delays --root .
{
  "change": "adopt-tick-scheduler-for-valence-gameplay-delays",
  "evidence_summary": {
    "docs_only": 0,
    "fixture": 0,
    "formal": 0,
    "mode": "advisory",
    "model": 0,
    "probe": 0,
    "property": 0
  },
  "input_hash": "5b3513ca29f3aeba9349a82581400208012e8d32267c77650eb2618d6caf8a55",
  "issues": [],
  "layout": "cairn",
  "policy": "cairn-default",
  "policy_hash": "a210ed841d260e0bf026f3c67ec810216b6409cfe6036f9132b51cc4e3176618",
  "receipt_hash": "c93b533a5127cfa0b95283a0a67222fb9bf8701c421524c00a33a8863a7518e5",
  "stage": "proposal",
  "valid": true,
  "verdict": "PASS"
}
exit_status=0
