command=nix run .#cairn -- gate design adopt-tick-scheduler-for-valence-gameplay-delays --root .
{
  "change": "adopt-tick-scheduler-for-valence-gameplay-delays",
  "evidence_summary": {
    "docs_only": 0,
    "fixture": 0,
    "formal": 0,
    "mode": "advisory",
    "model": 0,
    "probe": 0,
    "property": 0
  },
  "input_hash": "6caa554b77a6872974258aefbd348869a7036bfcd81bb60400204d77c3dc83bf",
  "issues": [],
  "layout": "cairn",
  "policy": "cairn-default",
  "policy_hash": "a210ed841d260e0bf026f3c67ec810216b6409cfe6036f9132b51cc4e3176618",
  "receipt_hash": "26deb92f8f50997adaa51ebab267c06646228bb08e61b14ded6dee0f1d8ece34",
  "stage": "design",
  "valid": true,
  "verdict": "PASS"
}
exit_status=0
