command=nix run .#cairn -- gate tasks adopt-tick-scheduler-for-valence-gameplay-delays --root .
error (ignored): SQLite database '/home/brittonr/.cache/nix/eval-cache-v6/5af57de9386e98f614008089f40611b6d62cbc985602cf4f088e92d6dd4f2dfa.sqlite' is busy
{
  "change": "adopt-tick-scheduler-for-valence-gameplay-delays",
  "evidence_summary": {
    "docs_only": 0,
    "fixture": 0,
    "formal": 0,
    "mode": "advisory",
    "model": 0,
    "probe": 0,
    "property": 0
  },
  "input_hash": "c24bd7c5ac160350f421dac20f2c656300e0970e1d225e5a42cea33c50330be7",
  "issues": [],
  "layout": "cairn",
  "policy": "cairn-default",
  "policy_hash": "a210ed841d260e0bf026f3c67ec810216b6409cfe6036f9132b51cc4e3176618",
  "receipt_hash": "5100269fa260d507d8ca18ad8c8924c852d61aebe0e69734752e5dabe3c7b47f",
  "stage": "tasks",
  "valid": true,
  "verdict": "PASS"
}
exit_status=0
