command=CAIRN_ARCHIVE_DATE=2026-06-25 nix run .#cairn -- archive adopt-tick-scheduler-for-valence-gameplay-delays --root . --execute
{
  "actions": [
    {
      "description": "move active change to archive: adopt-tick-scheduler-for-valence-gameplay-delays",
      "kind": "archive_change",
      "path": "./cairn/archive/2026-06-25-adopt-tick-scheduler-for-valence-gameplay-delays"
    }
  ],
  "blocked": false,
  "change": "adopt-tick-scheduler-for-valence-gameplay-delays",
  "dry_run": false,
  "input_hash": "1e09112cace743c1627857d6d081ac2b4627dfc040a0d797a929dce078a63dcb",
  "layout": "cairn",
  "mutated": true,
  "mutation_manifest": {
    "after": {
      "entries": [
        {
          "content_hash": "343fd747126d6352c12d256d0de645507c08977a08e90f3f0cf2452ae4a4eab3",
          "exists": true,
          "path": "./cairn/archive/2026-06-25-adopt-tick-scheduler-for-valence-gameplay-delays/design.md"
        },
        {
          "content_hash": "1c3be85246cd626eb3f7d1523ac7ce5ff925891abbae85fcdfc318719a205beb",
          "exists": true,
          "path": "./cairn/archive/2026-06-25-adopt-tick-scheduler-for-valence-gameplay-delays/proposal.md"
        },
        {
          "content_hash": "797430de6574b4a7e37c0a8838fd3987dc537ce2ff9e0fcdec2a05bba0c3eaae",
          "exists": true,
          "path": "./cairn/archive/2026-06-25-adopt-tick-scheduler-for-valence-gameplay-delays/specs/valence-bevy-ecs/spec.md"
        },
        {
          "content_hash": "56f2fe298b57fa7cf80aa314b26862e4bafd8d852042b3e419bd8e1ae40864e6",
          "exists": true,
          "path": "./cairn/archive/2026-06-25-adopt-tick-scheduler-for-valence-gameplay-delays/tasks.md"
        },
        {
          "content_hash": null,
          "exists": false,
          "path": "./cairn/changes/adopt-tick-scheduler-for-valence-gameplay-delays"
        }
      ],
      "manifest_hash": "55331248b048105e570129a55eae7aaf7ae933423ac2b71d5e4d8aaa489192d4"
    },
    "before": {
      "entries": [
        {
          "content_hash": "343fd747126d6352c12d256d0de645507c08977a08e90f3f0cf2452ae4a4eab3",
          "exists": true,
          "path": "./cairn/changes/adopt-tick-scheduler-for-valence-gameplay-delays/design.md"
        },
        {
          "content_hash": "1c3be85246cd626eb3f7d1523ac7ce5ff925891abbae85fcdfc318719a205beb",
          "exists": true,
          "path": "./cairn/changes/adopt-tick-scheduler-for-valence-gameplay-delays/proposal.md"
        },
        {
          "content_hash": "797430de6574b4a7e37c0a8838fd3987dc537ce2ff9e0fcdec2a05bba0c3eaae",
          "exists": true,
          "path": "./cairn/changes/adopt-tick-scheduler-for-valence-gameplay-delays/specs/valence-bevy-ecs/spec.md"
        },
        {
          "content_hash": "56f2fe298b57fa7cf80aa314b26862e4bafd8d852042b3e419bd8e1ae40864e6",
          "exists": true,
          "path": "./cairn/changes/adopt-tick-scheduler-for-valence-gameplay-delays/tasks.md"
        }
      ],
      "manifest_hash": "8d010eeb78896639f33261ee28c4e5dd65fbd361fb1a000567b5572c3d3661bb"
    },
    "kind": "archive",
    "manifest_hash": "95204aff1939e642babd3ef4a6a538264956a6cd49323f4a0575d5cdc5d4a0e3"
  },
  "plan_hash": "bb836435644caa86dc8244427cb12714dadca86e8b009e190afb8ac55c8cc070",
  "policy": "cairn-default",
  "policy_hash": "a210ed841d260e0bf026f3c67ec810216b6409cfe6036f9132b51cc4e3176618",
  "reasons": [],
  "receipt_hash": "8dd8b2f264739eae731dbeabb523d8ab13fd7f3411a67b01af6c437b45fab473"
}
exit_status=0
