command=nix run .#cairn -- sync adopt-tick-scheduler-for-valence-gameplay-delays --root . --execute
{
  "actions": [
    {
      "description": "merge delta spec into main specs: ./cairn/changes/adopt-tick-scheduler-for-valence-gameplay-delays/specs/valence-bevy-ecs/spec.md",
      "kind": "sync_delta_spec",
      "path": "./cairn/changes/adopt-tick-scheduler-for-valence-gameplay-delays/specs/valence-bevy-ecs/spec.md"
    }
  ],
  "blocked": false,
  "change": "adopt-tick-scheduler-for-valence-gameplay-delays",
  "delta_specs": [
    "./cairn/changes/adopt-tick-scheduler-for-valence-gameplay-delays/specs/valence-bevy-ecs/spec.md"
  ],
  "dry_run": false,
  "input_hash": "1e09112cace743c1627857d6d081ac2b4627dfc040a0d797a929dce078a63dcb",
  "layout": "cairn",
  "mutated": true,
  "mutation_manifest": {
    "after": {
      "entries": [
        {
          "content_hash": "0502089b7510f2599df0e561359feba736e48cfafc14eb90ccda5440f45f64f3",
          "exists": true,
          "path": "./cairn/specs/valence-bevy-ecs/spec.md"
        }
      ],
      "manifest_hash": "07e0f750def3357caa163728e9fa409c0340e8b31d126bb68d4b117779f0285b"
    },
    "before": {
      "entries": [
        {
          "content_hash": "0502089b7510f2599df0e561359feba736e48cfafc14eb90ccda5440f45f64f3",
          "exists": true,
          "path": "./cairn/specs/valence-bevy-ecs/spec.md"
        }
      ],
      "manifest_hash": "07e0f750def3357caa163728e9fa409c0340e8b31d126bb68d4b117779f0285b"
    },
    "kind": "sync",
    "manifest_hash": "e51eeb597ca4cb1ccda00a50830fa8d2d7fc075ca8b9d13ea89f1608d01de46c"
  },
  "plan_hash": "4a95bb7d6f3a8219e898c6ce5ee872f67ed56c169fa04f9731fb32407d6b5aa6",
  "policy": "cairn-default",
  "policy_hash": "a210ed841d260e0bf026f3c67ec810216b6409cfe6036f9132b51cc4e3176618",
  "reasons": [],
  "receipt_hash": "3eb3e1bcf3160453e4bed03f759134e494629313c9591f30b0c1c28d7dfb16f8"
}
exit_status=0
