command=nix run .#cairn -- gate design adopt-tick-scheduler-for-valence-gameplay-delays --root .
error (ignored): SQLite database '/home/brittonr/.cache/nix/eval-cache-v6/5af57de9386e98f614008089f40611b6d62cbc985602cf4f088e92d6dd4f2dfa.sqlite' is busy
{
  "change": "adopt-tick-scheduler-for-valence-gameplay-delays",
  "evidence_summary": {
    "docs_only": 0,
    "fixture": 0,
    "formal": 0,
    "mode": "advisory",
    "model": 0,
    "probe": 0,
    "property": 0
  },
  "input_hash": "374b28fb6202f198f2927ac58826e74e80a5777120ed631bd534b0f880c5f33b",
  "issues": [],
  "layout": "cairn",
  "policy": "cairn-default",
  "policy_hash": "a210ed841d260e0bf026f3c67ec810216b6409cfe6036f9132b51cc4e3176618",
  "receipt_hash": "b508e752e111127edb3492a46f2b4fa92bc0db6307b65812307fbe81a2859a7f",
  "stage": "design",
  "valid": true,
  "verdict": "PASS"
}
exit_status=0
