command=nix run .#cairn -- sync adopt-tick-scheduler-for-valence-gameplay-delays --root .
{
  "actions": [
    {
      "description": "merge delta spec into main specs: ./cairn/changes/adopt-tick-scheduler-for-valence-gameplay-delays/specs/valence-bevy-ecs/spec.md",
      "kind": "sync_delta_spec",
      "path": "./cairn/changes/adopt-tick-scheduler-for-valence-gameplay-delays/specs/valence-bevy-ecs/spec.md"
    }
  ],
  "blocked": false,
  "change": "adopt-tick-scheduler-for-valence-gameplay-delays",
  "delta_specs": [
    "./cairn/changes/adopt-tick-scheduler-for-valence-gameplay-delays/specs/valence-bevy-ecs/spec.md"
  ],
  "dry_run": true,
  "input_hash": "1e09112cace743c1627857d6d081ac2b4627dfc040a0d797a929dce078a63dcb",
  "layout": "cairn",
  "mutated": false,
  "mutation_manifest": null,
  "plan_hash": "43dc30e0f980d917082363cbd3aa52d57638bf52a29c3b5f144934aa4519f3f3",
  "policy": "cairn-default",
  "policy_hash": "a210ed841d260e0bf026f3c67ec810216b6409cfe6036f9132b51cc4e3176618",
  "reasons": [],
  "receipt_hash": "08d9d0d31c45d39687406327954183b525174a4baba0d7cdbc39e51b0fb1a042"
}
exit_status=0
