command=nix develop --no-update-lock-file /home/brittonr/git/mc -c cargo test -p valence_server tick_scheduler
mc compat shell: use 'mc-compat-runner --dry-run' or 'nix run .#mc-compat-smoke -- --run'
Stevenarella dev env: cargo/rustc/xvfb-run/OpenSSL/fontconfig/freetype/libxcb paths are available
OnixResearch tools are pinned over SSH: cairn, cargo-octet
Steel is available for repo scripts, e.g. steel scripts/ralph-drain-cairns.scm --self-test
    Blocking waiting for file lock on artifact directory
   Compiling smallvec v1.15.1
   Compiling futures-core v0.3.32
   Compiling tracing-core v0.1.36
   Compiling serde_json v1.0.149
   Compiling uuid v1.23.0
   Compiling getrandom v0.2.17
   Compiling bitflags v2.11.0
   Compiling serde v1.0.228
   Compiling percent-encoding v2.3.2
   Compiling futures-lite v2.6.1
   Compiling async-channel v2.5.0
   Compiling form_urlencoded v1.2.2
   Compiling rand_core v0.6.4
   Compiling icu_normalizer v2.2.0
   Compiling parking_lot_core v0.9.12
   Compiling rand_chacha v0.3.1
   Compiling tracing v0.1.44
   Compiling parking_lot v0.12.5
   Compiling rand v0.8.5
   Compiling hashbrown v0.14.5
   Compiling valence_ident v0.2.0-alpha.1+mc.1.20.1 (/home/brittonr/git/mc/servers/valence/crates/valence_ident)
   Compiling valence_nbt v0.8.0 (/home/brittonr/git/mc/servers/valence/crates/valence_nbt)
   Compiling idna_adapter v1.2.1
   Compiling idna v1.1.0
   Compiling async-executor v1.14.0
   Compiling url v2.5.8
   Compiling bevy_tasks v0.14.2
   Compiling bevy_utils v0.14.2
   Compiling valence_text v0.2.0-alpha.1+mc.1.20.1 (/home/brittonr/git/mc/servers/valence/crates/valence_text)
warning: unknown lint: `path_segment_repetition`
  --> crates/valence_text/src/color/mod.rs:12:9
   |
12 | #[allow(path_segment_repetition)]
   |         ^^^^^^^^^^^^^^^^^^^^^^^
   |
   = note: `#[warn(unknown_lints)]` on by default

warning: unknown lint: `path_segment_repetition`
  --> crates/valence_text/src/color/mod.rs:28:9
   |
28 | #[allow(path_segment_repetition)]
   |         ^^^^^^^^^^^^^^^^^^^^^^^

warning: unknown lint: `path_segment_repetition`
  --> crates/valence_text/src/color/mod.rs:41:9
   |
41 | #[allow(path_segment_repetition)]
   |         ^^^^^^^^^^^^^^^^^^^^^^^

warning: unknown lint: `path_segment_repetition`
  --> crates/valence_text/src/color/mod.rs:81:9
   |
81 | #[allow(path_segment_repetition)]
   |         ^^^^^^^^^^^^^^^^^^^^^^^

warning: unknown lint: `deref_polymorphism`
 --> crates/valence_text/src/ops.rs:2:9
  |
2 | #[allow(deref_polymorphism)]
  |         ^^^^^^^^^^^^^^^^^^

   Compiling bevy_ecs v0.14.2
   Compiling valence_generated v0.2.0-alpha.1+mc.1.20.1 (/home/brittonr/git/mc/servers/valence/crates/valence_generated)
   Compiling valence_entity v0.2.0-alpha.1+mc.1.20.1 (/home/brittonr/git/mc/servers/valence/crates/valence_entity)
warning: `valence_text` (lib) generated 5 warnings
   Compiling bevy_app v0.14.2
   Compiling valence_protocol v0.2.0-alpha.1+mc.1.20.1 (/home/brittonr/git/mc/servers/valence/crates/valence_protocol)
warning: method `packet_data_range` is never used
   --> crates/valence_protocol/src/decode.rs:192:8
    |
187 | impl PacketFrameLayout {
    | ---------------------- method in this implementation
...
192 |     fn packet_data_range(self) -> Range<usize> {
    |        ^^^^^^^^^^^^^^^^^
    |
    = note: `#[warn(dead_code)]` (part of `#[warn(unused)]`) on by default

   Compiling valence_server_common v0.2.0-alpha.1+mc.1.20.1 (/home/brittonr/git/mc/servers/valence/crates/valence_server_common)
   Compiling valence_registry v0.2.0-alpha.1+mc.1.20.1 (/home/brittonr/git/mc/servers/valence/crates/valence_registry)
warning: `valence_protocol` (lib) generated 1 warning
   Compiling valence_server v0.2.0-alpha.1+mc.1.20.1 (/home/brittonr/git/mc/servers/valence/crates/valence_server)
    Finished `test` profile [optimized + debuginfo] target(s) in 1m 07s
     Running unittests src/lib.rs (/home/brittonr/.cargo-target/debug/deps/valence_server-71bc1cc27c5c81f4)

running 9 tests
test tick_scheduler::tests::cancel_removes_one_pending_item ... ok
test tick_scheduler::tests::clear_removes_pending_work ... ok
test tick_scheduler::tests::cancel_unknown_or_drained_handle_is_noop ... ok
test tick_scheduler::tests::due_drain_leaves_not_due_work_queued ... ok
test tick_scheduler::tests::empty_queue_drains_cleanly ... ok
test tick_scheduler::tests::sequence_overflow_fails_without_mutating_queue ... ok
test tick_scheduler::tests::equal_tick_work_drains_in_insertion_order ... ok
test tick_scheduler::tests::server_plugin_does_not_install_tick_scheduler_by_default ... ok
test tick_scheduler::tests::tick_scheduler_plugin_emits_due_events ... ok

test result: ok. 9 passed; 0 failed; 0 ignored; 0 measured; 66 filtered out; finished in 0.00s

exit_status=0
