command=nix run .#cairn -- gate proposal adopt-tick-scheduler-for-valence-gameplay-delays --root .
{
  "change": "adopt-tick-scheduler-for-valence-gameplay-delays",
  "evidence_summary": {
    "docs_only": 0,
    "fixture": 0,
    "formal": 0,
    "mode": "advisory",
    "model": 0,
    "probe": 0,
    "property": 0
  },
  "input_hash": "d10add9270a80cc8322168d0a1ff40e5ba9de04fcc327347bde529938899bcc8",
  "issues": [],
  "layout": "cairn",
  "policy": "cairn-default",
  "policy_hash": "a210ed841d260e0bf026f3c67ec810216b6409cfe6036f9132b51cc4e3176618",
  "receipt_hash": "53362a93797a75879faef413af7b05c3d25fb8ac704db4f1488c6fd74e290933",
  "stage": "proposal",
  "valid": true,
  "verdict": "PASS"
}
exit_status=0
