command=nix run .#cairn -- gate proposal audit-entity-metadata-diff-tracking --root .
cwd=/home/brittonr/git/mc
started_at=2026-06-23T11:55:00Z
{
  "change": "audit-entity-metadata-diff-tracking",
  "evidence_summary": {
    "docs_only": 0,
    "fixture": 0,
    "formal": 0,
    "mode": "advisory",
    "model": 0,
    "probe": 0,
    "property": 0
  },
  "input_hash": "0c922d3510ecb92cdd64653d9aa205022348df34975dc6380d71ddc3e4014dc9",
  "issues": [],
  "layout": "cairn",
  "policy": "cairn-default",
  "policy_hash": "a210ed841d260e0bf026f3c67ec810216b6409cfe6036f9132b51cc4e3176618",
  "receipt_hash": "8b5b53414921454be5a307088ec33d2b45ead5eb18d6a22fa7bb88ae4eec0930",
  "stage": "proposal",
  "valid": true,
  "verdict": "PASS"
}
finished_at=2026-06-23T11:55:01Z
exit_status=0
