command=nix run .#cairn -- archive audit-entity-metadata-diff-tracking --root .
cwd=/home/brittonr/git/mc
started_at=2026-06-23T12:11:18Z
{
  "actions": [
    {
      "description": "move active change to archive: audit-entity-metadata-diff-tracking",
      "kind": "archive_change",
      "path": "./cairn/changes/audit-entity-metadata-diff-tracking"
    }
  ],
  "blocked": false,
  "change": "audit-entity-metadata-diff-tracking",
  "dry_run": true,
  "input_hash": "364a9357b92479fdfb45165c8a34531ab5296ea06b4745473c8e4ccea537a154",
  "layout": "cairn",
  "mutated": false,
  "mutation_manifest": null,
  "plan_hash": "132dd39a966825d5fd0a06265a81b11d260b39458303fcf0d9168e56040d123e",
  "policy": "cairn-default",
  "policy_hash": "a210ed841d260e0bf026f3c67ec810216b6409cfe6036f9132b51cc4e3176618",
  "reasons": [],
  "receipt_hash": "c84a5b44102f5cfafb126e8f09cd5c6c4500f643118606586f150c7d98194fc6"
}
finished_at=2026-06-23T12:11:19Z
exit_status=0
