command=nix run .#cairn -- sync audit-entity-metadata-diff-tracking --root .
cwd=/home/brittonr/git/mc
started_at=2026-06-23T12:09:53Z
{
  "actions": [
    {
      "description": "merge delta spec into main specs: ./cairn/changes/audit-entity-metadata-diff-tracking/specs/valence-hyperion-integration/spec.md",
      "kind": "sync_delta_spec",
      "path": "./cairn/changes/audit-entity-metadata-diff-tracking/specs/valence-hyperion-integration/spec.md"
    }
  ],
  "blocked": false,
  "change": "audit-entity-metadata-diff-tracking",
  "delta_specs": [
    "./cairn/changes/audit-entity-metadata-diff-tracking/specs/valence-hyperion-integration/spec.md"
  ],
  "dry_run": true,
  "input_hash": "364a9357b92479fdfb45165c8a34531ab5296ea06b4745473c8e4ccea537a154",
  "layout": "cairn",
  "mutated": false,
  "mutation_manifest": null,
  "plan_hash": "05b7fdc1dd1bd733c897a201ee5509195b6df0d47e42dd9eb758d39b5dba5500",
  "policy": "cairn-default",
  "policy_hash": "a210ed841d260e0bf026f3c67ec810216b6409cfe6036f9132b51cc4e3176618",
  "reasons": [],
  "receipt_hash": "11dd1db93cf97a84e455f393feacc968d5c324e025a3cb7a8352b953bd213056"
}
finished_at=2026-06-23T12:09:53Z
exit_status=0
