command=nix run .#cairn -- gate design audit-entity-metadata-diff-tracking --root .
cwd=/home/brittonr/git/mc
started_at=2026-06-23T11:55:01Z
{
  "change": "audit-entity-metadata-diff-tracking",
  "evidence_summary": {
    "docs_only": 0,
    "fixture": 0,
    "formal": 0,
    "mode": "advisory",
    "model": 0,
    "probe": 0,
    "property": 0
  },
  "input_hash": "1ffb4ef927af443df1058df8a99e0fe6752f150aa89bcadfd1d11778129eabc0",
  "issues": [],
  "layout": "cairn",
  "policy": "cairn-default",
  "policy_hash": "a210ed841d260e0bf026f3c67ec810216b6409cfe6036f9132b51cc4e3176618",
  "receipt_hash": "f6374bd93aebca8414dea9c53666c372b4420be5d300659ab04b57c059eff75b",
  "stage": "design",
  "valid": true,
  "verdict": "PASS"
}
finished_at=2026-06-23T11:55:01Z
exit_status=0
