command=nix run .#cairn -- gate proposal audit-entity-metadata-diff-tracking --root .
cwd=/home/brittonr/git/mc
started_at=2026-06-23T12:09:33Z
{
  "change": "audit-entity-metadata-diff-tracking",
  "evidence_summary": {
    "docs_only": 0,
    "fixture": 0,
    "formal": 0,
    "mode": "advisory",
    "model": 0,
    "probe": 0,
    "property": 0
  },
  "input_hash": "28ac654256172f81e100cff08bd79f7483d62b53236d9f4edb6a1d890c867760",
  "issues": [],
  "layout": "cairn",
  "policy": "cairn-default",
  "policy_hash": "a210ed841d260e0bf026f3c67ec810216b6409cfe6036f9132b51cc4e3176618",
  "receipt_hash": "7d98ce79ad3e9118d6085caa4f978c5eaa53085d239ea11b037386abe627d3a9",
  "stage": "proposal",
  "valid": true,
  "verdict": "PASS"
}
finished_at=2026-06-23T12:09:33Z
exit_status=0
