command=nix develop --no-update-lock-file /home/brittonr/git/mc -c cargo clippy -p valence_entity --no-deps --all-targets -- -D warnings
cwd=/home/brittonr/git/mc/servers/valence
started_at=2026-06-23T12:06:50Z
mc compat shell: use 'mc-compat-runner --dry-run' or 'nix run .#mc-compat-smoke -- --run'
Stevenarella dev env: cargo/rustc/xvfb-run/OpenSSL/fontconfig/freetype/libxcb paths are available
OnixResearch tools are pinned over SSH: cairn, cargo-octet
Steel is available for repo scripts, e.g. steel scripts/ralph-drain-cairns.scm --self-test
    Checking libc v0.2.185
    Checking valence_nbt v0.8.0 (/home/brittonr/git/mc/servers/valence/crates/valence_nbt)
    Checking valence_text v0.2.0-alpha.1+mc.1.20.1 (/home/brittonr/git/mc/servers/valence/crates/valence_text)
warning: unknown lint: `path_segment_repetition`
  --> crates/valence_text/src/color/mod.rs:12:9
   |
12 | #[allow(path_segment_repetition)]
   |         ^^^^^^^^^^^^^^^^^^^^^^^
   |
   = note: `#[warn(unknown_lints)]` on by default

warning: unknown lint: `path_segment_repetition`
  --> crates/valence_text/src/color/mod.rs:28:9
   |
28 | #[allow(path_segment_repetition)]
   |         ^^^^^^^^^^^^^^^^^^^^^^^

warning: unknown lint: `path_segment_repetition`
  --> crates/valence_text/src/color/mod.rs:41:9
   |
41 | #[allow(path_segment_repetition)]
   |         ^^^^^^^^^^^^^^^^^^^^^^^

warning: unknown lint: `path_segment_repetition`
  --> crates/valence_text/src/color/mod.rs:81:9
   |
81 | #[allow(path_segment_repetition)]
   |         ^^^^^^^^^^^^^^^^^^^^^^^

warning: unknown lint: `deref_polymorphism`
 --> crates/valence_text/src/ops.rs:2:9
  |
2 | #[allow(deref_polymorphism)]
  |         ^^^^^^^^^^^^^^^^^^

    Checking getrandom v0.3.4
    Checking getrandom v0.2.17
    Checking ahash v0.8.12
    Checking rand_core v0.6.4
warning: `valence_text` (lib) generated 5 warnings
    Checking rand_chacha v0.3.1
    Checking hashbrown v0.14.5
    Checking rand v0.8.5
    Checking bevy_utils v0.14.2
    Checking bevy_ecs v0.14.2
    Checking valence_protocol v0.2.0-alpha.1+mc.1.20.1 (/home/brittonr/git/mc/servers/valence/crates/valence_protocol)
    Checking bevy_app v0.14.2
    Checking valence_server_common v0.2.0-alpha.1+mc.1.20.1 (/home/brittonr/git/mc/servers/valence/crates/valence_server_common)
    Checking valence_entity v0.2.0-alpha.1+mc.1.20.1 (/home/brittonr/git/mc/servers/valence/crates/valence_entity)
warning: lint `clippy::string_to_string` has been removed: `clippy::implicit_clone` covers those cases
  |
  = note: requested on the command line with `-W clippy::string_to_string`
  = note: `#[warn(renamed_and_removed_lints)]` on by default

warning: `valence_entity` (lib test) generated 1 warning
warning: `valence_entity` (lib) generated 1 warning (1 duplicate)
    Finished `dev` profile [optimized + debuginfo] target(s) in 12.21s
finished_at=2026-06-23T12:07:03Z
exit_status=0
