command=nix run .#cairn -- sync audit-entity-metadata-diff-tracking --root . --execute
cwd=/home/brittonr/git/mc
started_at=2026-06-23T12:10:11Z
{
  "actions": [
    {
      "description": "merge delta spec into main specs: ./cairn/changes/audit-entity-metadata-diff-tracking/specs/valence-hyperion-integration/spec.md",
      "kind": "sync_delta_spec",
      "path": "./cairn/changes/audit-entity-metadata-diff-tracking/specs/valence-hyperion-integration/spec.md"
    }
  ],
  "blocked": false,
  "change": "audit-entity-metadata-diff-tracking",
  "delta_specs": [
    "./cairn/changes/audit-entity-metadata-diff-tracking/specs/valence-hyperion-integration/spec.md"
  ],
  "dry_run": false,
  "input_hash": "364a9357b92479fdfb45165c8a34531ab5296ea06b4745473c8e4ccea537a154",
  "layout": "cairn",
  "mutated": true,
  "mutation_manifest": {
    "after": {
      "entries": [
        {
          "content_hash": "eb8f2c2322e8ae937f4aa204772341d9404d83b5822da6e1e072d86680de1271",
          "exists": true,
          "path": "./cairn/specs/valence-hyperion-integration/spec.md"
        }
      ],
      "manifest_hash": "9fd025f75ef8e7cfda91a27b14b62feac464b6ffedf70d236f3838ee72051920"
    },
    "before": {
      "entries": [
        {
          "content_hash": "eb8f2c2322e8ae937f4aa204772341d9404d83b5822da6e1e072d86680de1271",
          "exists": true,
          "path": "./cairn/specs/valence-hyperion-integration/spec.md"
        }
      ],
      "manifest_hash": "9fd025f75ef8e7cfda91a27b14b62feac464b6ffedf70d236f3838ee72051920"
    },
    "kind": "sync",
    "manifest_hash": "41cdbaf39cf7a1ee5d2f8c83ae0fe6e63462ee45ed2a0de5101114dd88faa3ab"
  },
  "plan_hash": "4608f7cb59d247e0e1f403f975a4e341fe6d66958f1061995159e8e2f1b7e2a9",
  "policy": "cairn-default",
  "policy_hash": "a210ed841d260e0bf026f3c67ec810216b6409cfe6036f9132b51cc4e3176618",
  "reasons": [],
  "receipt_hash": "a8a67969947f14403ed3c321b29d3d702be0695c2238b79fff6611379f0e53cc"
}
finished_at=2026-06-23T12:10:11Z
exit_status=0
