## block_entity_sign_packet_family_sync_dry_run
command=nix run .#cairn -- sync promote-block-entity-sign-packet-family --root .
{
  "actions": [
    {
      "description": "merge delta spec into main specs: ./cairn/changes/promote-block-entity-sign-packet-family/specs/mc-compatibility/spec.md",
      "kind": "sync_delta_spec",
      "path": "./cairn/changes/promote-block-entity-sign-packet-family/specs/mc-compatibility/spec.md"
    }
  ],
  "blocked": false,
  "change": "promote-block-entity-sign-packet-family",
  "delta_specs": [
    "./cairn/changes/promote-block-entity-sign-packet-family/specs/mc-compatibility/spec.md"
  ],
  "dry_run": true,
  "input_hash": "576f4671a182465051efe652495ff63fd65c005bf196021f488c7976271297bd",
  "layout": "cairn",
  "mutated": false,
  "mutation_manifest": null,
  "plan_hash": "cb60b74a0396e6c859b817b794cd40d2e9841e7fc0e4b535c20dde2fdbecd58e",
  "policy": "cairn-default",
  "policy_hash": "7d2c6606b81e38f9414e81df24c64c9a638d4c238d8a9c04412ac95e347c3355",
  "reasons": [],
  "receipt_hash": "fb9fd0167ffaa66bf9c55ff91d92dc94ef09d80225707f7c67643340ff11137e"
}
exit_status=0
