
## gate-proposal
+ nix run .#cairn -- gate proposal centralize-compat-scenario-contracts --root .
{
  "change": "centralize-compat-scenario-contracts",
  "evidence_summary": {
    "docs_only": 0,
    "fixture": 0,
    "formal": 0,
    "mode": "advisory",
    "model": 0,
    "probe": 0,
    "property": 0
  },
  "input_hash": "78ba7a2928e8e2d637fd2b4053ddf4169e55e21cbff2ad19e9622b60e98b38d4",
  "issues": [],
  "layout": "cairn",
  "policy": "cairn-default",
  "policy_hash": "a210ed841d260e0bf026f3c67ec810216b6409cfe6036f9132b51cc4e3176618",
  "receipt_hash": "6e6cfb297b145eb95bc568018626c2cf8a0b0ffdb209708cb1a669aa98e61347",
  "stage": "proposal",
  "valid": true,
  "verdict": "PASS"
}
exit_status[gate-proposal]=0

## gate-design
+ nix run .#cairn -- gate design centralize-compat-scenario-contracts --root .
{
  "change": "centralize-compat-scenario-contracts",
  "evidence_summary": {
    "docs_only": 0,
    "fixture": 0,
    "formal": 0,
    "mode": "advisory",
    "model": 0,
    "probe": 0,
    "property": 0
  },
  "input_hash": "8abe0f4779c7e682ee9675591a2155925718201462c984979ed7dbb34c041b32",
  "issues": [],
  "layout": "cairn",
  "policy": "cairn-default",
  "policy_hash": "a210ed841d260e0bf026f3c67ec810216b6409cfe6036f9132b51cc4e3176618",
  "receipt_hash": "72f0a441f8233c91b5399cd89d747ca4dd270aab613ea51e97354468be49fc2f",
  "stage": "design",
  "valid": true,
  "verdict": "PASS"
}
exit_status[gate-design]=0

## gate-tasks
+ nix run .#cairn -- gate tasks centralize-compat-scenario-contracts --root .
{
  "change": "centralize-compat-scenario-contracts",
  "evidence_summary": {
    "docs_only": 0,
    "fixture": 0,
    "formal": 0,
    "mode": "advisory",
    "model": 0,
    "probe": 0,
    "property": 0
  },
  "input_hash": "56582ae9f4d8bb6124833cf15bf2edbee994d7f0e9ce3905f7332d8b9c86a8da",
  "issues": [],
  "layout": "cairn",
  "policy": "cairn-default",
  "policy_hash": "a210ed841d260e0bf026f3c67ec810216b6409cfe6036f9132b51cc4e3176618",
  "receipt_hash": "147860e071ec780dd2a846ffe09ac5418f8d0ebe22f2c559be966b98e68e01dc",
  "stage": "tasks",
  "valid": true,
  "verdict": "PASS"
}
exit_status[gate-tasks]=0

## validate
+ nix run .#cairn -- validate --root .
{
  "change_issues": [],
  "changes": 6,
  "issues": [],
  "layout": "cairn",
  "policy": "cairn-default",
  "spec_issues": [],
  "specs_validated": 10,
  "valid": true
}
exit_status[validate]=0
exit_status=0
