
## change-list
+ nix run .#cairn -- change list --root .
{
  "changes": [
    {
      "delta_specs": [
        "./cairn/changes/centralize-compat-scenario-contracts/specs/runtime-configuration/spec.md"
      ],
      "has_design": true,
      "has_proposal": true,
      "has_tasks": true,
      "metadata": {
        "groups": [],
        "status": null,
        "target_date": null
      },
      "name": "centralize-compat-scenario-contracts",
      "path": "./cairn/changes/centralize-compat-scenario-contracts",
      "task_counts": {
        "done": 0,
        "in_progress": 0,
        "todo": 6,
        "total": 6,
        "unmarked": 0
      }
    },
    {
      "delta_specs": [
        "./cairn/changes/decouple-mc-compat-runner-shell/specs/mc-compatibility/spec.md"
      ],
      "has_design": true,
      "has_proposal": true,
      "has_tasks": true,
      "metadata": {
        "groups": [],
        "status": null,
        "target_date": null
      },
      "name": "decouple-mc-compat-runner-shell",
      "path": "./cairn/changes/decouple-mc-compat-runner-shell",
      "task_counts": {
        "done": 0,
        "in_progress": 0,
        "todo": 7,
        "total": 7,
        "unmarked": 0
      }
    },
    {
      "delta_specs": [
        "./cairn/changes/extract-valence-compat-fixture-cores/specs/mc-compatibility/spec.md"
      ],
      "has_design": true,
      "has_proposal": true,
      "has_tasks": true,
      "metadata": {
        "groups": [],
        "status": null,
        "target_date": null
      },
      "name": "extract-valence-compat-fixture-cores",
      "path": "./cairn/changes/extract-valence-compat-fixture-cores",
      "task_counts": {
        "done": 0,
        "in_progress": 0,
        "todo": 8,
        "total": 8,
        "unmarked": 0
      }
    },
    {
      "delta_specs": [
        "./cairn/changes/harden-stevenarella-runtime-boundaries/specs/mc-compatibility/spec.md"
      ],
      "has_design": true,
      "has_proposal": true,
      "has_tasks": true,
      "metadata": {
        "groups": [],
        "status": null,
        "target_date": null
      },
      "name": "harden-stevenarella-runtime-boundaries",
      "path": "./cairn/changes/harden-stevenarella-runtime-boundaries",
      "task_counts": {
        "done": 0,
        "in_progress": 0,
        "todo": 7,
        "total": 7,
        "unmarked": 0
      }
    },
    {
      "delta_specs": [
        "./cairn/changes/isolate-runner-json-evidence/specs/mc-compatibility/spec.md"
      ],
      "has_design": true,
      "has_proposal": true,
      "has_tasks": true,
      "metadata": {
        "groups": [],
        "status": null,
        "target_date": null
      },
      "name": "isolate-runner-json-evidence",
      "path": "./cairn/changes/isolate-runner-json-evidence",
      "task_counts": {
        "done": 0,
        "in_progress": 0,
        "todo": 7,
        "total": 7,
        "unmarked": 0
      }
    },
    {
      "delta_specs": [
        "./cairn/changes/split-stevenarella-server-probes/specs/mc-compatibility/spec.md"
      ],
      "has_design": true,
      "has_proposal": true,
      "has_tasks": true,
      "metadata": {
        "groups": [],
        "status": null,
        "target_date": null
      },
      "name": "split-stevenarella-server-probes",
      "path": "./cairn/changes/split-stevenarella-server-probes",
      "task_counts": {
        "done": 0,
        "in_progress": 0,
        "todo": 7,
        "total": 7,
        "unmarked": 0
      }
    }
  ],
  "layout": "cairn",
  "root": "."
}
exit_status[change-list]=0

## validate
+ nix run .#cairn -- validate --root .
{
  "change_issues": [],
  "changes": 6,
  "issues": [],
  "layout": "cairn",
  "policy": "cairn-default",
  "spec_issues": [],
  "specs_validated": 10,
  "valid": true
}
exit_status[validate]=0

## gate-proposal
+ nix run .#cairn -- gate proposal centralize-compat-scenario-contracts --root .
{
  "change": "centralize-compat-scenario-contracts",
  "evidence_summary": {
    "docs_only": 0,
    "fixture": 0,
    "formal": 0,
    "mode": "advisory",
    "model": 0,
    "probe": 0,
    "property": 0
  },
  "input_hash": "9aa3e57a980959dddde183ad6eb1542da56a8373ab2605a3290d8647404d1fbc",
  "issues": [],
  "layout": "cairn",
  "policy": "cairn-default",
  "policy_hash": "a210ed841d260e0bf026f3c67ec810216b6409cfe6036f9132b51cc4e3176618",
  "receipt_hash": "cb81f62a79df486d3796a0e03ca4eb703266d45100d208da5ff5c5fd3cddc4db",
  "stage": "proposal",
  "valid": true,
  "verdict": "PASS"
}
exit_status[gate-proposal]=0

## gate-design
+ nix run .#cairn -- gate design centralize-compat-scenario-contracts --root .
{
  "change": "centralize-compat-scenario-contracts",
  "evidence_summary": {
    "docs_only": 0,
    "fixture": 0,
    "formal": 0,
    "mode": "advisory",
    "model": 0,
    "probe": 0,
    "property": 0
  },
  "input_hash": "bf013315b31e5f4a6fa1555d904416257ac2d71efbbcf9b1f648b235afb6f915",
  "issues": [],
  "layout": "cairn",
  "policy": "cairn-default",
  "policy_hash": "a210ed841d260e0bf026f3c67ec810216b6409cfe6036f9132b51cc4e3176618",
  "receipt_hash": "bcf6b86b2cbcacf09ac358ed44fb9c80332a81233bdbdec856e0eb8ead957941",
  "stage": "design",
  "valid": true,
  "verdict": "PASS"
}
exit_status[gate-design]=0

## gate-tasks
+ nix run .#cairn -- gate tasks centralize-compat-scenario-contracts --root .
{
  "change": "centralize-compat-scenario-contracts",
  "evidence_summary": {
    "docs_only": 0,
    "fixture": 0,
    "formal": 0,
    "mode": "advisory",
    "model": 0,
    "probe": 0,
    "property": 0
  },
  "input_hash": "a754b2efdbf717b478c273046e6118996a4062482653b22b9dd23b52f7601a28",
  "issues": [],
  "layout": "cairn",
  "policy": "cairn-default",
  "policy_hash": "a210ed841d260e0bf026f3c67ec810216b6409cfe6036f9132b51cc4e3176618",
  "receipt_hash": "163cae1a2dc10c329716a701e3084f678b85d7289f7e4ca81d3d40616ed64ed7",
  "stage": "tasks",
  "valid": true,
  "verdict": "PASS"
}
exit_status[gate-tasks]=0
exit_status=0
