
## stevenarella-server-tests
+ bash -lc cd /home/brittonr/git/mc/clients/stevenarella && nix develop --no-update-lock-file /home/brittonr/git/mc -c cargo test server -- --nocapture
mc compat shell: use 'mc-compat-runner --dry-run' or 'nix run .#mc-compat-smoke -- --run'
Stevenarella dev env: cargo/rustc/xvfb-run/OpenSSL/fontconfig/freetype/libxcb paths are available
OnixResearch tools are pinned over SSH: cairn, cargo-octet
Steel is available for repo scripts, e.g. steel scripts/ralph-drain-cairns.scm --self-test
warning: `/home/brittonr/git/mc/clients/stevenarella/.cargo/config` is deprecated in favor of `config.toml`
  |
  = help: if you need to support cargo 1.38 or earlier, you can symlink `config` to `config.toml`
warning: /home/brittonr/git/mc/clients/stevenarella/Cargo.toml: file `/home/brittonr/git/mc/clients/stevenarella/src/main.rs` found to be present in multiple build targets:
  * `lib` target `stevenarella`
  * `bin` target `stevenarella`
warning: unnecessary parentheses around closure body
    --> blocks/src/lib.rs:1052:36
     |
1052 | ...n| (instrument.offsets(protocol_version)
     |       ^
1053 | ... * (25 * 2) + ((note as usize) << 1) + if powered { 0 } else { 1 })),
     |                                                                       ^
     |
     = note: `#[warn(unused_parens)]` (part of `#[warn(unused)]`) on by default
help: remove these parentheses
     |
1052 ~         offsets |protocol_version| instrument.offsets(protocol_version)
1053 ~             .map(|offset| offset * (25 * 2) + ((note as usize) << 1) + if powered { 0 } else { 1 }),
     |

warning: unnecessary parentheses around closure body
    --> blocks/src/lib.rs:1407:36
     |
1407 | ...rsion| (variant.offsets(protocol_version)),
     |           ^                                 ^
     |
help: remove these parentheses
     |
1407 -         offsets |protocol_version| (variant.offsets(protocol_version)),
1407 +         offsets |protocol_version| variant.offsets(protocol_version),
     |

warning: `steven_blocks` (lib) generated 2 warnings (run `cargo fix --lib -p steven_blocks` to apply 2 suggestions)
warning: constant `SURVIVAL_BLOCK_ENTITY_TEXT_PAYLOAD` is never used
   --> src/server/mod.rs:287:7
    |
287 | const SURVIVAL_BLOCK_ENTITY_TEXT_PAYLOAD: &str = "MC|C...
    |       ^^^^^^^^^^^^^^^^^^^^^^^^^^^^^^^^^^
    |
    = note: `#[warn(dead_code)]` (part of `#[warn(unused)]`) on by default

warning: function `survival_block_entity_expected_lines` is never used
   --> src/server/mod.rs:708:4
    |
708 | fn survival_block_entity_expected_lines() -> [String; ...
    |    ^^^^^^^^^^^^^^^^^^^^^^^^^^^^^^^^^^^^

warning: hiding a lifetime that's elided elsewhere is confusing
   --> src/console/mod.rs:181:32
    |
181 | ...d + Any>(&self, var: CVar<T>) -> Ref<T>
    |             ^^^^^                   ^^^^^^ the same lifetime is hidden here
    |             |
    |             the lifetime is elided here
    |
    = help: the same lifetime is referred to in inconsistent ways, making the signature confusing
    = note: `#[warn(mismatched_lifetime_syntaxes)]` on by default
help: use `'_` for type paths
    |
181 |     pub fn get<T: Sized + Any>(&self, var: CVar<T>) -> Ref<'_, T>
    |                                                            +++

warning: hiding a lifetime that's elided elsewhere is confusing
   --> src/ui/mod.rs:102:21
    |
102 |               fn draw(&self, renderer: &mut render::Renderer, r: &Region, sw: f64, sh: f64, width: f64, height: f64, delta: f64) -> RefMut<[u8]> {
    |                       ^^^^^ the lifetime is elided here                                                                             ^^^^^^^^^^^^ the same lifetime is hidden here
...
252 | / define_elements! {
253 | |     Image,
254 | |     Batch,
255 | |     Text,
...   |
258 | |     TextBox,
259 | | }
    | |_- in this macro invocation
    |
    = help: the same lifetime is referred to in inconsistent ways, making the signature confusing
    = note: this warning originates in the macro `define_elements` (in Nightly builds, run with -Z macro-backtrace for more info)
help: use `'_` for type paths
    |
102 |             fn draw(&self, renderer: &mut render::Renderer, r: &Region, sw: f64, sh: f64, width: f64, height: f64, delta: f64) -> RefMut<'_, [u8]> {
    |                                                                                                                                          +++

warning: `stevenarella` (lib) generated 4 warnings (run `cargo fix --lib -p stevenarella` to apply 2 suggestions)
warning: `stevenarella` (lib test) generated 2 warnings (2 duplicates)
warning: `stevenarella` (bin "stevenarella" test) generated 2 warnings (2 duplicates)
    Finished `test` profile [optimized + debuginfo] target(s) in 0.15s
     Running unittests src/main.rs (/home/brittonr/.cargo-target/debug/deps/stevenarella-74a8925fb38c5fbd)

running 29 tests
test server::tests::flag_probe_repeat_target_accepts_positive_counts ... ok
test server::tests::flag_probe_repeat_target_defaults_when_unset_or_invalid ... ok
test server::tests::inventory_drag_transactions_actions_advance_after_observed_state ... ok
test server::tests::flag_probe_repeat_target_is_capped ... ok
test server::tests::inventory_stack_split_merge_actions_advance_after_observed_state ... ok
test server::tests::inventory_stack_split_merge_waits_for_probe_guards ... ok
test server::tests::inventory_drag_transactions_waits_for_probe_guards ... ok
test server::tests::survival_biome_dimension_environment_prefers_world_identifier ... ok
test server::tests::survival_biome_dimension_environment_rejects_unknown_identifiers ... ok
test server::tests::survival_block_entity_position_match_rejects_wrong_target ... ok
test server::tests::survival_crafting_fixture_positions_are_named ... ok
test server::tests::survival_block_entity_sign_lines_match_contract_payload ... ok
test server::tests::survival_crafting_inventory_indices_accept_player_and_open_mirror ... ok
test server::tests::survival_crafting_inventory_updates_use_player_inventory_window ... ok
test server::tests::survival_crafting_result_match_rejects_wrong_item_or_count ... ok
test server::tests::survival_crafting_stacks_use_contract_items ... ok
test server::tests::survival_furnace_fixture_positions_are_named ... ok
test server::tests::survival_furnace_inventory_indices_accept_player_and_open_mirror ... ok
test server::tests::survival_furnace_inventory_updates_accept_player_and_open_mirror_slots ... ok
test server::tests::survival_furnace_output_match_rejects_wrong_item_or_count ... ok
test server::tests::survival_furnace_stacks_use_contract_items ... ok
test server::tests::survival_hunger_food_health_updates_match_exact_contract ... ok
test server::tests::survival_hunger_food_slot_empty_requires_explicit_empty_slot ... ok
test server::tests::survival_hunger_food_stack_match_accepts_only_contract_bread ... ok
test server::tests::survival_hunger_health_updates_match_bounded_health_cycle_contract ... ok
test server::tests::survival_mob_drop_item_match_accepts_only_contract_drop ... ok
test server::tests::survival_mob_drop_position_match_rejects_wrong_target ... ok
test server::tests::survival_redstone_toggle_output_position_match_rejects_wrong_target ... ok
test server::tests::survival_world_persistence_position_match_rejects_wrong_target ... ok

test result: ok. 29 passed; 0 failed; 0 ignored; 0 measured; 129 filtered out; finished in 0.00s

     Running unittests src/main.rs (/home/brittonr/.cargo-target/debug/deps/stevenarella-4dc39b26672098bf)

running 29 tests
test server::tests::flag_probe_repeat_target_accepts_positive_counts ... ok
test server::tests::flag_probe_repeat_target_defaults_when_unset_or_invalid ... ok
test server::tests::flag_probe_repeat_target_is_capped ... ok
test server::tests::inventory_drag_transactions_actions_advance_after_observed_state ... ok
test server::tests::inventory_drag_transactions_waits_for_probe_guards ... ok
test server::tests::inventory_stack_split_merge_actions_advance_after_observed_state ... ok
test server::tests::inventory_stack_split_merge_waits_for_probe_guards ... ok
test server::tests::survival_biome_dimension_environment_prefers_world_identifier ... ok
test server::tests::survival_biome_dimension_environment_rejects_unknown_identifiers ... ok
test server::tests::survival_block_entity_position_match_rejects_wrong_target ... ok
test server::tests::survival_crafting_fixture_positions_are_named ... ok
test server::tests::survival_block_entity_sign_lines_match_contract_payload ... ok
test server::tests::survival_crafting_inventory_indices_accept_player_and_open_mirror ... ok
test server::tests::survival_crafting_inventory_updates_use_player_inventory_window ... ok
test server::tests::survival_crafting_result_match_rejects_wrong_item_or_count ... ok
test server::tests::survival_crafting_stacks_use_contract_items ... ok
test server::tests::survival_furnace_fixture_positions_are_named ... ok
test server::tests::survival_furnace_inventory_indices_accept_player_and_open_mirror ... ok
test server::tests::survival_furnace_inventory_updates_accept_player_and_open_mirror_slots ... ok
test server::tests::survival_furnace_output_match_rejects_wrong_item_or_count ... ok
test server::tests::survival_furnace_stacks_use_contract_items ... ok
test server::tests::survival_hunger_food_health_updates_match_exact_contract ... ok
test server::tests::survival_hunger_food_slot_empty_requires_explicit_empty_slot ... ok
test server::tests::survival_hunger_food_stack_match_accepts_only_contract_bread ... ok
test server::tests::survival_hunger_health_updates_match_bounded_health_cycle_contract ... ok
test server::tests::survival_mob_drop_item_match_accepts_only_contract_drop ... ok
test server::tests::survival_mob_drop_position_match_rejects_wrong_target ... ok
test server::tests::survival_redstone_toggle_output_position_match_rejects_wrong_target ... ok
test server::tests::survival_world_persistence_position_match_rejects_wrong_target ... ok

test result: ok. 29 passed; 0 failed; 0 ignored; 0 measured; 129 filtered out; finished in 0.00s

exit_status[stevenarella-server-tests]=0

## valence-compat-examples
+ bash -lc cd /home/brittonr/git/mc/servers/valence && nix develop --no-update-lock-file /home/brittonr/git/mc -c cargo check --example ctf --example survival_compat
mc compat shell: use 'mc-compat-runner --dry-run' or 'nix run .#mc-compat-smoke -- --run'
Stevenarella dev env: cargo/rustc/xvfb-run/OpenSSL/fontconfig/freetype/libxcb paths are available
OnixResearch tools are pinned over SSH: cairn, cargo-octet
Steel is available for repo scripts, e.g. steel scripts/ralph-drain-cairns.scm --self-test
   Compiling proc-macro2 v1.0.106
   Compiling quote v1.0.45
    Checking cfg-if v1.0.4
   Compiling libc v0.2.185
    Checking pin-project-lite v0.2.17
   Compiling version_check v0.9.5
   Compiling serde v1.0.228
    Checking smallvec v1.15.1
    Checking futures-core v0.3.32
   Compiling serde_core v1.0.228
    Checking once_cell v1.21.4
   Compiling zerocopy v0.8.48
   Compiling zmij v1.0.21
   Compiling typenum v1.19.0
    Checking scopeguard v1.2.0
    Checking stable_deref_trait v1.2.1
    Checking futures-io v0.3.32
    Checking itoa v1.0.18
   Compiling crossbeam-utils v0.8.21
    Checking slab v0.4.12
   Compiling serde_json v1.0.149
    Checking bitflags v2.11.0
    Checking lock_api v0.4.14
    Checking bytes v1.11.1
   Compiling heck v0.5.0
   Compiling anyhow v1.0.102
   Compiling thiserror v1.0.69
   Compiling equivalent v1.0.2
   Compiling hashbrown v0.17.0
    Checking tracing-core v0.1.36
    Checking parking v2.2.1
   Compiling getrandom v0.3.4
   Compiling toml_datetime v0.6.11
   Compiling winnow v0.7.15
   Compiling getrandom v0.4.2
    Checking allocator-api2 v0.2.21
   Compiling typeid v1.0.3
   Compiling indexmap v2.14.0
   Compiling shlex v1.3.0
   Compiling find-msvc-tools v0.1.9
   Compiling memchr v2.8.0
    Checking concurrent-queue v2.5.0
    Checking thread_local v1.1.9
   Compiling generic-array v0.14.7
   Compiling ahash v0.8.12
   Compiling erased-serde v0.4.10
    Checking writeable v0.6.3
    Checking event-listener v5.4.1
   Compiling cc v1.2.60
    Checking litemap v0.8.2
   Compiling parking_lot_core v0.9.12
    Checking fastrand v2.4.1
    Checking event-listener-strategy v0.5.4
   Compiling syn v2.0.117
    Checking futures-lite v2.6.1
    Checking async-task v4.7.1
   Compiling icu_normalizer_data v2.2.0
    Checking utf8_iter v1.0.4
   Compiling icu_properties_data v2.2.0
    Checking web-time v1.1.0
    Checking async-channel v2.5.0
    Checking smol_str v0.2.2
    Checking fixedbitset v0.4.2
    Checking percent-encoding v2.3.2
    Checking crypto-common v0.1.7
    Checking arrayvec v0.7.6
    Checking getrandom v0.2.17
    Checking downcast-rs v1.2.1
    Checking bevy_ptr v0.14.2
    Checking nonmax v0.5.5
    Checking fixedbitset v0.5.7
    Checking form_urlencoded v1.2.2
    Checking rand_core v0.6.4
    Checking inout v0.1.4
    Checking parking_lot v0.12.5
    Checking async-executor v1.14.0
   Compiling crc32fast v1.5.0
    Checking base64 v0.22.1
    Checking cpufeatures v0.2.17
    Checking cipher v0.4.4
    Checking adler2 v2.0.1
    Checking glam v0.29.3
    Checking cesu8 v1.1.0
   Compiling toml_edit v0.22.27
    Checking byteorder v1.5.0
    Checking simd-adler32 v0.3.9
    Checking cfb8 v0.8.1
    Checking aes v0.8.4
    Checking bevy_tasks v0.14.2
   Compiling uuid v1.23.0
   Compiling paste v1.0.15
   Compiling libm v0.2.16
    Checking miniz_oxide v0.8.9
    Checking zeroize v1.8.2
   Compiling num-traits v0.2.19
    Checking cpufeatures v0.3.0
    Checking petgraph v0.6.5
    Checking rustc-hash v2.1.2
    Checking arrayref v0.3.9
    Checking constant_time_eq v0.4.2
    Checking futures-sink v0.3.32
    Checking errno v0.3.14
    Checking subtle v2.6.1
    Checking const-oid v0.9.6
    Checking mio v1.2.0
    Checking socket2 v0.6.3
    Checking spin v0.9.8
    Checking http v1.4.0
    Checking signal-hook-registry v1.4.8
    Checking rustls-pki-types v1.14.0
    Checking block-buffer v0.10.4
    Checking untrusted v0.9.0
    Checking flate2 v1.1.9
    Checking base64ct v1.8.3
    Checking futures-task v0.3.32
   Compiling httparse v1.10.1
    Checking digest v0.10.7
    Checking lazy_static v1.5.0
    Checking tower-service v0.3.3
    Checking futures-util v0.3.32
    Checking pem-rfc7468 v0.7.0
    Checking try-lock v0.2.5
   Compiling rustls v0.23.38
    Checking futures-channel v0.3.32
    Checking powerfmt v0.2.0
    Checking log v0.4.29
    Checking want v0.3.1
   Compiling thiserror v2.0.18
   Compiling num-conv v0.2.1
    Checking der v0.7.10
    Checking atomic-waker v1.1.2
   Compiling rustix v1.1.4
   Compiling time-core v0.1.8
    Checking deranged v0.5.8
    Checking sync_wrapper v1.0.2
    Checking http-body v1.0.1
    Checking tower-layer v0.3.3
    Checking utf8parse v0.2.2
   Compiling time-macros v0.2.27
    Checking linux-raw-sys v0.12.1
    Checking ipnet v2.12.0
   Compiling radium v0.7.0
   Compiling num-bigint-dig v0.8.6
    Checking regex-syntax v0.8.10
    Checking anstyle-parse v1.0.0
    Checking webpki-roots v1.0.6
    Checking nanorand v0.7.0
    Checking iri-string v0.7.12
    Checking tap v1.0.1
    Checking anstyle-query v1.1.5
    Checking is_terminal_polyfill v1.70.2
    Checking anstyle v1.0.14
    Checking spki v0.7.3
    Checking colorchoice v1.0.5
    Checking ryu v1.0.23
    Checking foldhash v0.2.0
    Checking ppv-lite86 v0.2.21
    Checking pkcs8 v0.10.2
    Checking anstream v1.0.0
    Checking hashbrown v0.16.1
    Checking flume v0.11.1
    Checking wyz v0.5.1
    Checking pkcs1 v0.7.5
    Checking http-body-util v0.1.3
    Checking tracing-log v0.2.0
    Checking signature v2.2.0
    Checking rand_chacha v0.3.1
    Checking sharded-slab v0.1.7
    Checking funty v2.0.0
    Checking strsim v0.11.1
    Checking nu-ansi-term v0.50.3
    Checking clap_lex v1.1.0
    Checking sha1 v0.10.6
    Checking num-integer v0.1.46
    Checking ordered-float v4.6.0
    Checking regex-automata v0.4.14
    Checking hmac v0.12.1
    Checking rand v0.8.5
    Checking sha2 v0.10.9
    Checking rand_xorshift v0.3.0
    Checking lru v0.16.4
    Checking regex-lite v0.1.9
    Checking condtype v1.3.0
    Checking num-iter v0.1.45
    Checking num-bigint v0.4.6
    Checking bitvec v1.0.1
   Compiling synstructure v0.13.2
   Compiling bevy_macro_utils v0.14.2
   Compiling valence_build_utils v0.2.0-alpha.1+mc.1.20.1 (/home/brittonr/git/mc/servers/valence/crates/valence_build_utils)
    Checking terminal_size v0.4.4
    Checking noise v0.9.0
    Checking clap_builder v4.6.0
   Compiling blake3 v1.8.4
   Compiling ring v0.17.14
    Checking valence_math v0.2.0-alpha.1+mc.1.20.1 (/home/brittonr/git/mc/servers/valence/crates/valence_math)
    Checking time v0.3.47
    Checking rsa v0.9.10
    Checking matchers v0.2.0
   Compiling serde_derive v1.0.228
   Compiling zerofrom-derive v0.1.7
   Compiling yoke-derive v0.8.2
   Compiling tracing-attributes v0.1.31
   Compiling zerovec-derive v0.11.3
   Compiling displaydoc v0.2.5
   Compiling thiserror-impl v1.0.69
   Compiling bevy_utils_proc_macros v0.14.2
   Compiling bevy_reflect_derive v0.14.2
   Compiling bevy_ecs_macros v0.14.2
   Compiling valence_ident_macros v0.2.0-alpha.1+mc.1.20.1 (/home/brittonr/git/mc/servers/valence/crates/valence_ident_macros)
   Compiling bevy_derive v0.14.2
   Compiling derive_more-impl v1.0.0
   Compiling valence_protocol_macros v0.2.0-alpha.1+mc.1.20.1 (/home/brittonr/git/mc/servers/valence/crates/valence_protocol_macros)
   Compiling bitfield-struct v0.8.0
   Compiling tokio-macros v2.7.0
   Compiling thiserror-impl v2.0.18
   Compiling clap_derive v4.6.0
   Compiling async-trait v0.1.89
   Compiling valence_command_macros v0.2.0-alpha.1+mc.1.20.1 (/home/brittonr/git/mc/servers/valence/crates/valence_command_macros)
   Compiling divan-macros v0.1.21
    Checking rustls-webpki v0.103.11
    Checking tokio v1.51.1
    Checking tracing v0.1.44
    Checking tracing-subscriber v0.3.23
    Checking simple_asn1 v0.6.4
    Checking rsa-der v0.3.0
    Checking clap v4.6.0
    Checking divan v0.1.21
    Checking zerofrom v0.1.7
    Checking yoke v0.8.2
    Checking zerovec v0.11.6
    Checking zerotrie v0.2.4
    Checking hyper v1.9.0
    Checking tower v0.5.3
    Checking tokio-rustls v0.26.4
    Checking tokio-util v0.7.18
    Checking tinystr v0.8.3
    Checking potential_utf v0.1.5
    Checking hashbrown v0.14.5
    Checking valence_ident v0.2.0-alpha.1+mc.1.20.1 (/home/brittonr/git/mc/servers/valence/crates/valence_ident)
    Checking valence_nbt v0.8.0 (/home/brittonr/git/mc/servers/valence/crates/valence_nbt)
    Checking serde_urlencoded v0.7.1
    Checking icu_collections v2.2.0
    Checking icu_locale_core v2.2.0
   Compiling valence_generated v0.2.0-alpha.1+mc.1.20.1 (/home/brittonr/git/mc/servers/valence/crates/valence_generated)
   Compiling valence_entity v0.2.0-alpha.1+mc.1.20.1 (/home/brittonr/git/mc/servers/valence/crates/valence_entity)
   Compiling valence_lang v0.2.0-alpha.1+mc.1.20.1 (/home/brittonr/git/mc/servers/valence/crates/valence_lang)
    Checking tower-http v0.6.8
    Checking bevy_utils v0.14.2
    Checking hyper-util v0.1.20
    Checking valence_text v0.2.0-alpha.1+mc.1.20.1 (/home/brittonr/git/mc/servers/valence/crates/valence_text)
    Checking bevy_reflect v0.14.2
    Checking derive_more v1.0.0
warning: unknown lint: `path_segment_repetition`
  --> crates/valence_text/src/color/mod.rs:12:9
   |
12 | #[allow(path_segment_repetition)]
   |         ^^^^^^^^^^^^^^^^^^^^^^^
   |
   = note: `#[warn(unknown_lints)]` on by default

warning: unknown lint: `path_segment_repetition`
  --> crates/valence_text/src/color/mod.rs:28:9
   |
28 | #[allow(path_segment_repetition)]
   |         ^^^^^^^^^^^^^^^^^^^^^^^

warning: unknown lint: `path_segment_repetition`
  --> crates/valence_text/src/color/mod.rs:41:9
   |
41 | #[allow(path_segment_repetition)]
   |         ^^^^^^^^^^^^^^^^^^^^^^^

warning: unknown lint: `path_segment_repetition`
  --> crates/valence_text/src/color/mod.rs:81:9
   |
81 | #[allow(path_segment_repetition)]
   |         ^^^^^^^^^^^^^^^^^^^^^^^

warning: unknown lint: `deref_polymorphism`
 --> crates/valence_text/src/ops.rs:2:9
  |
2 | #[allow(deref_polymorphism)]
  |         ^^^^^^^^^^^^^^^^^^

    Checking icu_provider v2.2.0
    Checking icu_normalizer v2.2.0
    Checking icu_properties v2.2.0
warning: `valence_text` (lib) generated 5 warnings
    Checking hyper-rustls v0.27.8
    Checking idna_adapter v1.2.1
    Checking idna v1.1.0
    Checking url v2.5.8
    Checking bevy_ecs v0.14.2
    Checking reqwest v0.12.28
    Checking bevy_app v0.14.2
    Checking bevy_core v0.14.2
    Checking bevy_log v0.14.2
    Checking bevy_hierarchy v0.14.2
    Checking valence_protocol v0.2.0-alpha.1+mc.1.20.1 (/home/brittonr/git/mc/servers/valence/crates/valence_protocol)
    Checking valence_server_common v0.2.0-alpha.1+mc.1.20.1 (/home/brittonr/git/mc/servers/valence/crates/valence_server_common)
    Checking valence_registry v0.2.0-alpha.1+mc.1.20.1 (/home/brittonr/git/mc/servers/valence/crates/valence_registry)
    Checking valence_server v0.2.0-alpha.1+mc.1.20.1 (/home/brittonr/git/mc/servers/valence/crates/valence_server)
    Checking valence_inventory v0.2.0-alpha.1+mc.1.20.1 (/home/brittonr/git/mc/servers/valence/crates/valence_inventory)
    Checking valence_scoreboard v0.2.0-alpha.1+mc.1.20.1 (/home/brittonr/git/mc/servers/valence/crates/valence_scoreboard)
    Checking valence_player_list v0.2.0-alpha.1+mc.1.20.1 (/home/brittonr/git/mc/servers/valence/crates/valence_player_list)
    Checking valence_boss_bar v0.2.0-alpha.1+mc.1.20.1 (/home/brittonr/git/mc/servers/valence/crates/valence_boss_bar)
    Checking valence_advancement v0.2.0-alpha.1+mc.1.20.1 (/home/brittonr/git/mc/servers/valence/crates/valence_advancement)
    Checking valence_world_border v0.2.0-alpha.1+mc.1.20.1 (/home/brittonr/git/mc/servers/valence/crates/valence_world_border)
    Checking valence_anvil v0.1.0 (/home/brittonr/git/mc/servers/valence/crates/valence_anvil)
    Checking valence_command v0.2.0-alpha.1+mc.1.20.1 (/home/brittonr/git/mc/servers/valence/crates/valence_command)
    Checking valence_weather v0.2.0-alpha.1+mc.1.20.1 (/home/brittonr/git/mc/servers/valence/crates/valence_weather)
    Checking valence_network v0.2.0-alpha.1+mc.1.20.1 (/home/brittonr/git/mc/servers/valence/crates/valence_network)
warning: unknown lint: `path_segment_repetition`
 --> crates/valence_inventory/src/slots.rs:4:9
  |
4 | #[allow(path_segment_repetition)]
  |         ^^^^^^^^^^^^^^^^^^^^^^^
  |
  = note: `#[warn(unknown_lints)]` on by default

warning: `valence_inventory` (lib) generated 1 warning
    Checking valence_equipment v0.2.0-alpha.1+mc.1.20.1 (/home/brittonr/git/mc/servers/valence/crates/valence_equipment)
    Checking valence v0.2.0-alpha.1+mc.1.20.1 (/home/brittonr/git/mc/servers/valence)
warning: unused import: `Value`
  --> examples/survival_compat.rs:18:36
   |
18 | use valence::nbt::{compound, List, Value};
   |                                    ^^^^^
   |
   = note: `#[warn(unused_imports)]` (part of `#[warn(unused)]`) on by default

warning: constant `SURVIVAL_BLOCK_ENTITY_TEXT_LINE_COUNT` is never used
   --> examples/survival_compat.rs:162:7
    |
162 | const SURVIVAL_BLOCK_ENTITY_TEXT_LINE_COUNT: usize = 4;
    |       ^^^^^^^^^^^^^^^^^^^^^^^^^^^^^^^^^^^^^
    |
    = note: `#[warn(dead_code)]` (part of `#[warn(unused)]`) on by default

warning: function `is_survival_mob_drop_stack` is never used
    --> examples/survival_compat.rs:2480:4
     |
2480 | fn is_survival_mob_drop_stack(stack: &ItemStack) -> b...
     |    ^^^^^^^^^^^^^^^^^^^^^^^^^^

warning: `valence` (example "survival_compat") generated 3 warnings (run `cargo fix --example "survival_compat" -p valence` to apply 1 suggestion)
warning: struct `ArrowPolicyDiff` is never constructed
   --> examples/ctf.rs:197:8
    |
197 | struct ArrowPolicyDiff {
    |        ^^^^^^^^^^^^^^^
    |
    = note: `#[warn(dead_code)]` (part of `#[warn(unused)]`) on by default

warning: function `diff_arrow_policy_snapshots` is never used
   --> examples/ctf.rs:489:4
    |
489 | fn diff_arrow_policy_snapshots(
    |    ^^^^^^^^^^^^^^^^^^^^^^^^^^^

warning: function `push_arrow_policy_diff` is never used
   --> examples/ctf.rs:515:4
    |
515 | fn push_arrow_policy_diff(
    |    ^^^^^^^^^^^^^^^^^^^^^^

warning: `valence` (example "ctf") generated 3 warnings
    Finished `dev` profile [optimized + debuginfo] target(s) in 58.82s
exit_status[valence-compat-examples]=0
exit_status=0
