
## sync-dry-run
+ nix run .#cairn -- sync centralize-compat-scenario-contracts --root .
{
  "actions": [
    {
      "description": "merge delta spec into main specs: ./cairn/changes/centralize-compat-scenario-contracts/specs/runtime-configuration/spec.md",
      "kind": "sync_delta_spec",
      "path": "./cairn/changes/centralize-compat-scenario-contracts/specs/runtime-configuration/spec.md"
    }
  ],
  "blocked": false,
  "change": "centralize-compat-scenario-contracts",
  "delta_specs": [
    "./cairn/changes/centralize-compat-scenario-contracts/specs/runtime-configuration/spec.md"
  ],
  "dry_run": true,
  "input_hash": "3815542cf49d8878de1301cb401bff0862ae5c763675088d0eaad6bd0370a3fc",
  "layout": "cairn",
  "mutated": false,
  "mutation_manifest": null,
  "plan_hash": "75a440f75e574ca7b2d27f35f9c5f78ca7c7320bc5d8945ddd5476cd28331be0",
  "policy": "cairn-default",
  "policy_hash": "a210ed841d260e0bf026f3c67ec810216b6409cfe6036f9132b51cc4e3176618",
  "reasons": [],
  "receipt_hash": "0b950951be5ccceb117faddb37681e677774cafc64e664e27eef57cd209987a7"
}
exit_status[sync-dry-run]=0

## sync-execute
+ nix run .#cairn -- sync centralize-compat-scenario-contracts --root . --execute
{
  "actions": [
    {
      "description": "merge delta spec into main specs: ./cairn/changes/centralize-compat-scenario-contracts/specs/runtime-configuration/spec.md",
      "kind": "sync_delta_spec",
      "path": "./cairn/changes/centralize-compat-scenario-contracts/specs/runtime-configuration/spec.md"
    }
  ],
  "blocked": false,
  "change": "centralize-compat-scenario-contracts",
  "delta_specs": [
    "./cairn/changes/centralize-compat-scenario-contracts/specs/runtime-configuration/spec.md"
  ],
  "dry_run": false,
  "input_hash": "3815542cf49d8878de1301cb401bff0862ae5c763675088d0eaad6bd0370a3fc",
  "layout": "cairn",
  "mutated": true,
  "mutation_manifest": {
    "after": {
      "entries": [
        {
          "content_hash": "cd5e465fb77ec19af3ad2efbe918e23f90da243388c4362b89cf565048c5f00c",
          "exists": true,
          "path": "./cairn/specs/runtime-configuration/spec.md"
        }
      ],
      "manifest_hash": "b7c14017d327803c830e8f132fa53b665fa267302cf10fc327978e2e3694b5ff"
    },
    "before": {
      "entries": [
        {
          "content_hash": "cd5e465fb77ec19af3ad2efbe918e23f90da243388c4362b89cf565048c5f00c",
          "exists": true,
          "path": "./cairn/specs/runtime-configuration/spec.md"
        }
      ],
      "manifest_hash": "b7c14017d327803c830e8f132fa53b665fa267302cf10fc327978e2e3694b5ff"
    },
    "kind": "sync",
    "manifest_hash": "f31d816034d0be1885ec804891f01edf8c63dbd5138ab260ea316ec0061210ec"
  },
  "plan_hash": "2c2b05b3273e1f3e447e1d31dddca0f933b4e9fcbddc20f8d96fb4d863722c9b",
  "policy": "cairn-default",
  "policy_hash": "a210ed841d260e0bf026f3c67ec810216b6409cfe6036f9132b51cc4e3176618",
  "reasons": [],
  "receipt_hash": "880081bb257d4ee597d069af7ae7fe46ce75921addbd60b0a18bb0b48b053e87"
}
exit_status[sync-execute]=0
exit_status=0
