command=cairn archive execute and validate for 2026-06-30-migrate-loose-checkers-to-crate
cwd=/home/brittonr/git/mc
{
  "actions": [
    {
      "description": "move active change to archive: 2026-06-30-migrate-loose-checkers-to-crate",
      "kind": "archive_change",
      "path": "./cairn/archive/2026-06-30-2026-06-30-migrate-loose-checkers-to-crate"
    }
  ],
  "blocked": false,
  "change": "2026-06-30-migrate-loose-checkers-to-crate",
  "dry_run": false,
  "input_hash": "0dfd0c3afba76affc42bda5d17d2606538a298c9769bfff188a2f5f30dd7924b",
  "layout": "cairn",
  "mutated": true,
  "mutation_manifest": {
    "after": {
      "entries": [
        {
          "content_hash": "70ce51515cbe188cfff752da5bc2e031ef5ec3199de15863a46735755c819cc1",
          "exists": true,
          "path": "./cairn/archive/2026-06-30-2026-06-30-migrate-loose-checkers-to-crate/design.md"
        },
        {
          "content_hash": "49f3c093d00b20429ff92225b865986aef11d121e9f613551efec195321c2d7c",
          "exists": true,
          "path": "./cairn/archive/2026-06-30-2026-06-30-migrate-loose-checkers-to-crate/proposal.md"
        },
        {
          "content_hash": "27e7bd30ac0e1b2770d15cc2cd1bb8a2e1492e4ebb5d1d5df7990853be6c26be",
          "exists": true,
          "path": "./cairn/archive/2026-06-30-2026-06-30-migrate-loose-checkers-to-crate/specs/mc-compatibility/spec.md"
        },
        {
          "content_hash": "d8bfc1dca8033d3b5e23fb2d3dd1e52da428fd27426eea7b8d65537f738d18ab",
          "exists": true,
          "path": "./cairn/archive/2026-06-30-2026-06-30-migrate-loose-checkers-to-crate/tasks.md"
        },
        {
          "content_hash": null,
          "exists": false,
          "path": "./cairn/changes/2026-06-30-migrate-loose-checkers-to-crate"
        }
      ],
      "manifest_hash": "3ea66a857302f2a3d4dd8ff68aa8e3e874f3a3b0521e0f413d6c20edde7879d7"
    },
    "before": {
      "entries": [
        {
          "content_hash": "70ce51515cbe188cfff752da5bc2e031ef5ec3199de15863a46735755c819cc1",
          "exists": true,
          "path": "./cairn/changes/2026-06-30-migrate-loose-checkers-to-crate/design.md"
        },
        {
          "content_hash": "49f3c093d00b20429ff92225b865986aef11d121e9f613551efec195321c2d7c",
          "exists": true,
          "path": "./cairn/changes/2026-06-30-migrate-loose-checkers-to-crate/proposal.md"
        },
        {
          "content_hash": "27e7bd30ac0e1b2770d15cc2cd1bb8a2e1492e4ebb5d1d5df7990853be6c26be",
          "exists": true,
          "path": "./cairn/changes/2026-06-30-migrate-loose-checkers-to-crate/specs/mc-compatibility/spec.md"
        },
        {
          "content_hash": "d8bfc1dca8033d3b5e23fb2d3dd1e52da428fd27426eea7b8d65537f738d18ab",
          "exists": true,
          "path": "./cairn/changes/2026-06-30-migrate-loose-checkers-to-crate/tasks.md"
        }
      ],
      "manifest_hash": "78895c01fbd2297d8ab66db617aead307f1ea206350929b8479cf09768506516"
    },
    "kind": "archive",
    "manifest_hash": "5e1f9e47f3fc2026cd63e9c4a3207623343a5a417436b59ff5ad9584d1947906"
  },
  "plan_hash": "5498ed40c7da4619c65e65a004635dde56c949e2d382e79a7004d5a6947e7955",
  "policy": "cairn-default",
  "policy_hash": "a210ed841d260e0bf026f3c67ec810216b6409cfe6036f9132b51cc4e3176618",
  "reasons": [],
  "receipt_hash": "6c1eeda4f4c766119ca0c551f518e7479dd8dbf54016146655302a75654ae034"
}
{
  "change_issues": [],
  "changes": 6,
  "issues": [],
  "layout": "cairn",
  "policy": "cairn-default",
  "spec_issues": [],
  "specs_validated": 12,
  "valid": true
}
exit_status=0
