command=cairn gates and validation for 2026-06-30-migrate-loose-checkers-to-crate
cwd=/home/brittonr/git/mc
{
  "change": "2026-06-30-migrate-loose-checkers-to-crate",
  "evidence_summary": {
    "docs_only": 0,
    "fixture": 0,
    "formal": 0,
    "mode": "advisory",
    "model": 0,
    "probe": 0,
    "property": 0
  },
  "input_hash": "65bc6ef61c5370fbe35a30431a769192f84dd2e78ec506f9e8d0cb5d853c7a98",
  "issues": [],
  "layout": "cairn",
  "policy": "cairn-default",
  "policy_hash": "a210ed841d260e0bf026f3c67ec810216b6409cfe6036f9132b51cc4e3176618",
  "receipt_hash": "41277a462675312adcd7326647826768bd578f5155f375b0adf0a5c8323533a0",
  "stage": "proposal",
  "valid": true,
  "verdict": "PASS"
}
{
  "change": "2026-06-30-migrate-loose-checkers-to-crate",
  "evidence_summary": {
    "docs_only": 0,
    "fixture": 0,
    "formal": 0,
    "mode": "advisory",
    "model": 0,
    "probe": 0,
    "property": 0
  },
  "input_hash": "4c9b418553628f885a46a3e645dc45a09876c93c485a047fae0476f83de899a0",
  "issues": [],
  "layout": "cairn",
  "policy": "cairn-default",
  "policy_hash": "a210ed841d260e0bf026f3c67ec810216b6409cfe6036f9132b51cc4e3176618",
  "receipt_hash": "d35228177c9245ed5b0f08a2d6180b13617c6df8ef97368bcf4db09ab1a4a158",
  "stage": "design",
  "valid": true,
  "verdict": "PASS"
}
{
  "change": "2026-06-30-migrate-loose-checkers-to-crate",
  "evidence_summary": {
    "docs_only": 0,
    "fixture": 0,
    "formal": 0,
    "mode": "advisory",
    "model": 0,
    "probe": 0,
    "property": 0
  },
  "input_hash": "bae264f71295540527298ae680bf3a1ff835e6753e7e9dc6796fb80a7f0dfa5e",
  "issues": [],
  "layout": "cairn",
  "policy": "cairn-default",
  "policy_hash": "a210ed841d260e0bf026f3c67ec810216b6409cfe6036f9132b51cc4e3176618",
  "receipt_hash": "d3075f907d36273cecc4861dea3d2e7e8739cf276239c5e348c1dea90b8c284c",
  "stage": "tasks",
  "valid": true,
  "verdict": "PASS"
}
{
  "change_issues": [],
  "changes": 7,
  "issues": [],
  "layout": "cairn",
  "policy": "cairn-default",
  "spec_issues": [],
  "specs_validated": 13,
  "valid": true
}
exit_status=0
