# checker framework task evidence
started_at=2026-06-06T20:15:05Z
mc compat shell: use 'mc-compat-runner --dry-run' or 'nix run .#mc-compat-smoke -- --run'
Stevenarella dev env: cargo/rustc/xvfb-run/OpenSSL/fontconfig/freetype/libxcb paths are available
OnixResearch tools are pinned over SSH: cairn, cargo-octet
task evidence gate failed: unknown flag --change
task evidence gate failed: ./introduce-checker-framework-traits: No such file or directory (os error 2)
{
  "change": "introduce-checker-framework-traits",
  "evidence_summary": {
    "docs_only": 0,
    "fixture": 0,
    "formal": 0,
    "mode": "advisory",
    "model": 0,
    "probe": 0,
    "property": 0
  },
  "input_hash": "5f708ed080bf2877609f935869b18f759a45d86ab89db4c12dc0a0feb49daa63",
  "issues": [],
  "layout": "cairn",
  "policy": "cairn-default",
  "policy_hash": "7d2c6606b81e38f9414e81df24c64c9a638d4c238d8a9c04412ac95e347c3355",
  "receipt_hash": "b826f6c93a1256ded3aeb1c8aaef64f270dbdfc00584551edb98938dc1e1bcea",
  "stage": "tasks",
  "valid": true,
  "verdict": "PASS"
}
{
  "change_issues": [],
  "changes": 11,
  "issues": [],
  "layout": "cairn",
  "policy": "cairn-default",
  "spec_issues": [],
  "specs_validated": 13,
  "valid": true
}
exit_status=0
