# classify-leafish-layout closeout
date=2026-06-22
root=/home/brittonr/git/mc

## test -d Leafish/.git
step_exit_status=0

## nix develop --no-update-lock-file . -c rustfmt --check tools/check_layout_boundaries.rs
mc compat shell: use 'mc-compat-runner --dry-run' or 'nix run .#mc-compat-smoke -- --run'
Stevenarella dev env: cargo/rustc/xvfb-run/OpenSSL/fontconfig/freetype/libxcb paths are available
OnixResearch tools are pinned over SSH: cairn, cargo-octet
step_exit_status=0

## env CARGO_TARGET_DIR=target/check-layout-boundaries-script nix shell github:nix-community/fenix?rev=092bd452904e749efa39907aa4a20a42678ac31e#minimal.toolchain nixpkgs#gcc -c cargo -q -Zscript tools/check_layout_boundaries.rs --self-test
layout boundary self-test passed
step_exit_status=0

## env CARGO_TARGET_DIR=target/check-layout-boundaries-script nix shell github:nix-community/fenix?rev=092bd452904e749efa39907aa4a20a42678ac31e#minimal.toolchain nixpkgs#gcc -c cargo -q -Zscript tools/check_layout_boundaries.rs --root .
layout boundary checks passed
step_exit_status=0

## nix run .#cairn -- gate proposal classify-leafish-layout --root .
{
  "change": "classify-leafish-layout",
  "evidence_summary": {
    "docs_only": 0,
    "fixture": 0,
    "formal": 0,
    "mode": "advisory",
    "model": 0,
    "probe": 0,
    "property": 0
  },
  "input_hash": "e624e18eda6668bed58e3a3d9cd95f692ce1dc60908741916418bc0e5c1e9f14",
  "issues": [],
  "layout": "cairn",
  "policy": "cairn-default",
  "policy_hash": "a210ed841d260e0bf026f3c67ec810216b6409cfe6036f9132b51cc4e3176618",
  "receipt_hash": "31b7d2a065aae1df1347050447fe9d78034c07ffe6c6f12c94205df62276b785",
  "stage": "proposal",
  "valid": true,
  "verdict": "PASS"
}
step_exit_status=0

## nix run .#cairn -- gate design classify-leafish-layout --root .
{
  "change": "classify-leafish-layout",
  "evidence_summary": {
    "docs_only": 0,
    "fixture": 0,
    "formal": 0,
    "mode": "advisory",
    "model": 0,
    "probe": 0,
    "property": 0
  },
  "input_hash": "82e0d3eff3b66f7d9df6e7e4f0ef6319dd1b805c6804610a7f8510e84b615753",
  "issues": [],
  "layout": "cairn",
  "policy": "cairn-default",
  "policy_hash": "a210ed841d260e0bf026f3c67ec810216b6409cfe6036f9132b51cc4e3176618",
  "receipt_hash": "faa7dc6d19c52f2d409d3f49d30b9b018b30ff8f52a212672abd4904ad83ae9c",
  "stage": "design",
  "valid": true,
  "verdict": "PASS"
}
step_exit_status=0

## nix run .#cairn -- gate tasks classify-leafish-layout --root .
{
  "change": "classify-leafish-layout",
  "evidence_summary": {
    "docs_only": 0,
    "fixture": 0,
    "formal": 0,
    "mode": "advisory",
    "model": 0,
    "probe": 0,
    "property": 0
  },
  "input_hash": "3fec9ab36e9757a8948d2d6fd1b8d0abe932eb769efb78d78175d8463f336a3b",
  "issues": [],
  "layout": "cairn",
  "policy": "cairn-default",
  "policy_hash": "a210ed841d260e0bf026f3c67ec810216b6409cfe6036f9132b51cc4e3176618",
  "receipt_hash": "3b92d5115c40ad18278701246fd271f14b6a33b16d41aaa68aa71cac9a775cc7",
  "stage": "tasks",
  "valid": true,
  "verdict": "PASS"
}
step_exit_status=0

## nix run .#cairn -- validate --root .
{
  "change_issues": [],
  "changes": 33,
  "issues": [],
  "layout": "cairn",
  "policy": "cairn-default",
  "spec_issues": [],
  "specs_validated": 36,
  "valid": true
}
step_exit_status=0

exit_status=0
