command=nix build .#checks.x86_64-linux.mc-compat-cairn-task-evidence --no-link -L 
this derivation will be built:
  /nix/store/z0lkb7ah7iqjddq04q7s5mg632rrpb2i-mc-compat-cairn-task-evidence.drv
cannot build on 'ssh-ng://root@10.10.10.1': error: failed to start SSH connection to '10.10.10.1'
building '/nix/store/z0lkb7ah7iqjddq04q7s5mg632rrpb2i-mc-compat-cairn-task-evidence.drv'...
mc-compat-cairn-task-evidence> task evidence gate failed: cairn/changes/add-profile-skin-cache-rate-limiter/tasks.md:3 cites missing evidence artifact docs/evidence/profile-cache-rate-limiter-baseline-gate-proposal.run.log
mc-compat-cairn-task-evidence> task evidence gate failed: cairn/changes/add-profile-skin-cache-rate-limiter/tasks.md:3 cites missing evidence artifact docs/evidence/profile-cache-rate-limiter-scope.md
mc-compat-cairn-task-evidence> task evidence gate failed: cairn/changes/add-profile-skin-cache-rate-limiter/tasks.md:3 cites missing evidence artifact docs/evidence/profile-cache-rate-limiter-validation.b3
mc-compat-cairn-task-evidence> task evidence gate failed: cairn/changes/add-profile-skin-cache-rate-limiter/tasks.md:3 cites run log docs/evidence/profile-cache-rate-limiter-baseline-gate-proposal.run.log but its text is unavailable
mc-compat-cairn-task-evidence> task evidence gate failed: cairn/changes/add-profile-skin-cache-rate-limiter/tasks.md:3 cites run log docs/evidence/profile-cache-rate-limiter-baseline-gate-proposal.run.log without a cited .b3 manifest covering it
mc-compat-cairn-task-evidence> task evidence gate failed: cairn/changes/add-profile-skin-cache-rate-limiter/tasks.md:4 cites missing evidence artifact docs/evidence/profile-cache-rate-limiter-profile-cache-tests.run.log
mc-compat-cairn-task-evidence> task evidence gate failed: cairn/changes/add-profile-skin-cache-rate-limiter/tasks.md:4 cites missing evidence artifact docs/evidence/profile-cache-rate-limiter-validation.b3
mc-compat-cairn-task-evidence> task evidence gate failed: cairn/changes/add-profile-skin-cache-rate-limiter/tasks.md:4 cites non-reviewable artifact path servers/valence/crates/valence_network/README.md; copy review-critical bytes under docs/evidence/
mc-compat-cairn-task-evidence> task evidence gate failed: cairn/changes/add-profile-skin-cache-rate-limiter/tasks.md:4 cites non-reviewable artifact path servers/valence/crates/valence_network/src/profile_cache.rs; copy review-critical bytes under docs/evidence/
mc-compat-cairn-task-evidence> task evidence gate failed: cairn/changes/add-profile-skin-cache-rate-limiter/tasks.md:4 cites non-reviewable artifact path valence/crates/valence_network/README.md; copy review-critical bytes under docs/evidence/
mc-compat-cairn-task-evidence> task evidence gate failed: cairn/changes/add-profile-skin-cache-rate-limiter/tasks.md:4 cites non-reviewable artifact path valence/crates/valence_network/src/profile_cache.rs; copy review-critical bytes under docs/evidence/
mc-compat-cairn-task-evidence> task evidence gate failed: cairn/changes/add-profile-skin-cache-rate-limiter/tasks.md:4 cites run log docs/evidence/profile-cache-rate-limiter-profile-cache-tests.run.log but its text is unavailable
mc-compat-cairn-task-evidence> task evidence gate failed: cairn/changes/add-profile-skin-cache-rate-limiter/tasks.md:4 cites run log docs/evidence/profile-cache-rate-limiter-profile-cache-tests.run.log without a cited .b3 manifest covering it
mc-compat-cairn-task-evidence> task evidence gate failed: cairn/changes/add-profile-skin-cache-rate-limiter/tasks.md:5 cites missing evidence artifact docs/evidence/profile-cache-rate-limiter-profile-cache-tests.run.log
mc-compat-cairn-task-evidence> task evidence gate failed: cairn/changes/add-profile-skin-cache-rate-limiter/tasks.md:5 cites missing evidence artifact docs/evidence/profile-cache-rate-limiter-valence-network-clippy-nodeps.run.log
mc-compat-cairn-task-evidence> task evidence gate failed: cairn/changes/add-profile-skin-cache-rate-limiter/tasks.md:5 cites missing evidence artifact docs/evidence/profile-cache-rate-limiter-validation.b3
mc-compat-cairn-task-evidence> task evidence gate failed: cairn/changes/add-profile-skin-cache-rate-limiter/tasks.md:5 cites non-reviewable artifact path servers/valence/crates/valence_network/src/profile_cache.rs; copy review-critical bytes under docs/evidence/
mc-compat-cairn-task-evidence> task evidence gate failed: cairn/changes/add-profile-skin-cache-rate-limiter/tasks.md:5 cites non-reviewable artifact path valence/crates/valence_network/src/profile_cache.rs; copy review-critical bytes under docs/evidence/
mc-compat-cairn-task-evidence> task evidence gate failed: cairn/changes/add-profile-skin-cache-rate-limiter/tasks.md:5 cites run log docs/evidence/profile-cache-rate-limiter-profile-cache-tests.run.log but its text is unavailable
mc-compat-cairn-task-evidence> task evidence gate failed: cairn/changes/add-profile-skin-cache-rate-limiter/tasks.md:5 cites run log docs/evidence/profile-cache-rate-limiter-profile-cache-tests.run.log without a cited .b3 manifest covering it
mc-compat-cairn-task-evidence> task evidence gate failed: cairn/changes/add-profile-skin-cache-rate-limiter/tasks.md:5 cites run log docs/evidence/profile-cache-rate-limiter-valence-network-clippy-nodeps.run.log but its text is unavailable
mc-compat-cairn-task-evidence> task evidence gate failed: cairn/changes/add-profile-skin-cache-rate-limiter/tasks.md:5 cites run log docs/evidence/profile-cache-rate-limiter-valence-network-clippy-nodeps.run.log without a cited .b3 manifest covering it
mc-compat-cairn-task-evidence> task evidence gate failed: cairn/changes/add-profile-skin-cache-rate-limiter/tasks.md:6 cites missing evidence artifact docs/evidence/profile-cache-rate-limiter-profile-cache-tests.run.log
mc-compat-cairn-task-evidence> task evidence gate failed: cairn/changes/add-profile-skin-cache-rate-limiter/tasks.md:6 cites missing evidence artifact docs/evidence/profile-cache-rate-limiter-validation.b3
mc-compat-cairn-task-evidence> task evidence gate failed: cairn/changes/add-profile-skin-cache-rate-limiter/tasks.md:6 cites non-reviewable artifact path servers/valence/crates/valence_network/src/profile_cache.rs; copy review-critical bytes under docs/evidence/
mc-compat-cairn-task-evidence> task evidence gate failed: cairn/changes/add-profile-skin-cache-rate-limiter/tasks.md:6 cites non-reviewable artifact path valence/crates/valence_network/src/profile_cache.rs; copy review-critical bytes under docs/evidence/
mc-compat-cairn-task-evidence> task evidence gate failed: cairn/changes/add-profile-skin-cache-rate-limiter/tasks.md:6 cites run log docs/evidence/profile-cache-rate-limiter-profile-cache-tests.run.log but its text is unavailable
mc-compat-cairn-task-evidence> task evidence gate failed: cairn/changes/add-profile-skin-cache-rate-limiter/tasks.md:6 cites run log docs/evidence/profile-cache-rate-limiter-profile-cache-tests.run.log without a cited .b3 manifest covering it
mc-compat-cairn-task-evidence> task evidence gate failed: cairn/changes/add-profile-skin-cache-rate-limiter/tasks.md:7 cites missing evidence artifact docs/evidence/profile-cache-rate-limiter-profile-cache-tests.run.log
mc-compat-cairn-task-evidence> task evidence gate failed: cairn/changes/add-profile-skin-cache-rate-limiter/tasks.md:7 cites missing evidence artifact docs/evidence/profile-cache-rate-limiter-valence-network-tests.run.log
mc-compat-cairn-task-evidence> task evidence gate failed: cairn/changes/add-profile-skin-cache-rate-limiter/tasks.md:7 cites missing evidence artifact docs/evidence/profile-cache-rate-limiter-validation.b3
mc-compat-cairn-task-evidence> task evidence gate failed: cairn/changes/add-profile-skin-cache-rate-limiter/tasks.md:7 cites non-reviewable artifact path servers/valence/crates/valence_network/src/profile_cache.rs; copy review-critical bytes under docs/evidence/
mc-compat-cairn-task-evidence> task evidence gate failed: cairn/changes/add-profile-skin-cache-rate-limiter/tasks.md:7 cites non-reviewable artifact path valence/crates/valence_network/src/profile_cache.rs; copy review-critical bytes under docs/evidence/
mc-compat-cairn-task-evidence> task evidence gate failed: cairn/changes/add-profile-skin-cache-rate-limiter/tasks.md:7 cites run log docs/evidence/profile-cache-rate-limiter-profile-cache-tests.run.log but its text is unavailable
mc-compat-cairn-task-evidence> task evidence gate failed: cairn/changes/add-profile-skin-cache-rate-limiter/tasks.md:7 cites run log docs/evidence/profile-cache-rate-limiter-profile-cache-tests.run.log without a cited .b3 manifest covering it
mc-compat-cairn-task-evidence> task evidence gate failed: cairn/changes/add-profile-skin-cache-rate-limiter/tasks.md:7 cites run log docs/evidence/profile-cache-rate-limiter-valence-network-tests.run.log but its text is unavailable
mc-compat-cairn-task-evidence> task evidence gate failed: cairn/changes/add-profile-skin-cache-rate-limiter/tasks.md:7 cites run log docs/evidence/profile-cache-rate-limiter-valence-network-tests.run.log without a cited .b3 manifest covering it
error: Cannot build '/nix/store/z0lkb7ah7iqjddq04q7s5mg632rrpb2i-mc-compat-cairn-task-evidence.drv'.
       Reason: builder failed with exit code 1.
       Output paths:
         /nix/store/vfzl9z5la5f4625s89c6qhakfd0hilmv-mc-compat-cairn-task-evidence
       Last 25 log lines:
       > task evidence gate failed: cairn/changes/add-profile-skin-cache-rate-limiter/tasks.md:4 cites run log docs/evidence/profile-cache-rate-limiter-profile-cache-tests.run.log without a cited .b3 manifest covering it
       > task evidence gate failed: cairn/changes/add-profile-skin-cache-rate-limiter/tasks.md:5 cites missing evidence artifact docs/evidence/profile-cache-rate-limiter-profile-cache-tests.run.log
       > task evidence gate failed: cairn/changes/add-profile-skin-cache-rate-limiter/tasks.md:5 cites missing evidence artifact docs/evidence/profile-cache-rate-limiter-valence-network-clippy-nodeps.run.log
       > task evidence gate failed: cairn/changes/add-profile-skin-cache-rate-limiter/tasks.md:5 cites missing evidence artifact docs/evidence/profile-cache-rate-limiter-validation.b3
       > task evidence gate failed: cairn/changes/add-profile-skin-cache-rate-limiter/tasks.md:5 cites non-reviewable artifact path servers/valence/crates/valence_network/src/profile_cache.rs; copy review-critical bytes under docs/evidence/
       > task evidence gate failed: cairn/changes/add-profile-skin-cache-rate-limiter/tasks.md:5 cites non-reviewable artifact path valence/crates/valence_network/src/profile_cache.rs; copy review-critical bytes under docs/evidence/
       > task evidence gate failed: cairn/changes/add-profile-skin-cache-rate-limiter/tasks.md:5 cites run log docs/evidence/profile-cache-rate-limiter-profile-cache-tests.run.log but its text is unavailable
       > task evidence gate failed: cairn/changes/add-profile-skin-cache-rate-limiter/tasks.md:5 cites run log docs/evidence/profile-cache-rate-limiter-profile-cache-tests.run.log without a cited .b3 manifest covering it
       > task evidence gate failed: cairn/changes/add-profile-skin-cache-rate-limiter/tasks.md:5 cites run log docs/evidence/profile-cache-rate-limiter-valence-network-clippy-nodeps.run.log but its text is unavailable
       > task evidence gate failed: cairn/changes/add-profile-skin-cache-rate-limiter/tasks.md:5 cites run log docs/evidence/profile-cache-rate-limiter-valence-network-clippy-nodeps.run.log without a cited .b3 manifest covering it
       > task evidence gate failed: cairn/changes/add-profile-skin-cache-rate-limiter/tasks.md:6 cites missing evidence artifact docs/evidence/profile-cache-rate-limiter-profile-cache-tests.run.log
       > task evidence gate failed: cairn/changes/add-profile-skin-cache-rate-limiter/tasks.md:6 cites missing evidence artifact docs/evidence/profile-cache-rate-limiter-validation.b3
       > task evidence gate failed: cairn/changes/add-profile-skin-cache-rate-limiter/tasks.md:6 cites non-reviewable artifact path servers/valence/crates/valence_network/src/profile_cache.rs; copy review-critical bytes under docs/evidence/
       > task evidence gate failed: cairn/changes/add-profile-skin-cache-rate-limiter/tasks.md:6 cites non-reviewable artifact path valence/crates/valence_network/src/profile_cache.rs; copy review-critical bytes under docs/evidence/
       > task evidence gate failed: cairn/changes/add-profile-skin-cache-rate-limiter/tasks.md:6 cites run log docs/evidence/profile-cache-rate-limiter-profile-cache-tests.run.log but its text is unavailable
       > task evidence gate failed: cairn/changes/add-profile-skin-cache-rate-limiter/tasks.md:6 cites run log docs/evidence/profile-cache-rate-limiter-profile-cache-tests.run.log without a cited .b3 manifest covering it
       > task evidence gate failed: cairn/changes/add-profile-skin-cache-rate-limiter/tasks.md:7 cites missing evidence artifact docs/evidence/profile-cache-rate-limiter-profile-cache-tests.run.log
       > task evidence gate failed: cairn/changes/add-profile-skin-cache-rate-limiter/tasks.md:7 cites missing evidence artifact docs/evidence/profile-cache-rate-limiter-valence-network-tests.run.log
       > task evidence gate failed: cairn/changes/add-profile-skin-cache-rate-limiter/tasks.md:7 cites missing evidence artifact docs/evidence/profile-cache-rate-limiter-validation.b3
       > task evidence gate failed: cairn/changes/add-profile-skin-cache-rate-limiter/tasks.md:7 cites non-reviewable artifact path servers/valence/crates/valence_network/src/profile_cache.rs; copy review-critical bytes under docs/evidence/
       > task evidence gate failed: cairn/changes/add-profile-skin-cache-rate-limiter/tasks.md:7 cites non-reviewable artifact path valence/crates/valence_network/src/profile_cache.rs; copy review-critical bytes under docs/evidence/
       > task evidence gate failed: cairn/changes/add-profile-skin-cache-rate-limiter/tasks.md:7 cites run log docs/evidence/profile-cache-rate-limiter-profile-cache-tests.run.log but its text is unavailable
       > task evidence gate failed: cairn/changes/add-profile-skin-cache-rate-limiter/tasks.md:7 cites run log docs/evidence/profile-cache-rate-limiter-profile-cache-tests.run.log without a cited .b3 manifest covering it
       > task evidence gate failed: cairn/changes/add-profile-skin-cache-rate-limiter/tasks.md:7 cites run log docs/evidence/profile-cache-rate-limiter-valence-network-tests.run.log but its text is unavailable
       > task evidence gate failed: cairn/changes/add-profile-skin-cache-rate-limiter/tasks.md:7 cites run log docs/evidence/profile-cache-rate-limiter-valence-network-tests.run.log without a cited .b3 manifest covering it
       For full logs, run:
         nix log /nix/store/z0lkb7ah7iqjddq04q7s5mg632rrpb2i-mc-compat-cairn-task-evidence.drv
exit_status=1
