## command: nix run .#cairn -- sync clean-repo-artifact-boundaries --root .
{
  "actions": [
    {
      "description": "merge delta spec into main specs: ./cairn/changes/clean-repo-artifact-boundaries/specs/repository-layout/spec.md",
      "kind": "sync_delta_spec",
      "path": "./cairn/changes/clean-repo-artifact-boundaries/specs/repository-layout/spec.md"
    }
  ],
  "blocked": false,
  "change": "clean-repo-artifact-boundaries",
  "delta_specs": [
    "./cairn/changes/clean-repo-artifact-boundaries/specs/repository-layout/spec.md"
  ],
  "dry_run": true,
  "input_hash": "6a01211f7fd48c37ba46fa9d8ce8a7d1223e2ac3fccfef400a69c13c700d32e6",
  "layout": "cairn",
  "mutated": false,
  "mutation_manifest": null,
  "plan_hash": "9d6abbb718198f35ca8875774e12dfd94329fb0f49b5ec58d1949d91e8f7d1d5",
  "policy": "cairn-default",
  "policy_hash": "a210ed841d260e0bf026f3c67ec810216b6409cfe6036f9132b51cc4e3176618",
  "reasons": [],
  "receipt_hash": "a4c685120da1510d8c1f2ddecf852451352ae3ea4c25305ba81e28d72e3dc8de"
}
exit_status=0

## command: nix run .#cairn -- sync clean-repo-artifact-boundaries --root . --execute
{
  "actions": [
    {
      "description": "merge delta spec into main specs: ./cairn/changes/clean-repo-artifact-boundaries/specs/repository-layout/spec.md",
      "kind": "sync_delta_spec",
      "path": "./cairn/changes/clean-repo-artifact-boundaries/specs/repository-layout/spec.md"
    }
  ],
  "blocked": false,
  "change": "clean-repo-artifact-boundaries",
  "delta_specs": [
    "./cairn/changes/clean-repo-artifact-boundaries/specs/repository-layout/spec.md"
  ],
  "dry_run": false,
  "input_hash": "6a01211f7fd48c37ba46fa9d8ce8a7d1223e2ac3fccfef400a69c13c700d32e6",
  "layout": "cairn",
  "mutated": true,
  "mutation_manifest": {
    "after": {
      "entries": [
        {
          "content_hash": "5a1be96f6b14eb4d88953932d8f01b9d3332882e1a4802eea3086085b220d6e3",
          "exists": true,
          "path": "./cairn/specs/repository-layout/spec.md"
        }
      ],
      "manifest_hash": "35c09fc2c9c70823cdb0ade68ad0446f4b0c69572d5dd5b9dd1e9a57de09147a"
    },
    "before": {
      "entries": [
        {
          "content_hash": "5a1be96f6b14eb4d88953932d8f01b9d3332882e1a4802eea3086085b220d6e3",
          "exists": true,
          "path": "./cairn/specs/repository-layout/spec.md"
        }
      ],
      "manifest_hash": "35c09fc2c9c70823cdb0ade68ad0446f4b0c69572d5dd5b9dd1e9a57de09147a"
    },
    "kind": "sync",
    "manifest_hash": "04693e72b10ff1ed32806f5124a6e08a73ac2f8fb86e2b19d8b4818f8c69503c"
  },
  "plan_hash": "2ec9d8893c5755fabcd6ed9c5e8ab74d0e8cd818c4ce76c104e0cfb81e82691a",
  "policy": "cairn-default",
  "policy_hash": "a210ed841d260e0bf026f3c67ec810216b6409cfe6036f9132b51cc4e3176618",
  "reasons": [],
  "receipt_hash": "3354528fb2c577386888e9476ccd8e30df94cbfccf656a6857c4b94849e081e3"
}
exit_status=0

## command: nix run .#cairn -- validate --root .
{
  "change_issues": [],
  "changes": 3,
  "issues": [],
  "layout": "cairn",
  "policy": "cairn-default",
  "spec_issues": [],
  "specs_validated": 7,
  "valid": true
}
exit_status=0

## command: nix run .#cairn -- archive clean-repo-artifact-boundaries --root .
{
  "actions": [
    {
      "description": "move active change to archive: clean-repo-artifact-boundaries",
      "kind": "archive_change",
      "path": "./cairn/changes/clean-repo-artifact-boundaries"
    }
  ],
  "blocked": false,
  "change": "clean-repo-artifact-boundaries",
  "dry_run": true,
  "input_hash": "6a01211f7fd48c37ba46fa9d8ce8a7d1223e2ac3fccfef400a69c13c700d32e6",
  "layout": "cairn",
  "mutated": false,
  "mutation_manifest": null,
  "plan_hash": "b313bb6fca469ac1bcd0bcf64f89602fade2e63698c4796a0bd36877ccca8850",
  "policy": "cairn-default",
  "policy_hash": "a210ed841d260e0bf026f3c67ec810216b6409cfe6036f9132b51cc4e3176618",
  "reasons": [],
  "receipt_hash": "743f21b802e38b5992eb3b21319bce9a5e603ba21fc5d3b75d70da2eeddb8224"
}
exit_status=0

## command: env CAIRN_ARCHIVE_DATE=2026-06-24 nix run .#cairn -- archive clean-repo-artifact-boundaries --root . --execute
{
  "actions": [
    {
      "description": "move active change to archive: clean-repo-artifact-boundaries",
      "kind": "archive_change",
      "path": "./cairn/archive/2026-06-24-clean-repo-artifact-boundaries"
    }
  ],
  "blocked": false,
  "change": "clean-repo-artifact-boundaries",
  "dry_run": false,
  "input_hash": "6a01211f7fd48c37ba46fa9d8ce8a7d1223e2ac3fccfef400a69c13c700d32e6",
  "layout": "cairn",
  "mutated": true,
  "mutation_manifest": {
    "after": {
      "entries": [
        {
          "content_hash": "bf56ae4b4f6fc152ab6f5a1bfdb91c2ad7660c0b06e9ab4a0bc677fc5308c56e",
          "exists": true,
          "path": "./cairn/archive/2026-06-24-clean-repo-artifact-boundaries/design.md"
        },
        {
          "content_hash": "03c187b80bbf54bb8ef586c1e0739f7ce4825cd77226889d337fc0da1d05b55d",
          "exists": true,
          "path": "./cairn/archive/2026-06-24-clean-repo-artifact-boundaries/proposal.md"
        },
        {
          "content_hash": "cfc70a251aca7a20ffbbf3df8928a5f6cc7b6d15de684cede9a72016d6230e85",
          "exists": true,
          "path": "./cairn/archive/2026-06-24-clean-repo-artifact-boundaries/specs/repository-layout/spec.md"
        },
        {
          "content_hash": "adfde46a9399ff4a2880ff72f48ca7ef670a22d82368f11984d53e72948b44ff",
          "exists": true,
          "path": "./cairn/archive/2026-06-24-clean-repo-artifact-boundaries/tasks.md"
        },
        {
          "content_hash": null,
          "exists": false,
          "path": "./cairn/changes/clean-repo-artifact-boundaries"
        }
      ],
      "manifest_hash": "360b30e9419e4a27cb83d1c415ec83166fcdb5ade124bf76a13762ff887ae3de"
    },
    "before": {
      "entries": [
        {
          "content_hash": "bf56ae4b4f6fc152ab6f5a1bfdb91c2ad7660c0b06e9ab4a0bc677fc5308c56e",
          "exists": true,
          "path": "./cairn/changes/clean-repo-artifact-boundaries/design.md"
        },
        {
          "content_hash": "03c187b80bbf54bb8ef586c1e0739f7ce4825cd77226889d337fc0da1d05b55d",
          "exists": true,
          "path": "./cairn/changes/clean-repo-artifact-boundaries/proposal.md"
        },
        {
          "content_hash": "cfc70a251aca7a20ffbbf3df8928a5f6cc7b6d15de684cede9a72016d6230e85",
          "exists": true,
          "path": "./cairn/changes/clean-repo-artifact-boundaries/specs/repository-layout/spec.md"
        },
        {
          "content_hash": "adfde46a9399ff4a2880ff72f48ca7ef670a22d82368f11984d53e72948b44ff",
          "exists": true,
          "path": "./cairn/changes/clean-repo-artifact-boundaries/tasks.md"
        }
      ],
      "manifest_hash": "abe0948daf4804a2fc9cead467bc8485833e2689de6263057d75f54fb6dd5385"
    },
    "kind": "archive",
    "manifest_hash": "66ec6be5976006c72d2add9f35e305a32811f702f9c60c9c80f438273172701a"
  },
  "plan_hash": "ff322d9108319b0290625b7ee4b6270fb58cb9647ab020e97866c21cb8384248",
  "policy": "cairn-default",
  "policy_hash": "a210ed841d260e0bf026f3c67ec810216b6409cfe6036f9132b51cc4e3176618",
  "reasons": [],
  "receipt_hash": "ab38f4c8b55593fe63631bba44f85ac1ef00104fe03dd1a059e07b13ae5ed10a"
}
exit_status=0

## command: nix run .#cairn -- validate --root .
{
  "change_issues": [],
  "changes": 2,
  "issues": [],
  "layout": "cairn",
  "policy": "cairn-default",
  "spec_issues": [],
  "specs_validated": 6,
  "valid": true
}
exit_status=0

overall_exit_status=0
