command=nix run .#cairn -- gate tasks clean-repo-artifact-boundaries --root . 
{
  "change": "clean-repo-artifact-boundaries",
  "evidence_summary": {
    "docs_only": 0,
    "fixture": 0,
    "formal": 0,
    "mode": "advisory",
    "model": 0,
    "probe": 0,
    "property": 0
  },
  "input_hash": "2b2622766f80d4a9ed57fa24159816d30c4a4be9985b273f8f40f6d2e4054d51",
  "issues": [],
  "layout": "cairn",
  "policy": "cairn-default",
  "policy_hash": "a210ed841d260e0bf026f3c67ec810216b6409cfe6036f9132b51cc4e3176618",
  "receipt_hash": "e2160534f6c705bc891367c2bd7229121c3aeb862ead048560de127605f020bf",
  "stage": "tasks",
  "valid": true,
  "verdict": "PASS"
}
exit_status=0
