command=nix run .#cairn -- gate proposal clean-repo-artifact-boundaries --root . 
{
  "change": "clean-repo-artifact-boundaries",
  "evidence_summary": {
    "docs_only": 0,
    "fixture": 0,
    "formal": 0,
    "mode": "advisory",
    "model": 0,
    "probe": 0,
    "property": 0
  },
  "input_hash": "708d44aca6d7626da0f58e896ddd0d8687610d190481ad089e27bbf6df06e554",
  "issues": [],
  "layout": "cairn",
  "policy": "cairn-default",
  "policy_hash": "a210ed841d260e0bf026f3c67ec810216b6409cfe6036f9132b51cc4e3176618",
  "receipt_hash": "1bdaa1f6846ed0b47b165336549f2aa0167c661793fcab8ae615bcb202c3c4d3",
  "stage": "proposal",
  "valid": true,
  "verdict": "PASS"
}
exit_status=0
