command=nix run .#cairn -- gate proposal clean-repo-artifact-boundaries --root . 
{
  "change": "clean-repo-artifact-boundaries",
  "evidence_summary": {
    "docs_only": 0,
    "fixture": 0,
    "formal": 0,
    "mode": "advisory",
    "model": 0,
    "probe": 0,
    "property": 0
  },
  "input_hash": "397f4af5f1cd6d5d006ee7264d59ee37f806187fb06b7aabdf52cea1fd20ac50",
  "issues": [],
  "layout": "cairn",
  "policy": "cairn-default",
  "policy_hash": "a210ed841d260e0bf026f3c67ec810216b6409cfe6036f9132b51cc4e3176618",
  "receipt_hash": "5ac2a3d28cb211ecf45a6b6c6d75817d5d110c67bfc572d1cd3b84a59ae525b1",
  "stage": "proposal",
  "valid": true,
  "verdict": "PASS"
}
exit_status=0
