command=nix run .#cairn -- gate proposal clean-repo-artifact-boundaries --root . 
{
  "change": "clean-repo-artifact-boundaries",
  "evidence_summary": {
    "docs_only": 0,
    "fixture": 0,
    "formal": 0,
    "mode": "advisory",
    "model": 0,
    "probe": 0,
    "property": 0
  },
  "input_hash": "e1564dc9da527e60ecd12ed9af17849040c5c98bd7dfb516eeb3ed2b06bae00f",
  "issues": [],
  "layout": "cairn",
  "policy": "cairn-default",
  "policy_hash": "a210ed841d260e0bf026f3c67ec810216b6409cfe6036f9132b51cc4e3176618",
  "receipt_hash": "5107abc6ab6ee1f9fe1fbd3da4c97dc65f058a034def2a03b830a80f4dc34680",
  "stage": "proposal",
  "valid": true,
  "verdict": "PASS"
}
exit_status=0
