command=nix run .#cairn -- gate tasks clean-repo-artifact-boundaries --root .
{
  "change": "clean-repo-artifact-boundaries",
  "evidence_summary": {
    "docs_only": 0,
    "fixture": 0,
    "formal": 0,
    "mode": "advisory",
    "model": 0,
    "probe": 0,
    "property": 0
  },
  "input_hash": "52deaf2936cce83630f611699b78367679591119c589d0421e646fd8173b8cc8",
  "issues": [],
  "layout": "cairn",
  "policy": "cairn-default",
  "policy_hash": "a210ed841d260e0bf026f3c67ec810216b6409cfe6036f9132b51cc4e3176618",
  "receipt_hash": "278974f41652092a2087550e10a3dc6797bb079d7857e694fbec23883e5ddd2c",
  "stage": "tasks",
  "valid": true,
  "verdict": "PASS"
}
exit_status=0
