command=nix run .#cairn -- gate proposal clean-repo-artifact-boundaries --root .
{
  "change": "clean-repo-artifact-boundaries",
  "evidence_summary": {
    "docs_only": 0,
    "fixture": 0,
    "formal": 0,
    "mode": "advisory",
    "model": 0,
    "probe": 0,
    "property": 0
  },
  "input_hash": "1702a2765861fc88bf4e5c6ce582c086ed09ac6c203c90910ffb0af68750e8f4",
  "issues": [],
  "layout": "cairn",
  "policy": "cairn-default",
  "policy_hash": "a210ed841d260e0bf026f3c67ec810216b6409cfe6036f9132b51cc4e3176618",
  "receipt_hash": "645d724c69ba95888c26a498f30deabfe1d8f1b4536a5af4b04f744c0888704c",
  "stage": "proposal",
  "valid": true,
  "verdict": "PASS"
}
exit_status=0
