command=nix run .#cairn -- gate design clean-repo-artifact-boundaries --root . 
{
  "change": "clean-repo-artifact-boundaries",
  "evidence_summary": {
    "docs_only": 0,
    "fixture": 0,
    "formal": 0,
    "mode": "advisory",
    "model": 0,
    "probe": 0,
    "property": 0
  },
  "input_hash": "f46171c0b2d174924356383bb09d2b2b385220ae5f8dab7458499abd5a7de03e",
  "issues": [],
  "layout": "cairn",
  "policy": "cairn-default",
  "policy_hash": "a210ed841d260e0bf026f3c67ec810216b6409cfe6036f9132b51cc4e3176618",
  "receipt_hash": "c3a7fd933f47a7d642df84f4fdc70766be63191a3747b1cd764a00754160db2c",
  "stage": "design",
  "valid": true,
  "verdict": "PASS"
}
exit_status=0
