command=nix run .#cairn -- gate tasks clean-repo-artifact-boundaries --root . 
{
  "change": "clean-repo-artifact-boundaries",
  "evidence_summary": {
    "docs_only": 0,
    "fixture": 0,
    "formal": 0,
    "mode": "advisory",
    "model": 0,
    "probe": 0,
    "property": 0
  },
  "input_hash": "b63d8b1043635da86837c8d6a242ec106aa07fd72734b30ff3b53415aac19ee0",
  "issues": [],
  "layout": "cairn",
  "policy": "cairn-default",
  "policy_hash": "a210ed841d260e0bf026f3c67ec810216b6409cfe6036f9132b51cc4e3176618",
  "receipt_hash": "d5e33a593fed3f29f75ae78d1151edb9d9855bd7d0c57f5cbba391008a093c44",
  "stage": "tasks",
  "valid": true,
  "verdict": "PASS"
}
exit_status=0
