## nix run .#cairn -- sync consolidate-mc-checker-framework --root .
{
  "actions": [
    {
      "description": "merge delta spec into main specs: ./cairn/changes/consolidate-mc-checker-framework/specs/mc-compatibility/spec.md",
      "kind": "sync_delta_spec",
      "path": "./cairn/changes/consolidate-mc-checker-framework/specs/mc-compatibility/spec.md"
    }
  ],
  "blocked": false,
  "change": "consolidate-mc-checker-framework",
  "delta_specs": [
    "./cairn/changes/consolidate-mc-checker-framework/specs/mc-compatibility/spec.md"
  ],
  "dry_run": true,
  "input_hash": "52550c9eb013132348da79d4d4aba767cc96c3d327205f857b8d0302c07e6857",
  "layout": "cairn",
  "mutated": false,
  "mutation_manifest": null,
  "plan_hash": "439ebfea2c1f34e434636e6b75a790a6e8685c2fbb4d3deb1f70dc2de1f1f9ed",
  "policy": "cairn-default",
  "policy_hash": "a210ed841d260e0bf026f3c67ec810216b6409cfe6036f9132b51cc4e3176618",
  "reasons": [],
  "receipt_hash": "362822a6186f95ef733678285baf42350f181d72d0c29471a6e5b188339e7834"
}
command=nix run .#cairn -- sync consolidate-mc-checker-framework --root .
exit_status=0
