## nix run .#cairn -- sync consolidate-mc-checker-framework --root . --execute
{
  "actions": [
    {
      "description": "merge delta spec into main specs: ./cairn/changes/consolidate-mc-checker-framework/specs/mc-compatibility/spec.md",
      "kind": "sync_delta_spec",
      "path": "./cairn/changes/consolidate-mc-checker-framework/specs/mc-compatibility/spec.md"
    }
  ],
  "blocked": false,
  "change": "consolidate-mc-checker-framework",
  "delta_specs": [
    "./cairn/changes/consolidate-mc-checker-framework/specs/mc-compatibility/spec.md"
  ],
  "dry_run": false,
  "input_hash": "52550c9eb013132348da79d4d4aba767cc96c3d327205f857b8d0302c07e6857",
  "layout": "cairn",
  "mutated": true,
  "mutation_manifest": {
    "after": {
      "entries": [
        {
          "content_hash": "a897c358ef2f951b21ae003bc8dc88d9ef6e372607187b845a4d072c48db57be",
          "exists": true,
          "path": "./cairn/specs/mc-compatibility/spec.md"
        }
      ],
      "manifest_hash": "e5445606289ee68409f5c16b44b2bc6f0109852725b92d293997076c139d377d"
    },
    "before": {
      "entries": [
        {
          "content_hash": "a897c358ef2f951b21ae003bc8dc88d9ef6e372607187b845a4d072c48db57be",
          "exists": true,
          "path": "./cairn/specs/mc-compatibility/spec.md"
        }
      ],
      "manifest_hash": "e5445606289ee68409f5c16b44b2bc6f0109852725b92d293997076c139d377d"
    },
    "kind": "sync",
    "manifest_hash": "3146f9cdaac382846addbd822a2514de0fca81a5a971b762ea413aec0865571b"
  },
  "plan_hash": "d356c23a4a98caa524e19bb3e8b87093722852445279467d2a4175bd018cfb9b",
  "policy": "cairn-default",
  "policy_hash": "a210ed841d260e0bf026f3c67ec810216b6409cfe6036f9132b51cc4e3176618",
  "reasons": [],
  "receipt_hash": "8f2f1254192c1973c630821db29d7faf0a163badd7f899b1f4ec6a362e18ae05"
}
command=nix run .#cairn -- sync consolidate-mc-checker-framework --root . --execute
exit_status=0
