## CAIRN_ARCHIVE_DATE=2026-06-28 nix run .#cairn -- archive consolidate-mc-checker-framework --root . --execute
{
  "actions": [
    {
      "description": "move active change to archive: consolidate-mc-checker-framework",
      "kind": "archive_change",
      "path": "./cairn/archive/2026-06-28-consolidate-mc-checker-framework"
    }
  ],
  "blocked": false,
  "change": "consolidate-mc-checker-framework",
  "dry_run": false,
  "input_hash": "52550c9eb013132348da79d4d4aba767cc96c3d327205f857b8d0302c07e6857",
  "layout": "cairn",
  "mutated": true,
  "mutation_manifest": {
    "after": {
      "entries": [
        {
          "content_hash": "b80a6059290e69bf7ee1166423169e717eef4769574a9ddd80263eb4ef3d2776",
          "exists": true,
          "path": "./cairn/archive/2026-06-28-consolidate-mc-checker-framework/design.md"
        },
        {
          "content_hash": "056d2409050dc87a628f2c54e3bd71e10d3e1f7ed855c3fe8dd23aba071a877d",
          "exists": true,
          "path": "./cairn/archive/2026-06-28-consolidate-mc-checker-framework/proposal.md"
        },
        {
          "content_hash": "e26b548b52dca9a353ac2ce9c4be6649b7c569d28ffaf0146151511c07bb6249",
          "exists": true,
          "path": "./cairn/archive/2026-06-28-consolidate-mc-checker-framework/specs/mc-compatibility/spec.md"
        },
        {
          "content_hash": "751ffa8006898433afb0c5decafe20f00aeb5dc88da4b5f5fe3d2564057cb2d5",
          "exists": true,
          "path": "./cairn/archive/2026-06-28-consolidate-mc-checker-framework/tasks.md"
        },
        {
          "content_hash": null,
          "exists": false,
          "path": "./cairn/changes/consolidate-mc-checker-framework"
        }
      ],
      "manifest_hash": "2e7e8918d685964e0fe33cbf3f41ce054c4f32a91fc767dad6d48778c78c4864"
    },
    "before": {
      "entries": [
        {
          "content_hash": "b80a6059290e69bf7ee1166423169e717eef4769574a9ddd80263eb4ef3d2776",
          "exists": true,
          "path": "./cairn/changes/consolidate-mc-checker-framework/design.md"
        },
        {
          "content_hash": "056d2409050dc87a628f2c54e3bd71e10d3e1f7ed855c3fe8dd23aba071a877d",
          "exists": true,
          "path": "./cairn/changes/consolidate-mc-checker-framework/proposal.md"
        },
        {
          "content_hash": "e26b548b52dca9a353ac2ce9c4be6649b7c569d28ffaf0146151511c07bb6249",
          "exists": true,
          "path": "./cairn/changes/consolidate-mc-checker-framework/specs/mc-compatibility/spec.md"
        },
        {
          "content_hash": "751ffa8006898433afb0c5decafe20f00aeb5dc88da4b5f5fe3d2564057cb2d5",
          "exists": true,
          "path": "./cairn/changes/consolidate-mc-checker-framework/tasks.md"
        }
      ],
      "manifest_hash": "cc3581b5fa1bc2a429b0ed855ee87afcf2576cf1647c1ac435662f98fd7cb361"
    },
    "kind": "archive",
    "manifest_hash": "e003060b61354ea56eaf32278d81a7b53e0a9917b526fe909c988182404aee4e"
  },
  "plan_hash": "57cb9fb96999620cc9fb0eb58d5d7fb0d969c71c6dac07a8a7829d119ad06d51",
  "policy": "cairn-default",
  "policy_hash": "a210ed841d260e0bf026f3c67ec810216b6409cfe6036f9132b51cc4e3176618",
  "reasons": [],
  "receipt_hash": "f6c1b808b1d12e5427ea53b03483da4809b23ea33124b74e42bd13b21c2320c6"
}
command=CAIRN_ARCHIVE_DATE=2026-06-28 nix run .#cairn -- archive consolidate-mc-checker-framework --root . --execute
exit_status=0
