command=nix run .#cairn -- sync consolidate-checkers-crate --root . --execute
{
  "actions": [
    {
      "description": "merge delta spec into main specs: ./cairn/changes/consolidate-checkers-crate/specs/repository-layout/spec.md",
      "kind": "sync_delta_spec",
      "path": "./cairn/changes/consolidate-checkers-crate/specs/repository-layout/spec.md"
    }
  ],
  "blocked": false,
  "change": "consolidate-checkers-crate",
  "delta_specs": [
    "./cairn/changes/consolidate-checkers-crate/specs/repository-layout/spec.md"
  ],
  "dry_run": false,
  "input_hash": "efdf6eafc67c5b4f248a3bd2b1b3152fde4c40c50ded3773dc3b2040dbddf402",
  "layout": "cairn",
  "mutated": true,
  "mutation_manifest": {
    "after": {
      "entries": [
        {
          "content_hash": "ce26cee41509e096d0fe80bebb0f3b7c542de87e3fb987ec79725031d1400a94",
          "exists": true,
          "path": "./cairn/specs/repository-layout/spec.md"
        }
      ],
      "manifest_hash": "9ab1126c1ce99f163b1cdb358c02c8086f1d3d1010323fd2c59dd6f5d86941d4"
    },
    "before": {
      "entries": [
        {
          "content_hash": "ce26cee41509e096d0fe80bebb0f3b7c542de87e3fb987ec79725031d1400a94",
          "exists": true,
          "path": "./cairn/specs/repository-layout/spec.md"
        }
      ],
      "manifest_hash": "9ab1126c1ce99f163b1cdb358c02c8086f1d3d1010323fd2c59dd6f5d86941d4"
    },
    "kind": "sync",
    "manifest_hash": "af01dd4f7b056453dabfb43c786fe00169e4fc4efc59c45ac400e85f4b7bd51b"
  },
  "plan_hash": "3b9baa854a3132f0557a2f5a5f59061a19195d5d2335c695427c271b1b62bfc4",
  "policy": "cairn-default",
  "policy_hash": "a210ed841d260e0bf026f3c67ec810216b6409cfe6036f9132b51cc4e3176618",
  "reasons": [],
  "receipt_hash": "cce6f81b5f74d481e407e282fa45b8aab354926de24a1d53bed581ea03393ffb"
}
exit_status=0
