## nix run .#cairn -- archive consolidate-mc-checker-framework --root .
{
  "actions": [
    {
      "description": "move active change to archive: consolidate-mc-checker-framework",
      "kind": "archive_change",
      "path": "./cairn/changes/consolidate-mc-checker-framework"
    }
  ],
  "blocked": false,
  "change": "consolidate-mc-checker-framework",
  "dry_run": true,
  "input_hash": "52550c9eb013132348da79d4d4aba767cc96c3d327205f857b8d0302c07e6857",
  "layout": "cairn",
  "mutated": false,
  "mutation_manifest": null,
  "plan_hash": "e200096cb7fda87c19a9c2bfdc47ba5ec2c69b9b134011b8b4f8e68129421f32",
  "policy": "cairn-default",
  "policy_hash": "a210ed841d260e0bf026f3c67ec810216b6409cfe6036f9132b51cc4e3176618",
  "reasons": [],
  "receipt_hash": "dbe205c49f8a3761eff6c82cd229487dc3a6b2bf08e2c0e0c210d86bfe79f41a"
}
command=nix run .#cairn -- archive consolidate-mc-checker-framework --root .
exit_status=0
