## core component layout resolver Cairn gates
command=nix develop --no-update-lock-file /home/brittonr/git/mc -c rustc tools/check_cairn_task_evidence.rs + task evidence check
mc compat shell: use 'mc-compat-runner --dry-run' or 'nix run .#mc-compat-smoke -- --run'
Stevenarella dev env: cargo/rustc/xvfb-run/OpenSSL/fontconfig/freetype/libxcb paths are available
OnixResearch tools are pinned over SSH: cairn, cargo-octet
task evidence gate passed: 2 completed tasks checked across 1 task files
task_evidence_exit_status=0
command=nix run --no-update-lock-file .#cairn -- gate proposal core-component-layout --root .
{
  "change": "core-component-layout",
  "evidence_summary": {
    "docs_only": 0,
    "fixture": 0,
    "formal": 0,
    "mode": "advisory",
    "model": 0,
    "probe": 0,
    "property": 0
  },
  "input_hash": "8548291a2a097e2c8c2ea79fe64b8f4c70340f118c23a9a3f8ffedd0a65df1dd",
  "issues": [],
  "layout": "cairn",
  "policy": "cairn-default",
  "policy_hash": "7d2c6606b81e38f9414e81df24c64c9a638d4c238d8a9c04412ac95e347c3355",
  "receipt_hash": "b4c880e9ffd76003660efd498b69cb4c3b50244174c5c9ff89708d34d379a961",
  "stage": "proposal",
  "valid": true,
  "verdict": "PASS"
}
proposal_gate_exit_status=0
command=nix run --no-update-lock-file .#cairn -- gate design core-component-layout --root .
{
  "change": "core-component-layout",
  "evidence_summary": {
    "docs_only": 0,
    "fixture": 0,
    "formal": 0,
    "mode": "advisory",
    "model": 0,
    "probe": 0,
    "property": 0
  },
  "input_hash": "9056648a8f1da735b44615b8600612b875049297b77274cecb12d331b9d207d7",
  "issues": [],
  "layout": "cairn",
  "policy": "cairn-default",
  "policy_hash": "7d2c6606b81e38f9414e81df24c64c9a638d4c238d8a9c04412ac95e347c3355",
  "receipt_hash": "06411b8a82b910b819c3f68d9d92d0a04a77a6b553fc28ff0f29a3d4878cb268",
  "stage": "design",
  "valid": true,
  "verdict": "PASS"
}
design_gate_exit_status=0
command=nix run --no-update-lock-file .#cairn -- gate tasks core-component-layout --root .
{
  "change": "core-component-layout",
  "evidence_summary": {
    "docs_only": 0,
    "fixture": 0,
    "formal": 0,
    "mode": "advisory",
    "model": 0,
    "probe": 0,
    "property": 0
  },
  "input_hash": "cc75f1dc3e6804417a8d2de52a4499a5078d041ffbdd09a22141b41f18cdaf78",
  "issues": [],
  "layout": "cairn",
  "policy": "cairn-default",
  "policy_hash": "7d2c6606b81e38f9414e81df24c64c9a638d4c238d8a9c04412ac95e347c3355",
  "receipt_hash": "7195cccdeef5d752ef44582bda3a0557796be97a685d385600040255f4ac3c1c",
  "stage": "tasks",
  "valid": true,
  "verdict": "PASS"
}
tasks_gate_exit_status=0
command=nix run --no-update-lock-file .#cairn -- validate --root .
{
  "change_issues": [],
  "changes": 1,
  "issues": [],
  "layout": "cairn",
  "policy": "cairn-default",
  "spec_issues": [],
  "specs_validated": 3,
  "valid": true
}
validate_exit_status=0
exit_status=0
