## core component layout task evidence validation
command=check_cairn_task_evidence --self-test && cairn/changes/core-component-layout/tasks.md
mc compat shell: use 'mc-compat-runner --dry-run' or 'nix run .#mc-compat-smoke -- --run'
Stevenarella dev env: cargo/rustc/xvfb-run/OpenSSL/fontconfig/freetype/libxcb paths are available
OnixResearch tools are pinned over SSH: cairn, cargo-octet
task evidence self-test passed: positive fixtures and fail-closed mutations passed
task evidence gate passed: 6 completed tasks checked across 1 task files
task_evidence_exit_status=0
command=nix run --no-update-lock-file .#cairn -- validate --root .
{
  "change_issues": [],
  "changes": 1,
  "issues": [],
  "layout": "cairn",
  "policy": "cairn-default",
  "spec_issues": [],
  "specs_validated": 3,
  "valid": true
}
cairn_validate_exit_status=0
command=nix run --no-update-lock-file .#cairn -- gate tasks core-component-layout --root .
{
  "change": "core-component-layout",
  "evidence_summary": {
    "docs_only": 0,
    "fixture": 0,
    "formal": 0,
    "mode": "advisory",
    "model": 0,
    "probe": 0,
    "property": 0
  },
  "input_hash": "98d225f0707af760399ebb4a7a7dae986dd7b4867894690842d4c12de8760828",
  "issues": [],
  "layout": "cairn",
  "policy": "cairn-default",
  "policy_hash": "7d2c6606b81e38f9414e81df24c64c9a638d4c238d8a9c04412ac95e347c3355",
  "receipt_hash": "9759d83186c403afc4733ed5bfd4f0f6fa03a7c0431d24e06c67c4ccb1e68e77",
  "stage": "tasks",
  "valid": true,
  "verdict": "PASS"
}
cairn_gate_tasks_exit_status=0
exit_status=0
