command: nix run .#cairn -- sync verify-crafting-recipe-selected-matrix-receipts --root . --execute
{
  "actions": [
    {
      "description": "merge delta spec into main specs: ./cairn/changes/verify-crafting-recipe-selected-matrix-receipts/specs/vanilla-composable-plugins/spec.md",
      "kind": "sync_delta_spec",
      "path": "./cairn/changes/verify-crafting-recipe-selected-matrix-receipts/specs/vanilla-composable-plugins/spec.md"
    }
  ],
  "blocked": false,
  "change": "verify-crafting-recipe-selected-matrix-receipts",
  "delta_specs": [
    "./cairn/changes/verify-crafting-recipe-selected-matrix-receipts/specs/vanilla-composable-plugins/spec.md"
  ],
  "dry_run": false,
  "input_hash": "ffba095a0beb169f11a79d89d0cf2c165c152bf31065f88d69020e7247d2c5cb",
  "layout": "cairn",
  "mutated": true,
  "mutation_manifest": {
    "after": {
      "entries": [
        {
          "content_hash": "6860e62c6ea8ff1eb3e8bdaf6ba7ad13321f22d7570f72afa1dd35a40f071777",
          "exists": true,
          "path": "./cairn/specs/vanilla-composable-plugins/spec.md"
        }
      ],
      "manifest_hash": "296aa40935b0e895ec7ef9b707eb71cbdf34601bc3ec6e55e24b29ae54f1a25a"
    },
    "before": {
      "entries": [
        {
          "content_hash": "5f9f63af0248d976f65cb188908d60d843d03be27fc69e5bd9ba61442e3ee81d",
          "exists": true,
          "path": "./cairn/specs/vanilla-composable-plugins/spec.md"
        }
      ],
      "manifest_hash": "2aa25a9d0208ef82662cf1ac7f4aa5b5148e975e31a3b6fc7b804f6a960bc72f"
    },
    "kind": "sync",
    "manifest_hash": "6c86a109e9df7f7e8144cb61d07629a767224f9dde7e938f91063f0ffba6b51b"
  },
  "plan_hash": "52d1fe415dd3e6925ba8b320924664537f58cfe645f4ed8daf598e6f3722ac68",
  "policy": "cairn-default",
  "policy_hash": "a210ed841d260e0bf026f3c67ec810216b6409cfe6036f9132b51cc4e3176618",
  "reasons": [],
  "receipt_hash": "929420a447e8446e5deaf872491171d28745b3e17134af4d38b85eb87972b0c7"
}
sync_execute_exit_status=0
exit_status=0
