command: nix run .#cairn -- archive add-crafting-recipe-selected-matrix-core --root .
{
  "actions": [
    {
      "description": "move active change to archive: add-crafting-recipe-selected-matrix-core",
      "kind": "archive_change",
      "path": "./cairn/changes/add-crafting-recipe-selected-matrix-core"
    }
  ],
  "blocked": false,
  "change": "add-crafting-recipe-selected-matrix-core",
  "dry_run": true,
  "input_hash": "21113594dc46c6d1ca8dbb113c481e6d9e39c946f2f607f098be388ecd8337a2",
  "layout": "cairn",
  "mutated": false,
  "mutation_manifest": null,
  "plan_hash": "c37e385edbd12f36be6111d3b1eb59e2d68d6e41ecdb2dc370225bc5d3a9cc5b",
  "policy": "cairn-default",
  "policy_hash": "a210ed841d260e0bf026f3c67ec810216b6409cfe6036f9132b51cc4e3176618",
  "reasons": [],
  "receipt_hash": "cb049fc32087e99dc7fb904fd15b62122437a65912a414c7d4c14b67724c0f55"
}
exit_status=0
