command: nix run .#cairn -- gate proposal add-crafting-recipe-selected-matrix-core --root .
{
  "change": "add-crafting-recipe-selected-matrix-core",
  "evidence_summary": {
    "docs_only": 0,
    "fixture": 0,
    "formal": 0,
    "mode": "advisory",
    "model": 0,
    "probe": 0,
    "property": 0
  },
  "input_hash": "863bc092a03471ffa8d6fe6596c5b24a1aa14d48d72ee4c0fd51a803b85f66ab",
  "issues": [],
  "layout": "cairn",
  "policy": "cairn-default",
  "policy_hash": "a210ed841d260e0bf026f3c67ec810216b6409cfe6036f9132b51cc4e3176618",
  "receipt_hash": "a08a0f916c364471dab7d07f0789225fc05aa19e982db4eff018eb62fc6b4b82",
  "stage": "proposal",
  "valid": true,
  "verdict": "PASS"
}
command: nix run .#cairn -- gate design add-crafting-recipe-selected-matrix-core --root .
{
  "change": "add-crafting-recipe-selected-matrix-core",
  "evidence_summary": {
    "docs_only": 0,
    "fixture": 0,
    "formal": 0,
    "mode": "advisory",
    "model": 0,
    "probe": 0,
    "property": 0
  },
  "input_hash": "0cf98f611f23d783634734d6a0ef7dd7445dea906012cd2c646fcc8f19b5a287",
  "issues": [],
  "layout": "cairn",
  "policy": "cairn-default",
  "policy_hash": "a210ed841d260e0bf026f3c67ec810216b6409cfe6036f9132b51cc4e3176618",
  "receipt_hash": "7bd524c6a57d31537b34ca501070ed20f90f76467e0fb4f52672cf422eaf2863",
  "stage": "design",
  "valid": true,
  "verdict": "PASS"
}
command: nix run .#cairn -- gate tasks add-crafting-recipe-selected-matrix-core --root .
{
  "change": "add-crafting-recipe-selected-matrix-core",
  "evidence_summary": {
    "docs_only": 0,
    "fixture": 0,
    "formal": 0,
    "mode": "advisory",
    "model": 0,
    "probe": 0,
    "property": 0
  },
  "input_hash": "4d2f5006dbf57f352021391b7213ceee7dd3a7dc174662f7399991f4540dd5d2",
  "issues": [],
  "layout": "cairn",
  "policy": "cairn-default",
  "policy_hash": "a210ed841d260e0bf026f3c67ec810216b6409cfe6036f9132b51cc4e3176618",
  "receipt_hash": "93d1a78f8407f67950de48b2db3e65db4c5cb67d943053a31c28ce6a382d1e0f",
  "stage": "tasks",
  "valid": true,
  "verdict": "PASS"
}
command: nix run .#cairn -- validate --root .
{
  "change_issues": [],
  "changes": 1,
  "issues": [],
  "layout": "cairn",
  "policy": "cairn-default",
  "spec_issues": [],
  "specs_validated": 8,
  "valid": true
}
exit_status=0
