command: nix run .#cairn -- sync add-crafting-recipe-data-fixture --root . --execute
{
  "actions": [
    {
      "description": "merge delta spec into main specs: ./cairn/changes/add-crafting-recipe-data-fixture/specs/vanilla-composable-plugins/spec.md",
      "kind": "sync_delta_spec",
      "path": "./cairn/changes/add-crafting-recipe-data-fixture/specs/vanilla-composable-plugins/spec.md"
    }
  ],
  "blocked": false,
  "change": "add-crafting-recipe-data-fixture",
  "delta_specs": [
    "./cairn/changes/add-crafting-recipe-data-fixture/specs/vanilla-composable-plugins/spec.md"
  ],
  "dry_run": false,
  "input_hash": "e03f3f8acd62a953618bf5c3a46d286a9307ce824449999dc082cea61181e0d2",
  "layout": "cairn",
  "mutated": true,
  "mutation_manifest": {
    "after": {
      "entries": [
        {
          "content_hash": "5f9f63af0248d976f65cb188908d60d843d03be27fc69e5bd9ba61442e3ee81d",
          "exists": true,
          "path": "./cairn/specs/vanilla-composable-plugins/spec.md"
        }
      ],
      "manifest_hash": "2aa25a9d0208ef82662cf1ac7f4aa5b5148e975e31a3b6fc7b804f6a960bc72f"
    },
    "before": {
      "entries": [
        {
          "content_hash": "dd45a012631edb3f3ccaa6b51a0c0cf19a46c8c76c9238c235d3ee4cea76e908",
          "exists": true,
          "path": "./cairn/specs/vanilla-composable-plugins/spec.md"
        }
      ],
      "manifest_hash": "160662a3a0b90e760e73b3e2ee923c9d85a355c473ef18c24ce96f97dd12d37e"
    },
    "kind": "sync",
    "manifest_hash": "62433a5d21ccc80efd0b55176e5bb5b0a8e3cbe3e5a222d7a560576acb3d3f8f"
  },
  "plan_hash": "d3db656e138c7c395f51f394a0be5440ffff21d276398d825dccac845efebd3d",
  "policy": "cairn-default",
  "policy_hash": "a210ed841d260e0bf026f3c67ec810216b6409cfe6036f9132b51cc4e3176618",
  "reasons": [],
  "receipt_hash": "72628732f09e1637b2eb38f490b3cfa5fef23868e432f2cdf136e9fa28446b5a"
}
sync_exit_status=0
command: nix run .#cairn -- validate --root .
{
  "change_issues": [],
  "changes": 1,
  "issues": [],
  "layout": "cairn",
  "policy": "cairn-default",
  "spec_issues": [],
  "specs_validated": 8,
  "valid": true
}
validate_exit_status=0
exit_status=0
