command: nix run .#cairn -- gate proposal verify-crafting-recipe-selected-matrix-receipts --root .
{
  "change": "verify-crafting-recipe-selected-matrix-receipts",
  "evidence_summary": {
    "docs_only": 0,
    "fixture": 0,
    "formal": 0,
    "mode": "advisory",
    "model": 0,
    "probe": 0,
    "property": 0
  },
  "input_hash": "9747e9d35e9322ed406637961ce6bdf0727467897a55393a6a6cc76cbfd911d7",
  "issues": [],
  "layout": "cairn",
  "policy": "cairn-default",
  "policy_hash": "a210ed841d260e0bf026f3c67ec810216b6409cfe6036f9132b51cc4e3176618",
  "receipt_hash": "09b5ed202941717e108f6616c6b4470ddc37bb5c1506cf0bfb9c26cdccd65d58",
  "stage": "proposal",
  "valid": true,
  "verdict": "PASS"
}
gate_proposal_exit_status=0
command: nix run .#cairn -- gate design verify-crafting-recipe-selected-matrix-receipts --root .
{
  "change": "verify-crafting-recipe-selected-matrix-receipts",
  "evidence_summary": {
    "docs_only": 0,
    "fixture": 0,
    "formal": 0,
    "mode": "advisory",
    "model": 0,
    "probe": 0,
    "property": 0
  },
  "input_hash": "a59b06e54d8ce1fc5a81924f15b09566629d501e0acc4aa05eb60e79136c6536",
  "issues": [],
  "layout": "cairn",
  "policy": "cairn-default",
  "policy_hash": "a210ed841d260e0bf026f3c67ec810216b6409cfe6036f9132b51cc4e3176618",
  "receipt_hash": "2a0edfda3105b61bce3f75187efe910cfd022e883feadd09c5ce2114ce18ca0b",
  "stage": "design",
  "valid": true,
  "verdict": "PASS"
}
gate_design_exit_status=0
command: nix run .#cairn -- gate tasks verify-crafting-recipe-selected-matrix-receipts --root .
{
  "change": "verify-crafting-recipe-selected-matrix-receipts",
  "evidence_summary": {
    "docs_only": 0,
    "fixture": 0,
    "formal": 0,
    "mode": "advisory",
    "model": 0,
    "probe": 0,
    "property": 0
  },
  "input_hash": "ac22d8133e9c4d4e453310cfc2f0373284fe0abb5e64723b2fac744b642b3e3a",
  "issues": [],
  "layout": "cairn",
  "policy": "cairn-default",
  "policy_hash": "a210ed841d260e0bf026f3c67ec810216b6409cfe6036f9132b51cc4e3176618",
  "receipt_hash": "a0467f228fe7577ff8e338509f795d2bcc976b9d942cd5d2b7683a931409b908",
  "stage": "tasks",
  "valid": true,
  "verdict": "PASS"
}
gate_tasks_exit_status=0
command: nix run .#cairn -- validate --root .
{
  "change_issues": [],
  "changes": 1,
  "issues": [],
  "layout": "cairn",
  "policy": "cairn-default",
  "spec_issues": [],
  "specs_validated": 8,
  "valid": true
}
cairn_validate_exit_status=0
command: rustc --edition=2021 tools/check_cairn_task_evidence.rs -o target/check-cairn-task-evidence && target/check-cairn-task-evidence cairn/changes/verify-crafting-recipe-selected-matrix-receipts/tasks.md
mc compat shell: use 'mc-compat-runner --dry-run' or 'nix run .#mc-compat-smoke -- --run'
Stevenarella dev env: cargo/rustc/xvfb-run/OpenSSL/fontconfig/freetype/libxcb paths are available
OnixResearch tools are pinned over SSH: cairn, cargo-octet
Steel is available for repo scripts, e.g. steel scripts/ralph-drain-cairns.scm --self-test
task evidence gate passed: 6 completed tasks checked across 1 task files
task_evidence_exit_status=0
command: nix run .#evidence-manifest-refresh -- --check
evidence manifest refresh ok: mode=check; passes=0; manifests=583; entries=6353; current=6353; stale=0; missing=0; malformed=0; outside_root=0; not_file=0
evidence_manifest_check_exit_status=0
exit_status=0
