command: nix run path:/home/brittonr/git/mc#cairn -- gate proposal add-crafting-recipe-behavior-card --root /home/brittonr/git/mc
{
  "change": "add-crafting-recipe-behavior-card",
  "evidence_summary": {
    "docs_only": 0,
    "fixture": 0,
    "formal": 0,
    "mode": "advisory",
    "model": 0,
    "probe": 0,
    "property": 0
  },
  "input_hash": "1563b87fbfe0f5bd85c7ad0998d2a7bba17359b93b2b92c55178d351f4f2d02a",
  "issues": [],
  "layout": "cairn",
  "policy": "cairn-default",
  "policy_hash": "a210ed841d260e0bf026f3c67ec810216b6409cfe6036f9132b51cc4e3176618",
  "receipt_hash": "adfd948cb71633c5e7d551408ec36bffd962d5f5ef247f3eb5e00c78d900d207",
  "stage": "proposal",
  "valid": true,
  "verdict": "PASS"
}
command_exit_status=0
command: nix run path:/home/brittonr/git/mc#cairn -- gate design add-crafting-recipe-behavior-card --root /home/brittonr/git/mc
{
  "change": "add-crafting-recipe-behavior-card",
  "evidence_summary": {
    "docs_only": 0,
    "fixture": 0,
    "formal": 0,
    "mode": "advisory",
    "model": 0,
    "probe": 0,
    "property": 0
  },
  "input_hash": "cc591d2a28032e6fbc3b2f9ad698f5421cf443ba004ff3a5eab516e4bfe7620b",
  "issues": [],
  "layout": "cairn",
  "policy": "cairn-default",
  "policy_hash": "a210ed841d260e0bf026f3c67ec810216b6409cfe6036f9132b51cc4e3176618",
  "receipt_hash": "b553530213f5ebc96249ad7f75ad5efa7ec0456e832018cda0b0794a8af7f74f",
  "stage": "design",
  "valid": true,
  "verdict": "PASS"
}
command_exit_status=0
command: nix run path:/home/brittonr/git/mc#cairn -- gate tasks add-crafting-recipe-behavior-card --root /home/brittonr/git/mc
{
  "change": "add-crafting-recipe-behavior-card",
  "evidence_summary": {
    "docs_only": 0,
    "fixture": 0,
    "formal": 0,
    "mode": "advisory",
    "model": 0,
    "probe": 0,
    "property": 0
  },
  "input_hash": "af63955d2da2d7def41471fa7f5a06b9ab2c90476a6009fa62c76d578596874e",
  "issues": [],
  "layout": "cairn",
  "policy": "cairn-default",
  "policy_hash": "a210ed841d260e0bf026f3c67ec810216b6409cfe6036f9132b51cc4e3176618",
  "receipt_hash": "36a3642183470e00c6ea47e14bf339f63d4b9763de168db752550313851e80bb",
  "stage": "tasks",
  "valid": true,
  "verdict": "PASS"
}
command_exit_status=0
command: nix run path:/home/brittonr/git/mc#cairn -- validate --root /home/brittonr/git/mc
{
  "change_issues": [],
  "changes": 1,
  "issues": [],
  "layout": "cairn",
  "policy": "cairn-default",
  "spec_issues": [],
  "specs_validated": 8,
  "valid": true
}
command_exit_status=0
exit_status=0
