command: nix run path:/home/brittonr/git/mc#cairn -- gate proposal add-crafting-recipe-behavior-card --root /home/brittonr/git/mc
{
  "change": "add-crafting-recipe-behavior-card",
  "evidence_summary": {
    "docs_only": 0,
    "fixture": 0,
    "formal": 0,
    "mode": "advisory",
    "model": 0,
    "probe": 0,
    "property": 0
  },
  "input_hash": "d9b114c5c4f80eb5ff5dc92dd0e72d3d915e5f404ed316e4de27f5a650606025",
  "issues": [],
  "layout": "cairn",
  "policy": "cairn-default",
  "policy_hash": "a210ed841d260e0bf026f3c67ec810216b6409cfe6036f9132b51cc4e3176618",
  "receipt_hash": "9151810fd9611d5304c787a7eb9536f805777ebc0388074ce348cc3d7c7341de",
  "stage": "proposal",
  "valid": true,
  "verdict": "PASS"
}
command_exit_status=0
command: nix run path:/home/brittonr/git/mc#cairn -- gate design add-crafting-recipe-behavior-card --root /home/brittonr/git/mc
{
  "change": "add-crafting-recipe-behavior-card",
  "evidence_summary": {
    "docs_only": 0,
    "fixture": 0,
    "formal": 0,
    "mode": "advisory",
    "model": 0,
    "probe": 0,
    "property": 0
  },
  "input_hash": "4892acefa793f8cbb01c8e405bce4e6e542ec1d49acfb13c03464c1f5e94a514",
  "issues": [],
  "layout": "cairn",
  "policy": "cairn-default",
  "policy_hash": "a210ed841d260e0bf026f3c67ec810216b6409cfe6036f9132b51cc4e3176618",
  "receipt_hash": "cf51701937c0e0b43ef33fb5023cacd992e3c950f687ec1bff96df837094aab1",
  "stage": "design",
  "valid": true,
  "verdict": "PASS"
}
command_exit_status=0
command: nix run path:/home/brittonr/git/mc#cairn -- gate tasks add-crafting-recipe-behavior-card --root /home/brittonr/git/mc
{
  "change": "add-crafting-recipe-behavior-card",
  "evidence_summary": {
    "docs_only": 0,
    "fixture": 0,
    "formal": 0,
    "mode": "advisory",
    "model": 0,
    "probe": 0,
    "property": 0
  },
  "input_hash": "cdb24071107a5ccf8c86933b99500e13f3fcfe4773ca5b64d1e5645739d96f80",
  "issues": [],
  "layout": "cairn",
  "policy": "cairn-default",
  "policy_hash": "a210ed841d260e0bf026f3c67ec810216b6409cfe6036f9132b51cc4e3176618",
  "receipt_hash": "0f022fbe540fa7cbc916fa27d92e67e4998d363c85b19bb58152395b1d9e0493",
  "stage": "tasks",
  "valid": true,
  "verdict": "PASS"
}
command_exit_status=0
command: nix run path:/home/brittonr/git/mc#cairn -- validate --root /home/brittonr/git/mc
{
  "change_issues": [],
  "changes": 1,
  "issues": [],
  "layout": "cairn",
  "policy": "cairn-default",
  "spec_issues": [],
  "specs_validated": 8,
  "valid": true
}
command_exit_status=0
exit_status=0
