command: CAIRN_ARCHIVE_DATE=2026-07-01 nix run path:/home/brittonr/git/mc#cairn -- archive add-crafting-recipe-behavior-card --root /home/brittonr/git/mc --execute
{
  "actions": [
    {
      "description": "move active change to archive: add-crafting-recipe-behavior-card",
      "kind": "archive_change",
      "path": "/home/brittonr/git/mc/cairn/archive/2026-07-01-add-crafting-recipe-behavior-card"
    }
  ],
  "blocked": false,
  "change": "add-crafting-recipe-behavior-card",
  "dry_run": false,
  "input_hash": "3c47c4cd7083a5b1933d2a98dd53bf2fd9bc98acc83974b5a17e284792050c71",
  "layout": "cairn",
  "mutated": true,
  "mutation_manifest": {
    "after": {
      "entries": [
        {
          "content_hash": "7387f726e22a9414ef6907e71d76db4eb80ab114bb524279ea6f61b951a61370",
          "exists": true,
          "path": "./cairn/archive/2026-07-01-add-crafting-recipe-behavior-card/design.md"
        },
        {
          "content_hash": "0594e37517044386f45bb161d1d2206c4347401a81cf4a9233bafd41b73f9940",
          "exists": true,
          "path": "./cairn/archive/2026-07-01-add-crafting-recipe-behavior-card/proposal.md"
        },
        {
          "content_hash": "c3f5e33454c9f6d4c1b0235f03f4b524a69aea1a674010ac76e00c24d3540d5e",
          "exists": true,
          "path": "./cairn/archive/2026-07-01-add-crafting-recipe-behavior-card/specs/vanilla-composable-plugins/spec.md"
        },
        {
          "content_hash": "8f64253e913da78bc6ec7a25518cfcccf38a7eb1c44b0b44fabba8f219d5d04e",
          "exists": true,
          "path": "./cairn/archive/2026-07-01-add-crafting-recipe-behavior-card/tasks.md"
        },
        {
          "content_hash": null,
          "exists": false,
          "path": "./cairn/changes/add-crafting-recipe-behavior-card"
        }
      ],
      "manifest_hash": "9d39040024117600e68db31a0aa4ec8993dec9ebfac0914aa800bbe2cae594ad"
    },
    "before": {
      "entries": [
        {
          "content_hash": "7387f726e22a9414ef6907e71d76db4eb80ab114bb524279ea6f61b951a61370",
          "exists": true,
          "path": "./cairn/changes/add-crafting-recipe-behavior-card/design.md"
        },
        {
          "content_hash": "0594e37517044386f45bb161d1d2206c4347401a81cf4a9233bafd41b73f9940",
          "exists": true,
          "path": "./cairn/changes/add-crafting-recipe-behavior-card/proposal.md"
        },
        {
          "content_hash": "c3f5e33454c9f6d4c1b0235f03f4b524a69aea1a674010ac76e00c24d3540d5e",
          "exists": true,
          "path": "./cairn/changes/add-crafting-recipe-behavior-card/specs/vanilla-composable-plugins/spec.md"
        },
        {
          "content_hash": "8f64253e913da78bc6ec7a25518cfcccf38a7eb1c44b0b44fabba8f219d5d04e",
          "exists": true,
          "path": "./cairn/changes/add-crafting-recipe-behavior-card/tasks.md"
        }
      ],
      "manifest_hash": "942ba0d3affeaae23af628d5df24d5d0de14251a1bc6eb13437e8c991e2180a7"
    },
    "kind": "archive",
    "manifest_hash": "6e410b85ccc4a57348e5f0cafc605cdbc86a39f1916d8ca1229d5e8252877a1d"
  },
  "plan_hash": "74e78661fda3fb07a10ffa3bfbb3d502312f637373ddf3a2fa71e31815adb195",
  "policy": "cairn-default",
  "policy_hash": "a210ed841d260e0bf026f3c67ec810216b6409cfe6036f9132b51cc4e3176618",
  "reasons": [],
  "receipt_hash": "dd72f2129d666b9a5ce7eeba17bbb791602851e4db08837503a35b0623cab977"
}
exit_status=0
