command: nix run .#cairn -- sync add-crafting-recipe-selected-matrix-core --root .
{
  "actions": [
    {
      "description": "merge delta spec into main specs: ./cairn/changes/add-crafting-recipe-selected-matrix-core/specs/vanilla-composable-plugins/spec.md",
      "kind": "sync_delta_spec",
      "path": "./cairn/changes/add-crafting-recipe-selected-matrix-core/specs/vanilla-composable-plugins/spec.md"
    }
  ],
  "blocked": false,
  "change": "add-crafting-recipe-selected-matrix-core",
  "delta_specs": [
    "./cairn/changes/add-crafting-recipe-selected-matrix-core/specs/vanilla-composable-plugins/spec.md"
  ],
  "dry_run": true,
  "input_hash": "d91bdfa5c570c0f3b346036d2299f876600d835fd36140faa386da31fbed7bd9",
  "layout": "cairn",
  "mutated": false,
  "mutation_manifest": null,
  "plan_hash": "e274d52855e6374c5220f3ee959d64721499e2050e59316406d101929eaafc98",
  "policy": "cairn-default",
  "policy_hash": "a210ed841d260e0bf026f3c67ec810216b6409cfe6036f9132b51cc4e3176618",
  "reasons": [],
  "receipt_hash": "1c058666cd8007388268dccf3c7442c82c0f1c7e923dc04e4bae0c61b9cc2c5a"
}
exit_status=0
