command: nix run .#cairn -- validate --root .
{
  "change_issues": [],
  "changes": 1,
  "issues": [],
  "layout": "cairn",
  "policy": "cairn-default",
  "spec_issues": [],
  "specs_validated": 8,
  "valid": true
}
command_exit_status=0
command: nix run .#cairn -- gate proposal add-crafting-recipe-data-fixture --root .
{
  "change": "add-crafting-recipe-data-fixture",
  "evidence_summary": {
    "docs_only": 0,
    "fixture": 0,
    "formal": 0,
    "mode": "advisory",
    "model": 0,
    "probe": 0,
    "property": 0
  },
  "input_hash": "0a81a34e816b6b47ed3d9b04221b99ec4132b42888022e80a716621c0f48e483",
  "issues": [],
  "layout": "cairn",
  "policy": "cairn-default",
  "policy_hash": "a210ed841d260e0bf026f3c67ec810216b6409cfe6036f9132b51cc4e3176618",
  "receipt_hash": "a901625b9ee697a1da4e27fe5bc4425a945a9a69953952588ecd93415ee485e5",
  "stage": "proposal",
  "valid": true,
  "verdict": "PASS"
}
command_exit_status=0
command: nix run .#cairn -- gate design add-crafting-recipe-data-fixture --root .
{
  "change": "add-crafting-recipe-data-fixture",
  "evidence_summary": {
    "docs_only": 0,
    "fixture": 0,
    "formal": 0,
    "mode": "advisory",
    "model": 0,
    "probe": 0,
    "property": 0
  },
  "input_hash": "2d4438dd8c43abc100ffaeb5f411df80cfcb0dc1a844fac7859f58b81708e033",
  "issues": [],
  "layout": "cairn",
  "policy": "cairn-default",
  "policy_hash": "a210ed841d260e0bf026f3c67ec810216b6409cfe6036f9132b51cc4e3176618",
  "receipt_hash": "a4192cf3727eaffb7f8adf8706a6c5e33bb7d8b443ac7197c3e05ce415695c54",
  "stage": "design",
  "valid": true,
  "verdict": "PASS"
}
command_exit_status=0
command: nix run .#cairn -- gate tasks add-crafting-recipe-data-fixture --root .
{
  "change": "add-crafting-recipe-data-fixture",
  "evidence_summary": {
    "docs_only": 0,
    "fixture": 0,
    "formal": 0,
    "mode": "advisory",
    "model": 0,
    "probe": 0,
    "property": 0
  },
  "input_hash": "c5141390802c9438f74cfd73384ededa737d59387a9c4541fc78305c0320e2c8",
  "issues": [],
  "layout": "cairn",
  "policy": "cairn-default",
  "policy_hash": "a210ed841d260e0bf026f3c67ec810216b6409cfe6036f9132b51cc4e3176618",
  "receipt_hash": "42eb755b7a60e07d1cf71681c4f10c1259a3c1df678cb42ee611e15d7ba684a0",
  "stage": "tasks",
  "valid": true,
  "verdict": "PASS"
}
command_exit_status=0
exit_status=0
