command: nix run .#cairn -- archive verify-crafting-recipe-selected-matrix-receipts --root .
{
  "actions": [
    {
      "description": "move active change to archive: verify-crafting-recipe-selected-matrix-receipts",
      "kind": "archive_change",
      "path": "./cairn/changes/verify-crafting-recipe-selected-matrix-receipts"
    }
  ],
  "blocked": false,
  "change": "verify-crafting-recipe-selected-matrix-receipts",
  "dry_run": true,
  "input_hash": "ee6deade7ea88f28ea54fcf24797886cb7214b7aaa6190a2f1c715a5ccd51654",
  "layout": "cairn",
  "mutated": false,
  "mutation_manifest": null,
  "plan_hash": "7dceb732c0632083f08ae15cfae949a5296fb9a8a627f9980b2cb1ca81037538",
  "policy": "cairn-default",
  "policy_hash": "a210ed841d260e0bf026f3c67ec810216b6409cfe6036f9132b51cc4e3176618",
  "reasons": [],
  "receipt_hash": "e35fe8b9505f1a4f45596c558546de5bea67033043804a960d2763774a7df519"
}
archive_dry_run_exit_status=0
exit_status=0
