command: nix run .#cairn -- archive add-crafting-recipe-data-fixture --root .
{
  "actions": [
    {
      "description": "move active change to archive: add-crafting-recipe-data-fixture",
      "kind": "archive_change",
      "path": "./cairn/changes/add-crafting-recipe-data-fixture"
    }
  ],
  "blocked": false,
  "change": "add-crafting-recipe-data-fixture",
  "dry_run": true,
  "input_hash": "68cbd3290500c4885ba1819811c59d3914b754e9c9cdfedd9829b3e8332c4ea6",
  "layout": "cairn",
  "mutated": false,
  "mutation_manifest": null,
  "plan_hash": "19983e5e5990dda0327202c42732bb1dba0c2b06adc4e6699a86fd13c61c2a18",
  "policy": "cairn-default",
  "policy_hash": "a210ed841d260e0bf026f3c67ec810216b6409cfe6036f9132b51cc4e3176618",
  "reasons": [],
  "receipt_hash": "3c372f41b9aaa9f8fab85712c25e05fcefcc4cb48bffd9f189bdccd8c007f369"
}
exit_status=0
