command=nix run .#cairn -- archive data-drive-stevenarella-protocol-versions --root .
cwd=/home/brittonr/git/mc
started_at=2026-06-28T19:30:33Z
{
  "actions": [
    {
      "description": "move active change to archive: data-drive-stevenarella-protocol-versions",
      "kind": "archive_change",
      "path": "./cairn/changes/data-drive-stevenarella-protocol-versions"
    }
  ],
  "blocked": false,
  "change": "data-drive-stevenarella-protocol-versions",
  "dry_run": true,
  "input_hash": "47827b1c72e4525b35fd176d908eb54b41adea65d9a5ea609c0db560574e2d10",
  "layout": "cairn",
  "mutated": false,
  "mutation_manifest": null,
  "plan_hash": "412ae3a8e1953a06aa4fc1a4276075f669826d622cb25f7d343ed57cff5cf2f6",
  "policy": "cairn-default",
  "policy_hash": "a210ed841d260e0bf026f3c67ec810216b6409cfe6036f9132b51cc4e3176618",
  "reasons": [],
  "receipt_hash": "fc8d5f200e930fc73d903373ff6fa430f033d5e07991eed18a5a4d3cedeb62d8"
}
finished_at=2026-06-28T19:30:33Z
exit_status=0
