command=nix develop --no-update-lock-file /home/brittonr/git/mc -c cargo test -p steven_protocol protocol::versions -- --nocapture
cwd=/home/brittonr/git/mc/clients/stevenarella
started_at=2026-06-28T19:17:29Z
mc compat shell: use 'mc-compat-runner --dry-run' or 'nix run .#mc-compat-smoke -- --run'
Stevenarella dev env: cargo/rustc/xvfb-run/OpenSSL/fontconfig/freetype/libxcb paths are available
OnixResearch tools are pinned over SSH: cairn, cargo-octet
Steel is available for repo scripts, e.g. steel scripts/ralph-drain-cairns.scm --self-test
warning: `/home/brittonr/git/mc/clients/stevenarella/.cargo/config` is deprecated in favor of `config.toml`
  |
  = help: if you need to support cargo 1.38 or earlier, you can symlink `config` to `config.toml`
warning: /home/brittonr/git/mc/clients/stevenarella/Cargo.toml: file `/home/brittonr/git/mc/clients/stevenarella/src/main.rs` found to be present in multiple build targets:
  * `lib` target `stevenarella`
  * `bin` target `stevenarella`
   Compiling libc v0.2.177
   Compiling syn v2.0.110
   Compiling num-traits v0.2.19
   Compiling simd-adler32 v0.3.7
   Compiling instant v0.1.13
   Compiling miniz_oxide v0.8.9
   Compiling flate2 v1.1.5
   Compiling mio v1.1.0
   Compiling socket2 v0.6.1
   Compiling openssl-sys v0.9.111
   Compiling socket2 v0.5.10
   Compiling tokio v1.48.0
   Compiling synstructure v0.13.2
   Compiling zerovec-derive v0.11.2
   Compiling displaydoc v0.2.5
   Compiling openssl-macros v0.1.1
   Compiling serde_derive v1.0.228
   Compiling zerofrom-derive v0.1.6
   Compiling yoke-derive v0.8.1
   Compiling openssl v0.10.75
   Compiling zerofrom v0.1.6
   Compiling yoke v0.8.1
   Compiling zerovec v0.11.5
   Compiling zerotrie v0.2.3
   Compiling tokio-util v0.7.17
   Compiling tinystr v0.8.2
   Compiling potential_utf v0.1.4
   Compiling icu_collections v2.1.1
   Compiling icu_locale_core v2.1.1
   Compiling h2 v0.3.27
   Compiling serde v1.0.228
   Compiling icu_provider v2.1.1
   Compiling serde_urlencoded v0.7.1
   Compiling icu_properties v2.1.1
   Compiling icu_normalizer v2.1.1
   Compiling native-tls v0.2.14
   Compiling tokio-native-tls v0.3.1
   Compiling idna_adapter v1.2.1
   Compiling idna v1.1.0
   Compiling url v2.5.7
   Compiling hyper v0.14.32
   Compiling hyper-tls v0.5.0
   Compiling reqwest v0.11.27
   Compiling steven_protocol v0.0.1 (/home/brittonr/git/mc/clients/stevenarella/protocol)
    Finished `test` profile [optimized + debuginfo] target(s) in 19.80s
     Running unittests src/lib.rs (/home/brittonr/.cargo-target/debug/deps/steven_protocol-2489a3f0cd9e7d35)

running 26 tests
test protocol::versions::tests::feature_flags_consumes_1_20_payload ... ok
test protocol::versions::tests::entity_effect_varint_consumes_1_20_factor_tail ... ok
test protocol::versions::tests::protocol_763_maps_paper_feature_flags_boundary ... ok
test protocol::versions::tests::protocol_763_maps_paper_combat_event_boundaries ... ok
test protocol::versions::tests::protocol_763_maps_paper_entity_effect_boundary ... ok
test protocol::versions::tests::protocol_763_high_risk_raw_parser_fixtures_accept_payloads ... ok
test protocol::versions::tests::protocol_763_custom_payload_parser_fixture_rejects_malformed_channel ... ok
test protocol::versions::tests::protocol_763_maps_play_keep_alive_response ... ok
test protocol::versions::tests::protocol_763_custom_payload_parser_fixture_accepts_brand_payload ... ok
test protocol::versions::tests::protocol_763_maps_play_interaction_packets ... ok
test protocol::versions::tests::protocol_763_maps_play_position_updates ... ok
test protocol::versions::tests::protocol_763_maps_remaining_observed_valence_boundaries ... ok
test protocol::versions::tests::protocol_763_maps_valence_command_tree_boundary ... ok
test protocol::versions::tests::protocol_763_maps_paper_damage_tilt_boundary ... ok
test protocol::versions::tests::protocol_763_maps_paper_entity_damage_boundary ... ok
test protocol::versions::tests::protocol_763_maps_valence_game_join_boundary ... ok
test protocol::versions::tests::protocol_763_maps_valence_game_message_boundary ... ok
test protocol::versions::tests::protocol_763_no_longer_treats_play_0x10_as_clear_titles ... ok
test protocol::versions::tests::protocol_763_no_longer_treats_play_0x28_as_trade_list ... ok
test protocol::versions::tests::protocol_763_no_longer_treats_play_0x64_as_entity_properties ... ok
test protocol::versions::tests::protocol_763_no_longer_uses_758_fallback_for_remaining_observed_boundaries ... ok
test protocol::versions::tests::protocol_763_reuses_1_18_2_handshake_translation ... ok
test protocol::versions::tests::protocol_763_uses_login_success_properties ... ok
test protocol::versions::tests::protocol_763_uses_optional_uuid_login_start ... ok
test protocol::versions::tests::protocol_763_window_property_consumes_exact_payload ... ok
test protocol::versions::tests::protocol_name_accepts_valence_current_1_20_1 ... ok

test result: ok. 26 passed; 0 failed; 0 ignored; 0 measured; 5 filtered out; finished in 0.00s

finished_at=2026-06-28T19:17:51Z
exit_status=0
