## archive-dry-run
$ nix run .#cairn -- archive data-drive-scenario-behavior --root .
{
  "actions": [
    {
      "description": "move active change to archive: data-drive-scenario-behavior",
      "kind": "archive_change",
      "path": "./cairn/changes/data-drive-scenario-behavior"
    }
  ],
  "blocked": false,
  "change": "data-drive-scenario-behavior",
  "dry_run": true,
  "input_hash": "1c2fee1ba1c6705bf168b730f815d7a4ef7cc6ac5550621edfb969e60da36cd2",
  "layout": "cairn",
  "mutated": false,
  "mutation_manifest": null,
  "plan_hash": "641016904ad4499bf87e0e99666389aa17f3a1c0e0d4bbdc4880b7d8115321ed",
  "policy": "cairn-default",
  "policy_hash": "a210ed841d260e0bf026f3c67ec810216b6409cfe6036f9132b51cc4e3176618",
  "reasons": [],
  "receipt_hash": "67d2523e106fde0a59328d9ef4b9691f04dd94bf2eb648d80a0dabee3601373a"
}
exit_status[archive-dry-run]=0
## archive-execute
$ env CAIRN_ARCHIVE_DATE=2026-06-28 nix run .#cairn -- archive data-drive-scenario-behavior --root . --execute
{
  "actions": [
    {
      "description": "move active change to archive: data-drive-scenario-behavior",
      "kind": "archive_change",
      "path": "./cairn/archive/2026-06-28-data-drive-scenario-behavior"
    }
  ],
  "blocked": false,
  "change": "data-drive-scenario-behavior",
  "dry_run": false,
  "input_hash": "1c2fee1ba1c6705bf168b730f815d7a4ef7cc6ac5550621edfb969e60da36cd2",
  "layout": "cairn",
  "mutated": true,
  "mutation_manifest": {
    "after": {
      "entries": [
        {
          "content_hash": "c464ae596ec21c49e3e9b34d6d7e44ca94a50e9d1fd1f37f6c1920506c2cdc4a",
          "exists": true,
          "path": "./cairn/archive/2026-06-28-data-drive-scenario-behavior/design.md"
        },
        {
          "content_hash": "db1ddc68ba50ed669dda5057034cc753ab4748c3949079f25566a8b8dddba7fa",
          "exists": true,
          "path": "./cairn/archive/2026-06-28-data-drive-scenario-behavior/proposal.md"
        },
        {
          "content_hash": "e313fa4815dfb62b271a26ccf5cb477fc8e69e2830290cf5c9ae932d0f9d090b",
          "exists": true,
          "path": "./cairn/archive/2026-06-28-data-drive-scenario-behavior/specs/mc-compatibility/spec.md"
        },
        {
          "content_hash": "4f24cb6cbb3b44240df44583bf215db8b4cb48961ab2412a98c7daa9026a32ff",
          "exists": true,
          "path": "./cairn/archive/2026-06-28-data-drive-scenario-behavior/tasks.md"
        },
        {
          "content_hash": null,
          "exists": false,
          "path": "./cairn/changes/data-drive-scenario-behavior"
        }
      ],
      "manifest_hash": "e6a6f07d2a6420d0418244c7363a1d14530febf8e1858c643160999fcd2d3f83"
    },
    "before": {
      "entries": [
        {
          "content_hash": "c464ae596ec21c49e3e9b34d6d7e44ca94a50e9d1fd1f37f6c1920506c2cdc4a",
          "exists": true,
          "path": "./cairn/changes/data-drive-scenario-behavior/design.md"
        },
        {
          "content_hash": "db1ddc68ba50ed669dda5057034cc753ab4748c3949079f25566a8b8dddba7fa",
          "exists": true,
          "path": "./cairn/changes/data-drive-scenario-behavior/proposal.md"
        },
        {
          "content_hash": "e313fa4815dfb62b271a26ccf5cb477fc8e69e2830290cf5c9ae932d0f9d090b",
          "exists": true,
          "path": "./cairn/changes/data-drive-scenario-behavior/specs/mc-compatibility/spec.md"
        },
        {
          "content_hash": "4f24cb6cbb3b44240df44583bf215db8b4cb48961ab2412a98c7daa9026a32ff",
          "exists": true,
          "path": "./cairn/changes/data-drive-scenario-behavior/tasks.md"
        }
      ],
      "manifest_hash": "697d65c4009a923e38c10d3a104d8ee80491bc5aa7c1da83464ff5752e1e596a"
    },
    "kind": "archive",
    "manifest_hash": "1487d288420de65e346a186683c962fcb7563eaf2e399d88d9b83314033b5baf"
  },
  "plan_hash": "fa0777c0ab390fcf0eea238bce70fd49cb3b000e09352fd5def742c693c30d49",
  "policy": "cairn-default",
  "policy_hash": "a210ed841d260e0bf026f3c67ec810216b6409cfe6036f9132b51cc4e3176618",
  "reasons": [],
  "receipt_hash": "861e3fd215fc9902d8ed84b8aafbc43ae375bcfb9fb08fadb3bda4b67d5c3b53"
}
exit_status[archive-execute]=0
## validate
$ nix run .#cairn -- validate --root .
{
  "change_issues": [],
  "changes": 38,
  "issues": [],
  "layout": "cairn",
  "policy": "cairn-default",
  "spec_issues": [],
  "specs_validated": 43,
  "valid": true
}
exit_status[validate]=0
exit_status=0
