command=CAIRN_ARCHIVE_DATE=2026-06-28 nix run .#cairn -- archive data-drive-stevenarella-protocol-versions --root . --execute
cwd=/home/brittonr/git/mc
started_at=2026-06-28T19:30:50Z
{
  "actions": [
    {
      "description": "move active change to archive: data-drive-stevenarella-protocol-versions",
      "kind": "archive_change",
      "path": "./cairn/archive/2026-06-28-data-drive-stevenarella-protocol-versions"
    }
  ],
  "blocked": false,
  "change": "data-drive-stevenarella-protocol-versions",
  "dry_run": false,
  "input_hash": "47827b1c72e4525b35fd176d908eb54b41adea65d9a5ea609c0db560574e2d10",
  "layout": "cairn",
  "mutated": true,
  "mutation_manifest": {
    "after": {
      "entries": [
        {
          "content_hash": "ff1a7cca4a3cbd112df915ad5fd5d1e6f924b1b8ba938a53ea8ffc2e6e3e20a6",
          "exists": true,
          "path": "./cairn/archive/2026-06-28-data-drive-stevenarella-protocol-versions/design.md"
        },
        {
          "content_hash": "43d607f5a4bd1b2ccd620c7b0776b827cb28ceefe6977083b73ceb5d067ee6cf",
          "exists": true,
          "path": "./cairn/archive/2026-06-28-data-drive-stevenarella-protocol-versions/proposal.md"
        },
        {
          "content_hash": "6e32198f5d6679a546af6ad8a941824af447a705f1bb1a429d5de8ad49e2cf76",
          "exists": true,
          "path": "./cairn/archive/2026-06-28-data-drive-stevenarella-protocol-versions/specs/mc-compatibility/spec.md"
        },
        {
          "content_hash": "18cf983f6c40ffa97f982a38b66da141b7ac42f83e13c02c1ead0d7f05d22509",
          "exists": true,
          "path": "./cairn/archive/2026-06-28-data-drive-stevenarella-protocol-versions/tasks.md"
        },
        {
          "content_hash": null,
          "exists": false,
          "path": "./cairn/changes/data-drive-stevenarella-protocol-versions"
        }
      ],
      "manifest_hash": "677ef3c21c0c48c3e7e11490540b83b56c2019fbda7a5ac60291e0ad6e2f11d4"
    },
    "before": {
      "entries": [
        {
          "content_hash": "ff1a7cca4a3cbd112df915ad5fd5d1e6f924b1b8ba938a53ea8ffc2e6e3e20a6",
          "exists": true,
          "path": "./cairn/changes/data-drive-stevenarella-protocol-versions/design.md"
        },
        {
          "content_hash": "43d607f5a4bd1b2ccd620c7b0776b827cb28ceefe6977083b73ceb5d067ee6cf",
          "exists": true,
          "path": "./cairn/changes/data-drive-stevenarella-protocol-versions/proposal.md"
        },
        {
          "content_hash": "6e32198f5d6679a546af6ad8a941824af447a705f1bb1a429d5de8ad49e2cf76",
          "exists": true,
          "path": "./cairn/changes/data-drive-stevenarella-protocol-versions/specs/mc-compatibility/spec.md"
        },
        {
          "content_hash": "18cf983f6c40ffa97f982a38b66da141b7ac42f83e13c02c1ead0d7f05d22509",
          "exists": true,
          "path": "./cairn/changes/data-drive-stevenarella-protocol-versions/tasks.md"
        }
      ],
      "manifest_hash": "ee2e796b674458903179ad90e7e163a2e5ab4b6936114e1f57f8e7e096b05160"
    },
    "kind": "archive",
    "manifest_hash": "631a2b704536816fd44cd7e05a42be438cbbb0d996e848df7de053599dd1bcfd"
  },
  "plan_hash": "aac22c14ff31241a3f448227ee9d2d1741785424a2fe5773dcfdf316f789de73",
  "policy": "cairn-default",
  "policy_hash": "a210ed841d260e0bf026f3c67ec810216b6409cfe6036f9132b51cc4e3176618",
  "reasons": [],
  "receipt_hash": "4960765a7fa7409c615b41fda13bbf0d7a04af6f8248ac0881bbd8b972b58271"
}
finished_at=2026-06-28T19:30:50Z
exit_status=0
