command=nix run .#cairn -- sync data-drive-stevenarella-protocol-versions --root . --execute
cwd=/home/brittonr/git/mc
started_at=2026-06-28T19:29:12Z
{
  "actions": [
    {
      "description": "merge delta spec into main specs: ./cairn/changes/data-drive-stevenarella-protocol-versions/specs/mc-compatibility/spec.md",
      "kind": "sync_delta_spec",
      "path": "./cairn/changes/data-drive-stevenarella-protocol-versions/specs/mc-compatibility/spec.md"
    }
  ],
  "blocked": false,
  "change": "data-drive-stevenarella-protocol-versions",
  "delta_specs": [
    "./cairn/changes/data-drive-stevenarella-protocol-versions/specs/mc-compatibility/spec.md"
  ],
  "dry_run": false,
  "input_hash": "47827b1c72e4525b35fd176d908eb54b41adea65d9a5ea609c0db560574e2d10",
  "layout": "cairn",
  "mutated": true,
  "mutation_manifest": {
    "after": {
      "entries": [
        {
          "content_hash": "0136c35eaab03e42858fd011c1d50a86fa5933dee17cfba02e44f59d1df8b4a8",
          "exists": true,
          "path": "./cairn/specs/mc-compatibility/spec.md"
        }
      ],
      "manifest_hash": "887b04f1988bf4ca3acf25364217d8449ac4e9900e588d59e1329bdc44aeb656"
    },
    "before": {
      "entries": [
        {
          "content_hash": "0136c35eaab03e42858fd011c1d50a86fa5933dee17cfba02e44f59d1df8b4a8",
          "exists": true,
          "path": "./cairn/specs/mc-compatibility/spec.md"
        }
      ],
      "manifest_hash": "887b04f1988bf4ca3acf25364217d8449ac4e9900e588d59e1329bdc44aeb656"
    },
    "kind": "sync",
    "manifest_hash": "ee6c17ed5cccc2aa42e328b3c771ffb3bc4bb93771ec6645e4491444128a04c9"
  },
  "plan_hash": "d9ffe82334ee559687d91604540be3975af09843afaf27ad321ce5538a5d3b14",
  "policy": "cairn-default",
  "policy_hash": "a210ed841d260e0bf026f3c67ec810216b6409cfe6036f9132b51cc4e3176618",
  "reasons": [],
  "receipt_hash": "f12f3208f5c5d58a7957bf7e32b3a109056ab9fe417edf4bf94cddfe4c82238e"
}
finished_at=2026-06-28T19:29:12Z
exit_status=0
