command=nix run .#cairn -- sync data-drive-stevenarella-protocol-versions --root .
cwd=/home/brittonr/git/mc
started_at=2026-06-28T19:28:57Z
{
  "actions": [
    {
      "description": "merge delta spec into main specs: ./cairn/changes/data-drive-stevenarella-protocol-versions/specs/mc-compatibility/spec.md",
      "kind": "sync_delta_spec",
      "path": "./cairn/changes/data-drive-stevenarella-protocol-versions/specs/mc-compatibility/spec.md"
    }
  ],
  "blocked": false,
  "change": "data-drive-stevenarella-protocol-versions",
  "delta_specs": [
    "./cairn/changes/data-drive-stevenarella-protocol-versions/specs/mc-compatibility/spec.md"
  ],
  "dry_run": true,
  "input_hash": "47827b1c72e4525b35fd176d908eb54b41adea65d9a5ea609c0db560574e2d10",
  "layout": "cairn",
  "mutated": false,
  "mutation_manifest": null,
  "plan_hash": "492d147d8c3a50a567678a984c7b4252a75d9ced4061ed6070bacc0122bea3e4",
  "policy": "cairn-default",
  "policy_hash": "a210ed841d260e0bf026f3c67ec810216b6409cfe6036f9132b51cc4e3176618",
  "reasons": [],
  "receipt_hash": "82e3e12ab97487abe0af68ef73adb7733dc5f2d74c66db2a51fd8e09f017de52"
}
finished_at=2026-06-28T19:28:57Z
exit_status=0
