$ nix run .#cairn -- gate design data-drive-scenario-behavior --root .
{
  "change": "data-drive-scenario-behavior",
  "evidence_summary": {
    "docs_only": 0,
    "fixture": 0,
    "formal": 0,
    "mode": "advisory",
    "model": 0,
    "probe": 0,
    "property": 0
  },
  "input_hash": "165ed0cd5fb2b005c3a85c5f60e44bb7abd6437a45f7904ca4ef3eb7876d07de",
  "issues": [],
  "layout": "cairn",
  "policy": "cairn-default",
  "policy_hash": "a210ed841d260e0bf026f3c67ec810216b6409cfe6036f9132b51cc4e3176618",
  "receipt_hash": "cd5bb3094f706de5c3c71642f7e503ad49799340b07f1f391cb40fd37c0b9eb4",
  "stage": "design",
  "valid": true,
  "verdict": "PASS"
}
exit_status=0
