## gate-proposal
$ nix run .#cairn -- gate proposal data-drive-scenario-behavior --root .
{
  "change": "data-drive-scenario-behavior",
  "evidence_summary": {
    "docs_only": 0,
    "fixture": 0,
    "formal": 0,
    "mode": "advisory",
    "model": 0,
    "probe": 0,
    "property": 0
  },
  "input_hash": "e3cff2de2f231212a505c7a4503b6f519dc5ebad3897e415f287eb2926d16369",
  "issues": [],
  "layout": "cairn",
  "policy": "cairn-default",
  "policy_hash": "a210ed841d260e0bf026f3c67ec810216b6409cfe6036f9132b51cc4e3176618",
  "receipt_hash": "202b06a1da431bd4e75931034faf8c98d0ca2d4fb2cf42025ba661f5eba2fb47",
  "stage": "proposal",
  "valid": true,
  "verdict": "PASS"
}
exit_status[gate-proposal]=0
## gate-design
$ nix run .#cairn -- gate design data-drive-scenario-behavior --root .
{
  "change": "data-drive-scenario-behavior",
  "evidence_summary": {
    "docs_only": 0,
    "fixture": 0,
    "formal": 0,
    "mode": "advisory",
    "model": 0,
    "probe": 0,
    "property": 0
  },
  "input_hash": "165ed0cd5fb2b005c3a85c5f60e44bb7abd6437a45f7904ca4ef3eb7876d07de",
  "issues": [],
  "layout": "cairn",
  "policy": "cairn-default",
  "policy_hash": "a210ed841d260e0bf026f3c67ec810216b6409cfe6036f9132b51cc4e3176618",
  "receipt_hash": "cd5bb3094f706de5c3c71642f7e503ad49799340b07f1f391cb40fd37c0b9eb4",
  "stage": "design",
  "valid": true,
  "verdict": "PASS"
}
exit_status[gate-design]=0
## gate-tasks
$ nix run .#cairn -- gate tasks data-drive-scenario-behavior --root .
{
  "change": "data-drive-scenario-behavior",
  "evidence_summary": {
    "docs_only": 0,
    "fixture": 0,
    "formal": 0,
    "mode": "advisory",
    "model": 0,
    "probe": 0,
    "property": 0
  },
  "input_hash": "1326c31bc078326ecef14060decb6e5932e994e70cb9c9097d107aa1efa3276d",
  "issues": [],
  "layout": "cairn",
  "policy": "cairn-default",
  "policy_hash": "a210ed841d260e0bf026f3c67ec810216b6409cfe6036f9132b51cc4e3176618",
  "receipt_hash": "7ee1b5395c8da50056a3fe83e898059300c543c8badd598cfa5d341a75c8233f",
  "stage": "tasks",
  "valid": true,
  "verdict": "PASS"
}
exit_status[gate-tasks]=0
## validate
$ nix run .#cairn -- validate --root .
{
  "change_issues": [],
  "changes": 39,
  "issues": [],
  "layout": "cairn",
  "policy": "cairn-default",
  "spec_issues": [],
  "specs_validated": 44,
  "valid": true
}
exit_status[validate]=0
exit_status=0
