command=nix run .#cairn -- gate proposal data-drive-stevenarella-protocol-versions --root .
cwd=/home/brittonr/git/mc
started_at=2026-06-28T19:15:32Z
{
  "change": "data-drive-stevenarella-protocol-versions",
  "evidence_summary": {
    "docs_only": 0,
    "fixture": 0,
    "formal": 0,
    "mode": "advisory",
    "model": 0,
    "probe": 0,
    "property": 0
  },
  "input_hash": "1f048c058085d1772dd567368ea3c5ee8ac57a223b38012f68efa7b768486934",
  "issues": [],
  "layout": "cairn",
  "policy": "cairn-default",
  "policy_hash": "a210ed841d260e0bf026f3c67ec810216b6409cfe6036f9132b51cc4e3176618",
  "receipt_hash": "9edfd5135ea3867edf941f86eddbe8b8e13c88e75a7850cebaab587ae87df812",
  "stage": "proposal",
  "valid": true,
  "verdict": "PASS"
}
finished_at=2026-06-28T19:15:32Z
exit_status=0
