## cairn gates
$ nix run --no-update-lock-file .#cairn -- gate proposal death-respawn-reconnect-during-death --root .
{
  "change": "death-respawn-reconnect-during-death",
  "evidence_summary": {
    "docs_only": 0,
    "fixture": 0,
    "formal": 0,
    "mode": "advisory",
    "model": 0,
    "probe": 0,
    "property": 0
  },
  "input_hash": "c4cc55355d539e4aa04de41945be21ccddaebf5381a460d328129c506ca631c2",
  "issues": [],
  "layout": "cairn",
  "policy": "cairn-default",
  "policy_hash": "7d2c6606b81e38f9414e81df24c64c9a638d4c238d8a9c04412ac95e347c3355",
  "receipt_hash": "f0885f4ffe486282dfdcafdfc9fc0e9788abe7d21eabfd5732a6060a997b2352",
  "stage": "proposal",
  "valid": true,
  "verdict": "PASS"
}
gate_proposal_exit_status=0
$ nix run --no-update-lock-file .#cairn -- gate design death-respawn-reconnect-during-death --root .
{
  "change": "death-respawn-reconnect-during-death",
  "evidence_summary": {
    "docs_only": 0,
    "fixture": 0,
    "formal": 0,
    "mode": "advisory",
    "model": 0,
    "probe": 0,
    "property": 0
  },
  "input_hash": "3798dc8b0809cd5e146ac2a300885451cce5fc3aef4eada7f8f68471c183e6d2",
  "issues": [],
  "layout": "cairn",
  "policy": "cairn-default",
  "policy_hash": "7d2c6606b81e38f9414e81df24c64c9a638d4c238d8a9c04412ac95e347c3355",
  "receipt_hash": "4635f39d412c5a060ae0145522419576ddbcd6c30143750391bda8bc657b35ea",
  "stage": "design",
  "valid": true,
  "verdict": "PASS"
}
gate_design_exit_status=0
$ nix run --no-update-lock-file .#cairn -- gate tasks death-respawn-reconnect-during-death --root .
{
  "change": "death-respawn-reconnect-during-death",
  "evidence_summary": {
    "docs_only": 0,
    "fixture": 0,
    "formal": 0,
    "mode": "advisory",
    "model": 0,
    "probe": 0,
    "property": 0
  },
  "input_hash": "a416de94181931f434f9d89bc78dbc70c76f34e510a01b6ceb25c66cca1edae6",
  "issues": [],
  "layout": "cairn",
  "policy": "cairn-default",
  "policy_hash": "7d2c6606b81e38f9414e81df24c64c9a638d4c238d8a9c04412ac95e347c3355",
  "receipt_hash": "25f71bd809ea9a7e458e8f0c245ac9fa9fb36e5d4c4dd6e938a18d300690d099",
  "stage": "tasks",
  "valid": true,
  "verdict": "PASS"
}
gate_tasks_exit_status=0
## cairn validate
$ nix run --no-update-lock-file .#cairn -- validate --root .
{
  "change_issues": [],
  "changes": 13,
  "issues": [],
  "layout": "cairn",
  "policy": "cairn-default",
  "spec_issues": [],
  "specs_validated": 15,
  "valid": true
}
validate_exit_status=0
