## cairn gates
$ nix run --no-update-lock-file .#cairn -- gate proposal death-respawn-inventory-reset --root .
{
  "change": "death-respawn-inventory-reset",
  "evidence_summary": {
    "docs_only": 0,
    "fixture": 0,
    "formal": 0,
    "mode": "advisory",
    "model": 0,
    "probe": 0,
    "property": 0
  },
  "input_hash": "262025aa7c2f8963633ae51a69272e3a02dfaddad5658440fd05f3098b7a16a0",
  "issues": [],
  "layout": "cairn",
  "policy": "cairn-default",
  "policy_hash": "7d2c6606b81e38f9414e81df24c64c9a638d4c238d8a9c04412ac95e347c3355",
  "receipt_hash": "03067974d3aacc71e2923e109f56c250e54f3f4e3fe9838b515fe7cd9ed224e7",
  "stage": "proposal",
  "valid": true,
  "verdict": "PASS"
}
gate_proposal_exit_status=0
$ nix run --no-update-lock-file .#cairn -- gate design death-respawn-inventory-reset --root .
{
  "change": "death-respawn-inventory-reset",
  "evidence_summary": {
    "docs_only": 0,
    "fixture": 0,
    "formal": 0,
    "mode": "advisory",
    "model": 0,
    "probe": 0,
    "property": 0
  },
  "input_hash": "6e7e6bab4896ebc7323a0f174ec519850bc3227e6406dff4afadf07a1a5e4d73",
  "issues": [],
  "layout": "cairn",
  "policy": "cairn-default",
  "policy_hash": "7d2c6606b81e38f9414e81df24c64c9a638d4c238d8a9c04412ac95e347c3355",
  "receipt_hash": "8fcbffb25a95139659b8a917c745b20d4c6c321393d499ef6964fadf9b46389e",
  "stage": "design",
  "valid": true,
  "verdict": "PASS"
}
gate_design_exit_status=0
$ nix run --no-update-lock-file .#cairn -- gate tasks death-respawn-inventory-reset --root .
{
  "change": "death-respawn-inventory-reset",
  "evidence_summary": {
    "docs_only": 0,
    "fixture": 0,
    "formal": 0,
    "mode": "advisory",
    "model": 0,
    "probe": 0,
    "property": 0
  },
  "input_hash": "ee7d478db645b603c3fa648bba645d2b353841d56cb1399e15b1dbfb834b9141",
  "issues": [],
  "layout": "cairn",
  "policy": "cairn-default",
  "policy_hash": "7d2c6606b81e38f9414e81df24c64c9a638d4c238d8a9c04412ac95e347c3355",
  "receipt_hash": "95d94180559228ad56bdee6aefb607d5bed0eb0a9d0136831de88e1130db5c75",
  "stage": "tasks",
  "valid": true,
  "verdict": "PASS"
}
gate_tasks_exit_status=0
## cairn validate
$ nix run --no-update-lock-file .#cairn -- validate --root .
{
  "change_issues": [],
  "changes": 15,
  "issues": [],
  "layout": "cairn",
  "policy": "cairn-default",
  "spec_issues": [],
  "specs_validated": 17,
  "valid": true
}
validate_exit_status=0
