## cairn gates
$ nix run --no-update-lock-file .#cairn -- gate proposal death-respawn-repeated-death-safety --root .
{
  "change": "death-respawn-repeated-death-safety",
  "evidence_summary": {
    "docs_only": 0,
    "fixture": 0,
    "formal": 0,
    "mode": "advisory",
    "model": 0,
    "probe": 0,
    "property": 0
  },
  "input_hash": "dc1ede9db5d2e0366d02b2133c0ea09b78af6408eeae4bcd738343cf2bf3e496",
  "issues": [],
  "layout": "cairn",
  "policy": "cairn-default",
  "policy_hash": "7d2c6606b81e38f9414e81df24c64c9a638d4c238d8a9c04412ac95e347c3355",
  "receipt_hash": "8281c6f4fb24bebd8e3248fa7a649e9282edd77632fd6b29b7999303a1dfd20b",
  "stage": "proposal",
  "valid": true,
  "verdict": "PASS"
}
gate_proposal_exit_status=0
$ nix run --no-update-lock-file .#cairn -- gate design death-respawn-repeated-death-safety --root .
{
  "change": "death-respawn-repeated-death-safety",
  "evidence_summary": {
    "docs_only": 0,
    "fixture": 0,
    "formal": 0,
    "mode": "advisory",
    "model": 0,
    "probe": 0,
    "property": 0
  },
  "input_hash": "298ffd7b2a12b1fc8832709732c99c03348871f41eb4c634b4df327c71dc1ce4",
  "issues": [],
  "layout": "cairn",
  "policy": "cairn-default",
  "policy_hash": "7d2c6606b81e38f9414e81df24c64c9a638d4c238d8a9c04412ac95e347c3355",
  "receipt_hash": "823f51a57cdfb778193c9182a6e514592a9b2675bb7c501e3d10ab2a2bae0cd3",
  "stage": "design",
  "valid": true,
  "verdict": "PASS"
}
gate_design_exit_status=0
$ nix run --no-update-lock-file .#cairn -- gate tasks death-respawn-repeated-death-safety --root .
{
  "change": "death-respawn-repeated-death-safety",
  "evidence_summary": {
    "docs_only": 0,
    "fixture": 0,
    "formal": 0,
    "mode": "advisory",
    "model": 0,
    "probe": 0,
    "property": 0
  },
  "input_hash": "fae756f9f1ac71603f763c4c11554b6543028fbc2f7f0cb2494ed6fa3e4fa020",
  "issues": [],
  "layout": "cairn",
  "policy": "cairn-default",
  "policy_hash": "7d2c6606b81e38f9414e81df24c64c9a638d4c238d8a9c04412ac95e347c3355",
  "receipt_hash": "c15dfa3269311c59ae91bb43746f9a74e6c037c2e8d9b18ea9dadd1c116cb6d9",
  "stage": "tasks",
  "valid": true,
  "verdict": "PASS"
}
gate_tasks_exit_status=0
## cairn validate
$ nix run --no-update-lock-file .#cairn -- validate --root .
{
  "change_issues": [],
  "changes": 12,
  "issues": [],
  "layout": "cairn",
  "policy": "cairn-default",
  "spec_issues": [],
  "specs_validated": 14,
  "valid": true
}
validate_exit_status=0
