## cairn gates
$ nix run --no-update-lock-file .#cairn -- gate proposal death-respawn-invalid-respawn-timing --root .
{
  "change": "death-respawn-invalid-respawn-timing",
  "evidence_summary": {
    "docs_only": 0,
    "fixture": 0,
    "formal": 0,
    "mode": "advisory",
    "model": 0,
    "probe": 0,
    "property": 0
  },
  "input_hash": "1826a723ed8875ccf0c9dc27a5bf9f2350278f59a2a0f89be6e8de119f9dea39",
  "issues": [],
  "layout": "cairn",
  "policy": "cairn-default",
  "policy_hash": "7d2c6606b81e38f9414e81df24c64c9a638d4c238d8a9c04412ac95e347c3355",
  "receipt_hash": "010082e52f64e164bf68280f263908e3b7e27c0df732f0891b34e650061895b1",
  "stage": "proposal",
  "valid": true,
  "verdict": "PASS"
}
gate_proposal_exit_status=0
$ nix run --no-update-lock-file .#cairn -- gate design death-respawn-invalid-respawn-timing --root .
{
  "change": "death-respawn-invalid-respawn-timing",
  "evidence_summary": {
    "docs_only": 0,
    "fixture": 0,
    "formal": 0,
    "mode": "advisory",
    "model": 0,
    "probe": 0,
    "property": 0
  },
  "input_hash": "23eb9966b19875c580a042ad1628247f65ee7229da151154ec396fc690d8609a",
  "issues": [],
  "layout": "cairn",
  "policy": "cairn-default",
  "policy_hash": "7d2c6606b81e38f9414e81df24c64c9a638d4c238d8a9c04412ac95e347c3355",
  "receipt_hash": "b4b26f29db7db48003250ebfaa2ef50a32b979afce50374bd8f13f1974b4815c",
  "stage": "design",
  "valid": true,
  "verdict": "PASS"
}
gate_design_exit_status=0
$ nix run --no-update-lock-file .#cairn -- gate tasks death-respawn-invalid-respawn-timing --root .
{
  "change": "death-respawn-invalid-respawn-timing",
  "evidence_summary": {
    "docs_only": 0,
    "fixture": 0,
    "formal": 0,
    "mode": "advisory",
    "model": 0,
    "probe": 0,
    "property": 0
  },
  "input_hash": "0ddb8ce430de3ef1c2bfe7f1994613390eb5718926446847f332a3724be3bbff",
  "issues": [],
  "layout": "cairn",
  "policy": "cairn-default",
  "policy_hash": "7d2c6606b81e38f9414e81df24c64c9a638d4c238d8a9c04412ac95e347c3355",
  "receipt_hash": "1b7770e3082ae108a09e7f56a1acf997d7cc6c8408a762b13ccca8a5513b6dbe",
  "stage": "tasks",
  "valid": true,
  "verdict": "PASS"
}
gate_tasks_exit_status=0
## cairn validate
$ nix run --no-update-lock-file .#cairn -- validate --root .
{
  "change_issues": [],
  "changes": 16,
  "issues": [],
  "layout": "cairn",
  "policy": "cairn-default",
  "spec_issues": [],
  "specs_validated": 18,
  "valid": true
}
validate_exit_status=0
