## cairn gates
$ nix run --no-update-lock-file .#cairn -- gate proposal death-respawn-ordinary-death --root .
{
  "change": "death-respawn-ordinary-death",
  "evidence_summary": {
    "docs_only": 0,
    "fixture": 0,
    "formal": 0,
    "mode": "advisory",
    "model": 0,
    "probe": 0,
    "property": 0
  },
  "input_hash": "7e00b18642ce53cac76de0a432f317f53acef4773408aee3da48b0c674b7d91e",
  "issues": [],
  "layout": "cairn",
  "policy": "cairn-default",
  "policy_hash": "7d2c6606b81e38f9414e81df24c64c9a638d4c238d8a9c04412ac95e347c3355",
  "receipt_hash": "e15cedf120f20ab896933edc3836b8420e175eb56af249cff901d1caba3c13aa",
  "stage": "proposal",
  "valid": true,
  "verdict": "PASS"
}
gate_proposal_exit_status=0
$ nix run --no-update-lock-file .#cairn -- gate design death-respawn-ordinary-death --root .
{
  "change": "death-respawn-ordinary-death",
  "evidence_summary": {
    "docs_only": 0,
    "fixture": 0,
    "formal": 0,
    "mode": "advisory",
    "model": 0,
    "probe": 0,
    "property": 0
  },
  "input_hash": "78e40cea452415c453a532ab84bb1da08f7f58c4c9ea750288407e3788516bb9",
  "issues": [],
  "layout": "cairn",
  "policy": "cairn-default",
  "policy_hash": "7d2c6606b81e38f9414e81df24c64c9a638d4c238d8a9c04412ac95e347c3355",
  "receipt_hash": "b69280e2020021b37a24f88cc022d6425fc7b2acb5970a7ef62e3373a548314f",
  "stage": "design",
  "valid": true,
  "verdict": "PASS"
}
gate_design_exit_status=0
$ nix run --no-update-lock-file .#cairn -- gate tasks death-respawn-ordinary-death --root .
{
  "change": "death-respawn-ordinary-death",
  "evidence_summary": {
    "docs_only": 0,
    "fixture": 0,
    "formal": 0,
    "mode": "advisory",
    "model": 0,
    "probe": 0,
    "property": 0
  },
  "input_hash": "da1d5b2da394714d5544f70cfab85c763df51ac9d130c85f12d3d1108fb974b8",
  "issues": [],
  "layout": "cairn",
  "policy": "cairn-default",
  "policy_hash": "7d2c6606b81e38f9414e81df24c64c9a638d4c238d8a9c04412ac95e347c3355",
  "receipt_hash": "4a81432548e9563d65bb7373d752f4fded21620fac54dcedb3693e18a339aaed",
  "stage": "tasks",
  "valid": true,
  "verdict": "PASS"
}
gate_tasks_exit_status=0
## cairn validate
$ nix run --no-update-lock-file .#cairn -- validate --root .
{
  "change_issues": [],
  "changes": 14,
  "issues": [],
  "layout": "cairn",
  "policy": "cairn-default",
  "spec_issues": [],
  "specs_validated": 16,
  "valid": true
}
validate_exit_status=0
