command=nix run .#cairn -- sync decouple-mc-compat-runner-shell --root .
{
  "actions": [
    {
      "description": "merge delta spec into main specs: ./cairn/changes/decouple-mc-compat-runner-shell/specs/mc-compatibility/spec.md",
      "kind": "sync_delta_spec",
      "path": "./cairn/changes/decouple-mc-compat-runner-shell/specs/mc-compatibility/spec.md"
    }
  ],
  "blocked": false,
  "change": "decouple-mc-compat-runner-shell",
  "delta_specs": [
    "./cairn/changes/decouple-mc-compat-runner-shell/specs/mc-compatibility/spec.md"
  ],
  "dry_run": true,
  "input_hash": "5ee6dd751d104058ce6d524924c441e4b452a47b90e745124b626a2348e4cdff",
  "layout": "cairn",
  "mutated": false,
  "mutation_manifest": null,
  "plan_hash": "b3bbad77a82e9bf32ae0a91749b5661026f3df5642ee63318dddf94bde0b21ab",
  "policy": "cairn-default",
  "policy_hash": "a210ed841d260e0bf026f3c67ec810216b6409cfe6036f9132b51cc4e3176618",
  "reasons": [],
  "receipt_hash": "e4d9d2af730682e4f2119a88f414db3a8a42397ed55093daa66739b8def7e7a5"
}
exit_status=0
