command=nix run .#cairn -- sync decouple-mc-compat-runner-shell --root . --execute
{
  "actions": [
    {
      "description": "merge delta spec into main specs: ./cairn/changes/decouple-mc-compat-runner-shell/specs/mc-compatibility/spec.md",
      "kind": "sync_delta_spec",
      "path": "./cairn/changes/decouple-mc-compat-runner-shell/specs/mc-compatibility/spec.md"
    }
  ],
  "blocked": false,
  "change": "decouple-mc-compat-runner-shell",
  "delta_specs": [
    "./cairn/changes/decouple-mc-compat-runner-shell/specs/mc-compatibility/spec.md"
  ],
  "dry_run": false,
  "input_hash": "5ee6dd751d104058ce6d524924c441e4b452a47b90e745124b626a2348e4cdff",
  "layout": "cairn",
  "mutated": true,
  "mutation_manifest": {
    "after": {
      "entries": [
        {
          "content_hash": "efc5ca3839b0cf2b67fa65fa4436cea2088498ff1f6605bdfbdecb48bc93baca",
          "exists": true,
          "path": "./cairn/specs/mc-compatibility/spec.md"
        }
      ],
      "manifest_hash": "9485c744b9fe793772d65d7cb8553b76a86da6c85ac91970ae3b52f132f4abb7"
    },
    "before": {
      "entries": [
        {
          "content_hash": "efc5ca3839b0cf2b67fa65fa4436cea2088498ff1f6605bdfbdecb48bc93baca",
          "exists": true,
          "path": "./cairn/specs/mc-compatibility/spec.md"
        }
      ],
      "manifest_hash": "9485c744b9fe793772d65d7cb8553b76a86da6c85ac91970ae3b52f132f4abb7"
    },
    "kind": "sync",
    "manifest_hash": "f77645c06682fa514a7353da90d902135d7eace113ffefeb56b298bbbe4c40e1"
  },
  "plan_hash": "cea8af9a9aa478d1b47f051198118666b584adafc9cb9d0e29ae497f2efa06ca",
  "policy": "cairn-default",
  "policy_hash": "a210ed841d260e0bf026f3c67ec810216b6409cfe6036f9132b51cc4e3176618",
  "reasons": [],
  "receipt_hash": "9cb492f12527e1e7c3e4e44e35d9e9bbc4c2c1909ff4b5ac91c7f40bfccab1d0"
}
exit_status=0
