
## nix run .#cairn -- gate proposal decouple-mc-compat-runner-shell --root .
{
  "change": "decouple-mc-compat-runner-shell",
  "evidence_summary": {
    "docs_only": 0,
    "fixture": 0,
    "formal": 0,
    "mode": "advisory",
    "model": 0,
    "probe": 0,
    "property": 0
  },
  "input_hash": "8690160053858eceae8919795f8d2d687e2a699f6374276e0cc78065aef0d325",
  "issues": [],
  "layout": "cairn",
  "policy": "cairn-default",
  "policy_hash": "a210ed841d260e0bf026f3c67ec810216b6409cfe6036f9132b51cc4e3176618",
  "receipt_hash": "b075a7de6b14b3997555c2e16a67e085144fb011183298f411d5c82cc0a85a63",
  "stage": "proposal",
  "valid": true,
  "verdict": "PASS"
}
command_exit_status=0

## nix run .#cairn -- gate design decouple-mc-compat-runner-shell --root .
{
  "change": "decouple-mc-compat-runner-shell",
  "evidence_summary": {
    "docs_only": 0,
    "fixture": 0,
    "formal": 0,
    "mode": "advisory",
    "model": 0,
    "probe": 0,
    "property": 0
  },
  "input_hash": "a25b6f7b2d61829542823f93c33bafd572ef571a6c9e440a046e6ae885c469ed",
  "issues": [],
  "layout": "cairn",
  "policy": "cairn-default",
  "policy_hash": "a210ed841d260e0bf026f3c67ec810216b6409cfe6036f9132b51cc4e3176618",
  "receipt_hash": "1d32b45be0ef2d318645e9fd1044f185ad91723b4bd4b1104fea675e490ffb65",
  "stage": "design",
  "valid": true,
  "verdict": "PASS"
}
command_exit_status=0

## nix run .#cairn -- gate tasks decouple-mc-compat-runner-shell --root .
{
  "change": "decouple-mc-compat-runner-shell",
  "evidence_summary": {
    "docs_only": 0,
    "fixture": 0,
    "formal": 0,
    "mode": "advisory",
    "model": 0,
    "probe": 0,
    "property": 0
  },
  "input_hash": "7e4784e265b6b61318f9dee24c1069d1210acff86ffbfd27892c553e5645b99d",
  "issues": [],
  "layout": "cairn",
  "policy": "cairn-default",
  "policy_hash": "a210ed841d260e0bf026f3c67ec810216b6409cfe6036f9132b51cc4e3176618",
  "receipt_hash": "c6407c3bea6bf8facd7d457c5fe47803f48465803802bf9cd4ff0c7708c6ceb5",
  "stage": "tasks",
  "valid": true,
  "verdict": "PASS"
}
command_exit_status=0

## nix run .#cairn -- validate --root .
{
  "change_issues": [],
  "changes": 5,
  "issues": [],
  "layout": "cairn",
  "policy": "cairn-default",
  "spec_issues": [],
  "specs_validated": 9,
  "valid": true
}
command_exit_status=0

exit_status=0
