
## nix run .#cairn -- change list --root .
{
  "changes": [
    {
      "delta_specs": [
        "./cairn/changes/extract-valence-compat-fixture-cores/specs/mc-compatibility/spec.md"
      ],
      "has_design": true,
      "has_proposal": true,
      "has_tasks": true,
      "metadata": {
        "groups": [],
        "status": null,
        "target_date": null
      },
      "name": "extract-valence-compat-fixture-cores",
      "path": "./cairn/changes/extract-valence-compat-fixture-cores",
      "task_counts": {
        "done": 0,
        "in_progress": 0,
        "todo": 8,
        "total": 8,
        "unmarked": 0
      }
    },
    {
      "delta_specs": [
        "./cairn/changes/harden-stevenarella-runtime-boundaries/specs/mc-compatibility/spec.md"
      ],
      "has_design": true,
      "has_proposal": true,
      "has_tasks": true,
      "metadata": {
        "groups": [],
        "status": null,
        "target_date": null
      },
      "name": "harden-stevenarella-runtime-boundaries",
      "path": "./cairn/changes/harden-stevenarella-runtime-boundaries",
      "task_counts": {
        "done": 0,
        "in_progress": 0,
        "todo": 7,
        "total": 7,
        "unmarked": 0
      }
    },
    {
      "delta_specs": [
        "./cairn/changes/isolate-runner-json-evidence/specs/mc-compatibility/spec.md"
      ],
      "has_design": true,
      "has_proposal": true,
      "has_tasks": true,
      "metadata": {
        "groups": [],
        "status": null,
        "target_date": null
      },
      "name": "isolate-runner-json-evidence",
      "path": "./cairn/changes/isolate-runner-json-evidence",
      "task_counts": {
        "done": 0,
        "in_progress": 0,
        "todo": 7,
        "total": 7,
        "unmarked": 0
      }
    },
    {
      "delta_specs": [
        "./cairn/changes/split-stevenarella-server-probes/specs/mc-compatibility/spec.md"
      ],
      "has_design": true,
      "has_proposal": true,
      "has_tasks": true,
      "metadata": {
        "groups": [],
        "status": null,
        "target_date": null
      },
      "name": "split-stevenarella-server-probes",
      "path": "./cairn/changes/split-stevenarella-server-probes",
      "task_counts": {
        "done": 0,
        "in_progress": 0,
        "todo": 7,
        "total": 7,
        "unmarked": 0
      }
    }
  ],
  "layout": "cairn",
  "root": "."
}
command_exit_status=0

## nix run .#cairn -- validate --root .
{
  "change_issues": [],
  "changes": 4,
  "issues": [],
  "layout": "cairn",
  "policy": "cairn-default",
  "spec_issues": [],
  "specs_validated": 8,
  "valid": true
}
command_exit_status=0

exit_status=0
