## cairn archive dry-run
command=nix run .#cairn -- archive define-workspace-component-registry
command=--root . '' '' '' ''
{
  "actions": [
    {
      "description": "move active change to archive: define-workspace-component-registry",
      "kind": "archive_change",
      "path": "./cairn/changes/define-workspace-component-registry"
    }
  ],
  "blocked": false,
  "change": "define-workspace-component-registry",
  "dry_run": true,
  "input_hash": "5bba02c98198a942e1ed1bdfc89010ba7e3d16567532efcf791ba44991070608",
  "layout": "cairn",
  "mutated": false,
  "mutation_manifest": null,
  "plan_hash": "8645511af31257002873b48bdf4ae16f1724939d013d2f7e71a6054ba795318b",
  "policy": "cairn-default",
  "policy_hash": "a210ed841d260e0bf026f3c67ec810216b6409cfe6036f9132b51cc4e3176618",
  "reasons": [],
  "receipt_hash": "e8a57231dc2773941b7a8c4e6ea16d7a3a203d82ac1ebbe456879930d76c4f41"
}
exit_status=0
