## cairn archive execute
command=CAIRN_ARCHIVE_DATE=2026-06-23 nix run .#cairn -- archive define-workspace-component-registry --root
command=CAIRN_ARCHIVE_DATE=2026-06-23 . --execute '' '' '' '' ''
{
  "actions": [
    {
      "description": "move active change to archive: define-workspace-component-registry",
      "kind": "archive_change",
      "path": "./cairn/archive/2026-06-23-define-workspace-component-registry"
    }
  ],
  "blocked": false,
  "change": "define-workspace-component-registry",
  "dry_run": false,
  "input_hash": "5bba02c98198a942e1ed1bdfc89010ba7e3d16567532efcf791ba44991070608",
  "layout": "cairn",
  "mutated": true,
  "mutation_manifest": {
    "after": {
      "entries": [
        {
          "content_hash": "fe1654653fe58c714a064069018ec5de857988e131d5494823b35e2c349443a5",
          "exists": true,
          "path": "./cairn/archive/2026-06-23-define-workspace-component-registry/design.md"
        },
        {
          "content_hash": "8774ce1dfa2a7eadd4ebcbd142aefd6edc9fe8070b804dd255436f54cf01a682",
          "exists": true,
          "path": "./cairn/archive/2026-06-23-define-workspace-component-registry/proposal.md"
        },
        {
          "content_hash": "565028f6b98325fbbef1f0252cc170ecf6ffc82c2e0075d0523d629311d43d09",
          "exists": true,
          "path": "./cairn/archive/2026-06-23-define-workspace-component-registry/specs/repository-layout/spec.md"
        },
        {
          "content_hash": "8a88d6c67fa8dc558e6ff86945df6ce139de689bda7874b4d33e5038fbc50326",
          "exists": true,
          "path": "./cairn/archive/2026-06-23-define-workspace-component-registry/tasks.md"
        },
        {
          "content_hash": null,
          "exists": false,
          "path": "./cairn/changes/define-workspace-component-registry"
        }
      ],
      "manifest_hash": "bf3d9f1734996cbaaef34ed4a3f188324757a3da6f258c6a2eede65a2fe56da5"
    },
    "before": {
      "entries": [
        {
          "content_hash": "fe1654653fe58c714a064069018ec5de857988e131d5494823b35e2c349443a5",
          "exists": true,
          "path": "./cairn/changes/define-workspace-component-registry/design.md"
        },
        {
          "content_hash": "8774ce1dfa2a7eadd4ebcbd142aefd6edc9fe8070b804dd255436f54cf01a682",
          "exists": true,
          "path": "./cairn/changes/define-workspace-component-registry/proposal.md"
        },
        {
          "content_hash": "565028f6b98325fbbef1f0252cc170ecf6ffc82c2e0075d0523d629311d43d09",
          "exists": true,
          "path": "./cairn/changes/define-workspace-component-registry/specs/repository-layout/spec.md"
        },
        {
          "content_hash": "8a88d6c67fa8dc558e6ff86945df6ce139de689bda7874b4d33e5038fbc50326",
          "exists": true,
          "path": "./cairn/changes/define-workspace-component-registry/tasks.md"
        }
      ],
      "manifest_hash": "ffee6ce38da5b821b49d5002a7f07dcb1be31a71ded24e5946247804e42038fe"
    },
    "kind": "archive",
    "manifest_hash": "244903d63b4484a49d51ee3a7728cda1888179d4500cb3293d06a4b0a2387b22"
  },
  "plan_hash": "9be850e6d483a48248484d15dde10424bbf5e41f683670267600226b364458a1",
  "policy": "cairn-default",
  "policy_hash": "a210ed841d260e0bf026f3c67ec810216b6409cfe6036f9132b51cc4e3176618",
  "reasons": [],
  "receipt_hash": "7b6e3c3f7f1587a05c73ad9fe00da53b9e2d787615b5ca2c522f3f497d2dac33"
}
exit_status=0
