## missing owner fixture rejects
command=nix develop --no-update-lock-file . -c bash -lc mkdir\ -p\ target/component-registry\ \&\&\ nickel\ export\ compat/config/component-registry-fixtures/missing-owner.ncl\ \>\ target/component-registry/missing-owner.json 
mc compat shell: use 'mc-compat-runner --dry-run' or 'nix run .#mc-compat-smoke -- --run'
Stevenarella dev env: cargo/rustc/xvfb-run/OpenSSL/fontconfig/freetype/libxcb paths are available
OnixResearch tools are pinned over SSH: cairn, cargo-octet
Steel is available for repo scripts, e.g. steel scripts/ralph-drain-cairns.scm --self-test
error: missing definition for `owner`
   ┌─ /home/brittonr/git/mc/compat/config/component-registry-contracts.ncl:80:5
   │
80 │     owner | ComponentOwner,
   │     ^^^^^ required here
   │
   ┌─ /home/brittonr/git/mc/compat/config/component-registry-fixtures/missing-owner.ncl:5:17
   │  
 5 │     components = [{
   │ ╭─────────────────'
 6 │ │     path = "clients/stevenarella/",
 7 │ │     role = "core-client",
 8 │ │     vcs_boundary = "parent-git",
   · │
13 │ │     nested_git_exception = false,
14 │ │   }],
   │ ╰───' in this record

observed_status=1
expected_failure_observed=true
exit_status=0

## unsafe path fixture rejects
command=nix develop --no-update-lock-file . -c bash -lc mkdir\ -p\ target/component-registry\ \&\&\ nickel\ export\ compat/config/component-registry-fixtures/unsafe-path.ncl\ \>\ target/component-registry/unsafe-path.json 
mc compat shell: use 'mc-compat-runner --dry-run' or 'nix run .#mc-compat-smoke -- --run'
Stevenarella dev env: cargo/rustc/xvfb-run/OpenSSL/fontconfig/freetype/libxcb paths are available
OnixResearch tools are pinned over SSH: cairn, cargo-octet
Steel is available for repo scripts, e.g. steel scripts/ralph-drain-cairns.scm --self-test
error: contract broken by the value of `path`
   ┌─ /home/brittonr/git/mc/compat/config/component-registry-contracts.ncl:78:12
   │
78 │     path | ComponentPath,
   │            ------------- expected type
   │
   ┌─ /home/brittonr/git/mc/compat/config/component-registry-fixtures/unsafe-path.ncl:6:12
   │
 6 │     path = "../escape/",
   │            ^^^^^^^^^^^^ applied to this expression
   │
   ┌─ <unknown> (generated by evaluation):1:1
   │
 1 │ "../escape/"
   │ ------------ evaluated to this value

observed_status=1
expected_failure_observed=true
exit_status=0

## invalid gate fixture rejects
command=nix develop --no-update-lock-file . -c bash -lc mkdir\ -p\ target/component-registry\ \&\&\ nickel\ export\ compat/config/component-registry-fixtures/invalid-gate.ncl\ \>\ target/component-registry/invalid-gate.json 
mc compat shell: use 'mc-compat-runner --dry-run' or 'nix run .#mc-compat-smoke -- --run'
Stevenarella dev env: cargo/rustc/xvfb-run/OpenSSL/fontconfig/freetype/libxcb paths are available
OnixResearch tools are pinned over SSH: cairn, cargo-octet
Steel is available for repo scripts, e.g. steel scripts/ralph-drain-cairns.scm --self-test
error: contract broken by the value of `default_gate_participation`
   ┌─ /home/brittonr/git/mc/compat/config/component-registry-contracts.ncl:83:34
   │
83 │     default_gate_participation | GateParticipation,
   │                                  ----------------- expected type
   │
   ┌─ /home/brittonr/git/mc/compat/config/component-registry-fixtures/invalid-gate.ncl:11:34
   │
11 │     default_gate_participation = "always",
   │                                  ^^^^^^^^ applied to this expression
   │
   ┌─ <unknown> (generated by evaluation):1:1
   │
 1 │ "always"
   │ -------- evaluated to this value

observed_status=1
expected_failure_observed=true
exit_status=0

## duplicate role checker rejects
command=tools/check_component_registry.rs --root . --registry compat/config/component-registry-fixtures/duplicate-role.ncl 
code=checklist_extra_registry_row path=Leafish/ message=docs/layout-checklist.md has summary row Leafish/ not present in component registry
code=checklist_extra_registry_row path=cairn-policy/ message=docs/layout-checklist.md has summary row cairn-policy/ not present in component registry
code=checklist_extra_registry_row path=cairn/ message=docs/layout-checklist.md has summary row cairn/ not present in component registry
code=checklist_extra_registry_row path=compat/ message=docs/layout-checklist.md has summary row compat/ not present in component registry
code=checklist_extra_registry_row path=compat/config/ message=docs/layout-checklist.md has summary row compat/config/ not present in component registry
code=checklist_extra_registry_row path=compat/fixtures/paper-survival/ message=docs/layout-checklist.md has summary row compat/fixtures/paper-survival/ not present in component registry
code=checklist_extra_registry_row path=compat/runner/ message=docs/layout-checklist.md has summary row compat/runner/ not present in component registry
code=checklist_extra_registry_row path=docs/ message=docs/layout-checklist.md has summary row docs/ not present in component registry
code=checklist_extra_registry_row path=docs/evidence/ message=docs/layout-checklist.md has summary row docs/evidence/ not present in component registry
code=checklist_extra_registry_row path=hyperion/ message=docs/layout-checklist.md has summary row hyperion/ not present in component registry
code=checklist_extra_registry_row path=scripts/ message=docs/layout-checklist.md has summary row scripts/ not present in component registry
code=checklist_extra_registry_row path=tools/ message=docs/layout-checklist.md has summary row tools/ not present in component registry
code=duplicate_role path=servers/valence/ message=role "core-client" is already used by clients/stevenarella/
code=missing_current_inventory path=Leafish/ message=current workspace component Leafish/ is absent from the registry
code=missing_current_inventory path=cairn/ message=current workspace component cairn/ is absent from the registry
code=missing_current_inventory path=compat/config/ message=current workspace component compat/config/ is absent from the registry
code=missing_current_inventory path=compat/fixtures/paper-survival/ message=current workspace component compat/fixtures/paper-survival/ is absent from the registry
code=missing_current_inventory path=compat/runner/ message=current workspace component compat/runner/ is absent from the registry
code=missing_current_inventory path=docs/evidence/ message=current workspace component docs/evidence/ is absent from the registry
code=missing_current_inventory path=hyperion/ message=current workspace component hyperion/ is absent from the registry
code=undocumented_nested_git path=Leafish message=nested Git boundary Leafish/.git is not recorded as a registry exception
code=undocumented_nested_git path=hyperion message=nested Git boundary hyperion/.git is not recorded as a registry exception
observed_status=1
expected_failure_observed=true
exit_status=0
