# extend-manifest-derived-surfaces preflight gates
date=2026-06-24

## command: nix run .#cairn -- change list --root .
{
  "changes": [
    {
      "delta_specs": [
        "./cairn/changes/clean-repo-artifact-boundaries/specs/repository-layout/spec.md"
      ],
      "has_design": true,
      "has_proposal": true,
      "has_tasks": true,
      "metadata": {
        "groups": [],
        "status": null,
        "target_date": null
      },
      "name": "clean-repo-artifact-boundaries",
      "path": "./cairn/changes/clean-repo-artifact-boundaries",
      "task_counts": {
        "done": 5,
        "in_progress": 0,
        "todo": 1,
        "total": 6,
        "unmarked": 0
      }
    },
    {
      "delta_specs": [
        "./cairn/changes/extend-manifest-derived-surfaces/specs/mc-compatibility/spec.md"
      ],
      "has_design": true,
      "has_proposal": true,
      "has_tasks": true,
      "metadata": {
        "groups": [],
        "status": null,
        "target_date": null
      },
      "name": "extend-manifest-derived-surfaces",
      "path": "./cairn/changes/extend-manifest-derived-surfaces",
      "task_counts": {
        "done": 5,
        "in_progress": 0,
        "todo": 1,
        "total": 6,
        "unmarked": 0
      }
    },
    {
      "delta_specs": [
        "./cairn/changes/introduce-scenario-command-router/specs/mc-compatibility/spec.md"
      ],
      "has_design": true,
      "has_proposal": true,
      "has_tasks": true,
      "metadata": {
        "groups": [],
        "status": null,
        "target_date": null
      },
      "name": "introduce-scenario-command-router",
      "path": "./cairn/changes/introduce-scenario-command-router",
      "task_counts": {
        "done": 0,
        "in_progress": 0,
        "todo": 6,
        "total": 6,
        "unmarked": 0
      }
    },
    {
      "delta_specs": [
        "./cairn/changes/partition-evidence-directory/specs/repository-layout/spec.md"
      ],
      "has_design": true,
      "has_proposal": true,
      "has_tasks": true,
      "metadata": {
        "groups": [],
        "status": null,
        "target_date": null
      },
      "name": "partition-evidence-directory",
      "path": "./cairn/changes/partition-evidence-directory",
      "task_counts": {
        "done": 0,
        "in_progress": 0,
        "todo": 6,
        "total": 6,
        "unmarked": 0
      }
    },
    {
      "delta_specs": [
        "./cairn/changes/split-root-flake-modules/specs/repository-layout/spec.md"
      ],
      "has_design": true,
      "has_proposal": true,
      "has_tasks": true,
      "metadata": {
        "groups": [],
        "status": null,
        "target_date": null
      },
      "name": "split-root-flake-modules",
      "path": "./cairn/changes/split-root-flake-modules",
      "task_counts": {
        "done": 5,
        "in_progress": 0,
        "todo": 1,
        "total": 6,
        "unmarked": 0
      }
    },
    {
      "delta_specs": [
        "./cairn/changes/split-root-readme-docs/specs/repository-layout/spec.md"
      ],
      "has_design": true,
      "has_proposal": true,
      "has_tasks": true,
      "metadata": {
        "groups": [],
        "status": null,
        "target_date": null
      },
      "name": "split-root-readme-docs",
      "path": "./cairn/changes/split-root-readme-docs",
      "task_counts": {
        "done": 6,
        "in_progress": 0,
        "todo": 0,
        "total": 6,
        "unmarked": 0
      }
    }
  ],
  "layout": "cairn",
  "root": "."
}
exit_status=0

## command: nix run .#cairn -- gate proposal extend-manifest-derived-surfaces --root .
{
  "change": "extend-manifest-derived-surfaces",
  "evidence_summary": {
    "docs_only": 0,
    "fixture": 0,
    "formal": 0,
    "mode": "advisory",
    "model": 0,
    "probe": 0,
    "property": 0
  },
  "input_hash": "78661a8c4a9bf09edb5e9f2abc50b9b3ed019c49eecccd9b69b6652935c2dba7",
  "issues": [],
  "layout": "cairn",
  "policy": "cairn-default",
  "policy_hash": "a210ed841d260e0bf026f3c67ec810216b6409cfe6036f9132b51cc4e3176618",
  "receipt_hash": "3deea73b4e70866277e6f293acc1505a370145a3907ad933061640d4d3837ee7",
  "stage": "proposal",
  "valid": true,
  "verdict": "PASS"
}
exit_status=0

## command: nix run .#cairn -- gate design extend-manifest-derived-surfaces --root .
{
  "change": "extend-manifest-derived-surfaces",
  "evidence_summary": {
    "docs_only": 0,
    "fixture": 0,
    "formal": 0,
    "mode": "advisory",
    "model": 0,
    "probe": 0,
    "property": 0
  },
  "input_hash": "722aa24f161cb21ec812b326766af85e0e6aad2e86660625e1b4a6ca2c712326",
  "issues": [],
  "layout": "cairn",
  "policy": "cairn-default",
  "policy_hash": "a210ed841d260e0bf026f3c67ec810216b6409cfe6036f9132b51cc4e3176618",
  "receipt_hash": "737ab3bdc8956bc760c43f4e36e3565241284382f004cc19441a2de793c95d6a",
  "stage": "design",
  "valid": true,
  "verdict": "PASS"
}
exit_status=0

## command: nix run .#cairn -- gate tasks extend-manifest-derived-surfaces --root .
{
  "change": "extend-manifest-derived-surfaces",
  "evidence_summary": {
    "docs_only": 0,
    "fixture": 0,
    "formal": 0,
    "mode": "advisory",
    "model": 0,
    "probe": 0,
    "property": 0
  },
  "input_hash": "a20a0cbf628fdccded001b32fd3fc64df6d1287a22246bc366481f5489f029b3",
  "issues": [],
  "layout": "cairn",
  "policy": "cairn-default",
  "policy_hash": "a210ed841d260e0bf026f3c67ec810216b6409cfe6036f9132b51cc4e3176618",
  "receipt_hash": "ba23d1b22c642645eae1bcd6fdc211ff9a789f630b13e6a3de9eb244b25f1854",
  "stage": "tasks",
  "valid": true,
  "verdict": "PASS"
}
exit_status=0

## command: nix run .#cairn -- validate --root .
{
  "change_issues": [],
  "changes": 6,
  "issues": [],
  "layout": "cairn",
  "policy": "cairn-default",
  "spec_issues": [],
  "specs_validated": 10,
  "valid": true
}
exit_status=0

overall_exit_status=0
