## command: nix run .#cairn -- sync extend-manifest-derived-surfaces --root .
{
  "actions": [
    {
      "description": "merge delta spec into main specs: ./cairn/changes/extend-manifest-derived-surfaces/specs/mc-compatibility/spec.md",
      "kind": "sync_delta_spec",
      "path": "./cairn/changes/extend-manifest-derived-surfaces/specs/mc-compatibility/spec.md"
    }
  ],
  "blocked": false,
  "change": "extend-manifest-derived-surfaces",
  "delta_specs": [
    "./cairn/changes/extend-manifest-derived-surfaces/specs/mc-compatibility/spec.md"
  ],
  "dry_run": true,
  "input_hash": "943f205f86715b16b84ae313a49ef3ecf598dc17bc1f382cd17c6e6e9dd3f52b",
  "layout": "cairn",
  "mutated": false,
  "mutation_manifest": null,
  "plan_hash": "ad546671ce3376fc66ae308005fc377b95bf95707ac6cace64bb064ee57b250f",
  "policy": "cairn-default",
  "policy_hash": "a210ed841d260e0bf026f3c67ec810216b6409cfe6036f9132b51cc4e3176618",
  "reasons": [],
  "receipt_hash": "c84cc7e32ce2bff41890cf953d54ec838e58646c61cc2946f3dd7491630d6c13"
}
exit_status=0

## command: nix run .#cairn -- sync extend-manifest-derived-surfaces --root . --execute
{
  "actions": [
    {
      "description": "merge delta spec into main specs: ./cairn/changes/extend-manifest-derived-surfaces/specs/mc-compatibility/spec.md",
      "kind": "sync_delta_spec",
      "path": "./cairn/changes/extend-manifest-derived-surfaces/specs/mc-compatibility/spec.md"
    }
  ],
  "blocked": false,
  "change": "extend-manifest-derived-surfaces",
  "delta_specs": [
    "./cairn/changes/extend-manifest-derived-surfaces/specs/mc-compatibility/spec.md"
  ],
  "dry_run": false,
  "input_hash": "943f205f86715b16b84ae313a49ef3ecf598dc17bc1f382cd17c6e6e9dd3f52b",
  "layout": "cairn",
  "mutated": true,
  "mutation_manifest": {
    "after": {
      "entries": [
        {
          "content_hash": "efc5ca3839b0cf2b67fa65fa4436cea2088498ff1f6605bdfbdecb48bc93baca",
          "exists": true,
          "path": "./cairn/specs/mc-compatibility/spec.md"
        }
      ],
      "manifest_hash": "9485c744b9fe793772d65d7cb8553b76a86da6c85ac91970ae3b52f132f4abb7"
    },
    "before": {
      "entries": [
        {
          "content_hash": "efc5ca3839b0cf2b67fa65fa4436cea2088498ff1f6605bdfbdecb48bc93baca",
          "exists": true,
          "path": "./cairn/specs/mc-compatibility/spec.md"
        }
      ],
      "manifest_hash": "9485c744b9fe793772d65d7cb8553b76a86da6c85ac91970ae3b52f132f4abb7"
    },
    "kind": "sync",
    "manifest_hash": "f77645c06682fa514a7353da90d902135d7eace113ffefeb56b298bbbe4c40e1"
  },
  "plan_hash": "7329564c4bada7cf13cdceedd78ba100f65d2632dccdf41a43e9dab63f91a235",
  "policy": "cairn-default",
  "policy_hash": "a210ed841d260e0bf026f3c67ec810216b6409cfe6036f9132b51cc4e3176618",
  "reasons": [],
  "receipt_hash": "3cc2eb83a2764bfeb79a1e672d723724bbc6f27b948a6dd27f099d6f45b44ef9"
}
exit_status=0

## command: nix run .#cairn -- validate --root .
{
  "change_issues": [],
  "changes": 2,
  "issues": [],
  "layout": "cairn",
  "policy": "cairn-default",
  "spec_issues": [],
  "specs_validated": 6,
  "valid": true
}
exit_status=0

## command: nix run .#cairn -- archive extend-manifest-derived-surfaces --root .
{
  "actions": [
    {
      "description": "move active change to archive: extend-manifest-derived-surfaces",
      "kind": "archive_change",
      "path": "./cairn/changes/extend-manifest-derived-surfaces"
    }
  ],
  "blocked": false,
  "change": "extend-manifest-derived-surfaces",
  "dry_run": true,
  "input_hash": "943f205f86715b16b84ae313a49ef3ecf598dc17bc1f382cd17c6e6e9dd3f52b",
  "layout": "cairn",
  "mutated": false,
  "mutation_manifest": null,
  "plan_hash": "28c9eb6e0f27a97a2579fee68b4c6b2b376c17e8996c2f95f596336daeb5f9b2",
  "policy": "cairn-default",
  "policy_hash": "a210ed841d260e0bf026f3c67ec810216b6409cfe6036f9132b51cc4e3176618",
  "reasons": [],
  "receipt_hash": "a756394e7e0e9c5b6b822658180535957c91ae147cff315694a56ea01e519fd9"
}
exit_status=0

## command: env CAIRN_ARCHIVE_DATE=2026-06-24 nix run .#cairn -- archive extend-manifest-derived-surfaces --root . --execute
{
  "actions": [
    {
      "description": "move active change to archive: extend-manifest-derived-surfaces",
      "kind": "archive_change",
      "path": "./cairn/archive/2026-06-24-extend-manifest-derived-surfaces"
    }
  ],
  "blocked": false,
  "change": "extend-manifest-derived-surfaces",
  "dry_run": false,
  "input_hash": "943f205f86715b16b84ae313a49ef3ecf598dc17bc1f382cd17c6e6e9dd3f52b",
  "layout": "cairn",
  "mutated": true,
  "mutation_manifest": {
    "after": {
      "entries": [
        {
          "content_hash": "3c587ee462f48ede8db52afcd755c807dd501c941f848d05aa94572065cfbf9a",
          "exists": true,
          "path": "./cairn/archive/2026-06-24-extend-manifest-derived-surfaces/design.md"
        },
        {
          "content_hash": "ecb4a4a6d405e2036727abb99a9499fb57a9b803c00b34ecf2d77a3da28d5ed9",
          "exists": true,
          "path": "./cairn/archive/2026-06-24-extend-manifest-derived-surfaces/proposal.md"
        },
        {
          "content_hash": "9b269417526f85023356b236f4d49c3e6e768e23bdc1d0aef524f39f4a056aca",
          "exists": true,
          "path": "./cairn/archive/2026-06-24-extend-manifest-derived-surfaces/specs/mc-compatibility/spec.md"
        },
        {
          "content_hash": "3233c2f234f0563d99438d2a82298ab4cd58fae1eb4eb771ab8b588e106de8f1",
          "exists": true,
          "path": "./cairn/archive/2026-06-24-extend-manifest-derived-surfaces/tasks.md"
        },
        {
          "content_hash": null,
          "exists": false,
          "path": "./cairn/changes/extend-manifest-derived-surfaces"
        }
      ],
      "manifest_hash": "4bb593b52f8f6f71a10796e96f33e667e71a48744d8f9632312acb542fd69471"
    },
    "before": {
      "entries": [
        {
          "content_hash": "3c587ee462f48ede8db52afcd755c807dd501c941f848d05aa94572065cfbf9a",
          "exists": true,
          "path": "./cairn/changes/extend-manifest-derived-surfaces/design.md"
        },
        {
          "content_hash": "ecb4a4a6d405e2036727abb99a9499fb57a9b803c00b34ecf2d77a3da28d5ed9",
          "exists": true,
          "path": "./cairn/changes/extend-manifest-derived-surfaces/proposal.md"
        },
        {
          "content_hash": "9b269417526f85023356b236f4d49c3e6e768e23bdc1d0aef524f39f4a056aca",
          "exists": true,
          "path": "./cairn/changes/extend-manifest-derived-surfaces/specs/mc-compatibility/spec.md"
        },
        {
          "content_hash": "3233c2f234f0563d99438d2a82298ab4cd58fae1eb4eb771ab8b588e106de8f1",
          "exists": true,
          "path": "./cairn/changes/extend-manifest-derived-surfaces/tasks.md"
        }
      ],
      "manifest_hash": "ed2030840df4a86e17c975f5a28f4f98f782552d2e576d76713c87d6a56b637c"
    },
    "kind": "archive",
    "manifest_hash": "eb789f9769da0fbc3b8b23f7f62ca1d92d2946b83db645832d320e3b683d296a"
  },
  "plan_hash": "5585c17c56b2169807008620a0c32f48c95dae52ac4bbb6b9762e56d7370a573",
  "policy": "cairn-default",
  "policy_hash": "a210ed841d260e0bf026f3c67ec810216b6409cfe6036f9132b51cc4e3176618",
  "reasons": [],
  "receipt_hash": "4be0c122c27404eea725090738c9b4982d9fe9d1b94390f70986f8a7650d6583"
}
exit_status=0

## command: nix run .#cairn -- validate --root .
{
  "change_issues": [],
  "changes": 1,
  "issues": [],
  "layout": "cairn",
  "policy": "cairn-default",
  "spec_issues": [],
  "specs_validated": 5,
  "valid": true
}
exit_status=0

overall_exit_status=0
