command=nix run .#cairn -- gate tasks extract-hyperion-player-join-core --root .
cwd=/home/brittonr/git/mc
started_at=2026-06-28T21:58:11Z
{
  "change": "extract-hyperion-player-join-core",
  "evidence_summary": {
    "docs_only": 0,
    "fixture": 0,
    "formal": 0,
    "mode": "advisory",
    "model": 0,
    "probe": 0,
    "property": 0
  },
  "input_hash": "783879fea3dcf44a198b76e152a953161aea914b33bec155567b21a26652b6d8",
  "issues": [],
  "layout": "cairn",
  "policy": "cairn-default",
  "policy_hash": "a210ed841d260e0bf026f3c67ec810216b6409cfe6036f9132b51cc4e3176618",
  "receipt_hash": "69e3519f6cdbddd18e663c12e7f437b98e2e41f6c0f738413c274f207069feb0",
  "stage": "tasks",
  "valid": true,
  "verdict": "PASS"
}
finished_at=2026-06-28T21:58:11Z
exit_status=0
