command=nix run .#cairn -- sync extract-stevenarella-login-core --root . --execute
cwd=/home/brittonr/git/mc
started_at=2026-06-28T19:31:37-04:00
{
  "actions": [
    {
      "description": "merge delta spec into main specs: ./cairn/changes/extract-stevenarella-login-core/specs/mc-compatibility/spec.md",
      "kind": "sync_delta_spec",
      "path": "./cairn/changes/extract-stevenarella-login-core/specs/mc-compatibility/spec.md"
    }
  ],
  "blocked": false,
  "change": "extract-stevenarella-login-core",
  "delta_specs": [
    "./cairn/changes/extract-stevenarella-login-core/specs/mc-compatibility/spec.md"
  ],
  "dry_run": false,
  "input_hash": "340314fc526ee95bff9590b2c5fe134d6265bb818f698e1c8115c8f4042974ff",
  "layout": "cairn",
  "mutated": true,
  "mutation_manifest": {
    "after": {
      "entries": [
        {
          "content_hash": "717e4615e0577abf188eb35ec6629f617faa36bd0a6fed84d86097814ffcefb0",
          "exists": true,
          "path": "./cairn/specs/mc-compatibility/spec.md"
        }
      ],
      "manifest_hash": "f71a61104f059b940c5f0506c375fc65d69e3872a5dfc728c6ac732164bf4c32"
    },
    "before": {
      "entries": [
        {
          "content_hash": "717e4615e0577abf188eb35ec6629f617faa36bd0a6fed84d86097814ffcefb0",
          "exists": true,
          "path": "./cairn/specs/mc-compatibility/spec.md"
        }
      ],
      "manifest_hash": "f71a61104f059b940c5f0506c375fc65d69e3872a5dfc728c6ac732164bf4c32"
    },
    "kind": "sync",
    "manifest_hash": "eab4456eda75e05ea4572489e8045bd3f603efdeb70c147263cb42ec46b4a7cd"
  },
  "plan_hash": "947371cea9e0e3500803869b5ee275b503edad9ca1f7197f0b0e8b29788a7b4e",
  "policy": "cairn-default",
  "policy_hash": "a210ed841d260e0bf026f3c67ec810216b6409cfe6036f9132b51cc4e3176618",
  "reasons": [],
  "receipt_hash": "a33de57bc628c735b3e9555bffe2a16beafcd9de1cab2ef80aa50aa5bf5f8861"
}
finished_at=2026-06-28T19:31:38-04:00
exit_status=0
