command=nix run .#cairn -- gate design extract-hyperion-player-join-core --root .
cwd=/home/brittonr/git/mc
started_at=2026-06-28T21:58:04Z
{
  "change": "extract-hyperion-player-join-core",
  "evidence_summary": {
    "docs_only": 0,
    "fixture": 0,
    "formal": 0,
    "mode": "advisory",
    "model": 0,
    "probe": 0,
    "property": 0
  },
  "input_hash": "4e2eea684f2633fdbe79223d947304662b63039c39153650f95817a93763e628",
  "issues": [],
  "layout": "cairn",
  "policy": "cairn-default",
  "policy_hash": "a210ed841d260e0bf026f3c67ec810216b6409cfe6036f9132b51cc4e3176618",
  "receipt_hash": "e73899b520c7db8cc8edce407510cfe8c1ff2b3cc538d2e45f8d1a3a76ad9549",
  "stage": "design",
  "valid": true,
  "verdict": "PASS"
}
finished_at=2026-06-28T21:58:11Z
exit_status=0
