command=nix run .#cairn -- sync extract-client-driver-core --root .
{
  "actions": [
    {
      "description": "merge delta spec into main specs: ./cairn/changes/extract-client-driver-core/specs/mc-compatibility/spec.md",
      "kind": "sync_delta_spec",
      "path": "./cairn/changes/extract-client-driver-core/specs/mc-compatibility/spec.md"
    }
  ],
  "blocked": false,
  "change": "extract-client-driver-core",
  "delta_specs": [
    "./cairn/changes/extract-client-driver-core/specs/mc-compatibility/spec.md"
  ],
  "dry_run": true,
  "input_hash": "a28e82e5f34cc6c564463f7d84d1e72edab17bcb666a2adc27562170da19b18d",
  "layout": "cairn",
  "mutated": false,
  "mutation_manifest": null,
  "plan_hash": "b1491128f58b39d5064b188698f504e8498be36461126e7e051492c06702e7cd",
  "policy": "cairn-default",
  "policy_hash": "a210ed841d260e0bf026f3c67ec810216b6409cfe6036f9132b51cc4e3176618",
  "reasons": [],
  "receipt_hash": "8faff2f32b8d202fe1abad2f27965b1eef1887812f4b6f6708dd604a97eb165a"
}
exit_status=0
