command=nix run .#cairn -- archive extract-stevenarella-login-core --root .
cwd=/home/brittonr/git/mc
started_at=2026-06-28T19:41:42-04:00
{
  "actions": [
    {
      "description": "move active change to archive: extract-stevenarella-login-core",
      "kind": "archive_change",
      "path": "./cairn/changes/extract-stevenarella-login-core"
    }
  ],
  "blocked": false,
  "change": "extract-stevenarella-login-core",
  "dry_run": true,
  "input_hash": "340314fc526ee95bff9590b2c5fe134d6265bb818f698e1c8115c8f4042974ff",
  "layout": "cairn",
  "mutated": false,
  "mutation_manifest": null,
  "plan_hash": "5a3221412cab45b6c685f22e52a282fb733cecd2de5738c9f6c893f9f7b4422b",
  "policy": "cairn-default",
  "policy_hash": "a210ed841d260e0bf026f3c67ec810216b6409cfe6036f9132b51cc4e3176618",
  "reasons": [],
  "receipt_hash": "d104b2242858cc4515eba4b1edcca24c0c67fa1acd6b0084d91459c3f20aec95"
}
finished_at=2026-06-28T19:41:43-04:00
exit_status=0
