command=nix run .#cairn -- gate tasks extract-stevenarella-login-core --root . 
cwd=/home/brittonr/git/mc
started_at=2026-06-28T19:21:14-04:00
{
  "change": "extract-stevenarella-login-core",
  "evidence_summary": {
    "docs_only": 0,
    "fixture": 0,
    "formal": 0,
    "mode": "advisory",
    "model": 0,
    "probe": 0,
    "property": 0
  },
  "input_hash": "9d64aec09edd12826383a90e187954d7adaf9aa27631ba4a648275cd498285a2",
  "issues": [],
  "layout": "cairn",
  "policy": "cairn-default",
  "policy_hash": "a210ed841d260e0bf026f3c67ec810216b6409cfe6036f9132b51cc4e3176618",
  "receipt_hash": "81a0fcebf20180458aa1e34eae1df92b832612eee4b9180a17a310e97d498a6e",
  "stage": "tasks",
  "valid": true,
  "verdict": "PASS"
}
finished_at=2026-06-28T19:21:14-04:00
exit_status=0
