## sync execute
command=nix run .#cairn -- sync extract-hyperion-bot-packet-core --root . --execute
{
  "actions": [
    {
      "description": "merge delta spec into main specs: ./cairn/changes/extract-hyperion-bot-packet-core/specs/valence-hyperion-integration/spec.md",
      "kind": "sync_delta_spec",
      "path": "./cairn/changes/extract-hyperion-bot-packet-core/specs/valence-hyperion-integration/spec.md"
    }
  ],
  "blocked": false,
  "change": "extract-hyperion-bot-packet-core",
  "delta_specs": [
    "./cairn/changes/extract-hyperion-bot-packet-core/specs/valence-hyperion-integration/spec.md"
  ],
  "dry_run": false,
  "input_hash": "9cc2e555c5b9a584973c7168c5999179c041848183a97471b39ab7a2effe9664",
  "layout": "cairn",
  "mutated": true,
  "mutation_manifest": {
    "after": {
      "entries": [
        {
          "content_hash": "3d55f32fded5a2e6034bca178858e2b4c7900561cc39bbed3003272e5aacbbee",
          "exists": true,
          "path": "./cairn/specs/valence-hyperion-integration/spec.md"
        }
      ],
      "manifest_hash": "f58959499a80e9ba4ec3f05c083316b0a53af94c09c74989cff57bb6c3ad412c"
    },
    "before": {
      "entries": [
        {
          "content_hash": "3d55f32fded5a2e6034bca178858e2b4c7900561cc39bbed3003272e5aacbbee",
          "exists": true,
          "path": "./cairn/specs/valence-hyperion-integration/spec.md"
        }
      ],
      "manifest_hash": "f58959499a80e9ba4ec3f05c083316b0a53af94c09c74989cff57bb6c3ad412c"
    },
    "kind": "sync",
    "manifest_hash": "ead269c692180cf4bf9dc7460c0a5e8c163a9464dd80e62323d54b74dc99d65b"
  },
  "plan_hash": "e087c3bef556ee8efd62999ea810b73d773df2ddd07228abb5ec04da8bc30367",
  "policy": "cairn-default",
  "policy_hash": "a210ed841d260e0bf026f3c67ec810216b6409cfe6036f9132b51cc4e3176618",
  "reasons": [],
  "receipt_hash": "dabc2a15cd2bdabc73c561110ee9b2131b94f8511c03d8254c474c1de122f3b9"
}
exit_status=0
