command=nix run .#cairn -- gate proposal extract-hyperion-player-join-core --root .
cwd=/home/brittonr/git/mc
started_at=2026-06-28T22:19:13Z
{
  "change": "extract-hyperion-player-join-core",
  "evidence_summary": {
    "docs_only": 0,
    "fixture": 0,
    "formal": 0,
    "mode": "advisory",
    "model": 0,
    "probe": 0,
    "property": 0
  },
  "input_hash": "5bee5065a723f37b53749556bae90726fde50aa1909945f0a8c6f8794b1a7aad",
  "issues": [],
  "layout": "cairn",
  "policy": "cairn-default",
  "policy_hash": "a210ed841d260e0bf026f3c67ec810216b6409cfe6036f9132b51cc4e3176618",
  "receipt_hash": "e2d5cc788448ba842b2caad360bfc58658edc5979656ca3355a46eaa4bcb4993",
  "stage": "proposal",
  "valid": true,
  "verdict": "PASS"
}
finished_at=2026-06-28T22:19:14Z
exit_status=0
