command=nix run .#cairn -- gate tasks extract-stevenarella-login-core --root . 
cwd=/home/brittonr/git/mc
started_at=2026-06-28T19:40:45-04:00
{
  "change": "extract-stevenarella-login-core",
  "evidence_summary": {
    "docs_only": 0,
    "fixture": 0,
    "formal": 0,
    "mode": "advisory",
    "model": 0,
    "probe": 0,
    "property": 0
  },
  "input_hash": "c6b3266c6a104a2456c75c1b7e8ad1c6af6bde8c1fec023cbabb99ba30aa69f3",
  "issues": [],
  "layout": "cairn",
  "policy": "cairn-default",
  "policy_hash": "a210ed841d260e0bf026f3c67ec810216b6409cfe6036f9132b51cc4e3176618",
  "receipt_hash": "0ee893be46477accddd0000bfbfd293f77155bffd347da7ddd77a82f2ed82f18",
  "stage": "tasks",
  "valid": true,
  "verdict": "PASS"
}
finished_at=2026-06-28T19:40:45-04:00
exit_status=0
