command=CAIRN_ARCHIVE_DATE=2026-06-28 nix run .#cairn -- archive extract-stevenarella-login-core --root . --execute
cwd=/home/brittonr/git/mc
started_at=2026-06-28T19:41:58-04:00
{
  "actions": [
    {
      "description": "move active change to archive: extract-stevenarella-login-core",
      "kind": "archive_change",
      "path": "./cairn/archive/2026-06-28-extract-stevenarella-login-core"
    }
  ],
  "blocked": false,
  "change": "extract-stevenarella-login-core",
  "dry_run": false,
  "input_hash": "340314fc526ee95bff9590b2c5fe134d6265bb818f698e1c8115c8f4042974ff",
  "layout": "cairn",
  "mutated": true,
  "mutation_manifest": {
    "after": {
      "entries": [
        {
          "content_hash": "c0a84f74581ea62100741742f59977c68dbac57fef179cb93d79ac825443966e",
          "exists": true,
          "path": "./cairn/archive/2026-06-28-extract-stevenarella-login-core/design.md"
        },
        {
          "content_hash": "0610244f34e95cee52e7dffa0fa6e0eb2673b3bf6854c058477b8ffd3deab824",
          "exists": true,
          "path": "./cairn/archive/2026-06-28-extract-stevenarella-login-core/proposal.md"
        },
        {
          "content_hash": "c58c8af4bf35bbd06c30d5467769eb2181db9335602cb2341e3dd1c57b63f71d",
          "exists": true,
          "path": "./cairn/archive/2026-06-28-extract-stevenarella-login-core/specs/mc-compatibility/spec.md"
        },
        {
          "content_hash": "d1050b8519c7b57717a0f48d889168438bd1f389879f3bf4b9f3e171b877f56e",
          "exists": true,
          "path": "./cairn/archive/2026-06-28-extract-stevenarella-login-core/tasks.md"
        },
        {
          "content_hash": null,
          "exists": false,
          "path": "./cairn/changes/extract-stevenarella-login-core"
        }
      ],
      "manifest_hash": "0430acf4da5ece76f96ef0fc5768a9d9acf8d1698465c4a8e57493d63e0f7b9a"
    },
    "before": {
      "entries": [
        {
          "content_hash": "c0a84f74581ea62100741742f59977c68dbac57fef179cb93d79ac825443966e",
          "exists": true,
          "path": "./cairn/changes/extract-stevenarella-login-core/design.md"
        },
        {
          "content_hash": "0610244f34e95cee52e7dffa0fa6e0eb2673b3bf6854c058477b8ffd3deab824",
          "exists": true,
          "path": "./cairn/changes/extract-stevenarella-login-core/proposal.md"
        },
        {
          "content_hash": "c58c8af4bf35bbd06c30d5467769eb2181db9335602cb2341e3dd1c57b63f71d",
          "exists": true,
          "path": "./cairn/changes/extract-stevenarella-login-core/specs/mc-compatibility/spec.md"
        },
        {
          "content_hash": "d1050b8519c7b57717a0f48d889168438bd1f389879f3bf4b9f3e171b877f56e",
          "exists": true,
          "path": "./cairn/changes/extract-stevenarella-login-core/tasks.md"
        }
      ],
      "manifest_hash": "42adec8e6b7ab207a413fa48b7333c5d4b1ae35ce55345156ad6f607012894ee"
    },
    "kind": "archive",
    "manifest_hash": "916321ade08e56a0976e3641e840e86313319e723fe094ff973ccc6c21d91aa3"
  },
  "plan_hash": "908be9af33d67a1195be4ea78b2d555d6315e2dcff48e63c8bd91c807db591b7",
  "policy": "cairn-default",
  "policy_hash": "a210ed841d260e0bf026f3c67ec810216b6409cfe6036f9132b51cc4e3176618",
  "reasons": [],
  "receipt_hash": "7ec59b90f1facd6a05758fd9ac7d99e549a9a1c5032d801f358bfd42909932b2"
}
finished_at=2026-06-28T19:41:58-04:00
exit_status=0
