command=nix run .#cairn -- gate tasks extract-hyperion-player-join-core --root .
cwd=/home/brittonr/git/mc
started_at=2026-06-28T22:19:15Z
{
  "change": "extract-hyperion-player-join-core",
  "evidence_summary": {
    "docs_only": 0,
    "fixture": 0,
    "formal": 0,
    "mode": "advisory",
    "model": 0,
    "probe": 0,
    "property": 0
  },
  "input_hash": "cbf461570d5f5e9cbadbdb2d5c32d99ca026b8f79b51f7b11d8b2d3673b6f9be",
  "issues": [],
  "layout": "cairn",
  "policy": "cairn-default",
  "policy_hash": "a210ed841d260e0bf026f3c67ec810216b6409cfe6036f9132b51cc4e3176618",
  "receipt_hash": "4b1b28b53d98986a5d28d955bc46d09f460cc97ab29500435c77d5817666dc09",
  "stage": "tasks",
  "valid": true,
  "verdict": "PASS"
}
finished_at=2026-06-28T22:19:15Z
exit_status=0
