command=nix run .#cairn -- gate design extract-stevenarella-login-core --root . 
cwd=/home/brittonr/git/mc
started_at=2026-06-28T19:21:14-04:00
{
  "change": "extract-stevenarella-login-core",
  "evidence_summary": {
    "docs_only": 0,
    "fixture": 0,
    "formal": 0,
    "mode": "advisory",
    "model": 0,
    "probe": 0,
    "property": 0
  },
  "input_hash": "dcc130412472085171f5e0e0521cc82e1936d55789c6326218c967fcd8435f99",
  "issues": [],
  "layout": "cairn",
  "policy": "cairn-default",
  "policy_hash": "a210ed841d260e0bf026f3c67ec810216b6409cfe6036f9132b51cc4e3176618",
  "receipt_hash": "16c239be6f8a225e671da01cae5fcc58b2b191567eebb7d0b9357c181b125628",
  "stage": "design",
  "valid": true,
  "verdict": "PASS"
}
finished_at=2026-06-28T19:21:14-04:00
exit_status=0
