## gate proposal
command=nix run .#cairn -- gate proposal extract-hyperion-bot-packet-core --root .
{
  "change": "extract-hyperion-bot-packet-core",
  "evidence_summary": {
    "docs_only": 0,
    "fixture": 0,
    "formal": 0,
    "mode": "advisory",
    "model": 0,
    "probe": 0,
    "property": 0
  },
  "input_hash": "af78ce9970346c163f1022fad828bbabc11ac27d543f7f86e2a6fb8a323e17d9",
  "issues": [],
  "layout": "cairn",
  "policy": "cairn-default",
  "policy_hash": "a210ed841d260e0bf026f3c67ec810216b6409cfe6036f9132b51cc4e3176618",
  "receipt_hash": "ae659f42e35444c6e2e45ff4eb1c9a909ad15dcb5c6c9d184189343992971247",
  "stage": "proposal",
  "valid": true,
  "verdict": "PASS"
}
exit_status=0

## gate design
command=nix run .#cairn -- gate design extract-hyperion-bot-packet-core --root .
{
  "change": "extract-hyperion-bot-packet-core",
  "evidence_summary": {
    "docs_only": 0,
    "fixture": 0,
    "formal": 0,
    "mode": "advisory",
    "model": 0,
    "probe": 0,
    "property": 0
  },
  "input_hash": "1d8360b5b104e860706685c6050fab8d8a24dac1f2df27b86eba7e4e19ce9b32",
  "issues": [],
  "layout": "cairn",
  "policy": "cairn-default",
  "policy_hash": "a210ed841d260e0bf026f3c67ec810216b6409cfe6036f9132b51cc4e3176618",
  "receipt_hash": "3d262ebb0024e551260904e404c0c40c77aa888e3f4fe924885551e9c1ad8b3a",
  "stage": "design",
  "valid": true,
  "verdict": "PASS"
}
exit_status=0

## gate tasks
command=nix run .#cairn -- gate tasks extract-hyperion-bot-packet-core --root .
{
  "change": "extract-hyperion-bot-packet-core",
  "evidence_summary": {
    "docs_only": 0,
    "fixture": 0,
    "formal": 0,
    "mode": "advisory",
    "model": 0,
    "probe": 0,
    "property": 0
  },
  "input_hash": "5eb0ec6413d513388b528b40a18daff3677b992b72be288d119575f6abf0848f",
  "issues": [],
  "layout": "cairn",
  "policy": "cairn-default",
  "policy_hash": "a210ed841d260e0bf026f3c67ec810216b6409cfe6036f9132b51cc4e3176618",
  "receipt_hash": "90ed35d3d9ca965412f11d5dbf49c5950c9aec288db92865d6c6d01fc9a19bb2",
  "stage": "tasks",
  "valid": true,
  "verdict": "PASS"
}
exit_status=0

## validate
command=nix run .#cairn -- validate --root .
{
  "change_issues": [],
  "changes": 36,
  "issues": [],
  "layout": "cairn",
  "policy": "cairn-default",
  "spec_issues": [],
  "specs_validated": 41,
  "valid": true
}
exit_status=0
