command=nix run .#cairn -- sync extract-client-driver-core --root . --execute
{
  "actions": [
    {
      "description": "merge delta spec into main specs: ./cairn/changes/extract-client-driver-core/specs/mc-compatibility/spec.md",
      "kind": "sync_delta_spec",
      "path": "./cairn/changes/extract-client-driver-core/specs/mc-compatibility/spec.md"
    }
  ],
  "blocked": false,
  "change": "extract-client-driver-core",
  "delta_specs": [
    "./cairn/changes/extract-client-driver-core/specs/mc-compatibility/spec.md"
  ],
  "dry_run": false,
  "input_hash": "a28e82e5f34cc6c564463f7d84d1e72edab17bcb666a2adc27562170da19b18d",
  "layout": "cairn",
  "mutated": true,
  "mutation_manifest": {
    "after": {
      "entries": [
        {
          "content_hash": "5bcbe171657833f21441d4d553de17a9eb9df837cbdfb61a6cc739726a429a50",
          "exists": true,
          "path": "./cairn/specs/mc-compatibility/spec.md"
        }
      ],
      "manifest_hash": "8d8c4a5d9d6a7871bb9851a777300150c87994dde01dbeda6378a1578c5677fa"
    },
    "before": {
      "entries": [
        {
          "content_hash": "5bcbe171657833f21441d4d553de17a9eb9df837cbdfb61a6cc739726a429a50",
          "exists": true,
          "path": "./cairn/specs/mc-compatibility/spec.md"
        }
      ],
      "manifest_hash": "8d8c4a5d9d6a7871bb9851a777300150c87994dde01dbeda6378a1578c5677fa"
    },
    "kind": "sync",
    "manifest_hash": "2fe0736a63fe5a4390fee21043271d8b2560819c6557ec178b083005102f1bab"
  },
  "plan_hash": "db10e01be830f031d46f907e35a326ed39e3e205e54ecfd34f4138934aa00af2",
  "policy": "cairn-default",
  "policy_hash": "a210ed841d260e0bf026f3c67ec810216b6409cfe6036f9132b51cc4e3176618",
  "reasons": [],
  "receipt_hash": "d940dadac12172f33f0b5798fa6e82ed1ed4c4bcd45733a54ee13e48687bcaf8"
}
exit_status=0
