command=nix run .#cairn -- gate proposal extract-stevenarella-login-core --root . 
cwd=/home/brittonr/git/mc
started_at=2026-06-28T19:06:04-04:00
{
  "change": "extract-stevenarella-login-core",
  "evidence_summary": {
    "docs_only": 0,
    "fixture": 0,
    "formal": 0,
    "mode": "advisory",
    "model": 0,
    "probe": 0,
    "property": 0
  },
  "input_hash": "782638e179e65f307f6ecea1f247b1644676cf5ecdd275e7a8e8ae2952adcf84",
  "issues": [],
  "layout": "cairn",
  "policy": "cairn-default",
  "policy_hash": "a210ed841d260e0bf026f3c67ec810216b6409cfe6036f9132b51cc4e3176618",
  "receipt_hash": "7d39723e95212d9901f4272cdf70af49b375e0fc4f47db9e3094268a67d62f58",
  "stage": "proposal",
  "valid": true,
  "verdict": "PASS"
}
finished_at=2026-06-28T19:06:04-04:00
exit_status=0
/etc/bash_logout: line 4: __ETC_BASHLOGOUT_SOURCED: unbound variable
