command=CAIRN_ARCHIVE_DATE=2026-06-28 nix run .#cairn -- archive extract-client-driver-core --root . --execute
{
  "actions": [
    {
      "description": "move active change to archive: extract-client-driver-core",
      "kind": "archive_change",
      "path": "./cairn/archive/2026-06-28-extract-client-driver-core"
    }
  ],
  "blocked": false,
  "change": "extract-client-driver-core",
  "dry_run": false,
  "input_hash": "a28e82e5f34cc6c564463f7d84d1e72edab17bcb666a2adc27562170da19b18d",
  "layout": "cairn",
  "mutated": true,
  "mutation_manifest": {
    "after": {
      "entries": [
        {
          "content_hash": "73d133b3d50d158980bbee854d9eaabde5f21ce85bac2d52accea8e1e12f1fe2",
          "exists": true,
          "path": "./cairn/archive/2026-06-28-extract-client-driver-core/design.md"
        },
        {
          "content_hash": "db333a2bb9a25661afca18cd3b86917e955ed04bf66c2749acc7951e00b452f3",
          "exists": true,
          "path": "./cairn/archive/2026-06-28-extract-client-driver-core/proposal.md"
        },
        {
          "content_hash": "40cf432e8af628bbc2e4b38b65cdf53fca119f3993754b15616fc6c7cdef6ddc",
          "exists": true,
          "path": "./cairn/archive/2026-06-28-extract-client-driver-core/specs/mc-compatibility/spec.md"
        },
        {
          "content_hash": "759b6d85052d06c8ef686aac25e7b3f606163dacad37919e088056ef155c6f28",
          "exists": true,
          "path": "./cairn/archive/2026-06-28-extract-client-driver-core/tasks.md"
        },
        {
          "content_hash": null,
          "exists": false,
          "path": "./cairn/changes/extract-client-driver-core"
        }
      ],
      "manifest_hash": "2cac2e7ba1dfab18d694cb54656c3be7ecb3f0b490ad5080507d6d64b085651e"
    },
    "before": {
      "entries": [
        {
          "content_hash": "73d133b3d50d158980bbee854d9eaabde5f21ce85bac2d52accea8e1e12f1fe2",
          "exists": true,
          "path": "./cairn/changes/extract-client-driver-core/design.md"
        },
        {
          "content_hash": "db333a2bb9a25661afca18cd3b86917e955ed04bf66c2749acc7951e00b452f3",
          "exists": true,
          "path": "./cairn/changes/extract-client-driver-core/proposal.md"
        },
        {
          "content_hash": "40cf432e8af628bbc2e4b38b65cdf53fca119f3993754b15616fc6c7cdef6ddc",
          "exists": true,
          "path": "./cairn/changes/extract-client-driver-core/specs/mc-compatibility/spec.md"
        },
        {
          "content_hash": "759b6d85052d06c8ef686aac25e7b3f606163dacad37919e088056ef155c6f28",
          "exists": true,
          "path": "./cairn/changes/extract-client-driver-core/tasks.md"
        }
      ],
      "manifest_hash": "2430d79832f93fcd7908e350107eba6f5e4f28a68c115b77980874cc276aa175"
    },
    "kind": "archive",
    "manifest_hash": "710c1837e11699d87236350e450c4cc47ffe437d06ccb510da6faba09b6f997a"
  },
  "plan_hash": "d39fd42a5248850169928865109212a3a2fae610c0aef3f50fff62ddeb39a47f",
  "policy": "cairn-default",
  "policy_hash": "a210ed841d260e0bf026f3c67ec810216b6409cfe6036f9132b51cc4e3176618",
  "reasons": [],
  "receipt_hash": "835d4935d69849e9fafdccc3cb1ec11cf948714a9e657cf170aeaaab5a015f40"
}
exit_status=0
