command=nix run .#cairn -- gate tasks extract-client-driver-core --root .
{
  "change": "extract-client-driver-core",
  "evidence_summary": {
    "docs_only": 0,
    "fixture": 0,
    "formal": 0,
    "mode": "advisory",
    "model": 0,
    "probe": 0,
    "property": 0
  },
  "input_hash": "0bf08608e633571302df0fb1f3625790dc5f8d733776f1ccc87c940744f9251f",
  "issues": [],
  "layout": "cairn",
  "policy": "cairn-default",
  "policy_hash": "a210ed841d260e0bf026f3c67ec810216b6409cfe6036f9132b51cc4e3176618",
  "receipt_hash": "f578bca82f93b4bb41878fd0c3c8ab1dda472d7a686fb819b860c4e5e0d339e4",
  "stage": "tasks",
  "valid": true,
  "verdict": "PASS"
}
exit_status=0
