command=nix run .#cairn -- gate proposal extract-client-driver-core --root .
{
  "change": "extract-client-driver-core",
  "evidence_summary": {
    "docs_only": 0,
    "fixture": 0,
    "formal": 0,
    "mode": "advisory",
    "model": 0,
    "probe": 0,
    "property": 0
  },
  "input_hash": "cd95b06f8f12662a2a23ac8359b7ca816c28055464fa43e1ed4659b9fd50c6c6",
  "issues": [],
  "layout": "cairn",
  "policy": "cairn-default",
  "policy_hash": "a210ed841d260e0bf026f3c67ec810216b6409cfe6036f9132b51cc4e3176618",
  "receipt_hash": "e6e90eb4aeb1d9e100e9cb44842cd22553f9d0f552eb76e92f2d3fb6147e6693",
  "stage": "proposal",
  "valid": true,
  "verdict": "PASS"
}
exit_status=0
