command=nix run .#cairn -- sync extract-hyperion-player-join-core --root .
cwd=/home/brittonr/git/mc
started_at=2026-06-28T22:17:50Z
{
  "actions": [
    {
      "description": "merge delta spec into main specs: ./cairn/changes/extract-hyperion-player-join-core/specs/valence-hyperion-integration/spec.md",
      "kind": "sync_delta_spec",
      "path": "./cairn/changes/extract-hyperion-player-join-core/specs/valence-hyperion-integration/spec.md"
    }
  ],
  "blocked": false,
  "change": "extract-hyperion-player-join-core",
  "delta_specs": [
    "./cairn/changes/extract-hyperion-player-join-core/specs/valence-hyperion-integration/spec.md"
  ],
  "dry_run": true,
  "input_hash": "ce673888251037883c863bd0f9fb702b2d57bb1935a6f120b96e74dce01002af",
  "layout": "cairn",
  "mutated": false,
  "mutation_manifest": null,
  "plan_hash": "93290c8d0d6fc63f60a36e17ef81af6b54c6f97f46844c80c55263551b0d3da2",
  "policy": "cairn-default",
  "policy_hash": "a210ed841d260e0bf026f3c67ec810216b6409cfe6036f9132b51cc4e3176618",
  "reasons": [],
  "receipt_hash": "79cec6cb4cdaee2f70ea08d61faf717c2d44031eefdd9c4154b3ee2363d65ff4"
}
finished_at=2026-06-28T22:17:51Z
exit_status=0
