command=nix run .#cairn -- gate design extract-hyperion-player-join-core --root .
cwd=/home/brittonr/git/mc
started_at=2026-06-28T22:19:14Z
{
  "change": "extract-hyperion-player-join-core",
  "evidence_summary": {
    "docs_only": 0,
    "fixture": 0,
    "formal": 0,
    "mode": "advisory",
    "model": 0,
    "probe": 0,
    "property": 0
  },
  "input_hash": "76626ec2e6aac19e539fd6d135008dea59b36669d28dc501af113d3f584aff23",
  "issues": [],
  "layout": "cairn",
  "policy": "cairn-default",
  "policy_hash": "a210ed841d260e0bf026f3c67ec810216b6409cfe6036f9132b51cc4e3176618",
  "receipt_hash": "57c410612d42697a43a971c18cc2675e721ea0c9ba0f8fa2c88b962b214d1145",
  "stage": "design",
  "valid": true,
  "verdict": "PASS"
}
finished_at=2026-06-28T22:19:15Z
exit_status=0
