## cwd: /home/brittonr/git/mc
## command: nix run .#cairn -- sync extract-hyperion-inventory-core --root .
{
  "actions": [
    {
      "description": "merge delta spec into main specs: ./cairn/changes/extract-hyperion-inventory-core/specs/valence-hyperion-integration/spec.md",
      "kind": "sync_delta_spec",
      "path": "./cairn/changes/extract-hyperion-inventory-core/specs/valence-hyperion-integration/spec.md"
    }
  ],
  "blocked": false,
  "change": "extract-hyperion-inventory-core",
  "delta_specs": [
    "./cairn/changes/extract-hyperion-inventory-core/specs/valence-hyperion-integration/spec.md"
  ],
  "dry_run": true,
  "input_hash": "afe8ddd8402017020080f57cc76123be5ce4f384d33ab56c338ec21d7aa697c8",
  "layout": "cairn",
  "mutated": false,
  "mutation_manifest": null,
  "plan_hash": "b79211897b8e49779286d908dd4aa283bf7a90f8625414768d3b981d53e9815f",
  "policy": "cairn-default",
  "policy_hash": "a210ed841d260e0bf026f3c67ec810216b6409cfe6036f9132b51cc4e3176618",
  "reasons": [],
  "receipt_hash": "236614274054f05f3ae51e6ec9e472f90e0fb9f87ba32f284e93833f4e34fa84"
}
exit_status=0

## cwd: /home/brittonr/git/mc
## command: nix run .#cairn -- sync extract-hyperion-inventory-core --root . --execute
{
  "actions": [
    {
      "description": "merge delta spec into main specs: ./cairn/changes/extract-hyperion-inventory-core/specs/valence-hyperion-integration/spec.md",
      "kind": "sync_delta_spec",
      "path": "./cairn/changes/extract-hyperion-inventory-core/specs/valence-hyperion-integration/spec.md"
    }
  ],
  "blocked": false,
  "change": "extract-hyperion-inventory-core",
  "delta_specs": [
    "./cairn/changes/extract-hyperion-inventory-core/specs/valence-hyperion-integration/spec.md"
  ],
  "dry_run": false,
  "input_hash": "afe8ddd8402017020080f57cc76123be5ce4f384d33ab56c338ec21d7aa697c8",
  "layout": "cairn",
  "mutated": true,
  "mutation_manifest": {
    "after": {
      "entries": [
        {
          "content_hash": "8dd671f055e2b5952978f3bce1b42649438281d8de1dc04a331999c86d14309c",
          "exists": true,
          "path": "./cairn/specs/valence-hyperion-integration/spec.md"
        }
      ],
      "manifest_hash": "3955d91fae7e0c646aed6c8601c1d2cff69d8e5826d463bc7f4b31525c85887e"
    },
    "before": {
      "entries": [
        {
          "content_hash": "8dd671f055e2b5952978f3bce1b42649438281d8de1dc04a331999c86d14309c",
          "exists": true,
          "path": "./cairn/specs/valence-hyperion-integration/spec.md"
        }
      ],
      "manifest_hash": "3955d91fae7e0c646aed6c8601c1d2cff69d8e5826d463bc7f4b31525c85887e"
    },
    "kind": "sync",
    "manifest_hash": "a48cb1b427a378075cda82603c331ba35c1638c0ea72681708c42a6cfbffa9f6"
  },
  "plan_hash": "461be62b5e4e9a322a99fa8cc548dd7dfe00f1a3e6284d386d336d0728df883b",
  "policy": "cairn-default",
  "policy_hash": "a210ed841d260e0bf026f3c67ec810216b6409cfe6036f9132b51cc4e3176618",
  "reasons": [],
  "receipt_hash": "cc4cdd2234e580a704e7b59abbdc48755c7100c549ef35b36777f1f4c6477ed0"
}
exit_status=0

## cwd: /home/brittonr/git/mc
## command: nix run .#cairn -- archive extract-hyperion-inventory-core --root .
{
  "actions": [
    {
      "description": "move active change to archive: extract-hyperion-inventory-core",
      "kind": "archive_change",
      "path": "./cairn/changes/extract-hyperion-inventory-core"
    }
  ],
  "blocked": false,
  "change": "extract-hyperion-inventory-core",
  "dry_run": true,
  "input_hash": "afe8ddd8402017020080f57cc76123be5ce4f384d33ab56c338ec21d7aa697c8",
  "layout": "cairn",
  "mutated": false,
  "mutation_manifest": null,
  "plan_hash": "0822759c12d870dc6f87b41110ba3fae8621446918323909ca507559f1e38a9c",
  "policy": "cairn-default",
  "policy_hash": "a210ed841d260e0bf026f3c67ec810216b6409cfe6036f9132b51cc4e3176618",
  "reasons": [],
  "receipt_hash": "de3d3cbce5459fb498d3ce9c588b44a4ef35445ce22b66a58bf13b04630d5c9e"
}
exit_status=0

## cwd: /home/brittonr/git/mc
## command: env CAIRN_ARCHIVE_DATE=2026-06-28 nix run .#cairn -- archive extract-hyperion-inventory-core --root . --execute
{
  "actions": [
    {
      "description": "move active change to archive: extract-hyperion-inventory-core",
      "kind": "archive_change",
      "path": "./cairn/archive/2026-06-28-extract-hyperion-inventory-core"
    }
  ],
  "blocked": false,
  "change": "extract-hyperion-inventory-core",
  "dry_run": false,
  "input_hash": "afe8ddd8402017020080f57cc76123be5ce4f384d33ab56c338ec21d7aa697c8",
  "layout": "cairn",
  "mutated": true,
  "mutation_manifest": {
    "after": {
      "entries": [
        {
          "content_hash": "f37b89b60ee5d73a33d7195774380670b187d684ee0a5be9cb715d88ef9d00aa",
          "exists": true,
          "path": "./cairn/archive/2026-06-28-extract-hyperion-inventory-core/design.md"
        },
        {
          "content_hash": "51c87cc8799fb47bdd4e7b7dd41ba8cf56f0364fbec7816760a940e912cc8429",
          "exists": true,
          "path": "./cairn/archive/2026-06-28-extract-hyperion-inventory-core/proposal.md"
        },
        {
          "content_hash": "dbb87c88b0bbb0fc15ad855bd40667e852c02d0b0cdaece705f206a07ba338db",
          "exists": true,
          "path": "./cairn/archive/2026-06-28-extract-hyperion-inventory-core/specs/valence-hyperion-integration/spec.md"
        },
        {
          "content_hash": "c64da47838cb650f68004827530b894b96ccdd7de4d009a3559edbbf2b414f64",
          "exists": true,
          "path": "./cairn/archive/2026-06-28-extract-hyperion-inventory-core/tasks.md"
        },
        {
          "content_hash": null,
          "exists": false,
          "path": "./cairn/changes/extract-hyperion-inventory-core"
        }
      ],
      "manifest_hash": "d7e19153b47905dd01174adba1c541ee4cb1954228483558a762440340d8e031"
    },
    "before": {
      "entries": [
        {
          "content_hash": "f37b89b60ee5d73a33d7195774380670b187d684ee0a5be9cb715d88ef9d00aa",
          "exists": true,
          "path": "./cairn/changes/extract-hyperion-inventory-core/design.md"
        },
        {
          "content_hash": "51c87cc8799fb47bdd4e7b7dd41ba8cf56f0364fbec7816760a940e912cc8429",
          "exists": true,
          "path": "./cairn/changes/extract-hyperion-inventory-core/proposal.md"
        },
        {
          "content_hash": "dbb87c88b0bbb0fc15ad855bd40667e852c02d0b0cdaece705f206a07ba338db",
          "exists": true,
          "path": "./cairn/changes/extract-hyperion-inventory-core/specs/valence-hyperion-integration/spec.md"
        },
        {
          "content_hash": "c64da47838cb650f68004827530b894b96ccdd7de4d009a3559edbbf2b414f64",
          "exists": true,
          "path": "./cairn/changes/extract-hyperion-inventory-core/tasks.md"
        }
      ],
      "manifest_hash": "b226b00abbb133eac60813d56fd25d2488ab73472c15b0616d0ce3165a7eb4e1"
    },
    "kind": "archive",
    "manifest_hash": "994be81cd1a94e220696849b30a153e21e34d2c3fa0e305b3624e59000b89e47"
  },
  "plan_hash": "7079c7eea28214b67531a6dedb00a217da12f1556c75f4e2a60f2dee5189b076",
  "policy": "cairn-default",
  "policy_hash": "a210ed841d260e0bf026f3c67ec810216b6409cfe6036f9132b51cc4e3176618",
  "reasons": [],
  "receipt_hash": "67b4a9c3f0e12d1acc0cf7754116d8bb109b41726d31b5e49582ab1f024242c4"
}
exit_status=0

