## sync dry run
command=nix run .#cairn -- sync extract-hyperion-bot-packet-core --root .
{
  "actions": [
    {
      "description": "merge delta spec into main specs: ./cairn/changes/extract-hyperion-bot-packet-core/specs/valence-hyperion-integration/spec.md",
      "kind": "sync_delta_spec",
      "path": "./cairn/changes/extract-hyperion-bot-packet-core/specs/valence-hyperion-integration/spec.md"
    }
  ],
  "blocked": false,
  "change": "extract-hyperion-bot-packet-core",
  "delta_specs": [
    "./cairn/changes/extract-hyperion-bot-packet-core/specs/valence-hyperion-integration/spec.md"
  ],
  "dry_run": true,
  "input_hash": "9cc2e555c5b9a584973c7168c5999179c041848183a97471b39ab7a2effe9664",
  "layout": "cairn",
  "mutated": false,
  "mutation_manifest": null,
  "plan_hash": "890bdbe9731950a9db69dcb2c484ef6c06825803a5afa7afd9b8cc8d9e7e9867",
  "policy": "cairn-default",
  "policy_hash": "a210ed841d260e0bf026f3c67ec810216b6409cfe6036f9132b51cc4e3176618",
  "reasons": [],
  "receipt_hash": "3c02374225575b36b2cd1aaba68c2293787c1da3a89ce7de5e0f4367b3e0119f"
}
exit_status=0
