command=nix run .#cairn -- gate proposal extract-stevenarella-login-core --root . 
cwd=/home/brittonr/git/mc
started_at=2026-06-28T19:40:44-04:00
{
  "change": "extract-stevenarella-login-core",
  "evidence_summary": {
    "docs_only": 0,
    "fixture": 0,
    "formal": 0,
    "mode": "advisory",
    "model": 0,
    "probe": 0,
    "property": 0
  },
  "input_hash": "2fbc6eb58d45d3d874a7b6d405e88c340de2bbfdde75a0596c92216fb0a754eb",
  "issues": [],
  "layout": "cairn",
  "policy": "cairn-default",
  "policy_hash": "a210ed841d260e0bf026f3c67ec810216b6409cfe6036f9132b51cc4e3176618",
  "receipt_hash": "4f56aed7076ba603e2b12181acc885f7200e87072f473c2414d28f3f57a6395e",
  "stage": "proposal",
  "valid": true,
  "verdict": "PASS"
}
finished_at=2026-06-28T19:40:45-04:00
exit_status=0
