command: nix run .#cairn -- sync add-furnace-smelting-data-fixture-contract --root . --execute && nix run .#cairn -- validate --root .
{
  "actions": [
    {
      "description": "merge delta spec into main specs: ./cairn/changes/add-furnace-smelting-data-fixture-contract/specs/vanilla-composable-plugins/spec.md",
      "kind": "sync_delta_spec",
      "path": "./cairn/changes/add-furnace-smelting-data-fixture-contract/specs/vanilla-composable-plugins/spec.md"
    }
  ],
  "blocked": false,
  "change": "add-furnace-smelting-data-fixture-contract",
  "delta_specs": [
    "./cairn/changes/add-furnace-smelting-data-fixture-contract/specs/vanilla-composable-plugins/spec.md"
  ],
  "dry_run": false,
  "input_hash": "8e5f0cf7e562a6334a907e587e4681d114346df858b16fffb4bc1cee034e3d37",
  "layout": "cairn",
  "mutated": true,
  "mutation_manifest": {
    "after": {
      "entries": [
        {
          "content_hash": "0a22f9a65418a369dcc0bcb3e5a98ed8e9d8e6867f6c83c4818889be09aa0833",
          "exists": true,
          "path": "./cairn/specs/vanilla-composable-plugins/spec.md"
        }
      ],
      "manifest_hash": "cce4bdd431467a8dd64ff41457de971987879722128e22028c1b970437783ce1"
    },
    "before": {
      "entries": [
        {
          "content_hash": "46f62a76a6a6d84dc8eb22609107f2a6bd119a18d2da3df946facad4649cc68a",
          "exists": true,
          "path": "./cairn/specs/vanilla-composable-plugins/spec.md"
        }
      ],
      "manifest_hash": "ef1d3e7180914d100b200822ae43bf70b76c4bbd1b589c7adf2e698c241a6e3a"
    },
    "kind": "sync",
    "manifest_hash": "62530bbe830b7018379210c4d698e44a113d1332aa0dcfbc30fa743123eaaaf4"
  },
  "plan_hash": "ab80089f0ca84aba82b11aa73c65e6b52a66fbee6231278fc6248a149f34fdca",
  "policy": "cairn-default",
  "policy_hash": "a210ed841d260e0bf026f3c67ec810216b6409cfe6036f9132b51cc4e3176618",
  "reasons": [],
  "receipt_hash": "e83acb5631736407643e6745914cd7691c8317021597c6256dc4af6fa71e641f"
}
{
  "change_issues": [],
  "changes": 1,
  "issues": [],
  "layout": "cairn",
  "policy": "cairn-default",
  "spec_issues": [],
  "specs_validated": 8,
  "valid": true
}
exit_status=0
]0;