command=nix run .#cairn -- gate proposal/design/tasks verify-furnace-smelting-selected-row-receipts --root . && nix run .#cairn -- validate --root .
{
  "change": "verify-furnace-smelting-selected-row-receipts",
  "evidence_summary": {
    "docs_only": 0,
    "fixture": 0,
    "formal": 0,
    "mode": "advisory",
    "model": 0,
    "probe": 0,
    "property": 0
  },
  "input_hash": "345191d8af038af28fe0c6423953a2c9ccf3eacdb5d4f1e85ea24159a8763d57",
  "issues": [],
  "layout": "cairn",
  "policy": "cairn-default",
  "policy_hash": "a210ed841d260e0bf026f3c67ec810216b6409cfe6036f9132b51cc4e3176618",
  "receipt_hash": "5f6aeeddfe18f0b7b1d80be634a7729907ef6e07f8161f273596913b2a34806b",
  "stage": "proposal",
  "valid": true,
  "verdict": "PASS"
}
proposal_status=0
{
  "change": "verify-furnace-smelting-selected-row-receipts",
  "evidence_summary": {
    "docs_only": 0,
    "fixture": 0,
    "formal": 0,
    "mode": "advisory",
    "model": 0,
    "probe": 0,
    "property": 0
  },
  "input_hash": "8c7d79a45534e56095f713c1170195ee9ddd1f3cf8e5686ab008bbf73ac6a66b",
  "issues": [],
  "layout": "cairn",
  "policy": "cairn-default",
  "policy_hash": "a210ed841d260e0bf026f3c67ec810216b6409cfe6036f9132b51cc4e3176618",
  "receipt_hash": "b2cf4148648d38a299e8de5a25e6583cfa0a30bb74f5935a9aeddfb084d83797",
  "stage": "design",
  "valid": true,
  "verdict": "PASS"
}
design_status=0
{
  "change": "verify-furnace-smelting-selected-row-receipts",
  "evidence_summary": {
    "docs_only": 0,
    "fixture": 0,
    "formal": 0,
    "mode": "advisory",
    "model": 0,
    "probe": 0,
    "property": 0
  },
  "input_hash": "cb6d451ea2e4e6cd3082217641aa7ec6abc99c8cf747260dea73d524d516ebfc",
  "issues": [],
  "layout": "cairn",
  "policy": "cairn-default",
  "policy_hash": "a210ed841d260e0bf026f3c67ec810216b6409cfe6036f9132b51cc4e3176618",
  "receipt_hash": "4c2a3679e0c2b321a08394c1e0d46fbd8ae4a7060e8a22605ba4a417290e1fd9",
  "stage": "tasks",
  "valid": true,
  "verdict": "PASS"
}
tasks_status=0
{
  "change_issues": [],
  "changes": 1,
  "issues": [],
  "layout": "cairn",
  "policy": "cairn-default",
  "spec_issues": [],
  "specs_validated": 8,
  "valid": true
}
validate_status=0
exit_status=0
