# Furnace smelting Valence runtime shell sync execute
date=2026-07-01
{
  "actions": [
    {
      "description": "merge delta spec into main specs: ./cairn/changes/add-furnace-smelting-valence-runtime-shell/specs/vanilla-composable-plugins/spec.md",
      "kind": "sync_delta_spec",
      "path": "./cairn/changes/add-furnace-smelting-valence-runtime-shell/specs/vanilla-composable-plugins/spec.md"
    }
  ],
  "blocked": false,
  "change": "add-furnace-smelting-valence-runtime-shell",
  "delta_specs": [
    "./cairn/changes/add-furnace-smelting-valence-runtime-shell/specs/vanilla-composable-plugins/spec.md"
  ],
  "dry_run": false,
  "input_hash": "ec1ef44ebd118659d483457bf8694da735a3be6c79b9f0dba20c6fb6faeb86a2",
  "layout": "cairn",
  "mutated": true,
  "mutation_manifest": {
    "after": {
      "entries": [
        {
          "content_hash": "29d29128621f70776265f7b720bcc1340c80bdf2b15c4c3dee56883911a35b14",
          "exists": true,
          "path": "./cairn/specs/vanilla-composable-plugins/spec.md"
        }
      ],
      "manifest_hash": "a0a87ff2b60b965bbc976051bdd11376f00e9c671910fdbac79b23acd86d524f"
    },
    "before": {
      "entries": [
        {
          "content_hash": "5652105f4c1f711be59845910976a763db623cadf15bf7eeac17f10783801a1e",
          "exists": true,
          "path": "./cairn/specs/vanilla-composable-plugins/spec.md"
        }
      ],
      "manifest_hash": "380691b0d01d17f2d301772decc08f1f112d81d8b5cc63d4de32a74812cd5b39"
    },
    "kind": "sync",
    "manifest_hash": "924b620a01db81210190489281753206fa0313946ee771dabc07c01061aae2a5"
  },
  "plan_hash": "cdde7c06effa1564d58b098c7eceda14d0f34f43615ebe1515f56d5323d2dbc7",
  "policy": "cairn-default",
  "policy_hash": "a210ed841d260e0bf026f3c67ec810216b6409cfe6036f9132b51cc4e3176618",
  "reasons": [],
  "receipt_hash": "7cd3c5ef92d6ad8de5927689ac0a998ae9352b78862d8cad73d4f20cf1719422"
}
sync_execute_exit_status=0
overall_exit_status=0
