# Furnace smelting Valence runtime shell sync dry-run
date=2026-07-01
{
  "actions": [
    {
      "description": "merge delta spec into main specs: ./cairn/changes/add-furnace-smelting-valence-runtime-shell/specs/vanilla-composable-plugins/spec.md",
      "kind": "sync_delta_spec",
      "path": "./cairn/changes/add-furnace-smelting-valence-runtime-shell/specs/vanilla-composable-plugins/spec.md"
    }
  ],
  "blocked": false,
  "change": "add-furnace-smelting-valence-runtime-shell",
  "delta_specs": [
    "./cairn/changes/add-furnace-smelting-valence-runtime-shell/specs/vanilla-composable-plugins/spec.md"
  ],
  "dry_run": true,
  "input_hash": "ec1ef44ebd118659d483457bf8694da735a3be6c79b9f0dba20c6fb6faeb86a2",
  "layout": "cairn",
  "mutated": false,
  "mutation_manifest": null,
  "plan_hash": "ff83e32b977143cf2ae409e2bdc687c931d8924f5812ad40d535bb061a3dad40",
  "policy": "cairn-default",
  "policy_hash": "a210ed841d260e0bf026f3c67ec810216b6409cfe6036f9132b51cc4e3176618",
  "reasons": [],
  "receipt_hash": "bc88e06f277805b977651043178c99bdbfd3436fdb69223c74520bff2ea5dec6"
}
sync_dry_run_exit_status=0
overall_exit_status=0
