command: nix run .#cairn -- gate proposal/design/tasks add-furnace-smelting-data-fixture-contract --root . && nix run .#cairn -- validate --root .
{
  "change": "add-furnace-smelting-data-fixture-contract",
  "evidence_summary": {
    "docs_only": 0,
    "fixture": 0,
    "formal": 0,
    "mode": "advisory",
    "model": 0,
    "probe": 0,
    "property": 0
  },
  "input_hash": "f5f48d909ce53513399e5074b9950afbc6ee088699c461b5aaa1507e1ca06dda",
  "issues": [],
  "layout": "cairn",
  "policy": "cairn-default",
  "policy_hash": "a210ed841d260e0bf026f3c67ec810216b6409cfe6036f9132b51cc4e3176618",
  "receipt_hash": "a9e05eb709dc7de5c1ad15f19aaeada5ac33e587e6a7599d9b08d7236c300429",
  "stage": "proposal",
  "valid": true,
  "verdict": "PASS"
}
{
  "change": "add-furnace-smelting-data-fixture-contract",
  "evidence_summary": {
    "docs_only": 0,
    "fixture": 0,
    "formal": 0,
    "mode": "advisory",
    "model": 0,
    "probe": 0,
    "property": 0
  },
  "input_hash": "4921008b36d98d64a60ae1d8a79990be1ab73f96261b4de2b3accb76b3767cf8",
  "issues": [],
  "layout": "cairn",
  "policy": "cairn-default",
  "policy_hash": "a210ed841d260e0bf026f3c67ec810216b6409cfe6036f9132b51cc4e3176618",
  "receipt_hash": "9c8438ae667d90fa6919caa90f977285d50796f442743e74f9b91569dbe4beba",
  "stage": "design",
  "valid": true,
  "verdict": "PASS"
}
{
  "change": "add-furnace-smelting-data-fixture-contract",
  "evidence_summary": {
    "docs_only": 0,
    "fixture": 0,
    "formal": 0,
    "mode": "advisory",
    "model": 0,
    "probe": 0,
    "property": 0
  },
  "input_hash": "b5c44d29d90df42a6113ec23c9042beda222a4f870695ba893c5ec62ad7be2a7",
  "issues": [],
  "layout": "cairn",
  "policy": "cairn-default",
  "policy_hash": "a210ed841d260e0bf026f3c67ec810216b6409cfe6036f9132b51cc4e3176618",
  "receipt_hash": "4f2fa072260f50098624bf61659ca661023d0f52c05d3cd374d414cd3f98ea38",
  "stage": "tasks",
  "valid": true,
  "verdict": "PASS"
}
{
  "change_issues": [],
  "changes": 1,
  "issues": [],
  "layout": "cairn",
  "policy": "cairn-default",
  "spec_issues": [],
  "specs_validated": 8,
  "valid": true
}
exit_status=0
]0;