command=nix develop --no-update-lock-file -c b3sum --check docs/evidence/furnace-smelting-selected-row-receipts-2026-07-01.b3
mc compat shell: use 'mc-compat-runner --dry-run' or 'nix run .#mc-compat-smoke -- --run'
Stevenarella dev env: cargo/rustc/xvfb-run/OpenSSL/fontconfig/freetype/libxcb paths are available
OnixResearch tools are pinned over SSH: cairn, cargo-octet
Steel is available for repo scripts, e.g. steel scripts/ralph-drain-cairns.scm --self-test
tools/check_furnace_smelting_receipt_handoff.rs: OK
compat/config/furnace-smelting-selected-row-fixture.ncl: OK
docs/furnace-smelting-behavior-card.md: OK
docs/furnace-smelting-selected-row-core.md: OK
docs/furnace-smelting-selected-row-data-fixture.md: OK
docs/furnace-smelting-selected-row-receipt-handoff.md: OK
docs/evidence/furnace-smelting-selected-row-receipts-2026-07-01.md: OK
docs/evidence/furnace-smelting-selected-row-receipts-baseline-2026-07-01.run.log: OK
docs/evidence/furnace-smelting-selected-row-receipts-checker-self-test-2026-07-01.run.log: OK
docs/evidence/furnace-smelting-selected-row-receipts-handoff-2026-07-01.run.log: OK
docs/evidence/furnace-smelting-selected-row-receipts-rustfmt-2026-07-01.run.log: OK
docs/evidence/furnace-smelting-selected-row-receipts-focused-validation-2026-07-01.run.log: OK
docs/evidence/furnace-smelting-selected-row-receipts-b3-check-2026-07-01.run.log: OK
docs/evidence/survival-furnace-smelting-breadth-paper-2026-06-21.kv: OK
docs/evidence/survival-furnace-smelting-breadth-valence-2026-06-21.kv: OK
exit_status=0
