command=nix run .#cairn -- archive verify-furnace-smelting-selected-row-receipts --root .
{
  "actions": [
    {
      "description": "move active change to archive: verify-furnace-smelting-selected-row-receipts",
      "kind": "archive_change",
      "path": "./cairn/changes/verify-furnace-smelting-selected-row-receipts"
    }
  ],
  "blocked": false,
  "change": "verify-furnace-smelting-selected-row-receipts",
  "dry_run": true,
  "input_hash": "3caa6f4d28332fb253eef6cd9522890c7e787adef9f4e15be94982ded66511c6",
  "layout": "cairn",
  "mutated": false,
  "mutation_manifest": null,
  "plan_hash": "fc89f48cc94db5caddcc7a4a9dece64e7cb2fb02fc1269cf70840ed924422ee4",
  "policy": "cairn-default",
  "policy_hash": "a210ed841d260e0bf026f3c67ec810216b6409cfe6036f9132b51cc4e3176618",
  "reasons": [],
  "receipt_hash": "95bf1177fb8c86fe8b540e75fd3aa5348e42308322f88552d2a0e5cd77b58fa0"
}
exit_status=0
