command: nix run .#cairn -- gate proposal add-furnace-smelting-behavior-card --root .
{
  "change": "add-furnace-smelting-behavior-card",
  "evidence_summary": {
    "docs_only": 0,
    "fixture": 0,
    "formal": 0,
    "mode": "advisory",
    "model": 0,
    "probe": 0,
    "property": 0
  },
  "input_hash": "e9c975abc0f0bdfcf8f97bce2f58c74ab20d9a80938e30e63bb2f186546756ce",
  "issues": [],
  "layout": "cairn",
  "policy": "cairn-default",
  "policy_hash": "a210ed841d260e0bf026f3c67ec810216b6409cfe6036f9132b51cc4e3176618",
  "receipt_hash": "9864c51e663f593f8b004255cc29bc38651a7bceebaf50be1b99cefcec4b487c",
  "stage": "proposal",
  "valid": true,
  "verdict": "PASS"
}
command: nix run .#cairn -- gate design add-furnace-smelting-behavior-card --root .
{
  "change": "add-furnace-smelting-behavior-card",
  "evidence_summary": {
    "docs_only": 0,
    "fixture": 0,
    "formal": 0,
    "mode": "advisory",
    "model": 0,
    "probe": 0,
    "property": 0
  },
  "input_hash": "0b00ac36e4a0e37926f20400331384d889461b1c6f1dec9c0499038feb0dc449",
  "issues": [],
  "layout": "cairn",
  "policy": "cairn-default",
  "policy_hash": "a210ed841d260e0bf026f3c67ec810216b6409cfe6036f9132b51cc4e3176618",
  "receipt_hash": "d715bfeb451ad985a4ce20c222294416603ccff16628e0c26759dc43cbf1a47b",
  "stage": "design",
  "valid": true,
  "verdict": "PASS"
}
command: nix run .#cairn -- gate tasks add-furnace-smelting-behavior-card --root .
{
  "change": "add-furnace-smelting-behavior-card",
  "evidence_summary": {
    "docs_only": 0,
    "fixture": 0,
    "formal": 0,
    "mode": "advisory",
    "model": 0,
    "probe": 0,
    "property": 0
  },
  "input_hash": "ce9358a6b2e56d377e1186488c4994354c8388b95fef7d44faea9536650b3f29",
  "issues": [],
  "layout": "cairn",
  "policy": "cairn-default",
  "policy_hash": "a210ed841d260e0bf026f3c67ec810216b6409cfe6036f9132b51cc4e3176618",
  "receipt_hash": "4a6cbac1b6362e49e77528addfd4efdfa4635da61b06bd2da4c8e11f2600cbca",
  "stage": "tasks",
  "valid": true,
  "verdict": "PASS"
}
command: nix run .#cairn -- validate --root .
{
  "change_issues": [],
  "changes": 1,
  "issues": [],
  "layout": "cairn",
  "policy": "cairn-default",
  "spec_issues": [],
  "specs_validated": 8,
  "valid": true
}
exit_status=0
