command=nix run .#cairn -- sync add-furnace-smelting-valence-shell-contract --root .
{
  "actions": [
    {
      "description": "merge delta spec into main specs: ./cairn/changes/add-furnace-smelting-valence-shell-contract/specs/vanilla-composable-plugins/spec.md",
      "kind": "sync_delta_spec",
      "path": "./cairn/changes/add-furnace-smelting-valence-shell-contract/specs/vanilla-composable-plugins/spec.md"
    }
  ],
  "blocked": false,
  "change": "add-furnace-smelting-valence-shell-contract",
  "delta_specs": [
    "./cairn/changes/add-furnace-smelting-valence-shell-contract/specs/vanilla-composable-plugins/spec.md"
  ],
  "dry_run": true,
  "input_hash": "55a8bc5dccf9288b9aa48f1ef56a49e43165e83e63d93352a7a3e928f6630d96",
  "layout": "cairn",
  "mutated": false,
  "mutation_manifest": null,
  "plan_hash": "3bc09971146c8369af0129e1e49b9b466894586b494f97919b6336b376245de4",
  "policy": "cairn-default",
  "policy_hash": "a210ed841d260e0bf026f3c67ec810216b6409cfe6036f9132b51cc4e3176618",
  "reasons": [],
  "receipt_hash": "5946a7a9e9b8fd03d71ce05f803c1116a8d093498e0834dd25ba12138283e6f2"
}
exit_status=0
