command=nix run .#cairn -- gate proposal/design/tasks verify-furnace-smelting-selected-row-receipts --root . && nix run .#cairn -- validate --root .
{
  "change": "verify-furnace-smelting-selected-row-receipts",
  "evidence_summary": {
    "docs_only": 0,
    "fixture": 0,
    "formal": 0,
    "mode": "advisory",
    "model": 0,
    "probe": 0,
    "property": 0
  },
  "input_hash": "e15e742d171ddef710da924cd5bcab45b4de35bd4d94cdf8668d4bed701bedda",
  "issues": [],
  "layout": "cairn",
  "policy": "cairn-default",
  "policy_hash": "a210ed841d260e0bf026f3c67ec810216b6409cfe6036f9132b51cc4e3176618",
  "receipt_hash": "6a7b3876d56148e4e189a56d9f5394973ecb70abd6201fb9132c7d9756b3c2b6",
  "stage": "proposal",
  "valid": true,
  "verdict": "PASS"
}
proposal_status=0
{
  "change": "verify-furnace-smelting-selected-row-receipts",
  "evidence_summary": {
    "docs_only": 0,
    "fixture": 0,
    "formal": 0,
    "mode": "advisory",
    "model": 0,
    "probe": 0,
    "property": 0
  },
  "input_hash": "7f298aa7d5b3ff849a37802ebbbb55ce5139579c8c64da9a1af70964add4f5f5",
  "issues": [],
  "layout": "cairn",
  "policy": "cairn-default",
  "policy_hash": "a210ed841d260e0bf026f3c67ec810216b6409cfe6036f9132b51cc4e3176618",
  "receipt_hash": "724af9ec2e17e5705b95e5d30c403dfc5cfba4fdcc85517dfc35f330d54ec228",
  "stage": "design",
  "valid": true,
  "verdict": "PASS"
}
design_status=0
{
  "change": "verify-furnace-smelting-selected-row-receipts",
  "evidence_summary": {
    "docs_only": 0,
    "fixture": 0,
    "formal": 0,
    "mode": "advisory",
    "model": 0,
    "probe": 0,
    "property": 0
  },
  "input_hash": "7d6d60d6c12168aefd3521ab7119426930fa0017e85d2592b43515b545bbca7c",
  "issues": [],
  "layout": "cairn",
  "policy": "cairn-default",
  "policy_hash": "a210ed841d260e0bf026f3c67ec810216b6409cfe6036f9132b51cc4e3176618",
  "receipt_hash": "8ae686dddf510f1462e608dadca01dc5f006c907c73c22801e3a48fbf46b7f2d",
  "stage": "tasks",
  "valid": true,
  "verdict": "PASS"
}
tasks_status=0
{
  "change_issues": [],
  "changes": 1,
  "issues": [],
  "layout": "cairn",
  "policy": "cairn-default",
  "spec_issues": [],
  "specs_validated": 8,
  "valid": true
}
validate_status=0
exit_status=0
