command=nix run .#cairn -- gate proposal add-furnace-smelting-valence-shell-contract --root .
{
  "change": "add-furnace-smelting-valence-shell-contract",
  "evidence_summary": {
    "docs_only": 0,
    "fixture": 0,
    "formal": 0,
    "mode": "advisory",
    "model": 0,
    "probe": 0,
    "property": 0
  },
  "input_hash": "729d3bbedf62668ba00c4da8e6eb524735eb4761e147317f337f38fa730f9764",
  "issues": [],
  "layout": "cairn",
  "policy": "cairn-default",
  "policy_hash": "a210ed841d260e0bf026f3c67ec810216b6409cfe6036f9132b51cc4e3176618",
  "receipt_hash": "4f184667c72bec338c60da86960572b70b96a5cd299af550de83dda085c7cff9",
  "stage": "proposal",
  "valid": true,
  "verdict": "PASS"
}
gate_proposal_exit_status=0
command=nix run .#cairn -- gate design add-furnace-smelting-valence-shell-contract --root .
{
  "change": "add-furnace-smelting-valence-shell-contract",
  "evidence_summary": {
    "docs_only": 0,
    "fixture": 0,
    "formal": 0,
    "mode": "advisory",
    "model": 0,
    "probe": 0,
    "property": 0
  },
  "input_hash": "70a2b750a7f44045e42f2afccda2d3da1de2ffec56388f3ba1b2d4b41bc83f51",
  "issues": [],
  "layout": "cairn",
  "policy": "cairn-default",
  "policy_hash": "a210ed841d260e0bf026f3c67ec810216b6409cfe6036f9132b51cc4e3176618",
  "receipt_hash": "953d318b708736eb5dabddee1c982debe076ae753f48c79d60d6768a2bedb533",
  "stage": "design",
  "valid": true,
  "verdict": "PASS"
}
gate_design_exit_status=0
command=nix run .#cairn -- gate tasks add-furnace-smelting-valence-shell-contract --root .
{
  "change": "add-furnace-smelting-valence-shell-contract",
  "evidence_summary": {
    "docs_only": 0,
    "fixture": 0,
    "formal": 0,
    "mode": "advisory",
    "model": 0,
    "probe": 0,
    "property": 0
  },
  "input_hash": "05c7d793a0ec955269e8d10559bdf7784b3224ffddecfbf797041b0c92d6e4eb",
  "issues": [],
  "layout": "cairn",
  "policy": "cairn-default",
  "policy_hash": "a210ed841d260e0bf026f3c67ec810216b6409cfe6036f9132b51cc4e3176618",
  "receipt_hash": "b5152dc2f73d16ba73ffbcf0dbb40e53507267a3057c04c1bb0eeed96daa56e6",
  "stage": "tasks",
  "valid": true,
  "verdict": "PASS"
}
gate_tasks_exit_status=0
command=nix run .#cairn -- validate --root .
{
  "change_issues": [],
  "changes": 1,
  "issues": [],
  "layout": "cairn",
  "policy": "cairn-default",
  "spec_issues": [],
  "specs_validated": 8,
  "valid": true
}
cairn_validate_exit_status=0
overall_exit_status=0
