command=nix run .#cairn -- archive add-furnace-smelting-valence-shell-contract --root .
{
  "actions": [
    {
      "description": "move active change to archive: add-furnace-smelting-valence-shell-contract",
      "kind": "archive_change",
      "path": "./cairn/changes/add-furnace-smelting-valence-shell-contract"
    }
  ],
  "blocked": false,
  "change": "add-furnace-smelting-valence-shell-contract",
  "dry_run": true,
  "input_hash": "48679176c7b4f1c602a6c1aeb6423db4510a4d64e57a420004fde02fc75926d0",
  "layout": "cairn",
  "mutated": false,
  "mutation_manifest": null,
  "plan_hash": "efc0c9ab20614ccc8b428aa320fc33e09059677ccd5446655e1ce6a6e6434e58",
  "policy": "cairn-default",
  "policy_hash": "a210ed841d260e0bf026f3c67ec810216b6409cfe6036f9132b51cc4e3176618",
  "reasons": [],
  "receipt_hash": "d8ee09b15d57ee152a8cea16062c05bd031649ed1df5490516c17f6db5955222"
}
exit_status=0
