command: nix run .#cairn -- gate proposal/design/tasks add-furnace-smelting-data-fixture-contract --root . && nix run .#cairn -- validate --root .
{
  "change": "add-furnace-smelting-data-fixture-contract",
  "evidence_summary": {
    "docs_only": 0,
    "fixture": 0,
    "formal": 0,
    "mode": "advisory",
    "model": 0,
    "probe": 0,
    "property": 0
  },
  "input_hash": "cdd3644693d42e723511492aadf26fbc75d5721e4fe8bf9fb7f3ee3ac28ed36c",
  "issues": [],
  "layout": "cairn",
  "policy": "cairn-default",
  "policy_hash": "a210ed841d260e0bf026f3c67ec810216b6409cfe6036f9132b51cc4e3176618",
  "receipt_hash": "4a7f23a9f364f480ef68e758fd9194f350eebafc53b65a13a7647e9e8f10e981",
  "stage": "proposal",
  "valid": true,
  "verdict": "PASS"
}
{
  "change": "add-furnace-smelting-data-fixture-contract",
  "evidence_summary": {
    "docs_only": 0,
    "fixture": 0,
    "formal": 0,
    "mode": "advisory",
    "model": 0,
    "probe": 0,
    "property": 0
  },
  "input_hash": "ac2f81cb81ea3bd1ed57f795435297961e03e339084794b906afa01a0d9d59c7",
  "issues": [],
  "layout": "cairn",
  "policy": "cairn-default",
  "policy_hash": "a210ed841d260e0bf026f3c67ec810216b6409cfe6036f9132b51cc4e3176618",
  "receipt_hash": "408b89cdb9e22dc96a76de30ccf3abec88ee7ac787d01c4aa1f9023591e66f7b",
  "stage": "design",
  "valid": true,
  "verdict": "PASS"
}
{
  "change": "add-furnace-smelting-data-fixture-contract",
  "evidence_summary": {
    "docs_only": 0,
    "fixture": 0,
    "formal": 0,
    "mode": "advisory",
    "model": 0,
    "probe": 0,
    "property": 0
  },
  "input_hash": "81c01e775a6ae618dfd00c9d127dcb458f6acaade18b57ab80f1caf54dfb1f19",
  "issues": [],
  "layout": "cairn",
  "policy": "cairn-default",
  "policy_hash": "a210ed841d260e0bf026f3c67ec810216b6409cfe6036f9132b51cc4e3176618",
  "receipt_hash": "53efc8742de15893904b4bf1aed3ac0bbd841564365caa91c212f4820d69e1e4",
  "stage": "tasks",
  "valid": true,
  "verdict": "PASS"
}
{
  "change_issues": [],
  "changes": 1,
  "issues": [],
  "layout": "cairn",
  "policy": "cairn-default",
  "spec_issues": [],
  "specs_validated": 8,
  "valid": true
}
exit_status=0
]0;