# Furnace smelting Valence runtime shell archive dry-run
date=2026-07-01
{
  "actions": [
    {
      "description": "move active change to archive: add-furnace-smelting-valence-runtime-shell",
      "kind": "archive_change",
      "path": "./cairn/changes/add-furnace-smelting-valence-runtime-shell"
    }
  ],
  "blocked": false,
  "change": "add-furnace-smelting-valence-runtime-shell",
  "dry_run": true,
  "input_hash": "ba1f4c76c1ccc84b1794b6e4a869481ecf0666a60fb62e595b0b8e83dc023a67",
  "layout": "cairn",
  "mutated": false,
  "mutation_manifest": null,
  "plan_hash": "46f970ce21dd881381e20a97290ab7f16bc630549027855d86475cb1d94ebedd",
  "policy": "cairn-default",
  "policy_hash": "a210ed841d260e0bf026f3c67ec810216b6409cfe6036f9132b51cc4e3176618",
  "reasons": [],
  "receipt_hash": "692773ea2c272c92a56a779b127f58e48c6553cb9c43246e376082f1c47988ca"
}
archive_dry_run_exit_status=0
overall_exit_status=0
