command: nix run .#cairn -- gate proposal add-furnace-smelting-selected-row-core --root .
{
  "change": "add-furnace-smelting-selected-row-core",
  "evidence_summary": {
    "docs_only": 0,
    "fixture": 0,
    "formal": 0,
    "mode": "advisory",
    "model": 0,
    "probe": 0,
    "property": 0
  },
  "input_hash": "a273d50e9f373ceafc29bdcbc3d7c3ea4cf417273ec9885cf9f598fff75f3fed",
  "issues": [],
  "layout": "cairn",
  "policy": "cairn-default",
  "policy_hash": "a210ed841d260e0bf026f3c67ec810216b6409cfe6036f9132b51cc4e3176618",
  "receipt_hash": "0d0bff37357d968a44b761cd6f310ab2a75b6fbdda306d81a9ffc94cc518fee5",
  "stage": "proposal",
  "valid": true,
  "verdict": "PASS"
}
command: nix run .#cairn -- gate design add-furnace-smelting-selected-row-core --root .
{
  "change": "add-furnace-smelting-selected-row-core",
  "evidence_summary": {
    "docs_only": 0,
    "fixture": 0,
    "formal": 0,
    "mode": "advisory",
    "model": 0,
    "probe": 0,
    "property": 0
  },
  "input_hash": "f9250f00f49ea2bfbc25f8360e0789348bf838ad18aae57bbbfc461d0efae4ac",
  "issues": [],
  "layout": "cairn",
  "policy": "cairn-default",
  "policy_hash": "a210ed841d260e0bf026f3c67ec810216b6409cfe6036f9132b51cc4e3176618",
  "receipt_hash": "77f2412329ceabb2630d80a1e5cd9eda585954f61458742b0d1c34d36c30fb08",
  "stage": "design",
  "valid": true,
  "verdict": "PASS"
}
command: nix run .#cairn -- gate tasks add-furnace-smelting-selected-row-core --root .
{
  "change": "add-furnace-smelting-selected-row-core",
  "evidence_summary": {
    "docs_only": 0,
    "fixture": 0,
    "formal": 0,
    "mode": "advisory",
    "model": 0,
    "probe": 0,
    "property": 0
  },
  "input_hash": "cdf1fdad3c14e318727d350661470b0b1a96bb9c5bc459ddbf772d35cfeb128f",
  "issues": [],
  "layout": "cairn",
  "policy": "cairn-default",
  "policy_hash": "a210ed841d260e0bf026f3c67ec810216b6409cfe6036f9132b51cc4e3176618",
  "receipt_hash": "ffb6083bed55cb6dd62353ee9cafdefaef21237fb50fd88c698a06b77d644df9",
  "stage": "tasks",
  "valid": true,
  "verdict": "PASS"
}
command: nix run .#cairn -- validate --root .
{
  "change_issues": [],
  "changes": 1,
  "issues": [],
  "layout": "cairn",
  "policy": "cairn-default",
  "spec_issues": [],
  "specs_validated": 8,
  "valid": true
}
exit_status=0
