command: nix run .#cairn -- archive add-furnace-smelting-selected-row-core --root .
{
  "actions": [
    {
      "description": "move active change to archive: add-furnace-smelting-selected-row-core",
      "kind": "archive_change",
      "path": "./cairn/changes/add-furnace-smelting-selected-row-core"
    }
  ],
  "blocked": false,
  "change": "add-furnace-smelting-selected-row-core",
  "dry_run": true,
  "input_hash": "55b37868fdd2117cf7dac8032dd0996c9fd396214fbb790003ce9101a6058547",
  "layout": "cairn",
  "mutated": false,
  "mutation_manifest": null,
  "plan_hash": "c9f69d32872e932d9738565764bae17088a75f97c1b99495336fa57b3c58a684",
  "policy": "cairn-default",
  "policy_hash": "a210ed841d260e0bf026f3c67ec810216b6409cfe6036f9132b51cc4e3176618",
  "reasons": [],
  "receipt_hash": "e53d4720f29908e30a9a9b31e792e3dda5f02bcaaea39b6d41f2b2dca4c1d0ef"
}
command: CAIRN_ARCHIVE_DATE=2026-07-01 nix run .#cairn -- archive add-furnace-smelting-selected-row-core --root . --execute
{
  "actions": [
    {
      "description": "move active change to archive: add-furnace-smelting-selected-row-core",
      "kind": "archive_change",
      "path": "./cairn/archive/2026-07-01-add-furnace-smelting-selected-row-core"
    }
  ],
  "blocked": false,
  "change": "add-furnace-smelting-selected-row-core",
  "dry_run": false,
  "input_hash": "55b37868fdd2117cf7dac8032dd0996c9fd396214fbb790003ce9101a6058547",
  "layout": "cairn",
  "mutated": true,
  "mutation_manifest": {
    "after": {
      "entries": [
        {
          "content_hash": "08b864743bcf72cedd31a1fd8ee0229bac93c437e5ffee7106baa82bb4abda38",
          "exists": true,
          "path": "./cairn/archive/2026-07-01-add-furnace-smelting-selected-row-core/design.md"
        },
        {
          "content_hash": "7800b968b40ef4811b8c5bd419c20944e9f16ddbfd424c1bfd4a87f8eb9b2746",
          "exists": true,
          "path": "./cairn/archive/2026-07-01-add-furnace-smelting-selected-row-core/proposal.md"
        },
        {
          "content_hash": "b4f189005d1f6f67bb3c83ae5dc09df87f3a93b834c0cab14f2ff73a9b214320",
          "exists": true,
          "path": "./cairn/archive/2026-07-01-add-furnace-smelting-selected-row-core/specs/vanilla-composable-plugins/spec.md"
        },
        {
          "content_hash": "22f2150cbc948597cf918f8f3728c0bbc48970b6aa661057cb3ad9105d877f2f",
          "exists": true,
          "path": "./cairn/archive/2026-07-01-add-furnace-smelting-selected-row-core/tasks.md"
        },
        {
          "content_hash": null,
          "exists": false,
          "path": "./cairn/changes/add-furnace-smelting-selected-row-core"
        }
      ],
      "manifest_hash": "82463c1e05deef3cdd0313d37b55428709337f3a5607de3a286826bada350444"
    },
    "before": {
      "entries": [
        {
          "content_hash": "08b864743bcf72cedd31a1fd8ee0229bac93c437e5ffee7106baa82bb4abda38",
          "exists": true,
          "path": "./cairn/changes/add-furnace-smelting-selected-row-core/design.md"
        },
        {
          "content_hash": "7800b968b40ef4811b8c5bd419c20944e9f16ddbfd424c1bfd4a87f8eb9b2746",
          "exists": true,
          "path": "./cairn/changes/add-furnace-smelting-selected-row-core/proposal.md"
        },
        {
          "content_hash": "b4f189005d1f6f67bb3c83ae5dc09df87f3a93b834c0cab14f2ff73a9b214320",
          "exists": true,
          "path": "./cairn/changes/add-furnace-smelting-selected-row-core/specs/vanilla-composable-plugins/spec.md"
        },
        {
          "content_hash": "22f2150cbc948597cf918f8f3728c0bbc48970b6aa661057cb3ad9105d877f2f",
          "exists": true,
          "path": "./cairn/changes/add-furnace-smelting-selected-row-core/tasks.md"
        }
      ],
      "manifest_hash": "7b4ff1669e7ba0e3ee57c71ed5d38440b19bf94b5e5465ea42bc15fab9ef1adf"
    },
    "kind": "archive",
    "manifest_hash": "0ea1ee1a683ec4f2de5536eee582313a00f3b51b31ba7549d032b835e8d177cf"
  },
  "plan_hash": "9a5207ba95de513761ddee836d9e9e9112b43624c9ad44adc606a242b697a7b5",
  "policy": "cairn-default",
  "policy_hash": "a210ed841d260e0bf026f3c67ec810216b6409cfe6036f9132b51cc4e3176618",
  "reasons": [],
  "receipt_hash": "20338ee3c9aaecff8815136e0365a843f2a44093e76eeec70d35e22379763f0a"
}
command: nix run .#cairn -- validate --root .
{
  "change_issues": [],
  "changes": 0,
  "issues": [],
  "layout": "cairn",
  "policy": "cairn-default",
  "spec_issues": [],
  "specs_validated": 7,
  "valid": true
}
exit_status=0
