command=nix run .#cairn -- gate proposal add-furnace-smelting-valence-shell-contract --root .
{
  "change": "add-furnace-smelting-valence-shell-contract",
  "evidence_summary": {
    "docs_only": 0,
    "fixture": 0,
    "formal": 0,
    "mode": "advisory",
    "model": 0,
    "probe": 0,
    "property": 0
  },
  "input_hash": "05ac20e060c8b45fffe96364b29d56288e5e10d097debd1ae1311a49e7ddf67c",
  "issues": [],
  "layout": "cairn",
  "policy": "cairn-default",
  "policy_hash": "a210ed841d260e0bf026f3c67ec810216b6409cfe6036f9132b51cc4e3176618",
  "receipt_hash": "f787111d04aee5efbc54c64205a25590d9f2c85e0c0ba4e5bf998032b0f0e0e9",
  "stage": "proposal",
  "valid": true,
  "verdict": "PASS"
}
gate_proposal_exit_status=0
command=nix run .#cairn -- gate design add-furnace-smelting-valence-shell-contract --root .
{
  "change": "add-furnace-smelting-valence-shell-contract",
  "evidence_summary": {
    "docs_only": 0,
    "fixture": 0,
    "formal": 0,
    "mode": "advisory",
    "model": 0,
    "probe": 0,
    "property": 0
  },
  "input_hash": "5d538718ced167551cc1bc891636bfea94f0a0ed6d3fd645392fd4922c8d6367",
  "issues": [],
  "layout": "cairn",
  "policy": "cairn-default",
  "policy_hash": "a210ed841d260e0bf026f3c67ec810216b6409cfe6036f9132b51cc4e3176618",
  "receipt_hash": "3526440b6caefcca3e522cbfb792e51a4139d0f02c5b038ca65f1c0d2004be46",
  "stage": "design",
  "valid": true,
  "verdict": "PASS"
}
gate_design_exit_status=0
command=nix run .#cairn -- gate tasks add-furnace-smelting-valence-shell-contract --root .
{
  "change": "add-furnace-smelting-valence-shell-contract",
  "evidence_summary": {
    "docs_only": 0,
    "fixture": 0,
    "formal": 0,
    "mode": "advisory",
    "model": 0,
    "probe": 0,
    "property": 0
  },
  "input_hash": "c7b7020cdca2b82f850f82443aa346b3f44a95bdf7519004caee69890b45ee09",
  "issues": [],
  "layout": "cairn",
  "policy": "cairn-default",
  "policy_hash": "a210ed841d260e0bf026f3c67ec810216b6409cfe6036f9132b51cc4e3176618",
  "receipt_hash": "a1814b02653ef4973cfdefe2fdcf052496792f8537282d5d79fbe90c4423aada",
  "stage": "tasks",
  "valid": true,
  "verdict": "PASS"
}
gate_tasks_exit_status=0
command=nix run .#cairn -- validate --root .
{
  "change_issues": [],
  "changes": 1,
  "issues": [],
  "layout": "cairn",
  "policy": "cairn-default",
  "spec_issues": [],
  "specs_validated": 8,
  "valid": true
}
cairn_validate_exit_status=0
overall_exit_status=0
