command: nix run .#cairn -- archive add-furnace-smelting-data-fixture-contract --root .
{
  "actions": [
    {
      "description": "move active change to archive: add-furnace-smelting-data-fixture-contract",
      "kind": "archive_change",
      "path": "./cairn/changes/add-furnace-smelting-data-fixture-contract"
    }
  ],
  "blocked": false,
  "change": "add-furnace-smelting-data-fixture-contract",
  "dry_run": true,
  "input_hash": "5176afad1a6b941a286870c1f8951ce5f9aa10208a95bbb121861c0c122529e0",
  "layout": "cairn",
  "mutated": false,
  "mutation_manifest": null,
  "plan_hash": "834837701d4084b57d5cd5345c43479013c452a20774d30a98d20b9dd9ce23d9",
  "policy": "cairn-default",
  "policy_hash": "a210ed841d260e0bf026f3c67ec810216b6409cfe6036f9132b51cc4e3176618",
  "reasons": [],
  "receipt_hash": "8d7976250081d57205aa6199e36af2b125534949c7918e2e62d2a747248ebf9d"
}
exit_status=0
]0;