command=CAIRN_ARCHIVE_DATE=2026-06-25 nix run .#cairn -- archive gate-optional-systems-with-bevy-run-conditions --root . --execute
{
  "actions": [
    {
      "description": "move active change to archive: gate-optional-systems-with-bevy-run-conditions",
      "kind": "archive_change",
      "path": "./cairn/archive/2026-06-25-gate-optional-systems-with-bevy-run-conditions"
    }
  ],
  "blocked": false,
  "change": "gate-optional-systems-with-bevy-run-conditions",
  "dry_run": false,
  "input_hash": "fd158f02f14ce9f2f492b74cdfdbe44554eb9f2fdbb386dfb6c8860bfa681902",
  "layout": "cairn",
  "mutated": true,
  "mutation_manifest": {
    "after": {
      "entries": [
        {
          "content_hash": "d58f4ceb4ab685ba2ba0a945a8f531d3e20deeb448c6161af846df88c63245c2",
          "exists": true,
          "path": "./cairn/archive/2026-06-25-gate-optional-systems-with-bevy-run-conditions/design.md"
        },
        {
          "content_hash": "ef7fc89f89df86a8700dadfe2d68a043acff4e068fb8d11c88509e86fec1a0c5",
          "exists": true,
          "path": "./cairn/archive/2026-06-25-gate-optional-systems-with-bevy-run-conditions/proposal.md"
        },
        {
          "content_hash": "001bfebbbe9c0d1122ef092c274ac37b47e88a9c2439b6989d7f92d549b30fed",
          "exists": true,
          "path": "./cairn/archive/2026-06-25-gate-optional-systems-with-bevy-run-conditions/specs/valence-bevy-ecs/spec.md"
        },
        {
          "content_hash": "d8d394888524594cef029a8447ab66308cf9d13c699f9d8a2c822cffaf038f48",
          "exists": true,
          "path": "./cairn/archive/2026-06-25-gate-optional-systems-with-bevy-run-conditions/tasks.md"
        },
        {
          "content_hash": null,
          "exists": false,
          "path": "./cairn/changes/gate-optional-systems-with-bevy-run-conditions"
        }
      ],
      "manifest_hash": "64d34347c781b89b7030ef24cc60bd77154925877a5485f86e779e0e7965c49b"
    },
    "before": {
      "entries": [
        {
          "content_hash": "d58f4ceb4ab685ba2ba0a945a8f531d3e20deeb448c6161af846df88c63245c2",
          "exists": true,
          "path": "./cairn/changes/gate-optional-systems-with-bevy-run-conditions/design.md"
        },
        {
          "content_hash": "ef7fc89f89df86a8700dadfe2d68a043acff4e068fb8d11c88509e86fec1a0c5",
          "exists": true,
          "path": "./cairn/changes/gate-optional-systems-with-bevy-run-conditions/proposal.md"
        },
        {
          "content_hash": "001bfebbbe9c0d1122ef092c274ac37b47e88a9c2439b6989d7f92d549b30fed",
          "exists": true,
          "path": "./cairn/changes/gate-optional-systems-with-bevy-run-conditions/specs/valence-bevy-ecs/spec.md"
        },
        {
          "content_hash": "d8d394888524594cef029a8447ab66308cf9d13c699f9d8a2c822cffaf038f48",
          "exists": true,
          "path": "./cairn/changes/gate-optional-systems-with-bevy-run-conditions/tasks.md"
        }
      ],
      "manifest_hash": "8cd8fe39ec0e240a479b81831fce59444025130b590e2b1302511466f2c4dcda"
    },
    "kind": "archive",
    "manifest_hash": "f4c4f8ac36285ebd96f953e4492e68f1aee607e4ed9968c837375b76c92a73c4"
  },
  "plan_hash": "fd94ec341fedf47df41cb058d88dc31242e08b8960b615b2fa3c6a242982f364",
  "policy": "cairn-default",
  "policy_hash": "a210ed841d260e0bf026f3c67ec810216b6409cfe6036f9132b51cc4e3176618",
  "reasons": [],
  "receipt_hash": "20b8750e832f3476333bd884d4302387e1001810f96c43dc92b7a87162b8cc33"
}

exit_status=0
