command=nix run .#cairn -- gate proposal gate-optional-systems-with-bevy-run-conditions --root .
{
  "change": "gate-optional-systems-with-bevy-run-conditions",
  "evidence_summary": {
    "docs_only": 0,
    "fixture": 0,
    "formal": 0,
    "mode": "advisory",
    "model": 0,
    "probe": 0,
    "property": 0
  },
  "input_hash": "cd724a1ba71f837dc40d8d961ec224b54092f6a4934d3bd34f40925e9ef3c65f",
  "issues": [],
  "layout": "cairn",
  "policy": "cairn-default",
  "policy_hash": "a210ed841d260e0bf026f3c67ec810216b6409cfe6036f9132b51cc4e3176618",
  "receipt_hash": "235d881a24b5cd8d6323f094d051a809d7d67daa6d13b3d50420ca483450ac95",
  "stage": "proposal",
  "valid": true,
  "verdict": "PASS"
}

command=nix run .#cairn -- gate design gate-optional-systems-with-bevy-run-conditions --root .
{
  "change": "gate-optional-systems-with-bevy-run-conditions",
  "evidence_summary": {
    "docs_only": 0,
    "fixture": 0,
    "formal": 0,
    "mode": "advisory",
    "model": 0,
    "probe": 0,
    "property": 0
  },
  "input_hash": "eb9fb088e37e937f265e9c7bf067af019b352056b6a437612ff441714b86e06c",
  "issues": [],
  "layout": "cairn",
  "policy": "cairn-default",
  "policy_hash": "a210ed841d260e0bf026f3c67ec810216b6409cfe6036f9132b51cc4e3176618",
  "receipt_hash": "bfe3b86d6bb4210c49e6aaaadff81220e23ad647b20218eb74c92939f3b6696d",
  "stage": "design",
  "valid": true,
  "verdict": "PASS"
}

command=nix run .#cairn -- gate tasks gate-optional-systems-with-bevy-run-conditions --root .
{
  "change": "gate-optional-systems-with-bevy-run-conditions",
  "evidence_summary": {
    "docs_only": 0,
    "fixture": 0,
    "formal": 0,
    "mode": "advisory",
    "model": 0,
    "probe": 0,
    "property": 0
  },
  "input_hash": "07c110c2b70172843c6b8b89f3df967b4fad9a1c37e60a59f5a983d3bd38bd33",
  "issues": [],
  "layout": "cairn",
  "policy": "cairn-default",
  "policy_hash": "a210ed841d260e0bf026f3c67ec810216b6409cfe6036f9132b51cc4e3176618",
  "receipt_hash": "1e74771910b09bdcad08ac315a49a524024cc22bdd818113909afd759f45afb8",
  "stage": "tasks",
  "valid": true,
  "verdict": "PASS"
}

command=nix run .#cairn -- validate --root .
{
  "change_issues": [],
  "changes": 5,
  "issues": [],
  "layout": "cairn",
  "policy": "cairn-default",
  "spec_issues": [],
  "specs_validated": 10,
  "valid": true
}

exit_status=0
