command=nix run .#cairn -- sync gate-optional-systems-with-bevy-run-conditions --root . --execute
{
  "actions": [
    {
      "description": "merge delta spec into main specs: ./cairn/changes/gate-optional-systems-with-bevy-run-conditions/specs/valence-bevy-ecs/spec.md",
      "kind": "sync_delta_spec",
      "path": "./cairn/changes/gate-optional-systems-with-bevy-run-conditions/specs/valence-bevy-ecs/spec.md"
    }
  ],
  "blocked": false,
  "change": "gate-optional-systems-with-bevy-run-conditions",
  "delta_specs": [
    "./cairn/changes/gate-optional-systems-with-bevy-run-conditions/specs/valence-bevy-ecs/spec.md"
  ],
  "dry_run": false,
  "input_hash": "fd158f02f14ce9f2f492b74cdfdbe44554eb9f2fdbb386dfb6c8860bfa681902",
  "layout": "cairn",
  "mutated": true,
  "mutation_manifest": {
    "after": {
      "entries": [
        {
          "content_hash": "a0cb9a52876b117ae76c971807a3bfaf089d3bda998a5696db865b797cf90752",
          "exists": true,
          "path": "./cairn/specs/valence-bevy-ecs/spec.md"
        }
      ],
      "manifest_hash": "c83d28975d9d65b9aa622b28077e4b90af51fbb5be1de64fae3cbe1fe81b40f5"
    },
    "before": {
      "entries": [
        {
          "content_hash": "a0cb9a52876b117ae76c971807a3bfaf089d3bda998a5696db865b797cf90752",
          "exists": true,
          "path": "./cairn/specs/valence-bevy-ecs/spec.md"
        }
      ],
      "manifest_hash": "c83d28975d9d65b9aa622b28077e4b90af51fbb5be1de64fae3cbe1fe81b40f5"
    },
    "kind": "sync",
    "manifest_hash": "f7c951437cab200a0e4c77676e82e07ac324173503855ff6bc5b88b98331ce3b"
  },
  "plan_hash": "bd397e1d25ebe693e98491a522294501aa75e3ed3b9351d3611644273d37966e",
  "policy": "cairn-default",
  "policy_hash": "a210ed841d260e0bf026f3c67ec810216b6409cfe6036f9132b51cc4e3176618",
  "reasons": [],
  "receipt_hash": "434596aabe07aca90c1c7e4cb2e549a618dbed6d44c3282f8842446905abf8ec"
}

exit_status=0
