command=nix run .#cairn -- gate proposal gate-optional-systems-with-bevy-run-conditions --root .
{
  "change": "gate-optional-systems-with-bevy-run-conditions",
  "evidence_summary": {
    "docs_only": 0,
    "fixture": 0,
    "formal": 0,
    "mode": "advisory",
    "model": 0,
    "probe": 0,
    "property": 0
  },
  "input_hash": "3ced642baec6c053466ae94773a436bb12148784b96aaa297be6a141d27045d9",
  "issues": [],
  "layout": "cairn",
  "policy": "cairn-default",
  "policy_hash": "a210ed841d260e0bf026f3c67ec810216b6409cfe6036f9132b51cc4e3176618",
  "receipt_hash": "2f20def4955369967893c6ed6149e7bab0645b0bc9982869e2e65c4fa7d2d972",
  "stage": "proposal",
  "valid": true,
  "verdict": "PASS"
}

exit_status=0
