command=nix run .#cairn -- archive gate-optional-systems-with-bevy-run-conditions --root .
{
  "actions": [
    {
      "description": "move active change to archive: gate-optional-systems-with-bevy-run-conditions",
      "kind": "archive_change",
      "path": "./cairn/changes/gate-optional-systems-with-bevy-run-conditions"
    }
  ],
  "blocked": false,
  "change": "gate-optional-systems-with-bevy-run-conditions",
  "dry_run": true,
  "input_hash": "fd158f02f14ce9f2f492b74cdfdbe44554eb9f2fdbb386dfb6c8860bfa681902",
  "layout": "cairn",
  "mutated": false,
  "mutation_manifest": null,
  "plan_hash": "155dbff5ffafc255f154b3cee30b9ae057dd035b533053faf645e3bbba107baa",
  "policy": "cairn-default",
  "policy_hash": "a210ed841d260e0bf026f3c67ec810216b6409cfe6036f9132b51cc4e3176618",
  "reasons": [],
  "receipt_hash": "3ae491fd6057c23173e676940c365c0cc1977e5becac38375fcb5ee6a7b6b97a"
}

exit_status=0
