command=nix run .#cairn -- sync gate-optional-systems-with-bevy-run-conditions --root .
{
  "actions": [
    {
      "description": "merge delta spec into main specs: ./cairn/changes/gate-optional-systems-with-bevy-run-conditions/specs/valence-bevy-ecs/spec.md",
      "kind": "sync_delta_spec",
      "path": "./cairn/changes/gate-optional-systems-with-bevy-run-conditions/specs/valence-bevy-ecs/spec.md"
    }
  ],
  "blocked": false,
  "change": "gate-optional-systems-with-bevy-run-conditions",
  "delta_specs": [
    "./cairn/changes/gate-optional-systems-with-bevy-run-conditions/specs/valence-bevy-ecs/spec.md"
  ],
  "dry_run": true,
  "input_hash": "fd158f02f14ce9f2f492b74cdfdbe44554eb9f2fdbb386dfb6c8860bfa681902",
  "layout": "cairn",
  "mutated": false,
  "mutation_manifest": null,
  "plan_hash": "e5f114c2ec17d9ad743cd756421e634b447a5f7363ebbd17af45e0766184a424",
  "policy": "cairn-default",
  "policy_hash": "a210ed841d260e0bf026f3c67ec810216b6409cfe6036f9132b51cc4e3176618",
  "reasons": [],
  "receipt_hash": "1fc7af32a1aa85187c7c8d878addcf30cef795ee7ef96f4c554a00885bb6b65a"
}

exit_status=0
