command=nix run .#cairn -- gate design gate-optional-systems-with-bevy-run-conditions --root .
{
  "change": "gate-optional-systems-with-bevy-run-conditions",
  "evidence_summary": {
    "docs_only": 0,
    "fixture": 0,
    "formal": 0,
    "mode": "advisory",
    "model": 0,
    "probe": 0,
    "property": 0
  },
  "input_hash": "f1fb3fc8590221937e1427958d5b69f6de46737bbe118ccb94911846dae56473",
  "issues": [],
  "layout": "cairn",
  "policy": "cairn-default",
  "policy_hash": "a210ed841d260e0bf026f3c67ec810216b6409cfe6036f9132b51cc4e3176618",
  "receipt_hash": "7c0484d37e0c1a031361b618e7a08d35710a006545477f64811b56f345cb91a5",
  "stage": "design",
  "valid": true,
  "verdict": "PASS"
}

exit_status=0
