# guard-hyperion-integration-boundaries closeout
date=2026-06-22
root=/home/brittonr/git/mc

## test -f docs/hyperion-integration-boundaries.md
step_exit_status=0

## nix develop --no-update-lock-file . -c rustfmt --check tools/check_hyperion_boundaries.rs
mc compat shell: use 'mc-compat-runner --dry-run' or 'nix run .#mc-compat-smoke -- --run'
Stevenarella dev env: cargo/rustc/xvfb-run/OpenSSL/fontconfig/freetype/libxcb paths are available
OnixResearch tools are pinned over SSH: cairn, cargo-octet
step_exit_status=0

## env CARGO_TARGET_DIR=target/check-hyperion-boundaries-script nix shell github:nix-community/fenix?rev=092bd452904e749efa39907aa4a20a42678ac31e#minimal.toolchain nixpkgs#gcc -c cargo -q -Zscript tools/check_hyperion_boundaries.rs --self-test
hyperion boundary docs self-test passed
step_exit_status=0

## env CARGO_TARGET_DIR=target/check-hyperion-boundaries-script nix shell github:nix-community/fenix?rev=092bd452904e749efa39907aa4a20a42678ac31e#minimal.toolchain nixpkgs#gcc -c cargo -q -Zscript tools/check_hyperion_boundaries.rs --root .
hyperion boundary docs passed
step_exit_status=0

## nix run .#cairn -- gate proposal guard-hyperion-integration-boundaries --root .
{
  "change": "guard-hyperion-integration-boundaries",
  "evidence_summary": {
    "docs_only": 0,
    "fixture": 0,
    "formal": 0,
    "mode": "advisory",
    "model": 0,
    "probe": 0,
    "property": 0
  },
  "input_hash": "aac209fd452ef523fb71f59da5abcf445108678c27e414098d414e067fad56c6",
  "issues": [],
  "layout": "cairn",
  "policy": "cairn-default",
  "policy_hash": "a210ed841d260e0bf026f3c67ec810216b6409cfe6036f9132b51cc4e3176618",
  "receipt_hash": "30f7a57f4990e6f0c55cee4d121b4fca0a2e326bf0dc4211d2b6dc46587045e3",
  "stage": "proposal",
  "valid": true,
  "verdict": "PASS"
}
step_exit_status=0

## nix run .#cairn -- gate design guard-hyperion-integration-boundaries --root .
{
  "change": "guard-hyperion-integration-boundaries",
  "evidence_summary": {
    "docs_only": 0,
    "fixture": 0,
    "formal": 0,
    "mode": "advisory",
    "model": 0,
    "probe": 0,
    "property": 0
  },
  "input_hash": "e9be659e8e6d2b372b9605a7a918792bd9ba45e759d8275399a5e2058f23f219",
  "issues": [],
  "layout": "cairn",
  "policy": "cairn-default",
  "policy_hash": "a210ed841d260e0bf026f3c67ec810216b6409cfe6036f9132b51cc4e3176618",
  "receipt_hash": "0d4990612842b65441ee772cb962f0137a882feaa3ffd95adc765d955788c8b2",
  "stage": "design",
  "valid": true,
  "verdict": "PASS"
}
step_exit_status=0

## nix run .#cairn -- gate tasks guard-hyperion-integration-boundaries --root .
{
  "change": "guard-hyperion-integration-boundaries",
  "evidence_summary": {
    "docs_only": 0,
    "fixture": 0,
    "formal": 0,
    "mode": "advisory",
    "model": 0,
    "probe": 0,
    "property": 0
  },
  "input_hash": "1e830f3af198c362e09a82136f2081d7c7d4e1c4e639385338621b9b63c09e50",
  "issues": [],
  "layout": "cairn",
  "policy": "cairn-default",
  "policy_hash": "a210ed841d260e0bf026f3c67ec810216b6409cfe6036f9132b51cc4e3176618",
  "receipt_hash": "99e13fb4a5c8eba96000879e8c4c1ed5b85698938d3cc507a2a1007b5c7a9009",
  "stage": "tasks",
  "valid": true,
  "verdict": "PASS"
}
step_exit_status=0

## nix run .#cairn -- validate --root .
{
  "change_issues": [],
  "changes": 30,
  "issues": [],
  "layout": "cairn",
  "policy": "cairn-default",
  "spec_issues": [],
  "specs_validated": 33,
  "valid": true
}
step_exit_status=0

exit_status=0
