command_group=introduce-scenario-command-router pre-implementation gates
cwd=/home/brittonr/git/mc
date_utc=2026-06-23T21:10:50Z

## cairn change list
$ nix run .#cairn -- change list --root .
{
  "changes": [
    {
      "delta_specs": [
        "./cairn/changes/clean-repo-artifact-boundaries/specs/repository-layout/spec.md"
      ],
      "has_design": true,
      "has_proposal": true,
      "has_tasks": true,
      "metadata": {
        "groups": [],
        "status": null,
        "target_date": null
      },
      "name": "clean-repo-artifact-boundaries",
      "path": "./cairn/changes/clean-repo-artifact-boundaries",
      "task_counts": {
        "done": 5,
        "in_progress": 0,
        "todo": 1,
        "total": 6,
        "unmarked": 0
      }
    },
    {
      "delta_specs": [
        "./cairn/changes/extend-manifest-derived-surfaces/specs/mc-compatibility/spec.md"
      ],
      "has_design": true,
      "has_proposal": true,
      "has_tasks": true,
      "metadata": {
        "groups": [],
        "status": null,
        "target_date": null
      },
      "name": "extend-manifest-derived-surfaces",
      "path": "./cairn/changes/extend-manifest-derived-surfaces",
      "task_counts": {
        "done": 5,
        "in_progress": 0,
        "todo": 1,
        "total": 6,
        "unmarked": 0
      }
    },
    {
      "delta_specs": [
        "./cairn/changes/introduce-scenario-command-router/specs/mc-compatibility/spec.md"
      ],
      "has_design": true,
      "has_proposal": true,
      "has_tasks": true,
      "metadata": {
        "groups": [],
        "status": null,
        "target_date": null
      },
      "name": "introduce-scenario-command-router",
      "path": "./cairn/changes/introduce-scenario-command-router",
      "task_counts": {
        "done": 0,
        "in_progress": 0,
        "todo": 6,
        "total": 6,
        "unmarked": 0
      }
    },
    {
      "delta_specs": [
        "./cairn/changes/introduce-valence-proxy-broadcast-backend/specs/valence-hyperion-integration/spec.md"
      ],
      "has_design": true,
      "has_proposal": true,
      "has_tasks": true,
      "metadata": {
        "groups": [],
        "status": null,
        "target_date": null
      },
      "name": "introduce-valence-proxy-broadcast-backend",
      "path": "./cairn/changes/introduce-valence-proxy-broadcast-backend",
      "task_counts": {
        "done": 6,
        "in_progress": 0,
        "todo": 0,
        "total": 6,
        "unmarked": 0
      }
    },
    {
      "delta_specs": [
        "./cairn/changes/optimize-packet-encoder-buffer-reuse/specs/valence-hyperion-integration/spec.md"
      ],
      "has_design": true,
      "has_proposal": true,
      "has_tasks": true,
      "metadata": {
        "groups": [],
        "status": null,
        "target_date": null
      },
      "name": "optimize-packet-encoder-buffer-reuse",
      "path": "./cairn/changes/optimize-packet-encoder-buffer-reuse",
      "task_counts": {
        "done": 0,
        "in_progress": 0,
        "todo": 6,
        "total": 6,
        "unmarked": 0
      }
    },
    {
      "delta_specs": [
        "./cairn/changes/partition-evidence-directory/specs/repository-layout/spec.md"
      ],
      "has_design": true,
      "has_proposal": true,
      "has_tasks": true,
      "metadata": {
        "groups": [],
        "status": null,
        "target_date": null
      },
      "name": "partition-evidence-directory",
      "path": "./cairn/changes/partition-evidence-directory",
      "task_counts": {
        "done": 0,
        "in_progress": 0,
        "todo": 6,
        "total": 6,
        "unmarked": 0
      }
    },
    {
      "delta_specs": [
        "./cairn/changes/retire-layout-transition-paths/specs/repository-layout/spec.md"
      ],
      "has_design": true,
      "has_proposal": true,
      "has_tasks": true,
      "metadata": {
        "groups": [],
        "status": null,
        "target_date": null
      },
      "name": "retire-layout-transition-paths",
      "path": "./cairn/changes/retire-layout-transition-paths",
      "task_counts": {
        "done": 0,
        "in_progress": 0,
        "todo": 6,
        "total": 6,
        "unmarked": 0
      }
    },
    {
      "delta_specs": [
        "./cairn/changes/separate-compat-instrumentation/specs/mc-compatibility/spec.md"
      ],
      "has_design": true,
      "has_proposal": true,
      "has_tasks": true,
      "metadata": {
        "groups": [],
        "status": null,
        "target_date": null
      },
      "name": "separate-compat-instrumentation",
      "path": "./cairn/changes/separate-compat-instrumentation",
      "task_counts": {
        "done": 0,
        "in_progress": 0,
        "todo": 6,
        "total": 6,
        "unmarked": 0
      }
    },
    {
      "delta_specs": [
        "./cairn/changes/split-root-flake-modules/specs/repository-layout/spec.md"
      ],
      "has_design": true,
      "has_proposal": true,
      "has_tasks": true,
      "metadata": {
        "groups": [],
        "status": null,
        "target_date": null
      },
      "name": "split-root-flake-modules",
      "path": "./cairn/changes/split-root-flake-modules",
      "task_counts": {
        "done": 0,
        "in_progress": 0,
        "todo": 6,
        "total": 6,
        "unmarked": 0
      }
    },
    {
      "delta_specs": [
        "./cairn/changes/split-root-readme-docs/specs/repository-layout/spec.md"
      ],
      "has_design": true,
      "has_proposal": true,
      "has_tasks": true,
      "metadata": {
        "groups": [],
        "status": null,
        "target_date": null
      },
      "name": "split-root-readme-docs",
      "path": "./cairn/changes/split-root-readme-docs",
      "task_counts": {
        "done": 0,
        "in_progress": 0,
        "todo": 6,
        "total": 6,
        "unmarked": 0
      }
    },
    {
      "delta_specs": [
        "./cairn/changes/unify-spatial-raycast-collision/specs/valence-hyperion-integration/spec.md"
      ],
      "has_design": true,
      "has_proposal": true,
      "has_tasks": true,
      "metadata": {
        "groups": [],
        "status": null,
        "target_date": null
      },
      "name": "unify-spatial-raycast-collision",
      "path": "./cairn/changes/unify-spatial-raycast-collision",
      "task_counts": {
        "done": 0,
        "in_progress": 0,
        "todo": 6,
        "total": 6,
        "unmarked": 0
      }
    },
    {
      "delta_specs": [
        "./cairn/changes/upstream-byte-backed-protocol-path/specs/valence-hyperion-integration/spec.md"
      ],
      "has_design": true,
      "has_proposal": true,
      "has_tasks": true,
      "metadata": {
        "groups": [],
        "status": null,
        "target_date": null
      },
      "name": "upstream-byte-backed-protocol-path",
      "path": "./cairn/changes/upstream-byte-backed-protocol-path",
      "task_counts": {
        "done": 0,
        "in_progress": 0,
        "todo": 6,
        "total": 6,
        "unmarked": 0
      }
    }
  ],
  "layout": "cairn",
  "root": "."
}
exit_status=0 name=cairn change list

## cairn gate proposal introduce-scenario-command-router
$ nix run .#cairn -- gate proposal introduce-scenario-command-router --root .
{
  "change": "introduce-scenario-command-router",
  "evidence_summary": {
    "docs_only": 0,
    "fixture": 0,
    "formal": 0,
    "mode": "advisory",
    "model": 0,
    "probe": 0,
    "property": 0
  },
  "input_hash": "9303f557cdada18d125c5ffdf3a92c79f67f3bc610a6525e7feb923ba640789e",
  "issues": [],
  "layout": "cairn",
  "policy": "cairn-default",
  "policy_hash": "a210ed841d260e0bf026f3c67ec810216b6409cfe6036f9132b51cc4e3176618",
  "receipt_hash": "8b362eed937be7cf5b91f1edc1f69976dfcc748742d02421644d73bc490ee8ac",
  "stage": "proposal",
  "valid": true,
  "verdict": "PASS"
}
exit_status=0 name=cairn gate proposal introduce-scenario-command-router

## cairn gate design introduce-scenario-command-router
$ nix run .#cairn -- gate design introduce-scenario-command-router --root .
{
  "change": "introduce-scenario-command-router",
  "evidence_summary": {
    "docs_only": 0,
    "fixture": 0,
    "formal": 0,
    "mode": "advisory",
    "model": 0,
    "probe": 0,
    "property": 0
  },
  "input_hash": "2632df59bf2aa5a7d1d40a3d967317e712fa78eb47a95a906e73bc9ce0e99c64",
  "issues": [],
  "layout": "cairn",
  "policy": "cairn-default",
  "policy_hash": "a210ed841d260e0bf026f3c67ec810216b6409cfe6036f9132b51cc4e3176618",
  "receipt_hash": "4ec4394ef5d90ce3e27c662abcaba5afc1e81a4202321eb2dabc040b00dfaffb",
  "stage": "design",
  "valid": true,
  "verdict": "PASS"
}
exit_status=0 name=cairn gate design introduce-scenario-command-router

## cairn gate tasks introduce-scenario-command-router
$ nix run .#cairn -- gate tasks introduce-scenario-command-router --root .
{
  "change": "introduce-scenario-command-router",
  "evidence_summary": {
    "docs_only": 0,
    "fixture": 0,
    "formal": 0,
    "mode": "advisory",
    "model": 0,
    "probe": 0,
    "property": 0
  },
  "input_hash": "a4ef46c1cb2eebeb052b72b6bc0f19175e874bb42fc8ae5615dcf1eec616aab1",
  "issues": [],
  "layout": "cairn",
  "policy": "cairn-default",
  "policy_hash": "a210ed841d260e0bf026f3c67ec810216b6409cfe6036f9132b51cc4e3176618",
  "receipt_hash": "18079d83f0bfcd9805ec79beeffb445f6e32be9ad3fa7dbc9952ddb29313a68e",
  "stage": "tasks",
  "valid": true,
  "verdict": "PASS"
}
exit_status=0 name=cairn gate tasks introduce-scenario-command-router

## cairn validate
$ nix run .#cairn -- validate --root .
{
  "change_issues": [],
  "changes": 12,
  "issues": [],
  "layout": "cairn",
  "policy": "cairn-default",
  "spec_issues": [],
  "specs_validated": 16,
  "valid": true
}
exit_status=0 name=cairn validate

command_group_exit_status=0
