command=nix run .#cairn -- gate tasks introduce-scenario-command-router --root . 
{
  "change": "introduce-scenario-command-router",
  "evidence_summary": {
    "docs_only": 0,
    "fixture": 0,
    "formal": 0,
    "mode": "advisory",
    "model": 0,
    "probe": 0,
    "property": 0
  },
  "input_hash": "a4ef46c1cb2eebeb052b72b6bc0f19175e874bb42fc8ae5615dcf1eec616aab1",
  "issues": [],
  "layout": "cairn",
  "policy": "cairn-default",
  "policy_hash": "a210ed841d260e0bf026f3c67ec810216b6409cfe6036f9132b51cc4e3176618",
  "receipt_hash": "18079d83f0bfcd9805ec79beeffb445f6e32be9ad3fa7dbc9952ddb29313a68e",
  "stage": "tasks",
  "valid": true,
  "verdict": "PASS"
}
exit_status=0
