command=nix run .#cairn -- gate design introduce-scenario-command-router --root . 
{
  "change": "introduce-scenario-command-router",
  "evidence_summary": {
    "docs_only": 0,
    "fixture": 0,
    "formal": 0,
    "mode": "advisory",
    "model": 0,
    "probe": 0,
    "property": 0
  },
  "input_hash": "2632df59bf2aa5a7d1d40a3d967317e712fa78eb47a95a906e73bc9ce0e99c64",
  "issues": [],
  "layout": "cairn",
  "policy": "cairn-default",
  "policy_hash": "a210ed841d260e0bf026f3c67ec810216b6409cfe6036f9132b51cc4e3176618",
  "receipt_hash": "4ec4394ef5d90ce3e27c662abcaba5afc1e81a4202321eb2dabc040b00dfaffb",
  "stage": "design",
  "valid": true,
  "verdict": "PASS"
}
exit_status=0
