command=nix run .#cairn -- gate proposal introduce-scenario-command-router --root . 
{
  "change": "introduce-scenario-command-router",
  "evidence_summary": {
    "docs_only": 0,
    "fixture": 0,
    "formal": 0,
    "mode": "advisory",
    "model": 0,
    "probe": 0,
    "property": 0
  },
  "input_hash": "9303f557cdada18d125c5ffdf3a92c79f67f3bc610a6525e7feb923ba640789e",
  "issues": [],
  "layout": "cairn",
  "policy": "cairn-default",
  "policy_hash": "a210ed841d260e0bf026f3c67ec810216b6409cfe6036f9132b51cc4e3176618",
  "receipt_hash": "8b362eed937be7cf5b91f1edc1f69976dfcc748742d02421644d73bc490ee8ac",
  "stage": "proposal",
  "valid": true,
  "verdict": "PASS"
}
exit_status=0
