cwd=/home/brittonr/git/mc
started_at=2026-06-24T11:10:36-04:00
command=nix run .#cairn -- gate proposal introduce-scenario-command-router --root .
{
  "change": "introduce-scenario-command-router",
  "evidence_summary": {
    "docs_only": 0,
    "fixture": 0,
    "formal": 0,
    "mode": "advisory",
    "model": 0,
    "probe": 0,
    "property": 0
  },
  "input_hash": "9303f557cdada18d125c5ffdf3a92c79f67f3bc610a6525e7feb923ba640789e",
  "issues": [],
  "layout": "cairn",
  "policy": "cairn-default",
  "policy_hash": "a210ed841d260e0bf026f3c67ec810216b6409cfe6036f9132b51cc4e3176618",
  "receipt_hash": "8b362eed937be7cf5b91f1edc1f69976dfcc748742d02421644d73bc490ee8ac",
  "stage": "proposal",
  "valid": true,
  "verdict": "PASS"
}
proposal_exit_status=0
command=nix run .#cairn -- gate design introduce-scenario-command-router --root .
{
  "change": "introduce-scenario-command-router",
  "evidence_summary": {
    "docs_only": 0,
    "fixture": 0,
    "formal": 0,
    "mode": "advisory",
    "model": 0,
    "probe": 0,
    "property": 0
  },
  "input_hash": "2632df59bf2aa5a7d1d40a3d967317e712fa78eb47a95a906e73bc9ce0e99c64",
  "issues": [],
  "layout": "cairn",
  "policy": "cairn-default",
  "policy_hash": "a210ed841d260e0bf026f3c67ec810216b6409cfe6036f9132b51cc4e3176618",
  "receipt_hash": "4ec4394ef5d90ce3e27c662abcaba5afc1e81a4202321eb2dabc040b00dfaffb",
  "stage": "design",
  "valid": true,
  "verdict": "PASS"
}
design_exit_status=0
command=nix run .#cairn -- gate tasks introduce-scenario-command-router --root .
{
  "change": "introduce-scenario-command-router",
  "evidence_summary": {
    "docs_only": 0,
    "fixture": 0,
    "formal": 0,
    "mode": "advisory",
    "model": 0,
    "probe": 0,
    "property": 0
  },
  "input_hash": "a4ef46c1cb2eebeb052b72b6bc0f19175e874bb42fc8ae5615dcf1eec616aab1",
  "issues": [],
  "layout": "cairn",
  "policy": "cairn-default",
  "policy_hash": "a210ed841d260e0bf026f3c67ec810216b6409cfe6036f9132b51cc4e3176618",
  "receipt_hash": "18079d83f0bfcd9805ec79beeffb445f6e32be9ad3fa7dbc9952ddb29313a68e",
  "stage": "tasks",
  "valid": true,
  "verdict": "PASS"
}
tasks_exit_status=0
command=nix run .#cairn -- validate --root .
{
  "change_issues": [],
  "changes": 6,
  "issues": [],
  "layout": "cairn",
  "policy": "cairn-default",
  "spec_issues": [],
  "specs_validated": 10,
  "valid": true
}
validate_exit_status=0
exit_status=0
