command_group=introduce-scenario-command-router focused router baseline
cwd=/home/brittonr/git/mc
date_utc=2026-06-23T21:11:46Z

## compat runner scenario_router tests
$ nix develop --no-update-lock-file . -c cargo test --manifest-path compat/runner/Cargo.toml scenario_router -- --nocapture
mc compat shell: use 'mc-compat-runner --dry-run' or 'nix run .#mc-compat-smoke -- --run'
Stevenarella dev env: cargo/rustc/xvfb-run/OpenSSL/fontconfig/freetype/libxcb paths are available
OnixResearch tools are pinned over SSH: cairn, cargo-octet
Steel is available for repo scripts, e.g. steel scripts/ralph-drain-cairns.scm --self-test
warning: constant `CTF_OPPONENT_RETURN_DROP_SERVER_REJECTION_NEEDLE` is never used
   --> src/main.rs:244:7
    |
244 | const CTF_OPPONENT_RETURN_DROP_SERVER_REJECTION_NEEDLE: &str =
    |       ^^^^^^^^^^^^^^^^^^^^^^^^^^^^^^^^^^^^^^^^^^^^^^^^
    |
    = note: `#[warn(dead_code)]` (part of `#[warn(unused)]`) on by default

warning: function `json_object_string_field` is never used
    --> src/main.rs:9730:4
     |
9730 | fn json_object_string_field(text: &str, object: &str, key: &str) -> Result<S...
     |    ^^^^^^^^^^^^^^^^^^^^^^^^

warning: function `json_object_optional_string_field` is never used
    --> src/main.rs:9734:4
     |
9734 | fn json_object_optional_string_field(
     |    ^^^^^^^^^^^^^^^^^^^^^^^^^^^^^^^^^

warning: function `json_object_u32_field` is never used
    --> src/main.rs:9742:4
     |
9742 | fn json_object_u32_field(text: &str, object: &str, key: &str) -> Result<u32,...
     |    ^^^^^^^^^^^^^^^^^^^^^

warning: function `json_object_bool_field` is never used
    --> src/main.rs:9746:4
     |
9746 | fn json_object_bool_field(text: &str, object: &str, key: &str) -> Result<boo...
     |    ^^^^^^^^^^^^^^^^^^^^^^

warning: `mc-compat-runner` (bin "mc-compat-runner" test) generated 5 warnings
    Finished `test` profile [unoptimized + debuginfo] target(s) in 0.08s
     Running unittests src/main.rs (/home/brittonr/.cargo-target/debug/deps/mc_compat_runner-3e287b8ac8843fbc)

running 3 tests
test tests::scenario_router_negative_fixtures_fail_closed ... ok
test tests::scenario_router_alias_plan_matches_legacy_shape ... ok
test tests::scenario_router_parses_typed_request_before_planning ... ok

test result: ok. 3 passed; 0 failed; 0 ignored; 0 measured; 165 filtered out; finished in 0.00s

exit_status=0 name=compat runner scenario_router tests

## typed router smoke dry-run
$ nix run .#mc-compat-smoke -- scenario run smoke --dry-run --server-backend valence --receipt target/scenario-command-router-smoke.json
[mc-compat] plan: build client, start Valence server, wait for protocol 758, run 1 client session plan(s) under isolated Xvfb/X11
[mc-compat] typed scenario route: scenario 'smoke' backend valence mode dry-run receipt target/scenario-command-router-smoke.json timeout 20s packet_capture_summary=false proxy_route=<unset> proxy_forwarding_mode=<unset> non_claims=broad_minecraft_compatibility_false,production_readiness_false,semantic_equivalence_false
[mc-compat] building Stevenarella client
+ cd "/home/brittonr/git/mc/clients/stevenarella" && CARGO_TARGET_DIR="/tmp/stevenarella-target2" CMAKE_POLICY_VERSION_MINIMUM="3.5" RUSTC_WRAPPER="" "cargo" "build" "--bin" "stevenarella"
[mc-compat] using existing Valence worktree /tmp/valence-compat-758
[mc-compat] starting Valence 8ad9c85 example 'terrain' on 127.0.0.1:25565; log: /tmp/mc-compat-valence.log
[mc-compat] would run Valence example from /tmp/valence-compat-758
[mc-compat] probing status 127.0.0.1:25565 expecting protocol 758
[mc-compat] would run Rust protocol status probe
[mc-compat] running Stevenarella headless scenario 'smoke' isolated from host Wayland compositor
[mc-compat] would run Stevenarella under xvfb-run
[mc-compat] wrote smoke receipt target/scenario-command-router-smoke.json
exit_status=0 name=typed router smoke dry-run

command_group_exit_status=0
