   Compiling proc-macro2 v1.0.106
   Compiling unicode-ident v1.0.24
   Compiling quote v1.0.45
   Compiling cfg-if v1.0.4
   Compiling libc v0.2.185
   Compiling version_check v0.9.5
   Compiling pin-project-lite v0.2.17
   Compiling serde v1.0.228
   Compiling smallvec v1.15.1
   Compiling itoa v1.0.18
   Compiling serde_core v1.0.228
   Compiling futures-core v0.3.32
   Compiling once_cell v1.21.4
   Compiling zerocopy v0.8.48
   Compiling typenum v1.19.0
   Compiling equivalent v1.0.2
   Compiling scopeguard v1.2.0
   Compiling zmij v1.0.21
   Compiling stable_deref_trait v1.2.1
   Compiling futures-io v0.3.32
   Compiling hashbrown v0.17.0
   Compiling crossbeam-utils v0.8.21
   Compiling serde_json v1.0.149
   Compiling lock_api v0.4.14
   Compiling slab v0.4.12
   Compiling bitflags v2.11.0
   Compiling thiserror v1.0.69
   Compiling tracing-core v0.1.36
   Compiling bytes v1.11.1
   Compiling heck v0.5.0
   Compiling anyhow v1.0.102
   Compiling toml_datetime v0.6.11
   Compiling parking v2.2.1
   Compiling winnow v0.7.15
   Compiling getrandom v0.3.4
   Compiling allocator-api2 v0.2.21
   Compiling getrandom v0.4.2
   Compiling typeid v1.0.3
   Compiling memchr v2.8.0
   Compiling indexmap v2.14.0
   Compiling concurrent-queue v2.5.0
   Compiling thread_local v1.1.9
   Compiling parking_lot_core v0.9.12
   Compiling event-listener v5.4.1
   Compiling litemap v0.8.2
   Compiling erased-serde v0.4.10
   Compiling writeable v0.6.3
   Compiling fastrand v2.4.1
   Compiling generic-array v0.14.7
   Compiling ahash v0.8.12
   Compiling futures-lite v2.6.1
   Compiling event-listener-strategy v0.5.4
   Compiling syn v2.0.117
   Compiling web-time v1.1.0
   Compiling utf8_iter v1.0.4
   Compiling async-task v4.7.1
   Compiling icu_normalizer_data v2.2.0
   Compiling icu_properties_data v2.2.0
   Compiling async-channel v2.5.0
   Compiling downcast-rs v1.2.1
   Compiling smol_str v0.2.2
   Compiling percent-encoding v2.3.2
   Compiling fixedbitset v0.4.2
   Compiling bevy_ptr v0.14.2
   Compiling fixedbitset v0.5.7
   Compiling nonmax v0.5.5
   Compiling petgraph v0.6.5
   Compiling arrayvec v0.7.6
   Compiling getrandom v0.2.17
   Compiling crypto-common v0.1.7
   Compiling inout v0.1.4
   Compiling rand_core v0.6.4
   Compiling form_urlencoded v1.2.2
   Compiling base64 v0.22.1
   Compiling cpufeatures v0.2.17
   Compiling crc32fast v1.5.0
   Compiling async-executor v1.14.0
   Compiling parking_lot v0.12.5
   Compiling uuid v1.23.0
   Compiling cipher v0.4.4
   Compiling adler2 v2.0.1
   Compiling cesu8 v1.1.0
   Compiling byteorder v1.5.0
   Compiling glam v0.29.3
   Compiling bevy_tasks v0.14.2
   Compiling simd-adler32 v0.3.9
   Compiling aes v0.8.4
   Compiling cfb8 v0.8.1
   Compiling miniz_oxide v0.8.9
   Compiling paste v1.0.15
   Compiling autocfg v1.5.0
   Compiling toml_edit v0.22.27
   Compiling libm v0.2.16
   Compiling zeroize v1.8.2
   Compiling flate2 v1.1.9
   Compiling rustc-hash v2.1.2
   Compiling futures-sink v0.3.32
   Compiling errno v0.3.14
   Compiling find-msvc-tools v0.1.9
   Compiling shlex v1.3.0
   Compiling const-oid v0.9.6
   Compiling subtle v2.6.1
   Compiling cc v1.2.60
   Compiling signal-hook-registry v1.4.8
   Compiling socket2 v0.6.3
   Compiling mio v1.2.0
   Compiling spin v0.9.8
   Compiling http v1.4.0
   Compiling rustls-pki-types v1.14.0
   Compiling block-buffer v0.10.4
   Compiling httparse v1.10.1
   Compiling futures-task v0.3.32
   Compiling untrusted v0.9.0
   Compiling num-traits v0.2.19
   Compiling base64ct v1.8.3
   Compiling futures-util v0.3.32
   Compiling digest v0.10.7
   Compiling pem-rfc7468 v0.7.0
   Compiling lazy_static v1.5.0
   Compiling rustls v0.23.38
   Compiling try-lock v0.2.5
   Compiling tower-service v0.3.3
   Compiling der v0.7.10
   Compiling want v0.3.1
   Compiling futures-channel v0.3.32
   Compiling http-body v1.0.1
   Compiling atomic-waker v1.1.2
   Compiling log v0.4.29
   Compiling num-conv v0.2.1
   Compiling rustix v1.1.4
   Compiling time-core v0.1.8
   Compiling thiserror v2.0.18
   Compiling powerfmt v0.2.0
   Compiling time-macros v0.2.27
   Compiling sync_wrapper v1.0.2
   Compiling ppv-lite86 v0.2.21
   Compiling num-integer v0.1.46
   Compiling deranged v0.5.8
   Compiling regex-syntax v0.8.10
   Compiling num-bigint-dig v0.8.6
   Compiling tower-layer v0.3.3
   Compiling ipnet v2.12.0
   Compiling rand_chacha v0.3.1
   Compiling radium v0.7.0
   Compiling utf8parse v0.2.2
   Compiling linux-raw-sys v0.12.1
   Compiling rand v0.8.5
   Compiling anstyle-parse v1.0.0
   Compiling spki v0.7.3
   Compiling num-iter v0.1.45
   Compiling synstructure v0.13.2
   Compiling bevy_macro_utils v0.14.2
   Compiling valence_build_utils v0.2.0-alpha.1+mc.1.20.1 (/tmp/valence-compat-drag-ctf-20260606/crates/valence_build_utils)
   Compiling pkcs8 v0.10.2
   Compiling num-bigint v0.4.6
   Compiling webpki-roots v1.0.6
   Compiling nanorand v0.7.0
   Compiling regex-automata v0.4.14
   Compiling foldhash v0.2.0
   Compiling colorchoice v1.0.5
   Compiling anstyle v1.0.14
   Compiling is_terminal_polyfill v1.70.2
   Compiling valence_math v0.2.0-alpha.1+mc.1.20.1 (/tmp/valence-compat-drag-ctf-20260606/crates/valence_math)
   Compiling anstyle-query v1.1.5
   Compiling ryu v1.0.23
   Compiling iri-string v0.7.12
   Compiling tap v1.0.1
   Compiling wyz v0.5.1
   Compiling anstream v1.0.0
   Compiling terminal_size v0.4.4
   Compiling hashbrown v0.16.1
   Compiling flume v0.11.1
   Compiling pkcs1 v0.7.5
   Compiling tracing-log v0.2.0
   Compiling http-body-util v0.1.3
   Compiling sharded-slab v0.1.7
   Compiling signature v2.2.0
   Compiling clap_lex v1.1.0
   Compiling funty v2.0.0
   Compiling strsim v0.11.1
   Compiling nu-ansi-term v0.50.3
   Compiling lru v0.16.4
   Compiling clap_builder v4.6.0
   Compiling bitvec v1.0.1
   Compiling ordered-float v4.6.0
   Compiling sha2 v0.10.9
   Compiling hmac v0.12.1
   Compiling sha1 v0.10.6
   Compiling rsa v0.9.10
   Compiling matchers v0.2.0
   Compiling rand_xorshift v0.3.0
   Compiling condtype v1.3.0
   Compiling regex-lite v0.1.9
   Compiling noise v0.9.0
   Compiling time v0.3.47
   Compiling ring v0.17.14
   Compiling serde_derive v1.0.228
   Compiling zerofrom-derive v0.1.7
   Compiling yoke-derive v0.8.2
   Compiling zerovec-derive v0.11.3
   Compiling tracing-attributes v0.1.31
   Compiling thiserror-impl v1.0.69
   Compiling displaydoc v0.2.5
   Compiling bevy_utils_proc_macros v0.14.2
   Compiling bevy_reflect_derive v0.14.2
   Compiling bevy_ecs_macros v0.14.2
   Compiling bevy_derive v0.14.2
   Compiling valence_ident_macros v0.2.0-alpha.1+mc.1.20.1 (/tmp/valence-compat-drag-ctf-20260606/crates/valence_ident_macros)
   Compiling derive_more-impl v1.0.0
   Compiling bitfield-struct v0.8.0
   Compiling valence_protocol_macros v0.2.0-alpha.1+mc.1.20.1 (/tmp/valence-compat-drag-ctf-20260606/crates/valence_protocol_macros)
   Compiling tokio-macros v2.7.0
   Compiling thiserror-impl v2.0.18
   Compiling async-trait v0.1.89
   Compiling clap_derive v4.6.0
   Compiling rustls-webpki v0.103.11
   Compiling valence_command_macros v0.2.0-alpha.1+mc.1.20.1 (/tmp/valence-compat-drag-ctf-20260606/crates/valence_command_macros)
   Compiling divan-macros v0.1.21
   Compiling zerofrom v0.1.7
   Compiling yoke v0.8.2
   Compiling zerovec v0.11.6
   Compiling zerotrie v0.2.4
   Compiling tinystr v0.8.3
   Compiling icu_locale_core v2.2.0
   Compiling potential_utf v0.1.5
   Compiling icu_collections v2.2.0
   Compiling tokio v1.51.1
   Compiling tracing v0.1.44
   Compiling icu_provider v2.2.0
   Compiling tracing-subscriber v0.3.23
   Compiling icu_normalizer v2.2.0
   Compiling icu_properties v2.2.0
   Compiling idna_adapter v1.2.1
   Compiling idna v1.1.0
   Compiling hashbrown v0.14.5
   Compiling valence_generated v0.2.0-alpha.1+mc.1.20.1 (/tmp/valence-compat-drag-ctf-20260606/crates/valence_generated)
   Compiling valence_ident v0.2.0-alpha.1+mc.1.20.1 (/tmp/valence-compat-drag-ctf-20260606/crates/valence_ident)
   Compiling url v2.5.8
   Compiling valence_nbt v0.8.0 (/tmp/valence-compat-drag-ctf-20260606/crates/valence_nbt)
   Compiling valence_entity v0.2.0-alpha.1+mc.1.20.1 (/tmp/valence-compat-drag-ctf-20260606/crates/valence_entity)
   Compiling bevy_utils v0.14.2
   Compiling bevy_reflect v0.14.2
   Compiling valence_lang v0.2.0-alpha.1+mc.1.20.1 (/tmp/valence-compat-drag-ctf-20260606/crates/valence_lang)
   Compiling simple_asn1 v0.6.4
   Compiling serde_urlencoded v0.7.1
   Compiling clap v4.6.0
   Compiling valence_text v0.2.0-alpha.1+mc.1.20.1 (/tmp/valence-compat-drag-ctf-20260606/crates/valence_text)
warning: unknown lint: `path_segment_repetition`
  --> crates/valence_text/src/color/mod.rs:12:9
   |
12 | #[allow(path_segment_repetition)]
   |         ^^^^^^^^^^^^^^^^^^^^^^^
   |
   = note: `#[warn(unknown_lints)]` on by default

warning: unknown lint: `path_segment_repetition`
  --> crates/valence_text/src/color/mod.rs:28:9
   |
28 | #[allow(path_segment_repetition)]
   |         ^^^^^^^^^^^^^^^^^^^^^^^

warning: unknown lint: `path_segment_repetition`
  --> crates/valence_text/src/color/mod.rs:41:9
   |
41 | #[allow(path_segment_repetition)]
   |         ^^^^^^^^^^^^^^^^^^^^^^^

   Compiling divan v0.1.21
warning: unknown lint: `path_segment_repetition`
  --> crates/valence_text/src/color/mod.rs:81:9
   |
81 | #[allow(path_segment_repetition)]
   |         ^^^^^^^^^^^^^^^^^^^^^^^

warning: unknown lint: `deref_polymorphism`
 --> crates/valence_text/src/ops.rs:2:9
  |
2 | #[allow(deref_polymorphism)]
  |         ^^^^^^^^^^^^^^^^^^

   Compiling rsa-der v0.3.0
   Compiling hyper v1.9.0
   Compiling tower v0.5.3
   Compiling tokio-rustls v0.26.4
   Compiling tokio-util v0.7.18
   Compiling tower-http v0.6.8
   Compiling hyper-util v0.1.20
   Compiling derive_more v1.0.0
   Compiling hyper-rustls v0.27.8
   Compiling reqwest v0.12.28
   Compiling bevy_ecs v0.14.2
warning: `valence_text` (lib) generated 5 warnings
   Compiling bevy_app v0.14.2
   Compiling bevy_core v0.14.2
   Compiling bevy_log v0.14.2
   Compiling bevy_hierarchy v0.14.2
   Compiling valence_protocol v0.2.0-alpha.1+mc.1.20.1 (/tmp/valence-compat-drag-ctf-20260606/crates/valence_protocol)
   Compiling valence_server_common v0.2.0-alpha.1+mc.1.20.1 (/tmp/valence-compat-drag-ctf-20260606/crates/valence_server_common)
   Compiling valence_registry v0.2.0-alpha.1+mc.1.20.1 (/tmp/valence-compat-drag-ctf-20260606/crates/valence_registry)
   Compiling valence_server v0.2.0-alpha.1+mc.1.20.1 (/tmp/valence-compat-drag-ctf-20260606/crates/valence_server)
   Compiling valence_inventory v0.2.0-alpha.1+mc.1.20.1 (/tmp/valence-compat-drag-ctf-20260606/crates/valence_inventory)
   Compiling valence_advancement v0.2.0-alpha.1+mc.1.20.1 (/tmp/valence-compat-drag-ctf-20260606/crates/valence_advancement)
   Compiling valence_anvil v0.1.0 (/tmp/valence-compat-drag-ctf-20260606/crates/valence_anvil)
   Compiling valence_boss_bar v0.2.0-alpha.1+mc.1.20.1 (/tmp/valence-compat-drag-ctf-20260606/crates/valence_boss_bar)
   Compiling valence_weather v0.2.0-alpha.1+mc.1.20.1 (/tmp/valence-compat-drag-ctf-20260606/crates/valence_weather)
   Compiling valence_scoreboard v0.2.0-alpha.1+mc.1.20.1 (/tmp/valence-compat-drag-ctf-20260606/crates/valence_scoreboard)
   Compiling valence_player_list v0.2.0-alpha.1+mc.1.20.1 (/tmp/valence-compat-drag-ctf-20260606/crates/valence_player_list)
   Compiling valence_network v0.2.0-alpha.1+mc.1.20.1 (/tmp/valence-compat-drag-ctf-20260606/crates/valence_network)
   Compiling valence_world_border v0.2.0-alpha.1+mc.1.20.1 (/tmp/valence-compat-drag-ctf-20260606/crates/valence_world_border)
   Compiling valence_command v0.2.0-alpha.1+mc.1.20.1 (/tmp/valence-compat-drag-ctf-20260606/crates/valence_command)
warning: unknown lint: `path_segment_repetition`
 --> crates/valence_inventory/src/slots.rs:4:9
  |
4 | #[allow(path_segment_repetition)]
  |         ^^^^^^^^^^^^^^^^^^^^^^^
  |
  = note: `#[warn(unknown_lints)]` on by default

   Compiling valence_equipment v0.2.0-alpha.1+mc.1.20.1 (/tmp/valence-compat-drag-ctf-20260606/crates/valence_equipment)
   Compiling valence v0.2.0-alpha.1+mc.1.20.1 (/tmp/valence-compat-drag-ctf-20260606)
warning: `valence_inventory` (lib) generated 1 warning
warning: struct `ArrowPolicyDiff` is never constructed
   --> examples/ctf.rs:197:8
    |
197 | struct ArrowPolicyDiff {
    |        ^^^^^^^^^^^^^^^
    |
    = note: `#[warn(dead_code)]` (part of `#[warn(unused)]`) on by default

warning: function `diff_arrow_policy_snapshots` is never used
   --> examples/ctf.rs:489:4
    |
489 | fn diff_arrow_policy_snapshots(
    |    ^^^^^^^^^^^^^^^^^^^^^^^^^^^

warning: function `push_arrow_policy_diff` is never used
   --> examples/ctf.rs:515:4
    |
515 | fn push_arrow_policy_diff(
    |    ^^^^^^^^^^^^^^^^^^^^^^

warning: `valence` (example "ctf") generated 3 warnings
    Finished `dev` profile [optimized + debuginfo] target(s) in 1m 24s
     Running `/tmp/valence-compat-drag-ctf-20260606-target/debug/examples/ctf`
MC-COMPAT-MILESTONE inventory_hotbar_select username=compatbot slot=0 source=team_inventory_setup
[2m2026-06-06T05:04:03.779673Z[0m [32m INFO[0m [2mctf[0m[2m:[0m MC-COMPAT-MILESTONE inventory_click_slot username=compatbot window=0 slot=37 button=0 mode=Click carried_item=RedWool count=64 slot_changes=1
MC-COMPAT-MILESTONE inventory_click_slot username=compatbot window=0 slot=37 button=0 mode=Click carried_item=RedWool count=64 slot_changes=1
[2m2026-06-06T05:04:03.779721Z[0m [32m INFO[0m [2mctf[0m[2m:[0m MC-COMPAT-MILESTONE inventory_drag_server_pickup username=compatbot window=0 state_id=1 source_slot=37 button=0 mode=Click item=RedWool source_count_after=0 carried_count=64
MC-COMPAT-MILESTONE inventory_drag_server_pickup username=compatbot window=0 state_id=1 source_slot=37 button=0 mode=Click item=RedWool source_count_after=0 carried_count=64
[2m2026-06-06T05:04:03.779727Z[0m [32m INFO[0m [2mctf[0m[2m:[0m MC-COMPAT-MILESTONE inventory_click_slot username=compatbot window=0 slot=-999 button=0 mode=Drag carried_item=RedWool count=64 slot_changes=0
MC-COMPAT-MILESTONE inventory_click_slot username=compatbot window=0 slot=-999 button=0 mode=Drag carried_item=RedWool count=64 slot_changes=0
[2m2026-06-06T05:04:03.779732Z[0m [32m INFO[0m [2mctf[0m[2m:[0m MC-COMPAT-MILESTONE inventory_drag_server_start username=compatbot window=0 state_id_sequence=1->1 slot=-999 button=0 mode=Drag item=RedWool carried_count=64
MC-COMPAT-MILESTONE inventory_drag_server_start username=compatbot window=0 state_id_sequence=1->1 slot=-999 button=0 mode=Drag item=RedWool carried_count=64
[2m2026-06-06T05:04:03.779736Z[0m [32m INFO[0m [2mctf[0m[2m:[0m MC-COMPAT-MILESTONE inventory_click_slot username=compatbot window=0 slot=38 button=1 mode=Drag carried_item=RedWool count=64 slot_changes=0
MC-COMPAT-MILESTONE inventory_click_slot username=compatbot window=0 slot=38 button=1 mode=Drag carried_item=RedWool count=64 slot_changes=0
[2m2026-06-06T05:04:03.779740Z[0m [32m INFO[0m [2mctf[0m[2m:[0m MC-COMPAT-MILESTONE inventory_drag_server_target_a username=compatbot window=0 state_id=1 target_slot=38 button=1 mode=Drag item=RedWool carried_count=64
MC-COMPAT-MILESTONE inventory_drag_server_target_a username=compatbot window=0 state_id=1 target_slot=38 button=1 mode=Drag item=RedWool carried_count=64
[2m2026-06-06T05:04:03.779744Z[0m [32m INFO[0m [2mctf[0m[2m:[0m MC-COMPAT-MILESTONE inventory_click_slot username=compatbot window=0 slot=39 button=1 mode=Drag carried_item=RedWool count=64 slot_changes=0
MC-COMPAT-MILESTONE inventory_click_slot username=compatbot window=0 slot=39 button=1 mode=Drag carried_item=RedWool count=64 slot_changes=0
[2m2026-06-06T05:04:03.779748Z[0m [32m INFO[0m [2mctf[0m[2m:[0m MC-COMPAT-MILESTONE inventory_drag_server_target_b username=compatbot window=0 state_id_sequence=1->1 target_slots=38,39 button=1 mode=Drag item=RedWool carried_count=64
MC-COMPAT-MILESTONE inventory_drag_server_target_b username=compatbot window=0 state_id_sequence=1->1 target_slots=38,39 button=1 mode=Drag item=RedWool carried_count=64
[2m2026-06-06T05:04:03.779752Z[0m [32m INFO[0m [2mctf[0m[2m:[0m MC-COMPAT-MILESTONE inventory_click_slot username=compatbot window=0 slot=-999 button=2 mode=Drag carried_item=Air count=0 slot_changes=2
MC-COMPAT-MILESTONE inventory_click_slot username=compatbot window=0 slot=-999 button=2 mode=Drag carried_item=Air count=0 slot_changes=2
[2m2026-06-06T05:04:03.779757Z[0m [32m INFO[0m [2mctf[0m[2m:[0m MC-COMPAT-MILESTONE inventory_drag_server_end username=compatbot window=0 state_id_sequence=1->1->1->1->1 source_slot=37 target_slots=38,39 button=2 mode=Drag item=RedWool source_count_after=0 target_counts=32,32 carried_count=0
MC-COMPAT-MILESTONE inventory_drag_server_end username=compatbot window=0 state_id_sequence=1->1->1->1->1 source_slot=37 target_slots=38,39 button=2 mode=Drag item=RedWool source_count_after=0 target_counts=32,32 carried_count=0
MC-COMPAT-MILESTONE inventory_hotbar_select username=compatbot slot=0
