## inventory drag typed-event Cairn authoring validation
command=nix run --no-update-lock-file .#cairn -- validate --root .
{
  "change_issues": [],
  "changes": 1,
  "issues": [],
  "layout": "cairn",
  "policy": "cairn-default",
  "spec_issues": [],
  "specs_validated": 3,
  "valid": true
}
cairn_validate_exit_status=0
command=nix run --no-update-lock-file .#cairn -- gate proposal inventory-drag-typed-event-migration --root .
{
  "change": "inventory-drag-typed-event-migration",
  "evidence_summary": {
    "docs_only": 0,
    "fixture": 0,
    "formal": 0,
    "mode": "advisory",
    "model": 0,
    "probe": 0,
    "property": 0
  },
  "input_hash": "de85a4a0578de58b6aad605d8f1b771fc06d36bb4b18995dd7582d9490156ddb",
  "issues": [],
  "layout": "cairn",
  "policy": "cairn-default",
  "policy_hash": "7d2c6606b81e38f9414e81df24c64c9a638d4c238d8a9c04412ac95e347c3355",
  "receipt_hash": "45b1565f4b4e8457d02b8ef40b61ed3f482b78977fff903764d456990c038e9c",
  "stage": "proposal",
  "valid": true,
  "verdict": "PASS"
}
cairn_gate_proposal_exit_status=0
command=nix run --no-update-lock-file .#cairn -- gate design inventory-drag-typed-event-migration --root .
{
  "change": "inventory-drag-typed-event-migration",
  "evidence_summary": {
    "docs_only": 0,
    "fixture": 0,
    "formal": 0,
    "mode": "advisory",
    "model": 0,
    "probe": 0,
    "property": 0
  },
  "input_hash": "f9e4fd7f2825f3b8fef2036f3d29908af2686f3d75ac7b27a34911fd3e11cb9b",
  "issues": [],
  "layout": "cairn",
  "policy": "cairn-default",
  "policy_hash": "7d2c6606b81e38f9414e81df24c64c9a638d4c238d8a9c04412ac95e347c3355",
  "receipt_hash": "aeecae63e35556a056cdced2983c1da62cf9a4f0bd00cf61459bd5ed864f6db3",
  "stage": "design",
  "valid": true,
  "verdict": "PASS"
}
cairn_gate_design_exit_status=0
command=nix run --no-update-lock-file .#cairn -- gate tasks inventory-drag-typed-event-migration --root .
{
  "change": "inventory-drag-typed-event-migration",
  "evidence_summary": {
    "docs_only": 0,
    "fixture": 0,
    "formal": 0,
    "mode": "advisory",
    "model": 0,
    "probe": 0,
    "property": 0
  },
  "input_hash": "df83c7d371331b45688375e656632af942b2af92869caaaefa6169c232ab906e",
  "issues": [],
  "layout": "cairn",
  "policy": "cairn-default",
  "policy_hash": "7d2c6606b81e38f9414e81df24c64c9a638d4c238d8a9c04412ac95e347c3355",
  "receipt_hash": "15b299ce3dab3cb6a3fd75f7e9179e7f90f8021f037b62a03e7a4200a6a3c037",
  "stage": "tasks",
  "valid": true,
  "verdict": "PASS"
}
cairn_gate_tasks_exit_status=0
exit_status=0
