[mc-compat] building Stevenarella client
warning: `/home/brittonr/git/mc/stevenarella/.cargo/config` is deprecated in favor of `config.toml`
  |
  = help: if you need to support cargo 1.38 or earlier, you can symlink `config` to `config.toml`
warning: file `/home/brittonr/git/mc/stevenarella/src/main.rs` found to be present in multiple build targets:
  * `lib` target `stevenarella`
  * `bin` target `stevenarella`
warning: unnecessary parentheses around closure body
    --> blocks/src/lib.rs:1052:36
     |
1052 |         offsets |protocol_version| (instrument.offsets(protocol_version)
     |                                    ^
1053 |             .map(|offset| offset * (25 * 2) + ((note as usize) << 1) + if powered { 0 } else { 1 })),
     |                                                                                                    ^
     |
     = note: `#[warn(unused_parens)]` (part of `#[warn(unused)]`) on by default
help: remove these parentheses
     |
1052 ~         offsets |protocol_version| instrument.offsets(protocol_version)
1053 ~             .map(|offset| offset * (25 * 2) + ((note as usize) << 1) + if powered { 0 } else { 1 }),
     |

warning: unnecessary parentheses around closure body
    --> blocks/src/lib.rs:1407:36
     |
1407 |         offsets |protocol_version| (variant.offsets(protocol_version)),
     |                                    ^                                 ^
     |
help: remove these parentheses
     |
1407 -         offsets |protocol_version| (variant.offsets(protocol_version)),
1407 +         offsets |protocol_version| variant.offsets(protocol_version),
     |

warning: `steven_blocks` (lib) generated 2 warnings (run `cargo fix --lib -p steven_blocks` to apply 2 suggestions)
   Compiling stevenarella v0.0.1 (/home/brittonr/git/mc/stevenarella)
warning: constant `SURVIVAL_BLOCK_ENTITY_TEXT_PAYLOAD` is never used
   --> src/server/mod.rs:269:7
    |
269 | const SURVIVAL_BLOCK_ENTITY_TEXT_PAYLOAD: &str = "MC|Compat|Sign|Persist";
    |       ^^^^^^^^^^^^^^^^^^^^^^^^^^^^^^^^^^
    |
    = note: `#[warn(dead_code)]` (part of `#[warn(unused)]`) on by default

warning: function `survival_block_entity_expected_lines` is never used
   --> src/server/mod.rs:568:4
    |
568 | fn survival_block_entity_expected_lines() -> [String; SIGN_LINE_COUNT] {
    |    ^^^^^^^^^^^^^^^^^^^^^^^^^^^^^^^^^^^^

warning: hiding a lifetime that's elided elsewhere is confusing
   --> src/console/mod.rs:181:32
    |
181 |     pub fn get<T: Sized + Any>(&self, var: CVar<T>) -> Ref<T>
    |                                ^^^^^                   ^^^^^^ the same lifetime is hidden here
    |                                |
    |                                the lifetime is elided here
    |
    = help: the same lifetime is referred to in inconsistent ways, making the signature confusing
    = note: `#[warn(mismatched_lifetime_syntaxes)]` on by default
help: use `'_` for type paths
    |
181 |     pub fn get<T: Sized + Any>(&self, var: CVar<T>) -> Ref<'_, T>
    |                                                            +++

warning: hiding a lifetime that's elided elsewhere is confusing
   --> src/ui/mod.rs:102:21
    |
102 |               fn draw(&self, renderer: &mut render::Renderer, r: &Region, sw: f64, sh: f64, width: f64, height: f64, delta: f64) -> RefMut<[u8]> {
    |                       ^^^^^ the lifetime is elided here                                                                             ^^^^^^^^^^^^ the same lifetime is hidden here
...
252 | / define_elements! {
253 | |     Image,
254 | |     Batch,
255 | |     Text,
...   |
258 | |     TextBox,
259 | | }
    | |_- in this macro invocation
    |
    = help: the same lifetime is referred to in inconsistent ways, making the signature confusing
    = note: this warning originates in the macro `define_elements` (in Nightly builds, run with -Z macro-backtrace for more info)
help: use `'_` for type paths
    |
102 |             fn draw(&self, renderer: &mut render::Renderer, r: &Region, sw: f64, sh: f64, width: f64, height: f64, delta: f64) -> RefMut<'_, [u8]> {
    |                                                                                                                                          +++

warning: `stevenarella` (lib) generated 4 warnings (run `cargo fix --lib -p stevenarella` to apply 2 suggestions)
warning: `stevenarella` (bin "stevenarella") generated 4 warnings (4 duplicates)
    Finished `dev` profile [optimized + debuginfo] target(s) in 13.69s
[mc-compat] creating isolated Valence worktree /tmp/valence-compat-763 at HEAD
Preparing worktree (detached HEAD a8ff748)
HEAD is now at a8ff748 add bounded inventory stack split fixture
[mc-compat] starting Valence HEAD example 'ctf' on 127.0.0.1:25565; log: /tmp/mc-compat-valence.log
[mc-compat] probing status 127.0.0.1:25565 expecting protocol 763
{"description":{"text":"A Valence Server"},"players":{"max":20,"online":0,"sample":[]},"version":{"name":"1.20.1","protocol":763}}
[mc-compat] running Stevenarella headless scenario 'inventory-stack-split-merge' isolated from host Wayland compositor
[main.rs:1037][INFO] Starting steven
[platform_impl/linux/x11/util/randr.rs:23][WARN] XRandR reported that the display's 0mm in size, which is certifiably insane
[platform_impl/linux/x11/window.rs:147][INFO] Guessed window scale factor: 1
[main.rs:1173][INFO] Shader version: #version 150
[main.rs:290][INFO] Detected server protocol version 763
[server/mod.rs:908][INFO] MC-COMPAT-MILESTONE connect_start protocol=763 address=127.0.0.1:25565
[server/mod.rs:913][INFO] MC-COMPAT-MILESTONE tcp_connected
[server/mod.rs:930][INFO] MC-COMPAT-MILESTONE handshake_sent next=login
[server/mod.rs:944][INFO] MC-COMPAT-MILESTONE login_start_sent
[server/mod.rs:951][INFO] MC-COMPAT-MILESTONE login_compression threshold=256
[server/mod.rs:1012][WARN] Server is running in offline mode
[server/mod.rs:1013][INFO] MC-COMPAT-MILESTONE login_success state=play protocol=763 username=compatbot properties=0
[server/mod.rs:3104][INFO] MC-COMPAT-MILESTONE join_game_763_shape dimension_type=minecraft:overworld world=minecraft:overworld portal_cooldown=0
[world/mod.rs:1123][INFO] Dimension bounds: min_y=-64 height=384
[server/mod.rs:3189][INFO] MC-COMPAT-MILESTONE join_game entity_id=0 gamemode=Adventure
[server/mod.rs:5900][INFO] Received chat message: Welcome to Valence! Select a team by jumping in the team's portal.
[server/mod.rs:5518][INFO] MC-COMPAT-MILESTONE inventory_probe_current_hotbar_slot slot=0
[server/mod.rs:5345][INFO] MC-COMPAT-MILESTONE inventory_probe_set_slot window=255 state_id=0 slot=-1 item=empty
[server/mod.rs:3737][INFO] MC-COMPAT-MILESTONE update_health health=20.0 food=20 saturation=0.0
[server/mod.rs:6081][INFO] MC-COMPAT-MILESTONE first_chunk_data chunk_x=0 chunk_z=0
[server/mod.rs:1630][INFO] MC-COMPAT-MILESTONE render_tick_with_player
[server/mod.rs:1699][INFO] MC-COMPAT-MILESTONE active_probe_input_start forward+sprint+jump
[server/mod.rs:2756][INFO] MC-COMPAT-MILESTONE active_probe_position_look_sent x=0.000 y=85.736 z=2.525 on_ground=true
[model/mod.rs:398][ERROR] Error missing block state for minecraft:noteblock
[model/mod.rs:368][ERROR] Error loading model minecraft:noteblock
[model/mod.rs:398][ERROR] Error missing block state for minecraft:noteblock
[model/mod.rs:368][ERROR] Error loading model minecraft:noteblock
[server/mod.rs:1705][INFO] MC-COMPAT-MILESTONE active_probe_jump_release
[server/mod.rs:1709][INFO] MC-COMPAT-MILESTONE active_probe_input_turn right
[server/mod.rs:5900][INFO] Received chat message: You are on team RED!
[server/mod.rs:5345][INFO] MC-COMPAT-MILESTONE inventory_probe_set_slot window=0 state_id=1 slot=36 item=id=777 count=1
[server/mod.rs:5417][INFO] MC-COMPAT-MILESTONE inventory_probe_slot36_nonempty count=1 item_id=777
[server/mod.rs:5345][INFO] MC-COMPAT-MILESTONE inventory_probe_set_slot window=0 state_id=1 slot=37 item=id=194 count=64
[server/mod.rs:3801][INFO] MC-COMPAT-MILESTONE inventory_stack_initial_slot window=0 state_id=1 source_slot=37 item=RedWool item_id=194 source_count=64
[server/mod.rs:3718][INFO] MC-COMPAT-MILESTONE remote_player_spawn entity_id=4 uuid=UUID(2296207233979137544, 12198587176558003987) name=compatbot x=-40.000 y=65.000 z=0.000
[server/mod.rs:3897][INFO] MC-COMPAT-MILESTONE inventory_stack_split_pickup_sent window=0 source_slot=37 state_id=1 button=1 mode=click item=RedWool source_count_before=64 source_count_after=32 carried_count=32
[server/mod.rs:3922][INFO] MC-COMPAT-MILESTONE inventory_stack_split_source_seen window=0 state_id=1 source_slot=37 item=RedWool source_count=32 source=client_click_plan
[server/mod.rs:3932][INFO] MC-COMPAT-MILESTONE inventory_stack_split_place_sent window=0 destination_slot=38 state_id=1 button=0 mode=click item=RedWool destination_count=32 carried_count=0
[server/mod.rs:3956][INFO] MC-COMPAT-MILESTONE inventory_stack_split_destination_seen window=0 state_id=1 destination_slot=38 item=RedWool destination_count=32 source=client_click_plan
[server/mod.rs:3966][INFO] MC-COMPAT-MILESTONE inventory_stack_merge_pickup_sent window=0 destination_slot=38 state_id=1 button=0 mode=click item=RedWool destination_count_after=0 carried_count=32
[server/mod.rs:3990][INFO] MC-COMPAT-MILESTONE inventory_stack_merge_destination_empty_seen window=0 state_id=1 destination_slot=38 item=RedWool destination_count=0 source=client_click_plan
[server/mod.rs:4000][INFO] MC-COMPAT-MILESTONE inventory_stack_merge_place_sent window=0 source_slot=37 state_id=1 button=0 mode=click item=RedWool source_count_after=64 destination_slot=38 destination_count_after=0 carried_count=0
[server/mod.rs:4026][INFO] MC-COMPAT-MILESTONE inventory_stack_final_source_seen window=0 state_id=1 source_slot=37 item=RedWool source_count=64 source=client_click_plan
[model/mod.rs:398][ERROR] Error missing block state for minecraft:wooden_button
[model/mod.rs:368][ERROR] Error loading model minecraft:wooden_button
[server/mod.rs:1713][INFO] MC-COMPAT-MILESTONE active_probe_input_stop
[server/mod.rs:1759][INFO] MC-COMPAT-MILESTONE team_probe_enter_red_portal x=-4.0 y=84.0 z=4.0
[server/mod.rs:1778][INFO] MC-COMPAT-MILESTONE team_probe_hold_red_portal start
[server/mod.rs:1791][INFO] MC-COMPAT-MILESTONE team_probe_select_hotbar_slot slot=0
[server/mod.rs:1795][INFO] MC-COMPAT-MILESTONE team_probe_use_item_sent hand=main sequence=0
[mc-compat] client compatbot finished Some(124); log: /tmp/mc-compat-client.compatbot.1780716796930.log
[mc-compat] stopping managed Valence server process 265738
[mc-compat] wrote typed event log /home/brittonr/git/mc/docs/evidence/inventory-stack-split-merge-2026-06-05.typed-events.log
[mc-compat] wrote smoke receipt /home/brittonr/git/mc/docs/evidence/inventory-stack-split-merge-2026-06-05.json
exit_status=0
