## cairn gates
$ nix run --no-update-lock-file .#cairn -- gate proposal inventory-extra-window-types --root .
{
  "change": "inventory-extra-window-types",
  "evidence_summary": {
    "docs_only": 0,
    "fixture": 0,
    "formal": 0,
    "mode": "advisory",
    "model": 0,
    "probe": 0,
    "property": 0
  },
  "input_hash": "e1ffebd423453505ee77c85d8536433cbe1bfa577947eabf310827437c4c35f5",
  "issues": [],
  "layout": "cairn",
  "policy": "cairn-default",
  "policy_hash": "7d2c6606b81e38f9414e81df24c64c9a638d4c238d8a9c04412ac95e347c3355",
  "receipt_hash": "cec422306f427daaf7dbcdbd59cdeb53c7a443b199d6c0480f110a78261a19a1",
  "stage": "proposal",
  "valid": true,
  "verdict": "PASS"
}
gate_proposal_exit_status=0
$ nix run --no-update-lock-file .#cairn -- gate design inventory-extra-window-types --root .
{
  "change": "inventory-extra-window-types",
  "evidence_summary": {
    "docs_only": 0,
    "fixture": 0,
    "formal": 0,
    "mode": "advisory",
    "model": 0,
    "probe": 0,
    "property": 0
  },
  "input_hash": "4a17dda56857b13373cbfa51033cd4b87a50260fdaa88bcb033cbe68a468e97c",
  "issues": [],
  "layout": "cairn",
  "policy": "cairn-default",
  "policy_hash": "7d2c6606b81e38f9414e81df24c64c9a638d4c238d8a9c04412ac95e347c3355",
  "receipt_hash": "83f83ab119848f0d856b12db0c92af3341d338a5991273464a8322ccbd9fbaab",
  "stage": "design",
  "valid": true,
  "verdict": "PASS"
}
gate_design_exit_status=0
$ nix run --no-update-lock-file .#cairn -- gate tasks inventory-extra-window-types --root .
{
  "change": "inventory-extra-window-types",
  "evidence_summary": {
    "docs_only": 0,
    "fixture": 0,
    "formal": 0,
    "mode": "advisory",
    "model": 0,
    "probe": 0,
    "property": 0
  },
  "input_hash": "3f531780186fd2ac484d3dfae20d0c270153a16e444866a3d942c5968ba2d012",
  "issues": [],
  "layout": "cairn",
  "policy": "cairn-default",
  "policy_hash": "7d2c6606b81e38f9414e81df24c64c9a638d4c238d8a9c04412ac95e347c3355",
  "receipt_hash": "31ece69acc7eec7652aa5e3888ad0435cb35205db12217034b2a80ab20fc44be",
  "stage": "tasks",
  "valid": true,
  "verdict": "PASS"
}
gate_tasks_exit_status=0
## cairn validate
$ nix run --no-update-lock-file .#cairn -- validate --root .
{
  "change_issues": [],
  "changes": 9,
  "issues": [],
  "layout": "cairn",
  "policy": "cairn-default",
  "spec_issues": [],
  "specs_validated": 11,
  "valid": true
}
validate_exit_status=0
