## cairn gates
$ nix run --no-update-lock-file .#cairn -- gate proposal inventory-stack-split-merge --root .
{
  "change": "inventory-stack-split-merge",
  "evidence_summary": {
    "docs_only": 0,
    "fixture": 0,
    "formal": 0,
    "mode": "advisory",
    "model": 0,
    "probe": 0,
    "property": 0
  },
  "input_hash": "8f8ab600155c8d834ea715e90ba0c4f9d39c9f1bdd964eef8f8d1ed2367cbb7e",
  "issues": [],
  "layout": "cairn",
  "policy": "cairn-default",
  "policy_hash": "7d2c6606b81e38f9414e81df24c64c9a638d4c238d8a9c04412ac95e347c3355",
  "receipt_hash": "10cacb86a0c1dd14d4af8e500ee07898b27cdb1b7a502b0794436210d4506c22",
  "stage": "proposal",
  "valid": true,
  "verdict": "PASS"
}
gate_proposal_exit_status=0
$ nix run --no-update-lock-file .#cairn -- gate design inventory-stack-split-merge --root .
{
  "change": "inventory-stack-split-merge",
  "evidence_summary": {
    "docs_only": 0,
    "fixture": 0,
    "formal": 0,
    "mode": "advisory",
    "model": 0,
    "probe": 0,
    "property": 0
  },
  "input_hash": "3ee77213a4f5fbfbbc05d3dc1e198a9d383e2df146ccb6123429885eb2d26151",
  "issues": [],
  "layout": "cairn",
  "policy": "cairn-default",
  "policy_hash": "7d2c6606b81e38f9414e81df24c64c9a638d4c238d8a9c04412ac95e347c3355",
  "receipt_hash": "1696ffa0562fe6b2a3701e4099baeb38ec23ceee360400d1e9ae3c1902297808",
  "stage": "design",
  "valid": true,
  "verdict": "PASS"
}
gate_design_exit_status=0
$ nix run --no-update-lock-file .#cairn -- gate tasks inventory-stack-split-merge --root .
{
  "change": "inventory-stack-split-merge",
  "evidence_summary": {
    "docs_only": 0,
    "fixture": 0,
    "formal": 0,
    "mode": "advisory",
    "model": 0,
    "probe": 0,
    "property": 0
  },
  "input_hash": "3f7119e78791c35cf312029b4a8b8504f5dd8c128a61b52e213ce202c578aecb",
  "issues": [],
  "layout": "cairn",
  "policy": "cairn-default",
  "policy_hash": "7d2c6606b81e38f9414e81df24c64c9a638d4c238d8a9c04412ac95e347c3355",
  "receipt_hash": "adb5448f5e6c34bb44fae74b6fabbe11e84b2bb3893002e513fd3e984876492d",
  "stage": "tasks",
  "valid": true,
  "verdict": "PASS"
}
gate_tasks_exit_status=0
## cairn validate
$ nix run --no-update-lock-file .#cairn -- validate --root .
{
  "change_issues": [],
  "changes": 8,
  "issues": [],
  "layout": "cairn",
  "policy": "cairn-default",
  "spec_issues": [],
  "specs_validated": 10,
  "valid": true
}
validate_exit_status=0
