[main.rs:1037][INFO] Starting steven
[platform_impl/linux/x11/util/randr.rs:23][WARN] XRandR reported that the display's 0mm in size, which is certifiably insane
[platform_impl/linux/x11/window.rs:147][INFO] Guessed window scale factor: 1
[main.rs:1173][INFO] Shader version: #version 150
[main.rs:290][INFO] Detected server protocol version 763
[server/mod.rs:987][INFO] MC-COMPAT-MILESTONE connect_start protocol=763 address=127.0.0.1:25565
[server/mod.rs:992][INFO] MC-COMPAT-MILESTONE tcp_connected
[server/mod.rs:1009][INFO] MC-COMPAT-MILESTONE handshake_sent next=login
[server/mod.rs:1023][INFO] MC-COMPAT-MILESTONE login_start_sent
[server/mod.rs:1030][INFO] MC-COMPAT-MILESTONE login_compression threshold=256
[server/mod.rs:1091][WARN] Server is running in offline mode
[server/mod.rs:1092][INFO] MC-COMPAT-MILESTONE login_success state=play protocol=763 username=compatbot properties=0
[server/mod.rs:3221][INFO] MC-COMPAT-MILESTONE join_game_763_shape dimension_type=minecraft:overworld world=minecraft:overworld portal_cooldown=0
[world/mod.rs:1123][INFO] Dimension bounds: min_y=-64 height=384
[server/mod.rs:3306][INFO] MC-COMPAT-MILESTONE join_game entity_id=0 gamemode=Adventure
[server/mod.rs:6238][INFO] Received chat message: Welcome to Valence! Select a team by jumping in the team's portal.
[server/mod.rs:5856][INFO] MC-COMPAT-MILESTONE inventory_probe_current_hotbar_slot slot=0
[server/mod.rs:5683][INFO] MC-COMPAT-MILESTONE inventory_probe_set_slot window=255 state_id=0 slot=-1 item=empty
[server/mod.rs:3854][INFO] MC-COMPAT-MILESTONE update_health health=20.0 food=20 saturation=0.0
[server/mod.rs:6419][INFO] MC-COMPAT-MILESTONE first_chunk_data chunk_x=0 chunk_z=0
[server/mod.rs:1722][INFO] MC-COMPAT-MILESTONE render_tick_with_player
[server/mod.rs:1793][INFO] MC-COMPAT-MILESTONE active_probe_input_start forward+sprint+jump
[server/mod.rs:2873][INFO] MC-COMPAT-MILESTONE active_probe_position_look_sent x=0.000 y=85.966 z=2.245 on_ground=true
[model/mod.rs:398][ERROR] Error missing block state for minecraft:noteblock
[model/mod.rs:368][ERROR] Error loading model minecraft:noteblock
[server/mod.rs:1799][INFO] MC-COMPAT-MILESTONE active_probe_jump_release
[server/mod.rs:1803][INFO] MC-COMPAT-MILESTONE active_probe_input_turn right
[server/mod.rs:6238][INFO] Received chat message: You are on team RED!
[server/mod.rs:5683][INFO] MC-COMPAT-MILESTONE inventory_probe_set_slot window=0 state_id=1 slot=36 item=id=777 count=1
[server/mod.rs:5755][INFO] MC-COMPAT-MILESTONE inventory_probe_slot36_nonempty count=1 item_id=777
[server/mod.rs:5683][INFO] MC-COMPAT-MILESTONE inventory_probe_set_slot window=0 state_id=1 slot=37 item=id=194 count=64
[server/mod.rs:3925][INFO] MC-COMPAT-MILESTONE inventory_drag_initial_slot window=0 state_id=1 source_slot=37 item=RedWool item_id=194 source_count=64
[server/mod.rs:3835][INFO] MC-COMPAT-MILESTONE remote_player_spawn entity_id=4 uuid=UUID(2296207233979137544, 12198587176558003987) name=compatbot x=-40.000 y=65.000 z=0.000
[server/mod.rs:4225][INFO] MC-COMPAT-MILESTONE inventory_drag_pickup_sent window=0 source_slot=37 state_id=1 button=0 mode=click item=RedWool source_count_before=64 source_count_after=0 carried_count=64
[server/mod.rs:4250][INFO] MC-COMPAT-MILESTONE inventory_drag_source_empty_seen window=0 state_id=1 source_slot=37 item=RedWool source_count=0 source=client_click_plan
[server/mod.rs:4260][INFO] MC-COMPAT-MILESTONE inventory_drag_start_sent window=0 slot=-999 state_id=1 button=0 mode=drag item=RedWool carried_count=64
[server/mod.rs:4281][INFO] MC-COMPAT-MILESTONE inventory_drag_target_a_sent window=0 target_slot=38 state_id=1 button=1 mode=drag item=RedWool carried_count=64
[server/mod.rs:4302][INFO] MC-COMPAT-MILESTONE inventory_drag_target_b_sent window=0 target_slot=39 state_id=1 button=1 mode=drag item=RedWool carried_count=64
[model/mod.rs:398][ERROR] Error missing block state for minecraft:wooden_button
[model/mod.rs:368][ERROR] Error loading model minecraft:wooden_button
[server/mod.rs:1807][INFO] MC-COMPAT-MILESTONE active_probe_input_stop
[server/mod.rs:4323][INFO] MC-COMPAT-MILESTONE inventory_drag_end_sent window=0 slot=-999 state_id=1 button=2 mode=drag item=RedWool target_slots=38,39 target_counts=32,32 carried_count=0
[server/mod.rs:4357][INFO] MC-COMPAT-MILESTONE inventory_drag_final_distribution_seen window=0 state_id=1 source_slot=37 source_count=0 target_slots=38,39 target_counts=32,32 item=RedWool carried_count=0 source=client_click_plan
[server/mod.rs:1853][INFO] MC-COMPAT-MILESTONE team_probe_enter_red_portal x=-4.0 y=84.0 z=4.0
[server/mod.rs:1872][INFO] MC-COMPAT-MILESTONE team_probe_hold_red_portal start
[server/mod.rs:1885][INFO] MC-COMPAT-MILESTONE team_probe_select_hotbar_slot slot=0
[server/mod.rs:1889][INFO] MC-COMPAT-MILESTONE team_probe_use_item_sent hand=main sequence=0
