## cairn gates
$ nix run --no-update-lock-file .#cairn -- gate proposal inventory-drag-transactions --root .
{
  "change": "inventory-drag-transactions",
  "evidence_summary": {
    "docs_only": 0,
    "fixture": 0,
    "formal": 0,
    "mode": "advisory",
    "model": 0,
    "probe": 0,
    "property": 0
  },
  "input_hash": "7c2ea734a539deb9d85d3c78b2e5b1747a3072cda8d0ab656a515db4b8987f50",
  "issues": [],
  "layout": "cairn",
  "policy": "cairn-default",
  "policy_hash": "7d2c6606b81e38f9414e81df24c64c9a638d4c238d8a9c04412ac95e347c3355",
  "receipt_hash": "2e76890eda4ea7fceb780b67bc1741e2e625f3622f058f1b6d638346e72adef3",
  "stage": "proposal",
  "valid": true,
  "verdict": "PASS"
}
gate_proposal_exit_status=0
$ nix run --no-update-lock-file .#cairn -- gate design inventory-drag-transactions --root .
{
  "change": "inventory-drag-transactions",
  "evidence_summary": {
    "docs_only": 0,
    "fixture": 0,
    "formal": 0,
    "mode": "advisory",
    "model": 0,
    "probe": 0,
    "property": 0
  },
  "input_hash": "6365ffe74fd8e3f216b33dcca0c581fc4da8a0f2ddefdfa9be6255a096526f56",
  "issues": [],
  "layout": "cairn",
  "policy": "cairn-default",
  "policy_hash": "7d2c6606b81e38f9414e81df24c64c9a638d4c238d8a9c04412ac95e347c3355",
  "receipt_hash": "f130ccff160402f9b8c25ba50665b4c188b77a63a05b5e088e5be6343e8ab6c6",
  "stage": "design",
  "valid": true,
  "verdict": "PASS"
}
gate_design_exit_status=0
$ nix run --no-update-lock-file .#cairn -- gate tasks inventory-drag-transactions --root .
{
  "change": "inventory-drag-transactions",
  "evidence_summary": {
    "docs_only": 0,
    "fixture": 0,
    "formal": 0,
    "mode": "advisory",
    "model": 0,
    "probe": 0,
    "property": 0
  },
  "input_hash": "334e20ce347d1fc6bc29e34e473747ea83c196ffa8e61c69dc6b0742d569da25",
  "issues": [],
  "layout": "cairn",
  "policy": "cairn-default",
  "policy_hash": "7d2c6606b81e38f9414e81df24c64c9a638d4c238d8a9c04412ac95e347c3355",
  "receipt_hash": "98ccdabdf0a224a17737b039a9481098878d24edb941743c838e7079dce8757d",
  "stage": "tasks",
  "valid": true,
  "verdict": "PASS"
}
gate_tasks_exit_status=0
## cairn validate
$ nix run --no-update-lock-file .#cairn -- validate --root .
{
  "change_issues": [],
  "changes": 10,
  "issues": [],
  "layout": "cairn",
  "policy": "cairn-default",
  "spec_issues": [],
  "specs_validated": 12,
  "valid": true
}
validate_exit_status=0
