change=isolate-runner-json-evidence
phase=sync-archive-dry-run

$ nix run .#cairn -- sync isolate-runner-json-evidence --root .
{
  "actions": [
    {
      "description": "merge delta spec into main specs: ./cairn/changes/isolate-runner-json-evidence/specs/mc-compatibility/spec.md",
      "kind": "sync_delta_spec",
      "path": "./cairn/changes/isolate-runner-json-evidence/specs/mc-compatibility/spec.md"
    }
  ],
  "blocked": false,
  "change": "isolate-runner-json-evidence",
  "delta_specs": [
    "./cairn/changes/isolate-runner-json-evidence/specs/mc-compatibility/spec.md"
  ],
  "dry_run": true,
  "input_hash": "4f028f9a4b9ffd24100d8a04765b2d31e716f1ff9c957ad0b0f072179d09ebf5",
  "layout": "cairn",
  "mutated": false,
  "mutation_manifest": null,
  "plan_hash": "b256431c3f4eca446994f96e57f8b984fd2c8c0803285a3debdb7a762d818488",
  "policy": "cairn-default",
  "policy_hash": "a210ed841d260e0bf026f3c67ec810216b6409cfe6036f9132b51cc4e3176618",
  "reasons": [],
  "receipt_hash": "5dc4c6d373fd4d3ba91c81d93c581cda215b5c2bbacd0c89f3cdbf92eb2d70b7"
}
command_exit_status=0

$ nix run .#cairn -- archive isolate-runner-json-evidence --root .
{
  "actions": [
    {
      "description": "move active change to archive: isolate-runner-json-evidence",
      "kind": "archive_change",
      "path": "./cairn/changes/isolate-runner-json-evidence"
    }
  ],
  "blocked": false,
  "change": "isolate-runner-json-evidence",
  "dry_run": true,
  "input_hash": "4f028f9a4b9ffd24100d8a04765b2d31e716f1ff9c957ad0b0f072179d09ebf5",
  "layout": "cairn",
  "mutated": false,
  "mutation_manifest": null,
  "plan_hash": "ad417530f58bc76824b99b53a15b4b346fef2aa80d4f886ef20f6471312f6838",
  "policy": "cairn-default",
  "policy_hash": "a210ed841d260e0bf026f3c67ec810216b6409cfe6036f9132b51cc4e3176618",
  "reasons": [],
  "receipt_hash": "7b2bb0c70c081c5b40a3db377fadc04c9b47d52edd18a2d45f4dcad4cd023e92"
}
command_exit_status=0

exit_status=0
