change=isolate-runner-json-evidence
phase=final-cairn-gates-after-evidence-manifest

$ nix run .#cairn -- gate proposal isolate-runner-json-evidence --root .
{
  "change": "isolate-runner-json-evidence",
  "evidence_summary": {
    "docs_only": 0,
    "fixture": 0,
    "formal": 0,
    "mode": "advisory",
    "model": 0,
    "probe": 0,
    "property": 0
  },
  "input_hash": "ea5a49687a029549301f2b8a37ee959ce2fe3c1adf9c78bde5ccc3b87d64e48d",
  "issues": [],
  "layout": "cairn",
  "policy": "cairn-default",
  "policy_hash": "a210ed841d260e0bf026f3c67ec810216b6409cfe6036f9132b51cc4e3176618",
  "receipt_hash": "8e7b8685e5d761119ad55d83d7492af4ec8f5cab9953239faacb8f908ad83135",
  "stage": "proposal",
  "valid": true,
  "verdict": "PASS"
}
command_exit_status=0

$ nix run .#cairn -- gate design isolate-runner-json-evidence --root .
{
  "change": "isolate-runner-json-evidence",
  "evidence_summary": {
    "docs_only": 0,
    "fixture": 0,
    "formal": 0,
    "mode": "advisory",
    "model": 0,
    "probe": 0,
    "property": 0
  },
  "input_hash": "ce756370229ae7b3595101e958466c495fab14b1b922ffb961e91286d0f28e3f",
  "issues": [],
  "layout": "cairn",
  "policy": "cairn-default",
  "policy_hash": "a210ed841d260e0bf026f3c67ec810216b6409cfe6036f9132b51cc4e3176618",
  "receipt_hash": "925fb6b9b2549ce5251ed37e428e82f0f3234dc9d71cde4df467829c54d639b1",
  "stage": "design",
  "valid": true,
  "verdict": "PASS"
}
command_exit_status=0

$ nix run .#cairn -- gate tasks isolate-runner-json-evidence --root .
{
  "change": "isolate-runner-json-evidence",
  "evidence_summary": {
    "docs_only": 0,
    "fixture": 0,
    "formal": 0,
    "mode": "advisory",
    "model": 0,
    "probe": 0,
    "property": 0
  },
  "input_hash": "e52ccb7c2a77760c82fce9658a79affe82559ed0db698a5757bd9560ddc42290",
  "issues": [],
  "layout": "cairn",
  "policy": "cairn-default",
  "policy_hash": "a210ed841d260e0bf026f3c67ec810216b6409cfe6036f9132b51cc4e3176618",
  "receipt_hash": "609d02902cca38e49b61de0747a2f1a40ada7bcefcdab373d43bba647d8a9cce",
  "stage": "tasks",
  "valid": true,
  "verdict": "PASS"
}
command_exit_status=0

$ nix run .#cairn -- validate --root .
{
  "change_issues": [],
  "changes": 4,
  "issues": [],
  "layout": "cairn",
  "policy": "cairn-default",
  "spec_issues": [],
  "specs_validated": 8,
  "valid": true
}
command_exit_status=0

exit_status=0
