[mc-compat] building Stevenarella client
warning: `/home/brittonr/git/mc/stevenarella/.cargo/config` is deprecated in favor of `config.toml`
  |
  = help: if you need to support cargo 1.38 or earlier, you can symlink `config` to `config.toml`
warning: file `/home/brittonr/git/mc/stevenarella/src/main.rs` found to be present in multiple build targets:
  * `lib` target `stevenarella`
  * `bin` target `stevenarella`
warning: unnecessary parentheses around closure body
    --> blocks/src/lib.rs:1052:36
     |
1052 |         offsets |protocol_version| (instrument.offsets(protocol_version)
     |                                    ^
1053 |             .map(|offset| offset * (25 * 2) + ((note as usize) << 1) + if powered { 0 } else { 1 })),
     |                                                                                                    ^
     |
     = note: `#[warn(unused_parens)]` (part of `#[warn(unused)]`) on by default
help: remove these parentheses
     |
1052 ~         offsets |protocol_version| instrument.offsets(protocol_version)
1053 ~             .map(|offset| offset * (25 * 2) + ((note as usize) << 1) + if powered { 0 } else { 1 }),
     |

warning: unnecessary parentheses around closure body
    --> blocks/src/lib.rs:1407:36
     |
1407 |         offsets |protocol_version| (variant.offsets(protocol_version)),
     |                                    ^                                 ^
     |
help: remove these parentheses
     |
1407 -         offsets |protocol_version| (variant.offsets(protocol_version)),
1407 +         offsets |protocol_version| variant.offsets(protocol_version),
     |

warning: `steven_blocks` (lib) generated 2 warnings (run `cargo fix --lib -p steven_blocks` to apply 2 suggestions)
   Compiling stevenarella v0.0.1 (/home/brittonr/git/mc/stevenarella)
warning: hiding a lifetime that's elided elsewhere is confusing
   --> src/console/mod.rs:181:32
    |
181 |     pub fn get<T: Sized + Any>(&self, var: CVar<T>) -> Ref<T>
    |                                ^^^^^                   ^^^^^^ the same lifetime is hidden here
    |                                |
    |                                the lifetime is elided here
    |
    = help: the same lifetime is referred to in inconsistent ways, making the signature confusing
    = note: `#[warn(mismatched_lifetime_syntaxes)]` on by default
help: use `'_` for type paths
    |
181 |     pub fn get<T: Sized + Any>(&self, var: CVar<T>) -> Ref<'_, T>
    |                                                            +++

warning: hiding a lifetime that's elided elsewhere is confusing
   --> src/ui/mod.rs:102:21
    |
102 |               fn draw(&self, renderer: &mut render::Renderer, r: &Region, sw: f64, sh: f64, width: f64, height: f64, delta: f64) -> RefMut<[u8]> {
    |                       ^^^^^ the lifetime is elided here                                                                             ^^^^^^^^^^^^ the same lifetime is hidden here
...
252 | / define_elements! {
253 | |     Image,
254 | |     Batch,
255 | |     Text,
...   |
258 | |     TextBox,
259 | | }
    | |_- in this macro invocation
    |
    = help: the same lifetime is referred to in inconsistent ways, making the signature confusing
    = note: this warning originates in the macro `define_elements` (in Nightly builds, run with -Z macro-backtrace for more info)
help: use `'_` for type paths
    |
102 |             fn draw(&self, renderer: &mut render::Renderer, r: &Region, sw: f64, sh: f64, width: f64, height: f64, delta: f64) -> RefMut<'_, [u8]> {
    |                                                                                                                                          +++

warning: `stevenarella` (lib) generated 2 warnings (run `cargo fix --lib -p stevenarella` to apply 2 suggestions)
warning: `stevenarella` (bin "stevenarella") generated 2 warnings (2 duplicates)
    Finished `dev` profile [optimized + debuginfo] target(s) in 4.53s
[mc-compat] creating isolated Valence worktree /tmp/valence-compat-763 at main
Preparing worktree (detached HEAD 3835dab)
HEAD is now at 3835dab Log combat damage compatibility milestones
[mc-compat] starting Valence main example 'ctf' on 127.0.0.1:25565; log: /tmp/mc-compat-valence.log
[mc-compat] probing status 127.0.0.1:25565 expecting protocol 763
{"description":{"text":"A Valence Server"},"players":{"max":20,"online":0,"sample":[]},"version":{"name":"1.20.1","protocol":763}}
[mc-compat] running Stevenarella headless scenario 'combat-damage' isolated from host Wayland compositor
mc_compat_combat_client_count=2
[main.rs:254][INFO] Starting steven
[platform_impl/linux/x11/util/randr.rs:23][WARN] XRandR reported that the display's 0mm in size, which is certifiably insane
[platform_impl/linux/x11/window.rs:147][INFO] Guessed window scale factor: 1
[main.rs:346][INFO] Shader version: #version 150
[main.rs:99][INFO] Detected server protocol version 763
[server/mod.rs:171][INFO] MC-COMPAT-MILESTONE connect_start protocol=763 address=127.0.0.1:25565
[server/mod.rs:176][INFO] MC-COMPAT-MILESTONE tcp_connected
[server/mod.rs:193][INFO] MC-COMPAT-MILESTONE handshake_sent next=login
[server/mod.rs:207][INFO] MC-COMPAT-MILESTONE login_start_sent
[server/mod.rs:214][INFO] MC-COMPAT-MILESTONE login_compression threshold=256
[server/mod.rs:275][WARN] Server is running in offline mode
[server/mod.rs:276][INFO] MC-COMPAT-MILESTONE login_success state=play protocol=763 username=compatbota properties=0
[server/mod.rs:1714][INFO] MC-COMPAT-MILESTONE join_game_763_shape dimension_type=minecraft:overworld world=minecraft:overworld portal_cooldown=0
[server/mod.rs:1781][INFO] MC-COMPAT-MILESTONE join_game entity_id=0 gamemode=Adventure
[server/mod.rs:2834][INFO] Received chat message: Welcome to Valence! Select a team by jumping in the team's portal.
[server/mod.rs:2249][INFO] MC-COMPAT-MILESTONE update_health health=20.0 food=20 saturation=0.0
[server/mod.rs:2964][INFO] MC-COMPAT-MILESTONE first_chunk_data chunk_x=0 chunk_z=0
[server/mod.rs:1366][INFO] MC-COMPAT-MILESTONE active_probe_position_look_sent x=0.000 y=84.922 z=0.000 on_ground=false
[server/mod.rs:733][INFO] MC-COMPAT-MILESTONE render_tick_with_player
[server/mod.rs:775][INFO] MC-COMPAT-MILESTONE active_probe_input_start forward+sprint+jump
[server/mod.rs:781][INFO] MC-COMPAT-MILESTONE active_probe_jump_release
[server/mod.rs:2233][INFO] MC-COMPAT-MILESTONE remote_player_spawn entity_id=4 uuid=UUID(17279542629861541104, 17597886568995341490) name=compatbotb x=0.000 y=85.000 z=0.000
[server/mod.rs:785][INFO] MC-COMPAT-MILESTONE active_probe_input_turn right
[server/mod.rs:789][INFO] MC-COMPAT-MILESTONE active_probe_input_stop
[server/mod.rs:809][INFO] MC-COMPAT-MILESTONE team_probe_enter_red_portal x=-4.0 y=84.0 z=4.0
[server/mod.rs:828][INFO] MC-COMPAT-MILESTONE team_probe_hold_red_portal start
[server/mod.rs:2834][INFO] Received chat message: You are on team RED!
[server/mod.rs:2233][INFO] MC-COMPAT-MILESTONE remote_player_spawn entity_id=5 uuid=UUID(57399523660260232, 4659645379363650449) name=compatbota x=-40.000 y=65.000 z=0.000
[server/mod.rs:841][INFO] MC-COMPAT-MILESTONE team_probe_select_hotbar_slot slot=0
[server/mod.rs:845][INFO] MC-COMPAT-MILESTONE team_probe_use_item_sent hand=main sequence=0
[server/mod.rs:2233][INFO] MC-COMPAT-MILESTONE remote_player_spawn entity_id=8 uuid=UUID(17279542629861541104, 17597886568995341490) name=compatbotb x=40.000 y=64.536 z=0.000
[server/mod.rs:863][INFO] MC-COMPAT-MILESTONE combat_probe_move_near_blue_spawn x=38.0 y=65.0 z=0.0
[server/mod.rs:2233][INFO] MC-COMPAT-MILESTONE remote_player_spawn entity_id=5 uuid=UUID(57399523660260232, 4659645379363650449) name=compatbota x=38.000 y=65.000 z=0.000
[server/mod.rs:2233][INFO] MC-COMPAT-MILESTONE remote_player_spawn entity_id=8 uuid=UUID(17279542629861541104, 17597886568995341490) name=compatbotb x=40.000 y=0.000 z=0.000
[server/mod.rs:2233][INFO] MC-COMPAT-MILESTONE remote_player_spawn entity_id=5 uuid=UUID(57399523660260232, 4659645379363650449) name=compatbota x=-40.000 y=0.000 z=0.000
[server/mod.rs:2233][INFO] MC-COMPAT-MILESTONE remote_player_spawn entity_id=5 uuid=UUID(57399523660260232, 4659645379363650449) name=compatbota x=38.000 y=65.000 z=0.000
[server/mod.rs:2233][INFO] MC-COMPAT-MILESTONE remote_player_spawn entity_id=8 uuid=UUID(17279542629861541104, 17597886568995341490) name=compatbotb x=40.000 y=0.000 z=0.000
[server/mod.rs:2233][INFO] MC-COMPAT-MILESTONE remote_player_spawn entity_id=5 uuid=UUID(57399523660260232, 4659645379363650449) name=compatbota x=-40.000 y=0.000 z=0.000
[server/mod.rs:2233][INFO] MC-COMPAT-MILESTONE remote_player_spawn entity_id=5 uuid=UUID(57399523660260232, 4659645379363650449) name=compatbota x=38.000 y=65.000 z=0.000
[server/mod.rs:2233][INFO] MC-COMPAT-MILESTONE remote_player_spawn entity_id=8 uuid=UUID(17279542629861541104, 17597886568995341490) name=compatbotb x=40.000 y=0.000 z=0.000
[server/mod.rs:2233][INFO] MC-COMPAT-MILESTONE remote_player_spawn entity_id=5 uuid=UUID(57399523660260232, 4659645379363650449) name=compatbota x=-40.000 y=0.000 z=0.000
[server/mod.rs:2233][INFO] MC-COMPAT-MILESTONE remote_player_spawn entity_id=5 uuid=UUID(57399523660260232, 4659645379363650449) name=compatbota x=38.000 y=65.000 z=0.000
[server/mod.rs:2233][INFO] MC-COMPAT-MILESTONE remote_player_spawn entity_id=8 uuid=UUID(17279542629861541104, 17597886568995341490) name=compatbotb x=40.000 y=0.000 z=0.000
[server/mod.rs:2233][INFO] MC-COMPAT-MILESTONE remote_player_spawn entity_id=5 uuid=UUID(57399523660260232, 4659645379363650449) name=compatbota x=-40.000 y=0.000 z=0.000
[server/mod.rs:2233][INFO] MC-COMPAT-MILESTONE remote_player_spawn entity_id=5 uuid=UUID(57399523660260232, 4659645379363650449) name=compatbota x=38.000 y=65.000 z=0.000
[server/mod.rs:2233][INFO] MC-COMPAT-MILESTONE remote_player_spawn entity_id=8 uuid=UUID(17279542629861541104, 17597886568995341490) name=compatbotb x=40.000 y=0.000 z=0.000
[server/mod.rs:2233][INFO] MC-COMPAT-MILESTONE remote_player_spawn entity_id=5 uuid=UUID(57399523660260232, 4659645379363650449) name=compatbota x=-40.000 y=0.000 z=0.000
[server/mod.rs:2233][INFO] MC-COMPAT-MILESTONE remote_player_spawn entity_id=5 uuid=UUID(57399523660260232, 4659645379363650449) name=compatbota x=38.000 y=65.000 z=0.000
[server/mod.rs:2233][INFO] MC-COMPAT-MILESTONE remote_player_spawn entity_id=8 uuid=UUID(17279542629861541104, 17597886568995341490) name=compatbotb x=40.000 y=0.000 z=0.000
[server/mod.rs:2233][INFO] MC-COMPAT-MILESTONE remote_player_spawn entity_id=5 uuid=UUID(57399523660260232, 4659645379363650449) name=compatbota x=-40.000 y=0.000 z=0.000
[server/mod.rs:2233][INFO] MC-COMPAT-MILESTONE remote_player_spawn entity_id=5 uuid=UUID(57399523660260232, 4659645379363650449) name=compatbota x=38.000 y=65.000 z=0.000
[server/mod.rs:2233][INFO] MC-COMPAT-MILESTONE remote_player_spawn entity_id=8 uuid=UUID(17279542629861541104, 17597886568995341490) name=compatbotb x=40.000 y=0.000 z=0.000
[server/mod.rs:2233][INFO] MC-COMPAT-MILESTONE remote_player_spawn entity_id=5 uuid=UUID(57399523660260232, 4659645379363650449) name=compatbota x=-40.000 y=0.000 z=0.000
[server/mod.rs:2233][INFO] MC-COMPAT-MILESTONE remote_player_spawn entity_id=5 uuid=UUID(57399523660260232, 4659645379363650449) name=compatbota x=38.000 y=65.000 z=0.000
[server/mod.rs:2233][INFO] MC-COMPAT-MILESTONE remote_player_spawn entity_id=8 uuid=UUID(17279542629861541104, 17597886568995341490) name=compatbotb x=40.000 y=0.000 z=0.000
[server/mod.rs:2233][INFO] MC-COMPAT-MILESTONE remote_player_spawn entity_id=5 uuid=UUID(57399523660260232, 4659645379363650449) name=compatbota x=-40.000 y=0.000 z=0.000
[server/mod.rs:2233][INFO] MC-COMPAT-MILESTONE remote_player_spawn entity_id=5 uuid=UUID(57399523660260232, 4659645379363650449) name=compatbota x=38.000 y=65.000 z=0.000
[server/mod.rs:2233][INFO] MC-COMPAT-MILESTONE remote_player_spawn entity_id=8 uuid=UUID(17279542629861541104, 17597886568995341490) name=compatbotb x=40.000 y=0.000 z=0.000
[server/mod.rs:2233][INFO] MC-COMPAT-MILESTONE remote_player_spawn entity_id=5 uuid=UUID(57399523660260232, 4659645379363650449) name=compatbota x=-40.000 y=0.000 z=0.000
[server/mod.rs:2233][INFO] MC-COMPAT-MILESTONE remote_player_spawn entity_id=5 uuid=UUID(57399523660260232, 4659645379363650449) name=compatbota x=38.000 y=65.000 z=0.000
[server/mod.rs:2233][INFO] MC-COMPAT-MILESTONE remote_player_spawn entity_id=8 uuid=UUID(17279542629861541104, 17597886568995341490) name=compatbotb x=40.000 y=0.000 z=0.000
[server/mod.rs:2233][INFO] MC-COMPAT-MILESTONE remote_player_spawn entity_id=5 uuid=UUID(57399523660260232, 4659645379363650449) name=compatbota x=-40.000 y=0.000 z=0.000
[server/mod.rs:2233][INFO] MC-COMPAT-MILESTONE remote_player_spawn entity_id=5 uuid=UUID(57399523660260232, 4659645379363650449) name=compatbota x=38.000 y=65.000 z=0.000
[server/mod.rs:2233][INFO] MC-COMPAT-MILESTONE remote_player_spawn entity_id=8 uuid=UUID(17279542629861541104, 17597886568995341490) name=compatbotb x=40.000 y=0.000 z=0.000
[server/mod.rs:2233][INFO] MC-COMPAT-MILESTONE remote_player_spawn entity_id=5 uuid=UUID(57399523660260232, 4659645379363650449) name=compatbota x=-40.000 y=0.000 z=0.000
[server/mod.rs:2233][INFO] MC-COMPAT-MILESTONE remote_player_spawn entity_id=5 uuid=UUID(57399523660260232, 4659645379363650449) name=compatbota x=38.000 y=65.000 z=0.000
[server/mod.rs:2233][INFO] MC-COMPAT-MILESTONE remote_player_spawn entity_id=8 uuid=UUID(17279542629861541104, 17597886568995341490) name=compatbotb x=40.000 y=0.000 z=0.000
[server/mod.rs:2233][INFO] MC-COMPAT-MILESTONE remote_player_spawn entity_id=5 uuid=UUID(57399523660260232, 4659645379363650449) name=compatbota x=-40.000 y=0.000 z=0.000
[server/mod.rs:2233][INFO] MC-COMPAT-MILESTONE remote_player_spawn entity_id=5 uuid=UUID(57399523660260232, 4659645379363650449) name=compatbota x=38.000 y=65.000 z=0.000
[server/mod.rs:2233][INFO] MC-COMPAT-MILESTONE remote_player_spawn entity_id=8 uuid=UUID(17279542629861541104, 17597886568995341490) name=compatbotb x=40.000 y=0.000 z=0.000
[server/mod.rs:2233][INFO] MC-COMPAT-MILESTONE remote_player_spawn entity_id=5 uuid=UUID(57399523660260232, 4659645379363650449) name=compatbota x=-40.000 y=0.000 z=0.000
[server/mod.rs:2233][INFO] MC-COMPAT-MILESTONE remote_player_spawn entity_id=5 uuid=UUID(57399523660260232, 4659645379363650449) name=compatbota x=38.000 y=65.000 z=0.000
[server/mod.rs:2233][INFO] MC-COMPAT-MILESTONE remote_player_spawn entity_id=8 uuid=UUID(17279542629861541104, 17597886568995341490) name=compatbotb x=40.000 y=0.000 z=0.000
[server/mod.rs:2233][INFO] MC-COMPAT-MILESTONE remote_player_spawn entity_id=5 uuid=UUID(57399523660260232, 4659645379363650449) name=compatbota x=-40.000 y=0.000 z=0.000
[server/mod.rs:2233][INFO] MC-COMPAT-MILESTONE remote_player_spawn entity_id=5 uuid=UUID(57399523660260232, 4659645379363650449) name=compatbota x=38.000 y=65.000 z=0.000
[server/mod.rs:2233][INFO] MC-COMPAT-MILESTONE remote_player_spawn entity_id=8 uuid=UUID(17279542629861541104, 17597886568995341490) name=compatbotb x=40.000 y=0.000 z=0.000
[server/mod.rs:905][INFO] MC-COMPAT-MILESTONE combat_probe_attack_sent target_id=4 count=1
[server/mod.rs:2233][INFO] MC-COMPAT-MILESTONE remote_player_spawn entity_id=5 uuid=UUID(57399523660260232, 4659645379363650449) name=compatbota x=-40.000 y=0.000 z=0.000
[server/mod.rs:2233][INFO] MC-COMPAT-MILESTONE remote_player_spawn entity_id=5 uuid=UUID(57399523660260232, 4659645379363650449) name=compatbota x=38.000 y=65.000 z=0.000
[server/mod.rs:2233][INFO] MC-COMPAT-MILESTONE remote_player_spawn entity_id=8 uuid=UUID(17279542629861541104, 17597886568995341490) name=compatbotb x=40.000 y=0.000 z=0.000
[server/mod.rs:2233][INFO] MC-COMPAT-MILESTONE remote_player_spawn entity_id=5 uuid=UUID(57399523660260232, 4659645379363650449) name=compatbota x=-40.000 y=0.000 z=0.000
[server/mod.rs:2233][INFO] MC-COMPAT-MILESTONE remote_player_spawn entity_id=5 uuid=UUID(57399523660260232, 4659645379363650449) name=compatbota x=38.000 y=65.000 z=0.000
[server/mod.rs:2233][INFO] MC-COMPAT-MILESTONE remote_player_spawn entity_id=8 uuid=UUID(17279542629861541104, 17597886568995341490) name=compatbotb x=40.000 y=0.000 z=0.000
[server/mod.rs:2233][INFO] MC-COMPAT-MILESTONE remote_player_spawn entity_id=5 uuid=UUID(57399523660260232, 4659645379363650449) name=compatbota x=-40.000 y=0.000 z=0.000
[server/mod.rs:2233][INFO] MC-COMPAT-MILESTONE remote_player_spawn entity_id=5 uuid=UUID(57399523660260232, 4659645379363650449) name=compatbota x=38.000 y=65.000 z=0.000
[server/mod.rs:2233][INFO] MC-COMPAT-MILESTONE remote_player_spawn entity_id=8 uuid=UUID(17279542629861541104, 17597886568995341490) name=compatbotb x=40.000 y=0.000 z=0.000
[server/mod.rs:905][INFO] MC-COMPAT-MILESTONE combat_probe_attack_sent target_id=4 count=2
[server/mod.rs:2233][INFO] MC-COMPAT-MILESTONE remote_player_spawn entity_id=5 uuid=UUID(57399523660260232, 4659645379363650449) name=compatbota x=-40.000 y=0.000 z=0.000
[server/mod.rs:2233][INFO] MC-COMPAT-MILESTONE remote_player_spawn entity_id=5 uuid=UUID(57399523660260232, 4659645379363650449) name=compatbota x=38.000 y=65.000 z=0.000
[server/mod.rs:2233][INFO] MC-COMPAT-MILESTONE remote_player_spawn entity_id=8 uuid=UUID(17279542629861541104, 17597886568995341490) name=compatbotb x=40.000 y=0.000 z=0.000
[server/mod.rs:2233][INFO] MC-COMPAT-MILESTONE remote_player_spawn entity_id=5 uuid=UUID(57399523660260232, 4659645379363650449) name=compatbota x=-40.000 y=0.000 z=0.000
[server/mod.rs:2233][INFO] MC-COMPAT-MILESTONE remote_player_spawn entity_id=5 uuid=UUID(57399523660260232, 4659645379363650449) name=compatbota x=38.000 y=65.000 z=0.000
[server/mod.rs:2233][INFO] MC-COMPAT-MILESTONE remote_player_spawn entity_id=8 uuid=UUID(17279542629861541104, 17597886568995341490) name=compatbotb x=40.000 y=0.000 z=0.000
[server/mod.rs:2233][INFO] MC-COMPAT-MILESTONE remote_player_spawn entity_id=5 uuid=UUID(57399523660260232, 4659645379363650449) name=compatbota x=-40.000 y=0.000 z=0.000
[server/mod.rs:2233][INFO] MC-COMPAT-MILESTONE remote_player_spawn entity_id=5 uuid=UUID(57399523660260232, 4659645379363650449) name=compatbota x=38.000 y=65.000 z=0.000
[server/mod.rs:2233][INFO] MC-COMPAT-MILESTONE remote_player_spawn entity_id=8 uuid=UUID(17279542629861541104, 17597886568995341490) name=compatbotb x=40.000 y=0.000 z=0.000
[server/mod.rs:905][INFO] MC-COMPAT-MILESTONE combat_probe_attack_sent target_id=4 count=3
[server/mod.rs:2233][INFO] MC-COMPAT-MILESTONE remote_player_spawn entity_id=5 uuid=UUID(57399523660260232, 4659645379363650449) name=compatbota x=-40.000 y=0.000 z=0.000
[server/mod.rs:2233][INFO] MC-COMPAT-MILESTONE remote_player_spawn entity_id=5 uuid=UUID(57399523660260232, 4659645379363650449) name=compatbota x=38.000 y=65.000 z=0.000
[server/mod.rs:2233][INFO] MC-COMPAT-MILESTONE remote_player_spawn entity_id=8 uuid=UUID(17279542629861541104, 17597886568995341490) name=compatbotb x=40.000 y=0.000 z=0.000
[server/mod.rs:2233][INFO] MC-COMPAT-MILESTONE remote_player_spawn entity_id=5 uuid=UUID(57399523660260232, 4659645379363650449) name=compatbota x=-40.000 y=0.000 z=0.000
[server/mod.rs:2233][INFO] MC-COMPAT-MILESTONE remote_player_spawn entity_id=5 uuid=UUID(57399523660260232, 4659645379363650449) name=compatbota x=38.000 y=65.000 z=0.000
[server/mod.rs:2233][INFO] MC-COMPAT-MILESTONE remote_player_spawn entity_id=8 uuid=UUID(17279542629861541104, 17597886568995341490) name=compatbotb x=40.000 y=0.000 z=0.000
[server/mod.rs:2233][INFO] MC-COMPAT-MILESTONE remote_player_spawn entity_id=5 uuid=UUID(57399523660260232, 4659645379363650449) name=compatbota x=-40.000 y=0.000 z=0.000
[server/mod.rs:2233][INFO] MC-COMPAT-MILESTONE remote_player_spawn entity_id=5 uuid=UUID(57399523660260232, 4659645379363650449) name=compatbota x=38.000 y=65.000 z=0.000
[server/mod.rs:2233][INFO] MC-COMPAT-MILESTONE remote_player_spawn entity_id=8 uuid=UUID(17279542629861541104, 17597886568995341490) name=compatbotb x=40.000 y=0.000 z=0.000
[server/mod.rs:2233][INFO] MC-COMPAT-MILESTONE remote_player_spawn entity_id=5 uuid=UUID(57399523660260232, 4659645379363650449) name=compatbota x=-40.000 y=0.000 z=0.000
[server/mod.rs:2233][INFO] MC-COMPAT-MILESTONE remote_player_spawn entity_id=5 uuid=UUID(57399523660260232, 4659645379363650449) name=compatbota x=38.000 y=65.000 z=0.000
[server/mod.rs:2233][INFO] MC-COMPAT-MILESTONE remote_player_spawn entity_id=8 uuid=UUID(17279542629861541104, 17597886568995341490) name=compatbotb x=40.000 y=0.000 z=0.000
[server/mod.rs:2233][INFO] MC-COMPAT-MILESTONE remote_player_spawn entity_id=5 uuid=UUID(57399523660260232, 4659645379363650449) name=compatbota x=-40.000 y=0.000 z=0.000
[server/mod.rs:2233][INFO] MC-COMPAT-MILESTONE remote_player_spawn entity_id=5 uuid=UUID(57399523660260232, 4659645379363650449) name=compatbota x=38.000 y=65.000 z=0.000
[server/mod.rs:2233][INFO] MC-COMPAT-MILESTONE remote_player_spawn entity_id=8 uuid=UUID(17279542629861541104, 17597886568995341490) name=compatbotb x=40.000 y=0.000 z=0.000
[server/mod.rs:905][INFO] MC-COMPAT-MILESTONE combat_probe_attack_sent target_id=4 count=4
[server/mod.rs:2233][INFO] MC-COMPAT-MILESTONE remote_player_spawn entity_id=5 uuid=UUID(57399523660260232, 4659645379363650449) name=compatbota x=-40.000 y=0.000 z=0.000
[server/mod.rs:2233][INFO] MC-COMPAT-MILESTONE remote_player_spawn entity_id=5 uuid=UUID(57399523660260232, 4659645379363650449) name=compatbota x=38.000 y=65.000 z=0.000
[server/mod.rs:2233][INFO] MC-COMPAT-MILESTONE remote_player_spawn entity_id=8 uuid=UUID(17279542629861541104, 17597886568995341490) name=compatbotb x=40.000 y=0.000 z=0.000
[server/mod.rs:2233][INFO] MC-COMPAT-MILESTONE remote_player_spawn entity_id=5 uuid=UUID(57399523660260232, 4659645379363650449) name=compatbota x=-40.000 y=0.000 z=0.000
[server/mod.rs:2233][INFO] MC-COMPAT-MILESTONE remote_player_spawn entity_id=5 uuid=UUID(57399523660260232, 4659645379363650449) name=compatbota x=38.000 y=65.000 z=0.000
[server/mod.rs:2233][INFO] MC-COMPAT-MILESTONE remote_player_spawn entity_id=8 uuid=UUID(17279542629861541104, 17597886568995341490) name=compatbotb x=40.000 y=0.000 z=0.000
[server/mod.rs:2233][INFO] MC-COMPAT-MILESTONE remote_player_spawn entity_id=5 uuid=UUID(57399523660260232, 4659645379363650449) name=compatbota x=-40.000 y=0.000 z=0.000
[server/mod.rs:2233][INFO] MC-COMPAT-MILESTONE remote_player_spawn entity_id=5 uuid=UUID(57399523660260232, 4659645379363650449) name=compatbota x=38.000 y=65.000 z=0.000
[server/mod.rs:2233][INFO] MC-COMPAT-MILESTONE remote_player_spawn entity_id=8 uuid=UUID(17279542629861541104, 17597886568995341490) name=compatbotb x=40.000 y=0.000 z=0.000
[server/mod.rs:2233][INFO] MC-COMPAT-MILESTONE remote_player_spawn entity_id=5 uuid=UUID(57399523660260232, 4659645379363650449) name=compatbota x=-40.000 y=0.000 z=0.000
[server/mod.rs:2233][INFO] MC-COMPAT-MILESTONE remote_player_spawn entity_id=5 uuid=UUID(57399523660260232, 4659645379363650449) name=compatbota x=38.000 y=65.000 z=0.000
[server/mod.rs:2233][INFO] MC-COMPAT-MILESTONE remote_player_spawn entity_id=8 uuid=UUID(17279542629861541104, 17597886568995341490) name=compatbotb x=40.000 y=0.000 z=0.000
[server/mod.rs:2233][INFO] MC-COMPAT-MILESTONE remote_player_spawn entity_id=5 uuid=UUID(57399523660260232, 4659645379363650449) name=compatbota x=-40.000 y=0.000 z=0.000
[server/mod.rs:2233][INFO] MC-COMPAT-MILESTONE remote_player_spawn entity_id=5 uuid=UUID(57399523660260232, 4659645379363650449) name=compatbota x=38.000 y=65.000 z=0.000
[server/mod.rs:2233][INFO] MC-COMPAT-MILESTONE remote_player_spawn entity_id=8 uuid=UUID(17279542629861541104, 17597886568995341490) name=compatbotb x=40.000 y=0.000 z=0.000
[server/mod.rs:2233][INFO] MC-COMPAT-MILESTONE remote_player_spawn entity_id=5 uuid=UUID(57399523660260232, 4659645379363650449) name=compatbota x=-40.000 y=0.000 z=0.000
[server/mod.rs:2233][INFO] MC-COMPAT-MILESTONE remote_player_spawn entity_id=5 uuid=UUID(57399523660260232, 4659645379363650449) name=compatbota x=38.000 y=65.000 z=0.000
[server/mod.rs:2233][INFO] MC-COMPAT-MILESTONE remote_player_spawn entity_id=8 uuid=UUID(17279542629861541104, 17597886568995341490) name=compatbotb x=40.000 y=0.000 z=0.000
[server/mod.rs:905][INFO] MC-COMPAT-MILESTONE combat_probe_attack_sent target_id=4 count=5
[server/mod.rs:2233][INFO] MC-COMPAT-MILESTONE remote_player_spawn entity_id=5 uuid=UUID(57399523660260232, 4659645379363650449) name=compatbota x=-40.000 y=0.000 z=0.000
[server/mod.rs:905][INFO] MC-COMPAT-MILESTONE combat_probe_attack_sent target_id=4 count=6
[server/mod.rs:905][INFO] MC-COMPAT-MILESTONE combat_probe_attack_sent target_id=4 count=7
[server/mod.rs:905][INFO] MC-COMPAT-MILESTONE combat_probe_attack_sent target_id=4 count=8
[server/mod.rs:905][INFO] MC-COMPAT-MILESTONE combat_probe_attack_sent target_id=4 count=9
[server/mod.rs:905][INFO] MC-COMPAT-MILESTONE combat_probe_attack_sent target_id=4 count=10
[main.rs:254][INFO] Starting steven
[platform_impl/linux/x11/util/randr.rs:23][WARN] XRandR reported that the display's 0mm in size, which is certifiably insane
[platform_impl/linux/x11/window.rs:147][INFO] Guessed window scale factor: 1
[main.rs:346][INFO] Shader version: #version 150
[main.rs:99][INFO] Detected server protocol version 763
[server/mod.rs:171][INFO] MC-COMPAT-MILESTONE connect_start protocol=763 address=127.0.0.1:25565
[server/mod.rs:176][INFO] MC-COMPAT-MILESTONE tcp_connected
[server/mod.rs:193][INFO] MC-COMPAT-MILESTONE handshake_sent next=login
[server/mod.rs:207][INFO] MC-COMPAT-MILESTONE login_start_sent
[server/mod.rs:214][INFO] MC-COMPAT-MILESTONE login_compression threshold=256
[server/mod.rs:275][WARN] Server is running in offline mode
[server/mod.rs:276][INFO] MC-COMPAT-MILESTONE login_success state=play protocol=763 username=compatbotb properties=0
[server/mod.rs:1714][INFO] MC-COMPAT-MILESTONE join_game_763_shape dimension_type=minecraft:overworld world=minecraft:overworld portal_cooldown=0
[server/mod.rs:1781][INFO] MC-COMPAT-MILESTONE join_game entity_id=0 gamemode=Adventure
[server/mod.rs:2834][INFO] Received chat message: Welcome to Valence! Select a team by jumping in the team's portal.
[server/mod.rs:2249][INFO] MC-COMPAT-MILESTONE update_health health=20.0 food=20 saturation=0.0
[server/mod.rs:2964][INFO] MC-COMPAT-MILESTONE first_chunk_data chunk_x=0 chunk_z=0
[server/mod.rs:2233][INFO] MC-COMPAT-MILESTONE remote_player_spawn entity_id=3 uuid=UUID(57399523660260232, 4659645379363650449) name=compatbota x=0.000 y=85.000 z=0.000
[server/mod.rs:733][INFO] MC-COMPAT-MILESTONE render_tick_with_player
[server/mod.rs:775][INFO] MC-COMPAT-MILESTONE active_probe_input_start forward+sprint+jump
[server/mod.rs:1366][INFO] MC-COMPAT-MILESTONE active_probe_position_look_sent x=0.000 y=82.305 z=2.245 on_ground=false
[server/mod.rs:781][INFO] MC-COMPAT-MILESTONE active_probe_jump_release
[server/mod.rs:785][INFO] MC-COMPAT-MILESTONE active_probe_input_turn right
[server/mod.rs:789][INFO] MC-COMPAT-MILESTONE active_probe_input_stop
[server/mod.rs:809][INFO] MC-COMPAT-MILESTONE team_probe_enter_blue_portal x=4.0 y=84.0 z=4.0
[server/mod.rs:828][INFO] MC-COMPAT-MILESTONE team_probe_hold_blue_portal start
[server/mod.rs:2834][INFO] Received chat message: You are on team BLUE!
[server/mod.rs:2233][INFO] MC-COMPAT-MILESTONE remote_player_spawn entity_id=6 uuid=UUID(57399523660260232, 4659645379363650449) name=compatbota x=-40.000 y=7.944 z=0.000
[server/mod.rs:2233][INFO] MC-COMPAT-MILESTONE remote_player_spawn entity_id=7 uuid=UUID(17279542629861541104, 17597886568995341490) name=compatbotb x=40.000 y=65.000 z=0.000
[server/mod.rs:2233][INFO] MC-COMPAT-MILESTONE remote_player_spawn entity_id=6 uuid=UUID(57399523660260232, 4659645379363650449) name=compatbota x=-40.000 y=0.000 z=0.000
[server/mod.rs:841][INFO] MC-COMPAT-MILESTONE team_probe_select_hotbar_slot slot=0
[server/mod.rs:845][INFO] MC-COMPAT-MILESTONE team_probe_use_item_sent hand=main sequence=0
[server/mod.rs:2233][INFO] MC-COMPAT-MILESTONE remote_player_spawn entity_id=6 uuid=UUID(57399523660260232, 4659645379363650449) name=compatbota x=-40.000 y=0.000 z=0.000
[server/mod.rs:2233][INFO] MC-COMPAT-MILESTONE remote_player_spawn entity_id=6 uuid=UUID(57399523660260232, 4659645379363650449) name=compatbota x=-40.000 y=0.000 z=0.000
[server/mod.rs:2233][INFO] MC-COMPAT-MILESTONE remote_player_spawn entity_id=6 uuid=UUID(57399523660260232, 4659645379363650449) name=compatbota x=-40.000 y=0.000 z=0.000
[server/mod.rs:2233][INFO] MC-COMPAT-MILESTONE remote_player_spawn entity_id=6 uuid=UUID(57399523660260232, 4659645379363650449) name=compatbota x=-40.000 y=0.000 z=0.000
[server/mod.rs:2233][INFO] MC-COMPAT-MILESTONE remote_player_spawn entity_id=6 uuid=UUID(57399523660260232, 4659645379363650449) name=compatbota x=-40.000 y=0.000 z=0.000
[server/mod.rs:2233][INFO] MC-COMPAT-MILESTONE remote_player_spawn entity_id=6 uuid=UUID(57399523660260232, 4659645379363650449) name=compatbota x=-40.000 y=0.000 z=0.000
[server/mod.rs:2233][INFO] MC-COMPAT-MILESTONE remote_player_spawn entity_id=6 uuid=UUID(57399523660260232, 4659645379363650449) name=compatbota x=-40.000 y=0.000 z=0.000
[server/mod.rs:2233][INFO] MC-COMPAT-MILESTONE remote_player_spawn entity_id=6 uuid=UUID(57399523660260232, 4659645379363650449) name=compatbota x=-40.000 y=0.000 z=0.000
[server/mod.rs:2233][INFO] MC-COMPAT-MILESTONE remote_player_spawn entity_id=6 uuid=UUID(57399523660260232, 4659645379363650449) name=compatbota x=-40.000 y=0.000 z=0.000
[server/mod.rs:2233][INFO] MC-COMPAT-MILESTONE remote_player_spawn entity_id=6 uuid=UUID(57399523660260232, 4659645379363650449) name=compatbota x=-40.000 y=0.000 z=0.000
[server/mod.rs:2233][INFO] MC-COMPAT-MILESTONE remote_player_spawn entity_id=6 uuid=UUID(57399523660260232, 4659645379363650449) name=compatbota x=-40.000 y=0.000 z=0.000
[server/mod.rs:2233][INFO] MC-COMPAT-MILESTONE remote_player_spawn entity_id=6 uuid=UUID(57399523660260232, 4659645379363650449) name=compatbota x=-40.000 y=0.000 z=0.000
[server/mod.rs:2233][INFO] MC-COMPAT-MILESTONE remote_player_spawn entity_id=6 uuid=UUID(57399523660260232, 4659645379363650449) name=compatbota x=-40.000 y=0.000 z=0.000
[server/mod.rs:2233][INFO] MC-COMPAT-MILESTONE remote_player_spawn entity_id=6 uuid=UUID(57399523660260232, 4659645379363650449) name=compatbota x=-40.000 y=0.000 z=0.000
[server/mod.rs:2233][INFO] MC-COMPAT-MILESTONE remote_player_spawn entity_id=6 uuid=UUID(57399523660260232, 4659645379363650449) name=compatbota x=-40.000 y=0.000 z=0.000
[server/mod.rs:2249][INFO] MC-COMPAT-MILESTONE update_health health=16.0 food=20 saturation=0.0
[server/mod.rs:2233][INFO] MC-COMPAT-MILESTONE remote_player_spawn entity_id=6 uuid=UUID(57399523660260232, 4659645379363650449) name=compatbota x=-40.000 y=0.000 z=0.000
[server/mod.rs:2233][INFO] MC-COMPAT-MILESTONE remote_player_spawn entity_id=6 uuid=UUID(57399523660260232, 4659645379363650449) name=compatbota x=-40.000 y=0.000 z=0.000
[server/mod.rs:2233][INFO] MC-COMPAT-MILESTONE remote_player_spawn entity_id=6 uuid=UUID(57399523660260232, 4659645379363650449) name=compatbota x=-40.000 y=0.000 z=0.000
[server/mod.rs:2249][INFO] MC-COMPAT-MILESTONE update_health health=12.0 food=20 saturation=0.0
[server/mod.rs:2233][INFO] MC-COMPAT-MILESTONE remote_player_spawn entity_id=6 uuid=UUID(57399523660260232, 4659645379363650449) name=compatbota x=-40.000 y=0.000 z=0.000
[server/mod.rs:2233][INFO] MC-COMPAT-MILESTONE remote_player_spawn entity_id=6 uuid=UUID(57399523660260232, 4659645379363650449) name=compatbota x=-40.000 y=0.000 z=0.000
[server/mod.rs:2233][INFO] MC-COMPAT-MILESTONE remote_player_spawn entity_id=6 uuid=UUID(57399523660260232, 4659645379363650449) name=compatbota x=-40.000 y=0.000 z=0.000
[server/mod.rs:2249][INFO] MC-COMPAT-MILESTONE update_health health=8.0 food=20 saturation=0.0
[server/mod.rs:2233][INFO] MC-COMPAT-MILESTONE remote_player_spawn entity_id=6 uuid=UUID(57399523660260232, 4659645379363650449) name=compatbota x=-40.000 y=0.000 z=0.000
[server/mod.rs:2233][INFO] MC-COMPAT-MILESTONE remote_player_spawn entity_id=6 uuid=UUID(57399523660260232, 4659645379363650449) name=compatbota x=-40.000 y=0.000 z=0.000
[server/mod.rs:2233][INFO] MC-COMPAT-MILESTONE remote_player_spawn entity_id=6 uuid=UUID(57399523660260232, 4659645379363650449) name=compatbota x=-40.000 y=0.000 z=0.000
[server/mod.rs:2233][INFO] MC-COMPAT-MILESTONE remote_player_spawn entity_id=6 uuid=UUID(57399523660260232, 4659645379363650449) name=compatbota x=-40.000 y=0.000 z=0.000
[server/mod.rs:2233][INFO] MC-COMPAT-MILESTONE remote_player_spawn entity_id=6 uuid=UUID(57399523660260232, 4659645379363650449) name=compatbota x=-40.000 y=0.000 z=0.000
[server/mod.rs:2249][INFO] MC-COMPAT-MILESTONE update_health health=4.0 food=20 saturation=0.0
[server/mod.rs:2233][INFO] MC-COMPAT-MILESTONE remote_player_spawn entity_id=6 uuid=UUID(57399523660260232, 4659645379363650449) name=compatbota x=-40.000 y=0.000 z=0.000
[server/mod.rs:2233][INFO] MC-COMPAT-MILESTONE remote_player_spawn entity_id=6 uuid=UUID(57399523660260232, 4659645379363650449) name=compatbota x=-40.000 y=0.000 z=0.000
[server/mod.rs:2233][INFO] MC-COMPAT-MILESTONE remote_player_spawn entity_id=6 uuid=UUID(57399523660260232, 4659645379363650449) name=compatbota x=-40.000 y=0.000 z=0.000
[server/mod.rs:2233][INFO] MC-COMPAT-MILESTONE remote_player_spawn entity_id=6 uuid=UUID(57399523660260232, 4659645379363650449) name=compatbota x=-40.000 y=0.000 z=0.000
[server/mod.rs:2233][INFO] MC-COMPAT-MILESTONE remote_player_spawn entity_id=6 uuid=UUID(57399523660260232, 4659645379363650449) name=compatbota x=-40.000 y=0.000 z=0.000
[server/mod.rs:2233][INFO] MC-COMPAT-MILESTONE remote_player_spawn entity_id=6 uuid=UUID(57399523660260232, 4659645379363650449) name=compatbota x=-40.000 y=0.000 z=0.000
[server/mod.rs:2249][INFO] MC-COMPAT-MILESTONE update_health health=0.0 food=20 saturation=0.0
[server/mod.rs:2255][INFO] MC-COMPAT-MILESTONE combat_probe_death_observed health=0.0
[server/mod.rs:2249][INFO] MC-COMPAT-MILESTONE update_health health=-4.0 food=20 saturation=0.0
[server/mod.rs:2255][INFO] MC-COMPAT-MILESTONE combat_probe_death_observed health=-4.0
[server/mod.rs:2249][INFO] MC-COMPAT-MILESTONE update_health health=-8.0 food=20 saturation=0.0
[server/mod.rs:2255][INFO] MC-COMPAT-MILESTONE combat_probe_death_observed health=-8.0
[server/mod.rs:2249][INFO] MC-COMPAT-MILESTONE update_health health=-12.0 food=20 saturation=0.0
[server/mod.rs:2255][INFO] MC-COMPAT-MILESTONE combat_probe_death_observed health=-12.0
[server/mod.rs:2249][INFO] MC-COMPAT-MILESTONE update_health health=-16.0 food=20 saturation=0.0
[server/mod.rs:2255][INFO] MC-COMPAT-MILESTONE combat_probe_death_observed health=-16.0
[server/mod.rs:2445][INFO] MC-COMPAT-MILESTONE player_remove uuids=1
[mc-compat] client compatbota finished Some(124); log: /tmp/mc-compat-client.compatbota.1779762421255.log
[mc-compat] client compatbotb finished Some(124); log: /tmp/mc-compat-client.compatbotb.1779762423255.log
[mc-compat] stopping managed Valence server process 3373975
[mc-compat] wrote smoke receipt target/mc-compat-combat/combat-damage.json
