# mc-compat row evidence standard task gate closeout 2026-06-01

$ nix develop --no-update-lock-file -c b3sum --check docs/evidence/mc-compat-row-evidence-standards-2026-06-01.b3
mc compat shell: use 'mc-compat-runner --dry-run' or 'nix run .#mc-compat-smoke -- --run'
Stevenarella dev env: cargo/rustc/xvfb-run/OpenSSL/fontconfig/freetype/libxcb paths are available
OnixResearch tools are pinned over SSH: cairn, cargo-octet
docs/evidence/mc-compat-row-evidence-standards-2026-06-01.run.log: OK
docs/evidence/mc-compat-row-contract-checker-2026-06-01.b3: OK
exit_status=0

$ nix develop --no-update-lock-file -c sh -c rustc\ --edition=2021\ tools/check_cairn_task_evidence.rs\ -o\ target/check-cairn-task-evidence\ \&\&\ target/check-cairn-task-evidence
mc compat shell: use 'mc-compat-runner --dry-run' or 'nix run .#mc-compat-smoke -- --run'
Stevenarella dev env: cargo/rustc/xvfb-run/OpenSSL/fontconfig/freetype/libxcb paths are available
OnixResearch tools are pinned over SSH: cairn, cargo-octet
task evidence gate passed: 77 completed tasks checked across 29 active task files
exit_status=0

$ nix develop --no-update-lock-file -c sh -c rustc\ --edition=2021\ tools/check_evidence_manifests.rs\ -o\ target/check-evidence-manifests\ \&\&\ target/check-evidence-manifests
mc compat shell: use 'mc-compat-runner --dry-run' or 'nix run .#mc-compat-smoke -- --run'
Stevenarella dev env: cargo/rustc/xvfb-run/OpenSSL/fontconfig/freetype/libxcb paths are available
OnixResearch tools are pinned over SSH: cairn, cargo-octet
evidence manifests ok: 165 manifests, 781 entries, 73 receipts scanned
exit_status=0

$ nix run --no-update-lock-file .#cairn -- validate --root .
{
  "change_issues": [],
  "changes": 29,
  "issues": [],
  "layout": "cairn",
  "policy": "cairn-default",
  "spec_issues": [],
  "specs_validated": 31,
  "valid": true
}
exit_status=0
