cannot build on 'ssh-ng://root@10.10.10.1': error: failed to start SSH connection to '10.10.10.1'
building '/nix/store/292wrhvnp4d8hrkpkmq2z4myl27bhhpg-mc-compat-runner-0.1.0.drv'...
building '/nix/store/39qdqhmdlg0238cmqjaa83vr345km7wp-nix-shell-env.drv'...
mc compat shell: use 'mc-compat-runner --dry-run' or 'nix run .#mc-compat-smoke -- --run'
Stevenarella dev env: cargo/rustc/xvfb-run/OpenSSL/fontconfig/freetype/libxcb paths are available
OnixResearch tools are pinned over SSH: cairn, cargo-octet
   Compiling mc-compat-runner v0.1.0 (/home/brittonr/git/mc/compat/runner)
    Finished `test` profile [unoptimized + debuginfo] target(s) in 2.22s
     Running unittests src/main.rs (/home/brittonr/.cargo-target/debug/deps/mc_compat_runner-3e287b8ac8843fbc)

running 6 tests
test tests::mcp_controlled_live_preflight_allows_bounded_local_rail ... ok
test tests::mcp_controlled_live_preflight_rejects_unbounded_timeout ... ok
test tests::mcp_controlled_live_receipt_fails_dirty_child_revision ... ok
test tests::mcp_controlled_live_receipt_uses_observed_control_and_frame_evidence ... ok
test tests::typed_event_oracle_validates_migrated_mcp_controlled_smoke_graph ... ok
test tests::mcp_controlled_dry_run_receipt_records_control_contract ... ok

test result: ok. 6 passed; 0 failed; 0 ignored; 0 measured; 145 filtered out; finished in 0.00s

mc compat shell: use 'mc-compat-runner --dry-run' or 'nix run .#mc-compat-smoke -- --run'
Stevenarella dev env: cargo/rustc/xvfb-run/OpenSSL/fontconfig/freetype/libxcb paths are available
OnixResearch tools are pinned over SSH: cairn, cargo-octet
    Finished `test` profile [unoptimized + debuginfo] target(s) in 0.05s
     Running unittests src/main.rs (/home/brittonr/.cargo-target/debug/deps/mc_compat_runner-3e287b8ac8843fbc)

running 15 tests
test tests::typed_event_graph_checks_required_forbidden_and_ordered_events ... ok
test tests::typed_event_oracle_validates_migrated_inventory_drag_graph ... ok
test tests::typed_event_oracle_validates_migrated_inventory_graph ... ok
test tests::typed_event_oracle_validates_migrated_mcp_controlled_smoke_graph ... ok
test tests::typed_event_oracle_validates_migrated_survival_chest_persistence_graph ... ok
test tests::typed_event_oracle_validates_migrated_survival_furnace_persistence_graph ... ok
test tests::typed_event_oracle_validates_migrated_survival_break_place_graph ... ok
test tests::typed_event_oracle_receipt_records_migration_fallback ... ok
test tests::typed_event_pass_fail_gate_includes_only_migrated_rows ... ok
test tests::typed_event_oracle_validates_migrated_survival_crafting_table_graph ... ok
test tests::typed_event_oracle_validates_migrated_survival_furnace_smelting_breadth_graph ... ok
test tests::typed_event_parser_accepts_versioned_event_lines ... ok
test tests::typed_events_from_receipt_evidence_include_client_and_server_sources ... ok
test tests::typed_event_receipt_artifact_records_reviewable_timeline_hash ... ok
test tests::typed_event_graph_accepts_representative_scenario_fixtures ... ok

test result: ok. 15 passed; 0 failed; 0 ignored; 0 measured; 136 filtered out; finished in 0.00s

exit_status=0
