command: nix run .#cairn -- gate proposal add-minecraft-wiki-pi-skill --root .
{
  "change": "add-minecraft-wiki-pi-skill",
  "evidence_summary": {
    "docs_only": 0,
    "fixture": 0,
    "formal": 0,
    "mode": "advisory",
    "model": 0,
    "probe": 0,
    "property": 0
  },
  "input_hash": "eb241169bb5b3ac766b0b706be3e4a79f88f7117687949517a2557dceeaa29a5",
  "issues": [],
  "layout": "cairn",
  "policy": "cairn-default",
  "policy_hash": "a210ed841d260e0bf026f3c67ec810216b6409cfe6036f9132b51cc4e3176618",
  "receipt_hash": "439bb6c7bf86d05ec7d3cdca2ff89bd072a58a49a7767045ec697adbf341c0f5",
  "stage": "proposal",
  "valid": true,
  "verdict": "PASS"
}
command: nix run .#cairn -- gate design add-minecraft-wiki-pi-skill --root .
{
  "change": "add-minecraft-wiki-pi-skill",
  "evidence_summary": {
    "docs_only": 0,
    "fixture": 0,
    "formal": 0,
    "mode": "advisory",
    "model": 0,
    "probe": 0,
    "property": 0
  },
  "input_hash": "203499a93f2bb6e97d74a66f87ab7798ad53e3aa60b899bc031d7f8d7081794d",
  "issues": [],
  "layout": "cairn",
  "policy": "cairn-default",
  "policy_hash": "a210ed841d260e0bf026f3c67ec810216b6409cfe6036f9132b51cc4e3176618",
  "receipt_hash": "5d0d36508c0ff58212687e315528abbbdde43ae3664e62aa4b6497ceb972167f",
  "stage": "design",
  "valid": true,
  "verdict": "PASS"
}
command: nix run .#cairn -- gate tasks add-minecraft-wiki-pi-skill --root .
{
  "change": "add-minecraft-wiki-pi-skill",
  "evidence_summary": {
    "docs_only": 0,
    "fixture": 0,
    "formal": 0,
    "mode": "advisory",
    "model": 0,
    "probe": 0,
    "property": 0
  },
  "input_hash": "afecd9b7e62bb2aaef0e8de3d908613e8b6dd097d7265beb9ad0dd3bc39927f7",
  "issues": [],
  "layout": "cairn",
  "policy": "cairn-default",
  "policy_hash": "a210ed841d260e0bf026f3c67ec810216b6409cfe6036f9132b51cc4e3176618",
  "receipt_hash": "58da0396af1bb3ffa3be52f193075cdfc8387845c9992ac08a9650b864840a95",
  "stage": "tasks",
  "valid": true,
  "verdict": "PASS"
}
command: nix run .#cairn -- gate proposal minecraft-wiki-plugin-roadmap --root .
{
  "change": "minecraft-wiki-plugin-roadmap",
  "evidence_summary": {
    "docs_only": 0,
    "fixture": 0,
    "formal": 0,
    "mode": "advisory",
    "model": 0,
    "probe": 0,
    "property": 0
  },
  "input_hash": "a772a4ec1cde8984532cfbebd984f17868278f309ce6a02cc4b38e377a3be9f0",
  "issues": [],
  "layout": "cairn",
  "policy": "cairn-default",
  "policy_hash": "a210ed841d260e0bf026f3c67ec810216b6409cfe6036f9132b51cc4e3176618",
  "receipt_hash": "c4355f92dd24bfd85efdf16b4847097b8a3d2cfe582f9b7b83f81c00b0e6ad3a",
  "stage": "proposal",
  "valid": true,
  "verdict": "PASS"
}
command: nix run .#cairn -- gate design minecraft-wiki-plugin-roadmap --root .
{
  "change": "minecraft-wiki-plugin-roadmap",
  "evidence_summary": {
    "docs_only": 0,
    "fixture": 0,
    "formal": 0,
    "mode": "advisory",
    "model": 0,
    "probe": 0,
    "property": 0
  },
  "input_hash": "1448f267ae6a75bdaec1f0319bbfa07eb9f1b6067a0bed248f1ee9bf2351ddf0",
  "issues": [],
  "layout": "cairn",
  "policy": "cairn-default",
  "policy_hash": "a210ed841d260e0bf026f3c67ec810216b6409cfe6036f9132b51cc4e3176618",
  "receipt_hash": "5dcc6442ffb6ec90250babaaec540c94721d5be949784acdc13c9edb15d5dfc9",
  "stage": "design",
  "valid": true,
  "verdict": "PASS"
}
command: nix run .#cairn -- gate tasks minecraft-wiki-plugin-roadmap --root .
{
  "change": "minecraft-wiki-plugin-roadmap",
  "evidence_summary": {
    "docs_only": 0,
    "fixture": 0,
    "formal": 0,
    "mode": "advisory",
    "model": 0,
    "probe": 0,
    "property": 0
  },
  "input_hash": "2f4571ebe40c1f386533d094eafbbf92f8b64468b3360bb39ffeee2ebec3bcee",
  "issues": [],
  "layout": "cairn",
  "policy": "cairn-default",
  "policy_hash": "a210ed841d260e0bf026f3c67ec810216b6409cfe6036f9132b51cc4e3176618",
  "receipt_hash": "a71d1f6fa982ba6181d90c02a1c949d7db0f0541a76efd9b6f0e58f03d9054e0",
  "stage": "tasks",
  "valid": true,
  "verdict": "PASS"
}
command: nix run .#cairn -- validate --root .
{
  "change_issues": [],
  "changes": 2,
  "issues": [],
  "layout": "cairn",
  "policy": "cairn-default",
  "spec_issues": [],
  "specs_validated": 8,
  "valid": true
}
exit_status=0
