== gate-proposal ==
command: nix run .#cairn -- gate proposal modularize-valence-network-session --root .
{
  "change": "modularize-valence-network-session",
  "evidence_summary": {
    "docs_only": 0,
    "fixture": 0,
    "formal": 0,
    "mode": "advisory",
    "model": 0,
    "probe": 0,
    "property": 0
  },
  "input_hash": "31e11a092b6e2499107bd583fc940e8220ccc6741389a025a24d17e8a6ab9541",
  "issues": [],
  "layout": "cairn",
  "policy": "cairn-default",
  "policy_hash": "a210ed841d260e0bf026f3c67ec810216b6409cfe6036f9132b51cc4e3176618",
  "receipt_hash": "c6646b68c9d948539f64dc2aa049ff8d2d90054b58f0a8e9388360aac7dbe003",
  "stage": "proposal",
  "valid": true,
  "verdict": "PASS"
}
exit_status[gate-proposal]=0
== gate-design ==
command: nix run .#cairn -- gate design modularize-valence-network-session --root .
{
  "change": "modularize-valence-network-session",
  "evidence_summary": {
    "docs_only": 0,
    "fixture": 0,
    "formal": 0,
    "mode": "advisory",
    "model": 0,
    "probe": 0,
    "property": 0
  },
  "input_hash": "197f2e44183df3abbfa5213a0ad4d180c8e1e7dbc704f7858b43451124a74465",
  "issues": [],
  "layout": "cairn",
  "policy": "cairn-default",
  "policy_hash": "a210ed841d260e0bf026f3c67ec810216b6409cfe6036f9132b51cc4e3176618",
  "receipt_hash": "6b7702f3a9487a7b6512ae1c7df213aa36c8de72fd2b6d76aada8327e09f3a03",
  "stage": "design",
  "valid": true,
  "verdict": "PASS"
}
exit_status[gate-design]=0
== gate-tasks ==
command: nix run .#cairn -- gate tasks modularize-valence-network-session --root .
{
  "change": "modularize-valence-network-session",
  "evidence_summary": {
    "docs_only": 0,
    "fixture": 0,
    "formal": 0,
    "mode": "advisory",
    "model": 0,
    "probe": 0,
    "property": 0
  },
  "input_hash": "f111752a8b4cbe45431df9cf64185f708967fdb8d7617b962df96561960120ab",
  "issues": [],
  "layout": "cairn",
  "policy": "cairn-default",
  "policy_hash": "a210ed841d260e0bf026f3c67ec810216b6409cfe6036f9132b51cc4e3176618",
  "receipt_hash": "b29391968156934f96a7599fa9ee3eb9081a9dd4fd4bfe30355079bef23fa07b",
  "stage": "tasks",
  "valid": true,
  "verdict": "PASS"
}
exit_status[gate-tasks]=0
== validate ==
command: nix run .#cairn -- validate --root .
{
  "change_issues": [],
  "changes": 11,
  "issues": [],
  "layout": "cairn",
  "policy": "cairn-default",
  "spec_issues": [],
  "specs_validated": 16,
  "valid": true
}
exit_status[validate]=0
exit_status=0
