command: nix run .#cairn -- sync modularize-valence-network-session --root . --execute
{
  "actions": [
    {
      "description": "merge delta spec into main specs: ./cairn/changes/modularize-valence-network-session/specs/mc-compatibility/spec.md",
      "kind": "sync_delta_spec",
      "path": "./cairn/changes/modularize-valence-network-session/specs/mc-compatibility/spec.md"
    }
  ],
  "blocked": false,
  "change": "modularize-valence-network-session",
  "delta_specs": [
    "./cairn/changes/modularize-valence-network-session/specs/mc-compatibility/spec.md"
  ],
  "dry_run": false,
  "input_hash": "b0cf9394cc626ae4ad5b9201e9994f873cdf67d35509151a40f5a979867c1161",
  "layout": "cairn",
  "mutated": true,
  "mutation_manifest": {
    "after": {
      "entries": [
        {
          "content_hash": "7bd218214707d6a5a61540f78bc9bae94a39461d2c9ff9ce94cbc473ea3bf587",
          "exists": true,
          "path": "./cairn/specs/mc-compatibility/spec.md"
        }
      ],
      "manifest_hash": "2b808bde72a671900da69dbc16c61988574e6e5ddcd09af8f58cf244cb111623"
    },
    "before": {
      "entries": [
        {
          "content_hash": "7bd218214707d6a5a61540f78bc9bae94a39461d2c9ff9ce94cbc473ea3bf587",
          "exists": true,
          "path": "./cairn/specs/mc-compatibility/spec.md"
        }
      ],
      "manifest_hash": "2b808bde72a671900da69dbc16c61988574e6e5ddcd09af8f58cf244cb111623"
    },
    "kind": "sync",
    "manifest_hash": "a53cdd6de00b45457f6ad5759a8bb0219a7f1f24e45beb6662adac38824a3720"
  },
  "plan_hash": "5370cc4f5ce3f885990cf9e67ff0f4bb81222a26355cd3a05f5177ebc6a711d6",
  "policy": "cairn-default",
  "policy_hash": "a210ed841d260e0bf026f3c67ec810216b6409cfe6036f9132b51cc4e3176618",
  "reasons": [],
  "receipt_hash": "427e7357bd2dedf63d4a58a92630493d33506b8278bf96ca7652d2285028b8b6"
}
exit_status=0
