command: nix run .#cairn -- sync modularize-valence-network-session --root .
{
  "actions": [
    {
      "description": "merge delta spec into main specs: ./cairn/changes/modularize-valence-network-session/specs/mc-compatibility/spec.md",
      "kind": "sync_delta_spec",
      "path": "./cairn/changes/modularize-valence-network-session/specs/mc-compatibility/spec.md"
    }
  ],
  "blocked": false,
  "change": "modularize-valence-network-session",
  "delta_specs": [
    "./cairn/changes/modularize-valence-network-session/specs/mc-compatibility/spec.md"
  ],
  "dry_run": true,
  "input_hash": "b0cf9394cc626ae4ad5b9201e9994f873cdf67d35509151a40f5a979867c1161",
  "layout": "cairn",
  "mutated": false,
  "mutation_manifest": null,
  "plan_hash": "1c698cc5bbee427fbdff3b94d6fd6e6b432a03254d4e5d8176b4705306468924",
  "policy": "cairn-default",
  "policy_hash": "a210ed841d260e0bf026f3c67ec810216b6409cfe6036f9132b51cc4e3176618",
  "reasons": [],
  "receipt_hash": "ed57c0ff4deb6de8f30ac350498c5c240a61a79045cf4e26314e6caf870d78bd"
}
exit_status=0
