command: nix run .#cairn -- archive modularize-valence-network-session --root .
{
  "actions": [
    {
      "description": "move active change to archive: modularize-valence-network-session",
      "kind": "archive_change",
      "path": "./cairn/changes/modularize-valence-network-session"
    }
  ],
  "blocked": false,
  "change": "modularize-valence-network-session",
  "dry_run": true,
  "input_hash": "b0cf9394cc626ae4ad5b9201e9994f873cdf67d35509151a40f5a979867c1161",
  "layout": "cairn",
  "mutated": false,
  "mutation_manifest": null,
  "plan_hash": "4241fa21dfbe42880444557d2ce46301e47cbb93f9860d9c0b08ae9182bf5d53",
  "policy": "cairn-default",
  "policy_hash": "a210ed841d260e0bf026f3c67ec810216b6409cfe6036f9132b51cc4e3176618",
  "reasons": [],
  "receipt_hash": "61176c1bf040f1fb0e61e4d2ea5a5ccc0d6a91762505b4e4eaa2a6c36f38ae71"
}
exit_status=0
