
## change list
command=nix run .#cairn -- change list --root .
{
  "changes": [
    {
      "delta_specs": [
        "./cairn/changes/add-cached-chunk-egress-pipeline/specs/valence-hyperion-integration/spec.md"
      ],
      "has_design": true,
      "has_proposal": true,
      "has_tasks": true,
      "metadata": {
        "groups": [],
        "status": null,
        "target_date": null
      },
      "name": "add-cached-chunk-egress-pipeline",
      "path": "./cairn/changes/add-cached-chunk-egress-pipeline",
      "task_counts": {
        "done": 0,
        "in_progress": 0,
        "todo": 6,
        "total": 6,
        "unmarked": 0
      }
    },
    {
      "delta_specs": [
        "./cairn/changes/add-profile-skin-cache-rate-limiter/specs/valence-hyperion-integration/spec.md"
      ],
      "has_design": true,
      "has_proposal": true,
      "has_tasks": true,
      "metadata": {
        "groups": [],
        "status": null,
        "target_date": null
      },
      "name": "add-profile-skin-cache-rate-limiter",
      "path": "./cairn/changes/add-profile-skin-cache-rate-limiter",
      "task_counts": {
        "done": 5,
        "in_progress": 0,
        "todo": 1,
        "total": 6,
        "unmarked": 0
      }
    },
    {
      "delta_specs": [
        "./cairn/changes/clean-repo-artifact-boundaries/specs/repository-layout/spec.md"
      ],
      "has_design": true,
      "has_proposal": true,
      "has_tasks": true,
      "metadata": {
        "groups": [],
        "status": null,
        "target_date": null
      },
      "name": "clean-repo-artifact-boundaries",
      "path": "./cairn/changes/clean-repo-artifact-boundaries",
      "task_counts": {
        "done": 5,
        "in_progress": 0,
        "todo": 1,
        "total": 6,
        "unmarked": 0
      }
    },
    {
      "delta_specs": [
        "./cairn/changes/consolidate-checkers-crate/specs/repository-layout/spec.md"
      ],
      "has_design": true,
      "has_proposal": true,
      "has_tasks": true,
      "metadata": {
        "groups": [],
        "status": null,
        "target_date": null
      },
      "name": "consolidate-checkers-crate",
      "path": "./cairn/changes/consolidate-checkers-crate",
      "task_counts": {
        "done": 6,
        "in_progress": 0,
        "todo": 0,
        "total": 6,
        "unmarked": 0
      }
    },
    {
      "delta_specs": [
        "./cairn/changes/define-admin-permission-ergonomics/specs/valence-hyperion-integration/spec.md"
      ],
      "has_design": true,
      "has_proposal": true,
      "has_tasks": true,
      "metadata": {
        "groups": [],
        "status": null,
        "target_date": null
      },
      "name": "define-admin-permission-ergonomics",
      "path": "./cairn/changes/define-admin-permission-ergonomics",
      "task_counts": {
        "done": 6,
        "in_progress": 0,
        "todo": 0,
        "total": 6,
        "unmarked": 0
      }
    },
    {
      "delta_specs": [
        "./cairn/changes/evaluate-command-ergonomics-macros/specs/valence-hyperion-integration/spec.md"
      ],
      "has_design": true,
      "has_proposal": true,
      "has_tasks": true,
      "metadata": {
        "groups": [],
        "status": null,
        "target_date": null
      },
      "name": "evaluate-command-ergonomics-macros",
      "path": "./cairn/changes/evaluate-command-ergonomics-macros",
      "task_counts": {
        "done": 5,
        "in_progress": 0,
        "todo": 1,
        "total": 6,
        "unmarked": 0
      }
    },
    {
      "delta_specs": [
        "./cairn/changes/extend-manifest-derived-surfaces/specs/mc-compatibility/spec.md"
      ],
      "has_design": true,
      "has_proposal": true,
      "has_tasks": true,
      "metadata": {
        "groups": [],
        "status": null,
        "target_date": null
      },
      "name": "extend-manifest-derived-surfaces",
      "path": "./cairn/changes/extend-manifest-derived-surfaces",
      "task_counts": {
        "done": 5,
        "in_progress": 0,
        "todo": 1,
        "total": 6,
        "unmarked": 0
      }
    },
    {
      "delta_specs": [
        "./cairn/changes/introduce-scenario-command-router/specs/mc-compatibility/spec.md"
      ],
      "has_design": true,
      "has_proposal": true,
      "has_tasks": true,
      "metadata": {
        "groups": [],
        "status": null,
        "target_date": null
      },
      "name": "introduce-scenario-command-router",
      "path": "./cairn/changes/introduce-scenario-command-router",
      "task_counts": {
        "done": 0,
        "in_progress": 0,
        "todo": 6,
        "total": 6,
        "unmarked": 0
      }
    },
    {
      "delta_specs": [
        "./cairn/changes/introduce-valence-proxy-broadcast-backend/specs/valence-hyperion-integration/spec.md"
      ],
      "has_design": true,
      "has_proposal": true,
      "has_tasks": true,
      "metadata": {
        "groups": [],
        "status": null,
        "target_date": null
      },
      "name": "introduce-valence-proxy-broadcast-backend",
      "path": "./cairn/changes/introduce-valence-proxy-broadcast-backend",
      "task_counts": {
        "done": 6,
        "in_progress": 0,
        "todo": 0,
        "total": 6,
        "unmarked": 0
      }
    },
    {
      "delta_specs": [
        "./cairn/changes/modularize-compat-runner-core/specs/repository-layout/spec.md"
      ],
      "has_design": true,
      "has_proposal": true,
      "has_tasks": true,
      "metadata": {
        "groups": [],
        "status": null,
        "target_date": null
      },
      "name": "modularize-compat-runner-core",
      "path": "./cairn/changes/modularize-compat-runner-core",
      "task_counts": {
        "done": 0,
        "in_progress": 0,
        "todo": 5,
        "total": 5,
        "unmarked": 0
      }
    },
    {
      "delta_specs": [
        "./cairn/changes/optimize-packet-encoder-buffer-reuse/specs/valence-hyperion-integration/spec.md"
      ],
      "has_design": true,
      "has_proposal": true,
      "has_tasks": true,
      "metadata": {
        "groups": [],
        "status": null,
        "target_date": null
      },
      "name": "optimize-packet-encoder-buffer-reuse",
      "path": "./cairn/changes/optimize-packet-encoder-buffer-reuse",
      "task_counts": {
        "done": 0,
        "in_progress": 0,
        "todo": 6,
        "total": 6,
        "unmarked": 0
      }
    },
    {
      "delta_specs": [
        "./cairn/changes/partition-evidence-directory/specs/repository-layout/spec.md"
      ],
      "has_design": true,
      "has_proposal": true,
      "has_tasks": true,
      "metadata": {
        "groups": [],
        "status": null,
        "target_date": null
      },
      "name": "partition-evidence-directory",
      "path": "./cairn/changes/partition-evidence-directory",
      "task_counts": {
        "done": 0,
        "in_progress": 0,
        "todo": 6,
        "total": 6,
        "unmarked": 0
      }
    },
    {
      "delta_specs": [
        "./cairn/changes/retire-layout-transition-paths/specs/repository-layout/spec.md"
      ],
      "has_design": true,
      "has_proposal": true,
      "has_tasks": true,
      "metadata": {
        "groups": [],
        "status": null,
        "target_date": null
      },
      "name": "retire-layout-transition-paths",
      "path": "./cairn/changes/retire-layout-transition-paths",
      "task_counts": {
        "done": 0,
        "in_progress": 0,
        "todo": 6,
        "total": 6,
        "unmarked": 0
      }
    },
    {
      "delta_specs": [
        "./cairn/changes/separate-compat-instrumentation/specs/mc-compatibility/spec.md"
      ],
      "has_design": true,
      "has_proposal": true,
      "has_tasks": true,
      "metadata": {
        "groups": [],
        "status": null,
        "target_date": null
      },
      "name": "separate-compat-instrumentation",
      "path": "./cairn/changes/separate-compat-instrumentation",
      "task_counts": {
        "done": 0,
        "in_progress": 0,
        "todo": 6,
        "total": 6,
        "unmarked": 0
      }
    },
    {
      "delta_specs": [
        "./cairn/changes/split-root-flake-modules/specs/repository-layout/spec.md"
      ],
      "has_design": true,
      "has_proposal": true,
      "has_tasks": true,
      "metadata": {
        "groups": [],
        "status": null,
        "target_date": null
      },
      "name": "split-root-flake-modules",
      "path": "./cairn/changes/split-root-flake-modules",
      "task_counts": {
        "done": 0,
        "in_progress": 0,
        "todo": 6,
        "total": 6,
        "unmarked": 0
      }
    },
    {
      "delta_specs": [
        "./cairn/changes/split-root-readme-docs/specs/repository-layout/spec.md"
      ],
      "has_design": true,
      "has_proposal": true,
      "has_tasks": true,
      "metadata": {
        "groups": [],
        "status": null,
        "target_date": null
      },
      "name": "split-root-readme-docs",
      "path": "./cairn/changes/split-root-readme-docs",
      "task_counts": {
        "done": 0,
        "in_progress": 0,
        "todo": 6,
        "total": 6,
        "unmarked": 0
      }
    },
    {
      "delta_specs": [
        "./cairn/changes/unify-spatial-raycast-collision/specs/valence-hyperion-integration/spec.md"
      ],
      "has_design": true,
      "has_proposal": true,
      "has_tasks": true,
      "metadata": {
        "groups": [],
        "status": null,
        "target_date": null
      },
      "name": "unify-spatial-raycast-collision",
      "path": "./cairn/changes/unify-spatial-raycast-collision",
      "task_counts": {
        "done": 0,
        "in_progress": 0,
        "todo": 6,
        "total": 6,
        "unmarked": 0
      }
    },
    {
      "delta_specs": [
        "./cairn/changes/upstream-byte-backed-protocol-path/specs/valence-hyperion-integration/spec.md"
      ],
      "has_design": true,
      "has_proposal": true,
      "has_tasks": true,
      "metadata": {
        "groups": [],
        "status": null,
        "target_date": null
      },
      "name": "upstream-byte-backed-protocol-path",
      "path": "./cairn/changes/upstream-byte-backed-protocol-path",
      "task_counts": {
        "done": 0,
        "in_progress": 0,
        "todo": 6,
        "total": 6,
        "unmarked": 0
      }
    }
  ],
  "layout": "cairn",
  "root": "."
}
exit_status=0

## validate
command=nix run .#cairn -- validate --root .
{
  "change_issues": [],
  "changes": 18,
  "issues": [],
  "layout": "cairn",
  "policy": "cairn-default",
  "spec_issues": [],
  "specs_validated": 22,
  "valid": true
}
exit_status=0

## gate proposal
command=nix run .#cairn -- gate proposal modularize-compat-runner-core --root .
{
  "change": "modularize-compat-runner-core",
  "evidence_summary": {
    "docs_only": 0,
    "fixture": 0,
    "formal": 0,
    "mode": "advisory",
    "model": 0,
    "probe": 0,
    "property": 0
  },
  "input_hash": "509bba4311854db4a47fd64c840501fbadb3eae725a992148ad7b96a860d5cf2",
  "issues": [],
  "layout": "cairn",
  "policy": "cairn-default",
  "policy_hash": "a210ed841d260e0bf026f3c67ec810216b6409cfe6036f9132b51cc4e3176618",
  "receipt_hash": "88198643660c7936abdb1f5d4d35fc37342d2554ee78ff56fc513a99c313f8d6",
  "stage": "proposal",
  "valid": true,
  "verdict": "PASS"
}
exit_status=0

## gate design
command=nix run .#cairn -- gate design modularize-compat-runner-core --root .
{
  "change": "modularize-compat-runner-core",
  "evidence_summary": {
    "docs_only": 0,
    "fixture": 0,
    "formal": 0,
    "mode": "advisory",
    "model": 0,
    "probe": 0,
    "property": 0
  },
  "input_hash": "2487bb346e8ab7c1d0b9dc388454bae916bba54c39c2bcc7b36573c8733d5bd8",
  "issues": [],
  "layout": "cairn",
  "policy": "cairn-default",
  "policy_hash": "a210ed841d260e0bf026f3c67ec810216b6409cfe6036f9132b51cc4e3176618",
  "receipt_hash": "4634295cb0a8e84bb55229011709f898c004aa5e5b3d413c18aace4f730f3193",
  "stage": "design",
  "valid": true,
  "verdict": "PASS"
}
exit_status=0

## gate tasks
command=nix run .#cairn -- gate tasks modularize-compat-runner-core --root .
{
  "change": "modularize-compat-runner-core",
  "evidence_summary": {
    "docs_only": 0,
    "fixture": 0,
    "formal": 0,
    "mode": "advisory",
    "model": 0,
    "probe": 0,
    "property": 0
  },
  "input_hash": "bbcd9aee3a020f028d59dbfd7073515a5deb6ffe934e539d6815d4cf664dee17",
  "issues": [],
  "layout": "cairn",
  "policy": "cairn-default",
  "policy_hash": "a210ed841d260e0bf026f3c67ec810216b6409cfe6036f9132b51cc4e3176618",
  "receipt_hash": "ee57971d9f4dc5cc35e6203e82aa4b3ab29ff5b735a0779a25ded88eccd353b5",
  "stage": "tasks",
  "valid": true,
  "verdict": "PASS"
}
exit_status=0

final_exit_status=0
