command=nix run .#cairn -- archive modularize-compat-runner-core --root .
{
  "actions": [
    {
      "description": "move active change to archive: modularize-compat-runner-core",
      "kind": "archive_change",
      "path": "./cairn/changes/modularize-compat-runner-core"
    }
  ],
  "blocked": false,
  "change": "modularize-compat-runner-core",
  "dry_run": true,
  "input_hash": "699b89eb85e721eebb6a2a38ab1548dcf3858f1da3ebcea14e2d0ecd95109d1e",
  "layout": "cairn",
  "mutated": false,
  "mutation_manifest": null,
  "plan_hash": "a32e9a994060ef211478addbf5e0e891e7bbdbdd73379998b88a8f64a3675332",
  "policy": "cairn-default",
  "policy_hash": "a210ed841d260e0bf026f3c67ec810216b6409cfe6036f9132b51cc4e3176618",
  "reasons": [],
  "receipt_hash": "a89d2262b6b2afe82f66861c6b84a63a45d5573476d79e146dbfbe9705b56660"
}
exit_status=0
final_exit_status=0
