# move-worldgen-work-to-bevy-tasks pre-implementation assessment
cwd=/home/brittonr/git/mc
started_at_utc=2026-06-25T20:52:26Z

## change_list
command=nix run .#cairn -- change list --root . 
{
  "changes": [
    {
      "delta_specs": [
        "./cairn/changes/move-worldgen-work-to-bevy-tasks/specs/valence-bevy-ecs/spec.md"
      ],
      "has_design": true,
      "has_proposal": true,
      "has_tasks": true,
      "metadata": {
        "groups": [],
        "status": null,
        "target_date": null
      },
      "name": "move-worldgen-work-to-bevy-tasks",
      "path": "./cairn/changes/move-worldgen-work-to-bevy-tasks",
      "task_counts": {
        "done": 0,
        "in_progress": 0,
        "todo": 6,
        "total": 6,
        "unmarked": 0
      }
    },
    {
      "delta_specs": [
        "./cairn/changes/organize-valence-gameplay-examples-as-bevy-plugins/specs/valence-bevy-ecs/spec.md"
      ],
      "has_design": true,
      "has_proposal": true,
      "has_tasks": true,
      "metadata": {
        "groups": [],
        "status": null,
        "target_date": null
      },
      "name": "organize-valence-gameplay-examples-as-bevy-plugins",
      "path": "./cairn/changes/organize-valence-gameplay-examples-as-bevy-plugins",
      "task_counts": {
        "done": 0,
        "in_progress": 0,
        "todo": 6,
        "total": 6,
        "unmarked": 0
      }
    },
    {
      "delta_specs": [
        "./cairn/changes/promote-typed-gameplay-events-from-packets/specs/valence-bevy-ecs/spec.md"
      ],
      "has_design": true,
      "has_proposal": true,
      "has_tasks": true,
      "metadata": {
        "groups": [],
        "status": null,
        "target_date": null
      },
      "name": "promote-typed-gameplay-events-from-packets",
      "path": "./cairn/changes/promote-typed-gameplay-events-from-packets",
      "task_counts": {
        "done": 0,
        "in_progress": 0,
        "todo": 6,
        "total": 6,
        "unmarked": 0
      }
    },
    {
      "delta_specs": [
        "./cairn/changes/replace-entity-keyed-state-with-components/specs/valence-bevy-ecs/spec.md"
      ],
      "has_design": true,
      "has_proposal": true,
      "has_tasks": true,
      "metadata": {
        "groups": [],
        "status": null,
        "target_date": null
      },
      "name": "replace-entity-keyed-state-with-components",
      "path": "./cairn/changes/replace-entity-keyed-state-with-components",
      "task_counts": {
        "done": 0,
        "in_progress": 0,
        "todo": 6,
        "total": 6,
        "unmarked": 0
      }
    }
  ],
  "layout": "cairn",
  "root": "."
}
change_list_exit_status=0

## validate
command=nix run .#cairn -- validate --root . 
{
  "change_issues": [],
  "changes": 4,
  "issues": [],
  "layout": "cairn",
  "policy": "cairn-default",
  "spec_issues": [],
  "specs_validated": 9,
  "valid": true
}
validate_exit_status=0

## gate_proposal
command=nix run .#cairn -- gate proposal move-worldgen-work-to-bevy-tasks --root . 
{
  "change": "move-worldgen-work-to-bevy-tasks",
  "evidence_summary": {
    "docs_only": 0,
    "fixture": 0,
    "formal": 0,
    "mode": "advisory",
    "model": 0,
    "probe": 0,
    "property": 0
  },
  "input_hash": "930414ea206dbe66938c73da4ad80a06c2d5637fbdc44052e6b659c3e18492ba",
  "issues": [],
  "layout": "cairn",
  "policy": "cairn-default",
  "policy_hash": "a210ed841d260e0bf026f3c67ec810216b6409cfe6036f9132b51cc4e3176618",
  "receipt_hash": "1cfc0c052e37ad231953843895afe5759ec402b4eb8ff3604784513fa8cbe755",
  "stage": "proposal",
  "valid": true,
  "verdict": "PASS"
}
gate_proposal_exit_status=0

## gate_design
command=nix run .#cairn -- gate design move-worldgen-work-to-bevy-tasks --root . 
{
  "change": "move-worldgen-work-to-bevy-tasks",
  "evidence_summary": {
    "docs_only": 0,
    "fixture": 0,
    "formal": 0,
    "mode": "advisory",
    "model": 0,
    "probe": 0,
    "property": 0
  },
  "input_hash": "25119de708728b93ff61ab6a6a71df0e6886c7d712aaf65f67120b3368bfe59b",
  "issues": [],
  "layout": "cairn",
  "policy": "cairn-default",
  "policy_hash": "a210ed841d260e0bf026f3c67ec810216b6409cfe6036f9132b51cc4e3176618",
  "receipt_hash": "933bd1d753f11bee39930b608c238f401bf5e2add8ce8cca9f3793b8a56fbb1f",
  "stage": "design",
  "valid": true,
  "verdict": "PASS"
}
gate_design_exit_status=0

## gate_tasks
command=nix run .#cairn -- gate tasks move-worldgen-work-to-bevy-tasks --root . 
{
  "change": "move-worldgen-work-to-bevy-tasks",
  "evidence_summary": {
    "docs_only": 0,
    "fixture": 0,
    "formal": 0,
    "mode": "advisory",
    "model": 0,
    "probe": 0,
    "property": 0
  },
  "input_hash": "21adfb0f25d02fa24ce691fcf14a9689f34c1bd5ca9eb813d7b87d4c41ca1f7b",
  "issues": [],
  "layout": "cairn",
  "policy": "cairn-default",
  "policy_hash": "a210ed841d260e0bf026f3c67ec810216b6409cfe6036f9132b51cc4e3176618",
  "receipt_hash": "9827e4d77ce51c6421ca89e45993f3f2c093efe7a0be0e658fa5df70a602ad7b",
  "stage": "tasks",
  "valid": true,
  "verdict": "PASS"
}
gate_tasks_exit_status=0
exit_status=0
