# move-worldgen-work-to-bevy-tasks final Cairn gates
cwd=/home/brittonr/git/mc
started_at_utc=2026-06-25T21:06:57Z

## gate_proposal
command=nix run .#cairn -- gate proposal move-worldgen-work-to-bevy-tasks --root . 
{
  "change": "move-worldgen-work-to-bevy-tasks",
  "evidence_summary": {
    "docs_only": 0,
    "fixture": 0,
    "formal": 0,
    "mode": "advisory",
    "model": 0,
    "probe": 0,
    "property": 0
  },
  "input_hash": "6aadb7dad65bfa3a7ee1ac2a6ecf4029ceee9625f0d33aa49a2f82a70823b608",
  "issues": [],
  "layout": "cairn",
  "policy": "cairn-default",
  "policy_hash": "a210ed841d260e0bf026f3c67ec810216b6409cfe6036f9132b51cc4e3176618",
  "receipt_hash": "4d7e470cbdfb466de688759e552c3d92c6b6c7315b5ba256b380b89321c75982",
  "stage": "proposal",
  "valid": true,
  "verdict": "PASS"
}
gate_proposal_exit_status=0

## gate_design
command=nix run .#cairn -- gate design move-worldgen-work-to-bevy-tasks --root . 
{
  "change": "move-worldgen-work-to-bevy-tasks",
  "evidence_summary": {
    "docs_only": 0,
    "fixture": 0,
    "formal": 0,
    "mode": "advisory",
    "model": 0,
    "probe": 0,
    "property": 0
  },
  "input_hash": "017765c71764a99b1e38828ea16c22053221931e4539a32e7caab7acee03ed1f",
  "issues": [],
  "layout": "cairn",
  "policy": "cairn-default",
  "policy_hash": "a210ed841d260e0bf026f3c67ec810216b6409cfe6036f9132b51cc4e3176618",
  "receipt_hash": "9167e4b5adca808d29f509366dbee6b4f82f6bddf5ed88eff0b6611fd6001a3b",
  "stage": "design",
  "valid": true,
  "verdict": "PASS"
}
gate_design_exit_status=0

## gate_tasks
command=nix run .#cairn -- gate tasks move-worldgen-work-to-bevy-tasks --root . 
{
  "change": "move-worldgen-work-to-bevy-tasks",
  "evidence_summary": {
    "docs_only": 0,
    "fixture": 0,
    "formal": 0,
    "mode": "advisory",
    "model": 0,
    "probe": 0,
    "property": 0
  },
  "input_hash": "057c6241f4c141102533b235e6247e747bf52bbdc45ed2e7b297a7d8a230d741",
  "issues": [],
  "layout": "cairn",
  "policy": "cairn-default",
  "policy_hash": "a210ed841d260e0bf026f3c67ec810216b6409cfe6036f9132b51cc4e3176618",
  "receipt_hash": "6e5632c0cabcc9cd42fd70b6243c8e2c98d561407a2db42973186cda31fa2601",
  "stage": "tasks",
  "valid": true,
  "verdict": "PASS"
}
gate_tasks_exit_status=0

## validate
command=nix run .#cairn -- validate --root . 
{
  "change_issues": [],
  "changes": 4,
  "issues": [],
  "layout": "cairn",
  "policy": "cairn-default",
  "spec_issues": [],
  "specs_validated": 9,
  "valid": true
}
validate_exit_status=0
exit_status=0
