# move-worldgen-work-to-bevy-tasks sync execute
cwd=/home/brittonr/git/mc
started_at_utc=2026-06-25T21:07:40Z

## sync_execute
command=nix run .#cairn -- sync move-worldgen-work-to-bevy-tasks --root . --execute
{
  "actions": [
    {
      "description": "merge delta spec into main specs: ./cairn/changes/move-worldgen-work-to-bevy-tasks/specs/valence-bevy-ecs/spec.md",
      "kind": "sync_delta_spec",
      "path": "./cairn/changes/move-worldgen-work-to-bevy-tasks/specs/valence-bevy-ecs/spec.md"
    }
  ],
  "blocked": false,
  "change": "move-worldgen-work-to-bevy-tasks",
  "delta_specs": [
    "./cairn/changes/move-worldgen-work-to-bevy-tasks/specs/valence-bevy-ecs/spec.md"
  ],
  "dry_run": false,
  "input_hash": "807252f17da798730db5961c91bc6e696fa2292e822ffefdff8d3bc17a7bc4b2",
  "layout": "cairn",
  "mutated": true,
  "mutation_manifest": {
    "after": {
      "entries": [
        {
          "content_hash": "e92df9e72d804c79bbba8448d012bcea3b89c5243a0ec13555ae4c9597bd17ee",
          "exists": true,
          "path": "./cairn/specs/valence-bevy-ecs/spec.md"
        }
      ],
      "manifest_hash": "517829b83bb78baeb85cc7166b828b3b6f065919bda378211d7f5940732a611a"
    },
    "before": {
      "entries": [
        {
          "content_hash": "e92df9e72d804c79bbba8448d012bcea3b89c5243a0ec13555ae4c9597bd17ee",
          "exists": true,
          "path": "./cairn/specs/valence-bevy-ecs/spec.md"
        }
      ],
      "manifest_hash": "517829b83bb78baeb85cc7166b828b3b6f065919bda378211d7f5940732a611a"
    },
    "kind": "sync",
    "manifest_hash": "733a0be4b7e2000b6e7a49617b102a3f3081b8bf944adfbfddffd1fbfd74198c"
  },
  "plan_hash": "2fa76e81fe8f4885e4c96076705a7067376d4f6081afc6ecf174b32ef75a2a0e",
  "policy": "cairn-default",
  "policy_hash": "a210ed841d260e0bf026f3c67ec810216b6409cfe6036f9132b51cc4e3176618",
  "reasons": [],
  "receipt_hash": "7d90dd85891c2efb216a38fe7c25929d1335ea27ddc9a8d65c25ef776f5dc81a"
}
sync_execute_exit_status=0
exit_status=0
