# move-worldgen-work-to-bevy-tasks archive execute
cwd=/home/brittonr/git/mc
started_at_utc=2026-06-25T21:09:02Z

## archive_execute
command=CAIRN_ARCHIVE_DATE=2026-06-25 nix run .#cairn -- archive move-worldgen-work-to-bevy-tasks --root . --execute
{
  "actions": [
    {
      "description": "move active change to archive: move-worldgen-work-to-bevy-tasks",
      "kind": "archive_change",
      "path": "./cairn/archive/2026-06-25-move-worldgen-work-to-bevy-tasks"
    }
  ],
  "blocked": false,
  "change": "move-worldgen-work-to-bevy-tasks",
  "dry_run": false,
  "input_hash": "807252f17da798730db5961c91bc6e696fa2292e822ffefdff8d3bc17a7bc4b2",
  "layout": "cairn",
  "mutated": true,
  "mutation_manifest": {
    "after": {
      "entries": [
        {
          "content_hash": "ec7aa4c89247a24332b1f86e1873e712553f08020d7a10f0ff8bb31d564636b7",
          "exists": true,
          "path": "./cairn/archive/2026-06-25-move-worldgen-work-to-bevy-tasks/design.md"
        },
        {
          "content_hash": "2ee19c123e2b6c840a289043eda5aaac844a38b345774dbc3de60f7e0360be62",
          "exists": true,
          "path": "./cairn/archive/2026-06-25-move-worldgen-work-to-bevy-tasks/proposal.md"
        },
        {
          "content_hash": "2d3673ca0c4000c4ac4b83a9e299dd3cdb07644f3ddfc41fb19ae068ee33dbf6",
          "exists": true,
          "path": "./cairn/archive/2026-06-25-move-worldgen-work-to-bevy-tasks/specs/valence-bevy-ecs/spec.md"
        },
        {
          "content_hash": "6a7478d62cbf266a71f5687659449b51b7fa92988450e0c7c416e61291232c71",
          "exists": true,
          "path": "./cairn/archive/2026-06-25-move-worldgen-work-to-bevy-tasks/tasks.md"
        },
        {
          "content_hash": null,
          "exists": false,
          "path": "./cairn/changes/move-worldgen-work-to-bevy-tasks"
        }
      ],
      "manifest_hash": "63730657b57daa0e2ac8cb458bf7697f9b9af27f9e4bd7a2f8f2a105a79165fe"
    },
    "before": {
      "entries": [
        {
          "content_hash": "ec7aa4c89247a24332b1f86e1873e712553f08020d7a10f0ff8bb31d564636b7",
          "exists": true,
          "path": "./cairn/changes/move-worldgen-work-to-bevy-tasks/design.md"
        },
        {
          "content_hash": "2ee19c123e2b6c840a289043eda5aaac844a38b345774dbc3de60f7e0360be62",
          "exists": true,
          "path": "./cairn/changes/move-worldgen-work-to-bevy-tasks/proposal.md"
        },
        {
          "content_hash": "2d3673ca0c4000c4ac4b83a9e299dd3cdb07644f3ddfc41fb19ae068ee33dbf6",
          "exists": true,
          "path": "./cairn/changes/move-worldgen-work-to-bevy-tasks/specs/valence-bevy-ecs/spec.md"
        },
        {
          "content_hash": "6a7478d62cbf266a71f5687659449b51b7fa92988450e0c7c416e61291232c71",
          "exists": true,
          "path": "./cairn/changes/move-worldgen-work-to-bevy-tasks/tasks.md"
        }
      ],
      "manifest_hash": "9d18323d7e68b72eb7aece263824f4a8987fbd141fda4e98e21be8e040ce5d34"
    },
    "kind": "archive",
    "manifest_hash": "3f934dccde588841a0365b3a020ff6b4e77057615c8d9f02853942d367a32cca"
  },
  "plan_hash": "6d11446cac2b49408c0b26d1e064f9142171e49e27ffb5120d6e0b6d89c148f5",
  "policy": "cairn-default",
  "policy_hash": "a210ed841d260e0bf026f3c67ec810216b6409cfe6036f9132b51cc4e3176618",
  "reasons": [],
  "receipt_hash": "09ca44738a420945b652ca67b3f3bd8881a8723f85d196320c2288a3eadf0d7f"
}
archive_execute_exit_status=0
exit_status=0
