command: nix run .#cairn -- gate proposal add-next-cairn-target-skill --root .
{
  "change": "add-next-cairn-target-skill",
  "evidence_summary": {
    "docs_only": 0,
    "fixture": 0,
    "formal": 0,
    "mode": "advisory",
    "model": 0,
    "probe": 0,
    "property": 0
  },
  "input_hash": "1414bcfac580f49f26cf6ea6ddfd854dbb3293f4ed87e16a57abc26d34edf24b",
  "issues": [],
  "layout": "cairn",
  "policy": "cairn-default",
  "policy_hash": "a210ed841d260e0bf026f3c67ec810216b6409cfe6036f9132b51cc4e3176618",
  "receipt_hash": "84023be39acc5f3eb412aa0e330f4a4550d8420a6f8d8bbd41d599293b400f29",
  "stage": "proposal",
  "valid": true,
  "verdict": "PASS"
}
command: nix run .#cairn -- gate design add-next-cairn-target-skill --root .
{
  "change": "add-next-cairn-target-skill",
  "evidence_summary": {
    "docs_only": 0,
    "fixture": 0,
    "formal": 0,
    "mode": "advisory",
    "model": 0,
    "probe": 0,
    "property": 0
  },
  "input_hash": "bd6c400f58de8d63d6c95ab3c6c99d8caf486c730c2657ed9f78f7713f8c70ed",
  "issues": [],
  "layout": "cairn",
  "policy": "cairn-default",
  "policy_hash": "a210ed841d260e0bf026f3c67ec810216b6409cfe6036f9132b51cc4e3176618",
  "receipt_hash": "9bceb192f745b2ff018e7a17cf1df522c33b64c52af3944cc402f35ed049f6ef",
  "stage": "design",
  "valid": true,
  "verdict": "PASS"
}
command: nix run .#cairn -- gate tasks add-next-cairn-target-skill --root .
{
  "change": "add-next-cairn-target-skill",
  "evidence_summary": {
    "docs_only": 0,
    "fixture": 0,
    "formal": 0,
    "mode": "advisory",
    "model": 0,
    "probe": 0,
    "property": 0
  },
  "input_hash": "06eb99f1978807a5e79017bfc28af7e10b8e3da133eb5c18d9d999c542c91189",
  "issues": [],
  "layout": "cairn",
  "policy": "cairn-default",
  "policy_hash": "a210ed841d260e0bf026f3c67ec810216b6409cfe6036f9132b51cc4e3176618",
  "receipt_hash": "b6157bb44ef14338046a9756a62c2b30d09e9ebc1e92db18d56713ccbb5d1af6",
  "stage": "tasks",
  "valid": true,
  "verdict": "PASS"
}
command: nix run .#cairn -- validate --root .
{
  "change_issues": [],
  "changes": 1,
  "issues": [],
  "layout": "cairn",
  "policy": "cairn-default",
  "spec_issues": [],
  "specs_validated": 8,
  "valid": true
}
exit_status=0
