command: nix run .#cairn -- gate proposal add-next-cairn-target-skill --root .
{
  "change": "add-next-cairn-target-skill",
  "evidence_summary": {
    "docs_only": 0,
    "fixture": 0,
    "formal": 0,
    "mode": "advisory",
    "model": 0,
    "probe": 0,
    "property": 0
  },
  "input_hash": "e9c5fb88771a55ed0049b5967a8be339ba8b2b6a6d9eb2a60c1892b88ab20da7",
  "issues": [],
  "layout": "cairn",
  "policy": "cairn-default",
  "policy_hash": "a210ed841d260e0bf026f3c67ec810216b6409cfe6036f9132b51cc4e3176618",
  "receipt_hash": "884a6b16a2be8d8455c11e53c9dd2a387af3670128dda2c208d04ca35e98131e",
  "stage": "proposal",
  "valid": true,
  "verdict": "PASS"
}
command: nix run .#cairn -- gate design add-next-cairn-target-skill --root .
{
  "change": "add-next-cairn-target-skill",
  "evidence_summary": {
    "docs_only": 0,
    "fixture": 0,
    "formal": 0,
    "mode": "advisory",
    "model": 0,
    "probe": 0,
    "property": 0
  },
  "input_hash": "d15a8018d21fd771a4f95b89df0145b3f00845afdd9b01966b4b8d14a01134d8",
  "issues": [],
  "layout": "cairn",
  "policy": "cairn-default",
  "policy_hash": "a210ed841d260e0bf026f3c67ec810216b6409cfe6036f9132b51cc4e3176618",
  "receipt_hash": "dd0d998cf91667d00c1a754a7c300825d22a720d51e3f4b687b5f03cebc6daf1",
  "stage": "design",
  "valid": true,
  "verdict": "PASS"
}
command: nix run .#cairn -- gate tasks add-next-cairn-target-skill --root .
{
  "change": "add-next-cairn-target-skill",
  "evidence_summary": {
    "docs_only": 0,
    "fixture": 0,
    "formal": 0,
    "mode": "advisory",
    "model": 0,
    "probe": 0,
    "property": 0
  },
  "input_hash": "d1b822eac8ed3e06a7887d35774de1cf5293e533ba0b9705245f555ef9f1f4b8",
  "issues": [],
  "layout": "cairn",
  "policy": "cairn-default",
  "policy_hash": "a210ed841d260e0bf026f3c67ec810216b6409cfe6036f9132b51cc4e3176618",
  "receipt_hash": "858f6072a09938d79e651c88dc2fff5427ab82d9ec0aac118a8de58491556021",
  "stage": "tasks",
  "valid": true,
  "verdict": "PASS"
}
command: nix run .#cairn -- validate --root .
{
  "change_issues": [],
  "changes": 1,
  "issues": [],
  "layout": "cairn",
  "policy": "cairn-default",
  "spec_issues": [],
  "specs_validated": 8,
  "valid": true
}
exit_status=0
