command=nix run .#cairn -- gate proposal/design/tasks stage-onixresearch-workspace-namespace --root .; nix run .#cairn -- validate --root .; tools/check_layout_boundaries.rs --self-test; tools/check_layout_boundaries.rs --root .
cwd=/home/brittonr/git/mc
started_at=2026-07-07T21:37:00-04:00
{
  "change": "stage-onixresearch-workspace-namespace",
  "evidence_summary": {
    "docs_only": 0,
    "fixture": 0,
    "formal": 0,
    "mode": "advisory",
    "model": 0,
    "probe": 0,
    "property": 0
  },
  "input_hash": "30ff32a7a007ea3126a3066af0f9c887d715a3fb141540de6036f870e597c9e1",
  "issues": [],
  "layout": "cairn",
  "policy": "cairn-default",
  "policy_hash": "a210ed841d260e0bf026f3c67ec810216b6409cfe6036f9132b51cc4e3176618",
  "receipt_hash": "928f46f090d2fd69d5c53ecc286a62337eca36e735ab863a1d94ff242c53d46e",
  "stage": "proposal",
  "valid": true,
  "verdict": "PASS"
}
{
  "change": "stage-onixresearch-workspace-namespace",
  "evidence_summary": {
    "docs_only": 0,
    "fixture": 0,
    "formal": 0,
    "mode": "advisory",
    "model": 0,
    "probe": 0,
    "property": 0
  },
  "input_hash": "774e98e41bbf7281817309f1f73f3ba9b6f3196d46ee63b1c801db6a413a1266",
  "issues": [],
  "layout": "cairn",
  "policy": "cairn-default",
  "policy_hash": "a210ed841d260e0bf026f3c67ec810216b6409cfe6036f9132b51cc4e3176618",
  "receipt_hash": "904f11b9b0c4bcdb5ea89ac987f437f63601daebf88ccab0b2735195b122b551",
  "stage": "design",
  "valid": true,
  "verdict": "PASS"
}
{
  "change": "stage-onixresearch-workspace-namespace",
  "evidence_summary": {
    "docs_only": 0,
    "fixture": 0,
    "formal": 0,
    "mode": "advisory",
    "model": 0,
    "probe": 0,
    "property": 0
  },
  "input_hash": "1e54ded5b8244060f17ebf6cf60c0dba40c091ef8285c2f22bb11f918edb86d7",
  "issues": [],
  "layout": "cairn",
  "policy": "cairn-default",
  "policy_hash": "a210ed841d260e0bf026f3c67ec810216b6409cfe6036f9132b51cc4e3176618",
  "receipt_hash": "1f3ea60d4eac95d28856ed8f8f308632eedc666a7d592fd674ec56ebd8c4d43f",
  "stage": "tasks",
  "valid": true,
  "verdict": "PASS"
}
{
  "change_issues": [],
  "changes": 1,
  "issues": [],
  "layout": "cairn",
  "policy": "cairn-default",
  "spec_issues": [],
  "specs_validated": 8,
  "valid": true
}
unpacking 'github:nix-community/fenix/092bd452904e749efa39907aa4a20a42678ac31e' into the Git cache...
copying path '/nix/store/0y446mjvwzrhv723jh0lpkaz9gw8jzbq-source' from 'https://cache.nixos.org'...
these 7 derivations will be built:
  /nix/store/8mkfmgnfdjpvyv5w3l6zp78zdgga8gcb-rustc-nightly-x86_64-unknown-linux-gnu.tar.gz.drv
  /nix/store/000a57n8hzjc6ilx6h6a2qzwx5kkiyhx-rustc-nightly-minimal-2023-11-15.drv
  /nix/store/fmqlzvgdg45mgx90rlvsz3rd99sdsjyh-cargo-nightly-x86_64-unknown-linux-gnu.tar.gz.drv
  /nix/store/8adkg142637bxgfxj5iccm9wxnpa1w3j-cargo-nightly-minimal-2023-11-15.drv
  /nix/store/c5ls214kf2jjvbknp96vsyrfa1ckjand-rust-std-nightly-x86_64-unknown-linux-gnu.tar.gz.drv
  /nix/store/lkwh8hgmsx9vixdd5a6sc906ws8h7qm7-rust-std-nightly-minimal-2023-11-15.drv
  /nix/store/qp6rhzdry1pdclbpdgwa82sbr6z55kiw-rust-nightly-minimal-2023-11-15.drv
these 64 paths will be fetched (72.9 MiB download, 335.0 MiB unpacked):
  /nix/store/d3zxgr5xjn057j9kbhd80gmjpiq80n60-acl-2.3.1
  /nix/store/jbjamv1l5zxg2lz2ij0ygbddv0yvyn21-attr-2.5.1
  /nix/store/lf0wpjrj8yx4gsmw2s3xfl58ixmqk8qa-bash-5.2-p15
  /nix/store/p58l5qmzifl20qmjs3xfpl01f0mqlza2-binutils-2.40
  /nix/store/0n91z2in1r4zk100i8gnbbl3spmnyz0n-binutils-2.40-lib
  /nix/store/h8d2j0prdf7pnpgyrgkxrrbfwnmxbq6y-binutils-wrapper-2.40
  /nix/store/7vg2sgzv2hidmj8plg4w31x2sqbbkfrg-bzip2-1.0.8
  /nix/store/w1mar48lwkavwy64mvj567lwaqnm2l11-bzip2-1.0.8-bin
  /nix/store/vwkvhj69z4qqgmpa2lwm97kabf12p26r-coreutils-9.3
  /nix/store/jzl1pnn3jjc84yys1kc98srzrhsgbmqv-curl-8.4.0
  /nix/store/m2c22s8d93ygfi7pml19bmmip1hwgnsl-curl-8.4.0-bin
  /nix/store/d5q1c17ii7mxmk7q2qakg64slj1brl9p-curl-8.4.0-dev
  /nix/store/c7s1n0az9rhvpqnz91l9gcwjjd3i93kq-curl-8.4.0-man
  /nix/store/x6y2i213maj6ibcn0qzgg7graif5qcvi-diffutils-3.10
  /nix/store/kmjsaxkgqvv02x6lzqf06yi8fxffj050-ed-1.19
  /nix/store/747hwsbpml99k3h1s7vd6g84hak04p8q-expand-response-params
  /nix/store/h5pshzq92r2xcv6w1p10cmkar4nyv0xp-file-5.45
  /nix/store/qyzfglbrqb5ck0dgljplin2bvc4995w7-findutils-4.9.0
  /nix/store/cmn958i8qym0qvmvydl23fh3bm3fbhl7-gawk-5.2.2
  /nix/store/0b9bsznqs6pdg42dxcwvrlmarjn2p6a1-gcc-12.3.0
  /nix/store/9fy9zzhf613xp0c3jsjxbjq6yp8afrsv-gcc-12.3.0-lib
  /nix/store/1q6qwq8csbhyy0pv54sab00jxlmb3rw2-gcc-12.3.0-libgcc
  /nix/store/zlzz2z48s7ry0hkl55xiqp5a73b4mzrg-gcc-wrapper-12.3.0
  /nix/store/gqghjch4p1s69sv4mcjksb2kb65rwqjy-glibc-2.38-23
  /nix/store/nvh3jgs8pqghnsfzbv28004xkigiw8gc-glibc-2.38-23-bin
  /nix/store/x8lqlydsxbrwvf6p7v18gws8kn1xl37f-glibc-2.38-23-dev
  /nix/store/74inw69sr287ycyjgiqx2m949r6pjh7r-gmp-6.3.0
  /nix/store/dk95bb4ihip42pssr6ygf90cljamzi7p-gmp-with-cxx-6.3.0
  /nix/store/azkk9647ivcaa29fpb8viwj879q7yjw4-gnu-config-2023-07-31
  /nix/store/p2r51wfg9m3ga7pp7avslpfhfa7w5y83-gnugrep-3.11
  /nix/store/9dh2csn531by6b1vr9jv85v4k17xwkid-gnumake-4.4.1
  /nix/store/g5p3ky90xa05ggg5szyb0pbbl2vp7n03-gnused-4.9
  /nix/store/f5qy259g9b4qh0hwz22z5j5bq3m53cpv-gnutar-1.35
  /nix/store/kmr52zpw7wazxywqvzgpdx0vnn9prd3v-gzip-1.13
  /nix/store/fgijv9rya6zbqbla1bs3bp3b34vdznaa-isl-0.20
  /nix/store/abmvgf557s0ckg1a7l8n4kq4sf70g48k-keyutils-1.6.3-lib
  /nix/store/w4djxksksd1p8m054k537plqnif5858k-libidn2-2.3.4
  /nix/store/yrdmz8swf7csz15qa5mpjjawn90xq2nz-libkrb5-1.20.2
  /nix/store/madzakmmmwifnajk9v0ll3lsn90479qg-libkrb5-1.20.2-dev
  /nix/store/x79sns48bq50cjxxrljrdq0q9h53s72n-libmpc-1.3.1
  /nix/store/52hxyiglyxnkq5dp5nrq8fi503821ka3-libssh2-1.11.0
  /nix/store/bvf4v2iwkmn6bdf98imjah9dpprgbd00-libssh2-1.11.0-dev
  /nix/store/4r64z7v5l40pg6r0hd169bcs85c8c42b-libunistring-1.1
  /nix/store/0k3x51zh446crfhn86ssj8985c6n3hks-linux-headers-6.5
  /nix/store/w7hj52y1jbzarb899rxr1ilg11i0xl0k-lndir-1.0.4
  /nix/store/smqx9w1bq1ybys62yzmsrxx973ls8rjh-mirrors-list
  /nix/store/si0yiwd26jihw7aii0cm5hfaxk8s50rq-mpfr-4.2.1
  /nix/store/d98v4dpqa6agr6a7yrwpsj53v5padgj1-nghttp2-1.57.0
  /nix/store/hy8fzhykr62wxghsyy6nyyvlvbppfc3m-nghttp2-1.57.0-dev
  /nix/store/hkzbig6n9wr15nr6p8w699931vdnfkdk-nghttp2-1.57.0-lib
  /nix/store/0hrm61kz7xs07192zck6czvfz78qlh4w-openssl-3.0.11
  /nix/store/dny4x736q5bxng55jgmf5zl0ys3bj4zw-openssl-3.0.11-bin
  /nix/store/mvl4lw9v8p9f6hlw258j2slrhy7gjggl-openssl-3.0.11-dev
  /nix/store/pinwlz7294p37d2sbkdpjildzxii42vv-patch-2.7.6
  /nix/store/znqwpxy9jlxcgi2ms2hga0ch87bbbr9g-patchelf-0.15.0
  /nix/store/sk599pkiw0mbd9rj9hizs3y2lc2jl7s6-pcre2-10.42
  /nix/store/bbxdw4rgwwl3gnajri82yidr1nlsfskf-stdenv-linux
  /nix/store/vi65yndd33pp1d5l7k83sjl6zpdjcxfl-stdenv-linux
  /nix/store/6g3mnziija245czxdqvs4k4sc6lad0sw-update-autotools-gnu-config-scripts-hook
  /nix/store/sdhmm56jv7r449hf7f57cl3pvnsy3cbg-xgcc-12.3.0-libgcc
  /nix/store/hx3fyk0d9wn7nir8m1qp0y93ixka09lb-xz-5.4.4
  /nix/store/skrzk0g88jf9rg28labqsyxv7gg357q1-xz-5.4.4-bin
  /nix/store/s5gzrzha72q79v92wqq61x9ir8xiwbxk-zlib-1.3
  /nix/store/686lhcz4bwg3wk09pi1xxjgzbxv7ys5q-zlib-1.3-dev
copying path '/nix/store/azkk9647ivcaa29fpb8viwj879q7yjw4-gnu-config-2023-07-31' from 'https://cache.nixos.org'...
copying path '/nix/store/sdhmm56jv7r449hf7f57cl3pvnsy3cbg-xgcc-12.3.0-libgcc' from 'https://cache.nixos.org'...
copying path '/nix/store/4r64z7v5l40pg6r0hd169bcs85c8c42b-libunistring-1.1' from 'https://cache.nixos.org'...
copying path '/nix/store/smqx9w1bq1ybys62yzmsrxx973ls8rjh-mirrors-list' from 'https://cache.nixos.org'...
copying path '/nix/store/c7s1n0az9rhvpqnz91l9gcwjjd3i93kq-curl-8.4.0-man' from 'https://cache.nixos.org'...
copying path '/nix/store/1q6qwq8csbhyy0pv54sab00jxlmb3rw2-gcc-12.3.0-libgcc' from 'https://cache.nixos.org'...
copying path '/nix/store/0k3x51zh446crfhn86ssj8985c6n3hks-linux-headers-6.5' from 'https://cache.nixos.org'...
copying path '/nix/store/d98v4dpqa6agr6a7yrwpsj53v5padgj1-nghttp2-1.57.0' from 'https://cache.nixos.org'...
copying path '/nix/store/6g3mnziija245czxdqvs4k4sc6lad0sw-update-autotools-gnu-config-scripts-hook' from 'https://cache.nixos.org'...
copying path '/nix/store/w4djxksksd1p8m054k537plqnif5858k-libidn2-2.3.4' from 'https://cache.nixos.org'...
copying path '/nix/store/gqghjch4p1s69sv4mcjksb2kb65rwqjy-glibc-2.38-23' from 'https://cache.nixos.org'...
copying path '/nix/store/lf0wpjrj8yx4gsmw2s3xfl58ixmqk8qa-bash-5.2-p15' from 'https://cache.nixos.org'...
copying path '/nix/store/jbjamv1l5zxg2lz2ij0ygbddv0yvyn21-attr-2.5.1' from 'https://cache.nixos.org'...
copying path '/nix/store/7vg2sgzv2hidmj8plg4w31x2sqbbkfrg-bzip2-1.0.8' from 'https://cache.nixos.org'...
copying path '/nix/store/kmjsaxkgqvv02x6lzqf06yi8fxffj050-ed-1.19' from 'https://cache.nixos.org'...
copying path '/nix/store/747hwsbpml99k3h1s7vd6g84hak04p8q-expand-response-params' from 'https://cache.nixos.org'...
copying path '/nix/store/cmn958i8qym0qvmvydl23fh3bm3fbhl7-gawk-5.2.2' from 'https://cache.nixos.org'...
copying path '/nix/store/9fy9zzhf613xp0c3jsjxbjq6yp8afrsv-gcc-12.3.0-lib' from 'https://cache.nixos.org'...
copying path '/nix/store/nvh3jgs8pqghnsfzbv28004xkigiw8gc-glibc-2.38-23-bin' from 'https://cache.nixos.org'...
copying path '/nix/store/g5p3ky90xa05ggg5szyb0pbbl2vp7n03-gnused-4.9' from 'https://cache.nixos.org'...
copying path '/nix/store/74inw69sr287ycyjgiqx2m949r6pjh7r-gmp-6.3.0' from 'https://cache.nixos.org'...
copying path '/nix/store/abmvgf557s0ckg1a7l8n4kq4sf70g48k-keyutils-1.6.3-lib' from 'https://cache.nixos.org'...
copying path '/nix/store/0hrm61kz7xs07192zck6czvfz78qlh4w-openssl-3.0.11' from 'https://cache.nixos.org'...
copying path '/nix/store/sk599pkiw0mbd9rj9hizs3y2lc2jl7s6-pcre2-10.42' from 'https://cache.nixos.org'...
copying path '/nix/store/w7hj52y1jbzarb899rxr1ilg11i0xl0k-lndir-1.0.4' from 'https://cache.nixos.org'...
copying path '/nix/store/hkzbig6n9wr15nr6p8w699931vdnfkdk-nghttp2-1.57.0-lib' from 'https://cache.nixos.org'...
copying path '/nix/store/9dh2csn531by6b1vr9jv85v4k17xwkid-gnumake-4.4.1' from 'https://cache.nixos.org'...
copying path '/nix/store/hx3fyk0d9wn7nir8m1qp0y93ixka09lb-xz-5.4.4' from 'https://cache.nixos.org'...
copying path '/nix/store/w1mar48lwkavwy64mvj567lwaqnm2l11-bzip2-1.0.8-bin' from 'https://cache.nixos.org'...
copying path '/nix/store/pinwlz7294p37d2sbkdpjildzxii42vv-patch-2.7.6' from 'https://cache.nixos.org'...
copying path '/nix/store/s5gzrzha72q79v92wqq61x9ir8xiwbxk-zlib-1.3' from 'https://cache.nixos.org'...
copying path '/nix/store/fgijv9rya6zbqbla1bs3bp3b34vdznaa-isl-0.20' from 'https://cache.nixos.org'...
copying path '/nix/store/si0yiwd26jihw7aii0cm5hfaxk8s50rq-mpfr-4.2.1' from 'https://cache.nixos.org'...
copying path '/nix/store/kmr52zpw7wazxywqvzgpdx0vnn9prd3v-gzip-1.13' from 'https://cache.nixos.org'...
copying path '/nix/store/yrdmz8swf7csz15qa5mpjjawn90xq2nz-libkrb5-1.20.2' from 'https://cache.nixos.org'...
copying path '/nix/store/d3zxgr5xjn057j9kbhd80gmjpiq80n60-acl-2.3.1' from 'https://cache.nixos.org'...
copying path '/nix/store/p2r51wfg9m3ga7pp7avslpfhfa7w5y83-gnugrep-3.11' from 'https://cache.nixos.org'...
copying path '/nix/store/x8lqlydsxbrwvf6p7v18gws8kn1xl37f-glibc-2.38-23-dev' from 'https://cache.nixos.org'...
copying path '/nix/store/0n91z2in1r4zk100i8gnbbl3spmnyz0n-binutils-2.40-lib' from 'https://cache.nixos.org'...
copying path '/nix/store/h5pshzq92r2xcv6w1p10cmkar4nyv0xp-file-5.45' from 'https://cache.nixos.org'...
copying path '/nix/store/hy8fzhykr62wxghsyy6nyyvlvbppfc3m-nghttp2-1.57.0-dev' from 'https://cache.nixos.org'...
copying path '/nix/store/686lhcz4bwg3wk09pi1xxjgzbxv7ys5q-zlib-1.3-dev' from 'https://cache.nixos.org'...
copying path '/nix/store/skrzk0g88jf9rg28labqsyxv7gg357q1-xz-5.4.4-bin' from 'https://cache.nixos.org'...
copying path '/nix/store/f5qy259g9b4qh0hwz22z5j5bq3m53cpv-gnutar-1.35' from 'https://cache.nixos.org'...
copying path '/nix/store/x79sns48bq50cjxxrljrdq0q9h53s72n-libmpc-1.3.1' from 'https://cache.nixos.org'...
copying path '/nix/store/madzakmmmwifnajk9v0ll3lsn90479qg-libkrb5-1.20.2-dev' from 'https://cache.nixos.org'...
copying path '/nix/store/p58l5qmzifl20qmjs3xfpl01f0mqlza2-binutils-2.40' from 'https://cache.nixos.org'...
copying path '/nix/store/dk95bb4ihip42pssr6ygf90cljamzi7p-gmp-with-cxx-6.3.0' from 'https://cache.nixos.org'...
copying path '/nix/store/znqwpxy9jlxcgi2ms2hga0ch87bbbr9g-patchelf-0.15.0' from 'https://cache.nixos.org'...
copying path '/nix/store/52hxyiglyxnkq5dp5nrq8fi503821ka3-libssh2-1.11.0' from 'https://cache.nixos.org'...
copying path '/nix/store/dny4x736q5bxng55jgmf5zl0ys3bj4zw-openssl-3.0.11-bin' from 'https://cache.nixos.org'...
copying path '/nix/store/vwkvhj69z4qqgmpa2lwm97kabf12p26r-coreutils-9.3' from 'https://cache.nixos.org'...
copying path '/nix/store/mvl4lw9v8p9f6hlw258j2slrhy7gjggl-openssl-3.0.11-dev' from 'https://cache.nixos.org'...
copying path '/nix/store/jzl1pnn3jjc84yys1kc98srzrhsgbmqv-curl-8.4.0' from 'https://cache.nixos.org'...
copying path '/nix/store/bvf4v2iwkmn6bdf98imjah9dpprgbd00-libssh2-1.11.0-dev' from 'https://cache.nixos.org'...
copying path '/nix/store/x6y2i213maj6ibcn0qzgg7graif5qcvi-diffutils-3.10' from 'https://cache.nixos.org'...
copying path '/nix/store/qyzfglbrqb5ck0dgljplin2bvc4995w7-findutils-4.9.0' from 'https://cache.nixos.org'...
copying path '/nix/store/0b9bsznqs6pdg42dxcwvrlmarjn2p6a1-gcc-12.3.0' from 'https://cache.nixos.org'...
copying path '/nix/store/vi65yndd33pp1d5l7k83sjl6zpdjcxfl-stdenv-linux' from 'https://cache.nixos.org'...
copying path '/nix/store/m2c22s8d93ygfi7pml19bmmip1hwgnsl-curl-8.4.0-bin' from 'https://cache.nixos.org'...
copying path '/nix/store/h8d2j0prdf7pnpgyrgkxrrbfwnmxbq6y-binutils-wrapper-2.40' from 'https://cache.nixos.org'...
copying path '/nix/store/d5q1c17ii7mxmk7q2qakg64slj1brl9p-curl-8.4.0-dev' from 'https://cache.nixos.org'...
building '/nix/store/njhrmij00plipclmx2yxqn1vbsqdhfzs-cargo-nightly-x86_64-unknown-linux-gnu.tar.gz.drv'...
building '/nix/store/kx8k6wn0ysf3xkhlhm9xi3wa4iwgwkvj-rust-std-nightly-x86_64-unknown-linux-gnu.tar.gz.drv'...
building '/nix/store/ldaa6alvh9vp32zfgbpj2sd3abcjz88m-rustc-nightly-x86_64-unknown-linux-gnu.tar.gz.drv'...
copying path '/nix/store/zlzz2z48s7ry0hkl55xiqp5a73b4mzrg-gcc-wrapper-12.3.0' from 'https://cache.nixos.org'...
copying path '/nix/store/bbxdw4rgwwl3gnajri82yidr1nlsfskf-stdenv-linux' from 'https://cache.nixos.org'...
cannot build on 'ssh-ng://root@10.10.10.1': error: failed to start SSH connection to '10.10.10.1'
building '/nix/store/8adkg142637bxgfxj5iccm9wxnpa1w3j-cargo-nightly-minimal-2023-11-15.drv'...
building '/nix/store/lkwh8hgmsx9vixdd5a6sc906ws8h7qm7-rust-std-nightly-minimal-2023-11-15.drv'...
building '/nix/store/000a57n8hzjc6ilx6h6a2qzwx5kkiyhx-rustc-nightly-minimal-2023-11-15.drv'...
building '/nix/store/qp6rhzdry1pdclbpdgwa82sbr6z55kiw-rust-nightly-minimal-2023-11-15.drv'...
layout boundary self-test passed
layout boundary checks passed; advisory_findings=2
severity=Advisory code=root_transient_artifact path=result rule=root_transient_artifact message=root transient artifact result should stay scratch-only owner_or_waiver_hint=transient root artifacts are advisory unless cited as review evidence next_action=move review-critical output under docs/evidence/ with a BLAKE3 manifest, otherwise leave it ignored or clean it locally
severity=Advisory code=root_transient_artifact path=target rule=root_transient_artifact message=root transient artifact target should stay scratch-only owner_or_waiver_hint=transient root artifacts are advisory unless cited as review evidence next_action=move review-critical output under docs/evidence/ with a BLAKE3 manifest, otherwise leave it ignored or clean it locally
finished_at=2026-07-07T21:37:35-04:00
exit_status=0
