command=inspect active reference updates for ONIX_RESEARCH_ROOT and legacy classifications
cwd=/home/brittonr/git/mc
started_at=2026-07-07T21:48:37-04:00
== mc active guidance ==
AGENTS.md:34:- Run mc Cairn validation/gates with the repo-pinned app from `mc/` (`nix run .#cairn -- ... --root .`). A sibling Cairn checkout, now canonically `${ONIX_RESEARCH_ROOT:-$HOME/git/OnixResearch}/cairn` with `/home/brittonr/git/cairn` kept as a temporary compatibility symlink, can reject this repo's generated policy schema.
README.md:65:- [docs/onixresearch-workspace-namespace.md](docs/onixresearch-workspace-namespace.md): staged `ONIX_RESEARCH_ROOT` migration, compatibility symlink rules, path-reference classification, and non-claims.
docs/onixresearch-workspace-namespace.md:6:ONIX_RESEARCH_ROOT=${ONIX_RESEARCH_ROOT:-$HOME/git/OnixResearch}
docs/onixresearch-workspace-namespace.md:17:| `cairn` | `/home/brittonr/git/OnixResearch/cairn` | `/home/brittonr/git/cairn` | moved with temporary compatibility symlink |
docs/onixresearch-workspace-namespace.md:30:3. Move clean sibling repositories into `ONIX_RESEARCH_ROOT`.
docs/onixresearch-workspace-namespace.md:33:6. Update active docs, scripts, skills, and Nix path inputs toward `ONIX_RESEARCH_ROOT` when safe; literal Nix `path:` inputs must use the canonical path or resolve the symlink before calling Nix.
docs/onixresearch-workspace-namespace.md:40:Migrated repositories MUST retain a temporary compatibility symlink from `/home/brittonr/git/<repo>` to `OnixResearch/<repo>` until active consumers are migrated or waived. legacy commands that use normal shell path resolution, such as `cd /home/brittonr/git/cairn` or `git -C /home/brittonr/git/cairn status`, remain valid during this phase through the symlink. Literal Nix `path:` inputs must use the canonical path, for example `nix run path:${ONIX_RESEARCH_ROOT:-$HOME/git/OnixResearch}/cairn#cairn -- ...`, because Nix rejects a flake root when the root path itself is a symlink.
docs/onixresearch-workspace-namespace.md:44:Rollback for a migrated repository is intentionally simple while the compatibility link exists: remove the legacy symlink, move `ONIX_RESEARCH_ROOT/<repo>` back to `/home/brittonr/git/<repo>`, and rerun the same status and command-smoke checks. Do not rollback `mc` through this contract because it was not moved by this stage.
docs/onixresearch-workspace-namespace.md:48:New or touched active automation SHOULD prefer `ONIX_RESEARCH_ROOT` or an equivalent documented root setting. Hard-coded `/home/brittonr/git/<repo>` references are allowed only when classified as:
== pi skill guidance ==
/home/brittonr/.pi/agent/skills/cairn/SKILL.md:17:- Prefer local repo `${ONIX_RESEARCH_ROOT:-$HOME/git/OnixResearch}/cairn` when present. The legacy `/home/brittonr/git/cairn` path is a temporary compatibility symlink. The repo must use SSH-auth access to the canonical project `https://github.com/OnixResearch/cairn`, with remote `git@github.com:OnixResearch/cairn.git`.
/home/brittonr/.pi/agent/skills/cairn/SKILL.md:18:- If absent, clone with SSH auth: `mkdir -p "${ONIX_RESEARCH_ROOT:-$HOME/git/OnixResearch}" && git clone git@github.com:OnixResearch/cairn.git "${ONIX_RESEARCH_ROOT:-$HOME/git/OnixResearch}/cairn"`.
/home/brittonr/.pi/agent/skills/cairn/SKILL.md:46:cd "${ONIX_RESEARCH_ROOT:-$HOME/git/OnixResearch}/cairn"
/home/brittonr/.pi/agent/skills/cairn/SKILL.md:201:When Cairn workflow contracts change, update this skill from `${ONIX_RESEARCH_ROOT:-$HOME/git/OnixResearch}/cairn/docs/hermes/cairn-workflow-skill.md` or the current upstream repo docs. Keep instructions reusable; do not add transient session state or secrets.
/home/brittonr/.pi/agent/skills/cairn-drain/SKILL.md:14:- Use the user-provided repo or directory as `ROOT`. If omitted, use the current working directory; if no Cairn lifecycle exists there and the request is about Cairn itself, use `${ONIX_RESEARCH_ROOT:-$HOME/git/OnixResearch}/cairn`; `/home/brittonr/git/cairn` remains a temporary compatibility symlink.
/home/brittonr/.pi/agent/skills/cairn-drain/SKILL.md:31:nix run path:${ONIX_RESEARCH_ROOT:-$HOME/git/OnixResearch}/cairn#cairn -- <args>
== inventory classifications ==
5:Can the clean OnixResearch sibling repositories move from `/home/brittonr/git/<repo>` to `/home/brittonr/git/OnixResearch/<repo>` without breaking active validation paths?
18:| `cairn` | active | Moved to `/home/brittonr/git/OnixResearch/cairn`; legacy `/home/brittonr/git/cairn` is a temporary compatibility symlink. |
19:| `valence` | active | Moved to `/home/brittonr/git/OnixResearch/valence`; legacy `/home/brittonr/git/valence` is a temporary compatibility symlink. `jj status` was clean before move. |
20:| `octet` | active | Moved to `/home/brittonr/git/OnixResearch/octet`; legacy `/home/brittonr/git/octet` is a temporary compatibility symlink. |
21:| `mantle` | active | Moved to `/home/brittonr/git/OnixResearch/mantle`; legacy `/home/brittonr/git/mantle` is a temporary compatibility symlink. |
22:| `trellis` | active | Moved to `/home/brittonr/git/OnixResearch/trellis`; legacy `/home/brittonr/git/trellis` is a temporary compatibility symlink. |
23:| `mc` | blocked | Not moved. It is parent-owned under `/home/brittonr/git/mc` and had pre-existing dirty state unrelated to this migration. |
24:| `onix-research` | intentionally retained | Existing lowercase checkout is unrelated and was not touched. |
30:| Pi skills | `/home/brittonr/.pi/agent/skills/cairn-drain/SKILL.md` names `/home/brittonr/git/cairn` and `path:/home/brittonr/git/cairn#cairn`. | active | Update to prefer `ONIX_RESEARCH_ROOT=${ONIX_RESEARCH_ROOT:-$HOME/git/OnixResearch}` and keep legacy symlink fallback. |
31:| mc agent guidance | `AGENTS.md` warns that sibling `/home/brittonr/git/cairn` is not the mc validation authority. | active | Keep the warning but mention canonical `ONIX_RESEARCH_ROOT/cairn` plus legacy compatibility symlink. |
32:| mc docs and evidence notes | Historical receipts and notes under `docs/evidence/` contain `/home/brittonr/git/mc`, `/home/brittonr/git/mc/valence`, and older component path spellings. | historical | Do not rewrite. These paths are evidence payloads and should remain citation-stable. |
33:| Nix path inputs | Active local commands and scratch scripts use `path:/home/brittonr/git/cairn#cairn`; mc flake inputs use GitHub URLs for Cairn/Octet and flake locks record Git URLs/owners, not local canonical paths. Literal `path:` inputs whose root is a symlink are rejected by Nix. | active / generated / blocked | Update durable guidance to canonical `ONIX_RESEARCH_ROOT` paths, validate canonical Cairn `path:` inputs, and record the expected rejection of literal symlinked compatibility `path:` inputs; leave lock data generated. |
34:| flake locks | `flake.lock` records GitHub/Git URLs for `cairn`, `octet`, and `slotcar`. | generated | Do not hand-edit. Update only via Nix if input pins change. |
35:| validation commands | `/tmp/pi-verify-*.sh`, `/tmp/pi-update-*.sh`, and related scratch scripts contain `/home/brittonr/git/{cairn,valence,octet,mantle,trellis}`. | removable / active scratch | Leave in `/tmp`; compatibility symlinks preserve them for this session. Future durable scripts should use `ONIX_RESEARCH_ROOT`. |
36:| evidence notes | Historical JSON/Markdown receipts include absolute paths from old run environments. | historical | Do not rewrite; path spelling is part of historical evidence. |
37:| compatibility-path smokes | Closeout commands intentionally invoke shell/Git operations through `/home/brittonr/git/<repo>` symlinks and intentionally probe literal `path:/home/brittonr/git/cairn#cairn` as a negative Nix fixture. | intentionally retained | Keep shell/Git compatibility smokes and the Nix symlink-rejection fixture until durable consumers no longer need the legacy path. |
38:| docs needing future migration | Stevenarella and Valence docs under `mc/` still use `/home/brittonr/git/mc` because `mc` did not move. | blocked | Leave unchanged until an `mc`-specific migration exists. |
42:The inventory includes `active`, `historical`, `generated`, `blocked`, `removable`, and `intentionally retained` references so reviewers can distinguish safe updates from evidence-preserving or blocked paths.
46:Proceed with the staged move for clean sibling repositories only. Keep `/home/brittonr/git/mc` in place, keep compatibility symlinks for migrated sibling repositories, update safe active guidance toward `ONIX_RESEARCH_ROOT`, require canonical paths for literal Nix `path:` inputs, and require a later Cairn before compatibility-link retirement.
finished_at=2026-07-07T21:48:37-04:00
exit_status=0
