command=nix run .#cairn -- gate proposal/design/tasks stage-onixresearch-workspace-namespace --root . && nix run .#cairn -- validate --root .
cwd=/home/brittonr/git/mc
started_at=2026-07-07T21:52:00-04:00
{
  "change": "stage-onixresearch-workspace-namespace",
  "evidence_summary": {
    "docs_only": 0,
    "fixture": 0,
    "formal": 0,
    "mode": "advisory",
    "model": 0,
    "probe": 0,
    "property": 0
  },
  "input_hash": "cb180a17371a2271fde2db3950b386cc9c6a6d5048f8a280d9d68fb7d99391fe",
  "issues": [],
  "layout": "cairn",
  "policy": "cairn-default",
  "policy_hash": "a210ed841d260e0bf026f3c67ec810216b6409cfe6036f9132b51cc4e3176618",
  "receipt_hash": "2805bdbde1fc74427be2437fdbd0bd7437eeb238b43666622e26b523ee2f59a2",
  "stage": "proposal",
  "valid": true,
  "verdict": "PASS"
}
{
  "change": "stage-onixresearch-workspace-namespace",
  "evidence_summary": {
    "docs_only": 0,
    "fixture": 0,
    "formal": 0,
    "mode": "advisory",
    "model": 0,
    "probe": 0,
    "property": 0
  },
  "input_hash": "ed9a2fb441646508702ddbce4cc0b972b1e1e3f23493d28aaa231dc069fb4ab0",
  "issues": [],
  "layout": "cairn",
  "policy": "cairn-default",
  "policy_hash": "a210ed841d260e0bf026f3c67ec810216b6409cfe6036f9132b51cc4e3176618",
  "receipt_hash": "cbf050caac84a2a8ceee3b5adeecc59eb878df52f02cbbf38b2b895f27c5e175",
  "stage": "design",
  "valid": true,
  "verdict": "PASS"
}
{
  "change": "stage-onixresearch-workspace-namespace",
  "evidence_summary": {
    "docs_only": 0,
    "fixture": 0,
    "formal": 0,
    "mode": "advisory",
    "model": 0,
    "probe": 0,
    "property": 0
  },
  "input_hash": "dcdc7057f95b640ef701f9a7508da6d145d58ea1c46ff3c485493954cc2a65f1",
  "issues": [],
  "layout": "cairn",
  "policy": "cairn-default",
  "policy_hash": "a210ed841d260e0bf026f3c67ec810216b6409cfe6036f9132b51cc4e3176618",
  "receipt_hash": "f7edac9278163ee6f213f527a3f52e2e1b8ca132d97e74f6cb14f6eae90a52e3",
  "stage": "tasks",
  "valid": true,
  "verdict": "PASS"
}
{
  "change_issues": [],
  "changes": 1,
  "issues": [],
  "layout": "cairn",
  "policy": "cairn-default",
  "spec_issues": [],
  "specs_validated": 8,
  "valid": true
}
finished_at=2026-07-07T21:52:01-04:00
exit_status=0
