## command: nix run .#cairn -- gate proposal organize-valence-gameplay-examples-as-bevy-plugins --root .
{
  "change": "organize-valence-gameplay-examples-as-bevy-plugins",
  "evidence_summary": {
    "docs_only": 0,
    "fixture": 0,
    "formal": 0,
    "mode": "advisory",
    "model": 0,
    "probe": 0,
    "property": 0
  },
  "input_hash": "6f44bd20c904325fd87601df6ba9b6dc0f20d8ac72732a125a4e3a41c2e49e09",
  "issues": [],
  "layout": "cairn",
  "policy": "cairn-default",
  "policy_hash": "a210ed841d260e0bf026f3c67ec810216b6409cfe6036f9132b51cc4e3176618",
  "receipt_hash": "a68f8cd565f423dac6dd0b0c329c6530af4acf9b9ac4210827769cbb7cd8cd37",
  "stage": "proposal",
  "valid": true,
  "verdict": "PASS"
}
proposal_gate_exit_status=0

## command: nix run .#cairn -- gate design organize-valence-gameplay-examples-as-bevy-plugins --root .
{
  "change": "organize-valence-gameplay-examples-as-bevy-plugins",
  "evidence_summary": {
    "docs_only": 0,
    "fixture": 0,
    "formal": 0,
    "mode": "advisory",
    "model": 0,
    "probe": 0,
    "property": 0
  },
  "input_hash": "6a4aefe75ef1ab7deed35412ebf16ece6d082a43dd769c650b7015ce6fe75202",
  "issues": [],
  "layout": "cairn",
  "policy": "cairn-default",
  "policy_hash": "a210ed841d260e0bf026f3c67ec810216b6409cfe6036f9132b51cc4e3176618",
  "receipt_hash": "11bd3ef46b4878869b8ba56213e726c2245256d84c62285505fac122f1b44343",
  "stage": "design",
  "valid": true,
  "verdict": "PASS"
}
design_gate_exit_status=0

## command: nix run .#cairn -- gate tasks organize-valence-gameplay-examples-as-bevy-plugins --root .
{
  "change": "organize-valence-gameplay-examples-as-bevy-plugins",
  "evidence_summary": {
    "docs_only": 0,
    "fixture": 0,
    "formal": 0,
    "mode": "advisory",
    "model": 0,
    "probe": 0,
    "property": 0
  },
  "input_hash": "dff5445726c4d1ba2b0d44ea0d00ce764603ac55116d1faf1e7e5e58665b0b25",
  "issues": [],
  "layout": "cairn",
  "policy": "cairn-default",
  "policy_hash": "a210ed841d260e0bf026f3c67ec810216b6409cfe6036f9132b51cc4e3176618",
  "receipt_hash": "b7d4f51a5e2540f2fca293db930831b3435d33d362992511f40d78308195074d",
  "stage": "tasks",
  "valid": true,
  "verdict": "PASS"
}
tasks_gate_exit_status=0

## command: nix run .#cairn -- validate --root .
{
  "change_issues": [],
  "changes": 3,
  "issues": [],
  "layout": "cairn",
  "policy": "cairn-default",
  "spec_issues": [],
  "specs_validated": 8,
  "valid": true
}
cairn_validate_exit_status=0
overall_exit_status=0
