## command: nix run .#cairn -- gate proposal optimize-packet-encoder-buffer-reuse --root .
{
  "change": "optimize-packet-encoder-buffer-reuse",
  "evidence_summary": {
    "docs_only": 0,
    "fixture": 0,
    "formal": 0,
    "mode": "advisory",
    "model": 0,
    "probe": 0,
    "property": 0
  },
  "input_hash": "5a92f0b4dc6551018a4ed21ae465407c8ab03ac40e5e789f22042b3b9a11c034",
  "issues": [],
  "layout": "cairn",
  "policy": "cairn-default",
  "policy_hash": "a210ed841d260e0bf026f3c67ec810216b6409cfe6036f9132b51cc4e3176618",
  "receipt_hash": "f11a67052e93d95b747e0530b521f196aab81020bde57991681b0922b5e88d51",
  "stage": "proposal",
  "valid": true,
  "verdict": "PASS"
}
exit_status=0

## command: nix run .#cairn -- gate design optimize-packet-encoder-buffer-reuse --root .
{
  "change": "optimize-packet-encoder-buffer-reuse",
  "evidence_summary": {
    "docs_only": 0,
    "fixture": 0,
    "formal": 0,
    "mode": "advisory",
    "model": 0,
    "probe": 0,
    "property": 0
  },
  "input_hash": "6a6d94daae8835c1990f175ef6c515ba97a3667b03b2125610e0e278a6a3ded7",
  "issues": [],
  "layout": "cairn",
  "policy": "cairn-default",
  "policy_hash": "a210ed841d260e0bf026f3c67ec810216b6409cfe6036f9132b51cc4e3176618",
  "receipt_hash": "343b54e83f5f33ccc6d8ee6701f389fbbfeb02ae0f6d34ada45340ab01bc49a5",
  "stage": "design",
  "valid": true,
  "verdict": "PASS"
}
exit_status=0

## command: nix run .#cairn -- gate tasks optimize-packet-encoder-buffer-reuse --root .
{
  "change": "optimize-packet-encoder-buffer-reuse",
  "evidence_summary": {
    "docs_only": 0,
    "fixture": 0,
    "formal": 0,
    "mode": "advisory",
    "model": 0,
    "probe": 0,
    "property": 0
  },
  "input_hash": "2d81ba133b865dd7879a7ac80e7b52112b1a6cb5a6763e137bcd76b3383e46f2",
  "issues": [],
  "layout": "cairn",
  "policy": "cairn-default",
  "policy_hash": "a210ed841d260e0bf026f3c67ec810216b6409cfe6036f9132b51cc4e3176618",
  "receipt_hash": "dcd7e120b5f72fad38d1b37899a1eaf644832918581c69ee238c77c47d668144",
  "stage": "tasks",
  "valid": true,
  "verdict": "PASS"
}
exit_status=0

## command: nix run .#cairn -- validate --root .
{
  "change_issues": [],
  "changes": 11,
  "issues": [],
  "layout": "cairn",
  "policy": "cairn-default",
  "spec_issues": [],
  "specs_validated": 15,
  "valid": true
}
exit_status=0

