## command: nix run .#cairn -- gate proposal optimize-packet-encoder-buffer-reuse --root .
{
  "change": "optimize-packet-encoder-buffer-reuse",
  "evidence_summary": {
    "docs_only": 0,
    "fixture": 0,
    "formal": 0,
    "mode": "advisory",
    "model": 0,
    "probe": 0,
    "property": 0
  },
  "input_hash": "210134637084feda354866e15b53c51e4b88be0cda8e379da792eda8788a0bc6",
  "issues": [],
  "layout": "cairn",
  "policy": "cairn-default",
  "policy_hash": "a210ed841d260e0bf026f3c67ec810216b6409cfe6036f9132b51cc4e3176618",
  "receipt_hash": "77127de5761a0b7265ed4717abff0cbe213576663ecc084d83dcd6df5839f886",
  "stage": "proposal",
  "valid": true,
  "verdict": "PASS"
}
exit_status=0

## command: nix run .#cairn -- gate design optimize-packet-encoder-buffer-reuse --root .
{
  "change": "optimize-packet-encoder-buffer-reuse",
  "evidence_summary": {
    "docs_only": 0,
    "fixture": 0,
    "formal": 0,
    "mode": "advisory",
    "model": 0,
    "probe": 0,
    "property": 0
  },
  "input_hash": "ebdd3b86f9ffbc279e66790bb6ec9139accbc4bf9a4a8eff4486548fae4a1131",
  "issues": [],
  "layout": "cairn",
  "policy": "cairn-default",
  "policy_hash": "a210ed841d260e0bf026f3c67ec810216b6409cfe6036f9132b51cc4e3176618",
  "receipt_hash": "df73513f6da60a6580a68e74b904850119576b14a98610aae29d09dd08b25586",
  "stage": "design",
  "valid": true,
  "verdict": "PASS"
}
exit_status=0

## command: nix run .#cairn -- gate tasks optimize-packet-encoder-buffer-reuse --root .
{
  "change": "optimize-packet-encoder-buffer-reuse",
  "evidence_summary": {
    "docs_only": 0,
    "fixture": 0,
    "formal": 0,
    "mode": "advisory",
    "model": 0,
    "probe": 0,
    "property": 0
  },
  "input_hash": "dc637e8bebcd0e54619c05e30f95511b68f0b827a36a5112e0f5d43ac2b6f3c7",
  "issues": [],
  "layout": "cairn",
  "policy": "cairn-default",
  "policy_hash": "a210ed841d260e0bf026f3c67ec810216b6409cfe6036f9132b51cc4e3176618",
  "receipt_hash": "befea48af0f79b06c23d4b683add0cadc54e2b2fd7cc348246e9ebebc0a40d2d",
  "stage": "tasks",
  "valid": true,
  "verdict": "PASS"
}
exit_status=0

## command: nix run .#cairn -- validate --root .
{
  "change_issues": [],
  "changes": 11,
  "issues": [],
  "layout": "cairn",
  "policy": "cairn-default",
  "spec_issues": [],
  "specs_validated": 15,
  "valid": true
}
exit_status=0

