command=nix develop --no-update-lock-file /home/brittonr/git/mc -c cargo fmt --all 
mc compat shell: use 'mc-compat-runner --dry-run' or 'nix run .#mc-compat-smoke -- --run'
Stevenarella dev env: cargo/rustc/xvfb-run/OpenSSL/fontconfig/freetype/libxcb paths are available
OnixResearch tools are pinned over SSH: cairn, cargo-octet
Steel is available for repo scripts, e.g. steel scripts/ralph-drain-cairns.scm --self-test
Warning: can't set `wrap_comments = true`, unstable features are only available in nightly channel.
Warning: can't set `format_code_in_doc_comments = true`, unstable features are only available in nightly channel.
Warning: can't set `format_strings = true`, unstable features are only available in nightly channel.
Warning: can't set `format_macro_matchers = true`, unstable features are only available in nightly channel.
Warning: can't set `hex_literal_case = Lower`, unstable features are only available in nightly channel.
Warning: can't set `imports_granularity = Module`, unstable features are only available in nightly channel.
Warning: can't set `group_imports = StdExternalCrate`, unstable features are only available in nightly channel.
Warning: can't set `unstable_features = true`, unstable features are only available in nightly channel.
Warning: can't set `wrap_comments = true`, unstable features are only available in nightly channel.
Warning: can't set `format_code_in_doc_comments = true`, unstable features are only available in nightly channel.
Warning: can't set `format_strings = true`, unstable features are only available in nightly channel.
Warning: can't set `format_macro_matchers = true`, unstable features are only available in nightly channel.
Warning: can't set `hex_literal_case = Lower`, unstable features are only available in nightly channel.
Warning: can't set `imports_granularity = Module`, unstable features are only available in nightly channel.
Warning: can't set `group_imports = StdExternalCrate`, unstable features are only available in nightly channel.
Warning: can't set `unstable_features = true`, unstable features are only available in nightly channel.
Warning: can't set `wrap_comments = true`, unstable features are only available in nightly channel.
Warning: can't set `format_code_in_doc_comments = true`, unstable features are only available in nightly channel.
Warning: can't set `format_strings = true`, unstable features are only available in nightly channel.
Warning: can't set `format_macro_matchers = true`, unstable features are only available in nightly channel.
Warning: can't set `hex_literal_case = Lower`, unstable features are only available in nightly channel.
Warning: can't set `imports_granularity = Module`, unstable features are only available in nightly channel.
Warning: can't set `group_imports = StdExternalCrate`, unstable features are only available in nightly channel.
Warning: can't set `unstable_features = true`, unstable features are only available in nightly channel.
Warning: can't set `wrap_comments = true`, unstable features are only available in nightly channel.
Warning: can't set `format_code_in_doc_comments = true`, unstable features are only available in nightly channel.
Warning: can't set `format_strings = true`, unstable features are only available in nightly channel.
Warning: can't set `format_macro_matchers = true`, unstable features are only available in nightly channel.
Warning: can't set `hex_literal_case = Lower`, unstable features are only available in nightly channel.
Warning: can't set `imports_granularity = Module`, unstable features are only available in nightly channel.
Warning: can't set `group_imports = StdExternalCrate`, unstable features are only available in nightly channel.
Warning: can't set `unstable_features = true`, unstable features are only available in nightly channel.
Warning: can't set `wrap_comments = true`, unstable features are only available in nightly channel.
Warning: can't set `format_code_in_doc_comments = true`, unstable features are only available in nightly channel.
Warning: can't set `format_strings = true`, unstable features are only available in nightly channel.
Warning: can't set `format_macro_matchers = true`, unstable features are only available in nightly channel.
Warning: can't set `hex_literal_case = Lower`, unstable features are only available in nightly channel.
Warning: can't set `imports_granularity = Module`, unstable features are only available in nightly channel.
Warning: can't set `group_imports = StdExternalCrate`, unstable features are only available in nightly channel.
Warning: can't set `unstable_features = true`, unstable features are only available in nightly channel.
Warning: can't set `wrap_comments = true`, unstable features are only available in nightly channel.
Warning: can't set `format_code_in_doc_comments = true`, unstable features are only available in nightly channel.
Warning: can't set `format_strings = true`, unstable features are only available in nightly channel.
Warning: can't set `format_macro_matchers = true`, unstable features are only available in nightly channel.
Warning: can't set `hex_literal_case = Lower`, unstable features are only available in nightly channel.
Warning: can't set `imports_granularity = Module`, unstable features are only available in nightly channel.
Warning: can't set `group_imports = StdExternalCrate`, unstable features are only available in nightly channel.
Warning: can't set `unstable_features = true`, unstable features are only available in nightly channel.
Warning: can't set `wrap_comments = true`, unstable features are only available in nightly channel.
Warning: can't set `format_code_in_doc_comments = true`, unstable features are only available in nightly channel.
Warning: can't set `format_strings = true`, unstable features are only available in nightly channel.
Warning: can't set `format_macro_matchers = true`, unstable features are only available in nightly channel.
Warning: can't set `hex_literal_case = Lower`, unstable features are only available in nightly channel.
Warning: can't set `imports_granularity = Module`, unstable features are only available in nightly channel.
Warning: can't set `group_imports = StdExternalCrate`, unstable features are only available in nightly channel.
Warning: can't set `unstable_features = true`, unstable features are only available in nightly channel.
Warning: can't set `wrap_comments = true`, unstable features are only available in nightly channel.
Warning: can't set `format_code_in_doc_comments = true`, unstable features are only available in nightly channel.
Warning: can't set `format_strings = true`, unstable features are only available in nightly channel.
Warning: can't set `format_macro_matchers = true`, unstable features are only available in nightly channel.
Warning: can't set `hex_literal_case = Lower`, unstable features are only available in nightly channel.
Warning: can't set `imports_granularity = Module`, unstable features are only available in nightly channel.
Warning: can't set `group_imports = StdExternalCrate`, unstable features are only available in nightly channel.
Warning: can't set `unstable_features = true`, unstable features are only available in nightly channel.
Warning: can't set `wrap_comments = true`, unstable features are only available in nightly channel.
Warning: can't set `format_code_in_doc_comments = true`, unstable features are only available in nightly channel.
Warning: can't set `format_strings = true`, unstable features are only available in nightly channel.
Warning: can't set `format_macro_matchers = true`, unstable features are only available in nightly channel.
Warning: can't set `hex_literal_case = Lower`, unstable features are only available in nightly channel.
Warning: can't set `imports_granularity = Module`, unstable features are only available in nightly channel.
Warning: can't set `group_imports = StdExternalCrate`, unstable features are only available in nightly channel.
Warning: can't set `unstable_features = true`, unstable features are only available in nightly channel.
Warning: can't set `wrap_comments = true`, unstable features are only available in nightly channel.
Warning: can't set `format_code_in_doc_comments = true`, unstable features are only available in nightly channel.
Warning: can't set `format_strings = true`, unstable features are only available in nightly channel.
Warning: can't set `format_macro_matchers = true`, unstable features are only available in nightly channel.
Warning: can't set `hex_literal_case = Lower`, unstable features are only available in nightly channel.
Warning: can't set `imports_granularity = Module`, unstable features are only available in nightly channel.
Warning: can't set `group_imports = StdExternalCrate`, unstable features are only available in nightly channel.
Warning: can't set `unstable_features = true`, unstable features are only available in nightly channel.
Warning: can't set `wrap_comments = true`, unstable features are only available in nightly channel.
Warning: can't set `format_code_in_doc_comments = true`, unstable features are only available in nightly channel.
Warning: can't set `format_strings = true`, unstable features are only available in nightly channel.
Warning: can't set `format_macro_matchers = true`, unstable features are only available in nightly channel.
Warning: can't set `hex_literal_case = Lower`, unstable features are only available in nightly channel.
Warning: can't set `imports_granularity = Module`, unstable features are only available in nightly channel.
Warning: can't set `group_imports = StdExternalCrate`, unstable features are only available in nightly channel.
Warning: can't set `unstable_features = true`, unstable features are only available in nightly channel.
Warning: can't set `wrap_comments = true`, unstable features are only available in nightly channel.
Warning: can't set `format_code_in_doc_comments = true`, unstable features are only available in nightly channel.
Warning: can't set `format_strings = true`, unstable features are only available in nightly channel.
Warning: can't set `format_macro_matchers = true`, unstable features are only available in nightly channel.
Warning: can't set `hex_literal_case = Lower`, unstable features are only available in nightly channel.
Warning: can't set `imports_granularity = Module`, unstable features are only available in nightly channel.
Warning: can't set `group_imports = StdExternalCrate`, unstable features are only available in nightly channel.
Warning: can't set `unstable_features = true`, unstable features are only available in nightly channel.
Warning: can't set `wrap_comments = true`, unstable features are only available in nightly channel.
Warning: can't set `format_code_in_doc_comments = true`, unstable features are only available in nightly channel.
Warning: can't set `format_strings = true`, unstable features are only available in nightly channel.
Warning: can't set `format_macro_matchers = true`, unstable features are only available in nightly channel.
Warning: can't set `hex_literal_case = Lower`, unstable features are only available in nightly channel.
Warning: can't set `imports_granularity = Module`, unstable features are only available in nightly channel.
Warning: can't set `group_imports = StdExternalCrate`, unstable features are only available in nightly channel.
Warning: can't set `unstable_features = true`, unstable features are only available in nightly channel.
Warning: can't set `wrap_comments = true`, unstable features are only available in nightly channel.
Warning: can't set `format_code_in_doc_comments = true`, unstable features are only available in nightly channel.
Warning: can't set `format_strings = true`, unstable features are only available in nightly channel.
Warning: can't set `format_macro_matchers = true`, unstable features are only available in nightly channel.
Warning: can't set `hex_literal_case = Lower`, unstable features are only available in nightly channel.
Warning: can't set `imports_granularity = Module`, unstable features are only available in nightly channel.
Warning: can't set `group_imports = StdExternalCrate`, unstable features are only available in nightly channel.
Warning: can't set `unstable_features = true`, unstable features are only available in nightly channel.
Warning: can't set `wrap_comments = true`, unstable features are only available in nightly channel.
Warning: can't set `format_code_in_doc_comments = true`, unstable features are only available in nightly channel.
Warning: can't set `format_strings = true`, unstable features are only available in nightly channel.
Warning: can't set `format_macro_matchers = true`, unstable features are only available in nightly channel.
Warning: can't set `hex_literal_case = Lower`, unstable features are only available in nightly channel.
Warning: can't set `imports_granularity = Module`, unstable features are only available in nightly channel.
Warning: can't set `group_imports = StdExternalCrate`, unstable features are only available in nightly channel.
Warning: can't set `unstable_features = true`, unstable features are only available in nightly channel.
Warning: can't set `wrap_comments = true`, unstable features are only available in nightly channel.
Warning: can't set `format_code_in_doc_comments = true`, unstable features are only available in nightly channel.
Warning: can't set `format_strings = true`, unstable features are only available in nightly channel.
Warning: can't set `format_macro_matchers = true`, unstable features are only available in nightly channel.
Warning: can't set `hex_literal_case = Lower`, unstable features are only available in nightly channel.
Warning: can't set `imports_granularity = Module`, unstable features are only available in nightly channel.
Warning: can't set `group_imports = StdExternalCrate`, unstable features are only available in nightly channel.
Warning: can't set `unstable_features = true`, unstable features are only available in nightly channel.
Warning: can't set `wrap_comments = true`, unstable features are only available in nightly channel.
Warning: can't set `format_code_in_doc_comments = true`, unstable features are only available in nightly channel.
Warning: can't set `format_strings = true`, unstable features are only available in nightly channel.
Warning: can't set `format_macro_matchers = true`, unstable features are only available in nightly channel.
Warning: can't set `hex_literal_case = Lower`, unstable features are only available in nightly channel.
Warning: can't set `imports_granularity = Module`, unstable features are only available in nightly channel.
Warning: can't set `group_imports = StdExternalCrate`, unstable features are only available in nightly channel.
Warning: can't set `unstable_features = true`, unstable features are only available in nightly channel.
Warning: can't set `wrap_comments = true`, unstable features are only available in nightly channel.
Warning: can't set `format_code_in_doc_comments = true`, unstable features are only available in nightly channel.
Warning: can't set `format_strings = true`, unstable features are only available in nightly channel.
Warning: can't set `format_macro_matchers = true`, unstable features are only available in nightly channel.
Warning: can't set `hex_literal_case = Lower`, unstable features are only available in nightly channel.
Warning: can't set `imports_granularity = Module`, unstable features are only available in nightly channel.
Warning: can't set `group_imports = StdExternalCrate`, unstable features are only available in nightly channel.
Warning: can't set `unstable_features = true`, unstable features are only available in nightly channel.
Warning: can't set `wrap_comments = true`, unstable features are only available in nightly channel.
Warning: can't set `format_code_in_doc_comments = true`, unstable features are only available in nightly channel.
Warning: can't set `format_strings = true`, unstable features are only available in nightly channel.
Warning: can't set `format_macro_matchers = true`, unstable features are only available in nightly channel.
Warning: can't set `hex_literal_case = Lower`, unstable features are only available in nightly channel.
Warning: can't set `imports_granularity = Module`, unstable features are only available in nightly channel.
Warning: can't set `group_imports = StdExternalCrate`, unstable features are only available in nightly channel.
Warning: can't set `unstable_features = true`, unstable features are only available in nightly channel.
Warning: can't set `wrap_comments = true`, unstable features are only available in nightly channel.
Warning: can't set `format_code_in_doc_comments = true`, unstable features are only available in nightly channel.
Warning: can't set `format_strings = true`, unstable features are only available in nightly channel.
Warning: can't set `format_macro_matchers = true`, unstable features are only available in nightly channel.
Warning: can't set `hex_literal_case = Lower`, unstable features are only available in nightly channel.
Warning: can't set `imports_granularity = Module`, unstable features are only available in nightly channel.
Warning: can't set `group_imports = StdExternalCrate`, unstable features are only available in nightly channel.
Warning: can't set `unstable_features = true`, unstable features are only available in nightly channel.
Warning: can't set `wrap_comments = true`, unstable features are only available in nightly channel.
Warning: can't set `format_code_in_doc_comments = true`, unstable features are only available in nightly channel.
Warning: can't set `format_strings = true`, unstable features are only available in nightly channel.
Warning: can't set `format_macro_matchers = true`, unstable features are only available in nightly channel.
Warning: can't set `hex_literal_case = Lower`, unstable features are only available in nightly channel.
Warning: can't set `imports_granularity = Module`, unstable features are only available in nightly channel.
Warning: can't set `group_imports = StdExternalCrate`, unstable features are only available in nightly channel.
Warning: can't set `unstable_features = true`, unstable features are only available in nightly channel.
Warning: can't set `wrap_comments = true`, unstable features are only available in nightly channel.
Warning: can't set `format_code_in_doc_comments = true`, unstable features are only available in nightly channel.
Warning: can't set `format_strings = true`, unstable features are only available in nightly channel.
Warning: can't set `format_macro_matchers = true`, unstable features are only available in nightly channel.
Warning: can't set `hex_literal_case = Lower`, unstable features are only available in nightly channel.
Warning: can't set `imports_granularity = Module`, unstable features are only available in nightly channel.
Warning: can't set `group_imports = StdExternalCrate`, unstable features are only available in nightly channel.
Warning: can't set `unstable_features = true`, unstable features are only available in nightly channel.
Warning: can't set `wrap_comments = true`, unstable features are only available in nightly channel.
Warning: can't set `format_code_in_doc_comments = true`, unstable features are only available in nightly channel.
Warning: can't set `format_strings = true`, unstable features are only available in nightly channel.
Warning: can't set `format_macro_matchers = true`, unstable features are only available in nightly channel.
Warning: can't set `hex_literal_case = Lower`, unstable features are only available in nightly channel.
Warning: can't set `imports_granularity = Module`, unstable features are only available in nightly channel.
Warning: can't set `group_imports = StdExternalCrate`, unstable features are only available in nightly channel.
Warning: can't set `unstable_features = true`, unstable features are only available in nightly channel.
Warning: can't set `wrap_comments = true`, unstable features are only available in nightly channel.
Warning: can't set `format_code_in_doc_comments = true`, unstable features are only available in nightly channel.
Warning: can't set `format_strings = true`, unstable features are only available in nightly channel.
Warning: can't set `format_macro_matchers = true`, unstable features are only available in nightly channel.
Warning: can't set `hex_literal_case = Lower`, unstable features are only available in nightly channel.
Warning: can't set `imports_granularity = Module`, unstable features are only available in nightly channel.
Warning: can't set `group_imports = StdExternalCrate`, unstable features are only available in nightly channel.
Warning: can't set `unstable_features = true`, unstable features are only available in nightly channel.
Warning: can't set `wrap_comments = true`, unstable features are only available in nightly channel.
Warning: can't set `format_code_in_doc_comments = true`, unstable features are only available in nightly channel.
Warning: can't set `format_strings = true`, unstable features are only available in nightly channel.
Warning: can't set `format_macro_matchers = true`, unstable features are only available in nightly channel.
Warning: can't set `hex_literal_case = Lower`, unstable features are only available in nightly channel.
Warning: can't set `imports_granularity = Module`, unstable features are only available in nightly channel.
Warning: can't set `group_imports = StdExternalCrate`, unstable features are only available in nightly channel.
Warning: can't set `unstable_features = true`, unstable features are only available in nightly channel.
Warning: can't set `wrap_comments = true`, unstable features are only available in nightly channel.
Warning: can't set `format_code_in_doc_comments = true`, unstable features are only available in nightly channel.
Warning: can't set `format_strings = true`, unstable features are only available in nightly channel.
Warning: can't set `format_macro_matchers = true`, unstable features are only available in nightly channel.
Warning: can't set `hex_literal_case = Lower`, unstable features are only available in nightly channel.
Warning: can't set `imports_granularity = Module`, unstable features are only available in nightly channel.
Warning: can't set `group_imports = StdExternalCrate`, unstable features are only available in nightly channel.
Warning: can't set `unstable_features = true`, unstable features are only available in nightly channel.
Warning: can't set `wrap_comments = true`, unstable features are only available in nightly channel.
Warning: can't set `format_code_in_doc_comments = true`, unstable features are only available in nightly channel.
Warning: can't set `format_strings = true`, unstable features are only available in nightly channel.
Warning: can't set `format_macro_matchers = true`, unstable features are only available in nightly channel.
Warning: can't set `hex_literal_case = Lower`, unstable features are only available in nightly channel.
Warning: can't set `imports_granularity = Module`, unstable features are only available in nightly channel.
Warning: can't set `group_imports = StdExternalCrate`, unstable features are only available in nightly channel.
Warning: can't set `unstable_features = true`, unstable features are only available in nightly channel.
Warning: can't set `wrap_comments = true`, unstable features are only available in nightly channel.
Warning: can't set `format_code_in_doc_comments = true`, unstable features are only available in nightly channel.
Warning: can't set `format_strings = true`, unstable features are only available in nightly channel.
Warning: can't set `format_macro_matchers = true`, unstable features are only available in nightly channel.
Warning: can't set `hex_literal_case = Lower`, unstable features are only available in nightly channel.
Warning: can't set `imports_granularity = Module`, unstable features are only available in nightly channel.
Warning: can't set `group_imports = StdExternalCrate`, unstable features are only available in nightly channel.
Warning: can't set `unstable_features = true`, unstable features are only available in nightly channel.
Warning: can't set `wrap_comments = true`, unstable features are only available in nightly channel.
Warning: can't set `format_code_in_doc_comments = true`, unstable features are only available in nightly channel.
Warning: can't set `format_strings = true`, unstable features are only available in nightly channel.
Warning: can't set `format_macro_matchers = true`, unstable features are only available in nightly channel.
Warning: can't set `hex_literal_case = Lower`, unstable features are only available in nightly channel.
Warning: can't set `imports_granularity = Module`, unstable features are only available in nightly channel.
Warning: can't set `group_imports = StdExternalCrate`, unstable features are only available in nightly channel.
Warning: can't set `unstable_features = true`, unstable features are only available in nightly channel.
Warning: can't set `wrap_comments = true`, unstable features are only available in nightly channel.
Warning: can't set `format_code_in_doc_comments = true`, unstable features are only available in nightly channel.
Warning: can't set `format_strings = true`, unstable features are only available in nightly channel.
Warning: can't set `format_macro_matchers = true`, unstable features are only available in nightly channel.
Warning: can't set `hex_literal_case = Lower`, unstable features are only available in nightly channel.
Warning: can't set `imports_granularity = Module`, unstable features are only available in nightly channel.
Warning: can't set `group_imports = StdExternalCrate`, unstable features are only available in nightly channel.
Warning: can't set `unstable_features = true`, unstable features are only available in nightly channel.
Warning: can't set `wrap_comments = true`, unstable features are only available in nightly channel.
Warning: can't set `format_code_in_doc_comments = true`, unstable features are only available in nightly channel.
Warning: can't set `format_strings = true`, unstable features are only available in nightly channel.
Warning: can't set `format_macro_matchers = true`, unstable features are only available in nightly channel.
Warning: can't set `hex_literal_case = Lower`, unstable features are only available in nightly channel.
Warning: can't set `imports_granularity = Module`, unstable features are only available in nightly channel.
Warning: can't set `group_imports = StdExternalCrate`, unstable features are only available in nightly channel.
Warning: can't set `unstable_features = true`, unstable features are only available in nightly channel.
Warning: can't set `wrap_comments = true`, unstable features are only available in nightly channel.
Warning: can't set `format_code_in_doc_comments = true`, unstable features are only available in nightly channel.
Warning: can't set `format_strings = true`, unstable features are only available in nightly channel.
Warning: can't set `format_macro_matchers = true`, unstable features are only available in nightly channel.
Warning: can't set `hex_literal_case = Lower`, unstable features are only available in nightly channel.
Warning: can't set `imports_granularity = Module`, unstable features are only available in nightly channel.
Warning: can't set `group_imports = StdExternalCrate`, unstable features are only available in nightly channel.
Warning: can't set `unstable_features = true`, unstable features are only available in nightly channel.
Warning: can't set `wrap_comments = true`, unstable features are only available in nightly channel.
Warning: can't set `format_code_in_doc_comments = true`, unstable features are only available in nightly channel.
Warning: can't set `format_strings = true`, unstable features are only available in nightly channel.
Warning: can't set `format_macro_matchers = true`, unstable features are only available in nightly channel.
Warning: can't set `hex_literal_case = Lower`, unstable features are only available in nightly channel.
Warning: can't set `imports_granularity = Module`, unstable features are only available in nightly channel.
Warning: can't set `group_imports = StdExternalCrate`, unstable features are only available in nightly channel.
Warning: can't set `unstable_features = true`, unstable features are only available in nightly channel.
Warning: can't set `wrap_comments = true`, unstable features are only available in nightly channel.
Warning: can't set `format_code_in_doc_comments = true`, unstable features are only available in nightly channel.
Warning: can't set `format_strings = true`, unstable features are only available in nightly channel.
Warning: can't set `format_macro_matchers = true`, unstable features are only available in nightly channel.
Warning: can't set `hex_literal_case = Lower`, unstable features are only available in nightly channel.
Warning: can't set `imports_granularity = Module`, unstable features are only available in nightly channel.
Warning: can't set `group_imports = StdExternalCrate`, unstable features are only available in nightly channel.
Warning: can't set `unstable_features = true`, unstable features are only available in nightly channel.
Warning: can't set `wrap_comments = true`, unstable features are only available in nightly channel.
Warning: can't set `format_code_in_doc_comments = true`, unstable features are only available in nightly channel.
Warning: can't set `format_strings = true`, unstable features are only available in nightly channel.
Warning: can't set `format_macro_matchers = true`, unstable features are only available in nightly channel.
Warning: can't set `hex_literal_case = Lower`, unstable features are only available in nightly channel.
Warning: can't set `imports_granularity = Module`, unstable features are only available in nightly channel.
Warning: can't set `group_imports = StdExternalCrate`, unstable features are only available in nightly channel.
Warning: can't set `unstable_features = true`, unstable features are only available in nightly channel.
Warning: can't set `wrap_comments = true`, unstable features are only available in nightly channel.
Warning: can't set `format_code_in_doc_comments = true`, unstable features are only available in nightly channel.
Warning: can't set `format_strings = true`, unstable features are only available in nightly channel.
Warning: can't set `format_macro_matchers = true`, unstable features are only available in nightly channel.
Warning: can't set `hex_literal_case = Lower`, unstable features are only available in nightly channel.
Warning: can't set `imports_granularity = Module`, unstable features are only available in nightly channel.
Warning: can't set `group_imports = StdExternalCrate`, unstable features are only available in nightly channel.
Warning: can't set `unstable_features = true`, unstable features are only available in nightly channel.
Warning: can't set `wrap_comments = true`, unstable features are only available in nightly channel.
Warning: can't set `format_code_in_doc_comments = true`, unstable features are only available in nightly channel.
Warning: can't set `format_strings = true`, unstable features are only available in nightly channel.
Warning: can't set `format_macro_matchers = true`, unstable features are only available in nightly channel.
Warning: can't set `hex_literal_case = Lower`, unstable features are only available in nightly channel.
Warning: can't set `imports_granularity = Module`, unstable features are only available in nightly channel.
Warning: can't set `group_imports = StdExternalCrate`, unstable features are only available in nightly channel.
Warning: can't set `unstable_features = true`, unstable features are only available in nightly channel.
Warning: can't set `wrap_comments = true`, unstable features are only available in nightly channel.
Warning: can't set `format_code_in_doc_comments = true`, unstable features are only available in nightly channel.
Warning: can't set `format_strings = true`, unstable features are only available in nightly channel.
Warning: can't set `format_macro_matchers = true`, unstable features are only available in nightly channel.
Warning: can't set `hex_literal_case = Lower`, unstable features are only available in nightly channel.
Warning: can't set `imports_granularity = Module`, unstable features are only available in nightly channel.
Warning: can't set `group_imports = StdExternalCrate`, unstable features are only available in nightly channel.
Warning: can't set `unstable_features = true`, unstable features are only available in nightly channel.
Warning: can't set `wrap_comments = true`, unstable features are only available in nightly channel.
Warning: can't set `format_code_in_doc_comments = true`, unstable features are only available in nightly channel.
Warning: can't set `format_strings = true`, unstable features are only available in nightly channel.
Warning: can't set `format_macro_matchers = true`, unstable features are only available in nightly channel.
Warning: can't set `hex_literal_case = Lower`, unstable features are only available in nightly channel.
Warning: can't set `imports_granularity = Module`, unstable features are only available in nightly channel.
Warning: can't set `group_imports = StdExternalCrate`, unstable features are only available in nightly channel.
Warning: can't set `unstable_features = true`, unstable features are only available in nightly channel.
Warning: can't set `wrap_comments = true`, unstable features are only available in nightly channel.
Warning: can't set `format_code_in_doc_comments = true`, unstable features are only available in nightly channel.
Warning: can't set `format_strings = true`, unstable features are only available in nightly channel.
Warning: can't set `format_macro_matchers = true`, unstable features are only available in nightly channel.
Warning: can't set `hex_literal_case = Lower`, unstable features are only available in nightly channel.
Warning: can't set `imports_granularity = Module`, unstable features are only available in nightly channel.
Warning: can't set `group_imports = StdExternalCrate`, unstable features are only available in nightly channel.
Warning: can't set `unstable_features = true`, unstable features are only available in nightly channel.
Warning: can't set `wrap_comments = true`, unstable features are only available in nightly channel.
Warning: can't set `format_code_in_doc_comments = true`, unstable features are only available in nightly channel.
Warning: can't set `format_strings = true`, unstable features are only available in nightly channel.
Warning: can't set `format_macro_matchers = true`, unstable features are only available in nightly channel.
Warning: can't set `hex_literal_case = Lower`, unstable features are only available in nightly channel.
Warning: can't set `imports_granularity = Module`, unstable features are only available in nightly channel.
Warning: can't set `group_imports = StdExternalCrate`, unstable features are only available in nightly channel.
Warning: can't set `unstable_features = true`, unstable features are only available in nightly channel.
Warning: can't set `wrap_comments = true`, unstable features are only available in nightly channel.
Warning: can't set `format_code_in_doc_comments = true`, unstable features are only available in nightly channel.
Warning: can't set `format_strings = true`, unstable features are only available in nightly channel.
Warning: can't set `format_macro_matchers = true`, unstable features are only available in nightly channel.
Warning: can't set `hex_literal_case = Lower`, unstable features are only available in nightly channel.
Warning: can't set `imports_granularity = Module`, unstable features are only available in nightly channel.
Warning: can't set `group_imports = StdExternalCrate`, unstable features are only available in nightly channel.
Warning: can't set `unstable_features = true`, unstable features are only available in nightly channel.
Warning: can't set `wrap_comments = true`, unstable features are only available in nightly channel.
Warning: can't set `format_code_in_doc_comments = true`, unstable features are only available in nightly channel.
Warning: can't set `format_strings = true`, unstable features are only available in nightly channel.
Warning: can't set `format_macro_matchers = true`, unstable features are only available in nightly channel.
Warning: can't set `hex_literal_case = Lower`, unstable features are only available in nightly channel.
Warning: can't set `imports_granularity = Module`, unstable features are only available in nightly channel.
Warning: can't set `group_imports = StdExternalCrate`, unstable features are only available in nightly channel.
Warning: can't set `unstable_features = true`, unstable features are only available in nightly channel.
Warning: can't set `wrap_comments = true`, unstable features are only available in nightly channel.
Warning: can't set `format_code_in_doc_comments = true`, unstable features are only available in nightly channel.
Warning: can't set `format_strings = true`, unstable features are only available in nightly channel.
Warning: can't set `format_macro_matchers = true`, unstable features are only available in nightly channel.
Warning: can't set `hex_literal_case = Lower`, unstable features are only available in nightly channel.
Warning: can't set `imports_granularity = Module`, unstable features are only available in nightly channel.
Warning: can't set `group_imports = StdExternalCrate`, unstable features are only available in nightly channel.
Warning: can't set `unstable_features = true`, unstable features are only available in nightly channel.
Warning: can't set `wrap_comments = true`, unstable features are only available in nightly channel.
Warning: can't set `format_code_in_doc_comments = true`, unstable features are only available in nightly channel.
Warning: can't set `format_strings = true`, unstable features are only available in nightly channel.
Warning: can't set `format_macro_matchers = true`, unstable features are only available in nightly channel.
Warning: can't set `hex_literal_case = Lower`, unstable features are only available in nightly channel.
Warning: can't set `imports_granularity = Module`, unstable features are only available in nightly channel.
Warning: can't set `group_imports = StdExternalCrate`, unstable features are only available in nightly channel.
Warning: can't set `unstable_features = true`, unstable features are only available in nightly channel.
Warning: can't set `wrap_comments = true`, unstable features are only available in nightly channel.
Warning: can't set `format_code_in_doc_comments = true`, unstable features are only available in nightly channel.
Warning: can't set `format_strings = true`, unstable features are only available in nightly channel.
Warning: can't set `format_macro_matchers = true`, unstable features are only available in nightly channel.
Warning: can't set `hex_literal_case = Lower`, unstable features are only available in nightly channel.
Warning: can't set `imports_granularity = Module`, unstable features are only available in nightly channel.
Warning: can't set `group_imports = StdExternalCrate`, unstable features are only available in nightly channel.
Warning: can't set `unstable_features = true`, unstable features are only available in nightly channel.
Warning: can't set `wrap_comments = true`, unstable features are only available in nightly channel.
Warning: can't set `format_code_in_doc_comments = true`, unstable features are only available in nightly channel.
Warning: can't set `format_strings = true`, unstable features are only available in nightly channel.
Warning: can't set `format_macro_matchers = true`, unstable features are only available in nightly channel.
Warning: can't set `hex_literal_case = Lower`, unstable features are only available in nightly channel.
Warning: can't set `imports_granularity = Module`, unstable features are only available in nightly channel.
Warning: can't set `group_imports = StdExternalCrate`, unstable features are only available in nightly channel.
Warning: can't set `unstable_features = true`, unstable features are only available in nightly channel.
Warning: can't set `wrap_comments = true`, unstable features are only available in nightly channel.
Warning: can't set `format_code_in_doc_comments = true`, unstable features are only available in nightly channel.
Warning: can't set `format_strings = true`, unstable features are only available in nightly channel.
Warning: can't set `format_macro_matchers = true`, unstable features are only available in nightly channel.
Warning: can't set `hex_literal_case = Lower`, unstable features are only available in nightly channel.
Warning: can't set `imports_granularity = Module`, unstable features are only available in nightly channel.
Warning: can't set `group_imports = StdExternalCrate`, unstable features are only available in nightly channel.
Warning: can't set `unstable_features = true`, unstable features are only available in nightly channel.
Warning: can't set `wrap_comments = true`, unstable features are only available in nightly channel.
Warning: can't set `format_code_in_doc_comments = true`, unstable features are only available in nightly channel.
Warning: can't set `format_strings = true`, unstable features are only available in nightly channel.
Warning: can't set `format_macro_matchers = true`, unstable features are only available in nightly channel.
Warning: can't set `hex_literal_case = Lower`, unstable features are only available in nightly channel.
Warning: can't set `imports_granularity = Module`, unstable features are only available in nightly channel.
Warning: can't set `group_imports = StdExternalCrate`, unstable features are only available in nightly channel.
Warning: can't set `unstable_features = true`, unstable features are only available in nightly channel.
Warning: can't set `wrap_comments = true`, unstable features are only available in nightly channel.
Warning: can't set `format_code_in_doc_comments = true`, unstable features are only available in nightly channel.
Warning: can't set `format_strings = true`, unstable features are only available in nightly channel.
Warning: can't set `format_macro_matchers = true`, unstable features are only available in nightly channel.
Warning: can't set `hex_literal_case = Lower`, unstable features are only available in nightly channel.
Warning: can't set `imports_granularity = Module`, unstable features are only available in nightly channel.
Warning: can't set `group_imports = StdExternalCrate`, unstable features are only available in nightly channel.
Warning: can't set `unstable_features = true`, unstable features are only available in nightly channel.
Warning: can't set `wrap_comments = true`, unstable features are only available in nightly channel.
Warning: can't set `format_code_in_doc_comments = true`, unstable features are only available in nightly channel.
Warning: can't set `format_strings = true`, unstable features are only available in nightly channel.
Warning: can't set `format_macro_matchers = true`, unstable features are only available in nightly channel.
Warning: can't set `hex_literal_case = Lower`, unstable features are only available in nightly channel.
Warning: can't set `imports_granularity = Module`, unstable features are only available in nightly channel.
Warning: can't set `group_imports = StdExternalCrate`, unstable features are only available in nightly channel.
Warning: can't set `unstable_features = true`, unstable features are only available in nightly channel.
Warning: can't set `wrap_comments = true`, unstable features are only available in nightly channel.
Warning: can't set `format_code_in_doc_comments = true`, unstable features are only available in nightly channel.
Warning: can't set `format_strings = true`, unstable features are only available in nightly channel.
Warning: can't set `format_macro_matchers = true`, unstable features are only available in nightly channel.
Warning: can't set `hex_literal_case = Lower`, unstable features are only available in nightly channel.
Warning: can't set `imports_granularity = Module`, unstable features are only available in nightly channel.
Warning: can't set `group_imports = StdExternalCrate`, unstable features are only available in nightly channel.
Warning: can't set `unstable_features = true`, unstable features are only available in nightly channel.
Warning: can't set `wrap_comments = true`, unstable features are only available in nightly channel.
Warning: can't set `format_code_in_doc_comments = true`, unstable features are only available in nightly channel.
Warning: can't set `format_strings = true`, unstable features are only available in nightly channel.
Warning: can't set `format_macro_matchers = true`, unstable features are only available in nightly channel.
Warning: can't set `hex_literal_case = Lower`, unstable features are only available in nightly channel.
Warning: can't set `imports_granularity = Module`, unstable features are only available in nightly channel.
Warning: can't set `group_imports = StdExternalCrate`, unstable features are only available in nightly channel.
Warning: can't set `unstable_features = true`, unstable features are only available in nightly channel.
Warning: can't set `wrap_comments = true`, unstable features are only available in nightly channel.
Warning: can't set `format_code_in_doc_comments = true`, unstable features are only available in nightly channel.
Warning: can't set `format_strings = true`, unstable features are only available in nightly channel.
Warning: can't set `format_macro_matchers = true`, unstable features are only available in nightly channel.
Warning: can't set `hex_literal_case = Lower`, unstable features are only available in nightly channel.
Warning: can't set `imports_granularity = Module`, unstable features are only available in nightly channel.
Warning: can't set `group_imports = StdExternalCrate`, unstable features are only available in nightly channel.
Warning: can't set `unstable_features = true`, unstable features are only available in nightly channel.
Warning: can't set `wrap_comments = true`, unstable features are only available in nightly channel.
Warning: can't set `format_code_in_doc_comments = true`, unstable features are only available in nightly channel.
Warning: can't set `format_strings = true`, unstable features are only available in nightly channel.
Warning: can't set `format_macro_matchers = true`, unstable features are only available in nightly channel.
Warning: can't set `hex_literal_case = Lower`, unstable features are only available in nightly channel.
Warning: can't set `imports_granularity = Module`, unstable features are only available in nightly channel.
Warning: can't set `group_imports = StdExternalCrate`, unstable features are only available in nightly channel.
Warning: can't set `unstable_features = true`, unstable features are only available in nightly channel.
Warning: can't set `wrap_comments = true`, unstable features are only available in nightly channel.
Warning: can't set `format_code_in_doc_comments = true`, unstable features are only available in nightly channel.
Warning: can't set `format_strings = true`, unstable features are only available in nightly channel.
Warning: can't set `format_macro_matchers = true`, unstable features are only available in nightly channel.
Warning: can't set `hex_literal_case = Lower`, unstable features are only available in nightly channel.
Warning: can't set `imports_granularity = Module`, unstable features are only available in nightly channel.
Warning: can't set `group_imports = StdExternalCrate`, unstable features are only available in nightly channel.
Warning: can't set `unstable_features = true`, unstable features are only available in nightly channel.
Warning: can't set `wrap_comments = true`, unstable features are only available in nightly channel.
Warning: can't set `format_code_in_doc_comments = true`, unstable features are only available in nightly channel.
Warning: can't set `format_strings = true`, unstable features are only available in nightly channel.
Warning: can't set `format_macro_matchers = true`, unstable features are only available in nightly channel.
Warning: can't set `hex_literal_case = Lower`, unstable features are only available in nightly channel.
Warning: can't set `imports_granularity = Module`, unstable features are only available in nightly channel.
Warning: can't set `group_imports = StdExternalCrate`, unstable features are only available in nightly channel.
Warning: can't set `unstable_features = true`, unstable features are only available in nightly channel.
Warning: can't set `wrap_comments = true`, unstable features are only available in nightly channel.
Warning: can't set `format_code_in_doc_comments = true`, unstable features are only available in nightly channel.
Warning: can't set `format_strings = true`, unstable features are only available in nightly channel.
Warning: can't set `format_macro_matchers = true`, unstable features are only available in nightly channel.
Warning: can't set `hex_literal_case = Lower`, unstable features are only available in nightly channel.
Warning: can't set `imports_granularity = Module`, unstable features are only available in nightly channel.
Warning: can't set `group_imports = StdExternalCrate`, unstable features are only available in nightly channel.
Warning: can't set `unstable_features = true`, unstable features are only available in nightly channel.
Warning: can't set `wrap_comments = true`, unstable features are only available in nightly channel.
Warning: can't set `format_code_in_doc_comments = true`, unstable features are only available in nightly channel.
Warning: can't set `format_strings = true`, unstable features are only available in nightly channel.
Warning: can't set `format_macro_matchers = true`, unstable features are only available in nightly channel.
Warning: can't set `hex_literal_case = Lower`, unstable features are only available in nightly channel.
Warning: can't set `imports_granularity = Module`, unstable features are only available in nightly channel.
Warning: can't set `group_imports = StdExternalCrate`, unstable features are only available in nightly channel.
Warning: can't set `unstable_features = true`, unstable features are only available in nightly channel.
Warning: can't set `wrap_comments = true`, unstable features are only available in nightly channel.
Warning: can't set `format_code_in_doc_comments = true`, unstable features are only available in nightly channel.
Warning: can't set `format_strings = true`, unstable features are only available in nightly channel.
Warning: can't set `format_macro_matchers = true`, unstable features are only available in nightly channel.
Warning: can't set `hex_literal_case = Lower`, unstable features are only available in nightly channel.
Warning: can't set `imports_granularity = Module`, unstable features are only available in nightly channel.
Warning: can't set `group_imports = StdExternalCrate`, unstable features are only available in nightly channel.
Warning: can't set `unstable_features = true`, unstable features are only available in nightly channel.
Warning: can't set `wrap_comments = true`, unstable features are only available in nightly channel.
Warning: can't set `format_code_in_doc_comments = true`, unstable features are only available in nightly channel.
Warning: can't set `format_strings = true`, unstable features are only available in nightly channel.
Warning: can't set `format_macro_matchers = true`, unstable features are only available in nightly channel.
Warning: can't set `hex_literal_case = Lower`, unstable features are only available in nightly channel.
Warning: can't set `imports_granularity = Module`, unstable features are only available in nightly channel.
Warning: can't set `group_imports = StdExternalCrate`, unstable features are only available in nightly channel.
Warning: can't set `unstable_features = true`, unstable features are only available in nightly channel.
Warning: can't set `wrap_comments = true`, unstable features are only available in nightly channel.
Warning: can't set `format_code_in_doc_comments = true`, unstable features are only available in nightly channel.
Warning: can't set `format_strings = true`, unstable features are only available in nightly channel.
Warning: can't set `format_macro_matchers = true`, unstable features are only available in nightly channel.
Warning: can't set `hex_literal_case = Lower`, unstable features are only available in nightly channel.
Warning: can't set `imports_granularity = Module`, unstable features are only available in nightly channel.
Warning: can't set `group_imports = StdExternalCrate`, unstable features are only available in nightly channel.
Warning: can't set `unstable_features = true`, unstable features are only available in nightly channel.
Warning: can't set `wrap_comments = true`, unstable features are only available in nightly channel.
Warning: can't set `format_code_in_doc_comments = true`, unstable features are only available in nightly channel.
Warning: can't set `format_strings = true`, unstable features are only available in nightly channel.
Warning: can't set `format_macro_matchers = true`, unstable features are only available in nightly channel.
Warning: can't set `hex_literal_case = Lower`, unstable features are only available in nightly channel.
Warning: can't set `imports_granularity = Module`, unstable features are only available in nightly channel.
Warning: can't set `group_imports = StdExternalCrate`, unstable features are only available in nightly channel.
Warning: can't set `unstable_features = true`, unstable features are only available in nightly channel.
Warning: can't set `wrap_comments = true`, unstable features are only available in nightly channel.
Warning: can't set `format_code_in_doc_comments = true`, unstable features are only available in nightly channel.
Warning: can't set `format_strings = true`, unstable features are only available in nightly channel.
Warning: can't set `format_macro_matchers = true`, unstable features are only available in nightly channel.
Warning: can't set `hex_literal_case = Lower`, unstable features are only available in nightly channel.
Warning: can't set `imports_granularity = Module`, unstable features are only available in nightly channel.
Warning: can't set `group_imports = StdExternalCrate`, unstable features are only available in nightly channel.
Warning: can't set `unstable_features = true`, unstable features are only available in nightly channel.
Warning: can't set `wrap_comments = true`, unstable features are only available in nightly channel.
Warning: can't set `format_code_in_doc_comments = true`, unstable features are only available in nightly channel.
Warning: can't set `format_strings = true`, unstable features are only available in nightly channel.
Warning: can't set `format_macro_matchers = true`, unstable features are only available in nightly channel.
Warning: can't set `hex_literal_case = Lower`, unstable features are only available in nightly channel.
Warning: can't set `imports_granularity = Module`, unstable features are only available in nightly channel.
Warning: can't set `group_imports = StdExternalCrate`, unstable features are only available in nightly channel.
Warning: can't set `unstable_features = true`, unstable features are only available in nightly channel.
Warning: can't set `wrap_comments = true`, unstable features are only available in nightly channel.
Warning: can't set `format_code_in_doc_comments = true`, unstable features are only available in nightly channel.
Warning: can't set `format_strings = true`, unstable features are only available in nightly channel.
Warning: can't set `format_macro_matchers = true`, unstable features are only available in nightly channel.
Warning: can't set `hex_literal_case = Lower`, unstable features are only available in nightly channel.
Warning: can't set `imports_granularity = Module`, unstable features are only available in nightly channel.
Warning: can't set `group_imports = StdExternalCrate`, unstable features are only available in nightly channel.
Warning: can't set `unstable_features = true`, unstable features are only available in nightly channel.
Warning: can't set `wrap_comments = true`, unstable features are only available in nightly channel.
Warning: can't set `format_code_in_doc_comments = true`, unstable features are only available in nightly channel.
Warning: can't set `format_strings = true`, unstable features are only available in nightly channel.
Warning: can't set `format_macro_matchers = true`, unstable features are only available in nightly channel.
Warning: can't set `hex_literal_case = Lower`, unstable features are only available in nightly channel.
Warning: can't set `imports_granularity = Module`, unstable features are only available in nightly channel.
Warning: can't set `group_imports = StdExternalCrate`, unstable features are only available in nightly channel.
Warning: can't set `unstable_features = true`, unstable features are only available in nightly channel.
Warning: can't set `wrap_comments = true`, unstable features are only available in nightly channel.
Warning: can't set `format_code_in_doc_comments = true`, unstable features are only available in nightly channel.
Warning: can't set `format_strings = true`, unstable features are only available in nightly channel.
Warning: can't set `format_macro_matchers = true`, unstable features are only available in nightly channel.
Warning: can't set `hex_literal_case = Lower`, unstable features are only available in nightly channel.
Warning: can't set `imports_granularity = Module`, unstable features are only available in nightly channel.
Warning: can't set `group_imports = StdExternalCrate`, unstable features are only available in nightly channel.
Warning: can't set `unstable_features = true`, unstable features are only available in nightly channel.
Warning: can't set `wrap_comments = true`, unstable features are only available in nightly channel.
Warning: can't set `format_code_in_doc_comments = true`, unstable features are only available in nightly channel.
Warning: can't set `format_strings = true`, unstable features are only available in nightly channel.
Warning: can't set `format_macro_matchers = true`, unstable features are only available in nightly channel.
Warning: can't set `hex_literal_case = Lower`, unstable features are only available in nightly channel.
Warning: can't set `imports_granularity = Module`, unstable features are only available in nightly channel.
Warning: can't set `group_imports = StdExternalCrate`, unstable features are only available in nightly channel.
Warning: can't set `unstable_features = true`, unstable features are only available in nightly channel.
Warning: can't set `wrap_comments = true`, unstable features are only available in nightly channel.
Warning: can't set `format_code_in_doc_comments = true`, unstable features are only available in nightly channel.
Warning: can't set `format_strings = true`, unstable features are only available in nightly channel.
Warning: can't set `format_macro_matchers = true`, unstable features are only available in nightly channel.
Warning: can't set `hex_literal_case = Lower`, unstable features are only available in nightly channel.
Warning: can't set `imports_granularity = Module`, unstable features are only available in nightly channel.
Warning: can't set `group_imports = StdExternalCrate`, unstable features are only available in nightly channel.
Warning: can't set `unstable_features = true`, unstable features are only available in nightly channel.
Warning: can't set `wrap_comments = true`, unstable features are only available in nightly channel.
Warning: can't set `format_code_in_doc_comments = true`, unstable features are only available in nightly channel.
Warning: can't set `format_strings = true`, unstable features are only available in nightly channel.
Warning: can't set `format_macro_matchers = true`, unstable features are only available in nightly channel.
Warning: can't set `hex_literal_case = Lower`, unstable features are only available in nightly channel.
Warning: can't set `imports_granularity = Module`, unstable features are only available in nightly channel.
Warning: can't set `group_imports = StdExternalCrate`, unstable features are only available in nightly channel.
Warning: can't set `unstable_features = true`, unstable features are only available in nightly channel.
Warning: can't set `wrap_comments = true`, unstable features are only available in nightly channel.
Warning: can't set `format_code_in_doc_comments = true`, unstable features are only available in nightly channel.
Warning: can't set `format_strings = true`, unstable features are only available in nightly channel.
Warning: can't set `format_macro_matchers = true`, unstable features are only available in nightly channel.
Warning: can't set `hex_literal_case = Lower`, unstable features are only available in nightly channel.
Warning: can't set `imports_granularity = Module`, unstable features are only available in nightly channel.
Warning: can't set `group_imports = StdExternalCrate`, unstable features are only available in nightly channel.
Warning: can't set `unstable_features = true`, unstable features are only available in nightly channel.
Warning: can't set `wrap_comments = true`, unstable features are only available in nightly channel.
Warning: can't set `format_code_in_doc_comments = true`, unstable features are only available in nightly channel.
Warning: can't set `format_strings = true`, unstable features are only available in nightly channel.
Warning: can't set `format_macro_matchers = true`, unstable features are only available in nightly channel.
Warning: can't set `hex_literal_case = Lower`, unstable features are only available in nightly channel.
Warning: can't set `imports_granularity = Module`, unstable features are only available in nightly channel.
Warning: can't set `group_imports = StdExternalCrate`, unstable features are only available in nightly channel.
Warning: can't set `unstable_features = true`, unstable features are only available in nightly channel.
Warning: can't set `wrap_comments = true`, unstable features are only available in nightly channel.
Warning: can't set `format_code_in_doc_comments = true`, unstable features are only available in nightly channel.
Warning: can't set `format_strings = true`, unstable features are only available in nightly channel.
Warning: can't set `format_macro_matchers = true`, unstable features are only available in nightly channel.
Warning: can't set `hex_literal_case = Lower`, unstable features are only available in nightly channel.
Warning: can't set `imports_granularity = Module`, unstable features are only available in nightly channel.
Warning: can't set `group_imports = StdExternalCrate`, unstable features are only available in nightly channel.
Warning: can't set `unstable_features = true`, unstable features are only available in nightly channel.
Warning: can't set `wrap_comments = true`, unstable features are only available in nightly channel.
Warning: can't set `format_code_in_doc_comments = true`, unstable features are only available in nightly channel.
Warning: can't set `format_strings = true`, unstable features are only available in nightly channel.
Warning: can't set `format_macro_matchers = true`, unstable features are only available in nightly channel.
Warning: can't set `hex_literal_case = Lower`, unstable features are only available in nightly channel.
Warning: can't set `imports_granularity = Module`, unstable features are only available in nightly channel.
Warning: can't set `group_imports = StdExternalCrate`, unstable features are only available in nightly channel.
Warning: can't set `unstable_features = true`, unstable features are only available in nightly channel.
Warning: can't set `wrap_comments = true`, unstable features are only available in nightly channel.
Warning: can't set `format_code_in_doc_comments = true`, unstable features are only available in nightly channel.
Warning: can't set `format_strings = true`, unstable features are only available in nightly channel.
Warning: can't set `format_macro_matchers = true`, unstable features are only available in nightly channel.
Warning: can't set `hex_literal_case = Lower`, unstable features are only available in nightly channel.
Warning: can't set `imports_granularity = Module`, unstable features are only available in nightly channel.
Warning: can't set `group_imports = StdExternalCrate`, unstable features are only available in nightly channel.
Warning: can't set `unstable_features = true`, unstable features are only available in nightly channel.
Warning: can't set `wrap_comments = true`, unstable features are only available in nightly channel.
Warning: can't set `format_code_in_doc_comments = true`, unstable features are only available in nightly channel.
Warning: can't set `format_strings = true`, unstable features are only available in nightly channel.
Warning: can't set `format_macro_matchers = true`, unstable features are only available in nightly channel.
Warning: can't set `hex_literal_case = Lower`, unstable features are only available in nightly channel.
Warning: can't set `imports_granularity = Module`, unstable features are only available in nightly channel.
Warning: can't set `group_imports = StdExternalCrate`, unstable features are only available in nightly channel.
Warning: can't set `unstable_features = true`, unstable features are only available in nightly channel.
Warning: can't set `wrap_comments = true`, unstable features are only available in nightly channel.
Warning: can't set `format_code_in_doc_comments = true`, unstable features are only available in nightly channel.
Warning: can't set `format_strings = true`, unstable features are only available in nightly channel.
Warning: can't set `format_macro_matchers = true`, unstable features are only available in nightly channel.
Warning: can't set `hex_literal_case = Lower`, unstable features are only available in nightly channel.
Warning: can't set `imports_granularity = Module`, unstable features are only available in nightly channel.
Warning: can't set `group_imports = StdExternalCrate`, unstable features are only available in nightly channel.
Warning: can't set `unstable_features = true`, unstable features are only available in nightly channel.
Warning: can't set `wrap_comments = true`, unstable features are only available in nightly channel.
Warning: can't set `format_code_in_doc_comments = true`, unstable features are only available in nightly channel.
Warning: can't set `format_strings = true`, unstable features are only available in nightly channel.
Warning: can't set `format_macro_matchers = true`, unstable features are only available in nightly channel.
Warning: can't set `hex_literal_case = Lower`, unstable features are only available in nightly channel.
Warning: can't set `imports_granularity = Module`, unstable features are only available in nightly channel.
Warning: can't set `group_imports = StdExternalCrate`, unstable features are only available in nightly channel.
Warning: can't set `unstable_features = true`, unstable features are only available in nightly channel.
Warning: can't set `wrap_comments = true`, unstable features are only available in nightly channel.
Warning: can't set `format_code_in_doc_comments = true`, unstable features are only available in nightly channel.
Warning: can't set `format_strings = true`, unstable features are only available in nightly channel.
Warning: can't set `format_macro_matchers = true`, unstable features are only available in nightly channel.
Warning: can't set `hex_literal_case = Lower`, unstable features are only available in nightly channel.
Warning: can't set `imports_granularity = Module`, unstable features are only available in nightly channel.
Warning: can't set `group_imports = StdExternalCrate`, unstable features are only available in nightly channel.
Warning: can't set `unstable_features = true`, unstable features are only available in nightly channel.
exit_status=0
