command=nix run .#cairn -- gate tasks evaluate-paletted-container-optimizations --root . 
{
  "change": "evaluate-paletted-container-optimizations",
  "evidence_summary": {
    "docs_only": 0,
    "fixture": 0,
    "formal": 0,
    "mode": "advisory",
    "model": 0,
    "probe": 0,
    "property": 0
  },
  "input_hash": "43224bd5f28a59ec0f9401bb295640c7e8c43cd6d72785456750577df312c4e3",
  "issues": [],
  "layout": "cairn",
  "policy": "cairn-default",
  "policy_hash": "a210ed841d260e0bf026f3c67ec810216b6409cfe6036f9132b51cc4e3176618",
  "receipt_hash": "8e9d9de82824367a1518aa4abaa043b46dad119fa474a9e4ed2d50544ca33980",
  "stage": "tasks",
  "valid": true,
  "verdict": "PASS"
}
exit_status=0
