command=CAIRN_ARCHIVE_DATE=2026-06-23 nix run .#cairn -- archive evaluate-paletted-container-optimizations --root . --execute 
{
  "actions": [
    {
      "description": "move active change to archive: evaluate-paletted-container-optimizations",
      "kind": "archive_change",
      "path": "./cairn/archive/2026-06-23-evaluate-paletted-container-optimizations"
    }
  ],
  "blocked": false,
  "change": "evaluate-paletted-container-optimizations",
  "dry_run": false,
  "input_hash": "a3bf79c5a6be06d35b52d6269c5618e4364447eb7df01117dea98344b129af17",
  "layout": "cairn",
  "mutated": true,
  "mutation_manifest": {
    "after": {
      "entries": [
        {
          "content_hash": "4a7510c5d76a3ef81454b2106aec66f9b721056c5e922ee964c506dc773f9683",
          "exists": true,
          "path": "./cairn/archive/2026-06-23-evaluate-paletted-container-optimizations/design.md"
        },
        {
          "content_hash": "4858b712f20b790e0beaecb11e677bd2917fea1587bd75824c3154de76836cb1",
          "exists": true,
          "path": "./cairn/archive/2026-06-23-evaluate-paletted-container-optimizations/proposal.md"
        },
        {
          "content_hash": "66889b8b0718fe2e298557dd57692b117f6fbf4ff725e53de221c0df1faa2a4c",
          "exists": true,
          "path": "./cairn/archive/2026-06-23-evaluate-paletted-container-optimizations/specs/valence-hyperion-integration/spec.md"
        },
        {
          "content_hash": "98c0298034c21e975721734febf77089e348966ac6b60b724a0d62feb779524b",
          "exists": true,
          "path": "./cairn/archive/2026-06-23-evaluate-paletted-container-optimizations/tasks.md"
        },
        {
          "content_hash": null,
          "exists": false,
          "path": "./cairn/changes/evaluate-paletted-container-optimizations"
        }
      ],
      "manifest_hash": "e641cba549ef900b3e44facbb570bd0e1c749649e6d444a4d2ffcf44cea12c68"
    },
    "before": {
      "entries": [
        {
          "content_hash": "4a7510c5d76a3ef81454b2106aec66f9b721056c5e922ee964c506dc773f9683",
          "exists": true,
          "path": "./cairn/changes/evaluate-paletted-container-optimizations/design.md"
        },
        {
          "content_hash": "4858b712f20b790e0beaecb11e677bd2917fea1587bd75824c3154de76836cb1",
          "exists": true,
          "path": "./cairn/changes/evaluate-paletted-container-optimizations/proposal.md"
        },
        {
          "content_hash": "66889b8b0718fe2e298557dd57692b117f6fbf4ff725e53de221c0df1faa2a4c",
          "exists": true,
          "path": "./cairn/changes/evaluate-paletted-container-optimizations/specs/valence-hyperion-integration/spec.md"
        },
        {
          "content_hash": "98c0298034c21e975721734febf77089e348966ac6b60b724a0d62feb779524b",
          "exists": true,
          "path": "./cairn/changes/evaluate-paletted-container-optimizations/tasks.md"
        }
      ],
      "manifest_hash": "2673da5299254ca3d9c357c90442155d1aa88ac5d222444f0e7815d3b243ff15"
    },
    "kind": "archive",
    "manifest_hash": "7ff89b31f1b638f195b92fb4f0ab5cfc094766435e6dab97200aff90b2d6b4c1"
  },
  "plan_hash": "f9204735524c993ddfe1eceb3ffdcef89e98154bc23baa525b8a05112f7b2284",
  "policy": "cairn-default",
  "policy_hash": "a210ed841d260e0bf026f3c67ec810216b6409cfe6036f9132b51cc4e3176618",
  "reasons": [],
  "receipt_hash": "fee7d147b1e9923d74e32f461b1e0b39381a35339586b11a2b3f2225fe6c27f6"
}
exit_status=0
