command=nix run .#cairn -- gate design evaluate-paletted-container-optimizations --root . 
{
  "change": "evaluate-paletted-container-optimizations",
  "evidence_summary": {
    "docs_only": 0,
    "fixture": 0,
    "formal": 0,
    "mode": "advisory",
    "model": 0,
    "probe": 0,
    "property": 0
  },
  "input_hash": "b5a74f590b441f39680023dbca33d3b0396ae1af345a2ab87bcd0d4693c7e8c9",
  "issues": [],
  "layout": "cairn",
  "policy": "cairn-default",
  "policy_hash": "a210ed841d260e0bf026f3c67ec810216b6409cfe6036f9132b51cc4e3176618",
  "receipt_hash": "d5c8a933b8cfbdb4adbad29ab734ba793d6d33a4e8276743118b0c5004e0b78f",
  "stage": "design",
  "valid": true,
  "verdict": "PASS"
}
exit_status=0
