command=nix run .#cairn -- gate proposal evaluate-paletted-container-optimizations --root . 
{
  "change": "evaluate-paletted-container-optimizations",
  "evidence_summary": {
    "docs_only": 0,
    "fixture": 0,
    "formal": 0,
    "mode": "advisory",
    "model": 0,
    "probe": 0,
    "property": 0
  },
  "input_hash": "6a394be5a1ff7ee7f3c4c720e59dbdbbf2bd94e0dee260f5474134389b213bb6",
  "issues": [],
  "layout": "cairn",
  "policy": "cairn-default",
  "policy_hash": "a210ed841d260e0bf026f3c67ec810216b6409cfe6036f9132b51cc4e3176618",
  "receipt_hash": "1557881b981953a26ff83f834a851523da44d10845d16824d8e73c68b2a0d542",
  "stage": "proposal",
  "valid": true,
  "verdict": "PASS"
}
exit_status=0
