command=nix run .#cairn -- gate proposal evaluate-paletted-container-optimizations --root . 
{
  "change": "evaluate-paletted-container-optimizations",
  "evidence_summary": {
    "docs_only": 0,
    "fixture": 0,
    "formal": 0,
    "mode": "advisory",
    "model": 0,
    "probe": 0,
    "property": 0
  },
  "input_hash": "96f261dc5433d01038216de25770c0678b440fde6975ba8ee6c449a4e68f1068",
  "issues": [],
  "layout": "cairn",
  "policy": "cairn-default",
  "policy_hash": "a210ed841d260e0bf026f3c67ec810216b6409cfe6036f9132b51cc4e3176618",
  "receipt_hash": "b89f76052c653e62ff4a90cab99589fed95053d1c45b08ea811434a02212c7b6",
  "stage": "proposal",
  "valid": true,
  "verdict": "PASS"
}
exit_status=0
command=nix run .#cairn -- gate design evaluate-paletted-container-optimizations --root . 
{
  "change": "evaluate-paletted-container-optimizations",
  "evidence_summary": {
    "docs_only": 0,
    "fixture": 0,
    "formal": 0,
    "mode": "advisory",
    "model": 0,
    "probe": 0,
    "property": 0
  },
  "input_hash": "263b0ad5e0e679fae716a5a9dd14d41ef657ea87a37cb0cd5e0626721a3f0a0c",
  "issues": [],
  "layout": "cairn",
  "policy": "cairn-default",
  "policy_hash": "a210ed841d260e0bf026f3c67ec810216b6409cfe6036f9132b51cc4e3176618",
  "receipt_hash": "f753c388c5f3d81706869f72471507b495d384cb8b15a37807c801a27a9eef8b",
  "stage": "design",
  "valid": true,
  "verdict": "PASS"
}
exit_status=0
command=nix run .#cairn -- gate tasks evaluate-paletted-container-optimizations --root . 
{
  "change": "evaluate-paletted-container-optimizations",
  "evidence_summary": {
    "docs_only": 0,
    "fixture": 0,
    "formal": 0,
    "mode": "advisory",
    "model": 0,
    "probe": 0,
    "property": 0
  },
  "input_hash": "1a4731e49d4b4a2e861503efb9fa7cf87b6b48c5a45dffe3ca09288b8ebb0354",
  "issues": [],
  "layout": "cairn",
  "policy": "cairn-default",
  "policy_hash": "a210ed841d260e0bf026f3c67ec810216b6409cfe6036f9132b51cc4e3176618",
  "receipt_hash": "36b714ca208dddd91424dbf063260ed5f0c4591145d748bd2174f7958e1effb0",
  "stage": "tasks",
  "valid": true,
  "verdict": "PASS"
}
exit_status=0
