command=nix run .#cairn -- archive evaluate-paletted-container-optimizations --root . 
{
  "actions": [
    {
      "description": "move active change to archive: evaluate-paletted-container-optimizations",
      "kind": "archive_change",
      "path": "./cairn/changes/evaluate-paletted-container-optimizations"
    }
  ],
  "blocked": false,
  "change": "evaluate-paletted-container-optimizations",
  "dry_run": true,
  "input_hash": "a3bf79c5a6be06d35b52d6269c5618e4364447eb7df01117dea98344b129af17",
  "layout": "cairn",
  "mutated": false,
  "mutation_manifest": null,
  "plan_hash": "d68085005a8bd4e5a5fa92fe2f83344fb1ba3a678c918f39adcd8f0c0be5e202",
  "policy": "cairn-default",
  "policy_hash": "a210ed841d260e0bf026f3c67ec810216b6409cfe6036f9132b51cc4e3176618",
  "reasons": [],
  "receipt_hash": "12ef5f9e9765248b165c76d9cfa218e9da28987b6dba929821b638c1b03c0af9"
}
exit_status=0
