command=nix run .#cairn -- sync evaluate-paletted-container-optimizations --root . 
{
  "actions": [
    {
      "description": "merge delta spec into main specs: ./cairn/changes/evaluate-paletted-container-optimizations/specs/valence-hyperion-integration/spec.md",
      "kind": "sync_delta_spec",
      "path": "./cairn/changes/evaluate-paletted-container-optimizations/specs/valence-hyperion-integration/spec.md"
    }
  ],
  "blocked": false,
  "change": "evaluate-paletted-container-optimizations",
  "delta_specs": [
    "./cairn/changes/evaluate-paletted-container-optimizations/specs/valence-hyperion-integration/spec.md"
  ],
  "dry_run": true,
  "input_hash": "a3bf79c5a6be06d35b52d6269c5618e4364447eb7df01117dea98344b129af17",
  "layout": "cairn",
  "mutated": false,
  "mutation_manifest": null,
  "plan_hash": "f2bdeda6ed79e13a48b45d80618589917eb4a3a3b5bdf324ab9657a41ee04b1c",
  "policy": "cairn-default",
  "policy_hash": "a210ed841d260e0bf026f3c67ec810216b6409cfe6036f9132b51cc4e3176618",
  "reasons": [],
  "receipt_hash": "3b6d09d15808a3b7d19ccc910253243ff491f5907c568bfe7311022057ccdfac"
}
exit_status=0
