
## command: nix run .#cairn -- gate proposal partition-evidence-directory --root .
{
  "change": "partition-evidence-directory",
  "evidence_summary": {
    "docs_only": 0,
    "fixture": 0,
    "formal": 0,
    "mode": "advisory",
    "model": 0,
    "probe": 0,
    "property": 0
  },
  "input_hash": "daf8ddf3ab99e4d5c765471593d422c5743f6dc862ff41863ea81430abc7241c",
  "issues": [],
  "layout": "cairn",
  "policy": "cairn-default",
  "policy_hash": "a210ed841d260e0bf026f3c67ec810216b6409cfe6036f9132b51cc4e3176618",
  "receipt_hash": "a07316aa31acc27cb034e7c3a0075d50659bfd025a4701186101e1c2b8163a6e",
  "stage": "proposal",
  "valid": true,
  "verdict": "PASS"
}
exit_status=0

## command: nix run .#cairn -- gate design partition-evidence-directory --root .
{
  "change": "partition-evidence-directory",
  "evidence_summary": {
    "docs_only": 0,
    "fixture": 0,
    "formal": 0,
    "mode": "advisory",
    "model": 0,
    "probe": 0,
    "property": 0
  },
  "input_hash": "f189c361db15f99f00e92a84b8e47a257498d9ce61048ad35d49a5c504a02088",
  "issues": [],
  "layout": "cairn",
  "policy": "cairn-default",
  "policy_hash": "a210ed841d260e0bf026f3c67ec810216b6409cfe6036f9132b51cc4e3176618",
  "receipt_hash": "ca4d2c63b936534820b7987b03703de6dbb06f1fbd86a674e8cb7d65fc835cf1",
  "stage": "design",
  "valid": true,
  "verdict": "PASS"
}
exit_status=0

## command: nix run .#cairn -- gate tasks partition-evidence-directory --root .
{
  "change": "partition-evidence-directory",
  "evidence_summary": {
    "docs_only": 0,
    "fixture": 0,
    "formal": 0,
    "mode": "advisory",
    "model": 0,
    "probe": 0,
    "property": 0
  },
  "input_hash": "168e7325d3afaa02946fa90eecb9e1675f228814e888552bc360dce9dabd4d11",
  "issues": [],
  "layout": "cairn",
  "policy": "cairn-default",
  "policy_hash": "a210ed841d260e0bf026f3c67ec810216b6409cfe6036f9132b51cc4e3176618",
  "receipt_hash": "49304e36b121e9093556fa2e6d1e820ac1e0dfc0bd55c34858cd735b2203d01a",
  "stage": "tasks",
  "valid": true,
  "verdict": "PASS"
}
exit_status=0

## command: nix run .#cairn -- validate --root .
{
  "change_issues": [],
  "changes": 10,
  "issues": [],
  "layout": "cairn",
  "policy": "cairn-default",
  "spec_issues": [],
  "specs_validated": 14,
  "valid": true
}
exit_status=0
