# production post-archive evidence manifest check
date=2026-06-01
command=nix --option substitute false build --no-update-lock-file --no-link -L path:.#checks.x86_64-linux.mc-compat-evidence-manifests

[2m02:21:34[0m [32m INFO[0m [2mpueue_lib::settings[0m[2m:[0m Parsing config files
[2m02:21:34[0m [32m INFO[0m [2mpueue_lib::settings[0m[2m:[0m Checking path: "/home/brittonr/.config/pueue/pueue.yml"
[2m02:21:34[0m [32m INFO[0m [2mpueue_lib::settings[0m[2m:[0m Found config file at: "/home/brittonr/.config/pueue/pueue.yml"
┌─────────────────────────────────────┐
│ Task 419:    completed successfully │
└─────────────────────────────────────┘
Command: cd /home/brittonr/git/mc && nix --option substitute false build --no-update-lock-file --no-link -L path:.#checks.x86_64-linux.mc-compat-evidence-manifests
   Path: /home/brittonr/git/mc
  Label: production postarchive evidence manifest
  Start: Tue, 2 Jun 2026 02:20:32 -0400
    End: Tue, 2 Jun 2026 02:21:13 -0400

output:
this derivation will be built:
  /nix/store/vmmppihpgay2jz2ijfq3ndmca77b7585-mc-compat-evidence-manifests.drv
cannot build on 'ssh-ng://root@10.10.10.1': error: failed to start SSH connection to '10.10.10.1'
building '/nix/store/vmmppihpgay2jz2ijfq3ndmca77b7585-mc-compat-evidence-manifests.drv'...

exit_status=0
