{
  "changes": [
    {
      "delta_specs": [
        "./cairn/changes/clean-repo-artifact-boundaries/specs/repository-layout/spec.md"
      ],
      "has_design": true,
      "has_proposal": true,
      "has_tasks": true,
      "metadata": {
        "groups": [],
        "status": null,
        "target_date": null
      },
      "name": "clean-repo-artifact-boundaries",
      "path": "./cairn/changes/clean-repo-artifact-boundaries",
      "task_counts": {
        "done": 5,
        "in_progress": 0,
        "todo": 1,
        "total": 6,
        "unmarked": 0
      }
    },
    {
      "delta_specs": [
        "./cairn/changes/consolidate-checkers-crate/specs/repository-layout/spec.md"
      ],
      "has_design": true,
      "has_proposal": true,
      "has_tasks": true,
      "metadata": {
        "groups": [],
        "status": null,
        "target_date": null
      },
      "name": "consolidate-checkers-crate",
      "path": "./cairn/changes/consolidate-checkers-crate",
      "task_counts": {
        "done": 6,
        "in_progress": 0,
        "todo": 0,
        "total": 6,
        "unmarked": 0
      }
    },
    {
      "delta_specs": [
        "./cairn/changes/define-admin-permission-ergonomics/specs/valence-hyperion-integration/spec.md"
      ],
      "has_design": true,
      "has_proposal": true,
      "has_tasks": true,
      "metadata": {
        "groups": [],
        "status": null,
        "target_date": null
      },
      "name": "define-admin-permission-ergonomics",
      "path": "./cairn/changes/define-admin-permission-ergonomics",
      "task_counts": {
        "done": 6,
        "in_progress": 0,
        "todo": 0,
        "total": 6,
        "unmarked": 0
      }
    },
    {
      "delta_specs": [
        "./cairn/changes/evaluate-command-ergonomics-macros/specs/valence-hyperion-integration/spec.md"
      ],
      "has_design": true,
      "has_proposal": true,
      "has_tasks": true,
      "metadata": {
        "groups": [],
        "status": null,
        "target_date": null
      },
      "name": "evaluate-command-ergonomics-macros",
      "path": "./cairn/changes/evaluate-command-ergonomics-macros",
      "task_counts": {
        "done": 5,
        "in_progress": 0,
        "todo": 1,
        "total": 6,
        "unmarked": 0
      }
    },
    {
      "delta_specs": [
        "./cairn/changes/extend-manifest-derived-surfaces/specs/mc-compatibility/spec.md"
      ],
      "has_design": true,
      "has_proposal": true,
      "has_tasks": true,
      "metadata": {
        "groups": [],
        "status": null,
        "target_date": null
      },
      "name": "extend-manifest-derived-surfaces",
      "path": "./cairn/changes/extend-manifest-derived-surfaces",
      "task_counts": {
        "done": 5,
        "in_progress": 0,
        "todo": 1,
        "total": 6,
        "unmarked": 0
      }
    },
    {
      "delta_specs": [
        "./cairn/changes/introduce-scenario-command-router/specs/mc-compatibility/spec.md"
      ],
      "has_design": true,
      "has_proposal": true,
      "has_tasks": true,
      "metadata": {
        "groups": [],
        "status": null,
        "target_date": null
      },
      "name": "introduce-scenario-command-router",
      "path": "./cairn/changes/introduce-scenario-command-router",
      "task_counts": {
        "done": 0,
        "in_progress": 0,
        "todo": 6,
        "total": 6,
        "unmarked": 0
      }
    },
    {
      "delta_specs": [
        "./cairn/changes/introduce-valence-proxy-broadcast-backend/specs/valence-hyperion-integration/spec.md"
      ],
      "has_design": true,
      "has_proposal": true,
      "has_tasks": true,
      "metadata": {
        "groups": [],
        "status": null,
        "target_date": null
      },
      "name": "introduce-valence-proxy-broadcast-backend",
      "path": "./cairn/changes/introduce-valence-proxy-broadcast-backend",
      "task_counts": {
        "done": 6,
        "in_progress": 0,
        "todo": 0,
        "total": 6,
        "unmarked": 0
      }
    },
    {
      "delta_specs": [
        "./cairn/changes/optimize-packet-encoder-buffer-reuse/specs/valence-hyperion-integration/spec.md"
      ],
      "has_design": true,
      "has_proposal": true,
      "has_tasks": true,
      "metadata": {
        "groups": [],
        "status": null,
        "target_date": null
      },
      "name": "optimize-packet-encoder-buffer-reuse",
      "path": "./cairn/changes/optimize-packet-encoder-buffer-reuse",
      "task_counts": {
        "done": 0,
        "in_progress": 0,
        "todo": 6,
        "total": 6,
        "unmarked": 0
      }
    },
    {
      "delta_specs": [
        "./cairn/changes/partition-evidence-directory/specs/repository-layout/spec.md"
      ],
      "has_design": true,
      "has_proposal": true,
      "has_tasks": true,
      "metadata": {
        "groups": [],
        "status": null,
        "target_date": null
      },
      "name": "partition-evidence-directory",
      "path": "./cairn/changes/partition-evidence-directory",
      "task_counts": {
        "done": 0,
        "in_progress": 0,
        "todo": 6,
        "total": 6,
        "unmarked": 0
      }
    },
    {
      "delta_specs": [
        "./cairn/changes/retire-layout-transition-paths/specs/repository-layout/spec.md"
      ],
      "has_design": true,
      "has_proposal": true,
      "has_tasks": true,
      "metadata": {
        "groups": [],
        "status": null,
        "target_date": null
      },
      "name": "retire-layout-transition-paths",
      "path": "./cairn/changes/retire-layout-transition-paths",
      "task_counts": {
        "done": 0,
        "in_progress": 0,
        "todo": 6,
        "total": 6,
        "unmarked": 0
      }
    },
    {
      "delta_specs": [
        "./cairn/changes/separate-compat-instrumentation/specs/mc-compatibility/spec.md"
      ],
      "has_design": true,
      "has_proposal": true,
      "has_tasks": true,
      "metadata": {
        "groups": [],
        "status": null,
        "target_date": null
      },
      "name": "separate-compat-instrumentation",
      "path": "./cairn/changes/separate-compat-instrumentation",
      "task_counts": {
        "done": 0,
        "in_progress": 0,
        "todo": 6,
        "total": 6,
        "unmarked": 0
      }
    },
    {
      "delta_specs": [
        "./cairn/changes/split-root-flake-modules/specs/repository-layout/spec.md"
      ],
      "has_design": true,
      "has_proposal": true,
      "has_tasks": true,
      "metadata": {
        "groups": [],
        "status": null,
        "target_date": null
      },
      "name": "split-root-flake-modules",
      "path": "./cairn/changes/split-root-flake-modules",
      "task_counts": {
        "done": 0,
        "in_progress": 0,
        "todo": 6,
        "total": 6,
        "unmarked": 0
      }
    },
    {
      "delta_specs": [
        "./cairn/changes/split-root-readme-docs/specs/repository-layout/spec.md"
      ],
      "has_design": true,
      "has_proposal": true,
      "has_tasks": true,
      "metadata": {
        "groups": [],
        "status": null,
        "target_date": null
      },
      "name": "split-root-readme-docs",
      "path": "./cairn/changes/split-root-readme-docs",
      "task_counts": {
        "done": 0,
        "in_progress": 0,
        "todo": 6,
        "total": 6,
        "unmarked": 0
      }
    },
    {
      "delta_specs": [
        "./cairn/changes/unify-spatial-raycast-collision/specs/valence-hyperion-integration/spec.md"
      ],
      "has_design": true,
      "has_proposal": true,
      "has_tasks": true,
      "metadata": {
        "groups": [],
        "status": null,
        "target_date": null
      },
      "name": "unify-spatial-raycast-collision",
      "path": "./cairn/changes/unify-spatial-raycast-collision",
      "task_counts": {
        "done": 0,
        "in_progress": 0,
        "todo": 6,
        "total": 6,
        "unmarked": 0
      }
    },
    {
      "delta_specs": [
        "./cairn/changes/upstream-byte-backed-protocol-path/specs/valence-hyperion-integration/spec.md"
      ],
      "has_design": true,
      "has_proposal": true,
      "has_tasks": true,
      "metadata": {
        "groups": [],
        "status": null,
        "target_date": null
      },
      "name": "upstream-byte-backed-protocol-path",
      "path": "./cairn/changes/upstream-byte-backed-protocol-path",
      "task_counts": {
        "done": 0,
        "in_progress": 0,
        "todo": 6,
        "total": 6,
        "unmarked": 0
      }
    }
  ],
  "layout": "cairn",
  "root": "."
}
exit_status=0
