{
  "change": "add-profile-skin-cache-rate-limiter",
  "evidence_summary": {
    "docs_only": 0,
    "fixture": 0,
    "formal": 0,
    "mode": "advisory",
    "model": 0,
    "probe": 0,
    "property": 0
  },
  "input_hash": "58821284521512dbc923fe615236065827eec80f3fb4bd34b4a5986427cd13fc",
  "issues": [],
  "layout": "cairn",
  "policy": "cairn-default",
  "policy_hash": "a210ed841d260e0bf026f3c67ec810216b6409cfe6036f9132b51cc4e3176618",
  "receipt_hash": "935152fae465ba0230c78157c24c254b3bea86a314b448bf4636a92a7bc51825",
  "stage": "design",
  "valid": true,
  "verdict": "PASS"
}
exit_status=0
