{
  "change": "add-profile-skin-cache-rate-limiter",
  "evidence_summary": {
    "docs_only": 0,
    "fixture": 0,
    "formal": 0,
    "mode": "advisory",
    "model": 0,
    "probe": 0,
    "property": 0
  },
  "input_hash": "f05c54e68fcfa6eb5c04920d875ff92f8fefc003e4718471b9d7e9b136299e05",
  "issues": [],
  "layout": "cairn",
  "policy": "cairn-default",
  "policy_hash": "a210ed841d260e0bf026f3c67ec810216b6409cfe6036f9132b51cc4e3176618",
  "receipt_hash": "5598ab080abf8bb52135c087cd3801b0a265b8a56f37e960d02b7c99a4ebb736",
  "stage": "tasks",
  "valid": true,
  "verdict": "PASS"
}
exit_status=0
