{
  "change": "add-profile-skin-cache-rate-limiter",
  "evidence_summary": {
    "docs_only": 0,
    "fixture": 0,
    "formal": 0,
    "mode": "advisory",
    "model": 0,
    "probe": 0,
    "property": 0
  },
  "input_hash": "7c559f9137a58841774eddfbecedffab9f73260c171dc2fbb47f1e602c483af8",
  "issues": [],
  "layout": "cairn",
  "policy": "cairn-default",
  "policy_hash": "a210ed841d260e0bf026f3c67ec810216b6409cfe6036f9132b51cc4e3176618",
  "receipt_hash": "4590c7b142646be87e4aae4c9cb0b3393cf1a2c08365bf3b60701c622fa3e2f3",
  "stage": "proposal",
  "valid": true,
  "verdict": "PASS"
}
exit_status=0
