{
  "change": "add-profile-skin-cache-rate-limiter",
  "evidence_summary": {
    "docs_only": 0,
    "fixture": 0,
    "formal": 0,
    "mode": "advisory",
    "model": 0,
    "probe": 0,
    "property": 0
  },
  "input_hash": "10ceb7053c7182203300d8d1dcecd12a2e1d36ec9af917f5fd776f6330a3d470",
  "issues": [],
  "layout": "cairn",
  "policy": "cairn-default",
  "policy_hash": "a210ed841d260e0bf026f3c67ec810216b6409cfe6036f9132b51cc4e3176618",
  "receipt_hash": "b02aa96bf84a7ff529d2db5c40ba2552759627ff2f9f5815cb25b4b58840a759",
  "stage": "design",
  "valid": true,
  "verdict": "PASS"
}
exit_status=0
