{
  "change": "add-profile-skin-cache-rate-limiter",
  "evidence_summary": {
    "docs_only": 0,
    "fixture": 0,
    "formal": 0,
    "mode": "advisory",
    "model": 0,
    "probe": 0,
    "property": 0
  },
  "input_hash": "3e87d97b9918418aa92db66803848a0d90dcc49c2aec0f8ed058a45e8273a976",
  "issues": [],
  "layout": "cairn",
  "policy": "cairn-default",
  "policy_hash": "a210ed841d260e0bf026f3c67ec810216b6409cfe6036f9132b51cc4e3176618",
  "receipt_hash": "092c7121397f2ad39d7101dc75ff5191891abdede57224577a00d2f9455289c0",
  "stage": "tasks",
  "valid": true,
  "verdict": "PASS"
}
exit_status=0
