mc compat shell: use 'mc-compat-runner --dry-run' or 'nix run .#mc-compat-smoke -- --run'
Stevenarella dev env: cargo/rustc/xvfb-run/OpenSSL/fontconfig/freetype/libxcb paths are available
OnixResearch tools are pinned over SSH: cairn, cargo-octet
Steel is available for repo scripts, e.g. steel scripts/ralph-drain-cairns.scm --self-test
cairn/specs/valence-hyperion-integration/spec.md: OK
docs/evidence/add-hyperion-derived-load-tools.inventory.md: OK
docs/evidence/add-hyperion-derived-load-tools-baseline-gates.run.log: OK
docs/evidence/add-hyperion-derived-load-tools.fmt.run.log: OK
docs/evidence/add-hyperion-derived-load-tools.tool-tests-final.run.log: OK
docs/evidence/add-hyperion-derived-load-tools.load-dry-runs.run.log: OK
docs/evidence/add-hyperion-derived-load-tools.cairn-gates-final.run.log: OK
docs/evidence/add-hyperion-derived-load-tools.task-evidence-final.run.log: OK
docs/evidence/add-hyperion-derived-load-tools.post-archive-task-evidence.run.log: OK
docs/evidence/add-hyperion-derived-load-tools.sync-dry-run.run.log: OK
docs/evidence/add-hyperion-derived-load-tools.sync-execute.run.log: OK
docs/evidence/add-hyperion-derived-load-tools.post-sync-validate.run.log: OK
docs/evidence/add-hyperion-derived-load-tools.archive-dry-run.run.log: OK
docs/evidence/add-hyperion-derived-load-tools.archive-execute.run.log: OK
docs/evidence/add-hyperion-derived-load-tools.post-archive-validation.run.log: OK
docs/evidence/add-hyperion-derived-load-tools.stresser-dry-run.report.json: OK
docs/evidence/add-hyperion-derived-load-tools.stresser-loopback-failure.report.json: OK
docs/evidence/add-anticheat-statistics-plugin.scope.md: OK
docs/evidence/add-anticheat-statistics-plugin.valence-server-baseline.pre.run.log: OK
docs/evidence/add-anticheat-statistics-plugin.valence-server-anticheat.run.log: OK
docs/evidence/add-anticheat-statistics-plugin.valence-server-lib.run.log: OK
docs/evidence/add-anticheat-statistics-plugin.valence-fmt-check.run.log: OK
docs/evidence/add-anticheat-statistics-plugin.valence-server-clippy.run.log: OK
docs/evidence/add-anticheat-statistics-plugin.cairn-gates-final.run.log: OK
docs/evidence/add-anticheat-statistics-plugin.cairn-validation-final.run.log: OK
docs/evidence/add-anticheat-statistics-plugin.sync-dry-run.run.log: OK
docs/evidence/add-anticheat-statistics-plugin.sync-execute.run.log: OK
docs/evidence/add-anticheat-statistics-plugin.archive-dry-run.run.log: OK
docs/evidence/add-anticheat-statistics-plugin.archive-execute.run.log: OK
docs/evidence/add-anticheat-statistics-plugin.post-archive-validation.run.log: OK
docs/evidence/add-anticheat-statistics-plugin.post-archive-change-list.run.log: OK
docs/evidence/add-anticheat-statistics-plugin.change-list.pre.run.log: OK
docs/evidence/add-anticheat-statistics-plugin.validate.pre.run.log: OK
docs/evidence/add-anticheat-statistics-plugin.gate-proposal.pre.run.log: OK
docs/evidence/add-anticheat-statistics-plugin.gate-design.pre.run.log: OK
docs/evidence/add-anticheat-statistics-plugin.gate-tasks.pre.run.log: OK
cairn/specs/valence-hyperion-integration/spec.md: OK
cairn/archive/2026-06-23-add-anticheat-statistics-plugin/tasks.md: OK
docs/evidence/hyperion-integration-boundaries-2026-06-22.run.log: OK
docs/hyperion-integration-boundaries.md: OK
tools/check_hyperion_boundaries.rs: OK
AGENTS.md: OK
cairn/specs/valence-hyperion-integration/spec.md: OK
cairn/archive/2026-06-22-guard-hyperion-integration-boundaries/tasks.md: OK
.gitignore: OK
servers/valence/crates/valence_network/README.md: OK
servers/valence/crates/valence_network/src/lib.rs: OK
servers/valence/crates/valence_network/src/profile_cache.rs: OK
cairn/specs/valence-hyperion-integration/spec.md: OK
cairn/archive/2026-06-23-add-profile-skin-cache-rate-limiter/proposal.md: OK
cairn/archive/2026-06-23-add-profile-skin-cache-rate-limiter/design.md: OK
cairn/archive/2026-06-23-add-profile-skin-cache-rate-limiter/tasks.md: OK
cairn/archive/2026-06-23-add-profile-skin-cache-rate-limiter/specs/valence-hyperion-integration/spec.md: OK
docs/evidence/profile-cache-rate-limiter-scope.md: OK
docs/evidence/profile-cache-rate-limiter-baseline-gate-proposal.run.log: OK
docs/evidence/profile-cache-rate-limiter-baseline-gate-design.run.log: OK
docs/evidence/profile-cache-rate-limiter-baseline-gate-tasks.run.log: OK
docs/evidence/profile-cache-rate-limiter-baseline-cairn-validate.run.log: OK
docs/evidence/profile-cache-rate-limiter-baseline-valence-network-auth-digest.run.log: OK
docs/evidence/profile-cache-rate-limiter-profile-cache-tests.run.log: OK
docs/evidence/profile-cache-rate-limiter-valence-network-tests.run.log: OK
docs/evidence/profile-cache-rate-limiter-valence-network-fmt-rerun.run.log: OK
docs/evidence/profile-cache-rate-limiter-valence-network-clippy-nodeps.run.log: OK
docs/evidence/profile-cache-rate-limiter-valence-network-clippy-lib-nodeps.run.log: OK
docs/evidence/profile-cache-rate-limiter-valence-dry-run.run.log: OK
docs/evidence/profile-cache-rate-limiter-pre-closeout-change-list.run.log: OK
docs/evidence/profile-cache-rate-limiter-pre-closeout-gate-proposal.run.log: OK
docs/evidence/profile-cache-rate-limiter-pre-closeout-gate-design.run.log: OK
docs/evidence/profile-cache-rate-limiter-pre-closeout-gate-tasks.run.log: OK
docs/evidence/profile-cache-rate-limiter-pre-closeout-validate.run.log: OK
docs/evidence/profile-cache-rate-limiter-final-profile-cache-tests.run.log: OK
docs/evidence/profile-cache-rate-limiter-final-valence-network-tests.run.log: OK
docs/evidence/profile-cache-rate-limiter-final-valence-network-clippy-nodeps.run.log: OK
docs/evidence/profile-cache-rate-limiter-final-valence-dry-run.run.log: OK
docs/evidence/profile-cache-rate-limiter-final-gate-proposal.run.log: OK
docs/evidence/profile-cache-rate-limiter-final-gate-design.run.log: OK
docs/evidence/profile-cache-rate-limiter-final-gate-tasks.run.log: OK
docs/evidence/profile-cache-rate-limiter-final-cairn-validate.run.log: OK
docs/evidence/profile-cache-rate-limiter-final-b3-check.run.log: OK
docs/evidence/profile-cache-rate-limiter-final-task-evidence.run.log: OK
docs/evidence/profile-cache-rate-limiter-sync-dry-run.run.log: OK
docs/evidence/profile-cache-rate-limiter-sync-execute.run.log: OK
docs/evidence/profile-cache-rate-limiter-post-sync-manual-validate.run.log: OK
docs/evidence/profile-cache-rate-limiter-archive-dry-run.run.log: OK
docs/evidence/profile-cache-rate-limiter-archive-execute.run.log: OK
docs/evidence/profile-cache-rate-limiter-post-archive-cairn-validate.run.log: OK
docs/evidence/profile-cache-rate-limiter-post-archive-change-list.run.log: OK
docs/evidence/add-gui-helper-plugin/archive_dry_run.run.log: OK
docs/evidence/add-gui-helper-plugin/archive_execute.run.log: OK
docs/evidence/add-gui-helper-plugin/checked_gate_tasks.run.log: OK
docs/evidence/add-gui-helper-plugin/checked_validate.run.log: OK
docs/evidence/add-gui-helper-plugin/evidence_manifest_check.run.log: OK
docs/evidence/add-gui-helper-plugin/final_active_gate_tasks.run.log: OK
docs/evidence/add-gui-helper-plugin/final_change_list.run.log: OK
docs/evidence/add-gui-helper-plugin/final_post_archive_validate.run.log: OK
docs/evidence/add-gui-helper-plugin/final_scoped_manifest_check.run.log: OK
docs/evidence/add-gui-helper-plugin/final_task_evidence_check.run.log: OK
docs/evidence/add-gui-helper-plugin/gui_focused_tests.run.log: OK
docs/evidence/add-gui-helper-plugin/mc_compat_inventory_drag_transactions_dry_run.run.log: OK
docs/evidence/add-gui-helper-plugin/mc_compat_inventory_interaction_dry_run.run.log: OK
docs/evidence/add-gui-helper-plugin/mc_compat_inventory_stack_split_merge_dry_run.run.log: OK
docs/evidence/add-gui-helper-plugin/post_archive_change_list.run.log: OK
docs/evidence/add-gui-helper-plugin/post_archive_validate.run.log: OK
docs/evidence/add-gui-helper-plugin/post_impl_gate_design.run.log: OK
docs/evidence/add-gui-helper-plugin/post_impl_gate_proposal.run.log: OK
docs/evidence/add-gui-helper-plugin/post_impl_gate_tasks.run.log: OK
docs/evidence/add-gui-helper-plugin/post_impl_validate.run.log: OK
docs/evidence/add-gui-helper-plugin/post_sync_validate.run.log: OK
docs/evidence/add-gui-helper-plugin/pre_gate_design.run.log: OK
docs/evidence/add-gui-helper-plugin/pre_gate_proposal.run.log: OK
docs/evidence/add-gui-helper-plugin/pre_gate_tasks.run.log: OK
docs/evidence/add-gui-helper-plugin/pre_valence_inventory_tests.run.log: OK
docs/evidence/add-gui-helper-plugin/pre_validate.run.log: OK
docs/evidence/add-gui-helper-plugin/scoped_manifest_check.run.log: OK
docs/evidence/add-gui-helper-plugin/scope.md: OK
docs/evidence/add-gui-helper-plugin/source.patch: OK
docs/evidence/add-gui-helper-plugin/sync_dry_run.run.log: OK
docs/evidence/add-gui-helper-plugin/sync_execute.run.log: OK
docs/evidence/add-gui-helper-plugin/task_evidence_check.run.log: OK
docs/evidence/add-gui-helper-plugin/valence_chest_example_check.run.log: OK
docs/evidence/add-gui-helper-plugin/valence_inventory_clippy_advisory.run.log: OK
docs/evidence/add-gui-helper-plugin/valence_inventory_doc.run.log: OK
docs/evidence/add-gui-helper-plugin/valence_inventory_fmt_apply.run.log: OK
docs/evidence/add-gui-helper-plugin/valence_inventory_fmt_check.run.log: OK
docs/evidence/add-gui-helper-plugin/valence_inventory_tests.run.log: OK
docs/evidence/add-gui-helper-plugin/valence_playground_check.run.log: OK
docs/evidence/add-gui-helper-plugin/valence_wrapper_dry_run.run.log: OK
cairn/specs/valence-hyperion-integration/spec.md: OK
cairn/archive/2026-06-23-add-gui-helper-plugin/tasks.md: OK
cairn/archive/2026-06-23-add-valence-packet-compose-api/proposal.md: OK
cairn/archive/2026-06-23-add-valence-packet-compose-api/design.md: OK
cairn/archive/2026-06-23-add-valence-packet-compose-api/tasks.md: OK
cairn/archive/2026-06-23-add-valence-packet-compose-api/specs/valence-hyperion-integration/spec.md: OK
cairn/specs/valence-hyperion-integration/spec.md: OK
servers/valence/crates/valence_server/src/lib.rs: OK
servers/valence/crates/valence_server/src/packet_compose.rs: OK
servers/valence/crates/valence_server/README.md: OK
servers/valence/src/lib.rs: OK
servers/valence/examples/packet_compose.rs: OK
docs/evidence/valence-packet-compose-api-baseline-cairn-gate-proposal.run.log: OK
docs/evidence/valence-packet-compose-api-baseline-cairn-gate-design.run.log: OK
docs/evidence/valence-packet-compose-api-baseline-cairn-gate-tasks.run.log: OK
docs/evidence/valence-packet-compose-api-baseline-cairn-validate.run.log: OK
docs/evidence/valence-packet-compose-api-baseline-valence-server-smoke.run.log: OK
docs/evidence/valence-packet-compose-api-hyperion-boundary.md: OK
docs/evidence/valence-packet-compose-api-rustfmt-stable-check.run.log: OK
docs/evidence/valence-packet-compose-api-valence-server-tests.run.log: OK
docs/evidence/valence-packet-compose-api-valence-server-doc-tests.run.log: OK
docs/evidence/valence-packet-compose-api-example-smoke.run.log: OK
docs/evidence/valence-packet-compose-api-valence-dry-run.run.log: OK
docs/evidence/valence-packet-compose-api-mc-compat-smoke-dry-run.run.log: OK
docs/evidence/valence-packet-compose-api-cairn-gates-final.run.log: OK
docs/evidence/valence-packet-compose-api-cairn-validate-final.run.log: OK
docs/evidence/valence-packet-compose-api-task-evidence.run.log: OK
docs/evidence/valence-packet-compose-api-cairn-sync-dry-run.run.log: OK
docs/evidence/valence-packet-compose-api-cairn-sync-execute.run.log: OK
docs/evidence/valence-packet-compose-api-post-sync-validate.run.log: OK
docs/evidence/valence-packet-compose-api-cairn-archive-dry-run.run.log: OK
docs/evidence/valence-packet-compose-api-cairn-archive-execute.run.log: OK
docs/evidence/valence-packet-compose-api-post-archive-validate.run.log: OK
docs/evidence/valence-packet-compose-api-post-archive-change-list.run.log: OK
cairn/archive/2026-06-23-audit-entity-metadata-diff-tracking/tasks.md: OK
cairn/specs/valence-hyperion-integration/spec.md: OK
docs/evidence/audit-entity-metadata-diff-tracking-archive-dry-run.run.log: OK
docs/evidence/audit-entity-metadata-diff-tracking-archive-execute.run.log: OK
docs/evidence/audit-entity-metadata-diff-tracking-archive-task-evidence-after-refresh.run.log: OK
docs/evidence/audit-entity-metadata-diff-tracking-archive-task-evidence.run.log: OK
docs/evidence/audit-entity-metadata-diff-tracking-baseline-after-uuid-repair.run.log: OK
docs/evidence/audit-entity-metadata-diff-tracking-baseline-valence-entity-tracked-data.run.log: OK
docs/evidence/audit-entity-metadata-diff-tracking-change-list.run.log: OK
docs/evidence/audit-entity-metadata-diff-tracking-evidence-manifest-check-rerun.run.log: OK
docs/evidence/audit-entity-metadata-diff-tracking-evidence-manifest-check.run.log: OK
docs/evidence/audit-entity-metadata-diff-tracking-evidence-manifest-refresh.run.log: OK
docs/evidence/audit-entity-metadata-diff-tracking-final-change-list-after-refresh.run.log: OK
docs/evidence/audit-entity-metadata-diff-tracking-final-change-list.run.log: OK
docs/evidence/audit-entity-metadata-diff-tracking-final-validate-after-refresh.run.log: OK
docs/evidence/audit-entity-metadata-diff-tracking-final-validate.run.log: OK
docs/evidence/audit-entity-metadata-diff-tracking-focused-tracked-data-after-core.run.log: OK
docs/evidence/audit-entity-metadata-diff-tracking-notes.md: OK
docs/evidence/audit-entity-metadata-diff-tracking-post-gate-design.run.log: OK
docs/evidence/audit-entity-metadata-diff-tracking-post-gate-proposal.run.log: OK
docs/evidence/audit-entity-metadata-diff-tracking-post-gate-tasks.run.log: OK
docs/evidence/audit-entity-metadata-diff-tracking-post-sync-manual-validate.run.log: OK
docs/evidence/audit-entity-metadata-diff-tracking-post-validate.run.log: OK
docs/evidence/audit-entity-metadata-diff-tracking-pre-gate-design.run.log: OK
docs/evidence/audit-entity-metadata-diff-tracking-pre-gate-proposal.run.log: OK
docs/evidence/audit-entity-metadata-diff-tracking-pre-gate-tasks.run.log: OK
docs/evidence/audit-entity-metadata-diff-tracking-pre-validate.run.log: OK
docs/evidence/audit-entity-metadata-diff-tracking-sync-dry-run.run.log: OK
docs/evidence/audit-entity-metadata-diff-tracking-sync-execute.run.log: OK
docs/evidence/audit-entity-metadata-diff-tracking-task-evidence.run.log: OK
docs/evidence/audit-entity-metadata-diff-tracking-valence-entity-clippy.run.log: OK
docs/evidence/audit-entity-metadata-diff-tracking-valence-entity-lib-tests-after-fmt.run.log: OK
docs/evidence/audit-entity-metadata-diff-tracking-valence-entity-lib-tests.run.log: OK
docs/evidence/audit-entity-metadata-diff-tracking-valence-entity-package-tests.run.log: OK
docs/evidence/audit-entity-metadata-diff-tracking-valence-fmt-rerun.run.log: OK
docs/evidence/audit-entity-metadata-diff-tracking-valence-fmt.run.log: OK
docs/evidence/audit-entity-metadata-diff-tracking-valence-smoke-dry-run.run.log: OK
docs/evidence/add-cached-chunk-egress-pipeline.hyperion-inventory.md: OK
docs/evidence/add-cached-chunk-egress-pipeline-pre-gates-2026-06-23.run.log: OK
docs/evidence/add-cached-chunk-egress-pipeline-valence-chunk-baseline-2026-06-23.run.log: OK
docs/evidence/add-cached-chunk-egress-pipeline.valence-chunk-tests-2026-06-23.run.log: OK
docs/evidence/add-cached-chunk-egress-pipeline.valence-layer-regressions-2026-06-23.run.log: OK
docs/evidence/add-cached-chunk-egress-pipeline.valence-format-check-2026-06-23.run.log: OK
docs/evidence/add-cached-chunk-egress-pipeline.mc-compat-multichunk-dry-run-2026-06-23.run.log: OK
docs/evidence/add-cached-chunk-egress-pipeline.mc-compat-multichunk-dry-run-2026-06-23.receipt.json: OK
docs/evidence/add-cached-chunk-egress-pipeline.task-evidence-final-2026-06-23.run.log: OK
docs/evidence/add-cached-chunk-egress-pipeline.archived-task-evidence-2026-06-23.run.log: OK
docs/evidence/add-cached-chunk-egress-pipeline.cairn-gates-final-2026-06-23.run.log: OK
docs/evidence/add-cached-chunk-egress-pipeline.sync-dry-run-2026-06-23.run.log: OK
docs/evidence/add-cached-chunk-egress-pipeline.sync-execute-2026-06-23.run.log: OK
docs/evidence/add-cached-chunk-egress-pipeline.post-sync-validate-2026-06-23.run.log: OK
docs/evidence/add-cached-chunk-egress-pipeline.archive-dry-run-2026-06-23.run.log: OK
docs/evidence/add-cached-chunk-egress-pipeline.archive-execute-2026-06-23.run.log: OK
docs/evidence/add-cached-chunk-egress-pipeline.post-archive-validate-2026-06-23.run.log: OK
docs/evidence/add-cached-chunk-egress-pipeline.evidence-manifest-scoped-check-2026-06-23.run.log: OK
docs/evidence/add-cached-chunk-egress-pipeline.evidence-manifest-scoped-check-final-2026-06-23.run.log: OK
docs/evidence/add-cached-chunk-egress-pipeline.final-cairn-validate-2026-06-23.run.log: OK
cairn/specs/valence-hyperion-integration/spec.md: OK
cairn/archive/2026-06-23-add-cached-chunk-egress-pipeline/tasks.md: OK
cairn/archive/2026-06-23-add-observability-profiling-hooks/proposal.md: OK
cairn/archive/2026-06-23-add-observability-profiling-hooks/design.md: OK
cairn/archive/2026-06-23-add-observability-profiling-hooks/tasks.md: OK
cairn/archive/2026-06-23-add-observability-profiling-hooks/specs/valence-hyperion-integration/spec.md: OK
cairn/specs/valence-hyperion-integration/spec.md: OK
servers/valence/crates/valence_server/src/lib.rs: OK
servers/valence/crates/valence_server/src/observability.rs: OK
docs/evidence/add-observability-profiling-hooks-scope-contract-2026-06-23.md: OK
docs/evidence/add-observability-profiling-hooks-baseline-valence-server-anticheat-tests.run.log: OK
docs/evidence/add-observability-profiling-hooks-valence-server-observability-tests.run.log: OK
docs/evidence/add-observability-profiling-hooks-default-plugin-regression.run.log: OK
docs/evidence/add-observability-profiling-hooks-rustfmt-check.run.log: OK
docs/evidence/add-observability-profiling-hooks-pre-change-list.run.log: OK
docs/evidence/add-observability-profiling-hooks-pre-validate.run.log: OK
docs/evidence/add-observability-profiling-hooks-pre-gate-proposal.run.log: OK
docs/evidence/add-observability-profiling-hooks-pre-gate-design.run.log: OK
docs/evidence/add-observability-profiling-hooks-pre-gate-tasks.run.log: OK
docs/evidence/add-observability-profiling-hooks-cairn-gates-final.run.log: OK
docs/evidence/add-observability-profiling-hooks-task-evidence.run.log: OK
docs/evidence/add-observability-profiling-hooks-cairn-sync-dry-run.run.log: OK
docs/evidence/add-observability-profiling-hooks-cairn-sync-execute.run.log: OK
docs/evidence/add-observability-profiling-hooks-accepted-spec-merge.run.log: OK
docs/evidence/add-observability-profiling-hooks-cairn-archive-dry-run.run.log: OK
docs/evidence/add-observability-profiling-hooks-cairn-archive-execute.run.log: OK
docs/evidence/add-observability-profiling-hooks-post-archive-validate.run.log: OK
servers/valence/crates/valence_server/src/lib.rs: OK
servers/valence/crates/valence_server/src/tick_scheduler.rs: OK
servers/valence/crates/valence_server/README.md: OK
cairn/specs/valence-hyperion-integration/spec.md: OK
cairn/archive/2026-06-23-add-valence-tick-scheduler/tasks.md: OK
cairn/archive/2026-06-23-add-valence-tick-scheduler/specs/valence-hyperion-integration/spec.md: OK
docs/evidence/add-valence-tick-scheduler-scope.md: OK
docs/evidence/add-valence-tick-scheduler-baseline-server-tick.run.log: OK
docs/evidence/add-valence-tick-scheduler-valence-server-tests.run.log: OK
docs/evidence/add-valence-tick-scheduler-rustfmt.run.log: OK
docs/evidence/add-valence-tick-scheduler-post-server-tick.run.log: OK
docs/evidence/add-valence-tick-scheduler-gate-proposal.run.log: OK
docs/evidence/add-valence-tick-scheduler-gate-design.run.log: OK
docs/evidence/add-valence-tick-scheduler-gate-tasks.run.log: OK
docs/evidence/add-valence-tick-scheduler-validate.run.log: OK
docs/evidence/add-valence-tick-scheduler-task-evidence-focused.run.log: OK
docs/evidence/add-valence-tick-scheduler-sync-dry-run.run.log: OK
docs/evidence/add-valence-tick-scheduler-sync-execute.run.log: OK
docs/evidence/add-valence-tick-scheduler-accepted-spec-verify.run.log: OK
docs/evidence/add-valence-tick-scheduler-archive-dry-run.run.log: OK
docs/evidence/add-valence-tick-scheduler-archive-execute.run.log: OK
docs/evidence/add-valence-tick-scheduler-post-archive-validate.run.log: OK
docs/evidence/add-valence-tick-scheduler-post-archive-change-list.run.log: OK
cairn/specs/valence-hyperion-integration/spec.md: OK
cairn/archive/2026-06-23-evaluate-paletted-container-optimizations/proposal.md: OK
cairn/archive/2026-06-23-evaluate-paletted-container-optimizations/design.md: OK
cairn/archive/2026-06-23-evaluate-paletted-container-optimizations/tasks.md: OK
cairn/archive/2026-06-23-evaluate-paletted-container-optimizations/specs/valence-hyperion-integration/spec.md: OK
servers/valence/benches/main.rs: OK
servers/valence/benches/chunk_paletted_container.rs: OK
servers/valence/crates/valence_server/src/layer/chunk/paletted_container.rs: OK
servers/valence/crates/valence_server/src/layer/chunk/loaded.rs: OK
docs/evidence/paletted-container-optimization-inventory.md: OK
docs/evidence/paletted-container-pre-gate-proposal.run.log: OK
docs/evidence/paletted-container-pre-gate-design.run.log: OK
docs/evidence/paletted-container-pre-gate-tasks.run.log: OK
docs/evidence/paletted-container-pre-validate.run.log: OK
docs/evidence/paletted-container-existing-baseline-test.run.log: OK
docs/evidence/paletted-container-baseline-fixture-tests.run.log: OK
docs/evidence/paletted-container-baseline-bench.run.log: OK
docs/evidence/paletted-container-valence-fmt.run.log: OK
docs/evidence/paletted-container-final-chunk-tests.run.log: OK
docs/evidence/paletted-container-final-bench.run.log: OK
docs/evidence/paletted-container-final-cairn-gates.run.log: OK
docs/evidence/paletted-container-final-cairn-validate.run.log: OK
docs/evidence/paletted-container-sync-dry-run.run.log: OK
docs/evidence/paletted-container-sync-execute.run.log: OK
docs/evidence/paletted-container-post-sync-validate.run.log: OK
docs/evidence/paletted-container-post-sync-manual-validate.run.log: OK
docs/evidence/paletted-container-task-evidence-focused.run.log: OK
docs/evidence/paletted-container-archive-dry-run.run.log: OK
docs/evidence/paletted-container-archive-execute.run.log: OK
docs/evidence/paletted-container-post-archive-validate.run.log: OK
docs/evidence/paletted-container-post-archive-change-list.run.log: OK
exit_status=0
