{
  "actions": [
    {
      "description": "merge delta spec into main specs: ./cairn/changes/add-profile-skin-cache-rate-limiter/specs/valence-hyperion-integration/spec.md",
      "kind": "sync_delta_spec",
      "path": "./cairn/changes/add-profile-skin-cache-rate-limiter/specs/valence-hyperion-integration/spec.md"
    }
  ],
  "blocked": false,
  "change": "add-profile-skin-cache-rate-limiter",
  "delta_specs": [
    "./cairn/changes/add-profile-skin-cache-rate-limiter/specs/valence-hyperion-integration/spec.md"
  ],
  "dry_run": false,
  "input_hash": "2874cf2c4be0f438e8d699ae1d8a82ce5327d0937674410d47335a11ad80a368",
  "layout": "cairn",
  "mutated": true,
  "mutation_manifest": {
    "after": {
      "entries": [
        {
          "content_hash": "2ec58838be3c657b148d14e097440def25d5361ef90cca4cf061af264899668d",
          "exists": true,
          "path": "./cairn/specs/valence-hyperion-integration/spec.md"
        }
      ],
      "manifest_hash": "55cf86cf4b336e25992d64b7769c615cacabd72b3d72a23c6db9ee93e6dcc8ad"
    },
    "before": {
      "entries": [
        {
          "content_hash": "2ec58838be3c657b148d14e097440def25d5361ef90cca4cf061af264899668d",
          "exists": true,
          "path": "./cairn/specs/valence-hyperion-integration/spec.md"
        }
      ],
      "manifest_hash": "55cf86cf4b336e25992d64b7769c615cacabd72b3d72a23c6db9ee93e6dcc8ad"
    },
    "kind": "sync",
    "manifest_hash": "310780d9bf0c561d1593efcfbe164f8d4a77a98eae3c493b5a155eda20c899de"
  },
  "plan_hash": "ab0b8220160e2f5e39e53a2e6504c97791dcde577d6b4b11692d6773a8f38fdd",
  "policy": "cairn-default",
  "policy_hash": "a210ed841d260e0bf026f3c67ec810216b6409cfe6036f9132b51cc4e3176618",
  "reasons": [],
  "receipt_hash": "84a70fc0b19014dba883cc65a3456fb60fc7d7a78674dff716ac36101f31f55a"
}
exit_status=0
