{
  "change": "add-profile-skin-cache-rate-limiter",
  "evidence_summary": {
    "docs_only": 0,
    "fixture": 0,
    "formal": 0,
    "mode": "advisory",
    "model": 0,
    "probe": 0,
    "property": 0
  },
  "input_hash": "00397ff5432414a083bf9b614e6472d070556f697d65f9dac0c47333342e8b35",
  "issues": [],
  "layout": "cairn",
  "policy": "cairn-default",
  "policy_hash": "a210ed841d260e0bf026f3c67ec810216b6409cfe6036f9132b51cc4e3176618",
  "receipt_hash": "d79809ff0f29b5abec78d381d70ab09ef4e9de2168c88ca0f68b5c7ce03c87d0",
  "stage": "tasks",
  "valid": true,
  "verdict": "PASS"
}
exit_status=0
