{
  "actions": [
    {
      "description": "merge delta spec into main specs: ./cairn/changes/add-profile-skin-cache-rate-limiter/specs/valence-hyperion-integration/spec.md",
      "kind": "sync_delta_spec",
      "path": "./cairn/changes/add-profile-skin-cache-rate-limiter/specs/valence-hyperion-integration/spec.md"
    }
  ],
  "blocked": false,
  "change": "add-profile-skin-cache-rate-limiter",
  "delta_specs": [
    "./cairn/changes/add-profile-skin-cache-rate-limiter/specs/valence-hyperion-integration/spec.md"
  ],
  "dry_run": true,
  "input_hash": "2874cf2c4be0f438e8d699ae1d8a82ce5327d0937674410d47335a11ad80a368",
  "layout": "cairn",
  "mutated": false,
  "mutation_manifest": null,
  "plan_hash": "d90bd4485bb0f39bf13d8c1fa7ab74beb4246537a85a2fa8b88da309f1ed24fd",
  "policy": "cairn-default",
  "policy_hash": "a210ed841d260e0bf026f3c67ec810216b6409cfe6036f9132b51cc4e3176618",
  "reasons": [],
  "receipt_hash": "a40b332dd2b99aacbc89f3e95196eb983e964e9b051fc8b2a56dcfedec1e9889"
}
exit_status=0
