{
  "change": "add-profile-skin-cache-rate-limiter",
  "evidence_summary": {
    "docs_only": 0,
    "fixture": 0,
    "formal": 0,
    "mode": "advisory",
    "model": 0,
    "probe": 0,
    "property": 0
  },
  "input_hash": "a8fae61b9b56f2fc53448bbdf98be7cd8844830b3c0f753155246b645ce26fd6",
  "issues": [],
  "layout": "cairn",
  "policy": "cairn-default",
  "policy_hash": "a210ed841d260e0bf026f3c67ec810216b6409cfe6036f9132b51cc4e3176618",
  "receipt_hash": "48184d3813e3e3a17f470ca9fc2e3f48086461d02d6e1c51e598e7c317d324ed",
  "stage": "proposal",
  "valid": true,
  "verdict": "PASS"
}
exit_status=0
