warning: unknown lint: `path_segment_repetition`
  --> crates/valence_text/src/color/mod.rs:12:9
   |
12 | #[allow(path_segment_repetition)]
   |         ^^^^^^^^^^^^^^^^^^^^^^^
   |
   = note: `#[warn(unknown_lints)]` on by default

warning: unknown lint: `path_segment_repetition`
  --> crates/valence_text/src/color/mod.rs:28:9
   |
28 | #[allow(path_segment_repetition)]
   |         ^^^^^^^^^^^^^^^^^^^^^^^

warning: unknown lint: `path_segment_repetition`
  --> crates/valence_text/src/color/mod.rs:41:9
   |
41 | #[allow(path_segment_repetition)]
   |         ^^^^^^^^^^^^^^^^^^^^^^^

warning: unknown lint: `path_segment_repetition`
  --> crates/valence_text/src/color/mod.rs:81:9
   |
81 | #[allow(path_segment_repetition)]
   |         ^^^^^^^^^^^^^^^^^^^^^^^

warning: unknown lint: `deref_polymorphism`
 --> crates/valence_text/src/ops.rs:2:9
  |
2 | #[allow(deref_polymorphism)]
  |         ^^^^^^^^^^^^^^^^^^

warning: `valence_text` (lib) generated 5 warnings
warning: unknown lint: `path_segment_repetition`
 --> crates/valence_inventory/src/slots.rs:4:9
  |
4 | #[allow(path_segment_repetition)]
  |         ^^^^^^^^^^^^^^^^^^^^^^^
  |
  = note: `#[warn(unknown_lints)]` on by default

warning: `valence_inventory` (lib) generated 1 warning
   Compiling valence v0.2.0-alpha.1+mc.1.20.1 (/home/brittonr/git/mc/servers/valence)
warning: constant `VANILLA_COMBAT_REFERENCE_KNOCKBACK_SCALE` is never used
   --> examples/ctf.rs:103:7
    |
103 | const VANILLA_COMBAT_REFERENCE_KNOCKBACK_SCALE: f64 = ...
    |       ^^^^^^^^^^^^^^^^^^^^^^^^^^^^^^^^^^^^^^^^
    |
    = note: `#[warn(dead_code)]` (part of `#[warn(unused)]`) on by default

warning: constant `VANILLA_COMBAT_ARMOR_REDUCTION_DENOMINATOR` is never used
   --> examples/ctf.rs:104:7
    |
104 | const VANILLA_COMBAT_ARMOR_REDUCTION_DENOMINATOR: f32 ...
    |       ^^^^^^^^^^^^^^^^^^^^^^^^^^^^^^^^^^^^^^^^^^

warning: constant `VANILLA_ARMOR_TOUGHNESS_QUARTER_DIVISOR` is never used
   --> examples/ctf.rs:107:7
    |
107 | const VANILLA_ARMOR_TOUGHNESS_QUARTER_DIVISOR: f32 = 4.0;
    |       ^^^^^^^^^^^^^^^^^^^^^^^^^^^^^^^^^^^^^^^

warning: constant `VANILLA_ARMOR_TOUGHNESS_BASE` is never used
   --> examples/ctf.rs:108:7
    |
108 | const VANILLA_ARMOR_TOUGHNESS_BASE: f32 = 2.0;
    |       ^^^^^^^^^^^^^^^^^^^^^^^^^^^^

warning: constant `VANILLA_ARMOR_MIN_REDUCTION_DIVISOR` is never used
   --> examples/ctf.rs:109:7
    |
109 | const VANILLA_ARMOR_MIN_REDUCTION_DIVISOR: f32 = 5.0;
    |       ^^^^^^^^^^^^^^^^^^^^^^^^^^^^^^^^^^^

warning: constant `VANILLA_ARMOR_MAX_REDUCTION_POINTS` is never used
   --> examples/ctf.rs:110:7
    |
110 | const VANILLA_ARMOR_MAX_REDUCTION_POINTS: f32 = 20.0;
    |       ^^^^^^^^^^^^^^^^^^^^^^^^^^^^^^^^^^

warning: struct `ArrowPolicyDiff` is never constructed
   --> examples/ctf.rs:465:8
    |
465 | struct ArrowPolicyDiff {
    |        ^^^^^^^^^^^^^^^

warning: function `diff_arrow_policy_snapshots` is never used
   --> examples/ctf.rs:762:4
    |
762 | fn diff_arrow_policy_snapshots(
    |    ^^^^^^^^^^^^^^^^^^^^^^^^^^^

warning: function `push_arrow_policy_diff` is never used
   --> examples/ctf.rs:788:4
    |
788 | fn push_arrow_policy_diff(
    |    ^^^^^^^^^^^^^^^^^^^^^^

warning: function `inventory_stack_slot_change_matches` is never used
    --> examples/ctf.rs:2300:4
     |
2300 | fn inventory_stack_slot_change_matches(
     |    ^^^^^^^^^^^^^^^^^^^^^^^^^^^^^^^^^^^

warning: function `inventory_stack_slot_change_empty` is never used
    --> examples/ctf.rs:2311:4
     |
2311 | fn inventory_stack_slot_change_empty(event: &ClickSlo...
     |    ^^^^^^^^^^^^^^^^^^^^^^^^^^^^^^^^^

warning: function `vanilla_armor_mitigation_for` is never used
    --> examples/ctf.rs:3863:4
     |
3863 | fn vanilla_armor_mitigation_for(base_damage: f32, arm...
     |    ^^^^^^^^^^^^^^^^^^^^^^^^^^^^

warning: method `opponent` is never used
  --> examples/fixture_core/ctf.rs:15:12
   |
 7 | impl Team {
   | --------- method in this implementation
...
15 |     pub fn opponent(self) -> Self {
   |            ^^^^^^^^

warning: method `for_team` is never used
  --> examples/fixture_core/ctf.rs:45:12
   |
44 | impl ScoreSnapshot {
   | ------------------ method in this implementation
45 |     pub fn for_team(self, team: Team) -> u32 {
   |            ^^^^^^^^

warning: enum `FlagPickupDecision` is never used
  --> examples/fixture_core/ctf.rs:69:10
   |
69 | pub enum FlagPickupDecision {
   |          ^^^^^^^^^^^^^^^^^^

warning: function `evaluate_flag_pickup` is never used
  --> examples/fixture_core/ctf.rs:75:8
   |
75 | pub fn evaluate_flag_pickup(
   |        ^^^^^^^^^^^^^^^^^^^^

warning: struct `SpawnResetState` is never constructed
   --> examples/fixture_core/ctf.rs:182:12
    |
182 | pub struct SpawnResetState {
    |            ^^^^^^^^^^^^^^^

warning: method `record_assignment` is never used
   --> examples/fixture_core/ctf.rs:190:12
    |
189 | impl SpawnResetState {
    | -------------------- method in this implementation
190 |     pub fn record_assignment(&mut self, username: &str...
    |            ^^^^^^^^^^^^^^^^^

warning: struct `SpawnResetContract` is never constructed
   --> examples/fixture_core/ctf.rs:204:12
    |
204 | pub struct SpawnResetContract {
    |            ^^^^^^^^^^^^^^^^^^

warning: function `spawn_team_assignment_milestone` is never used
   --> examples/fixture_core/ctf.rs:216:8
    |
216 | pub fn spawn_team_assignment_milestone(
    |        ^^^^^^^^^^^^^^^^^^^^^^^^^^^^^^^

warning: function `spawn_team_balance_milestone` is never used
   --> examples/fixture_core/ctf.rs:237:8
    |
237 | pub fn spawn_team_balance_milestone(
    |        ^^^^^^^^^^^^^^^^^^^^^^^^^^^^

warning: function `spawn_resource_reset_state_milestone` is never used
   --> examples/fixture_core/ctf.rs:256:8
    |
256 | pub fn spawn_resource_reset_state_milestone(
    |        ^^^^^^^^^^^^^^^^^^^^^^^^^^^^^^^^^^^^

warning: function `score_limit_pre_state_milestone` is never used
   --> examples/fixture_core/ctf.rs:339:8
    |
339 | pub fn score_limit_pre_state_milestone(score: ScoreSna...
    |        ^^^^^^^^^^^^^^^^^^^^^^^^^^^^^^^

warning: function `score_limit_final_capture_milestone` is never used
   --> examples/fixture_core/ctf.rs:346:8
    |
346 | pub fn score_limit_final_capture_milestone(
    |        ^^^^^^^^^^^^^^^^^^^^^^^^^^^^^^^^^^^

warning: function `score_limit_win_condition_milestone` is never used
   --> examples/fixture_core/ctf.rs:367:8
    |
367 | pub fn score_limit_win_condition_milestone(
    |        ^^^^^^^^^^^^^^^^^^^^^^^^^^^^^^^^^^^

warning: function `score_limit_duplicate_win_milestone` is never used
   --> examples/fixture_core/ctf.rs:387:8
    |
387 | pub fn score_limit_duplicate_win_milestone(username: &...
    |        ^^^^^^^^^^^^^^^^^^^^^^^^^^^^^^^^^^^

warning: function `score_limit_post_win_score_mutation_milestone` is never used
   --> examples/fixture_core/ctf.rs:396:8
    |
396 | ...fn score_limit_post_win_score_mutation_milestone(us...
    |       ^^^^^^^^^^^^^^^^^^^^^^^^^^^^^^^^^^^^^^^^^^^^^

warning: enum `FixtureGameMode` is never used
 --> examples/fixture_core/survival.rs:2:10
  |
2 | pub enum FixtureGameMode {
  |          ^^^^^^^^^^^^^^^

warning: enum `FixtureHand` is never used
 --> examples/fixture_core/survival.rs:8:10
  |
8 | pub enum FixtureHand {
  |          ^^^^^^^^^^^

warning: enum `FixtureDirection` is never used
  --> examples/fixture_core/survival.rs:14:10
   |
14 | pub enum FixtureDirection {
   |          ^^^^^^^^^^^^^^^^

warning: enum `FixtureDiggingState` is never used
  --> examples/fixture_core/survival.rs:20:10
   |
20 | pub enum FixtureDiggingState {
   |          ^^^^^^^^^^^^^^^^^^^

warning: enum `FixtureInteraction` is never used
  --> examples/fixture_core/survival.rs:26:10
   |
26 | pub enum FixtureInteraction {
   |          ^^^^^^^^^^^^^^^^^^

warning: struct `FixtureBlockPos` is never constructed
  --> examples/fixture_core/survival.rs:32:12
   |
32 | pub struct FixtureBlockPos {
   |            ^^^^^^^^^^^^^^^

warning: struct `FixtureStack` is never constructed
  --> examples/fixture_core/survival.rs:39:12
   |
39 | pub struct FixtureStack<'a> {
   |            ^^^^^^^^^^^^

warning: struct `FixtureSlotChange` is never constructed
  --> examples/fixture_core/survival.rs:45:12
   |
45 | pub struct FixtureSlotChange<'a> {
   |            ^^^^^^^^^^^^^^^^^

warning: struct `FixtureHungerProfile` is never constructed
  --> examples/fixture_core/survival.rs:51:12
   |
51 | pub struct FixtureHungerProfile {
   |            ^^^^^^^^^^^^^^^^^^^^

warning: enum `MarkerDecision` is never used
  --> examples/fixture_core/survival.rs:62:10
   |
62 | pub enum MarkerDecision {
   |          ^^^^^^^^^^^^^^

warning: function `should_break_survival_block` is never used
  --> examples/fixture_core/survival.rs:68:8
   |
68 | pub fn should_break_survival_block(
   |        ^^^^^^^^^^^^^^^^^^^^^^^^^^^

warning: function `should_place_survival_block` is never used
  --> examples/fixture_core/survival.rs:79:8
   |
79 | pub fn should_place_survival_block(
   |        ^^^^^^^^^^^^^^^^^^^^^^^^^^^

warning: function `should_open_fixture_container` is never used
  --> examples/fixture_core/survival.rs:92:8
   |
92 | pub fn should_open_fixture_container(
   |        ^^^^^^^^^^^^^^^^^^^^^^^^^^^^^

warning: function `slot_event_matches` is never used
   --> examples/fixture_core/survival.rs:101:8
    |
101 | pub fn slot_event_matches<'a>(
    |        ^^^^^^^^^^^^^^^^^^

warning: function `stack_matches` is never used
   --> examples/fixture_core/survival.rs:116:8
    |
116 | pub fn stack_matches(observed: FixtureStack<'_>, expec...
    |        ^^^^^^^^^^^^^

warning: function `collect_event_matches` is never used
   --> examples/fixture_core/survival.rs:120:8
    |
120 | pub fn collect_event_matches(
    |        ^^^^^^^^^^^^^^^^^^^^^

warning: function `should_emit_furnace_breadth_rejection` is never used
   --> examples/fixture_core/survival.rs:133:8
    |
133 | pub fn should_emit_furnace_breadth_rejection(
    |        ^^^^^^^^^^^^^^^^^^^^^^^^^^^^^^^^^^^^^

warning: function `should_reject_furnace_invalid_fuel` is never used
   --> examples/fixture_core/survival.rs:140:8
    |
140 | pub fn should_reject_furnace_invalid_fuel(
    |        ^^^^^^^^^^^^^^^^^^^^^^^^^^^^^^^^^^

warning: function `select_hunger_profile` is never used
   --> examples/fixture_core/survival.rs:154:8
    |
154 | pub fn select_hunger_profile(
    |        ^^^^^^^^^^^^^^^^^^^^^

warning: struct `HungerUseInput` is never constructed
   --> examples/fixture_core/survival.rs:170:12
    |
170 | pub struct HungerUseInput<'a> {
    |            ^^^^^^^^^^^^^^

warning: struct `HungerUseContract` is never constructed
   --> examples/fixture_core/survival.rs:181:12
    |
181 | pub struct HungerUseContract<'a> {
    |            ^^^^^^^^^^^^^^^^^

warning: function `should_consume_hunger_food` is never used
   --> examples/fixture_core/survival.rs:187:8
    |
187 | pub fn should_consume_hunger_food(
    |        ^^^^^^^^^^^^^^^^^^^^^^^^^^

warning: function `should_handle_mob_drop_attack` is never used
   --> examples/fixture_core/survival.rs:201:8
    |
201 | pub fn should_handle_mob_drop_attack(
    |        ^^^^^^^^^^^^^^^^^^^^^^^^^^^^^

warning: function `evaluate_marker_decision` is never used
   --> examples/fixture_core/survival.rs:212:8
    |
212 | pub fn evaluate_marker_decision(post_restart: bool, ma...
    |        ^^^^^^^^^^^^^^^^^^^^^^^^

warning: function `should_place_block_entity_sign` is never used
   --> examples/fixture_core/survival.rs:223:8
    |
223 | pub fn should_place_block_entity_sign(post_restart: bo...
    |        ^^^^^^^^^^^^^^^^^^^^^^^^^^^^^^

warning: function `validate_block_entity_payload` is never used
   --> examples/fixture_core/survival.rs:230:8
    |
230 | pub fn validate_block_entity_payload(
    |        ^^^^^^^^^^^^^^^^^^^^^^^^^^^^^

warning: function `redstone_power_transition` is never used
   --> examples/fixture_core/survival.rs:246:8
    |
246 | pub fn redstone_power_transition(powered: bool) -> bool {
    |        ^^^^^^^^^^^^^^^^^^^^^^^^^

warning: function `normalize_environment_id` is never used
   --> examples/fixture_core/survival.rs:250:8
    |
250 | pub fn normalize_environment_id(
    |        ^^^^^^^^^^^^^^^^^^^^^^^^

warning: function `derive_environment_id` is never used
   --> examples/fixture_core/survival.rs:263:8
    |
263 | pub fn derive_environment_id(
    |        ^^^^^^^^^^^^^^^^^^^^^

warning: function `biome_dimension_state_milestone` is never used
   --> examples/fixture_core/survival.rs:276:8
    |
276 | pub fn biome_dimension_state_milestone(
    |        ^^^^^^^^^^^^^^^^^^^^^^^^^^^^^^^

warning: constant `EVENT_LOOP_PRE_UPDATE_SCHEDULE_LABEL` is never used
 --> examples/gameplay_contracts/mod.rs:6:18
  |
6 | pub(crate) const EVENT_LOOP_PRE_UPDATE_SCHEDULE_LABEL: &...
  |                  ^^^^^^^^^^^^^^^^^^^^^^^^^^^^^^^^^^^^

warning: constant `SURVIVAL_PRIMARY_ARENA_ID` is never used
 --> examples/gameplay_contracts/mod.rs:9:18
  |
9 | pub(crate) const SURVIVAL_PRIMARY_ARENA_ID: &str = "surv...
  |                  ^^^^^^^^^^^^^^^^^^^^^^^^^

warning: constant `TERRAIN_PRIMARY_ARENA_ID` is never used
  --> examples/gameplay_contracts/mod.rs:10:18
   |
10 | pub(crate) const TERRAIN_PRIMARY_ARENA_ID: &str = "terr...
   |                  ^^^^^^^^^^^^^^^^^^^^^^^^

warning: variant `LayerOwnedFixture` is never constructed
  --> examples/gameplay_contracts/mod.rs:37:5
   |
36 | pub(crate) enum GameplayScopeModel {
   |                 ------------------ variant in this enum
37 |     LayerOwnedFixture,
   |     ^^^^^^^^^^^^^^^^^
   |
   = note: `GameplayScopeModel` has derived impls for the traits `Debug` and `Clone`, but these are intentionally ignored during dead code analysis

warning: method `find` is never used
  --> examples/gameplay_contracts/mod.rs:77:19
   |
64 | impl GameplayPluginContracts {
   | ---------------------------- method in this implementation
...
77 |     pub(crate) fn find(&self, plugin: &str) -> Option<G...
   |                   ^^^^

warning: variants `Survival` and `Terrain` are never constructed
  --> examples/gameplay_contracts/mod.rs:95:5
   |
93 | pub(crate) enum GameplayMode {
   |                 ------------ variants in this enum
94 |     Ctf,
95 |     Survival,
   |     ^^^^^^^^
96 |     Terrain,
   |     ^^^^^^^
   |
   = note: `GameplayMode` has derived impls for the traits `Debug` and `Clone`, but these are intentionally ignored during dead code analysis

warning: unreachable `pub` item
 --> examples/fixture_core/mod.rs:8:1
  |
8 | pub mod ctf;
  | ---^^^^^^^^
  | |
  | help: consider restricting its visibility: `pub(crate)`
  |
  = help: or consider exporting it for use by other crates
  = note: requested on the command line with `-W unreachable-pub`

warning: unreachable `pub` item
 --> examples/fixture_core/mod.rs:9:1
  |
9 | pub mod survival;
  | ---^^^^^^^^^^^^^
  | |
  | help: consider restricting its visibility: `pub(crate)`
  |
  = help: or consider exporting it for use by other crates

warning: unreachable `pub` item
 --> examples/fixture_core/ctf.rs:2:1
  |
2 | pub enum Team {
  | ---^^^^^^^^^^
  | |
  | help: consider restricting its visibility: `pub(crate)`
  |
  = help: or consider exporting it for use by other crates

warning: unreachable `pub` item
 --> examples/fixture_core/ctf.rs:8:5
  |
8 |     pub fn label(self) -> &'static str {
  |     ---^^^^^^^^^^^^^^^^^^^^^^^^^^^^^^^
  |     |
  |     help: consider restricting its visibility: `pub(crate)`

warning: unreachable `pub` item
  --> examples/fixture_core/ctf.rs:15:5
   |
15 |     pub fn opponent(self) -> Self {
   |     ---^^^^^^^^^^^^^^^^^^^^^^^^^^
   |     |
   |     help: consider restricting its visibility: `pub(crate)`

warning: unreachable `pub` item
  --> examples/fixture_core/ctf.rs:24:1
   |
24 | pub enum FlagPresence {
   | ---^^^^^^^^^^^^^^^^^^
   | |
   | help: consider restricting its visibility: `pub(crate)`
   |
   = help: or consider exporting it for use by other crates

warning: unreachable `pub` item
  --> examples/fixture_core/ctf.rs:30:5
   |
30 |     pub fn label(self) -> &'static str {
   |     ---^^^^^^^^^^^^^^^^^^^^^^^^^^^^^^^
   |     |
   |     help: consider restricting its visibility: `pub(crate)`

warning: unreachable `pub` item
  --> examples/fixture_core/ctf.rs:39:1
   |
39 | pub struct ScoreSnapshot {
   | ---^^^^^^^^^^^^^^^^^^^^^
   | |
   | help: consider restricting its visibility: `pub(crate)`
   |
   = help: or consider exporting it for use by other crates

warning: unreachable `pub` item
  --> examples/fixture_core/ctf.rs:45:5
   |
45 |     pub fn for_team(self, team: Team) -> u32 {
   |     ---^^^^^^^^^^^^^^^^^^^^^^^^^^^^^^^^^^^^^
   |     |
   |     help: consider restricting its visibility: `pub(crate)`

warning: unreachable `pub` item
  --> examples/fixture_core/ctf.rs:54:1
   |
54 | pub struct FlagSnapshot {
   | ---^^^^^^^^^^^^^^^^^^^^
   | |
   | help: consider restricting its visibility: `pub(crate)`
   |
   = help: or consider exporting it for use by other crates

warning: unreachable `pub` item
  --> examples/fixture_core/ctf.rs:60:5
   |
60 |     pub fn for_team(self, team: Team) -> FlagPresence {
   |     ---^^^^^^^^^^^^^^^^^^^^^^^^^^^^^^^^^^^^^^^^^^^^^^
   |     |
   |     help: consider restricting its visibility: `pub(crate)`

warning: unreachable `pub` item
  --> examples/fixture_core/ctf.rs:69:1
   |
69 | pub enum FlagPickupDecision {
   | ---^^^^^^^^^^^^^^^^^^^^^^^^
   | |
   | help: consider restricting its visibility: `pub(crate)`
   |
   = help: or consider exporting it for use by other crates

warning: unreachable `pub` item
  --> examples/fixture_core/ctf.rs:75:1
   |
75 |   pub fn evaluate_flag_pickup(
   |   ^--
   |   |
   |  _help: consider restricting its visibility: `pub(crate)`
   | |
76 | |     player_team: Team,
77 | |     flag_team: Team,
78 | |     flag_presence: FlagPresence,
79 | | ) -> FlagPickupDecision {
   | |_______________________^
   |
   = help: or consider exporting it for use by other crates

warning: unreachable `pub` item
  --> examples/fixture_core/ctf.rs:89:1
   |
89 | pub fn race_duplicate_pickup_blocked(accepted_username_present: bool) -> bool {
   | ---^^^^^^^^^^^^^^^^^^^^^^^^^^^^^^^^^^^^^^^^^^^^^^^^^^^^^^^^^^^^^^^^^^^^^^^^^^
   | |
   | help: consider restricting its visibility: `pub(crate)`
   |
   = help: or consider exporting it for use by other crates

warning: unreachable `pub` item
  --> examples/fixture_core/ctf.rs:93:1
   |
93 |   pub fn race_accepted_transition_milestone(
   |   ^--
   |   |
   |  _help: consider restricting its visibility: `pub(crate)`
   | |
94 | |     username: &str,
95 | |     player_team: Team,
96 | |     flag_team: Team,
97 | |     accepted_transition: &str,
98 | |     race_window_ticks: u32,
99 | | ) -> String {
   | |___________^
   |
   = help: or consider exporting it for use by other crates

warning: unreachable `pub` item
   --> examples/fixture_core/ctf.rs:111:1
    |
111 |   pub fn race_rejected_transition_milestone(
    |   ^--
    |   |
    |  _help: consider restricting its visibility: `pub(crate)`
    | |
112 | |     username: &str,
113 | |     player_team: Team,
114 | |     flag_team: Team,
115 | |     rejected_transition: &str,
116 | |     race_window_ticks: u32,
117 | | ) -> String {
    | |___________^
    |
    = help: or consider exporting it for use by other crates

warning: unreachable `pub` item
   --> examples/fixture_core/ctf.rs:129:1
    |
129 | pub struct RaceFinalContract<'a> {
    | ---^^^^^^^^^^^^^^^^^^^^^^^^^^^^^
    | |
    | help: consider restricting its visibility: `pub(crate)`
    |
    = help: or consider exporting it for use by other crates

warning: unreachable `pub` item
   --> examples/fixture_core/ctf.rs:140:1
    |
140 |   pub fn race_final_state_milestone(
    |   ^--
    |   |
    |  _help: consider restricting its visibility: `pub(crate)`
    | |
141 | |     accepted_username: &str,
142 | |     rejected_username: &str,
143 | |     capture_username: &str,
...   |
148 | |     contract: RaceFinalContract<'_>,
149 | | ) -> Option<String> {
    | |___________________^
    |
    = help: or consider exporting it for use by other crates

warning: unreachable `pub` item
   --> examples/fixture_core/ctf.rs:182:1
    |
182 | pub struct SpawnResetState {
    | ---^^^^^^^^^^^^^^^^^^^^^^^
    | |
    | help: consider restricting its visibility: `pub(crate)`
    |
    = help: or consider exporting it for use by other crates

warning: unreachable `pub` item
   --> examples/fixture_core/ctf.rs:190:5
    |
190 |     pub fn record_assignment(&mut self, username: &str, team: Team) {
    |     ---^^^^^^^^^^^^^^^^^^^^^^^^^^^^^^^^^^^^^^^^^^^^^^^^^^^^^^^^^^^^
    |     |
    |     help: consider restricting its visibility: `pub(crate)`

warning: unreachable `pub` item
   --> examples/fixture_core/ctf.rs:204:1
    |
204 | pub struct SpawnResetContract {
    | ---^^^^^^^^^^^^^^^^^^^^^^^^^^
    | |
    | help: consider restricting its visibility: `pub(crate)`
    |
    = help: or consider exporting it for use by other crates

warning: unreachable `pub` item
   --> examples/fixture_core/ctf.rs:216:1
    |
216 |   pub fn spawn_team_assignment_milestone(
    |   ^--
    |   |
    |  _help: consider restricting its visibility: `pub(crate)`
    | |
217 | |     username: &str,
218 | |     team: Team,
219 | |     red_count: u32,
...   |
222 | |     slot37_resource: &str,
223 | | ) -> String {
    | |___________^
    |
    = help: or consider exporting it for use by other crates

warning: unreachable `pub` item
   --> examples/fixture_core/ctf.rs:237:1
    |
237 |   pub fn spawn_team_balance_milestone(
    |   ^--
    |   |
    |  _help: consider restricting its visibility: `pub(crate)`
    | |
238 | |     state: &SpawnResetState,
239 | |     contract: &SpawnResetContract,
240 | | ) -> Option<String> {
    | |___________________^
    |
    = help: or consider exporting it for use by other crates

warning: unreachable `pub` item
   --> examples/fixture_core/ctf.rs:256:1
    |
256 |   pub fn spawn_resource_reset_state_milestone(
    |   ^--
    |   |
    |  _help: consider restricting its visibility: `pub(crate)`
    | |
257 | |     state: &SpawnResetState,
258 | |     username: &str,
259 | |     team: Team,
...   |
262 | |     contract: &SpawnResetContract,
263 | | ) -> Option<String> {
    | |___________________^
    |
    = help: or consider exporting it for use by other crates

warning: unreachable `pub` item
   --> examples/fixture_core/ctf.rs:290:1
    |
290 | pub fn defer_spawn_assignment(username: &str, team: Team, expected_blue_username: &str) -> bool {
    | ---^^^^^^^^^^^^^^^^^^^^^^^^^^^^^^^^^^^^^^^^^^^^^^^^^^^^^^^^^^^^^^^^^^^^^^^^^^^^^^^^^^^^^^^^^^^^
    | |
    | help: consider restricting its visibility: `pub(crate)`
    |
    = help: or consider exporting it for use by other crates

warning: unreachable `pub` item
   --> examples/fixture_core/ctf.rs:294:1
    |
294 |   pub fn invalid_flag_pickup_rejection_milestone(
    |   ^--
    |   |
    |  _help: consider restricting its visibility: `pub(crate)`
    | |
295 | |     username: &str,
296 | |     player_team: Team,
297 | |     flag_team: Team,
...   |
300 | |     score: ScoreSnapshot,
301 | | ) -> String {
    | |___________^
    |
    = help: or consider exporting it for use by other crates

warning: unreachable `pub` item
   --> examples/fixture_core/ctf.rs:316:1
    |
316 |   pub fn invalid_return_drop_rejection_milestone(
    |   ^--
    |   |
    |  _help: consider restricting its visibility: `pub(crate)`
    | |
317 | |     milestone: &str,
318 | |     username: &str,
319 | |     actor_team: Team,
...   |
323 | |     score: ScoreSnapshot,
324 | | ) -> String {
    | |___________^
    |
    = help: or consider exporting it for use by other crates

warning: unreachable `pub` item
   --> examples/fixture_core/ctf.rs:339:1
    |
339 | pub fn score_limit_pre_state_milestone(score: ScoreSnapshot, score_limit: u32) -> String {
    | ---^^^^^^^^^^^^^^^^^^^^^^^^^^^^^^^^^^^^^^^^^^^^^^^^^^^^^^^^^^^^^^^^^^^^^^^^^^^^^^^^^^^^^
    | |
    | help: consider restricting its visibility: `pub(crate)`
    |
    = help: or consider exporting it for use by other crates

warning: unreachable `pub` item
   --> examples/fixture_core/ctf.rs:346:1
    |
346 |   pub fn score_limit_final_capture_milestone(
    |   ^--
    |   |
    |  _help: consider restricting its visibility: `pub(crate)`
    | |
347 | |     username: &str,
348 | |     capture_team: Team,
349 | |     carried_flag: Team,
350 | |     before: ScoreSnapshot,
351 | |     after: ScoreSnapshot,
352 | | ) -> String {
    | |___________^
    |
    = help: or consider exporting it for use by other crates

warning: unreachable `pub` item
   --> examples/fixture_core/ctf.rs:367:1
    |
367 |   pub fn score_limit_win_condition_milestone(
    |   ^--
    |   |
    |  _help: consider restricting its visibility: `pub(crate)`
    | |
368 | |     username: &str,
369 | |     winning_team: Team,
370 | |     score: ScoreSnapshot,
371 | |     win_emissions: u32,
372 | |     score_limit: u32,
373 | | ) -> String {
    | |___________^
    |
    = help: or consider exporting it for use by other crates

warning: unreachable `pub` item
   --> examples/fixture_core/ctf.rs:387:1
    |
387 | pub fn score_limit_duplicate_win_milestone(username: &str, winning_team: Team) -> String {
    | ---^^^^^^^^^^^^^^^^^^^^^^^^^^^^^^^^^^^^^^^^^^^^^^^^^^^^^^^^^^^^^^^^^^^^^^^^^^^^^^^^^^^^^
    | |
    | help: consider restricting its visibility: `pub(crate)`
    |
    = help: or consider exporting it for use by other crates

warning: unreachable `pub` item
   --> examples/fixture_core/ctf.rs:396:1
    |
396 | pub fn score_limit_post_win_score_mutation_milestone(username: &str, winning_team: Team) -> String {
    | ---^^^^^^^^^^^^^^^^^^^^^^^^^^^^^^^^^^^^^^^^^^^^^^^^^^^^^^^^^^^^^^^^^^^^^^^^^^^^^^^^^^^^^^^^^^^^^^^
    | |
    | help: consider restricting its visibility: `pub(crate)`
    |
    = help: or consider exporting it for use by other crates

warning: unreachable `pub` item
   --> examples/fixture_core/ctf.rs:406:1
    |
406 | pub enum InventoryProbeItem {
    | ---^^^^^^^^^^^^^^^^^^^^^^^^
    | |
    | help: consider restricting its visibility: `pub(crate)`
    |
    = help: or consider exporting it for use by other crates

warning: unreachable `pub` item
   --> examples/fixture_core/ctf.rs:413:1
    |
413 | pub enum InventoryClickMode {
    | ---^^^^^^^^^^^^^^^^^^^^^^^^
    | |
    | help: consider restricting its visibility: `pub(crate)`
    |
    = help: or consider exporting it for use by other crates

warning: unreachable `pub` item
   --> examples/fixture_core/ctf.rs:420:1
    |
420 | pub struct InventoryItemStack {
    | ---^^^^^^^^^^^^^^^^^^^^^^^^^^
    | |
    | help: consider restricting its visibility: `pub(crate)`
    |
    = help: or consider exporting it for use by other crates

warning: unreachable `pub` item
   --> examples/fixture_core/ctf.rs:426:5
    |
426 |     pub fn empty(empty_count: i8) -> Self {
    |     ---^^^^^^^^^^^^^^^^^^^^^^^^^^^^^^^^^^
    |     |
    |     help: consider restricting its visibility: `pub(crate)`

warning: unreachable `pub` item
   --> examples/fixture_core/ctf.rs:435:1
    |
435 | pub struct InventorySlotChange {
    | ---^^^^^^^^^^^^^^^^^^^^^^^^^^^
    | |
    | help: consider restricting its visibility: `pub(crate)`
    |
    = help: or consider exporting it for use by other crates

warning: unreachable `pub` item
   --> examples/fixture_core/ctf.rs:441:1
    |
441 | pub struct InventoryClickSnapshot {
    | ---^^^^^^^^^^^^^^^^^^^^^^^^^^^^^^
    | |
    | help: consider restricting its visibility: `pub(crate)`
    |
    = help: or consider exporting it for use by other crates

warning: unreachable `pub` item
   --> examples/fixture_core/ctf.rs:452:1
    |
452 | pub struct InventoryStackContract {
    | ---^^^^^^^^^^^^^^^^^^^^^^^^^^^^^^
    | |
    | help: consider restricting its visibility: `pub(crate)`
    |
    = help: or consider exporting it for use by other crates

warning: unreachable `pub` item
   --> examples/fixture_core/ctf.rs:464:1
    |
464 | pub struct InventoryStackState {
    | ---^^^^^^^^^^^^^^^^^^^^^^^^^^^
    | |
    | help: consider restricting its visibility: `pub(crate)`
    |
    = help: or consider exporting it for use by other crates

warning: unreachable `pub` item
   --> examples/fixture_core/ctf.rs:471:1
    |
471 | pub enum InventoryStackAction {
    | ---^^^^^^^^^^^^^^^^^^^^^^^^^^
    | |
    | help: consider restricting its visibility: `pub(crate)`
    |
    = help: or consider exporting it for use by other crates

warning: unreachable `pub` item
   --> examples/fixture_core/ctf.rs:478:1
    |
478 |   pub fn classify_inventory_stack_split_merge_event(
    |   ^--
    |   |
    |  _help: consider restricting its visibility: `pub(crate)`
    | |
479 | |     event: &InventoryClickSnapshot,
480 | |     state: InventoryStackState,
481 | |     contract: InventoryStackContract,
482 | | ) -> Option<InventoryStackAction> {
    | |_________________________________^
    |
    = help: or consider exporting it for use by other crates

warning: unreachable `pub` item
   --> examples/fixture_core/ctf.rs:547:1
    |
547 | pub struct InventoryDragContract {
    | ---^^^^^^^^^^^^^^^^^^^^^^^^^^^^^
    | |
    | help: consider restricting its visibility: `pub(crate)`
    |
    = help: or consider exporting it for use by other crates

warning: unreachable `pub` item
   --> examples/fixture_core/ctf.rs:563:1
    |
563 | pub struct InventoryDragState {
    | ---^^^^^^^^^^^^^^^^^^^^^^^^^^
    | |
    | help: consider restricting its visibility: `pub(crate)`
    |
    = help: or consider exporting it for use by other crates

warning: unreachable `pub` item
   --> examples/fixture_core/ctf.rs:571:1
    |
571 | pub enum InventoryDragAction {
    | ---^^^^^^^^^^^^^^^^^^^^^^^^^
    | |
    | help: consider restricting its visibility: `pub(crate)`
    |
    = help: or consider exporting it for use by other crates

warning: unreachable `pub` item
   --> examples/fixture_core/ctf.rs:579:1
    |
579 |   pub fn classify_inventory_drag_transactions_event(
    |   ^--
    |   |
    |  _help: consider restricting its visibility: `pub(crate)`
    | |
580 | |     event: &InventoryClickSnapshot,
581 | |     state: InventoryDragState,
582 | |     contract: InventoryDragContract,
583 | | ) -> Option<InventoryDragAction> {
    | |________________________________^
    |
    = help: or consider exporting it for use by other crates

warning: unreachable `pub` item
   --> examples/fixture_core/ctf.rs:671:1
    |
671 | pub enum ArmorState {
    | ---^^^^^^^^^^^^^^^^
    | |
    | help: consider restricting its visibility: `pub(crate)`
    |
    = help: or consider exporting it for use by other crates

warning: unreachable `pub` item
   --> examples/fixture_core/ctf.rs:677:1
    |
677 |   pub fn reference_hit_for(
    |   ^--
    |   |
    |  _help: consider restricting its visibility: `pub(crate)`
    | |
678 | |     enabled: bool,
679 | |     attacker: &str,
680 | |     victim: &str,
681 | |     expected_attacker: &str,
682 | |     expected_victim: &str,
683 | | ) -> bool {
    | |_________^
    |
    = help: or consider exporting it for use by other crates

warning: unreachable `pub` item
   --> examples/fixture_core/ctf.rs:687:1
    |
687 |   pub fn combat_armor_mitigation_for(
    |   ^--
    |   |
    |  _help: consider restricting its visibility: `pub(crate)`
    | |
688 | |     reference_probe_enabled: bool,
689 | |     armor_probe_enabled: bool,
690 | |     chest_item: ArmorState,
...   |
694 | |     diamond_toughness: f32,
695 | | ) -> f32 {
    | |________^
    |
    = help: or consider exporting it for use by other crates

warning: unreachable `pub` item
   --> examples/fixture_core/ctf.rs:705:1
    |
705 | pub fn vanilla_armor_mitigation_for(base_damage: f32, armor_points: f32, toughness: f32) -> f32 {
    | ---^^^^^^^^^^^^^^^^^^^^^^^^^^^^^^^^^^^^^^^^^^^^^^^^^^^^^^^^^^^^^^^^^^^^^^^^^^^^^^^^^^^^^^^^^^^^
    | |
    | help: consider restricting its visibility: `pub(crate)`
    |
    = help: or consider exporting it for use by other crates

warning: unreachable `pub` item
   --> examples/fixture_core/ctf.rs:716:1
    |
716 | pub fn knockback_metric(knockback_velocity: [f32; KNOCKBACK_VECTOR_COMPONENT_COUNT]) -> f64 {
    | ---^^^^^^^^^^^^^^^^^^^^^^^^^^^^^^^^^^^^^^^^^^^^^^^^^^^^^^^^^^^^^^^^^^^^^^^^^^^^^^^^^^^^^^^^
    | |
    | help: consider restricting its visibility: `pub(crate)`
    |
    = help: or consider exporting it for use by other crates

warning: unreachable `pub` item
 --> examples/fixture_core/survival.rs:2:1
  |
2 | pub enum FixtureGameMode {
  | ---^^^^^^^^^^^^^^^^^^^^^
  | |
  | help: consider restricting its visibility: `pub(crate)`
  |
  = help: or consider exporting it for use by other crates

warning: unreachable `pub` item
 --> examples/fixture_core/survival.rs:8:1
  |
8 | pub enum FixtureHand {
  | ---^^^^^^^^^^^^^^^^^
  | |
  | help: consider restricting its visibility: `pub(crate)`
  |
  = help: or consider exporting it for use by other crates

warning: unreachable `pub` item
  --> examples/fixture_core/survival.rs:14:1
   |
14 | pub enum FixtureDirection {
   | ---^^^^^^^^^^^^^^^^^^^^^^
   | |
   | help: consider restricting its visibility: `pub(crate)`
   |
   = help: or consider exporting it for use by other crates

warning: unreachable `pub` item
  --> examples/fixture_core/survival.rs:20:1
   |
20 | pub enum FixtureDiggingState {
   | ---^^^^^^^^^^^^^^^^^^^^^^^^^
   | |
   | help: consider restricting its visibility: `pub(crate)`
   |
   = help: or consider exporting it for use by other crates

warning: unreachable `pub` item
  --> examples/fixture_core/survival.rs:26:1
   |
26 | pub enum FixtureInteraction {
   | ---^^^^^^^^^^^^^^^^^^^^^^^^
   | |
   | help: consider restricting its visibility: `pub(crate)`
   |
   = help: or consider exporting it for use by other crates

warning: unreachable `pub` item
  --> examples/fixture_core/survival.rs:32:1
   |
32 | pub struct FixtureBlockPos {
   | ---^^^^^^^^^^^^^^^^^^^^^^^
   | |
   | help: consider restricting its visibility: `pub(crate)`
   |
   = help: or consider exporting it for use by other crates

warning: unreachable `pub` item
  --> examples/fixture_core/survival.rs:39:1
   |
39 | pub struct FixtureStack<'a> {
   | ---^^^^^^^^^^^^^^^^^^^^^^^^
   | |
   | help: consider restricting its visibility: `pub(crate)`
   |
   = help: or consider exporting it for use by other crates

warning: unreachable `pub` item
  --> examples/fixture_core/survival.rs:45:1
   |
45 | pub struct FixtureSlotChange<'a> {
   | ---^^^^^^^^^^^^^^^^^^^^^^^^^^^^^
   | |
   | help: consider restricting its visibility: `pub(crate)`
   |
   = help: or consider exporting it for use by other crates

warning: unreachable `pub` item
  --> examples/fixture_core/survival.rs:51:1
   |
51 | pub struct FixtureHungerProfile {
   | ---^^^^^^^^^^^^^^^^^^^^^^^^^^^^
   | |
   | help: consider restricting its visibility: `pub(crate)`
   |
   = help: or consider exporting it for use by other crates

warning: unreachable `pub` item
  --> examples/fixture_core/survival.rs:62:1
   |
62 | pub enum MarkerDecision {
   | ---^^^^^^^^^^^^^^^^^^^^
   | |
   | help: consider restricting its visibility: `pub(crate)`
   |
   = help: or consider exporting it for use by other crates

warning: unreachable `pub` item
  --> examples/fixture_core/survival.rs:68:1
   |
68 |   pub fn should_break_survival_block(
   |   ^--
   |   |
   |  _help: consider restricting its visibility: `pub(crate)`
   | |
69 | |     game_mode: FixtureGameMode,
70 | |     digging_state: FixtureDiggingState,
71 | |     position: FixtureBlockPos,
72 | |     target: FixtureBlockPos,
73 | | ) -> bool {
   | |_________^
   |
   = help: or consider exporting it for use by other crates

warning: unreachable `pub` item
  --> examples/fixture_core/survival.rs:79:1
   |
79 |   pub fn should_place_survival_block(
   |   ^--
   |   |
   |  _help: consider restricting its visibility: `pub(crate)`
   | |
80 | |     game_mode: FixtureGameMode,
81 | |     hand: FixtureHand,
82 | |     position: FixtureBlockPos,
83 | |     face: FixtureDirection,
84 | |     target: FixtureBlockPos,
85 | | ) -> bool {
   | |_________^
   |
   = help: or consider exporting it for use by other crates

warning: unreachable `pub` item
  --> examples/fixture_core/survival.rs:92:1
   |
92 |   pub fn should_open_fixture_container(
   |   ^--
   |   |
   |  _help: consider restricting its visibility: `pub(crate)`
   | |
93 | |     game_mode: FixtureGameMode,
94 | |     hand: FixtureHand,
95 | |     position: FixtureBlockPos,
96 | |     target: FixtureBlockPos,
97 | | ) -> bool {
   | |_________^
   |
   = help: or consider exporting it for use by other crates

warning: unreachable `pub` item
   --> examples/fixture_core/survival.rs:101:1
    |
101 |   pub fn slot_event_matches<'a>(
    |   ^--
    |   |
    |  _help: consider restricting its visibility: `pub(crate)`
    | |
102 | |     window_id: u8,
103 | |     slot_id: i16,
104 | |     slot_changes: &[FixtureSlotChange<'a>],
...   |
107 | |     expected_stack: FixtureStack<'a>,
108 | | ) -> bool {
    | |_________^
    |
    = help: or consider exporting it for use by other crates

warning: unreachable `pub` item
   --> examples/fixture_core/survival.rs:116:1
    |
116 | pub fn stack_matches(observed: FixtureStack<'_>, expected: FixtureStack<'_>) -> bool {
    | ---^^^^^^^^^^^^^^^^^^^^^^^^^^^^^^^^^^^^^^^^^^^^^^^^^^^^^^^^^^^^^^^^^^^^^^^^^^^^^^^^^
    | |
    | help: consider restricting its visibility: `pub(crate)`
    |
    = help: or consider exporting it for use by other crates

warning: unreachable `pub` item
   --> examples/fixture_core/survival.rs:120:1
    |
120 |   pub fn collect_event_matches(
    |   ^--
    |   |
    |  _help: consider restricting its visibility: `pub(crate)`
    | |
121 | |     window_id: u8,
122 | |     slot_id: i16,
123 | |     stack: FixtureStack<'_>,
...   |
126 | |     expected_stack: FixtureStack<'_>,
127 | | ) -> bool {
    | |_________^
    |
    = help: or consider exporting it for use by other crates

warning: unreachable `pub` item
   --> examples/fixture_core/survival.rs:133:1
    |
133 |   pub fn should_emit_furnace_breadth_rejection(
    |   ^--
    |   |
    |  _help: consider restricting its visibility: `pub(crate)`
    | |
134 | |     collect_logged: bool,
135 | |     invalid_rejection_logged: bool,
136 | | ) -> bool {
    | |_________^
    |
    = help: or consider exporting it for use by other crates

warning: unreachable `pub` item
   --> examples/fixture_core/survival.rs:140:1
    |
140 |   pub fn should_reject_furnace_invalid_fuel(
    |   ^--
    |   |
    |  _help: consider restricting its visibility: `pub(crate)`
    | |
141 | |     breadth_enabled: bool,
142 | |     collect_logged: bool,
143 | |     window_id: u8,
...   |
146 | |     expected_fuel_slot_id: i16,
147 | | ) -> bool {
    | |_________^
    |
    = help: or consider exporting it for use by other crates

warning: unreachable `pub` item
   --> examples/fixture_core/survival.rs:154:1
    |
154 |   pub fn select_hunger_profile(
    |   ^--
    |   |
    |  _help: consider restricting its visibility: `pub(crate)`
    | |
155 | |     food_enabled: bool,
156 | |     health_enabled: bool,
157 | |     food_profile: FixtureHungerProfile,
158 | |     health_profile: FixtureHungerProfile,
159 | | ) -> Option<FixtureHungerProfile> {
    | |_________________________________^
    |
    = help: or consider exporting it for use by other crates

warning: unreachable `pub` item
   --> examples/fixture_core/survival.rs:170:1
    |
170 | pub struct HungerUseInput<'a> {
    | ---^^^^^^^^^^^^^^^^^^^^^^^^^^
    | |
    | help: consider restricting its visibility: `pub(crate)`
    |
    = help: or consider exporting it for use by other crates

warning: unreachable `pub` item
   --> examples/fixture_core/survival.rs:181:1
    |
181 | pub struct HungerUseContract<'a> {
    | ---^^^^^^^^^^^^^^^^^^^^^^^^^^^^^
    | |
    | help: consider restricting its visibility: `pub(crate)`
    |
    = help: or consider exporting it for use by other crates

warning: unreachable `pub` item
   --> examples/fixture_core/survival.rs:187:1
    |
187 |   pub fn should_consume_hunger_food(
    |   ^--
    |   |
    |  _help: consider restricting its visibility: `pub(crate)`
    | |
188 | |     profile: FixtureHungerProfile,
189 | |     input: HungerUseInput<'_>,
190 | |     contract: HungerUseContract<'_>,
191 | | ) -> bool {
    | |_________^
    |
    = help: or consider exporting it for use by other crates

warning: unreachable `pub` item
   --> examples/fixture_core/survival.rs:201:1
    |
201 |   pub fn should_handle_mob_drop_attack(
    |   ^--
    |   |
    |  _help: consider restricting its visibility: `pub(crate)`
    | |
202 | |     game_mode: FixtureGameMode,
203 | |     interaction: FixtureInteraction,
204 | |     target_entity_id: u32,
205 | |     fixture_entity_id: u32,
206 | | ) -> bool {
    | |_________^
    |
    = help: or consider exporting it for use by other crates

warning: unreachable `pub` item
   --> examples/fixture_core/survival.rs:212:1
    |
212 | pub fn evaluate_marker_decision(post_restart: bool, marker_present: bool) -> MarkerDecision {
    | ---^^^^^^^^^^^^^^^^^^^^^^^^^^^^^^^^^^^^^^^^^^^^^^^^^^^^^^^^^^^^^^^^^^^^^^^^^^^^^^^^^^^^^^^^
    | |
    | help: consider restricting its visibility: `pub(crate)`
    |
    = help: or consider exporting it for use by other crates

warning: unreachable `pub` item
   --> examples/fixture_core/survival.rs:223:1
    |
223 | pub fn should_place_block_entity_sign(post_restart: bool, marker_present: bool) -> bool {
    | ---^^^^^^^^^^^^^^^^^^^^^^^^^^^^^^^^^^^^^^^^^^^^^^^^^^^^^^^^^^^^^^^^^^^^^^^^^^^^^^^^^^^^
    | |
    | help: consider restricting its visibility: `pub(crate)`
    |
    = help: or consider exporting it for use by other crates

warning: unreachable `pub` item
   --> examples/fixture_core/survival.rs:230:1
    |
230 |   pub fn validate_block_entity_payload(
    |   ^--
    |   |
    |  _help: consider restricting its visibility: `pub(crate)`
    | |
231 | |     lines: &[&str],
232 | |     expected_payload: &str,
233 | |     separator: &str,
234 | |     expected_line_count: usize,
235 | | ) -> Result<(), &'static str> {
    | |_____________________________^
    |
    = help: or consider exporting it for use by other crates

warning: unreachable `pub` item
   --> examples/fixture_core/survival.rs:246:1
    |
246 | pub fn redstone_power_transition(powered: bool) -> bool {
    | ---^^^^^^^^^^^^^^^^^^^^^^^^^^^^^^^^^^^^^^^^^^^^^^^^^^^^
    | |
    | help: consider restricting its visibility: `pub(crate)`
    |
    = help: or consider exporting it for use by other crates

warning: unreachable `pub` item
   --> examples/fixture_core/survival.rs:250:1
    |
250 |   pub fn normalize_environment_id(
    |   ^--
    |   |
    |  _help: consider restricting its visibility: `pub(crate)`
    | |
251 | |     raw: &str,
252 | |     known: &[&'static str],
253 | |     unknown: &'static str,
254 | | ) -> &'static str {
    | |_________________^
    |
    = help: or consider exporting it for use by other crates

warning: unreachable `pub` item
   --> examples/fixture_core/survival.rs:263:1
    |
263 |   pub fn derive_environment_id(
    |   ^--
    |   |
    |  _help: consider restricting its visibility: `pub(crate)`
    | |
264 | |     spawn_environment: &str,
265 | |     environment_identifier: &str,
266 | |     known: &[&'static str],
267 | |     unknown: &'static str,
268 | | ) -> &'static str {
    | |_________________^
    |
    = help: or consider exporting it for use by other crates

warning: unreachable `pub` item
   --> examples/fixture_core/survival.rs:276:1
    |
276 |   pub fn biome_dimension_state_milestone(
    |   ^--
    |   |
    |  _help: consider restricting its visibility: `pub(crate)`
    | |
277 | |     username: &str,
278 | |     spawn_environment: &str,
279 | |     environment_identifier: &str,
280 | |     derived_environment: &str,
281 | | ) -> String {
    | |___________^
    |
    = help: or consider exporting it for use by other crates

warning: `valence` (example "ctf") generated 144 warnings (run `cargo fix --example "ctf" -p valence` to apply 81 suggestions)
    Finished `dev` profile [optimized + debuginfo] target(s) in 4.64s
     Running `/tmp/valence-compat-projectile-travel-collision-target/debug/examples/ctf`
MC-COMPAT-MILESTONE projectile_loadout username=compatbota slot=0 item=Bow arrows=16
[2m2026-06-28T02:36:29.862320Z[0m [32m INFO[0m [2mctf[0m[2m:[0m MC-COMPAT-MILESTONE projectile_use attacker=compatbota victim=compatbotb hand=Main sequence=303 expected_sequence=303 sequence_matches=true projectile_id=arrow_probe_sequence_303 weapon=Bow damage=3.0 policy=damage-linear generation=0 clamped=false proof_basis=bounded_fixture_not_entity_physics
MC-COMPAT-MILESTONE projectile_use attacker=compatbota victim=compatbotb hand=Main sequence=303 expected_sequence=303 sequence_matches=true projectile_id=arrow_probe_sequence_303 weapon=Bow damage=3.0 policy=damage-linear generation=0 clamped=false proof_basis=bounded_fixture_not_entity_physics
[2m2026-06-28T02:36:29.862333Z[0m [32m INFO[0m [2mctf[0m[2m:[0m MC-COMPAT-MILESTONE projectile_travel_sample attacker=compatbota target=compatbotb sequence=303 projectile_id=arrow_probe_sequence_303 weapon=Bow sample=synthetic_midpoint sample_index=1 proof_basis=bounded_fixture_not_entity_physics
MC-COMPAT-MILESTONE projectile_travel_sample attacker=compatbota target=compatbotb sequence=303 projectile_id=arrow_probe_sequence_303 weapon=Bow sample=synthetic_midpoint sample_index=1 proof_basis=bounded_fixture_not_entity_physics
[2m2026-06-28T02:36:29.862337Z[0m [32m INFO[0m [2mctf[0m[2m:[0m MC-COMPAT-MILESTONE projectile_collision attacker=compatbota target=compatbotb sequence=303 projectile_id=arrow_probe_sequence_303 weapon=Bow collision=synthetic_entity_hit proof_basis=bounded_fixture_not_entity_physics
MC-COMPAT-MILESTONE projectile_collision attacker=compatbota target=compatbotb sequence=303 projectile_id=arrow_probe_sequence_303 weapon=Bow collision=synthetic_entity_hit proof_basis=bounded_fixture_not_entity_physics
[2m2026-06-28T02:36:29.862342Z[0m [32m INFO[0m [2mctf[0m[2m:[0m MC-COMPAT-MILESTONE projectile_hit attacker=compatbota victim=compatbotb sequence=303 projectile_id=arrow_probe_sequence_303 weapon=Bow damage=3.0 victim_health_before=20.0 victim_health_after=17.0 policy=damage-linear generation=0 clamped=false proof_basis=bounded_fixture_not_entity_physics
MC-COMPAT-MILESTONE projectile_hit attacker=compatbota victim=compatbotb sequence=303 projectile_id=arrow_probe_sequence_303 weapon=Bow damage=3.0 victim_health_before=20.0 victim_health_after=17.0 policy=damage-linear generation=0 clamped=false proof_basis=bounded_fixture_not_entity_physics
MC-COMPAT-MILESTONE inventory_hotbar_select username=compatbota slot=0 source=team_inventory_setup
MC-COMPAT-MILESTONE inventory_hotbar_select username=compatbota slot=0
MC-COMPAT-MILESTONE projectile_loadout username=compatbotb slot=0 item=Bow arrows=16
MC-COMPAT-MILESTONE inventory_hotbar_select username=compatbotb slot=0 source=team_inventory_setup
MC-COMPAT-MILESTONE inventory_hotbar_select username=compatbota slot=0
MC-COMPAT-MILESTONE inventory_hotbar_select username=compatbotb slot=0
MC-COMPAT-MILESTONE inventory_hotbar_select username=compatbotb slot=0
