## cairn gates
$ nix run --no-update-lock-file .#cairn -- gate proposal projectile-travel-collision-parity --root .
{
  "change": "projectile-travel-collision-parity",
  "evidence_summary": {
    "docs_only": 0,
    "fixture": 0,
    "formal": 0,
    "mode": "advisory",
    "model": 0,
    "probe": 0,
    "property": 0
  },
  "input_hash": "bd571525dd4e8db601285b4258bca70fe474628e832d72db6950f43eec20c041",
  "issues": [],
  "layout": "cairn",
  "policy": "cairn-default",
  "policy_hash": "7d2c6606b81e38f9414e81df24c64c9a638d4c238d8a9c04412ac95e347c3355",
  "receipt_hash": "a944db8e4a2eacd66f86d49070730da24d4091d1ae34f41a9b0253ec1712f29c",
  "stage": "proposal",
  "valid": true,
  "verdict": "PASS"
}
gate_proposal_exit_status=0
$ nix run --no-update-lock-file .#cairn -- gate design projectile-travel-collision-parity --root .
{
  "change": "projectile-travel-collision-parity",
  "evidence_summary": {
    "docs_only": 0,
    "fixture": 0,
    "formal": 0,
    "mode": "advisory",
    "model": 0,
    "probe": 0,
    "property": 0
  },
  "input_hash": "bd77872bc4233e8d60ebb003f3c0f762d6057326f61abb65d01b36acedb4263e",
  "issues": [],
  "layout": "cairn",
  "policy": "cairn-default",
  "policy_hash": "7d2c6606b81e38f9414e81df24c64c9a638d4c238d8a9c04412ac95e347c3355",
  "receipt_hash": "c527ff2f1ed6d1bb9c95aad54d650f9c54673a7def98985399ca3742b9edbc66",
  "stage": "design",
  "valid": true,
  "verdict": "PASS"
}
gate_design_exit_status=0
$ nix run --no-update-lock-file .#cairn -- gate tasks projectile-travel-collision-parity --root .
{
  "change": "projectile-travel-collision-parity",
  "evidence_summary": {
    "docs_only": 0,
    "fixture": 0,
    "formal": 0,
    "mode": "advisory",
    "model": 0,
    "probe": 0,
    "property": 0
  },
  "input_hash": "c48df9480821802f092108be18c7477fc6e63f5f304a1397d66780b8893bb327",
  "issues": [],
  "layout": "cairn",
  "policy": "cairn-default",
  "policy_hash": "7d2c6606b81e38f9414e81df24c64c9a638d4c238d8a9c04412ac95e347c3355",
  "receipt_hash": "aaf47d80cc67a23207ff925cba1ca2f0f16e11ea7e510761cb22ba5ca92b1a6c",
  "stage": "tasks",
  "valid": true,
  "verdict": "PASS"
}
gate_tasks_exit_status=0
## cairn validate
$ nix run --no-update-lock-file .#cairn -- validate --root .
{
  "change_issues": [],
  "changes": 7,
  "issues": [],
  "layout": "cairn",
  "policy": "cairn-default",
  "spec_issues": [],
  "specs_validated": 9,
  "valid": true
}
validate_exit_status=0
