{
  "change": "promote-typed-gameplay-events-from-packets",
  "evidence_summary": {
    "docs_only": 0,
    "fixture": 0,
    "formal": 0,
    "mode": "advisory",
    "model": 0,
    "probe": 0,
    "property": 0
  },
  "input_hash": "8334db5fc70fc259f92ed513e610bd6649c372b59c3efcee2cdfdcff2afd0c78",
  "issues": [],
  "layout": "cairn",
  "policy": "cairn-default",
  "policy_hash": "a210ed841d260e0bf026f3c67ec810216b6409cfe6036f9132b51cc4e3176618",
  "receipt_hash": "70480d51f618b526163a21272cae03bec1eeced1d4f7a46a598041350166fadb",
  "stage": "proposal",
  "valid": true,
  "verdict": "PASS"
}

exit_status=0
