{
  "actions": [
    {
      "description": "merge delta spec into main specs: ./cairn/changes/promote-typed-gameplay-events-from-packets/specs/valence-bevy-ecs/spec.md",
      "kind": "sync_delta_spec",
      "path": "./cairn/changes/promote-typed-gameplay-events-from-packets/specs/valence-bevy-ecs/spec.md"
    }
  ],
  "blocked": false,
  "change": "promote-typed-gameplay-events-from-packets",
  "delta_specs": [
    "./cairn/changes/promote-typed-gameplay-events-from-packets/specs/valence-bevy-ecs/spec.md"
  ],
  "dry_run": false,
  "input_hash": "97dd59a28094645c2ed95ab3c555e5f0bc4ea743f4db03e39dd6e4540b6d91d6",
  "layout": "cairn",
  "mutated": true,
  "mutation_manifest": {
    "after": {
      "entries": [
        {
          "content_hash": "9c578545225b4727c77e0be8d8e8f96cbf6d0af9e5a4e4e6c5519cba1d29a357",
          "exists": true,
          "path": "./cairn/specs/valence-bevy-ecs/spec.md"
        }
      ],
      "manifest_hash": "28d8a71786bac532afd66bfb578b328ec5dfa4259615e79ac945c6df391ae3f1"
    },
    "before": {
      "entries": [
        {
          "content_hash": "9c578545225b4727c77e0be8d8e8f96cbf6d0af9e5a4e4e6c5519cba1d29a357",
          "exists": true,
          "path": "./cairn/specs/valence-bevy-ecs/spec.md"
        }
      ],
      "manifest_hash": "28d8a71786bac532afd66bfb578b328ec5dfa4259615e79ac945c6df391ae3f1"
    },
    "kind": "sync",
    "manifest_hash": "caa0e76da44fb6a0610f98d03b5656eebd514e2485f192791f77f88e7928401b"
  },
  "plan_hash": "4a4d6067ae752b67f9fcdf767df5a232047bef488bce7c3ab03d005415d624de",
  "policy": "cairn-default",
  "policy_hash": "a210ed841d260e0bf026f3c67ec810216b6409cfe6036f9132b51cc4e3176618",
  "reasons": [],
  "receipt_hash": "3164d9623e97ae0ccbcd7d0d06db94f60ab034a753d020a1b27cf35b6451fb89"
}

exit_status=0
