{
  "change": "promote-typed-gameplay-events-from-packets",
  "evidence_summary": {
    "docs_only": 0,
    "fixture": 0,
    "formal": 0,
    "mode": "advisory",
    "model": 0,
    "probe": 0,
    "property": 0
  },
  "input_hash": "ba70a582505fad6f84b726fb51e825e03e0f95ee105090f94f7854f3d3821675",
  "issues": [],
  "layout": "cairn",
  "policy": "cairn-default",
  "policy_hash": "a210ed841d260e0bf026f3c67ec810216b6409cfe6036f9132b51cc4e3176618",
  "receipt_hash": "5998475beea646264d96f0929e75d7d0c306c51b2d5d18250b50275d2276bd8b",
  "stage": "proposal",
  "valid": true,
  "verdict": "PASS"
}

exit_status=0
