{
  "change": "promote-typed-gameplay-events-from-packets",
  "evidence_summary": {
    "docs_only": 0,
    "fixture": 0,
    "formal": 0,
    "mode": "advisory",
    "model": 0,
    "probe": 0,
    "property": 0
  },
  "input_hash": "d8e3f169476ea9864dee1c2f595e6bf1653d991293a7f2821f78b2a4ba73e6f3",
  "issues": [],
  "layout": "cairn",
  "policy": "cairn-default",
  "policy_hash": "a210ed841d260e0bf026f3c67ec810216b6409cfe6036f9132b51cc4e3176618",
  "receipt_hash": "71073929408ef9212e6a234d641ade3febe215612cbe34526c081226ac2d1d1e",
  "stage": "design",
  "valid": true,
  "verdict": "PASS"
}

exit_status=0
