{
  "change": "promote-typed-gameplay-events-from-packets",
  "evidence_summary": {
    "docs_only": 0,
    "fixture": 0,
    "formal": 0,
    "mode": "advisory",
    "model": 0,
    "probe": 0,
    "property": 0
  },
  "input_hash": "2a586ef7bc052806b25636deeca8431d058ff5f37f70209e11406c718c9d589e",
  "issues": [],
  "layout": "cairn",
  "policy": "cairn-default",
  "policy_hash": "a210ed841d260e0bf026f3c67ec810216b6409cfe6036f9132b51cc4e3176618",
  "receipt_hash": "31ed54cbcce7e5e73dbad47120d1099e2b244283f4ebc0067a8e8c6398e9b412",
  "stage": "tasks",
  "valid": true,
  "verdict": "PASS"
}

exit_status=0
