{
  "change": "promote-typed-gameplay-events-from-packets",
  "evidence_summary": {
    "docs_only": 0,
    "fixture": 0,
    "formal": 0,
    "mode": "advisory",
    "model": 0,
    "probe": 0,
    "property": 0
  },
  "input_hash": "f5f443205a729122cca86b54371a16dae2c389a2d8fbae8e9e0c12144f3d69a8",
  "issues": [],
  "layout": "cairn",
  "policy": "cairn-default",
  "policy_hash": "a210ed841d260e0bf026f3c67ec810216b6409cfe6036f9132b51cc4e3176618",
  "receipt_hash": "6dc8802f813f968751fa6ceb4bf0c1a6a3f8284556ba5620707f6eb1f8a1196c",
  "stage": "design",
  "valid": true,
  "verdict": "PASS"
}

exit_status=0
