{
  "change": "promote-typed-gameplay-events-from-packets",
  "evidence_summary": {
    "docs_only": 0,
    "fixture": 0,
    "formal": 0,
    "mode": "advisory",
    "model": 0,
    "probe": 0,
    "property": 0
  },
  "input_hash": "5b411528e5a848bf8ea0ef763af0a2986d19d553d18da556cedefb3d75cfc5e8",
  "issues": [],
  "layout": "cairn",
  "policy": "cairn-default",
  "policy_hash": "a210ed841d260e0bf026f3c67ec810216b6409cfe6036f9132b51cc4e3176618",
  "receipt_hash": "3babc8db529836e15b6113f561e7276230f623c0927b62e84d0aecc92b056810",
  "stage": "tasks",
  "valid": true,
  "verdict": "PASS"
}

exit_status=0
