[init] Running as uid=1000 gid=1000 with /data as 'drwxr-xr-x 2 1000 1000 4096 May 27 12:37 /data'
[init] Image info: buildtime=2026-05-27T12:37:15.979Z,version=java17,revision=544382d5d60276f846113991585e69bb4f7077a3
[init] Resolving type given PAPER
[39m[mc-image-helper] 20:42:29.632 INFO  : Downloaded /data/paper-1.20.1-196.jar
[0;39m[init] Copying any plugins from /plugins to /data/plugins
[39m[mc-image-helper] 20:42:30.584 INFO  : Copying /plugins/mc-compat-paper-survival-crafting-fixture-2026-05-31.jar -> /data/plugins/mc-compat-paper-survival-crafting-fixture-2026-05-31.jar
[0;39m[init] Copying any configs from /config to /data/config
[init] Creating server properties in /data/server.properties
[init] Disabling whitelist functionality
[39m[mc-image-helper] 20:42:31.205 INFO  : Created/updated 7 properties in /data/server.properties
[0;39m[39m[mc-image-helper] 20:42:31.965 INFO  : Downloaded /data/config/paper-world-defaults.yml from https://raw.githubusercontent.com/Shonz1/minecraft-default-configs/main/1.20.1/paper-world-defaults.yml
[0;39m[39m[mc-image-helper] 20:42:31.966 INFO  : Downloaded /data/config/paper-global.yml from https://raw.githubusercontent.com/Shonz1/minecraft-default-configs/main/1.20.1/paper-global.yml
[0;39m[39m[mc-image-helper] 20:42:33.024 INFO  : Downloaded /data/bukkit.yml from https://raw.githubusercontent.com/Shonz1/minecraft-default-configs/main/1.20.1/bukkit.yml
[0;39m[39m[mc-image-helper] 20:42:33.024 INFO  : Downloaded /data/spigot.yml from https://raw.githubusercontent.com/Shonz1/minecraft-default-configs/main/1.20.1/spigot.yml
[0;39m[init] Setting initial memory to 1G and max to 1G
[init] Starting the Minecraft server...
Downloading mojang_1.20.1.jar
Applying patches
Starting org.bukkit.craftbukkit.Main
*** Warning, you've not updated in a while! ***
*** Please download a new build as per instructions from https://papermc.io/downloads/paper ***
System Info: Java 17 (OpenJDK 64-Bit Server VM 17.0.15+6) Host: Linux 6.18.30 (amd64)
Loading libraries, please wait...
2026-05-31 20:42:35,390 ServerMain WARN Advanced terminal features are not available in this environment
[20:42:37 INFO]: Environment: authHost='https://authserver.mojang.com', accountsHost='https://api.mojang.com', sessionHost='https://sessionserver.mojang.com', servicesHost='https://api.minecraftservices.com', name='PROD'
[20:42:37 INFO]: Found new data pack file/bukkit, loading it automatically
[20:42:37 INFO]: Loaded 7 recipes
[20:42:37 INFO]: Starting minecraft server version 1.20.1
[20:42:37 INFO]: Loading properties
[20:42:37 INFO]: This server is running Paper version git-Paper-196 (MC: 1.20.1) (Implementing API version 1.20.1-R0.1-SNAPSHOT) (Git: 773dd72)
[20:42:38 INFO]: Server Ping Player Sample Count: 12
[20:42:38 INFO]: Using 4 threads for Netty based IO
[20:42:38 WARN]: [!] The timings profiler has been enabled but has been scheduled for removal from Paper in the future.
    We recommend installing the spark profiler as a replacement: https://spark.lucko.me/
    For more information please visit: https://github.com/PaperMC/Paper/issues/8948
[20:42:38 INFO]: [ChunkTaskScheduler] Chunk system is using 1 I/O threads, 8 worker threads, and gen parallelism of 8 threads
[20:42:38 INFO]: Default game type: SURVIVAL
[20:42:38 INFO]: Generating keypair
[20:42:38 INFO]: Starting Minecraft server on *:25565
[20:42:38 INFO]: Using epoll channel type
[20:42:38 INFO]: Paper: Using libdeflate (Linux x86_64) compression from Velocity.
[20:42:38 INFO]: Paper: Using OpenSSL 1.1.x (Linux x86_64) cipher from Velocity.
[20:42:38 INFO]: [McCompatSurvivalFixture] Loading server plugin McCompatSurvivalFixture v0.1.0
[20:42:38 WARN]: **** SERVER IS RUNNING IN OFFLINE/INSECURE MODE!
[20:42:38 WARN]: The server will make no attempt to authenticate usernames. Beware.
[20:42:38 WARN]: While this makes the game possible to play without internet access, it also opens up the ability for hackers to connect with any username they choose.
[20:42:38 WARN]: To change this, set "online-mode" to "true" in the server.properties file.
[20:42:38 INFO]: Preparing level "world"
[20:42:40 INFO]: Preparing start region for dimension minecraft:overworld
[20:42:40 INFO]: Time elapsed: 55 ms
[20:42:40 INFO]: Preparing start region for dimension minecraft:the_nether
[20:42:40 INFO]: Time elapsed: 39 ms
[20:42:40 INFO]: Preparing start region for dimension minecraft:the_end
[20:42:40 INFO]: Time elapsed: 26 ms
[20:42:40 INFO]: [McCompatSurvivalFixture] Enabling McCompatSurvivalFixture v0.1.0
[20:42:40 INFO]: [McCompatSurvivalFixture] MC-COMPAT-MILESTONE survival_fixture_enabled
[20:42:40 INFO]: Starting remote control listener
[20:42:40 INFO]: Thread RCON Listener started
[20:42:40 INFO]: RCON running on 0.0.0.0:25575
[20:42:40 INFO]: Running delayed init tasks
[20:42:40 INFO]: Done (2.703s)! For help, type "help"
[20:42:40 INFO]: Timings Reset
[20:42:44 INFO]: UUID of player compatbot is 44fbb854-bbe7-3711-88fe-c85ab1543ed5
[20:42:44 INFO]: compatbot joined the game
[20:42:44 INFO]: compatbot[/172.30.0.1:53010] logged in with entity id 429 at ([world]9.5, 70.0, 3.5)
[20:42:44 INFO]: [McCompatSurvivalFixture] MC-COMPAT-MILESTONE survival_join username=compatbot gamemode=Survival target=0,64,1
[20:42:46 WARN]: compatbot moved wrongly!
[20:42:46 INFO]: [McCompatSurvivalFixture] MC-COMPAT-MILESTONE survival_block_break username=compatbot item=Dirt at=0,64,1
[20:42:47 INFO]: [McCompatSurvivalFixture] MC-COMPAT-MILESTONE survival_crafting_table_open username=compatbot position=4,64,0 window=1
[20:42:47 INFO]: [McCompatSurvivalFixture] MC-COMPAT-MILESTONE survival_pickup_item username=compatbot slot=36 item=Dirt count=1
[20:42:48 INFO]: [McCompatSurvivalFixture] MC-COMPAT-MILESTONE survival_crafting_input_a username=compatbot window=1 slot=1 item=OakPlanks count=1
[20:42:48 INFO]: [McCompatSurvivalFixture] MC-COMPAT-MILESTONE survival_crafting_input_b username=compatbot window=1 slot=4 item=OakPlanks count=1
[20:42:48 INFO]: [McCompatSurvivalFixture] MC-COMPAT-MILESTONE survival_crafting_result username=compatbot window=1 slot=0 item=Stick count=4 recipe=minecraft:stick
[20:42:49 INFO]: [McCompatSurvivalFixture] MC-COMPAT-MILESTONE survival_crafting_collect username=compatbot window=1 slot=0 item=Stick count=4 inventory_slot=36
[20:42:49 INFO]: [McCompatSurvivalFixture] MC-COMPAT-MILESTONE survival_block_place username=compatbot item=Dirt from_slot=36 at=0,65,1
[20:42:58 WARN]: compatbot was kicked for floating too long!
[20:42:58 INFO]: compatbot lost connection: Flying is not enabled on this server
[20:42:58 INFO]: compatbot left the game
