# Protocol-763 survival chest persistence runner rail — 2026-05-29

## Scope

Evidence for Cairn task `r[mc_compatibility.survival_chest_persistence.runner]`: runner scenario parsing/evaluation and Stevenarella client probe compile. This is not paired Paper/Valence persistence evidence and does not promote the matrix row.

## Summary

| Check | Command | Result |
| --- | --- | --- |
| Baseline runner tests | `cargo test --manifest-path tools/mc-compat-runner/Cargo.toml scenario_cli_and_env_parse`, `supported_scenario_usage_lists_all_supported_scenarios`, `survival_break_place_pickup_scenario_tracks_client_and_server_evidence` through `nix develop --no-update-lock-file -c` | pass |
| Post-change runner tests | baseline tests plus `survival_chest_persistence_scenario_tracks_client_and_server_evidence` through `nix develop --no-update-lock-file -c` | pass |
| Stevenarella compile | `cargo check --manifest-path stevenarella/Cargo.toml` through `nix develop --no-update-lock-file -c` | pass with pre-existing warnings |
| Runner dry-run selection | `cargo run --manifest-path tools/mc-compat-runner/Cargo.toml -- --dry-run --scenario survival-chest-persistence ...` | pass; non-promoting dry-run receipt |

## Baseline focused runner tests

```text
     Running unittests src/main.rs (/home/brittonr/.cargo-target/debug/deps/mc_compat_runner-0b4c6e2aba35508d)

running 1 test
test tests::supported_scenario_usage_lists_all_supported_scenarios ... ok

test result: ok. 1 passed; 0 failed; 0 ignored; 0 measured; 51 filtered out; finished in 0.00s

    Finished `test` profile [unoptimized + debuginfo] target(s) in 0.09s
     Running unittests src/main.rs (/home/brittonr/.cargo-target/debug/deps/mc_compat_runner-0b4c6e2aba35508d)

running 1 test
test tests::survival_break_place_pickup_scenario_tracks_client_and_server_evidence ... ok

test result: ok. 1 passed; 0 failed; 0 ignored; 0 measured; 51 filtered out; finished in 0.00s


```

## Post-change focused runner tests

```text
     Running unittests src/main.rs (/home/brittonr/.cargo-target/debug/deps/mc_compat_runner-0b4c6e2aba35508d)

running 1 test
test tests::survival_chest_persistence_scenario_tracks_client_and_server_evidence ... ok

test result: ok. 1 passed; 0 failed; 0 ignored; 0 measured; 52 filtered out; finished in 0.00s

    Finished `test` profile [unoptimized + debuginfo] target(s) in 0.04s
     Running unittests src/main.rs (/home/brittonr/.cargo-target/debug/deps/mc_compat_runner-0b4c6e2aba35508d)

running 1 test
test tests::survival_break_place_pickup_scenario_tracks_client_and_server_evidence ... ok

test result: ok. 1 passed; 0 failed; 0 ignored; 0 measured; 52 filtered out; finished in 0.00s


```

## Post-change Stevenarella compile check

```text
...   |
258 | |     TextBox,
259 | | }
    | |_- in this macro invocation
    |
    = help: the same lifetime is referred to in inconsistent ways, making the signature confusing
    = note: this warning originates in the macro `define_elements` (in Nightly builds, run with -Z macro-backtrace for more info)
help: use `'_` for type paths
    |
102 |             fn draw(&self, renderer: &mut render::Renderer, r: &Region, sw: f64, sh: f64, width: f64, height: f64, delta: f64) -> RefMut<'_, [u8]> {
    |                                                                                                                                          +++

warning: `stevenarella` (lib) generated 2 warnings (run `cargo fix --lib -p stevenarella` to apply 2 suggestions)
warning: `stevenarella` (bin "stevenarella") generated 2 warnings (2 duplicates)
    Finished `dev` profile [optimized + debuginfo] target(s) in 15.38s

```

## Runner dry-run scenario selection

```text
mc compat shell: use 'mc-compat-runner --dry-run' or 'nix run .#mc-compat-smoke -- --run'
Stevenarella dev env: cargo/rustc/xvfb-run/OpenSSL/fontconfig/freetype/libxcb paths are available
OnixResearch tools are pinned over SSH: cairn, cargo-octet
   Compiling mc-compat-runner v0.1.0 (/home/brittonr/git/mc/tools/mc-compat-runner)
warning: constant `PROJECTILE_DAMAGE_CLIENT_HEALTH_NEEDLE` is never used
  --> src/main.rs:35:7
   |
35 | const PROJECTILE_DAMAGE_CLIENT_HEALTH_NEEDLE: &str = "update_health health=17.0";
   |       ^^^^^^^^^^^^^^^^^^^^^^^^^^^^^^^^^^^^^^
   |
   = note: `#[warn(dead_code)]` (part of `#[warn(unused)]`) on by default

warning: function `evaluate_scenario` is never used
    --> src/main.rs:1442:4
     |
1442 | fn evaluate_scenario(scenario: Scenario, output: &str) -> ScenarioEvidence {
     |    ^^^^^^^^^^^^^^^^^

warning: enum `MutabilityClass` is never used
  --> src/runtime_config.rs:52:17
   |
52 | pub(crate) enum MutabilityClass {
   |                 ^^^^^^^^^^^^^^^

warning: struct `FieldDiff` is never constructed
   --> src/runtime_config.rs:123:19
    |
123 | pub(crate) struct FieldDiff {
    |                   ^^^^^^^^^

warning: struct `ApplyPlan` is never constructed
   --> src/runtime_config.rs:131:19
    |
131 | pub(crate) struct ApplyPlan {
    |                   ^^^^^^^^^

warning: struct `ReloadOutcome` is never constructed
   --> src/runtime_config.rs:139:19
    |
139 | pub(crate) struct ReloadOutcome {
    |                   ^^^^^^^^^^^^^

warning: struct `RuntimeConfigController` is never constructed
   --> src/runtime_config.rs:146:19
    |
146 | pub(crate) struct RuntimeConfigController {
    |                   ^^^^^^^^^^^^^^^^^^^^^^^

warning: associated items `new`, `active`, and `reload_with` are never used
   --> src/runtime_config.rs:151:19
    |
150 | impl RuntimeConfigController {
    | ---------------------------- associated items in this implementation
151 |     pub(crate) fn new(active: RuntimeConfigSnapshot) -> Self {
    |                   ^^^
...
155 |     pub(crate) fn active(&self) -> &RuntimeConfigSnapshot {
    |                   ^^^^^^
...
159 |     pub(crate) fn reload_with<F>(
    |                   ^^^^^^^^^^^

warning: function `diff_snapshots` is never used
   --> src/runtime_config.rs:374:15
    |
374 | pub(crate) fn diff_snapshots(
    |               ^^^^^^^^^^^^^^

warning: function `redacted_value` is never used
   --> src/runtime_config.rs:508:15
    |
508 | pub(crate) fn redacted_value(path: &str, value: &str) -> String {
    |               ^^^^^^^^^^^^^^

warning: function `build_apply_plan` is never used
   --> src/runtime_config.rs:516:15
    |
516 | pub(crate) fn build_apply_plan(diffs: Vec<FieldDiff>, allow_restart_only: bool) -> ApplyPlan {
    |               ^^^^^^^^^^^^^^^^

warning: function `push_diff` is never used
   --> src/runtime_config.rs:921:4
    |
921 | fn push_diff(
    |    ^^^^^^^^^

warning: `mc-compat-runner` (bin "mc-compat-runner") generated 12 warnings
    Finished `dev` profile [unoptimized + debuginfo] target(s) in 0.99s
     Running `/home/brittonr/.cargo-target/debug/mc-compat-runner --dry-run --scenario survival-chest-persistence --server-backend valence --client-dir stevenarella --valence-repo valence --valence-rev HEAD --receipt target/survival-chest-persistence-runner-dry-run.json`
[mc-compat] plan: build client, start Valence server, wait for protocol 763, run client under isolated Xvfb/X11
[mc-compat] building Stevenarella client
+ cd "stevenarella" && CARGO_TARGET_DIR="/tmp/stevenarella-target2" CMAKE_POLICY_VERSION_MINIMUM="3.5" RUSTC_WRAPPER="" "cargo" "build" "--bin" "stevenarella"
[mc-compat] using existing Valence worktree /tmp/valence-compat-758
[mc-compat] starting Valence HEAD example 'terrain' on 127.0.0.1:25565; log: /tmp/mc-compat-valence.log
[mc-compat] would run Valence example from /tmp/valence-compat-758
[mc-compat] probing status 127.0.0.1:25565 expecting protocol 763
[mc-compat] would run Rust protocol status probe
[mc-compat] running Stevenarella headless scenario 'survival-chest-persistence' isolated from host Wayland compositor
[mc-compat] would run Stevenarella under xvfb-run
[mc-compat] wrote smoke receipt target/survival-chest-persistence-runner-dry-run.json

```

## Post-help-string runner compile smoke

```text
cannot build on 'ssh-ng://root@10.10.10.1': error: failed to start SSH connection to '10.10.10.1'
building '/nix/store/w62n8agx6jp67d1gx7lqcs9ih3nz4s9g-mc-compat-runner-0.1.0.drv'...
building '/nix/store/46i3jzw8vf1v3rl5k7z3z1sqwn137yny-nix-shell-env.drv'...
mc compat shell: use 'mc-compat-runner --dry-run' or 'nix run .#mc-compat-smoke -- --run'
Stevenarella dev env: cargo/rustc/xvfb-run/OpenSSL/fontconfig/freetype/libxcb paths are available
OnixResearch tools are pinned over SSH: cairn, cargo-octet
   Compiling mc-compat-runner v0.1.0 (/home/brittonr/git/mc/tools/mc-compat-runner)
    Finished `test` profile [unoptimized + debuginfo] target(s) in 0.52s
     Running unittests src/main.rs (/home/brittonr/.cargo-target/debug/deps/mc_compat_runner-0b4c6e2aba35508d)

running 1 test
test tests::survival_chest_persistence_scenario_tracks_client_and_server_evidence ... ok

test result: ok. 1 passed; 0 failed; 0 ignored; 0 measured; 52 filtered out; finished in 0.00s


```
