command=nix run path:/home/brittonr/git/mc#cairn -- archive prototype-valence-hyperion-bridge-slice --root /home/brittonr/git/mc
{
  "actions": [
    {
      "description": "move active change to archive: prototype-valence-hyperion-bridge-slice",
      "kind": "archive_change",
      "path": "/home/brittonr/git/mc/cairn/changes/prototype-valence-hyperion-bridge-slice"
    }
  ],
  "blocked": false,
  "change": "prototype-valence-hyperion-bridge-slice",
  "dry_run": true,
  "input_hash": "5f6bb18f54b5f4f295c5a09b5221baad890a94622489dd8d8b6a970b10afb588",
  "layout": "cairn",
  "mutated": false,
  "mutation_manifest": null,
  "plan_hash": "452da241c6aabbe0ae5a920af6546a4f26a36464efa080f335250eda7c879dd3",
  "policy": "cairn-default",
  "policy_hash": "a210ed841d260e0bf026f3c67ec810216b6409cfe6036f9132b51cc4e3176618",
  "reasons": [],
  "receipt_hash": "99362424ce0963f3e09c3b39f153f82bb80adbe74efd0412c20903012615f8e3"
}
exit_status=0
command=CAIRN_ARCHIVE_DATE=2026-06-30 nix run path:/home/brittonr/git/mc#cairn -- archive prototype-valence-hyperion-bridge-slice --root /home/brittonr/git/mc --execute
{
  "actions": [
    {
      "description": "move active change to archive: prototype-valence-hyperion-bridge-slice",
      "kind": "archive_change",
      "path": "/home/brittonr/git/mc/cairn/archive/2026-06-30-prototype-valence-hyperion-bridge-slice"
    }
  ],
  "blocked": false,
  "change": "prototype-valence-hyperion-bridge-slice",
  "dry_run": false,
  "input_hash": "5f6bb18f54b5f4f295c5a09b5221baad890a94622489dd8d8b6a970b10afb588",
  "layout": "cairn",
  "mutated": true,
  "mutation_manifest": {
    "after": {
      "entries": [
        {
          "content_hash": "1247a6a83a04a6a84329c0a9ca20a0ea34202ea3a389da528b66a8d4f2d5b053",
          "exists": true,
          "path": "./cairn/archive/2026-06-30-prototype-valence-hyperion-bridge-slice/design.md"
        },
        {
          "content_hash": "311044f71d6f6b9d5931e6a3e981ed6551bc96fc7f7c2c573c75236a2703aa6d",
          "exists": true,
          "path": "./cairn/archive/2026-06-30-prototype-valence-hyperion-bridge-slice/proposal.md"
        },
        {
          "content_hash": "83e677ad761a3ff88acedbf721f59f4a0b638ed9e5959dabe8bd6c47f3ea170f",
          "exists": true,
          "path": "./cairn/archive/2026-06-30-prototype-valence-hyperion-bridge-slice/specs/valence-hyperion-integration/spec.md"
        },
        {
          "content_hash": "c7d8e28aed12c0a504ff1707ae013bee6a2669d0a9bc23018338c879ebb23692",
          "exists": true,
          "path": "./cairn/archive/2026-06-30-prototype-valence-hyperion-bridge-slice/tasks.md"
        },
        {
          "content_hash": null,
          "exists": false,
          "path": "./cairn/changes/prototype-valence-hyperion-bridge-slice"
        }
      ],
      "manifest_hash": "85575ae8944da56fd2985adb9ded0d025a8a99b28fc1de1d18fc5671fa31e6cf"
    },
    "before": {
      "entries": [
        {
          "content_hash": "1247a6a83a04a6a84329c0a9ca20a0ea34202ea3a389da528b66a8d4f2d5b053",
          "exists": true,
          "path": "./cairn/changes/prototype-valence-hyperion-bridge-slice/design.md"
        },
        {
          "content_hash": "311044f71d6f6b9d5931e6a3e981ed6551bc96fc7f7c2c573c75236a2703aa6d",
          "exists": true,
          "path": "./cairn/changes/prototype-valence-hyperion-bridge-slice/proposal.md"
        },
        {
          "content_hash": "83e677ad761a3ff88acedbf721f59f4a0b638ed9e5959dabe8bd6c47f3ea170f",
          "exists": true,
          "path": "./cairn/changes/prototype-valence-hyperion-bridge-slice/specs/valence-hyperion-integration/spec.md"
        },
        {
          "content_hash": "c7d8e28aed12c0a504ff1707ae013bee6a2669d0a9bc23018338c879ebb23692",
          "exists": true,
          "path": "./cairn/changes/prototype-valence-hyperion-bridge-slice/tasks.md"
        }
      ],
      "manifest_hash": "3071112f550904c146b41b6520615e3c7ba6aa4c8bcd7b92f959a51fdbfa7485"
    },
    "kind": "archive",
    "manifest_hash": "8de0144b3f92c992ed80848d0a64cdc777d2d739ac8a8928798b5ae93f28dfbf"
  },
  "plan_hash": "edeb53bc5bf63ca948e87f4cefcd529fcd4903be752f1405818722eb46a8bd96",
  "policy": "cairn-default",
  "policy_hash": "a210ed841d260e0bf026f3c67ec810216b6409cfe6036f9132b51cc4e3176618",
  "reasons": [],
  "receipt_hash": "2501d69b4f8847703ec87e54f04feefd10e9b393c89890d3c60316576bee91b3"
}
exit_status=0
