# protocol command/recipe pre-archive validation 2026-06-01
$ target/check-cairn-task-evidence --self-test && target/check-cairn-task-evidence
task evidence self-test passed: positive fixtures and fail-closed mutations passed
task evidence gate passed: 97 completed tasks checked across 28 active task files
$ nix run --no-update-lock-file .#cairn -- gate tasks protocol-command-recipe-advancement-family-coverage --root .
{
  "change": "protocol-command-recipe-advancement-family-coverage",
  "evidence_summary": {
    "docs_only": 0,
    "fixture": 0,
    "formal": 0,
    "mode": "advisory",
    "model": 0,
    "probe": 0,
    "property": 0
  },
  "input_hash": "d0a4d447c1f04f8bb1887c23dec6f61327aa11e7ea19629dd7fcbc59f2e7e3e5",
  "issues": [],
  "layout": "cairn",
  "policy": "cairn-default",
  "policy_hash": "7d2c6606b81e38f9414e81df24c64c9a638d4c238d8a9c04412ac95e347c3355",
  "receipt_hash": "81ae29286340fdf1a5c94548d267f64ccd829b0e215e93cc2ddadedfbdb9ce0f",
  "stage": "tasks",
  "valid": true,
  "verdict": "PASS"
}
$ nix run --no-update-lock-file .#cairn -- validate --root .
{
  "change_issues": [],
  "changes": 28,
  "issues": [],
  "layout": "cairn",
  "policy": "cairn-default",
  "spec_issues": [],
  "specs_validated": 30,
  "valid": true
}
exit_status=0
