# protocol entity metadata post-archive validation 2026-06-01
acceptance matrix self-test ok: positive and negative fixtures exercised
acceptance matrix check passed: 28 rows validated
current evidence bundle self-test ok: positive and negative fixtures exercised
current evidence bundle check passed: 28 rows validated
task evidence self-test passed: positive fixtures and fail-closed mutations passed
task evidence gate passed: 79 completed tasks checked across 23 active task files
mc compat shell: use 'mc-compat-runner --dry-run' or 'nix run .#mc-compat-smoke -- --run'
Stevenarella dev env: cargo/rustc/xvfb-run/OpenSSL/fontconfig/freetype/libxcb paths are available
OnixResearch tools are pinned over SSH: cairn, cargo-octet
evidence manifest self-test ok: positive and negative fixtures exercised
mc compat shell: use 'mc-compat-runner --dry-run' or 'nix run .#mc-compat-smoke -- --run'
Stevenarella dev env: cargo/rustc/xvfb-run/OpenSSL/fontconfig/freetype/libxcb paths are available
OnixResearch tools are pinned over SSH: cairn, cargo-octet
evidence manifests ok: 223 manifests, 1026 entries, 80 receipts scanned
{
  "change_issues": [],
  "changes": 23,
  "issues": [],
  "layout": "cairn",
  "policy": "cairn-default",
  "spec_issues": [],
  "specs_validated": 25,
  "valid": true
}
exit_status=0
