$ MC_COMPAT_IGNORE_DECODE_ERRORS=1 SERVER_PROTOCOL=763 SERVER_VERSION=1.20.1 VALENCE_REPO=/home/brittonr/git/mc/valence VALENCE_REV=3359f855e9fa01f3c924b84adaf10727ea0a67b5 VALENCE_EXAMPLE=survival_compat VALENCE_WORKTREE=/tmp/valence-compat-survival-crafting-3359f855e9fa01f3c924b84adaf10727ea0a67b5-live VALENCE_TARGET_DIR=/tmp/valence-compat-survival-crafting-target CLIENT_TIMEOUT=60 SMOKE_RECEIPT=target/mc-compat-survival-crafting-table-receipts/valence-survival-crafting-table-2026-05-31.receipt.json nix run --no-update-lock-file .#mc-compat-smoke -- --run --server-backend valence --scenario survival-crafting-table --receipt target/mc-compat-survival-crafting-table-receipts/valence-survival-crafting-table-2026-05-31.receipt.json
[mc-compat] building Stevenarella client
warning: `/home/brittonr/git/mc/stevenarella/.cargo/config` is deprecated in favor of `config.toml`
  |
  = help: if you need to support cargo 1.38 or earlier, you can symlink `config` to `config.toml`
warning: file `/home/brittonr/git/mc/stevenarella/src/main.rs` found to be present in multiple build targets:
  * `lib` target `stevenarella`
  * `bin` target `stevenarella`
warning: unnecessary parentheses around closure body
    --> blocks/src/lib.rs:1052:36
     |
1052 |         offsets |protocol_version| (instrument.offsets(protocol_version)
     |                                    ^
1053 |             .map(|offset| offset * (25 * 2) + ((note as usize) << 1) + if powered { 0 } else { 1 })),
     |                                                                                                    ^
     |
     = note: `#[warn(unused_parens)]` (part of `#[warn(unused)]`) on by default
help: remove these parentheses
     |
1052 ~         offsets |protocol_version| instrument.offsets(protocol_version)
1053 ~             .map(|offset| offset * (25 * 2) + ((note as usize) << 1) + if powered { 0 } else { 1 }),
     |

warning: unnecessary parentheses around closure body
    --> blocks/src/lib.rs:1407:36
     |
1407 |         offsets |protocol_version| (variant.offsets(protocol_version)),
     |                                    ^                                 ^
     |
help: remove these parentheses
     |
1407 -         offsets |protocol_version| (variant.offsets(protocol_version)),
1407 +         offsets |protocol_version| variant.offsets(protocol_version),
     |

warning: `steven_blocks` (lib) generated 2 warnings (run `cargo fix --lib -p steven_blocks` to apply 2 suggestions)
warning: hiding a lifetime that's elided elsewhere is confusing
   --> src/console/mod.rs:181:32
    |
181 |     pub fn get<T: Sized + Any>(&self, var: CVar<T>) -> Ref<T>
    |                                ^^^^^                   ^^^^^^ the same lifetime is hidden here
    |                                |
    |                                the lifetime is elided here
    |
    = help: the same lifetime is referred to in inconsistent ways, making the signature confusing
    = note: `#[warn(mismatched_lifetime_syntaxes)]` on by default
help: use `'_` for type paths
    |
181 |     pub fn get<T: Sized + Any>(&self, var: CVar<T>) -> Ref<'_, T>
    |                                                            +++

warning: hiding a lifetime that's elided elsewhere is confusing
   --> src/ui/mod.rs:102:21
    |
102 |               fn draw(&self, renderer: &mut render::Renderer, r: &Region, sw: f64, sh: f64, width: f64, height: f64, delta: f64) -> RefMut<[u8]> {
    |                       ^^^^^ the lifetime is elided here                                                                             ^^^^^^^^^^^^ the same lifetime is hidden here
...
252 | / define_elements! {
253 | |     Image,
254 | |     Batch,
255 | |     Text,
...   |
258 | |     TextBox,
259 | | }
    | |_- in this macro invocation
    |
    = help: the same lifetime is referred to in inconsistent ways, making the signature confusing
    = note: this warning originates in the macro `define_elements` (in Nightly builds, run with -Z macro-backtrace for more info)
help: use `'_` for type paths
    |
102 |             fn draw(&self, renderer: &mut render::Renderer, r: &Region, sw: f64, sh: f64, width: f64, height: f64, delta: f64) -> RefMut<'_, [u8]> {
    |                                                                                                                                          +++

warning: `stevenarella` (lib) generated 2 warnings (run `cargo fix --lib -p stevenarella` to apply 2 suggestions)
warning: `stevenarella` (bin "stevenarella") generated 2 warnings (2 duplicates)
    Finished `dev` profile [optimized + debuginfo] target(s) in 0.15s
[mc-compat] creating isolated Valence worktree /tmp/valence-compat-survival-crafting-3359f855e9fa01f3c924b84adaf10727ea0a67b5-live at 3359f855e9fa01f3c924b84adaf10727ea0a67b5
Preparing worktree (detached HEAD 3359f85)
HEAD is now at 3359f85 seed survival crafting fixture state
[mc-compat] starting Valence 3359f855e9fa01f3c924b84adaf10727ea0a67b5 example 'survival_compat' on 127.0.0.1:25565; log: /tmp/mc-compat-valence.log
[mc-compat] probing status 127.0.0.1:25565 expecting protocol 763
{"description":{"text":"A Valence Server"},"players":{"max":20,"online":0,"sample":[]},"version":{"name":"1.20.1","protocol":763}}
[mc-compat] running Stevenarella headless scenario 'survival-crafting-table' isolated from host Wayland compositor
[main.rs:1037][INFO] Starting steven
[platform_impl/linux/x11/util/randr.rs:23][WARN] XRandR reported that the display's 0mm in size, which is certifiably insane
[platform_impl/linux/x11/window.rs:147][INFO] Guessed window scale factor: 1
[main.rs:1173][INFO] Shader version: #version 150
[main.rs:290][INFO] Detected server protocol version 763
[server/mod.rs:362][INFO] MC-COMPAT-MILESTONE connect_start protocol=763 address=127.0.0.1:25565
[server/mod.rs:367][INFO] MC-COMPAT-MILESTONE tcp_connected
[server/mod.rs:384][INFO] MC-COMPAT-MILESTONE handshake_sent next=login
[server/mod.rs:398][INFO] MC-COMPAT-MILESTONE login_start_sent
[server/mod.rs:405][INFO] MC-COMPAT-MILESTONE login_compression threshold=256
[server/mod.rs:466][WARN] Server is running in offline mode
[server/mod.rs:467][INFO] MC-COMPAT-MILESTONE login_success state=play protocol=763 username=compatbot properties=0
[server/mod.rs:2423][INFO] MC-COMPAT-MILESTONE join_game_763_shape dimension_type=minecraft:overworld world=minecraft:overworld portal_cooldown=0
[server/mod.rs:2490][INFO] MC-COMPAT-MILESTONE join_game entity_id=0 gamemode=Survival
[server/mod.rs:3989][INFO] Received chat message: Welcome to the Valence survival compatibility fixture.
[server/mod.rs:3467][INFO] MC-COMPAT-MILESTONE inventory_probe_set_slot window=255 state_id=0 slot=-1 item=id=23 count=2
[server/mod.rs:3003][INFO] MC-COMPAT-MILESTONE update_health health=14.0 food=20 saturation=0.0
[server/mod.rs:4137][INFO] MC-COMPAT-MILESTONE first_chunk_data chunk_x=0 chunk_z=0
[server/mod.rs:995][INFO] MC-COMPAT-MILESTONE render_tick_with_player
[server/mod.rs:3090][INFO] MC-COMPAT-MILESTONE survival_crafting_move_near_table x=4.5 y=65.0 z=0.5 position=4,64,0
[server/mod.rs:3106][INFO] MC-COMPAT-MILESTONE survival_crafting_open_request_sent hand=main position=4,64,0 face=up sequence=608
[server/mod.rs:3300][INFO] MC-COMPAT-MILESTONE survival_crafting_table_open_seen window=1 position=4,64,0
[server/mod.rs:3374][INFO] MC-COMPAT-MILESTONE inventory_probe_window_items window=1 state_id=0 slots=10 slot36=missing slot37=missing carried=id=23 count=2
[server/mod.rs:3229][INFO] MC-COMPAT-MILESTONE survival_crafting_result_seen window=1 slot=0 item=Stick count=4 recipe=minecraft:stick
[server/mod.rs:3467][INFO] MC-COMPAT-MILESTONE inventory_probe_set_slot window=1 state_id=0 slot=37 item=id=807 count=4
[server/mod.rs:3257][INFO] MC-COMPAT-MILESTONE survival_crafting_inventory_updated slot=36 item=Stick count=4
[server/mod.rs:3138][INFO] MC-COMPAT-MILESTONE survival_crafting_input_a_sent window=1 slot=1 item=OakPlanks count=1
[server/mod.rs:3374][INFO] MC-COMPAT-MILESTONE inventory_probe_window_items window=1 state_id=0 slots=10 slot36=missing slot37=missing carried=id=23 count=2
[server/mod.rs:3157][INFO] MC-COMPAT-MILESTONE survival_crafting_input_b_sent window=1 slot=4 item=OakPlanks count=1
[server/mod.rs:3374][INFO] MC-COMPAT-MILESTONE inventory_probe_window_items window=1 state_id=0 slots=10 slot36=missing slot37=missing carried=id=23 count=2
[server/mod.rs:3176][INFO] MC-COMPAT-MILESTONE survival_crafting_result_collected window=1 slot=0 item=Stick count=4
[server/mod.rs:3374][INFO] MC-COMPAT-MILESTONE inventory_probe_window_items window=1 state_id=0 slots=10 slot36=missing slot37=missing carried=id=23 count=2
[mc-compat] client compatbot finished Some(124); log: /tmp/mc-compat-client.compatbot.1780260314572.log
[mc-compat] stopping managed Valence server process 2360917
[mc-compat] wrote typed event log target/mc-compat-survival-crafting-table-receipts/valence-survival-crafting-table-2026-05-31.receipt.typed-events.log
[mc-compat] wrote smoke receipt target/mc-compat-survival-crafting-table-receipts/valence-survival-crafting-table-2026-05-31.receipt.json
