
$ git -C valence rev-parse --short HEAD
5c97914

$ git -C valence diff --check HEAD -- examples/survival_compat.rs

$ git -C /home/brittonr/git diff --cached --check -- mc/tools/paper-survival-fixture/src/main/java/mc/compat/paper/SurvivalFixturePlugin.java

$ nix develop --no-update-lock-file -c bash -lc cd\ valence\ \&\&\ cargo\ test\ --example\ survival_compat
mc compat shell: use 'mc-compat-runner --dry-run' or 'nix run .#mc-compat-smoke -- --run'
Stevenarella dev env: cargo/rustc/xvfb-run/OpenSSL/fontconfig/freetype/libxcb paths are available
OnixResearch tools are pinned over SSH: cairn, cargo-octet
/home/brittonr/git/mc/valence
    Finished `test` profile [optimized + debuginfo] target(s) in 0.18s
     Running unittests examples/survival_compat.rs (/home/brittonr/.cargo-target/debug/examples/survival_compat-fc8aeafe148fae07)

running 7 tests
test tests::survival_break_accepts_only_target_stop_destroy ... ok
test tests::survival_crafting_opens_only_main_hand_survival_target ... ok
test tests::survival_chest_opens_only_main_hand_survival_target ... ok
test tests::survival_crafting_input_event_requires_exact_slot_window_item ... ok
test tests::survival_crafting_collect_event_requires_result_slot_and_stack ... ok
test tests::survival_chest_store_event_requires_exact_slot_window_item ... ok
test tests::survival_place_accepts_only_main_hand_up_on_target ... ok

test result: ok. 7 passed; 0 failed; 0 ignored; 0 measured; 0 filtered out; finished in 0.00s


$ nix shell --no-update-lock-file nixpkgs#maven nixpkgs#jdk -c mvn -q -f /tmp/paper-api-classpath/pom.xml dependency:build-classpath -Dmdep.outputFile=/tmp/paper-api-classpath/classpath.txt

$ nix shell --no-update-lock-file nixpkgs#jdk -c javac --release 17 -proc:none -cp /home/brittonr/.m2/repository/io/papermc/paper/paper-api/1.20.1-R0.1-SNAPSHOT/paper-api-1.20.1-R0.1-SNAPSHOT.jar:/home/brittonr/.m2/repository/com/google/guava/guava/31.1-jre/guava-31.1-jre.jar:/home/brittonr/.m2/repository/com/google/guava/failureaccess/1.0.1/failureaccess-1.0.1.jar:/home/brittonr/.m2/repository/com/google/guava/listenablefuture/9999.0-empty-to-avoid-conflict-with-guava/listenablefuture-9999.0-empty-to-avoid-conflict-with-guava.jar:/home/brittonr/.m2/repository/com/google/code/findbugs/jsr305/3.0.2/jsr305-3.0.2.jar:/home/brittonr/.m2/repository/com/google/errorprone/error_prone_annotations/2.11.0/error_prone_annotations-2.11.0.jar:/home/brittonr/.m2/repository/com/google/j2objc/j2objc-annotations/1.3/j2objc-annotations-1.3.jar:/home/brittonr/.m2/repository/com/google/code/gson/gson/2.10/gson-2.10.jar:/home/brittonr/.m2/repository/net/md-5/bungeecord-chat/1.20-R0.1-deprecated+build.14/bungeecord-chat-1.20-R0.1-deprecated+build.14.jar:/home/brittonr/.m2/repository/org/yaml/snakeyaml/2.0/snakeyaml-2.0.jar:/home/brittonr/.m2/repository/org/joml/joml/1.10.5/joml-1.10.5.jar:/home/brittonr/.m2/repository/com/googlecode/json-simple/json-simple/1.1.1/json-simple-1.1.1.jar:/home/brittonr/.m2/repository/it/unimi/dsi/fastutil/8.5.6/fastutil-8.5.6.jar:/home/brittonr/.m2/repository/org/apache/logging/log4j/log4j-api/2.17.1/log4j-api-2.17.1.jar:/home/brittonr/.m2/repository/org/slf4j/slf4j-api/1.8.0-beta4/slf4j-api-1.8.0-beta4.jar:/home/brittonr/.m2/repository/org/apache/maven/maven-resolver-provider/3.8.5/maven-resolver-provider-3.8.5.jar:/home/brittonr/.m2/repository/org/apache/maven/maven-model/3.8.5/maven-model-3.8.5.jar:/home/brittonr/.m2/repository/org/apache/maven/maven-model-builder/3.8.5/maven-model-builder-3.8.5.jar:/home/brittonr/.m2/repository/org/codehaus/plexus/plexus-interpolation/1.26/plexus-interpolation-1.26.jar:/home/brittonr/.m2/repository/org/apache/maven/maven-artifact/3.8.5/maven-artifact-3.8.5.jar:/home/brittonr/.m2/repository/org/apache/maven/maven-builder-support/3.8.5/maven-builder-support-3.8.5.jar:/home/brittonr/.m2/repository/org/eclipse/sisu/org.eclipse.sisu.inject/0.3.5/org.eclipse.sisu.inject-0.3.5.jar:/home/brittonr/.m2/repository/org/apache/maven/maven-repository-metadata/3.8.5/maven-repository-metadata-3.8.5.jar:/home/brittonr/.m2/repository/org/apache/maven/resolver/maven-resolver-api/1.6.3/maven-resolver-api-1.6.3.jar:/home/brittonr/.m2/repository/org/apache/maven/resolver/maven-resolver-spi/1.6.3/maven-resolver-spi-1.6.3.jar:/home/brittonr/.m2/repository/org/apache/maven/resolver/maven-resolver-util/1.6.3/maven-resolver-util-1.6.3.jar:/home/brittonr/.m2/repository/org/apache/maven/resolver/maven-resolver-impl/1.6.3/maven-resolver-impl-1.6.3.jar:/home/brittonr/.m2/repository/org/apache/commons/commons-lang3/3.8.1/commons-lang3-3.8.1.jar:/home/brittonr/.m2/repository/org/codehaus/plexus/plexus-utils/3.3.0/plexus-utils-3.3.0.jar:/home/brittonr/.m2/repository/javax/inject/javax.inject/1/javax.inject-1.jar:/home/brittonr/.m2/repository/net/kyori/adventure-api/4.14.0/adventure-api-4.14.0.jar:/home/brittonr/.m2/repository/net/kyori/adventure-key/4.14.0/adventure-key-4.14.0.jar:/home/brittonr/.m2/repository/net/kyori/examination-api/1.3.0/examination-api-1.3.0.jar:/home/brittonr/.m2/repository/net/kyori/examination-string/1.3.0/examination-string-1.3.0.jar:/home/brittonr/.m2/repository/org/jetbrains/annotations/24.0.1/annotations-24.0.1.jar:/home/brittonr/.m2/repository/net/kyori/adventure-text-minimessage/4.14.0/adventure-text-minimessage-4.14.0.jar:/home/brittonr/.m2/repository/net/kyori/adventure-text-serializer-gson/4.14.0/adventure-text-serializer-gson-4.14.0.jar:/home/brittonr/.m2/repository/net/kyori/adventure-text-serializer-json/4.14.0/adventure-text-serializer-json-4.14.0.jar:/home/brittonr/.m2/repository/net/kyori/adventure-text-serializer-legacy/4.14.0/adventure-text-serializer-legacy-4.14.0.jar:/home/brittonr/.m2/repository/net/kyori/adventure-text-serializer-plain/4.14.0/adventure-text-serializer-plain-4.14.0.jar:/home/brittonr/.m2/repository/net/kyori/adventure-text-logger-slf4j/4.14.0/adventure-text-logger-slf4j-4.14.0.jar:/home/brittonr/.m2/repository/org/checkerframework/checker-qual/3.21.0/checker-qual-3.21.0.jar:/home/brittonr/.m2/repository/org/ow2/asm/asm/9.4/asm-9.4.jar:/home/brittonr/.m2/repository/org/ow2/asm/asm-commons/9.4/asm-commons-9.4.jar:/home/brittonr/.m2/repository/org/ow2/asm/asm-tree/9.4/asm-tree-9.4.jar -d target/paper-survival-crafting-fixture-classes tools/paper-survival-fixture/src/main/java/mc/compat/paper/SurvivalFixturePlugin.java

$ nix shell --no-update-lock-file nixpkgs#jdk -c jar --create --file docs/evidence/mc-compat-paper-survival-crafting-fixture-2026-05-31.jar -C target/paper-survival-crafting-fixture-classes .

$ env VALENCE_REPO=/home/brittonr/git/mc/valence VALENCE_REV=5c97914 VALENCE_WORKTREE=/tmp/valence-compat-survival-crafting-5c97914 MC_COMPAT_SURVIVAL_CRAFTING_TABLE_RECEIPT=target/mc-compat-survival-crafting-table-fixture-dry-run/valence-survival-crafting-table-dry-run.json nix run --no-update-lock-file .#mc-compat-valence-survival-crafting-table -- --dry-run
[mc-compat] plan: build client, start Valence server, wait for protocol 763, run client under isolated Xvfb/X11
[mc-compat] building Stevenarella client
+ cd "/home/brittonr/git/mc/stevenarella" && CARGO_TARGET_DIR="/tmp/stevenarella-target2" CMAKE_POLICY_VERSION_MINIMUM="3.5" RUSTC_WRAPPER="" "cargo" "build" "--bin" "stevenarella"
+ "git" "-C" "/home/brittonr/git/mc/valence" "worktree" "prune"
[mc-compat] creating isolated Valence worktree /tmp/valence-compat-survival-crafting-5c97914 at 5c97914
+ "git" "-C" "/home/brittonr/git/mc/valence" "worktree" "add" "--detach" "/tmp/valence-compat-survival-crafting-5c97914" "5c97914"
[mc-compat] starting Valence 5c97914 example 'survival_compat' on 127.0.0.1:25565; log: /tmp/mc-compat-valence.log
[mc-compat] would run Valence example from /tmp/valence-compat-survival-crafting-5c97914
[mc-compat] probing status 127.0.0.1:25565 expecting protocol 763
[mc-compat] would run Rust protocol status probe
[mc-compat] running Stevenarella headless scenario 'survival-crafting-table' isolated from host Wayland compositor
[mc-compat] would run Stevenarella under xvfb-run
[mc-compat] wrote smoke receipt target/mc-compat-survival-crafting-table-fixture-dry-run/valence-survival-crafting-table-dry-run.json

fixture validation complete
