command=MC_COMPAT_SOAK_RECEIPT=docs/evidence/protocol-763-red-blue-scoring-soak-red-2026-05-30.receipt.json VALENCE_REV=HEAD VALENCE_WORKTREE=/tmp/valence-compat-red-blue-soak-red VALENCE_TARGET_DIR=/tmp/valence-compat-red-blue-soak-red-target nix run --no-update-lock-file .#mc-compat-valence-ctf-600s-soak -- --client-dir /home/brittonr/git/mc/stevenarella --valence-repo /home/brittonr/git/mc/valence --valence-rev HEAD
[mc-compat] building Stevenarella client
warning: `/home/brittonr/git/mc/stevenarella/.cargo/config` is deprecated in favor of `config.toml`
  |
  = help: if you need to support cargo 1.38 or earlier, you can symlink `config` to `config.toml`
warning: file `/home/brittonr/git/mc/stevenarella/src/main.rs` found to be present in multiple build targets:
  * `lib` target `stevenarella`
  * `bin` target `stevenarella`
warning: unnecessary parentheses around closure body
    --> blocks/src/lib.rs:1052:36
     |
1052 |         offsets |protocol_version| (instrument.offsets(protocol_version)
     |                                    ^
1053 |             .map(|offset| offset * (25 * 2) + ((note as usize) << 1) + if powered { 0 } else { 1 })),
     |                                                                                                    ^
     |
     = note: `#[warn(unused_parens)]` (part of `#[warn(unused)]`) on by default
help: remove these parentheses
     |
1052 ~         offsets |protocol_version| instrument.offsets(protocol_version)
1053 ~             .map(|offset| offset * (25 * 2) + ((note as usize) << 1) + if powered { 0 } else { 1 }),
     |

warning: unnecessary parentheses around closure body
    --> blocks/src/lib.rs:1407:36
     |
1407 |         offsets |protocol_version| (variant.offsets(protocol_version)),
     |                                    ^                                 ^
     |
help: remove these parentheses
     |
1407 -         offsets |protocol_version| (variant.offsets(protocol_version)),
1407 +         offsets |protocol_version| variant.offsets(protocol_version),
     |

warning: `steven_blocks` (lib) generated 2 warnings (run `cargo fix --lib -p steven_blocks` to apply 2 suggestions)
warning: hiding a lifetime that's elided elsewhere is confusing
   --> src/console/mod.rs:181:32
    |
181 |     pub fn get<T: Sized + Any>(&self, var: CVar<T>) -> Ref<T>
    |                                ^^^^^                   ^^^^^^ the same lifetime is hidden here
    |                                |
    |                                the lifetime is elided here
    |
    = help: the same lifetime is referred to in inconsistent ways, making the signature confusing
    = note: `#[warn(mismatched_lifetime_syntaxes)]` on by default
help: use `'_` for type paths
    |
181 |     pub fn get<T: Sized + Any>(&self, var: CVar<T>) -> Ref<'_, T>
    |                                                            +++

warning: hiding a lifetime that's elided elsewhere is confusing
   --> src/ui/mod.rs:102:21
    |
102 |               fn draw(&self, renderer: &mut render::Renderer, r: &Region, sw: f64, sh: f64, width: f64, height: f64, delta: f64) -> RefMut<[u8]> {
    |                       ^^^^^ the lifetime is elided here                                                                             ^^^^^^^^^^^^ the same lifetime is hidden here
...
252 | / define_elements! {
253 | |     Image,
254 | |     Batch,
255 | |     Text,
...   |
258 | |     TextBox,
259 | | }
    | |_- in this macro invocation
    |
    = help: the same lifetime is referred to in inconsistent ways, making the signature confusing
    = note: this warning originates in the macro `define_elements` (in Nightly builds, run with -Z macro-backtrace for more info)
help: use `'_` for type paths
    |
102 |             fn draw(&self, renderer: &mut render::Renderer, r: &Region, sw: f64, sh: f64, width: f64, height: f64, delta: f64) -> RefMut<'_, [u8]> {
    |                                                                                                                                          +++

warning: `stevenarella` (lib) generated 2 warnings (run `cargo fix --lib -p stevenarella` to apply 2 suggestions)
warning: `stevenarella` (bin "stevenarella") generated 2 warnings (2 duplicates)
    Finished `dev` profile [optimized + debuginfo] target(s) in 0.14s
[mc-compat] creating isolated Valence worktree /tmp/valence-compat-red-blue-soak-red at HEAD
Preparing worktree (detached HEAD f57a325)
HEAD is now at f57a325 add bounded CTF score-limit win probe
[mc-compat] starting Valence HEAD example 'ctf' on 127.0.0.1:25565; log: /tmp/mc-compat-valence.log
[mc-compat] probing status 127.0.0.1:25565 expecting protocol 763
{"description":{"text":"A Valence Server"},"players":{"max":20,"online":0,"sample":[]},"version":{"name":"1.20.1","protocol":763}}
[mc-compat] running Stevenarella headless scenario 'multi-client-load-score' isolated from host Wayland compositor
mc_compat_multi_client_count=2
[main.rs:254][INFO] Starting steven
[platform_impl/linux/x11/util/randr.rs:23][WARN] XRandR reported that the display's 0mm in size, which is certifiably insane
[platform_impl/linux/x11/window.rs:147][INFO] Guessed window scale factor: 1
[main.rs:346][INFO] Shader version: #version 150
[main.rs:99][INFO] Detected server protocol version 763
[server/mod.rs:274][INFO] MC-COMPAT-MILESTONE connect_start protocol=763 address=127.0.0.1:25565
[server/mod.rs:279][INFO] MC-COMPAT-MILESTONE tcp_connected
[server/mod.rs:296][INFO] MC-COMPAT-MILESTONE handshake_sent next=login
[server/mod.rs:310][INFO] MC-COMPAT-MILESTONE login_start_sent
[server/mod.rs:317][INFO] MC-COMPAT-MILESTONE login_compression threshold=256
[server/mod.rs:378][WARN] Server is running in offline mode
[server/mod.rs:379][INFO] MC-COMPAT-MILESTONE login_success state=play protocol=763 username=compatbota properties=0
[server/mod.rs:2319][INFO] MC-COMPAT-MILESTONE join_game_763_shape dimension_type=minecraft:overworld world=minecraft:overworld portal_cooldown=0
[server/mod.rs:2386][INFO] MC-COMPAT-MILESTONE join_game entity_id=0 gamemode=Adventure
[server/mod.rs:3624][INFO] Received chat message: Welcome to Valence! Select a team by jumping in the team's portal.
[server/mod.rs:2899][INFO] MC-COMPAT-MILESTONE update_health health=20.0 food=20 saturation=0.0
[server/mod.rs:3772][INFO] MC-COMPAT-MILESTONE first_chunk_data chunk_x=0 chunk_z=0
[server/mod.rs:1971][INFO] MC-COMPAT-MILESTONE active_probe_position_look_sent x=0.000 y=84.922 z=0.000 on_ground=false
[server/mod.rs:894][INFO] MC-COMPAT-MILESTONE render_tick_with_player
[server/mod.rs:951][INFO] MC-COMPAT-MILESTONE active_probe_input_start forward+sprint+jump
[server/mod.rs:957][INFO] MC-COMPAT-MILESTONE active_probe_jump_release
[server/mod.rs:2880][INFO] MC-COMPAT-MILESTONE remote_player_spawn entity_id=4 uuid=UUID(17279542629861541104, 17597886568995341490) name=compatbotb x=0.000 y=85.000 z=0.000
[server/mod.rs:961][INFO] MC-COMPAT-MILESTONE active_probe_input_turn right
[server/mod.rs:965][INFO] MC-COMPAT-MILESTONE active_probe_input_stop
[server/mod.rs:3235][INFO] MC-COMPAT-MILESTONE player_remove uuids=1
[server/mod.rs:1011][INFO] MC-COMPAT-MILESTONE team_probe_enter_red_portal x=-4.0 y=84.0 z=4.0
[server/mod.rs:1030][INFO] MC-COMPAT-MILESTONE team_probe_hold_red_portal start
[server/mod.rs:3624][INFO] Received chat message: You are on team RED!
[server/mod.rs:2880][INFO] MC-COMPAT-MILESTONE remote_player_spawn entity_id=5 uuid=UUID(57399523660260232, 4659645379363650449) name=compatbota x=-40.000 y=65.000 z=0.000
[server/mod.rs:1043][INFO] MC-COMPAT-MILESTONE team_probe_select_hotbar_slot slot=0
[server/mod.rs:1047][INFO] MC-COMPAT-MILESTONE team_probe_use_item_sent hand=main sequence=0
[server/mod.rs:1671][INFO] MC-COMPAT-MILESTONE flag_probe_move_to_blue_flag x=48.0 y=65.0 z=0.0 cycle=1
[server/mod.rs:2880][INFO] MC-COMPAT-MILESTONE remote_player_spawn entity_id=5 uuid=UUID(57399523660260232, 4659645379363650449) name=compatbota x=48.000 y=65.000 z=0.000
[server/mod.rs:2880][INFO] MC-COMPAT-MILESTONE remote_player_spawn entity_id=5 uuid=UUID(57399523660260232, 4659645379363650449) name=compatbota x=-40.000 y=0.000 z=0.000
[server/mod.rs:1699][INFO] MC-COMPAT-MILESTONE flag_probe_dig_blue_flag_sent status=stop_destroy location=46,67,0 sequence=1 cycle=1
[server/mod.rs:3624][INFO] Received chat message: You have the flag!
[server/mod.rs:3631][INFO] MC-COMPAT-MILESTONE flag_probe_have_flag_chat count=1 target=1
[server/mod.rs:1711][INFO] MC-COMPAT-MILESTONE flag_probe_move_to_red_capture x=-48.0 y=65.0 z=0.0 cycle=1
[server/mod.rs:3624][INFO] Received chat message: You captured the flag!
[server/mod.rs:3641][INFO] MC-COMPAT-MILESTONE flag_probe_capture_chat count=1 target=1
[server/mod.rs:3624][INFO] Received chat message: Scores:
RED: 1
BLUE: 0

[server/mod.rs:3651][INFO] MC-COMPAT-MILESTONE flag_probe_score_chat count=1 target=1 message=Scores:
RED: 1
BLUE: 0

[server/mod.rs:3656][INFO] MC-COMPAT-MILESTONE flag_probe_repeat_target_reached count=1 target=1
[main.rs:254][INFO] Starting steven
[platform_impl/linux/x11/util/randr.rs:23][WARN] XRandR reported that the display's 0mm in size, which is certifiably insane
[platform_impl/linux/x11/window.rs:147][INFO] Guessed window scale factor: 1
[main.rs:346][INFO] Shader version: #version 150
[main.rs:99][INFO] Detected server protocol version 763
[server/mod.rs:274][INFO] MC-COMPAT-MILESTONE connect_start protocol=763 address=127.0.0.1:25565
[server/mod.rs:279][INFO] MC-COMPAT-MILESTONE tcp_connected
[server/mod.rs:296][INFO] MC-COMPAT-MILESTONE handshake_sent next=login
[server/mod.rs:310][INFO] MC-COMPAT-MILESTONE login_start_sent
[server/mod.rs:317][INFO] MC-COMPAT-MILESTONE login_compression threshold=256
[server/mod.rs:378][WARN] Server is running in offline mode
[server/mod.rs:379][INFO] MC-COMPAT-MILESTONE login_success state=play protocol=763 username=compatbotb properties=0
[server/mod.rs:2319][INFO] MC-COMPAT-MILESTONE join_game_763_shape dimension_type=minecraft:overworld world=minecraft:overworld portal_cooldown=0
[server/mod.rs:2386][INFO] MC-COMPAT-MILESTONE join_game entity_id=0 gamemode=Adventure
[server/mod.rs:3624][INFO] Received chat message: Welcome to Valence! Select a team by jumping in the team's portal.
[server/mod.rs:2899][INFO] MC-COMPAT-MILESTONE update_health health=20.0 food=20 saturation=0.0
[server/mod.rs:3772][INFO] MC-COMPAT-MILESTONE first_chunk_data chunk_x=0 chunk_z=0
[server/mod.rs:2880][INFO] MC-COMPAT-MILESTONE remote_player_spawn entity_id=3 uuid=UUID(57399523660260232, 4659645379363650449) name=compatbota x=0.000 y=84.922 z=0.281
[server/mod.rs:1971][INFO] MC-COMPAT-MILESTONE active_probe_position_look_sent x=0.000 y=84.922 z=0.000 on_ground=false
[server/mod.rs:894][INFO] MC-COMPAT-MILESTONE render_tick_with_player
[server/mod.rs:951][INFO] MC-COMPAT-MILESTONE active_probe_input_start forward+sprint+jump
[server/mod.rs:957][INFO] MC-COMPAT-MILESTONE active_probe_jump_release
[server/mod.rs:961][INFO] MC-COMPAT-MILESTONE active_probe_input_turn right
[mc-compat] client compatbota finished Some(124); log: /tmp/mc-compat-client.compatbota.1780181113640.log
[mc-compat] client compatbotb finished Some(124); log: /tmp/mc-compat-client.compatbotb.1780181115640.log
[mc-compat] stopping managed Valence server process 561343
[mc-compat] wrote typed event log docs/evidence/protocol-763-red-blue-scoring-soak-red-2026-05-30.receipt.typed-events.log
[mc-compat] wrote smoke receipt docs/evidence/protocol-763-red-blue-scoring-soak-red-2026-05-30.receipt.json

status=pass
exit_status=0
scenario=multi-client-load-score
