command=CARGO_TARGET_DIR=/tmp/mc-cargo-script-target ./tools/check_survival_crafting_table.rs --self-test
survival crafting table self-test ok
checker_self_test_exit_status=0
command=CARGO_TARGET_DIR=/tmp/mc-cargo-script-target ./tools/check_survival_crafting_table.rs
survival crafting table contract ok: 72 metrics
checker_contract_exit_status=0
command=nix develop --no-update-lock-file -c sh -c "cd tools/mc-compat-runner && cargo test survival_crafting_table_scenario_tracks_client_and_server_evidence"
mc compat shell: use 'mc-compat-runner --dry-run' or 'nix run .#mc-compat-smoke -- --run'
Stevenarella dev env: cargo/rustc/xvfb-run/OpenSSL/fontconfig/freetype/libxcb paths are available
OnixResearch tools are pinned over SSH: cairn, cargo-octet
/home/brittonr/git/mc/tools/mc-compat-runner
    Finished `test` profile [unoptimized + debuginfo] target(s) in 0.06s
     Running unittests src/main.rs (/home/brittonr/.cargo-target/debug/deps/mc_compat_runner-3e287b8ac8843fbc)

running 1 test
test tests::survival_crafting_table_scenario_tracks_client_and_server_evidence ... ok

test result: ok. 1 passed; 0 failed; 0 ignored; 0 measured; 86 filtered out; finished in 0.00s

runner_scenario_test_exit_status=0
command=nix build --no-update-lock-file .#checks.x86_64-linux.mc-compat-valence-survival-crafting-table-dry-run .#checks.x86_64-linux.mc-compat-help .#checks.x86_64-linux.mc-compat-scenario-manifest --no-link -L
this derivation will be built:
  /nix/store/y1s8xyglkqrmlym1nqcvx1n7a1i3vc9x-mc-compat-scenario-manifest.drv
cannot build on 'ssh-ng://root@10.10.10.1': error: failed to start SSH connection to '10.10.10.1'
building '/nix/store/y1s8xyglkqrmlym1nqcvx1n7a1i3vc9x-mc-compat-scenario-manifest.drv'...
runner_nix_checks_exit_status=0
