# protocol chunk/biome pre-archive validation 2026-06-01
$ target/check-cairn-task-evidence --self-test && target/check-cairn-task-evidence
task evidence self-test passed: positive fixtures and fail-closed mutations passed
task evidence gate passed: 94 completed tasks checked across 27 active task files
$ nix run --no-update-lock-file .#cairn -- gate tasks protocol-chunk-biome-family-coverage --root .
{
  "change": "protocol-chunk-biome-family-coverage",
  "evidence_summary": {
    "docs_only": 0,
    "fixture": 0,
    "formal": 0,
    "mode": "advisory",
    "model": 0,
    "probe": 0,
    "property": 0
  },
  "input_hash": "ec635eca36e583496ce323fce8c3f1973eb09d61167a3b69e3d335c541c26b05",
  "issues": [],
  "layout": "cairn",
  "policy": "cairn-default",
  "policy_hash": "7d2c6606b81e38f9414e81df24c64c9a638d4c238d8a9c04412ac95e347c3355",
  "receipt_hash": "ce31595fc40b758c438ece14ff25e3b839991347b2bc3342897d4a58ae0e7b66",
  "stage": "tasks",
  "valid": true,
  "verdict": "PASS"
}
$ nix run --no-update-lock-file .#cairn -- validate --root .
{
  "change_issues": [],
  "changes": 27,
  "issues": [],
  "layout": "cairn",
  "policy": "cairn-default",
  "spec_issues": [],
  "specs_validated": 29,
  "valid": true
}
exit_status=0
