[init] Running as uid=1000 gid=1000 with /data as 'drwxr-xr-x 2 1000 1000 4096 May 27 12:37 /data'
[init] Image info: buildtime=2026-05-27T12:37:15.979Z,version=java17,revision=544382d5d60276f846113991585e69bb4f7077a3
[init] Resolving type given PAPER
[39m[mc-image-helper] 16:22:10.527 INFO  : Downloaded /data/paper-1.20.1-196.jar
[0;39m[init] Copying any plugins from /plugins to /data/plugins
[39m[mc-image-helper] 16:22:11.441 INFO  : Copying /plugins/mc-compat-paper-survival-fixture.jar -> /data/plugins/mc-compat-paper-survival-fixture.jar
[0;39m[init] Copying any configs from /config to /data/config
[init] Creating server properties in /data/server.properties
[init] Disabling whitelist functionality
[39m[mc-image-helper] 16:22:12.052 INFO  : Created/updated 7 properties in /data/server.properties
[0;39m[39m[mc-image-helper] 16:22:12.741 INFO  : Downloaded /data/config/paper-world-defaults.yml from https://raw.githubusercontent.com/Shonz1/minecraft-default-configs/main/1.20.1/paper-world-defaults.yml
[0;39m[39m[mc-image-helper] 16:22:12.741 INFO  : Downloaded /data/config/paper-global.yml from https://raw.githubusercontent.com/Shonz1/minecraft-default-configs/main/1.20.1/paper-global.yml
[0;39m[39m[mc-image-helper] 16:22:13.740 INFO  : Downloaded /data/spigot.yml from https://raw.githubusercontent.com/Shonz1/minecraft-default-configs/main/1.20.1/spigot.yml
[0;39m[39m[mc-image-helper] 16:22:13.740 INFO  : Downloaded /data/bukkit.yml from https://raw.githubusercontent.com/Shonz1/minecraft-default-configs/main/1.20.1/bukkit.yml
[0;39m[init] Setting initial memory to 1G and max to 1G
[init] Starting the Minecraft server...
Downloading mojang_1.20.1.jar
Applying patches
Starting org.bukkit.craftbukkit.Main
*** Warning, you've not updated in a while! ***
*** Please download a new build as per instructions from https://papermc.io/downloads/paper ***
System Info: Java 17 (OpenJDK 64-Bit Server VM 17.0.15+6) Host: Linux 6.18.30 (amd64)
Loading libraries, please wait...
2026-05-29 16:22:16,000 ServerMain WARN Advanced terminal features are not available in this environment
[16:22:17 INFO]: Environment: authHost='https://authserver.mojang.com', accountsHost='https://api.mojang.com', sessionHost='https://sessionserver.mojang.com', servicesHost='https://api.minecraftservices.com', name='PROD'
[16:22:17 INFO]: Found new data pack file/bukkit, loading it automatically
[16:22:18 INFO]: Loaded 7 recipes
[16:22:18 INFO]: Starting minecraft server version 1.20.1
[16:22:18 INFO]: Loading properties
[16:22:18 INFO]: This server is running Paper version git-Paper-196 (MC: 1.20.1) (Implementing API version 1.20.1-R0.1-SNAPSHOT) (Git: 773dd72)
[16:22:18 INFO]: Server Ping Player Sample Count: 12
[16:22:18 INFO]: Using 4 threads for Netty based IO
[16:22:18 WARN]: [!] The timings profiler has been enabled but has been scheduled for removal from Paper in the future.
    We recommend installing the spark profiler as a replacement: https://spark.lucko.me/
    For more information please visit: https://github.com/PaperMC/Paper/issues/8948
[16:22:18 INFO]: [ChunkTaskScheduler] Chunk system is using 1 I/O threads, 8 worker threads, and gen parallelism of 8 threads
[16:22:18 INFO]: Default game type: SURVIVAL
[16:22:18 INFO]: Generating keypair
[16:22:18 INFO]: Starting Minecraft server on *:25565
[16:22:18 INFO]: Using epoll channel type
[16:22:18 INFO]: Paper: Using libdeflate (Linux x86_64) compression from Velocity.
[16:22:18 INFO]: Paper: Using OpenSSL 1.1.x (Linux x86_64) cipher from Velocity.
[16:22:18 INFO]: [McCompatSurvivalFixture] Loading server plugin McCompatSurvivalFixture v0.1.0
[16:22:18 WARN]: **** SERVER IS RUNNING IN OFFLINE/INSECURE MODE!
[16:22:18 WARN]: The server will make no attempt to authenticate usernames. Beware.
[16:22:18 WARN]: While this makes the game possible to play without internet access, it also opens up the ability for hackers to connect with any username they choose.
[16:22:18 WARN]: To change this, set "online-mode" to "true" in the server.properties file.
[16:22:18 INFO]: Preparing level "world"
[16:22:20 INFO]: Preparing start region for dimension minecraft:overworld
[16:22:20 INFO]: Time elapsed: 59 ms
[16:22:20 INFO]: Preparing start region for dimension minecraft:the_nether
[16:22:20 INFO]: Time elapsed: 31 ms
[16:22:20 INFO]: Preparing start region for dimension minecraft:the_end
[16:22:20 INFO]: Time elapsed: 25 ms
[16:22:20 INFO]: [McCompatSurvivalFixture] Enabling McCompatSurvivalFixture v0.1.0
[16:22:20 INFO]: [McCompatSurvivalFixture] MC-COMPAT-MILESTONE survival_fixture_enabled
[16:22:20 INFO]: Starting remote control listener
[16:22:20 INFO]: Thread RCON Listener started
[16:22:20 INFO]: RCON running on 0.0.0.0:25575
[16:22:20 INFO]: Running delayed init tasks
[16:22:20 INFO]: Done (2.138s)! For help, type "help"
[16:22:20 INFO]: Timings Reset
[16:22:24 INFO]: UUID of player compatbot is 44fbb854-bbe7-3711-88fe-c85ab1543ed5
[16:22:24 INFO]: compatbot joined the game
[16:22:24 INFO]: compatbot[/172.30.0.1:37916] logged in with entity id 198 at ([world]8.5, 86.0, 5.5)
[16:22:24 INFO]: [McCompatSurvivalFixture] MC-COMPAT-MILESTONE survival_join username=compatbot gamemode=Survival target=0,64,1
[16:22:26 WARN]: compatbot moved wrongly!
[16:22:26 INFO]: [McCompatSurvivalFixture] MC-COMPAT-MILESTONE survival_block_break username=compatbot item=Dirt at=0,64,1
[16:22:27 INFO]: [McCompatSurvivalFixture] MC-COMPAT-MILESTONE survival_pickup_item username=compatbot slot=36 item=Dirt count=1
[16:22:28 INFO]: [McCompatSurvivalFixture] MC-COMPAT-MILESTONE survival_chest_open username=compatbot position=8,64,0 window=1
[16:22:29 INFO]: [McCompatSurvivalFixture] MC-COMPAT-MILESTONE survival_chest_store username=compatbot window=1 slot=0 item=Dirt count=1
[16:22:29 INFO]: [McCompatSurvivalFixture] MC-COMPAT-MILESTONE survival_block_place username=compatbot item=Dirt from_slot=36 at=0,65,1
[16:23:05 INFO]: compatbot lost connection: Disconnected
[16:23:05 INFO]: compatbot left the game
[16:23:13 INFO]: UUID of player compatbot is 44fbb854-bbe7-3711-88fe-c85ab1543ed5
[16:23:13 INFO]: compatbot joined the game
[16:23:13 INFO]: compatbot[/172.30.0.1:46478] logged in with entity id 396 at ([world]0.5, 65.0, 0.5)
[16:23:13 INFO]: [McCompatSurvivalFixture] MC-COMPAT-MILESTONE survival_join username=compatbot gamemode=Survival target=0,64,1
[16:23:15 WARN]: compatbot moved wrongly!
[16:23:17 INFO]: [McCompatSurvivalFixture] MC-COMPAT-MILESTONE survival_chest_reopen username=compatbot position=8,64,0 window=1
[16:23:17 INFO]: [McCompatSurvivalFixture] MC-COMPAT-MILESTONE survival_chest_persisted username=compatbot slot=0 item=Dirt count=1
[16:23:54 INFO]: [McCompatSurvivalFixture] MC-COMPAT-MILESTONE survival_chest_close username=compatbot window=1
[16:23:54 INFO]: compatbot lost connection: Disconnected
[16:23:54 INFO]: compatbot left the game
