[mc-compat] starting dry-run matrix: paper receipt=target/survival-reference-parity-dry-run-matrix-763/paper.json valence receipt=target/survival-reference-parity-dry-run-matrix-763/valence.json
[mc-compat] matrix backend paper -> target/survival-reference-parity-dry-run-matrix-763/paper.json
[mc-compat] plan: build client, start Paper server, wait for protocol 763, run client under isolated Xvfb/X11
[mc-compat] building Stevenarella client
+ cd "/home/brittonr/git/mc/stevenarella" && CARGO_TARGET_DIR="/tmp/stevenarella-target2" CMAKE_POLICY_VERSION_MINIMUM="3.5" RUSTC_WRAPPER="" "cargo" "build" "--bin" "stevenarella"
[mc-compat] server start will set EULA=TRUE using recorded user acceptance
[mc-compat] starting Paper 1.20.1 server on 127.0.0.1:25566 via itzg/minecraft-server:java17 with EULA=TRUE
+ "docker" "run" "-d" "--name" "mc-compat-1-18-2" "-p" "127.0.0.1:25566:25565" "-e" "EULA=TRUE" "-e" "TYPE=PAPER" "-e" "VERSION=1.20.1" "-e" "ONLINE_MODE=FALSE" "-e" "MEMORY=1G" "itzg/minecraft-server:java17"
[mc-compat] probing status 127.0.0.1:25566 expecting protocol 763
[mc-compat] would run Rust protocol status probe
[mc-compat] running Stevenarella headless scenario 'survival-break-place-pickup' isolated from host Wayland compositor
[mc-compat] would run Stevenarella under xvfb-run
[mc-compat] wrote smoke receipt target/survival-reference-parity-dry-run-matrix-763/paper.json
[mc-compat] matrix backend valence -> target/survival-reference-parity-dry-run-matrix-763/valence.json
[mc-compat] plan: build client, start Valence server, wait for protocol 763, run client under isolated Xvfb/X11
[mc-compat] building Stevenarella client
+ cd "/home/brittonr/git/mc/stevenarella" && CARGO_TARGET_DIR="/tmp/stevenarella-target2" CMAKE_POLICY_VERSION_MINIMUM="3.5" RUSTC_WRAPPER="" "cargo" "build" "--bin" "stevenarella"
[mc-compat] using existing Valence worktree /tmp/valence-compat-758
[mc-compat] starting Valence 8ad9c85 example 'terrain' on 127.0.0.1:25565; log: /tmp/mc-compat-valence.log
[mc-compat] would run Valence example from /tmp/valence-compat-758
[mc-compat] probing status 127.0.0.1:25565 expecting protocol 763
[mc-compat] would run Rust protocol status probe
[mc-compat] running Stevenarella headless scenario 'survival-break-place-pickup' isolated from host Wayland compositor
[mc-compat] would run Stevenarella under xvfb-run
[mc-compat] wrote smoke receipt target/survival-reference-parity-dry-run-matrix-763/valence.json
[mc-compat] matrix passed: paper=target/survival-reference-parity-dry-run-matrix-763/paper.json valence=target/survival-reference-parity-dry-run-matrix-763/valence.json protocol=763 mode=dry-run
