# survival reference parity gate 2026-05-28
$ python3 tools/check_survival_reference_parity.py --self-test
survival reference parity self-test ok
$ python3 tools/check_survival_reference_parity.py
survival reference parity ok: metrics defined; paired reference receipt still missing
$ python3 tools/check_survival_reference_parity.py --reference-receipt paper.json (expected partial-arg rejection)
missing_reference_client_log_arg
missing_reference_server_log_arg
missing_valence_receipt_arg
missing_valence_client_log_arg
missing_valence_server_log_arg
expected rejection observed: partial paired-artifact CLI args do not fall back to doc-only mode
$ python3 tools/check_survival_reference_parity.py with Valence receipt on both sides (expected rejection)
wrong_backend:reference:valence
expected rejection observed: Valence-only evidence is not a Paper/reference pair
$ python3 tools/check_acceptance_matrix.py
acceptance matrix ok: 16 seams, 16 hashes
$ python3 tools/check_current_evidence_bundle.py
current evidence bundle ok: 16 seams
$ nix run --no-update-lock-file .#cairn -- gate tasks add-survival-reference-parity-receipts --root .
{
  "change": "add-survival-reference-parity-receipts",
  "input_hash": "a3d275b69497c1df4923b2683a1729f6792e33918ff8212635ceba6f86ee78e9",
  "issues": [],
  "layout": "cairn",
  "policy": "cairn-default",
  "policy_hash": "248ef2d2239b7168825d4f7f625ae3eac4bcaacccc35b84bbac8f8d261fb5f4d",
  "receipt_hash": "076653054419ae7abf5a2a123d78610e4f35c2b1b6ea7d2f162505d83b6d9bb6",
  "stage": "tasks",
  "valid": true,
  "verdict": "PASS"
}
$ nix run --no-update-lock-file .#cairn -- validate --root .
{
  "change_issues": [],
  "changes": 3,
  "issues": [],
  "layout": "cairn",
  "policy": "cairn-default",
  "spec_issues": [],
  "specs_validated": 5,
  "valid": true
}
