== session 1 ==
[main.rs:254][INFO] Starting steven
[platform_impl/linux/x11/util/randr.rs:23][WARN] XRandR reported that the display's 0mm in size, which is certifiably insane
[platform_impl/linux/x11/window.rs:147][INFO] Guessed window scale factor: 1
[main.rs:346][INFO] Shader version: #version 150
[main.rs:99][INFO] Detected server protocol version 763
[server/mod.rs:255][INFO] MC-COMPAT-MILESTONE connect_start protocol=763 address=127.0.0.1:25565
[server/mod.rs:260][INFO] MC-COMPAT-MILESTONE tcp_connected
[server/mod.rs:277][INFO] MC-COMPAT-MILESTONE handshake_sent next=login
[server/mod.rs:291][INFO] MC-COMPAT-MILESTONE login_start_sent
[server/mod.rs:298][INFO] MC-COMPAT-MILESTONE login_compression threshold=256
[server/mod.rs:359][WARN] Server is running in offline mode
[server/mod.rs:360][INFO] MC-COMPAT-MILESTONE login_success state=play protocol=763 username=compatbot properties=0
[server/mod.rs:2113][INFO] MC-COMPAT-MILESTONE join_game_763_shape dimension_type=minecraft:overworld world=minecraft:overworld portal_cooldown=0
[server/mod.rs:2180][INFO] MC-COMPAT-MILESTONE join_game entity_id=0 gamemode=Survival
[server/mod.rs:3406][INFO] Received chat message: Welcome to the Valence survival compatibility fixture.
[server/mod.rs:2908][INFO] MC-COMPAT-MILESTONE inventory_probe_set_slot window=255 state_id=0 slot=-1 item=id=15 count=1
[server/mod.rs:3536][INFO] MC-COMPAT-MILESTONE first_chunk_data chunk_x=0 chunk_z=0
[server/mod.rs:2693][INFO] MC-COMPAT-MILESTONE update_health health=14.0 food=20 saturation=0.0
[server/mod.rs:849][INFO] MC-COMPAT-MILESTONE render_tick_with_player
[server/mod.rs:1205][INFO] MC-COMPAT-MILESTONE survival_chest_move_near_chest x=8.5 y=65.0 z=0.5 position=8,64,0
[server/mod.rs:1221][INFO] MC-COMPAT-MILESTONE survival_chest_open_request_sent hand=main position=8,64,0 face=up sequence=507
[server/mod.rs:2802][INFO] MC-COMPAT-MILESTONE survival_chest_open_seen window=1 position=8,64,0
[server/mod.rs:2851][INFO] MC-COMPAT-MILESTONE inventory_probe_window_items window=1 state_id=0 slots=27 slot36=missing slot37=missing carried=id=15 count=1
[server/mod.rs:1250][INFO] MC-COMPAT-MILESTONE survival_chest_store_sent window=1 slot=0 item=Dirt count=1
[server/mod.rs:1283][INFO] MC-COMPAT-MILESTONE survival_chest_close_sent window=1
[server/mod.rs:1292][INFO] MC-COMPAT-MILESTONE survival_chest_reconnect_sent session=1
[server/mod.rs:1646][WARN] MC-COMPAT-NONFATAL packet_parse_ignored
== session 2 ==
[main.rs:254][INFO] Starting steven
[platform_impl/linux/x11/util/randr.rs:23][WARN] XRandR reported that the display's 0mm in size, which is certifiably insane
[platform_impl/linux/x11/window.rs:147][INFO] Guessed window scale factor: 1
[main.rs:346][INFO] Shader version: #version 150
[main.rs:99][INFO] Detected server protocol version 763
[server/mod.rs:255][INFO] MC-COMPAT-MILESTONE connect_start protocol=763 address=127.0.0.1:25565
[server/mod.rs:260][INFO] MC-COMPAT-MILESTONE tcp_connected
[server/mod.rs:277][INFO] MC-COMPAT-MILESTONE handshake_sent next=login
[server/mod.rs:291][INFO] MC-COMPAT-MILESTONE login_start_sent
[server/mod.rs:298][INFO] MC-COMPAT-MILESTONE login_compression threshold=256
[server/mod.rs:359][WARN] Server is running in offline mode
[server/mod.rs:360][INFO] MC-COMPAT-MILESTONE login_success state=play protocol=763 username=compatbot properties=0
[server/mod.rs:2113][INFO] MC-COMPAT-MILESTONE join_game_763_shape dimension_type=minecraft:overworld world=minecraft:overworld portal_cooldown=0
[server/mod.rs:2180][INFO] MC-COMPAT-MILESTONE join_game entity_id=0 gamemode=Survival
[server/mod.rs:3406][INFO] Received chat message: Welcome to the Valence survival compatibility fixture.
[server/mod.rs:2908][INFO] MC-COMPAT-MILESTONE inventory_probe_set_slot window=255 state_id=0 slot=-1 item=id=15 count=1
[server/mod.rs:3536][INFO] MC-COMPAT-MILESTONE first_chunk_data chunk_x=0 chunk_z=0
[server/mod.rs:2693][INFO] MC-COMPAT-MILESTONE update_health health=14.0 food=20 saturation=0.0
[server/mod.rs:849][INFO] MC-COMPAT-MILESTONE render_tick_with_player
[server/mod.rs:1205][INFO] MC-COMPAT-MILESTONE survival_chest_move_near_chest x=8.5 y=65.0 z=0.5 position=8,64,0
[server/mod.rs:1221][INFO] MC-COMPAT-MILESTONE survival_chest_open_request_sent hand=main position=8,64,0 face=up sequence=507
[server/mod.rs:2792][INFO] MC-COMPAT-MILESTONE survival_chest_reopen_seen window=1 position=8,64,0
[server/mod.rs:2851][INFO] MC-COMPAT-MILESTONE inventory_probe_window_items window=1 state_id=0 slots=27 slot36=missing slot37=missing carried=id=15 count=1
[server/mod.rs:2749][INFO] MC-COMPAT-MILESTONE survival_chest_persisted_seen window=1 slot=0 item=Dirt count=1
