ratchet-scenario-fallback-budget preflight gates

$ nix run .#cairn -- change list --root .
{
  "changes": [
    {
      "delta_specs": [
        "./cairn/changes/ratchet-scenario-fallback-budget/specs/mc-compatibility/spec.md"
      ],
      "has_design": true,
      "has_proposal": true,
      "has_tasks": true,
      "metadata": {
        "groups": [],
        "status": null,
        "target_date": null
      },
      "name": "ratchet-scenario-fallback-budget",
      "path": "./cairn/changes/ratchet-scenario-fallback-budget",
      "task_counts": {
        "done": 0,
        "in_progress": 0,
        "todo": 5,
        "total": 5,
        "unmarked": 0
      }
    }
  ],
  "layout": "cairn",
  "root": "."
}
command_exit_status=0

$ nix run .#cairn -- validate --root .
{
  "change_issues": [],
  "changes": 1,
  "issues": [],
  "layout": "cairn",
  "policy": "cairn-default",
  "spec_issues": [],
  "specs_validated": 6,
  "valid": true
}
command_exit_status=0

$ nix run .#cairn -- gate proposal ratchet-scenario-fallback-budget --root .
{
  "change": "ratchet-scenario-fallback-budget",
  "evidence_summary": {
    "docs_only": 0,
    "fixture": 0,
    "formal": 0,
    "mode": "advisory",
    "model": 0,
    "probe": 0,
    "property": 0
  },
  "input_hash": "ab2e0b21f088b4fe525202951f17621dab097098d9ddc45a394b8c79327ef1b6",
  "issues": [],
  "layout": "cairn",
  "policy": "cairn-default",
  "policy_hash": "a210ed841d260e0bf026f3c67ec810216b6409cfe6036f9132b51cc4e3176618",
  "receipt_hash": "94d49a43f3d704cb62f14dcd7d9cddba3859f30e4d96839e6177996923b3ce05",
  "stage": "proposal",
  "valid": true,
  "verdict": "PASS"
}
command_exit_status=0

$ nix run .#cairn -- gate design ratchet-scenario-fallback-budget --root .
{
  "change": "ratchet-scenario-fallback-budget",
  "evidence_summary": {
    "docs_only": 0,
    "fixture": 0,
    "formal": 0,
    "mode": "advisory",
    "model": 0,
    "probe": 0,
    "property": 0
  },
  "input_hash": "5282503d26755736601af933f3eb4e9d5159ec7025c309d747b59faf74be85b7",
  "issues": [],
  "layout": "cairn",
  "policy": "cairn-default",
  "policy_hash": "a210ed841d260e0bf026f3c67ec810216b6409cfe6036f9132b51cc4e3176618",
  "receipt_hash": "f374f28208f8f4c1d612ccdf46cf3a59201f70e1a5557469d90b761d59ff5ba7",
  "stage": "design",
  "valid": true,
  "verdict": "PASS"
}
command_exit_status=0

$ nix run .#cairn -- gate tasks ratchet-scenario-fallback-budget --root .
{
  "change": "ratchet-scenario-fallback-budget",
  "evidence_summary": {
    "docs_only": 0,
    "fixture": 0,
    "formal": 0,
    "mode": "advisory",
    "model": 0,
    "probe": 0,
    "property": 0
  },
  "input_hash": "1e252fe56c2101590c33d7fca5afdf4aca9be464a460a0614f150ac16797dcff",
  "issues": [],
  "layout": "cairn",
  "policy": "cairn-default",
  "policy_hash": "a210ed841d260e0bf026f3c67ec810216b6409cfe6036f9132b51cc4e3176618",
  "receipt_hash": "d73c87e44f62518789ae50a0237f478bcf73c6aae0737719223f9833e1ede0cc",
  "stage": "tasks",
  "valid": true,
  "verdict": "PASS"
}
command_exit_status=0

exit_status=0
