ratchet-scenario-fallback-budget post-ratchet checks

$ nix develop --no-update-lock-file . -c rustc --edition=2021 tools/check_scenario_manifest.rs -o target/ratchet-check-scenario-manifest
mc compat shell: use 'mc-compat-runner --dry-run' or 'nix run .#mc-compat-smoke -- --run'
Stevenarella dev env: cargo/rustc/xvfb-run/OpenSSL/fontconfig/freetype/libxcb paths are available
OnixResearch tools are pinned over SSH: cairn, cargo-octet
Steel is available for repo scripts, e.g. steel scripts/ralph-drain-cairns.scm --self-test
command_exit_status=0

$ nix develop --no-update-lock-file . -c nickel typecheck compat/config/scenario-fallback-budget-baseline.ncl
mc compat shell: use 'mc-compat-runner --dry-run' or 'nix run .#mc-compat-smoke -- --run'
Stevenarella dev env: cargo/rustc/xvfb-run/OpenSSL/fontconfig/freetype/libxcb paths are available
OnixResearch tools are pinned over SSH: cairn, cargo-octet
Steel is available for repo scripts, e.g. steel scripts/ralph-drain-cairns.scm --self-test
command_exit_status=0

$ target/ratchet-check-scenario-manifest --self-test
scenario manifest self-test passed: positive and negative fixtures exercised, including wrapper metadata, README links, generated command docs, and stale-output rejection
command_exit_status=0

$ target/ratchet-check-scenario-manifest
scenario manifest check passed: 46 rows validated; dry-run coverage: 46 covered, 0 waived, 0 unmaintained; typed-event readiness: 43 ready, 3 fallback; fallback budget: approved=[valence-compat-bot-probe,vanilla-combat-armor-reference-parity,vanilla-combat-reference-parity]; removed=[]; new=[]; typed_event_regressions=[]; missing_waiver_metadata=[]
command_exit_status=0

$ target/ratchet-check-scenario-manifest --check-generated-surfaces
generated surface check passed: 4 generated surfaces current; fallback budget: approved=[valence-compat-bot-probe,vanilla-combat-armor-reference-parity,vanilla-combat-reference-parity]; removed=[]; new=[]; typed_event_regressions=[]; missing_waiver_metadata=[]
command_exit_status=0

exit_status=0
