ratchet-scenario-fallback-budget final Cairn gates

$ nix run .#cairn -- gate proposal ratchet-scenario-fallback-budget --root .
{
  "change": "ratchet-scenario-fallback-budget",
  "evidence_summary": {
    "docs_only": 0,
    "fixture": 0,
    "formal": 0,
    "mode": "advisory",
    "model": 0,
    "probe": 0,
    "property": 0
  },
  "input_hash": "57db4dd29743f09ff67015e89caa4b0bb3e1d3567eacd64c1706e3ec191ce960",
  "issues": [],
  "layout": "cairn",
  "policy": "cairn-default",
  "policy_hash": "a210ed841d260e0bf026f3c67ec810216b6409cfe6036f9132b51cc4e3176618",
  "receipt_hash": "9d69998b72af0208f093bc4f0920b6b9d178dcd4be05453a7928e219bdb0951e",
  "stage": "proposal",
  "valid": true,
  "verdict": "PASS"
}
command_exit_status=0

$ nix run .#cairn -- gate design ratchet-scenario-fallback-budget --root .
{
  "change": "ratchet-scenario-fallback-budget",
  "evidence_summary": {
    "docs_only": 0,
    "fixture": 0,
    "formal": 0,
    "mode": "advisory",
    "model": 0,
    "probe": 0,
    "property": 0
  },
  "input_hash": "c11519b06c7bdce6d40e0c05004a6162e30a8e6d5de750256e2414ae02595806",
  "issues": [],
  "layout": "cairn",
  "policy": "cairn-default",
  "policy_hash": "a210ed841d260e0bf026f3c67ec810216b6409cfe6036f9132b51cc4e3176618",
  "receipt_hash": "c8e8de11f7b7df6bafa52470dfafc5527685e387ec0209fbeb9e2681d1449fc2",
  "stage": "design",
  "valid": true,
  "verdict": "PASS"
}
command_exit_status=0

$ nix run .#cairn -- gate tasks ratchet-scenario-fallback-budget --root .
{
  "change": "ratchet-scenario-fallback-budget",
  "evidence_summary": {
    "docs_only": 0,
    "fixture": 0,
    "formal": 0,
    "mode": "advisory",
    "model": 0,
    "probe": 0,
    "property": 0
  },
  "input_hash": "f9e69270b83110bea1c817f0a18e5cfeb6065f6f2b7758cadc5355c572a0e867",
  "issues": [],
  "layout": "cairn",
  "policy": "cairn-default",
  "policy_hash": "a210ed841d260e0bf026f3c67ec810216b6409cfe6036f9132b51cc4e3176618",
  "receipt_hash": "43a2806e5b4caf325648887369a82f57489f8b60a296cdff23ee7daeaba7bca2",
  "stage": "tasks",
  "valid": true,
  "verdict": "PASS"
}
command_exit_status=0

$ nix run .#cairn -- validate --root .
{
  "change_issues": [],
  "changes": 1,
  "issues": [],
  "layout": "cairn",
  "policy": "cairn-default",
  "spec_issues": [],
  "specs_validated": 6,
  "valid": true
}
command_exit_status=0

exit_status=0
