ratchet-scenario-fallback-budget sync execute

$ nix run .#cairn -- sync ratchet-scenario-fallback-budget --root . --execute
{
  "actions": [
    {
      "description": "merge delta spec into main specs: ./cairn/changes/ratchet-scenario-fallback-budget/specs/mc-compatibility/spec.md",
      "kind": "sync_delta_spec",
      "path": "./cairn/changes/ratchet-scenario-fallback-budget/specs/mc-compatibility/spec.md"
    }
  ],
  "blocked": false,
  "change": "ratchet-scenario-fallback-budget",
  "delta_specs": [
    "./cairn/changes/ratchet-scenario-fallback-budget/specs/mc-compatibility/spec.md"
  ],
  "dry_run": false,
  "input_hash": "1681ed9463bac17a98ba391ea08b0163af9d2feac35dbe2084d6a56ac428fe8d",
  "layout": "cairn",
  "mutated": true,
  "mutation_manifest": {
    "after": {
      "entries": [
        {
          "content_hash": "1bb5aa8b9086f919faa2ae13809b278f66f6076e2c3bdac07222c2a92c84cbeb",
          "exists": true,
          "path": "./cairn/specs/mc-compatibility/spec.md"
        }
      ],
      "manifest_hash": "085dbf6c4d90a8022093ab26b17d0de945e2b85551d14c216382071ec0d4cc4a"
    },
    "before": {
      "entries": [
        {
          "content_hash": "1bb5aa8b9086f919faa2ae13809b278f66f6076e2c3bdac07222c2a92c84cbeb",
          "exists": true,
          "path": "./cairn/specs/mc-compatibility/spec.md"
        }
      ],
      "manifest_hash": "085dbf6c4d90a8022093ab26b17d0de945e2b85551d14c216382071ec0d4cc4a"
    },
    "kind": "sync",
    "manifest_hash": "0145df0519f7370075667ab88c1116d40e48c17a71216b90eefa2a71a15d4b38"
  },
  "plan_hash": "f866c277a502a8956f65b0d3c8360620dbafafe82b4cbeeb04edc519a8d56c1e",
  "policy": "cairn-default",
  "policy_hash": "a210ed841d260e0bf026f3c67ec810216b6409cfe6036f9132b51cc4e3176618",
  "reasons": [],
  "receipt_hash": "8786e6badf08e7d28c10abbef5df930f95516600b553db4c6ff33c01809907bb"
}
command_exit_status=0

exit_status=0
