ratchet-scenario-fallback-budget archive dry-run

$ nix run .#cairn -- archive ratchet-scenario-fallback-budget --root .
{
  "actions": [
    {
      "description": "move active change to archive: ratchet-scenario-fallback-budget",
      "kind": "archive_change",
      "path": "./cairn/changes/ratchet-scenario-fallback-budget"
    }
  ],
  "blocked": false,
  "change": "ratchet-scenario-fallback-budget",
  "dry_run": true,
  "input_hash": "1681ed9463bac17a98ba391ea08b0163af9d2feac35dbe2084d6a56ac428fe8d",
  "layout": "cairn",
  "mutated": false,
  "mutation_manifest": null,
  "plan_hash": "70d6421f74e8aa2d561bcfa457185b4227c5e31d5564bb3bc603f35c56d6b7c9",
  "policy": "cairn-default",
  "policy_hash": "a210ed841d260e0bf026f3c67ec810216b6409cfe6036f9132b51cc4e3176618",
  "reasons": [],
  "receipt_hash": "bb82ed7e1c31ad2d333b8bdb1cdb18a1f0c7429e86693663afe99a0a894ddc5f"
}
command_exit_status=0

exit_status=0
