ratchet-scenario-fallback-budget archive execute

$ env CAIRN_ARCHIVE_DATE=2026-06-28 nix run .#cairn -- archive ratchet-scenario-fallback-budget --root . --execute
{
  "actions": [
    {
      "description": "move active change to archive: ratchet-scenario-fallback-budget",
      "kind": "archive_change",
      "path": "./cairn/archive/2026-06-28-ratchet-scenario-fallback-budget"
    }
  ],
  "blocked": false,
  "change": "ratchet-scenario-fallback-budget",
  "dry_run": false,
  "input_hash": "1681ed9463bac17a98ba391ea08b0163af9d2feac35dbe2084d6a56ac428fe8d",
  "layout": "cairn",
  "mutated": true,
  "mutation_manifest": {
    "after": {
      "entries": [
        {
          "content_hash": "34a832f120150a5e05aaa8e9b4789f0a61622bfbcff2fb3dce7ee9116244f988",
          "exists": true,
          "path": "./cairn/archive/2026-06-28-ratchet-scenario-fallback-budget/design.md"
        },
        {
          "content_hash": "46a93c1f6e6733eca8ffbddbefc9a2e609804ee4fda8c715243ff40722b4ec84",
          "exists": true,
          "path": "./cairn/archive/2026-06-28-ratchet-scenario-fallback-budget/proposal.md"
        },
        {
          "content_hash": "0669268f9c2fd90efe7d3a319bc2a2f89489b7e201426bcbc2a1b28b31985727",
          "exists": true,
          "path": "./cairn/archive/2026-06-28-ratchet-scenario-fallback-budget/specs/mc-compatibility/spec.md"
        },
        {
          "content_hash": "fb454fa9312ad36e19120402074bbc5c4c4218a9a2acb36e3ae5eff518b43e6f",
          "exists": true,
          "path": "./cairn/archive/2026-06-28-ratchet-scenario-fallback-budget/tasks.md"
        },
        {
          "content_hash": null,
          "exists": false,
          "path": "./cairn/changes/ratchet-scenario-fallback-budget"
        }
      ],
      "manifest_hash": "141ad80fa30982846dede15e05d523b3b6afb9dd34dbb742fe7fa11aac648918"
    },
    "before": {
      "entries": [
        {
          "content_hash": "34a832f120150a5e05aaa8e9b4789f0a61622bfbcff2fb3dce7ee9116244f988",
          "exists": true,
          "path": "./cairn/changes/ratchet-scenario-fallback-budget/design.md"
        },
        {
          "content_hash": "46a93c1f6e6733eca8ffbddbefc9a2e609804ee4fda8c715243ff40722b4ec84",
          "exists": true,
          "path": "./cairn/changes/ratchet-scenario-fallback-budget/proposal.md"
        },
        {
          "content_hash": "0669268f9c2fd90efe7d3a319bc2a2f89489b7e201426bcbc2a1b28b31985727",
          "exists": true,
          "path": "./cairn/changes/ratchet-scenario-fallback-budget/specs/mc-compatibility/spec.md"
        },
        {
          "content_hash": "fb454fa9312ad36e19120402074bbc5c4c4218a9a2acb36e3ae5eff518b43e6f",
          "exists": true,
          "path": "./cairn/changes/ratchet-scenario-fallback-budget/tasks.md"
        }
      ],
      "manifest_hash": "14826e7672331785f9697047dd60b7031f9c3c575961aae93134975fe504dc5f"
    },
    "kind": "archive",
    "manifest_hash": "4072d0f46c715ba744f3c36abfce8c0cfc9335bc7c34ab5c7f4da9ab9a230afa"
  },
  "plan_hash": "1fd2af0b7dd2701c0213aac46281841ec58b29f674cd50101134675a3f6abbab",
  "policy": "cairn-default",
  "policy_hash": "a210ed841d260e0bf026f3c67ec810216b6409cfe6036f9132b51cc4e3176618",
  "reasons": [],
  "receipt_hash": "affea8925659d8e497ac0728014bd394549969462b4474eeaa891824408d7be1"
}
command_exit_status=0

exit_status=0
