command=nix run .#cairn -- gate proposal replace-entity-keyed-state-with-components --root . 
{
  "change": "replace-entity-keyed-state-with-components",
  "evidence_summary": {
    "docs_only": 0,
    "fixture": 0,
    "formal": 0,
    "mode": "advisory",
    "model": 0,
    "probe": 0,
    "property": 0
  },
  "input_hash": "c9ee1157e5a4ccc528425719e669564fd299086cbdc908f4a4b3036d8c7591fa",
  "issues": [],
  "layout": "cairn",
  "policy": "cairn-default",
  "policy_hash": "a210ed841d260e0bf026f3c67ec810216b6409cfe6036f9132b51cc4e3176618",
  "receipt_hash": "e03811555fbf5e121e1e7526c644061286323706fc7e76ae0523cff3708242ef",
  "stage": "proposal",
  "valid": true,
  "verdict": "PASS"
}
exit_status=0
