command=nix run .#cairn -- gate tasks replace-entity-keyed-state-with-components --root . 
{
  "change": "replace-entity-keyed-state-with-components",
  "evidence_summary": {
    "docs_only": 0,
    "fixture": 0,
    "formal": 0,
    "mode": "advisory",
    "model": 0,
    "probe": 0,
    "property": 0
  },
  "input_hash": "cb2ec07e51372ecfc408bafa428cd63733964b86b82d3c69ab67437cc88f2dbd",
  "issues": [],
  "layout": "cairn",
  "policy": "cairn-default",
  "policy_hash": "a210ed841d260e0bf026f3c67ec810216b6409cfe6036f9132b51cc4e3176618",
  "receipt_hash": "be20a530e8529a4f3f5b19cbbae5132a42e4b4956c619479f16c33ce637c500c",
  "stage": "tasks",
  "valid": true,
  "verdict": "PASS"
}
exit_status=0
