command=nix run .#cairn -- gate tasks replace-entity-keyed-state-with-components --root . 
{
  "change": "replace-entity-keyed-state-with-components",
  "evidence_summary": {
    "docs_only": 0,
    "fixture": 0,
    "formal": 0,
    "mode": "advisory",
    "model": 0,
    "probe": 0,
    "property": 0
  },
  "input_hash": "803689491479f721df66788123b8e0da84cac2c72fe4901133476ef538e7e11d",
  "issues": [],
  "layout": "cairn",
  "policy": "cairn-default",
  "policy_hash": "a210ed841d260e0bf026f3c67ec810216b6409cfe6036f9132b51cc4e3176618",
  "receipt_hash": "bd41a08aa5d49bf60406abd7d960eb7042eb83dfc6fde7ce895cbe1c06f8c325",
  "stage": "tasks",
  "valid": true,
  "verdict": "PASS"
}
exit_status=0
