command=nix run .#cairn -- gate design replace-entity-keyed-state-with-components --root . 
{
  "change": "replace-entity-keyed-state-with-components",
  "evidence_summary": {
    "docs_only": 0,
    "fixture": 0,
    "formal": 0,
    "mode": "advisory",
    "model": 0,
    "probe": 0,
    "property": 0
  },
  "input_hash": "90151c1447315555f3ae93138aa13ebbd1f041d90bb07f1c866f6cbaeaa16741",
  "issues": [],
  "layout": "cairn",
  "policy": "cairn-default",
  "policy_hash": "a210ed841d260e0bf026f3c67ec810216b6409cfe6036f9132b51cc4e3176618",
  "receipt_hash": "d9b932800b8e693a19d16ab40bac8e32dfa1181ca9641b93bd5f067af97eac7a",
  "stage": "design",
  "valid": true,
  "verdict": "PASS"
}
exit_status=0
