command=nix run .#cairn -- gate tasks replace-entity-keyed-state-with-components --root . 
{
  "change": "replace-entity-keyed-state-with-components",
  "evidence_summary": {
    "docs_only": 0,
    "fixture": 0,
    "formal": 0,
    "mode": "advisory",
    "model": 0,
    "probe": 0,
    "property": 0
  },
  "input_hash": "06d5b28f2d33866fe99dd3e04fb9622f2dafacaa6ff8dda73f01e3d3b13de085",
  "issues": [],
  "layout": "cairn",
  "policy": "cairn-default",
  "policy_hash": "a210ed841d260e0bf026f3c67ec810216b6409cfe6036f9132b51cc4e3176618",
  "receipt_hash": "14b2083f5cc103b1d719859bf02ef4569036a1ec7508450b97dc481a8ffd11d0",
  "stage": "tasks",
  "valid": true,
  "verdict": "PASS"
}
exit_status=0
