command=nix run .#mc-compat-smoke -- scenario run survival-chest-persistence --dry-run
[mc-compat] plan: build client, start Valence server, wait for protocol 758, run 1 client session plan(s) under isolated Xvfb/X11
[mc-compat] typed scenario route: scenario 'survival-chest-persistence' backend valence mode dry-run receipt <unset> timeout 20s packet_capture_summary=false proxy_route=<unset> proxy_forwarding_mode=<unset> non_claims=broad_minecraft_compatibility_false,production_readiness_false,semantic_equivalence_false
[mc-compat] building Stevenarella client
+ cd "/home/brittonr/git/mc/clients/stevenarella" && CARGO_TARGET_DIR="/tmp/stevenarella-target2" CMAKE_POLICY_VERSION_MINIMUM="3.5" RUSTC_WRAPPER="" "cargo" "build" "--bin" "stevenarella"
[mc-compat] using existing Valence worktree /tmp/valence-compat-758
[mc-compat] starting Valence 8ad9c85 example 'terrain' on 127.0.0.1:25565; log: /tmp/mc-compat-valence.log
[mc-compat] would run Valence example from /tmp/valence-compat-758
[mc-compat] probing status 127.0.0.1:25565 expecting protocol 758
[mc-compat] would run Rust protocol status probe
[mc-compat] running Stevenarella headless scenario 'survival-chest-persistence' isolated from host Wayland compositor
[mc-compat] would run Stevenarella under xvfb-run
survival-chest-persistence_exit_status=0
command=nix run .#mc-compat-smoke -- scenario run survival-crafting-table --dry-run
[mc-compat] plan: build client, start Valence server, wait for protocol 758, run 1 client session plan(s) under isolated Xvfb/X11
[mc-compat] typed scenario route: scenario 'survival-crafting-table' backend valence mode dry-run receipt <unset> timeout 20s packet_capture_summary=false proxy_route=<unset> proxy_forwarding_mode=<unset> non_claims=broad_minecraft_compatibility_false,production_readiness_false,semantic_equivalence_false
[mc-compat] building Stevenarella client
+ cd "/home/brittonr/git/mc/clients/stevenarella" && CARGO_TARGET_DIR="/tmp/stevenarella-target2" CMAKE_POLICY_VERSION_MINIMUM="3.5" RUSTC_WRAPPER="" "cargo" "build" "--bin" "stevenarella"
[mc-compat] using existing Valence worktree /tmp/valence-compat-758
[mc-compat] starting Valence 8ad9c85 example 'terrain' on 127.0.0.1:25565; log: /tmp/mc-compat-valence.log
[mc-compat] would run Valence example from /tmp/valence-compat-758
[mc-compat] probing status 127.0.0.1:25565 expecting protocol 758
[mc-compat] would run Rust protocol status probe
[mc-compat] running Stevenarella headless scenario 'survival-crafting-table' isolated from host Wayland compositor
[mc-compat] would run Stevenarella under xvfb-run
survival-crafting-table_exit_status=0
command=nix run .#mc-compat-smoke -- scenario run survival-furnace-persistence --dry-run
[mc-compat] plan: build client, start Valence server, wait for protocol 758, run 1 client session plan(s) under isolated Xvfb/X11
[mc-compat] typed scenario route: scenario 'survival-furnace-persistence' backend valence mode dry-run receipt <unset> timeout 20s packet_capture_summary=false proxy_route=<unset> proxy_forwarding_mode=<unset> non_claims=broad_minecraft_compatibility_false,production_readiness_false,semantic_equivalence_false
[mc-compat] building Stevenarella client
+ cd "/home/brittonr/git/mc/clients/stevenarella" && CARGO_TARGET_DIR="/tmp/stevenarella-target2" CMAKE_POLICY_VERSION_MINIMUM="3.5" RUSTC_WRAPPER="" "cargo" "build" "--bin" "stevenarella"
[mc-compat] using existing Valence worktree /tmp/valence-compat-758
[mc-compat] starting Valence 8ad9c85 example 'terrain' on 127.0.0.1:25565; log: /tmp/mc-compat-valence.log
[mc-compat] would run Valence example from /tmp/valence-compat-758
[mc-compat] probing status 127.0.0.1:25565 expecting protocol 758
[mc-compat] would run Rust protocol status probe
[mc-compat] running Stevenarella headless scenario 'survival-furnace-persistence' isolated from host Wayland compositor
[mc-compat] would run Stevenarella under xvfb-run
survival-furnace-persistence_exit_status=0
exit_status=0
