command=nix run .#cairn -- gate design replace-entity-keyed-state-with-components --root . 
{
  "change": "replace-entity-keyed-state-with-components",
  "evidence_summary": {
    "docs_only": 0,
    "fixture": 0,
    "formal": 0,
    "mode": "advisory",
    "model": 0,
    "probe": 0,
    "property": 0
  },
  "input_hash": "a3b84f88e00f6d9a4dcf0053138681e4db3be4e5131231549fe359553c449fb4",
  "issues": [],
  "layout": "cairn",
  "policy": "cairn-default",
  "policy_hash": "a210ed841d260e0bf026f3c67ec810216b6409cfe6036f9132b51cc4e3176618",
  "receipt_hash": "7587ebcd4a9861540d0adcabe651ad4c15df0f2044ccf835196e2e6f3135acb1",
  "stage": "design",
  "valid": true,
  "verdict": "PASS"
}
exit_status=0
