command=nix command=run command=.#cairn command=-- command=sync command=replace-entity-keyed-state-with-components command=--root command=. 
{
  "actions": [
    {
      "description": "merge delta spec into main specs: ./cairn/changes/replace-entity-keyed-state-with-components/specs/valence-bevy-ecs/spec.md",
      "kind": "sync_delta_spec",
      "path": "./cairn/changes/replace-entity-keyed-state-with-components/specs/valence-bevy-ecs/spec.md"
    }
  ],
  "blocked": false,
  "change": "replace-entity-keyed-state-with-components",
  "delta_specs": [
    "./cairn/changes/replace-entity-keyed-state-with-components/specs/valence-bevy-ecs/spec.md"
  ],
  "dry_run": true,
  "input_hash": "54ab1683d25b2be1ecdcfcacafb01ce66e71639a0b1799712479993bc3fc557a",
  "layout": "cairn",
  "mutated": false,
  "mutation_manifest": null,
  "plan_hash": "14ab988373a30d06ab9d7e8a2eda347b59c1a954bc1b6901b44c5bffc11a7c8d",
  "policy": "cairn-default",
  "policy_hash": "a210ed841d260e0bf026f3c67ec810216b6409cfe6036f9132b51cc4e3176618",
  "reasons": [],
  "receipt_hash": "8a26b76a07b3e3ee164ca2bb52200666adddf2652c1c71daaaa4a1aabb0bf677"
}
exit_status=0
