command=nix command=run command=.#cairn command=-- command=sync command=retire-layout-transition-paths command=--root command=. 
{
  "actions": [
    {
      "description": "merge delta spec into main specs: ./cairn/changes/retire-layout-transition-paths/specs/repository-layout/spec.md",
      "kind": "sync_delta_spec",
      "path": "./cairn/changes/retire-layout-transition-paths/specs/repository-layout/spec.md"
    }
  ],
  "blocked": false,
  "change": "retire-layout-transition-paths",
  "delta_specs": [
    "./cairn/changes/retire-layout-transition-paths/specs/repository-layout/spec.md"
  ],
  "dry_run": true,
  "input_hash": "10f4c7cb5e93b250866413ecaeec3d8ab510bbbe110b60de9476ab4426d93dff",
  "layout": "cairn",
  "mutated": false,
  "mutation_manifest": null,
  "plan_hash": "40ad88a0e1bb6fe4b2b01fd452d74e7b7a8204967c170bdfcf813e30b631f07b",
  "policy": "cairn-default",
  "policy_hash": "a210ed841d260e0bf026f3c67ec810216b6409cfe6036f9132b51cc4e3176618",
  "reasons": [],
  "receipt_hash": "021473cf2be0a9557906feeaf926f7a5ca506bf2ae758c1baa523d10156a2c8d"
}
exit_status=0
