command=nix command=run command=.#cairn command=-- command=archive command=retire-layout-transition-paths command=--root command=. 
{
  "actions": [
    {
      "description": "move active change to archive: retire-layout-transition-paths",
      "kind": "archive_change",
      "path": "./cairn/changes/retire-layout-transition-paths"
    }
  ],
  "blocked": false,
  "change": "retire-layout-transition-paths",
  "dry_run": true,
  "input_hash": "10f4c7cb5e93b250866413ecaeec3d8ab510bbbe110b60de9476ab4426d93dff",
  "layout": "cairn",
  "mutated": false,
  "mutation_manifest": null,
  "plan_hash": "3b7947a7378de1f3128cc103255d25226b85489dfb4f2f5e6215135cca611c3c",
  "policy": "cairn-default",
  "policy_hash": "a210ed841d260e0bf026f3c67ec810216b6409cfe6036f9132b51cc4e3176618",
  "reasons": [],
  "receipt_hash": "3c3e0a6bf0045a58c992979b2c72af5a02929b548ce116162ae2d43945727248"
}
exit_status=0
