
## cairn validate post-archive
command=nix run path:/home/brittonr/git/mc#cairn -- validate --root /home/brittonr/git/mc
{
  "change_issues": [],
  "changes": 2,
  "issues": [],
  "layout": "cairn",
  "policy": "cairn-default",
  "spec_issues": [],
  "specs_validated": 4,
  "valid": true
}
step_exit_status=0

## scenario manifest check post-archive
command=nix build path:/home/brittonr/git/mc#checks.x86_64-linux.mc-compat-scenario-manifest --no-link -L --option substituters 
this derivation will be built:
  /nix/store/smpc6pla10ssp0xkv3wzlrki72awzp4p-mc-compat-scenario-manifest.drv
cannot build on 'ssh-ng://root@10.10.10.1': error: failed to start SSH connection to '10.10.10.1'
building '/nix/store/smpc6pla10ssp0xkv3wzlrki72awzp4p-mc-compat-scenario-manifest.drv'...
step_exit_status=0

## evidence manifest check post-archive
command=nix build path:/home/brittonr/git/mc#checks.x86_64-linux.mc-compat-evidence-manifests --no-link -L --option substituters 
this derivation will be built:
  /nix/store/73dbqn4y9gawqxgjrma76qx7m5ghqpr2-mc-compat-evidence-manifests.drv
cannot build on 'ssh-ng://root@10.10.10.1': error: failed to start SSH connection to '10.10.10.1'
building '/nix/store/73dbqn4y9gawqxgjrma76qx7m5ghqpr2-mc-compat-evidence-manifests.drv'...
step_exit_status=0

## task evidence check post-archive
command=nix build path:/home/brittonr/git/mc#checks.x86_64-linux.mc-compat-cairn-task-evidence --no-link -L --option substituters 
this derivation will be built:
  /nix/store/vybsy6cpvwdmsh29qpippy54j2whhbvk-mc-compat-cairn-task-evidence.drv
cannot build on 'ssh-ng://root@10.10.10.1': error: failed to start SSH connection to '10.10.10.1'
building '/nix/store/vybsy6cpvwdmsh29qpippy54j2whhbvk-mc-compat-cairn-task-evidence.drv'...
step_exit_status=0
classification=runner-architecture-post-archive-pass
exit_status=0
