
## gate tasks runner-architecture-hardening-pass
command=nix run path:/home/brittonr/git/mc#cairn -- gate tasks runner-architecture-hardening-pass --root /home/brittonr/git/mc
{
  "change": "runner-architecture-hardening-pass",
  "evidence_summary": {
    "docs_only": 0,
    "fixture": 0,
    "formal": 0,
    "mode": "advisory",
    "model": 0,
    "probe": 0,
    "property": 0
  },
  "input_hash": "8e60a91f307bbd30673f8c5aafb1d7f8274b5202fe002c46a0fb015161995867",
  "issues": [],
  "layout": "cairn",
  "policy": "cairn-default",
  "policy_hash": "7d2c6606b81e38f9414e81df24c64c9a638d4c238d8a9c04412ac95e347c3355",
  "receipt_hash": "881dae017eafc716b8e34dc307f551ba1680cab294101dfc6997612f6eb9b726",
  "stage": "tasks",
  "valid": true,
  "verdict": "PASS"
}
step_exit_status=0

## task evidence check final
command=nix build path:/home/brittonr/git/mc#checks.x86_64-linux.mc-compat-cairn-task-evidence --no-link -L --option substituters 
this derivation will be built:
  /nix/store/djqlpswck4j6m9j8jjcjzpklhwj5h3sp-mc-compat-cairn-task-evidence.drv
cannot build on 'ssh-ng://root@10.10.10.1': error: failed to start SSH connection to '10.10.10.1'
building '/nix/store/djqlpswck4j6m9j8jjcjzpklhwj5h3sp-mc-compat-cairn-task-evidence.drv'...
mc-compat-cairn-task-evidence> task evidence gate failed: cairn/changes/runner-architecture-hardening-pass/tasks.md:3 completed task lacks verification command output as a docs/evidence/*.run.log path
mc-compat-cairn-task-evidence> task evidence gate failed: cairn/changes/runner-architecture-hardening-pass/tasks.md:5 cites run log docs/evidence/runner-architecture-hardening-baseline-2026-06-07.run.log with nonzero exit status line: step_exit_status=127
mc-compat-cairn-task-evidence> task evidence gate failed: cairn/changes/runner-architecture-hardening-pass/tasks.md:5 cites run log docs/evidence/runner-architecture-hardening-baseline-2026-06-07.run.log with nonzero exit status line: step_exit_status=127
mc-compat-cairn-task-evidence> task evidence gate failed: cairn/changes/runner-architecture-hardening-pass/tasks.md:5 cites run log docs/evidence/runner-architecture-hardening-baseline-2026-06-07.run.log with nonzero exit status line: step_exit_status=127
mc-compat-cairn-task-evidence> task evidence gate failed: cairn/changes/runner-architecture-hardening-pass/tasks.md:5 cites run log docs/evidence/runner-architecture-hardening-baseline-2026-06-07.run.log with nonzero exit status line: exit_status=1
mc-compat-cairn-task-evidence> task evidence gate failed: cairn/changes/runner-architecture-hardening-pass/tasks.md:7 completed task lacks verification command output as a docs/evidence/*.run.log path
mc-compat-cairn-task-evidence> task evidence gate failed: cairn/changes/runner-architecture-hardening-pass/tasks.md:9 cites run log docs/evidence/runner-architecture-hardening-negative-fixtures-2026-06-07.run.log with nonzero exit status line: step_exit_status=127
mc-compat-cairn-task-evidence> task evidence gate failed: cairn/changes/runner-architecture-hardening-pass/tasks.md:9 cites run log docs/evidence/runner-architecture-hardening-negative-fixtures-2026-06-07.run.log with nonzero exit status line: step_exit_status=127
mc-compat-cairn-task-evidence> task evidence gate failed: cairn/changes/runner-architecture-hardening-pass/tasks.md:9 cites run log docs/evidence/runner-architecture-hardening-negative-fixtures-2026-06-07.run.log with nonzero exit status line: step_exit_status=127
mc-compat-cairn-task-evidence> task evidence gate failed: cairn/changes/runner-architecture-hardening-pass/tasks.md:9 cites run log docs/evidence/runner-architecture-hardening-negative-fixtures-2026-06-07.run.log with nonzero exit status line: exit_status=1
mc-compat-cairn-task-evidence> task evidence gate failed: cairn/changes/runner-architecture-hardening-pass/tasks.md:9 cites run log docs/evidence/runner-architecture-hardening-postfmt-tests-2026-06-07.run.log with nonzero exit status line: step_exit_status=127
mc-compat-cairn-task-evidence> task evidence gate failed: cairn/changes/runner-architecture-hardening-pass/tasks.md:9 cites run log docs/evidence/runner-architecture-hardening-postfmt-tests-2026-06-07.run.log with nonzero exit status line: step_exit_status=127
mc-compat-cairn-task-evidence> task evidence gate failed: cairn/changes/runner-architecture-hardening-pass/tasks.md:9 cites run log docs/evidence/runner-architecture-hardening-postfmt-tests-2026-06-07.run.log with nonzero exit status line: step_exit_status=127
mc-compat-cairn-task-evidence> task evidence gate failed: cairn/changes/runner-architecture-hardening-pass/tasks.md:9 cites run log docs/evidence/runner-architecture-hardening-postfmt-tests-2026-06-07.run.log with nonzero exit status line: exit_status=1
mc-compat-cairn-task-evidence> task evidence gate failed: cairn/changes/runner-architecture-hardening-pass/tasks.md:9 cites run log docs/evidence/runner-architecture-hardening-tests-2026-06-07.run.log with nonzero exit status line: step_exit_status=127
mc-compat-cairn-task-evidence> task evidence gate failed: cairn/changes/runner-architecture-hardening-pass/tasks.md:9 cites run log docs/evidence/runner-architecture-hardening-tests-2026-06-07.run.log with nonzero exit status line: step_exit_status=127
mc-compat-cairn-task-evidence> task evidence gate failed: cairn/changes/runner-architecture-hardening-pass/tasks.md:9 cites run log docs/evidence/runner-architecture-hardening-tests-2026-06-07.run.log with nonzero exit status line: step_exit_status=127
mc-compat-cairn-task-evidence> task evidence gate failed: cairn/changes/runner-architecture-hardening-pass/tasks.md:9 cites run log docs/evidence/runner-architecture-hardening-tests-2026-06-07.run.log with nonzero exit status line: exit_status=1
mc-compat-cairn-task-evidence> task evidence gate failed: cairn/changes/runner-architecture-hardening-pass/tasks.md:11 completed task lacks verification command output as a docs/evidence/*.run.log path
mc-compat-cairn-task-evidence> task evidence gate failed: cairn/changes/runner-architecture-hardening-pass/tasks.md:13 cites run log docs/evidence/runner-architecture-hardening-closeout-2026-06-07.run.log with nonzero exit status line: step_exit_status=127
mc-compat-cairn-task-evidence> task evidence gate failed: cairn/changes/runner-architecture-hardening-pass/tasks.md:13 cites run log docs/evidence/runner-architecture-hardening-closeout-2026-06-07.run.log with nonzero exit status line: step_exit_status=127
mc-compat-cairn-task-evidence> task evidence gate failed: cairn/changes/runner-architecture-hardening-pass/tasks.md:13 cites run log docs/evidence/runner-architecture-hardening-closeout-2026-06-07.run.log with nonzero exit status line: step_exit_status=1
mc-compat-cairn-task-evidence> task evidence gate failed: cairn/changes/runner-architecture-hardening-pass/tasks.md:13 cites run log docs/evidence/runner-architecture-hardening-closeout-2026-06-07.run.log with nonzero exit status line: mc-compat-cairn-task-evidence> task evidence gate failed: cairn/changes/runner-architecture-hardening-pass/tasks.md:5 cites run log docs/evidence/runner-architecture-hardening-baseline-2026-06-07.run.log with nonzero exit status line: step_exit_status=127
mc-compat-cairn-task-evidence> task evidence gate failed: cairn/changes/runner-architecture-hardening-pass/tasks.md:13 cites run log docs/evidence/runner-architecture-hardening-closeout-2026-06-07.run.log with nonzero exit status line: mc-compat-cairn-task-evidence> task evidence gate failed: cairn/changes/runner-architecture-hardening-pass/tasks.md:5 cites run log docs/evidence/runner-architecture-hardening-baseline-2026-06-07.run.log with nonzero exit status line: step_exit_status=127
mc-compat-cairn-task-evidence> task evidence gate failed: cairn/changes/runner-architecture-hardening-pass/tasks.md:13 cites run log docs/evidence/runner-architecture-hardening-closeout-2026-06-07.run.log with nonzero exit status line: mc-compat-cairn-task-evidence> task evidence gate failed: cairn/changes/runner-architecture-hardening-pass/tasks.md:5 cites run log docs/evidence/runner-architecture-hardening-baseline-2026-06-07.run.log with nonzero exit status line: step_exit_status=127
mc-compat-cairn-task-evidence> task evidence gate failed: cairn/changes/runner-architecture-hardening-pass/tasks.md:13 cites run log docs/evidence/runner-architecture-hardening-closeout-2026-06-07.run.log with nonzero exit status line: mc-compat-cairn-task-evidence> task evidence gate failed: cairn/changes/runner-architecture-hardening-pass/tasks.md:5 cites run log docs/evidence/runner-architecture-hardening-baseline-2026-06-07.run.log with nonzero exit status line: exit_status=1
mc-compat-cairn-task-evidence> task evidence gate failed: cairn/changes/runner-architecture-hardening-pass/tasks.md:13 cites run log docs/evidence/runner-architecture-hardening-closeout-2026-06-07.run.log with nonzero exit status line: mc-compat-cairn-task-evidence> task evidence gate failed: cairn/changes/runner-architecture-hardening-pass/tasks.md:9 cites run log docs/evidence/runner-architecture-hardening-negative-fixtures-2026-06-07.run.log with nonzero exit status line: step_exit_status=127
mc-compat-cairn-task-evidence> task evidence gate failed: cairn/changes/runner-architecture-hardening-pass/tasks.md:13 cites run log docs/evidence/runner-architecture-hardening-closeout-2026-06-07.run.log with nonzero exit status line: mc-compat-cairn-task-evidence> task evidence gate failed: cairn/changes/runner-architecture-hardening-pass/tasks.md:9 cites run log docs/evidence/runner-architecture-hardening-negative-fixtures-2026-06-07.run.log with nonzero exit status line: step_exit_status=127
mc-compat-cairn-task-evidence> task evidence gate failed: cairn/changes/runner-architecture-hardening-pass/tasks.md:13 cites run log docs/evidence/runner-architecture-hardening-closeout-2026-06-07.run.log with nonzero exit status line: mc-compat-cairn-task-evidence> task evidence gate failed: cairn/changes/runner-architecture-hardening-pass/tasks.md:9 cites run log docs/evidence/runner-architecture-hardening-negative-fixtures-2026-06-07.run.log with nonzero exit status line: step_exit_status=127
mc-compat-cairn-task-evidence> task evidence gate failed: cairn/changes/runner-architecture-hardening-pass/tasks.md:13 cites run log docs/evidence/runner-architecture-hardening-closeout-2026-06-07.run.log with nonzero exit status line: mc-compat-cairn-task-evidence> task evidence gate failed: cairn/changes/runner-architecture-hardening-pass/tasks.md:9 cites run log docs/evidence/runner-architecture-hardening-negative-fixtures-2026-06-07.run.log with nonzero exit status line: exit_status=1
mc-compat-cairn-task-evidence> task evidence gate failed: cairn/changes/runner-architecture-hardening-pass/tasks.md:13 cites run log docs/evidence/runner-architecture-hardening-closeout-2026-06-07.run.log with nonzero exit status line: mc-compat-cairn-task-evidence> task evidence gate failed: cairn/changes/runner-architecture-hardening-pass/tasks.md:9 cites run log docs/evidence/runner-architecture-hardening-postfmt-tests-2026-06-07.run.log with nonzero exit status line: step_exit_status=127
mc-compat-cairn-task-evidence> task evidence gate failed: cairn/changes/runner-architecture-hardening-pass/tasks.md:13 cites run log docs/evidence/runner-architecture-hardening-closeout-2026-06-07.run.log with nonzero exit status line: mc-compat-cairn-task-evidence> task evidence gate failed: cairn/changes/runner-architecture-hardening-pass/tasks.md:9 cites run log docs/evidence/runner-architecture-hardening-postfmt-tests-2026-06-07.run.log with nonzero exit status line: step_exit_status=127
mc-compat-cairn-task-evidence> task evidence gate failed: cairn/changes/runner-architecture-hardening-pass/tasks.md:13 cites run log docs/evidence/runner-architecture-hardening-closeout-2026-06-07.run.log with nonzero exit status line: mc-compat-cairn-task-evidence> task evidence gate failed: cairn/changes/runner-architecture-hardening-pass/tasks.md:9 cites run log docs/evidence/runner-architecture-hardening-postfmt-tests-2026-06-07.run.log with nonzero exit status line: step_exit_status=127
mc-compat-cairn-task-evidence> task evidence gate failed: cairn/changes/runner-architecture-hardening-pass/tasks.md:13 cites run log docs/evidence/runner-architecture-hardening-closeout-2026-06-07.run.log with nonzero exit status line: mc-compat-cairn-task-evidence> task evidence gate failed: cairn/changes/runner-architecture-hardening-pass/tasks.md:9 cites run log docs/evidence/runner-architecture-hardening-postfmt-tests-2026-06-07.run.log with nonzero exit status line: exit_status=1
mc-compat-cairn-task-evidence> task evidence gate failed: cairn/changes/runner-architecture-hardening-pass/tasks.md:13 cites run log docs/evidence/runner-architecture-hardening-closeout-2026-06-07.run.log with nonzero exit status line: mc-compat-cairn-task-evidence> task evidence gate failed: cairn/changes/runner-architecture-hardening-pass/tasks.md:9 cites run log docs/evidence/runner-architecture-hardening-tests-2026-06-07.run.log with nonzero exit status line: step_exit_status=127
mc-compat-cairn-task-evidence> task evidence gate failed: cairn/changes/runner-architecture-hardening-pass/tasks.md:13 cites run log docs/evidence/runner-architecture-hardening-closeout-2026-06-07.run.log with nonzero exit status line: mc-compat-cairn-task-evidence> task evidence gate failed: cairn/changes/runner-architecture-hardening-pass/tasks.md:9 cites run log docs/evidence/runner-architecture-hardening-tests-2026-06-07.run.log with nonzero exit status line: step_exit_status=127
mc-compat-cairn-task-evidence> task evidence gate failed: cairn/changes/runner-architecture-hardening-pass/tasks.md:13 cites run log docs/evidence/runner-architecture-hardening-closeout-2026-06-07.run.log with nonzero exit status line: mc-compat-cairn-task-evidence> task evidence gate failed: cairn/changes/runner-architecture-hardening-pass/tasks.md:9 cites run log docs/evidence/runner-architecture-hardening-tests-2026-06-07.run.log with nonzero exit status line: step_exit_status=127
mc-compat-cairn-task-evidence> task evidence gate failed: cairn/changes/runner-architecture-hardening-pass/tasks.md:13 cites run log docs/evidence/runner-architecture-hardening-closeout-2026-06-07.run.log with nonzero exit status line: mc-compat-cairn-task-evidence> task evidence gate failed: cairn/changes/runner-architecture-hardening-pass/tasks.md:9 cites run log docs/evidence/runner-architecture-hardening-tests-2026-06-07.run.log with nonzero exit status line: exit_status=1
mc-compat-cairn-task-evidence> task evidence gate failed: cairn/changes/runner-architecture-hardening-pass/tasks.md:13 cites run log docs/evidence/runner-architecture-hardening-closeout-2026-06-07.run.log with nonzero exit status line:        > task evidence gate failed: cairn/changes/runner-architecture-hardening-pass/tasks.md:5 cites run log docs/evidence/runner-architecture-hardening-baseline-2026-06-07.run.log with nonzero exit status line: step_exit_status=127
mc-compat-cairn-task-evidence> task evidence gate failed: cairn/changes/runner-architecture-hardening-pass/tasks.md:13 cites run log docs/evidence/runner-architecture-hardening-closeout-2026-06-07.run.log with nonzero exit status line:        > task evidence gate failed: cairn/changes/runner-architecture-hardening-pass/tasks.md:5 cites run log docs/evidence/runner-architecture-hardening-baseline-2026-06-07.run.log with nonzero exit status line: step_exit_status=127
mc-compat-cairn-task-evidence> task evidence gate failed: cairn/changes/runner-architecture-hardening-pass/tasks.md:13 cites run log docs/evidence/runner-architecture-hardening-closeout-2026-06-07.run.log with nonzero exit status line:        > task evidence gate failed: cairn/changes/runner-architecture-hardening-pass/tasks.md:5 cites run log docs/evidence/runner-architecture-hardening-baseline-2026-06-07.run.log with nonzero exit status line: step_exit_status=127
mc-compat-cairn-task-evidence> task evidence gate failed: cairn/changes/runner-architecture-hardening-pass/tasks.md:13 cites run log docs/evidence/runner-architecture-hardening-closeout-2026-06-07.run.log with nonzero exit status line:        > task evidence gate failed: cairn/changes/runner-architecture-hardening-pass/tasks.md:5 cites run log docs/evidence/runner-architecture-hardening-baseline-2026-06-07.run.log with nonzero exit status line: exit_status=1
mc-compat-cairn-task-evidence> task evidence gate failed: cairn/changes/runner-architecture-hardening-pass/tasks.md:13 cites run log docs/evidence/runner-architecture-hardening-closeout-2026-06-07.run.log with nonzero exit status line:        > task evidence gate failed: cairn/changes/runner-architecture-hardening-pass/tasks.md:9 cites run log docs/evidence/runner-architecture-hardening-negative-fixtures-2026-06-07.run.log with nonzero exit status line: step_exit_status=127
mc-compat-cairn-task-evidence> task evidence gate failed: cairn/changes/runner-architecture-hardening-pass/tasks.md:13 cites run log docs/evidence/runner-architecture-hardening-closeout-2026-06-07.run.log with nonzero exit status line:        > task evidence gate failed: cairn/changes/runner-architecture-hardening-pass/tasks.md:9 cites run log docs/evidence/runner-architecture-hardening-negative-fixtures-2026-06-07.run.log with nonzero exit status line: step_exit_status=127
mc-compat-cairn-task-evidence> task evidence gate failed: cairn/changes/runner-architecture-hardening-pass/tasks.md:13 cites run log docs/evidence/runner-architecture-hardening-closeout-2026-06-07.run.log with nonzero exit status line:        > task evidence gate failed: cairn/changes/runner-architecture-hardening-pass/tasks.md:9 cites run log docs/evidence/runner-architecture-hardening-negative-fixtures-2026-06-07.run.log with nonzero exit status line: step_exit_status=127
mc-compat-cairn-task-evidence> task evidence gate failed: cairn/changes/runner-architecture-hardening-pass/tasks.md:13 cites run log docs/evidence/runner-architecture-hardening-closeout-2026-06-07.run.log with nonzero exit status line:        > task evidence gate failed: cairn/changes/runner-architecture-hardening-pass/tasks.md:9 cites run log docs/evidence/runner-architecture-hardening-negative-fixtures-2026-06-07.run.log with nonzero exit status line: exit_status=1
mc-compat-cairn-task-evidence> task evidence gate failed: cairn/changes/runner-architecture-hardening-pass/tasks.md:13 cites run log docs/evidence/runner-architecture-hardening-closeout-2026-06-07.run.log with nonzero exit status line:        > task evidence gate failed: cairn/changes/runner-architecture-hardening-pass/tasks.md:9 cites run log docs/evidence/runner-architecture-hardening-postfmt-tests-2026-06-07.run.log with nonzero exit status line: step_exit_status=127
mc-compat-cairn-task-evidence> task evidence gate failed: cairn/changes/runner-architecture-hardening-pass/tasks.md:13 cites run log docs/evidence/runner-architecture-hardening-closeout-2026-06-07.run.log with nonzero exit status line:        > task evidence gate failed: cairn/changes/runner-architecture-hardening-pass/tasks.md:9 cites run log docs/evidence/runner-architecture-hardening-postfmt-tests-2026-06-07.run.log with nonzero exit status line: step_exit_status=127
mc-compat-cairn-task-evidence> task evidence gate failed: cairn/changes/runner-architecture-hardening-pass/tasks.md:13 cites run log docs/evidence/runner-architecture-hardening-closeout-2026-06-07.run.log with nonzero exit status line:        > task evidence gate failed: cairn/changes/runner-architecture-hardening-pass/tasks.md:9 cites run log docs/evidence/runner-architecture-hardening-postfmt-tests-2026-06-07.run.log with nonzero exit status line: step_exit_status=127
mc-compat-cairn-task-evidence> task evidence gate failed: cairn/changes/runner-architecture-hardening-pass/tasks.md:13 cites run log docs/evidence/runner-architecture-hardening-closeout-2026-06-07.run.log with nonzero exit status line:        > task evidence gate failed: cairn/changes/runner-architecture-hardening-pass/tasks.md:9 cites run log docs/evidence/runner-architecture-hardening-postfmt-tests-2026-06-07.run.log with nonzero exit status line: exit_status=1
mc-compat-cairn-task-evidence> task evidence gate failed: cairn/changes/runner-architecture-hardening-pass/tasks.md:13 cites run log docs/evidence/runner-architecture-hardening-closeout-2026-06-07.run.log with nonzero exit status line:        > task evidence gate failed: cairn/changes/runner-architecture-hardening-pass/tasks.md:9 cites run log docs/evidence/runner-architecture-hardening-tests-2026-06-07.run.log with nonzero exit status line: step_exit_status=127
mc-compat-cairn-task-evidence> task evidence gate failed: cairn/changes/runner-architecture-hardening-pass/tasks.md:13 cites run log docs/evidence/runner-architecture-hardening-closeout-2026-06-07.run.log with nonzero exit status line:        > task evidence gate failed: cairn/changes/runner-architecture-hardening-pass/tasks.md:9 cites run log docs/evidence/runner-architecture-hardening-tests-2026-06-07.run.log with nonzero exit status line: step_exit_status=127
mc-compat-cairn-task-evidence> task evidence gate failed: cairn/changes/runner-architecture-hardening-pass/tasks.md:13 cites run log docs/evidence/runner-architecture-hardening-closeout-2026-06-07.run.log with nonzero exit status line:        > task evidence gate failed: cairn/changes/runner-architecture-hardening-pass/tasks.md:9 cites run log docs/evidence/runner-architecture-hardening-tests-2026-06-07.run.log with nonzero exit status line: step_exit_status=127
mc-compat-cairn-task-evidence> task evidence gate failed: cairn/changes/runner-architecture-hardening-pass/tasks.md:13 cites run log docs/evidence/runner-architecture-hardening-closeout-2026-06-07.run.log with nonzero exit status line:        > task evidence gate failed: cairn/changes/runner-architecture-hardening-pass/tasks.md:9 cites run log docs/evidence/runner-architecture-hardening-tests-2026-06-07.run.log with nonzero exit status line: exit_status=1
mc-compat-cairn-task-evidence> task evidence gate failed: cairn/changes/runner-architecture-hardening-pass/tasks.md:13 cites run log docs/evidence/runner-architecture-hardening-closeout-2026-06-07.run.log with nonzero exit status line: step_exit_status=1
mc-compat-cairn-task-evidence> task evidence gate failed: cairn/changes/runner-architecture-hardening-pass/tasks.md:13 cites run log docs/evidence/runner-architecture-hardening-closeout-2026-06-07.run.log with nonzero exit status line: exit_status=1
error: Cannot build '/nix/store/djqlpswck4j6m9j8jjcjzpklhwj5h3sp-mc-compat-cairn-task-evidence.drv'.
       Reason: builder failed with exit code 1.
       Output paths:
         /nix/store/41r66218djl4d2sddaa7jvah71w41dxw-mc-compat-cairn-task-evidence
       Last 25 log lines:
       > task evidence gate failed: cairn/changes/runner-architecture-hardening-pass/tasks.md:13 cites run log docs/evidence/runner-architecture-hardening-closeout-2026-06-07.run.log with nonzero exit status line: mc-compat-cairn-task-evidence> task evidence gate failed: cairn/changes/runner-architecture-hardening-pass/tasks.md:9 cites run log docs/evidence/runner-architecture-hardening-postfmt-tests-2026-06-07.run.log with nonzero exit status line: step_exit_status=127
       > task evidence gate failed: cairn/changes/runner-architecture-hardening-pass/tasks.md:13 cites run log docs/evidence/runner-architecture-hardening-closeout-2026-06-07.run.log with nonzero exit status line: mc-compat-cairn-task-evidence> task evidence gate failed: cairn/changes/runner-architecture-hardening-pass/tasks.md:9 cites run log docs/evidence/runner-architecture-hardening-postfmt-tests-2026-06-07.run.log with nonzero exit status line: step_exit_status=127
       > task evidence gate failed: cairn/changes/runner-architecture-hardening-pass/tasks.md:13 cites run log docs/evidence/runner-architecture-hardening-closeout-2026-06-07.run.log with nonzero exit status line: mc-compat-cairn-task-evidence> task evidence gate failed: cairn/changes/runner-architecture-hardening-pass/tasks.md:9 cites run log docs/evidence/runner-architecture-hardening-postfmt-tests-2026-06-07.run.log with nonzero exit status line: exit_status=1
       > task evidence gate failed: cairn/changes/runner-architecture-hardening-pass/tasks.md:13 cites run log docs/evidence/runner-architecture-hardening-closeout-2026-06-07.run.log with nonzero exit status line: mc-compat-cairn-task-evidence> task evidence gate failed: cairn/changes/runner-architecture-hardening-pass/tasks.md:9 cites run log docs/evidence/runner-architecture-hardening-tests-2026-06-07.run.log with nonzero exit status line: step_exit_status=127
       > task evidence gate failed: cairn/changes/runner-architecture-hardening-pass/tasks.md:13 cites run log docs/evidence/runner-architecture-hardening-closeout-2026-06-07.run.log with nonzero exit status line: mc-compat-cairn-task-evidence> task evidence gate failed: cairn/changes/runner-architecture-hardening-pass/tasks.md:9 cites run log docs/evidence/runner-architecture-hardening-tests-2026-06-07.run.log with nonzero exit status line: step_exit_status=127
       > task evidence gate failed: cairn/changes/runner-architecture-hardening-pass/tasks.md:13 cites run log docs/evidence/runner-architecture-hardening-closeout-2026-06-07.run.log with nonzero exit status line: mc-compat-cairn-task-evidence> task evidence gate failed: cairn/changes/runner-architecture-hardening-pass/tasks.md:9 cites run log docs/evidence/runner-architecture-hardening-tests-2026-06-07.run.log with nonzero exit status line: step_exit_status=127
       > task evidence gate failed: cairn/changes/runner-architecture-hardening-pass/tasks.md:13 cites run log docs/evidence/runner-architecture-hardening-closeout-2026-06-07.run.log with nonzero exit status line: mc-compat-cairn-task-evidence> task evidence gate failed: cairn/changes/runner-architecture-hardening-pass/tasks.md:9 cites run log docs/evidence/runner-architecture-hardening-tests-2026-06-07.run.log with nonzero exit status line: exit_status=1
       > task evidence gate failed: cairn/changes/runner-architecture-hardening-pass/tasks.md:13 cites run log docs/evidence/runner-architecture-hardening-closeout-2026-06-07.run.log with nonzero exit status line:        > task evidence gate failed: cairn/changes/runner-architecture-hardening-pass/tasks.md:5 cites run log docs/evidence/runner-architecture-hardening-baseline-2026-06-07.run.log with nonzero exit status line: step_exit_status=127
       > task evidence gate failed: cairn/changes/runner-architecture-hardening-pass/tasks.md:13 cites run log docs/evidence/runner-architecture-hardening-closeout-2026-06-07.run.log with nonzero exit status line:        > task evidence gate failed: cairn/changes/runner-architecture-hardening-pass/tasks.md:5 cites run log docs/evidence/runner-architecture-hardening-baseline-2026-06-07.run.log with nonzero exit status line: step_exit_status=127
       > task evidence gate failed: cairn/changes/runner-architecture-hardening-pass/tasks.md:13 cites run log docs/evidence/runner-architecture-hardening-closeout-2026-06-07.run.log with nonzero exit status line:        > task evidence gate failed: cairn/changes/runner-architecture-hardening-pass/tasks.md:5 cites run log docs/evidence/runner-architecture-hardening-baseline-2026-06-07.run.log with nonzero exit status line: step_exit_status=127
       > task evidence gate failed: cairn/changes/runner-architecture-hardening-pass/tasks.md:13 cites run log docs/evidence/runner-architecture-hardening-closeout-2026-06-07.run.log with nonzero exit status line:        > task evidence gate failed: cairn/changes/runner-architecture-hardening-pass/tasks.md:5 cites run log docs/evidence/runner-architecture-hardening-baseline-2026-06-07.run.log with nonzero exit status line: exit_status=1
       > task evidence gate failed: cairn/changes/runner-architecture-hardening-pass/tasks.md:13 cites run log docs/evidence/runner-architecture-hardening-closeout-2026-06-07.run.log with nonzero exit status line:        > task evidence gate failed: cairn/changes/runner-architecture-hardening-pass/tasks.md:9 cites run log docs/evidence/runner-architecture-hardening-negative-fixtures-2026-06-07.run.log with nonzero exit status line: step_exit_status=127
       > task evidence gate failed: cairn/changes/runner-architecture-hardening-pass/tasks.md:13 cites run log docs/evidence/runner-architecture-hardening-closeout-2026-06-07.run.log with nonzero exit status line:        > task evidence gate failed: cairn/changes/runner-architecture-hardening-pass/tasks.md:9 cites run log docs/evidence/runner-architecture-hardening-negative-fixtures-2026-06-07.run.log with nonzero exit status line: step_exit_status=127
       > task evidence gate failed: cairn/changes/runner-architecture-hardening-pass/tasks.md:13 cites run log docs/evidence/runner-architecture-hardening-closeout-2026-06-07.run.log with nonzero exit status line:        > task evidence gate failed: cairn/changes/runner-architecture-hardening-pass/tasks.md:9 cites run log docs/evidence/runner-architecture-hardening-negative-fixtures-2026-06-07.run.log with nonzero exit status line: step_exit_status=127
       > task evidence gate failed: cairn/changes/runner-architecture-hardening-pass/tasks.md:13 cites run log docs/evidence/runner-architecture-hardening-closeout-2026-06-07.run.log with nonzero exit status line:        > task evidence gate failed: cairn/changes/runner-architecture-hardening-pass/tasks.md:9 cites run log docs/evidence/runner-architecture-hardening-negative-fixtures-2026-06-07.run.log with nonzero exit status line: exit_status=1
       > task evidence gate failed: cairn/changes/runner-architecture-hardening-pass/tasks.md:13 cites run log docs/evidence/runner-architecture-hardening-closeout-2026-06-07.run.log with nonzero exit status line:        > task evidence gate failed: cairn/changes/runner-architecture-hardening-pass/tasks.md:9 cites run log docs/evidence/runner-architecture-hardening-postfmt-tests-2026-06-07.run.log with nonzero exit status line: step_exit_status=127
       > task evidence gate failed: cairn/changes/runner-architecture-hardening-pass/tasks.md:13 cites run log docs/evidence/runner-architecture-hardening-closeout-2026-06-07.run.log with nonzero exit status line:        > task evidence gate failed: cairn/changes/runner-architecture-hardening-pass/tasks.md:9 cites run log docs/evidence/runner-architecture-hardening-postfmt-tests-2026-06-07.run.log with nonzero exit status line: step_exit_status=127
       > task evidence gate failed: cairn/changes/runner-architecture-hardening-pass/tasks.md:13 cites run log docs/evidence/runner-architecture-hardening-closeout-2026-06-07.run.log with nonzero exit status line:        > task evidence gate failed: cairn/changes/runner-architecture-hardening-pass/tasks.md:9 cites run log docs/evidence/runner-architecture-hardening-postfmt-tests-2026-06-07.run.log with nonzero exit status line: step_exit_status=127
       > task evidence gate failed: cairn/changes/runner-architecture-hardening-pass/tasks.md:13 cites run log docs/evidence/runner-architecture-hardening-closeout-2026-06-07.run.log with nonzero exit status line:        > task evidence gate failed: cairn/changes/runner-architecture-hardening-pass/tasks.md:9 cites run log docs/evidence/runner-architecture-hardening-postfmt-tests-2026-06-07.run.log with nonzero exit status line: exit_status=1
       > task evidence gate failed: cairn/changes/runner-architecture-hardening-pass/tasks.md:13 cites run log docs/evidence/runner-architecture-hardening-closeout-2026-06-07.run.log with nonzero exit status line:        > task evidence gate failed: cairn/changes/runner-architecture-hardening-pass/tasks.md:9 cites run log docs/evidence/runner-architecture-hardening-tests-2026-06-07.run.log with nonzero exit status line: step_exit_status=127
       > task evidence gate failed: cairn/changes/runner-architecture-hardening-pass/tasks.md:13 cites run log docs/evidence/runner-architecture-hardening-closeout-2026-06-07.run.log with nonzero exit status line:        > task evidence gate failed: cairn/changes/runner-architecture-hardening-pass/tasks.md:9 cites run log docs/evidence/runner-architecture-hardening-tests-2026-06-07.run.log with nonzero exit status line: step_exit_status=127
       > task evidence gate failed: cairn/changes/runner-architecture-hardening-pass/tasks.md:13 cites run log docs/evidence/runner-architecture-hardening-closeout-2026-06-07.run.log with nonzero exit status line:        > task evidence gate failed: cairn/changes/runner-architecture-hardening-pass/tasks.md:9 cites run log docs/evidence/runner-architecture-hardening-tests-2026-06-07.run.log with nonzero exit status line: step_exit_status=127
       > task evidence gate failed: cairn/changes/runner-architecture-hardening-pass/tasks.md:13 cites run log docs/evidence/runner-architecture-hardening-closeout-2026-06-07.run.log with nonzero exit status line:        > task evidence gate failed: cairn/changes/runner-architecture-hardening-pass/tasks.md:9 cites run log docs/evidence/runner-architecture-hardening-tests-2026-06-07.run.log with nonzero exit status line: exit_status=1
       > task evidence gate failed: cairn/changes/runner-architecture-hardening-pass/tasks.md:13 cites run log docs/evidence/runner-architecture-hardening-closeout-2026-06-07.run.log with nonzero exit status line: step_exit_status=1
       > task evidence gate failed: cairn/changes/runner-architecture-hardening-pass/tasks.md:13 cites run log docs/evidence/runner-architecture-hardening-closeout-2026-06-07.run.log with nonzero exit status line: exit_status=1
       For full logs, run:
         nix log /nix/store/djqlpswck4j6m9j8jjcjzpklhwj5h3sp-mc-compat-cairn-task-evidence.drv
step_exit_status=1

## cairn validate final
command=nix run path:/home/brittonr/git/mc#cairn -- validate --root /home/brittonr/git/mc
{
  "change_issues": [],
  "changes": 3,
  "issues": [],
  "layout": "cairn",
  "policy": "cairn-default",
  "spec_issues": [],
  "specs_validated": 5,
  "valid": true
}
step_exit_status=0
classification=runner-architecture-final-task-evidence-fail failures=1
exit_status=1
