$ nix run .#cairn -- archive separate-compat-instrumentation --root . --execute
{
  "actions": [
    {
      "description": "move active change to archive: separate-compat-instrumentation",
      "kind": "archive_change",
      "path": "./cairn/archive/1970-01-01-separate-compat-instrumentation"
    }
  ],
  "blocked": false,
  "change": "separate-compat-instrumentation",
  "dry_run": false,
  "input_hash": "4504451dbdf19d34cfce3a98880ee468d5ed8cc6b27352ad8e24eb795c08568b",
  "layout": "cairn",
  "mutated": true,
  "mutation_manifest": {
    "after": {
      "entries": [
        {
          "content_hash": "347a05141911fa3a057388d33d1bd5dd3079e7f7d179b89efaef5898bce3c959",
          "exists": true,
          "path": "./cairn/archive/1970-01-01-separate-compat-instrumentation/design.md"
        },
        {
          "content_hash": "394bd2c49c771433796fb35c6dc16f92ca431dc7650ab17e92bafdd5d1953d54",
          "exists": true,
          "path": "./cairn/archive/1970-01-01-separate-compat-instrumentation/proposal.md"
        },
        {
          "content_hash": "175ae1f170d77af1534f9340f01f81365b44368a02a00a4f6ee6e2b9188b63a3",
          "exists": true,
          "path": "./cairn/archive/1970-01-01-separate-compat-instrumentation/specs/mc-compatibility/spec.md"
        },
        {
          "content_hash": "55b2f5cf572c470678ae9e70930d784f9c0e7b8cfdd48d34bdc116f5f8df8af6",
          "exists": true,
          "path": "./cairn/archive/1970-01-01-separate-compat-instrumentation/tasks.md"
        },
        {
          "content_hash": null,
          "exists": false,
          "path": "./cairn/changes/separate-compat-instrumentation"
        }
      ],
      "manifest_hash": "e66a2aae2b81a65235f5d402acf13a38102c5979c88fb62d6f1ad15dd0dfb863"
    },
    "before": {
      "entries": [
        {
          "content_hash": "347a05141911fa3a057388d33d1bd5dd3079e7f7d179b89efaef5898bce3c959",
          "exists": true,
          "path": "./cairn/changes/separate-compat-instrumentation/design.md"
        },
        {
          "content_hash": "394bd2c49c771433796fb35c6dc16f92ca431dc7650ab17e92bafdd5d1953d54",
          "exists": true,
          "path": "./cairn/changes/separate-compat-instrumentation/proposal.md"
        },
        {
          "content_hash": "175ae1f170d77af1534f9340f01f81365b44368a02a00a4f6ee6e2b9188b63a3",
          "exists": true,
          "path": "./cairn/changes/separate-compat-instrumentation/specs/mc-compatibility/spec.md"
        },
        {
          "content_hash": "55b2f5cf572c470678ae9e70930d784f9c0e7b8cfdd48d34bdc116f5f8df8af6",
          "exists": true,
          "path": "./cairn/changes/separate-compat-instrumentation/tasks.md"
        }
      ],
      "manifest_hash": "a34ac8b6f93126ec5892b22ce9d7e6d1c16b85ed20c8b2364bc0e9a7d1c4a3e6"
    },
    "kind": "archive",
    "manifest_hash": "00dc18e54ced2fbd60386ab89d68a8ee29b643d961cd7708044e504c2c53f26e"
  },
  "plan_hash": "5d06ecaf36c87ffbe1408610635a88887d4111cd7047280e0afa2903e307ad00",
  "policy": "cairn-default",
  "policy_hash": "a210ed841d260e0bf026f3c67ec810216b6409cfe6036f9132b51cc4e3176618",
  "reasons": [],
  "receipt_hash": "14959a2719a6cd6c770af40e0121383866a16a0c24511b3622e88d5f7f981e58"
}
command=nix run .#cairn -- archive separate-compat-instrumentation --root . --execute exit_status=0
