$ nix run .#cairn -- sync separate-compat-instrumentation --root .
{
  "actions": [
    {
      "description": "merge delta spec into main specs: ./cairn/changes/separate-compat-instrumentation/specs/mc-compatibility/spec.md",
      "kind": "sync_delta_spec",
      "path": "./cairn/changes/separate-compat-instrumentation/specs/mc-compatibility/spec.md"
    }
  ],
  "blocked": false,
  "change": "separate-compat-instrumentation",
  "delta_specs": [
    "./cairn/changes/separate-compat-instrumentation/specs/mc-compatibility/spec.md"
  ],
  "dry_run": true,
  "input_hash": "4504451dbdf19d34cfce3a98880ee468d5ed8cc6b27352ad8e24eb795c08568b",
  "layout": "cairn",
  "mutated": false,
  "mutation_manifest": null,
  "plan_hash": "255a07de6bb3cb27aebd9af5e47fc4b5396b42a3fbb3433d637c4ed7b7a3efea",
  "policy": "cairn-default",
  "policy_hash": "a210ed841d260e0bf026f3c67ec810216b6409cfe6036f9132b51cc4e3176618",
  "reasons": [],
  "receipt_hash": "bc7fc3c0555c50ede5e359bdedc27703402423eb1a6f6d6524ad41a46e681ee9"
}
command=nix run .#cairn -- sync separate-compat-instrumentation --root . exit_status=0
