command=nix run .#cairn -- archive separate-receipt-model-rendering --root . --execute
{
  "actions": [
    {
      "description": "move active change to archive: separate-receipt-model-rendering",
      "kind": "archive_change",
      "path": "./cairn/archive/1970-01-01-separate-receipt-model-rendering"
    }
  ],
  "blocked": false,
  "change": "separate-receipt-model-rendering",
  "dry_run": false,
  "input_hash": "90eeb18d488d95fa2dca036b849898dc3ff7d6dd5379e9a9bd47f3c594a03157",
  "layout": "cairn",
  "mutated": true,
  "mutation_manifest": {
    "after": {
      "entries": [
        {
          "content_hash": "aca3afc3fabb2b55ceca17287f5f66b893bba0182cd642cf41a651817be76725",
          "exists": true,
          "path": "./cairn/archive/1970-01-01-separate-receipt-model-rendering/design.md"
        },
        {
          "content_hash": "9c3ff1b3c6f1a030b88da6cd8b9b5b3928681912a16506e6d96856c7487141ec",
          "exists": true,
          "path": "./cairn/archive/1970-01-01-separate-receipt-model-rendering/proposal.md"
        },
        {
          "content_hash": "f67b6fb36d65a1c455e124bae8e382e505ee2f19683c70dee0f40e06d1cc5a27",
          "exists": true,
          "path": "./cairn/archive/1970-01-01-separate-receipt-model-rendering/specs/mc-compatibility/spec.md"
        },
        {
          "content_hash": "1b0cb512be44cd8aea04d47f4f85abf44937eeaa7b1d633e6ccb231e087ae07e",
          "exists": true,
          "path": "./cairn/archive/1970-01-01-separate-receipt-model-rendering/tasks.md"
        },
        {
          "content_hash": null,
          "exists": false,
          "path": "./cairn/changes/separate-receipt-model-rendering"
        }
      ],
      "manifest_hash": "9569ab375cf10653419328b596aa8dd101b0fff5b6ecbf9dea45938ac1ad4557"
    },
    "before": {
      "entries": [
        {
          "content_hash": "aca3afc3fabb2b55ceca17287f5f66b893bba0182cd642cf41a651817be76725",
          "exists": true,
          "path": "./cairn/changes/separate-receipt-model-rendering/design.md"
        },
        {
          "content_hash": "9c3ff1b3c6f1a030b88da6cd8b9b5b3928681912a16506e6d96856c7487141ec",
          "exists": true,
          "path": "./cairn/changes/separate-receipt-model-rendering/proposal.md"
        },
        {
          "content_hash": "f67b6fb36d65a1c455e124bae8e382e505ee2f19683c70dee0f40e06d1cc5a27",
          "exists": true,
          "path": "./cairn/changes/separate-receipt-model-rendering/specs/mc-compatibility/spec.md"
        },
        {
          "content_hash": "1b0cb512be44cd8aea04d47f4f85abf44937eeaa7b1d633e6ccb231e087ae07e",
          "exists": true,
          "path": "./cairn/changes/separate-receipt-model-rendering/tasks.md"
        }
      ],
      "manifest_hash": "a74baf140dc79a12c7ae49de445acdc000f389f515f37fcc9f9d6b706a26bd2f"
    },
    "kind": "archive",
    "manifest_hash": "3ef33135369fe0be6be703328c018dbb2e653a66f30256bcc24162bd7762958a"
  },
  "plan_hash": "229e207f84b35b54b9e40861d8c31987aa1076ad0d1979745637a1e3a602b7fe",
  "policy": "cairn-default",
  "policy_hash": "a210ed841d260e0bf026f3c67ec810216b6409cfe6036f9132b51cc4e3176618",
  "reasons": [],
  "receipt_hash": "7467ea0fd2e4daa18a32becb2ed791c537e7ac5798e4d8fa0eae1aa68c45c593"
}
exit_status=0
