$ nix run .#cairn -- archive separate-compat-instrumentation --root .
{
  "actions": [
    {
      "description": "move active change to archive: separate-compat-instrumentation",
      "kind": "archive_change",
      "path": "./cairn/changes/separate-compat-instrumentation"
    }
  ],
  "blocked": false,
  "change": "separate-compat-instrumentation",
  "dry_run": true,
  "input_hash": "4504451dbdf19d34cfce3a98880ee468d5ed8cc6b27352ad8e24eb795c08568b",
  "layout": "cairn",
  "mutated": false,
  "mutation_manifest": null,
  "plan_hash": "a3132993abfa73cff8e99e29dd1193f52ce51fd4b4ed95fa5b441f3dbf4459b8",
  "policy": "cairn-default",
  "policy_hash": "a210ed841d260e0bf026f3c67ec810216b6409cfe6036f9132b51cc4e3176618",
  "reasons": [],
  "receipt_hash": "2b0e35ad2903005d39b4c80d7deb33514fe628f335c3e32471d3458dc6eeddac"
}
command=nix run .#cairn -- archive separate-compat-instrumentation --root . exit_status=0
