
$ nix run .#cairn -- gate proposal separate-compat-instrumentation --root .
{
  "change": "separate-compat-instrumentation",
  "evidence_summary": {
    "docs_only": 0,
    "fixture": 0,
    "formal": 0,
    "mode": "advisory",
    "model": 0,
    "probe": 0,
    "property": 0
  },
  "input_hash": "eeabbe9c05707534b89e085b7aa1e6c6ae5e17adf9d4e704616b8d709dad2ebe",
  "issues": [],
  "layout": "cairn",
  "policy": "cairn-default",
  "policy_hash": "a210ed841d260e0bf026f3c67ec810216b6409cfe6036f9132b51cc4e3176618",
  "receipt_hash": "20719a4dea3c89a97a846b8fca014e8c5c073326322a1c2993caab604a0c507f",
  "stage": "proposal",
  "valid": true,
  "verdict": "PASS"
}
command=nix run .#cairn -- gate proposal separate-compat-instrumentation --root . exit_status=0

$ nix run .#cairn -- gate design separate-compat-instrumentation --root .
{
  "change": "separate-compat-instrumentation",
  "evidence_summary": {
    "docs_only": 0,
    "fixture": 0,
    "formal": 0,
    "mode": "advisory",
    "model": 0,
    "probe": 0,
    "property": 0
  },
  "input_hash": "4ac18f7de5ab0fd2b23d0ac9fe7b785cc31cc1cf6c5d70b816c504c73bd531a5",
  "issues": [],
  "layout": "cairn",
  "policy": "cairn-default",
  "policy_hash": "a210ed841d260e0bf026f3c67ec810216b6409cfe6036f9132b51cc4e3176618",
  "receipt_hash": "dc74990dd66d25ae4b010a2def257b4404ecc77aff5e8161b6b723940c3645e3",
  "stage": "design",
  "valid": true,
  "verdict": "PASS"
}
command=nix run .#cairn -- gate design separate-compat-instrumentation --root . exit_status=0

$ nix run .#cairn -- gate tasks separate-compat-instrumentation --root .
{
  "change": "separate-compat-instrumentation",
  "evidence_summary": {
    "docs_only": 0,
    "fixture": 0,
    "formal": 0,
    "mode": "advisory",
    "model": 0,
    "probe": 0,
    "property": 0
  },
  "input_hash": "77321cd15f87e85e00b3fad98cdceb128f872b121e345b88d94a372a93582813",
  "issues": [],
  "layout": "cairn",
  "policy": "cairn-default",
  "policy_hash": "a210ed841d260e0bf026f3c67ec810216b6409cfe6036f9132b51cc4e3176618",
  "receipt_hash": "36c55cc3a1de2096b4837348efebf0a5c91049babf3f7a80e069d797c28a26eb",
  "stage": "tasks",
  "valid": true,
  "verdict": "PASS"
}
command=nix run .#cairn -- gate tasks separate-compat-instrumentation --root . exit_status=0

$ nix run .#cairn -- validate --root .
{
  "change_issues": [],
  "changes": 9,
  "issues": [],
  "layout": "cairn",
  "policy": "cairn-default",
  "spec_issues": [],
  "specs_validated": 13,
  "valid": true
}
command=nix run .#cairn -- validate --root . exit_status=0
