command=nix run .#cairn -- sync separate-receipt-model-rendering --root . --execute
{
  "actions": [
    {
      "description": "merge delta spec into main specs: ./cairn/changes/separate-receipt-model-rendering/specs/mc-compatibility/spec.md",
      "kind": "sync_delta_spec",
      "path": "./cairn/changes/separate-receipt-model-rendering/specs/mc-compatibility/spec.md"
    }
  ],
  "blocked": false,
  "change": "separate-receipt-model-rendering",
  "delta_specs": [
    "./cairn/changes/separate-receipt-model-rendering/specs/mc-compatibility/spec.md"
  ],
  "dry_run": false,
  "input_hash": "90eeb18d488d95fa2dca036b849898dc3ff7d6dd5379e9a9bd47f3c594a03157",
  "layout": "cairn",
  "mutated": true,
  "mutation_manifest": {
    "after": {
      "entries": [
        {
          "content_hash": "cf57576a2d00d324a608e3a4699836c6e9e6dc8c81106c03f1cd2bd490c852a5",
          "exists": true,
          "path": "./cairn/specs/mc-compatibility/spec.md"
        }
      ],
      "manifest_hash": "560515b7d0b7d8b082e162248b5c47fe4325331a0a307849f845ec7dd0bd655f"
    },
    "before": {
      "entries": [
        {
          "content_hash": "cf57576a2d00d324a608e3a4699836c6e9e6dc8c81106c03f1cd2bd490c852a5",
          "exists": true,
          "path": "./cairn/specs/mc-compatibility/spec.md"
        }
      ],
      "manifest_hash": "560515b7d0b7d8b082e162248b5c47fe4325331a0a307849f845ec7dd0bd655f"
    },
    "kind": "sync",
    "manifest_hash": "d9f3952b9d49b7e5aa4867616edf8ad4dcc42dda0138759956c2333bf1afdb2a"
  },
  "plan_hash": "2821d6cbbc34291ecc78140a0f420a726f289fe3fee1c72d71586e1d6b8dc3e7",
  "policy": "cairn-default",
  "policy_hash": "a210ed841d260e0bf026f3c67ec810216b6409cfe6036f9132b51cc4e3176618",
  "reasons": [],
  "receipt_hash": "e55a068d164aca1f2ed59fd598e71f928f7fc357d411efd69cbdd6ee37f56d01"
}
exit_status=0
