$ nix run .#cairn -- sync separate-compat-instrumentation --root . --execute
{
  "actions": [
    {
      "description": "merge delta spec into main specs: ./cairn/changes/separate-compat-instrumentation/specs/mc-compatibility/spec.md",
      "kind": "sync_delta_spec",
      "path": "./cairn/changes/separate-compat-instrumentation/specs/mc-compatibility/spec.md"
    }
  ],
  "blocked": false,
  "change": "separate-compat-instrumentation",
  "delta_specs": [
    "./cairn/changes/separate-compat-instrumentation/specs/mc-compatibility/spec.md"
  ],
  "dry_run": false,
  "input_hash": "4504451dbdf19d34cfce3a98880ee468d5ed8cc6b27352ad8e24eb795c08568b",
  "layout": "cairn",
  "mutated": true,
  "mutation_manifest": {
    "after": {
      "entries": [
        {
          "content_hash": "921b7d5fcdf85e12d8dcf43ece48b3f3e888974fae96f11b7e24937a3e7dfc72",
          "exists": true,
          "path": "./cairn/specs/mc-compatibility/spec.md"
        }
      ],
      "manifest_hash": "a1afa2ec2cabcb06252f5412537eab6aae529cbf5ee0ba8b8002a1982e2ea1e9"
    },
    "before": {
      "entries": [
        {
          "content_hash": "921b7d5fcdf85e12d8dcf43ece48b3f3e888974fae96f11b7e24937a3e7dfc72",
          "exists": true,
          "path": "./cairn/specs/mc-compatibility/spec.md"
        }
      ],
      "manifest_hash": "a1afa2ec2cabcb06252f5412537eab6aae529cbf5ee0ba8b8002a1982e2ea1e9"
    },
    "kind": "sync",
    "manifest_hash": "142f6e8d699fb5f50f03e08119fccd513c9d4ee791bd5c4ea6cb8b85f60f53fa"
  },
  "plan_hash": "357df426715787360416d0ddf802244cb933aec263e31aec413e81bc3258470d",
  "policy": "cairn-default",
  "policy_hash": "a210ed841d260e0bf026f3c67ec810216b6409cfe6036f9132b51cc4e3176618",
  "reasons": [],
  "receipt_hash": "c4db11a97a4baf68b043c2fc81fc0481e8a272ab28f603e10e6c159d8de0c35a"
}
command=nix run .#cairn -- sync separate-compat-instrumentation --root . --execute exit_status=0
