command=nix run .#cairn -- archive separate-receipt-model-rendering --root .
{
  "actions": [
    {
      "description": "move active change to archive: separate-receipt-model-rendering",
      "kind": "archive_change",
      "path": "./cairn/changes/separate-receipt-model-rendering"
    }
  ],
  "blocked": false,
  "change": "separate-receipt-model-rendering",
  "dry_run": true,
  "input_hash": "90eeb18d488d95fa2dca036b849898dc3ff7d6dd5379e9a9bd47f3c594a03157",
  "layout": "cairn",
  "mutated": false,
  "mutation_manifest": null,
  "plan_hash": "8844e35e6bbcfdd3da5fd2b7c67d50621078b1544e0a6a931dd72c0649141a61",
  "policy": "cairn-default",
  "policy_hash": "a210ed841d260e0bf026f3c67ec810216b6409cfe6036f9132b51cc4e3176618",
  "reasons": [],
  "receipt_hash": "1d0ca75d87aaac53986f5605296e7972423a01f720658140e0caf378c26a47f9"
}
exit_status=0
