
## accepted spec contains server-correlation rail
command=grep -F r[mc_compatibility.server_correlation_rail.validation.logs] cairn/specs/mc-compatibility/spec.md
r[mc_compatibility.server_correlation_rail.validation.logs]
step_exit_status=0

## cairn validate pre-archive
command=nix run path:/home/brittonr/git/mc#cairn -- validate --root /home/brittonr/git/mc
{
  "change_issues": [],
  "changes": 1,
  "issues": [],
  "layout": "cairn",
  "policy": "cairn-default",
  "spec_issues": [],
  "specs_validated": 3,
  "valid": true
}
step_exit_status=0

## evidence manifest check pre-archive
command=nix build path:/home/brittonr/git/mc#checks.x86_64-linux.mc-compat-evidence-manifests --no-link -L --option substituters 
this derivation will be built:
  /nix/store/3vc0jz20cb2m23sh6mcplwyjmwn8gz3h-mc-compat-evidence-manifests.drv
cannot build on 'ssh-ng://root@10.10.10.1': error: failed to start SSH connection to '10.10.10.1'
building '/nix/store/3vc0jz20cb2m23sh6mcplwyjmwn8gz3h-mc-compat-evidence-manifests.drv'...
step_exit_status=0

## task evidence check pre-archive
command=nix build path:/home/brittonr/git/mc#checks.x86_64-linux.mc-compat-cairn-task-evidence --no-link -L --option substituters 
this derivation will be built:
  /nix/store/sgzr7q8ry0z0rn4qwcihili37p8376jk-mc-compat-cairn-task-evidence.drv
cannot build on 'ssh-ng://root@10.10.10.1': error: failed to start SSH connection to '10.10.10.1'
building '/nix/store/sgzr7q8ry0z0rn4qwcihili37p8376jk-mc-compat-cairn-task-evidence.drv'...
step_exit_status=0
classification=server-correlation-rail-pre-archive-pass
exit_status=0
