### gate-proposal
+ nix run .#cairn -- gate proposal split-stevenarella-resource-manager --root .
{
  "change": "split-stevenarella-resource-manager",
  "evidence_summary": {
    "docs_only": 0,
    "fixture": 0,
    "formal": 0,
    "mode": "advisory",
    "model": 0,
    "probe": 0,
    "property": 0
  },
  "input_hash": "e6755b5e00a4d0bcccdce212c5720026664851312149356783b59f5284eb5cee",
  "issues": [],
  "layout": "cairn",
  "policy": "cairn-default",
  "policy_hash": "a210ed841d260e0bf026f3c67ec810216b6409cfe6036f9132b51cc4e3176618",
  "receipt_hash": "8ae4f66ec30ca7ce7078d1d14a6126f2032a56e101d9f8f35ca38753d4f6a4fc",
  "stage": "proposal",
  "valid": true,
  "verdict": "PASS"
}
exit_status=0
### gate-design
+ nix run .#cairn -- gate design split-stevenarella-resource-manager --root .
{
  "change": "split-stevenarella-resource-manager",
  "evidence_summary": {
    "docs_only": 0,
    "fixture": 0,
    "formal": 0,
    "mode": "advisory",
    "model": 0,
    "probe": 0,
    "property": 0
  },
  "input_hash": "f7838390298eb38632cbddb37dce7dff37ffe3461a59f605060d23c346195769",
  "issues": [],
  "layout": "cairn",
  "policy": "cairn-default",
  "policy_hash": "a210ed841d260e0bf026f3c67ec810216b6409cfe6036f9132b51cc4e3176618",
  "receipt_hash": "c41cc05879562e9661c594335a1c145f66a075848033bb970e512b5aa7a7813e",
  "stage": "design",
  "valid": true,
  "verdict": "PASS"
}
exit_status=0
### gate-tasks
+ nix run .#cairn -- gate tasks split-stevenarella-resource-manager --root .
{
  "change": "split-stevenarella-resource-manager",
  "evidence_summary": {
    "docs_only": 0,
    "fixture": 0,
    "formal": 0,
    "mode": "advisory",
    "model": 0,
    "probe": 0,
    "property": 0
  },
  "input_hash": "d5330cc1aa24e047c30ab3194ffca15378b662638ed683ff8d1b38a168474986",
  "issues": [],
  "layout": "cairn",
  "policy": "cairn-default",
  "policy_hash": "a210ed841d260e0bf026f3c67ec810216b6409cfe6036f9132b51cc4e3176618",
  "receipt_hash": "d065979a8f3ce67df3d6ae5708700eeaa3a4517450a0e7ccfc4c60dd85431486",
  "stage": "tasks",
  "valid": true,
  "verdict": "PASS"
}
exit_status=0
### validate
+ nix run .#cairn -- validate --root .
{
  "change_issues": [],
  "changes": 5,
  "issues": [],
  "layout": "cairn",
  "policy": "cairn-default",
  "spec_issues": [],
  "specs_validated": 10,
  "valid": true
}
exit_status=0
