
$ nix run .#cairn -- gate proposal split-root-flake-modules --root .
{
  "change": "split-root-flake-modules",
  "evidence_summary": {
    "docs_only": 0,
    "fixture": 0,
    "formal": 0,
    "mode": "advisory",
    "model": 0,
    "probe": 0,
    "property": 0
  },
  "input_hash": "332baff792bea8bb954c841afe6fe38a2ef96248cc3d7f6e547cce17772e9c06",
  "issues": [],
  "layout": "cairn",
  "policy": "cairn-default",
  "policy_hash": "a210ed841d260e0bf026f3c67ec810216b6409cfe6036f9132b51cc4e3176618",
  "receipt_hash": "dd4c1dae75d968471b737e9a6ed3a6bcb67ff3d5453dcb0dd7f63567219efa86",
  "stage": "proposal",
  "valid": true,
  "verdict": "PASS"
}
command_exit_status=0

$ nix run .#cairn -- gate design split-root-flake-modules --root .
{
  "change": "split-root-flake-modules",
  "evidence_summary": {
    "docs_only": 0,
    "fixture": 0,
    "formal": 0,
    "mode": "advisory",
    "model": 0,
    "probe": 0,
    "property": 0
  },
  "input_hash": "2056fbbd49fdb5fab0a81ad60bc48094e9fe224209ec68cd2447dc7b42dafb01",
  "issues": [],
  "layout": "cairn",
  "policy": "cairn-default",
  "policy_hash": "a210ed841d260e0bf026f3c67ec810216b6409cfe6036f9132b51cc4e3176618",
  "receipt_hash": "0da5837faf5f282821b24c4522eca6e211d622704e1aca4ff8e13cc464f02390",
  "stage": "design",
  "valid": true,
  "verdict": "PASS"
}
command_exit_status=0

$ nix run .#cairn -- gate tasks split-root-flake-modules --root .
{
  "change": "split-root-flake-modules",
  "evidence_summary": {
    "docs_only": 0,
    "fixture": 0,
    "formal": 0,
    "mode": "advisory",
    "model": 0,
    "probe": 0,
    "property": 0
  },
  "input_hash": "23b9bc9bf3934d6192442d684e5cb8ee9bd34e954a13d068a800c080d6d39363",
  "issues": [],
  "layout": "cairn",
  "policy": "cairn-default",
  "policy_hash": "a210ed841d260e0bf026f3c67ec810216b6409cfe6036f9132b51cc4e3176618",
  "receipt_hash": "8b2f9aaf132376feb4e48187ad19a5f7182fcb912ee682172218d613cbb3c504",
  "stage": "tasks",
  "valid": true,
  "verdict": "PASS"
}
command_exit_status=0

$ nix run .#cairn -- validate --root .
{
  "change_issues": [],
  "changes": 5,
  "issues": [],
  "layout": "cairn",
  "policy": "cairn-default",
  "spec_issues": [],
  "specs_validated": 9,
  "valid": true
}
command_exit_status=0
exit_status=0
