### gate-proposal
+ nix run .#cairn -- gate proposal split-stevenarella-resource-manager --root .
{
  "change": "split-stevenarella-resource-manager",
  "evidence_summary": {
    "docs_only": 0,
    "fixture": 0,
    "formal": 0,
    "mode": "advisory",
    "model": 0,
    "probe": 0,
    "property": 0
  },
  "input_hash": "ec0c3a32e23f33a254d326097b3d0729155013fe9e3a33fc3c484b364da39e93",
  "issues": [],
  "layout": "cairn",
  "policy": "cairn-default",
  "policy_hash": "a210ed841d260e0bf026f3c67ec810216b6409cfe6036f9132b51cc4e3176618",
  "receipt_hash": "4bac2e1d1f3bb6fa3246362978a2a43e0bb8591425f77ae257321bf40f04da12",
  "stage": "proposal",
  "valid": true,
  "verdict": "PASS"
}
exit_status=0
### gate-design
+ nix run .#cairn -- gate design split-stevenarella-resource-manager --root .
{
  "change": "split-stevenarella-resource-manager",
  "evidence_summary": {
    "docs_only": 0,
    "fixture": 0,
    "formal": 0,
    "mode": "advisory",
    "model": 0,
    "probe": 0,
    "property": 0
  },
  "input_hash": "9163aca580e64204c4b8587aa48e7dafaa355eda325ecc9e610f1a927bafd015",
  "issues": [],
  "layout": "cairn",
  "policy": "cairn-default",
  "policy_hash": "a210ed841d260e0bf026f3c67ec810216b6409cfe6036f9132b51cc4e3176618",
  "receipt_hash": "e4a5c570c1a8b3adb8439d109982b8463b0db7982e26ddb6570221c6d0ce7157",
  "stage": "design",
  "valid": true,
  "verdict": "PASS"
}
exit_status=0
### gate-tasks
+ nix run .#cairn -- gate tasks split-stevenarella-resource-manager --root .
{
  "change": "split-stevenarella-resource-manager",
  "evidence_summary": {
    "docs_only": 0,
    "fixture": 0,
    "formal": 0,
    "mode": "advisory",
    "model": 0,
    "probe": 0,
    "property": 0
  },
  "input_hash": "60db027f50035ba6b3446cf2ed0cf8ef33c791fdcac57addedc906c131e77aab",
  "issues": [],
  "layout": "cairn",
  "policy": "cairn-default",
  "policy_hash": "a210ed841d260e0bf026f3c67ec810216b6409cfe6036f9132b51cc4e3176618",
  "receipt_hash": "ff888325e0fd7c0b6be8ac99a19e4fb5611c85431a180396a928160bdfc811ae",
  "stage": "tasks",
  "valid": true,
  "verdict": "PASS"
}
exit_status=0
### validate
+ nix run .#cairn -- validate --root .
{
  "change_issues": [],
  "changes": 5,
  "issues": [],
  "layout": "cairn",
  "policy": "cairn-default",
  "spec_issues": [],
  "specs_validated": 10,
  "valid": true
}
exit_status=0
