COMMAND: nix run .#valence -- --dry-run
repo=/home/brittonr/git/mc/servers/valence
example=ctf
target_dir=/home/brittonr/git/mc/target/nix-run-valence
cd /home/brittonr/git/mc/servers/valence && cargo run --example ctf --
exit_status=0

COMMAND: nix run .#stevenarella -- --dry-run
repo=/home/brittonr/git/mc/clients/stevenarella
target_dir=/home/brittonr/git/mc/target/nix-run-stevenarella
cd /home/brittonr/git/mc/clients/stevenarella && cargo run --
exit_status=0

COMMAND: nix run .#mc-compat-smoke -- scenario run smoke --dry-run --receipt target/split-root-readme-docs-smoke.json
[mc-compat] plan: build client, start Valence server, wait for protocol 758, run 1 client session plan(s) under isolated Xvfb/X11
[mc-compat] typed scenario route: scenario 'smoke' backend valence mode dry-run receipt target/split-root-readme-docs-smoke.json timeout 20s packet_capture_summary=false proxy_route=<unset> proxy_forwarding_mode=<unset> non_claims=broad_minecraft_compatibility_false,production_readiness_false,semantic_equivalence_false
[mc-compat] building Stevenarella client
+ cd "/home/brittonr/git/mc/clients/stevenarella" && CARGO_TARGET_DIR="/tmp/stevenarella-target2" CMAKE_POLICY_VERSION_MINIMUM="3.5" RUSTC_WRAPPER="" "cargo" "build" "--bin" "stevenarella"
[mc-compat] using existing Valence worktree /tmp/valence-compat-758
[mc-compat] starting Valence 8ad9c85 example 'terrain' on 127.0.0.1:25565; log: /tmp/mc-compat-valence.log
[mc-compat] would run Valence example from /tmp/valence-compat-758
[mc-compat] probing status 127.0.0.1:25565 expecting protocol 758
[mc-compat] would run Rust protocol status probe
[mc-compat] running Stevenarella headless scenario 'smoke' isolated from host Wayland compositor
[mc-compat] would run Stevenarella under xvfb-run
[mc-compat] wrote smoke receipt target/split-root-readme-docs-smoke.json
exit_status=0

