# split-stevenarella-player-entity archive dry-run
cwd=/home/brittonr/git/mc
## command: nix run .#cairn -- archive split-stevenarella-player-entity --root .
{
  "actions": [
    {
      "description": "move active change to archive: split-stevenarella-player-entity",
      "kind": "archive_change",
      "path": "./cairn/changes/split-stevenarella-player-entity"
    }
  ],
  "blocked": false,
  "change": "split-stevenarella-player-entity",
  "dry_run": true,
  "input_hash": "b492e3caabcb7ccf34d84fd1facc80beec707aceef4fa498e9186b9e10789b35",
  "layout": "cairn",
  "mutated": false,
  "mutation_manifest": null,
  "plan_hash": "e92249a780a2b7f23007c28ae61c2db94836e7e8978a51860d57b0804098d44a",
  "policy": "cairn-default",
  "policy_hash": "a210ed841d260e0bf026f3c67ec810216b6409cfe6036f9132b51cc4e3176618",
  "reasons": [],
  "receipt_hash": "eeb6c33f3fd101ed9c3817864c2fd8040786853ea10f0fe1267bdb5abcd62c04"
}
command_exit_status=0
exit_status=0
