### sync-execute
+ nix run .#cairn -- sync split-stevenarella-resource-manager --root . --execute
{
  "actions": [
    {
      "description": "merge delta spec into main specs: ./cairn/changes/split-stevenarella-resource-manager/specs/mc-compatibility/spec.md",
      "kind": "sync_delta_spec",
      "path": "./cairn/changes/split-stevenarella-resource-manager/specs/mc-compatibility/spec.md"
    }
  ],
  "blocked": false,
  "change": "split-stevenarella-resource-manager",
  "delta_specs": [
    "./cairn/changes/split-stevenarella-resource-manager/specs/mc-compatibility/spec.md"
  ],
  "dry_run": false,
  "input_hash": "d1da47e0f07f811d07207842fc3c439b110050489240c80ad58752f3ce35aede",
  "layout": "cairn",
  "mutated": true,
  "mutation_manifest": {
    "after": {
      "entries": [
        {
          "content_hash": "9ddc2c88ede303ec23b0276129a6b111a42331b05399680291f37145881ea880",
          "exists": true,
          "path": "./cairn/specs/mc-compatibility/spec.md"
        }
      ],
      "manifest_hash": "c42d307ecb4207eea201967c6be4b604abe8a5341aa343337ae1de7eb48cf113"
    },
    "before": {
      "entries": [
        {
          "content_hash": "9ddc2c88ede303ec23b0276129a6b111a42331b05399680291f37145881ea880",
          "exists": true,
          "path": "./cairn/specs/mc-compatibility/spec.md"
        }
      ],
      "manifest_hash": "c42d307ecb4207eea201967c6be4b604abe8a5341aa343337ae1de7eb48cf113"
    },
    "kind": "sync",
    "manifest_hash": "db7defdb5c97e3d2b234aaa7a325dcd73abd1b229ba7a4ced9d5bd96339eda08"
  },
  "plan_hash": "76cc764b608b25a5ca248ddd5514a9ebc686446eca3d06f5643c8dae7adfea61",
  "policy": "cairn-default",
  "policy_hash": "a210ed841d260e0bf026f3c67ec810216b6409cfe6036f9132b51cc4e3176618",
  "reasons": [],
  "receipt_hash": "67be1a058968b3d390cd7d9b07c2699806f078765ed409c621160824e9961198"
}
exit_status=0
