$ nix run .#cairn -- sync split-root-flake-modules --root . --execute
{
  "actions": [
    {
      "description": "merge delta spec into main specs: ./cairn/changes/split-root-flake-modules/specs/repository-layout/spec.md",
      "kind": "sync_delta_spec",
      "path": "./cairn/changes/split-root-flake-modules/specs/repository-layout/spec.md"
    }
  ],
  "blocked": false,
  "change": "split-root-flake-modules",
  "delta_specs": [
    "./cairn/changes/split-root-flake-modules/specs/repository-layout/spec.md"
  ],
  "dry_run": false,
  "input_hash": "71c2d1b5b6d189e668ecd979632e108ae45d4ff71e437a9bce1d66fe3453cfea",
  "layout": "cairn",
  "mutated": true,
  "mutation_manifest": {
    "after": {
      "entries": [
        {
          "content_hash": "d155eb955817f3ecc8c9220da38000f8147f49e4b5f743eb84dbf291b07ac804",
          "exists": true,
          "path": "./cairn/specs/repository-layout/spec.md"
        }
      ],
      "manifest_hash": "44b246ff1e1a22d0db506e5f925ccd09de66619e2d0438c8bd7fb55b01e0a001"
    },
    "before": {
      "entries": [
        {
          "content_hash": "d155eb955817f3ecc8c9220da38000f8147f49e4b5f743eb84dbf291b07ac804",
          "exists": true,
          "path": "./cairn/specs/repository-layout/spec.md"
        }
      ],
      "manifest_hash": "44b246ff1e1a22d0db506e5f925ccd09de66619e2d0438c8bd7fb55b01e0a001"
    },
    "kind": "sync",
    "manifest_hash": "6b579eb1375aed82ea2b262716049eb3fbf9fbdc51e80c88823f08066e2aa5d9"
  },
  "plan_hash": "a64c83706e796beeb13f0c67b0b7a871b81e86356ae7d79c65fb42b98e98c2e3",
  "policy": "cairn-default",
  "policy_hash": "a210ed841d260e0bf026f3c67ec810216b6409cfe6036f9132b51cc4e3176618",
  "reasons": [],
  "receipt_hash": "ce751c775b2f5054a9051331acad175907eee2ffc5627db7ceba3a5c0a1a4bb2"
}
command_exit_status=0
exit_status=0
