## sync dry-run
$ nix run .#cairn -- sync split-valence-observability-core --root .
{
  "actions": [
    {
      "description": "merge delta spec into main specs: ./cairn/changes/split-valence-observability-core/specs/valence-bevy-ecs/spec.md",
      "kind": "sync_delta_spec",
      "path": "./cairn/changes/split-valence-observability-core/specs/valence-bevy-ecs/spec.md"
    }
  ],
  "blocked": false,
  "change": "split-valence-observability-core",
  "delta_specs": [
    "./cairn/changes/split-valence-observability-core/specs/valence-bevy-ecs/spec.md"
  ],
  "dry_run": true,
  "input_hash": "90d2085f3f0e8522363442777b0c69079f3d3f3e5e30b040ecf13ba665713d0d",
  "layout": "cairn",
  "mutated": false,
  "mutation_manifest": null,
  "plan_hash": "d2df167a355f58b2a5befde46b434ee08e7f180ad58806b14426b4817b840349",
  "policy": "cairn-default",
  "policy_hash": "a210ed841d260e0bf026f3c67ec810216b6409cfe6036f9132b51cc4e3176618",
  "reasons": [],
  "receipt_hash": "28d9cc3170e20b156e4d325bafa7316aa2693a0ae347156c890501b4dcc04f3a"
}

exit_status=0
