### archive-dry-run
+ nix run .#cairn -- archive split-stevenarella-resource-manager --root .
{
  "actions": [
    {
      "description": "move active change to archive: split-stevenarella-resource-manager",
      "kind": "archive_change",
      "path": "./cairn/changes/split-stevenarella-resource-manager"
    }
  ],
  "blocked": false,
  "change": "split-stevenarella-resource-manager",
  "dry_run": true,
  "input_hash": "d1da47e0f07f811d07207842fc3c439b110050489240c80ad58752f3ce35aede",
  "layout": "cairn",
  "mutated": false,
  "mutation_manifest": null,
  "plan_hash": "093843d12d720608264cc523e8d0554e4982e58eadc2298a0cb2f80181f9316e",
  "policy": "cairn-default",
  "policy_hash": "a210ed841d260e0bf026f3c67ec810216b6409cfe6036f9132b51cc4e3176618",
  "reasons": [],
  "receipt_hash": "03e9b74fbd27056e3397423f9e0e51f023be96908c6573cc52dc530db602f37d"
}
exit_status=0
