# split-stevenarella-player-entity sync dry-run
cwd=/home/brittonr/git/mc
## command: nix run .#cairn -- sync split-stevenarella-player-entity --root .
{
  "actions": [
    {
      "description": "merge delta spec into main specs: ./cairn/changes/split-stevenarella-player-entity/specs/mc-compatibility/spec.md",
      "kind": "sync_delta_spec",
      "path": "./cairn/changes/split-stevenarella-player-entity/specs/mc-compatibility/spec.md"
    }
  ],
  "blocked": false,
  "change": "split-stevenarella-player-entity",
  "delta_specs": [
    "./cairn/changes/split-stevenarella-player-entity/specs/mc-compatibility/spec.md"
  ],
  "dry_run": true,
  "input_hash": "b492e3caabcb7ccf34d84fd1facc80beec707aceef4fa498e9186b9e10789b35",
  "layout": "cairn",
  "mutated": false,
  "mutation_manifest": null,
  "plan_hash": "d1eaa0159b305302e0901df7fecdd92461acd4020ae9f7d1eb001dcfa0c23cd1",
  "policy": "cairn-default",
  "policy_hash": "a210ed841d260e0bf026f3c67ec810216b6409cfe6036f9132b51cc4e3176618",
  "reasons": [],
  "receipt_hash": "6e4c880bb9d33169a08801537b34938ab4751961d22c7e1f890236d57cf43ce3"
}
command_exit_status=0
exit_status=0
