
$ nix run .#cairn -- change list --root .
{
  "changes": [
    {
      "delta_specs": [
        "./cairn/changes/clean-repo-artifact-boundaries/specs/repository-layout/spec.md"
      ],
      "has_design": true,
      "has_proposal": true,
      "has_tasks": true,
      "metadata": {
        "groups": [],
        "status": null,
        "target_date": null
      },
      "name": "clean-repo-artifact-boundaries",
      "path": "./cairn/changes/clean-repo-artifact-boundaries",
      "task_counts": {
        "done": 5,
        "in_progress": 0,
        "todo": 1,
        "total": 6,
        "unmarked": 0
      }
    },
    {
      "delta_specs": [
        "./cairn/changes/extend-manifest-derived-surfaces/specs/mc-compatibility/spec.md"
      ],
      "has_design": true,
      "has_proposal": true,
      "has_tasks": true,
      "metadata": {
        "groups": [],
        "status": null,
        "target_date": null
      },
      "name": "extend-manifest-derived-surfaces",
      "path": "./cairn/changes/extend-manifest-derived-surfaces",
      "task_counts": {
        "done": 5,
        "in_progress": 0,
        "todo": 1,
        "total": 6,
        "unmarked": 0
      }
    },
    {
      "delta_specs": [
        "./cairn/changes/introduce-scenario-command-router/specs/mc-compatibility/spec.md"
      ],
      "has_design": true,
      "has_proposal": true,
      "has_tasks": true,
      "metadata": {
        "groups": [],
        "status": null,
        "target_date": null
      },
      "name": "introduce-scenario-command-router",
      "path": "./cairn/changes/introduce-scenario-command-router",
      "task_counts": {
        "done": 0,
        "in_progress": 0,
        "todo": 6,
        "total": 6,
        "unmarked": 0
      }
    },
    {
      "delta_specs": [
        "./cairn/changes/partition-evidence-directory/specs/repository-layout/spec.md"
      ],
      "has_design": true,
      "has_proposal": true,
      "has_tasks": true,
      "metadata": {
        "groups": [],
        "status": null,
        "target_date": null
      },
      "name": "partition-evidence-directory",
      "path": "./cairn/changes/partition-evidence-directory",
      "task_counts": {
        "done": 0,
        "in_progress": 0,
        "todo": 6,
        "total": 6,
        "unmarked": 0
      }
    },
    {
      "delta_specs": [
        "./cairn/changes/split-root-flake-modules/specs/repository-layout/spec.md"
      ],
      "has_design": true,
      "has_proposal": true,
      "has_tasks": true,
      "metadata": {
        "groups": [],
        "status": null,
        "target_date": null
      },
      "name": "split-root-flake-modules",
      "path": "./cairn/changes/split-root-flake-modules",
      "task_counts": {
        "done": 0,
        "in_progress": 0,
        "todo": 6,
        "total": 6,
        "unmarked": 0
      }
    },
    {
      "delta_specs": [
        "./cairn/changes/split-root-readme-docs/specs/repository-layout/spec.md"
      ],
      "has_design": true,
      "has_proposal": true,
      "has_tasks": true,
      "metadata": {
        "groups": [],
        "status": null,
        "target_date": null
      },
      "name": "split-root-readme-docs",
      "path": "./cairn/changes/split-root-readme-docs",
      "task_counts": {
        "done": 0,
        "in_progress": 0,
        "todo": 6,
        "total": 6,
        "unmarked": 0
      }
    },
    {
      "delta_specs": [
        "./cairn/changes/unify-spatial-raycast-collision/specs/valence-hyperion-integration/spec.md"
      ],
      "has_design": true,
      "has_proposal": true,
      "has_tasks": true,
      "metadata": {
        "groups": [],
        "status": null,
        "target_date": null
      },
      "name": "unify-spatial-raycast-collision",
      "path": "./cairn/changes/unify-spatial-raycast-collision",
      "task_counts": {
        "done": 0,
        "in_progress": 0,
        "todo": 6,
        "total": 6,
        "unmarked": 0
      }
    },
    {
      "delta_specs": [
        "./cairn/changes/upstream-byte-backed-protocol-path/specs/valence-hyperion-integration/spec.md"
      ],
      "has_design": true,
      "has_proposal": true,
      "has_tasks": true,
      "metadata": {
        "groups": [],
        "status": null,
        "target_date": null
      },
      "name": "upstream-byte-backed-protocol-path",
      "path": "./cairn/changes/upstream-byte-backed-protocol-path",
      "task_counts": {
        "done": 0,
        "in_progress": 0,
        "todo": 6,
        "total": 6,
        "unmarked": 0
      }
    }
  ],
  "layout": "cairn",
  "root": "."
}
command_exit_status=0

$ nix run .#cairn -- validate --root .
{
  "change_issues": [],
  "changes": 8,
  "issues": [],
  "layout": "cairn",
  "policy": "cairn-default",
  "spec_issues": [],
  "specs_validated": 12,
  "valid": true
}
command_exit_status=0

$ nix run .#cairn -- gate proposal split-root-flake-modules --root .
{
  "change": "split-root-flake-modules",
  "evidence_summary": {
    "docs_only": 0,
    "fixture": 0,
    "formal": 0,
    "mode": "advisory",
    "model": 0,
    "probe": 0,
    "property": 0
  },
  "input_hash": "7ae8cab905c07a35e5100fb4c7ccaf1f60ef7b4d4f9bb62d1b4f3d6f53f67677",
  "issues": [],
  "layout": "cairn",
  "policy": "cairn-default",
  "policy_hash": "a210ed841d260e0bf026f3c67ec810216b6409cfe6036f9132b51cc4e3176618",
  "receipt_hash": "b7d6ebfb3c6e6ee88a3846a2b6bfd8abef66f1150f4c1cf4565c1b19a8a3d7b0",
  "stage": "proposal",
  "valid": true,
  "verdict": "PASS"
}
command_exit_status=0

$ nix run .#cairn -- gate design split-root-flake-modules --root .
{
  "change": "split-root-flake-modules",
  "evidence_summary": {
    "docs_only": 0,
    "fixture": 0,
    "formal": 0,
    "mode": "advisory",
    "model": 0,
    "probe": 0,
    "property": 0
  },
  "input_hash": "65eed3d9a268fed46e851a2050f5fe53a0110650a0324f203e7306a6c4d1c12c",
  "issues": [],
  "layout": "cairn",
  "policy": "cairn-default",
  "policy_hash": "a210ed841d260e0bf026f3c67ec810216b6409cfe6036f9132b51cc4e3176618",
  "receipt_hash": "7b381ce612a988f5cee367746f8804300e0cbd056326f2595412e49f6a639c7f",
  "stage": "design",
  "valid": true,
  "verdict": "PASS"
}
command_exit_status=0

$ nix run .#cairn -- gate tasks split-root-flake-modules --root .
{
  "change": "split-root-flake-modules",
  "evidence_summary": {
    "docs_only": 0,
    "fixture": 0,
    "formal": 0,
    "mode": "advisory",
    "model": 0,
    "probe": 0,
    "property": 0
  },
  "input_hash": "630779f488961b3d943b8b78c0a80d95cd3a709ecb0fe38af6c06bdda123aa1d",
  "issues": [],
  "layout": "cairn",
  "policy": "cairn-default",
  "policy_hash": "a210ed841d260e0bf026f3c67ec810216b6409cfe6036f9132b51cc4e3176618",
  "receipt_hash": "72a4cf8d99dd28ac0f831ab8d770aaf4a84c5d4ffeb7f6ba9508cc45021681d7",
  "stage": "tasks",
  "valid": true,
  "verdict": "PASS"
}
command_exit_status=0

exit_status=0
