# split-stevenarella-player-entity archive execute
cwd=/home/brittonr/git/mc
## command: CAIRN_ARCHIVE_DATE=2026-06-29 nix run .#cairn -- archive split-stevenarella-player-entity --root . --execute
{
  "actions": [
    {
      "description": "move active change to archive: split-stevenarella-player-entity",
      "kind": "archive_change",
      "path": "./cairn/archive/2026-06-29-split-stevenarella-player-entity"
    }
  ],
  "blocked": false,
  "change": "split-stevenarella-player-entity",
  "dry_run": false,
  "input_hash": "b492e3caabcb7ccf34d84fd1facc80beec707aceef4fa498e9186b9e10789b35",
  "layout": "cairn",
  "mutated": true,
  "mutation_manifest": {
    "after": {
      "entries": [
        {
          "content_hash": "28da080168bee393b6d6f72021436b1f605c9e7fd307abc593e7b210032e0907",
          "exists": true,
          "path": "./cairn/archive/2026-06-29-split-stevenarella-player-entity/design.md"
        },
        {
          "content_hash": "4c2c5dc55ecbd3229af4165cc4c5b6ef649bb9276ac22146382585cf82fc58ff",
          "exists": true,
          "path": "./cairn/archive/2026-06-29-split-stevenarella-player-entity/proposal.md"
        },
        {
          "content_hash": "798dae23224ac3bab5db281abf0ed2b71b526e2ccfdbae2a1c789ce777a25e39",
          "exists": true,
          "path": "./cairn/archive/2026-06-29-split-stevenarella-player-entity/specs/mc-compatibility/spec.md"
        },
        {
          "content_hash": "1018e596a1400e77c76c6842634cf7c43f0f08455a1855afba569a7f9d22eec8",
          "exists": true,
          "path": "./cairn/archive/2026-06-29-split-stevenarella-player-entity/tasks.md"
        },
        {
          "content_hash": null,
          "exists": false,
          "path": "./cairn/changes/split-stevenarella-player-entity"
        }
      ],
      "manifest_hash": "c54989c4acbf11b3c3aa56240031c5eb9a2ef579506ef6e9f133a7b56e1c7cae"
    },
    "before": {
      "entries": [
        {
          "content_hash": "28da080168bee393b6d6f72021436b1f605c9e7fd307abc593e7b210032e0907",
          "exists": true,
          "path": "./cairn/changes/split-stevenarella-player-entity/design.md"
        },
        {
          "content_hash": "4c2c5dc55ecbd3229af4165cc4c5b6ef649bb9276ac22146382585cf82fc58ff",
          "exists": true,
          "path": "./cairn/changes/split-stevenarella-player-entity/proposal.md"
        },
        {
          "content_hash": "798dae23224ac3bab5db281abf0ed2b71b526e2ccfdbae2a1c789ce777a25e39",
          "exists": true,
          "path": "./cairn/changes/split-stevenarella-player-entity/specs/mc-compatibility/spec.md"
        },
        {
          "content_hash": "1018e596a1400e77c76c6842634cf7c43f0f08455a1855afba569a7f9d22eec8",
          "exists": true,
          "path": "./cairn/changes/split-stevenarella-player-entity/tasks.md"
        }
      ],
      "manifest_hash": "7bc0e04eb12718c7b0ef518b1ec291c392aa11d41e534ef41ccee0142508ef57"
    },
    "kind": "archive",
    "manifest_hash": "f7585d599213648965dbec543e21dcb2bffb9cd80c8e8ff74bb49a7f9d2d7eed"
  },
  "plan_hash": "998ba7a3df2d0e70fefd8a86e88f3a85f2f9a5c733202e11049781b74f7a7eab",
  "policy": "cairn-default",
  "policy_hash": "a210ed841d260e0bf026f3c67ec810216b6409cfe6036f9132b51cc4e3176618",
  "reasons": [],
  "receipt_hash": "39566f6de99c219e04aaf696c2f3473bd2163206244693108488e6734230583b"
}
command_exit_status=0
exit_status=0
