### archive-execute
+ CAIRN_ARCHIVE_DATE=2026-06-29 nix run .#cairn -- archive split-stevenarella-resource-manager --root . --execute
{
  "actions": [
    {
      "description": "move active change to archive: split-stevenarella-resource-manager",
      "kind": "archive_change",
      "path": "./cairn/archive/2026-06-29-split-stevenarella-resource-manager"
    }
  ],
  "blocked": false,
  "change": "split-stevenarella-resource-manager",
  "dry_run": false,
  "input_hash": "d1da47e0f07f811d07207842fc3c439b110050489240c80ad58752f3ce35aede",
  "layout": "cairn",
  "mutated": true,
  "mutation_manifest": {
    "after": {
      "entries": [
        {
          "content_hash": "e2a10bed709ef62f2a52d37e7e3ba43b8a999bfdf2b9578f884f0b43bc775817",
          "exists": true,
          "path": "./cairn/archive/2026-06-29-split-stevenarella-resource-manager/design.md"
        },
        {
          "content_hash": "2e8b8d9d79523c45bb126da644d1079e40c0f336ec7052ff001de27eb74f3365",
          "exists": true,
          "path": "./cairn/archive/2026-06-29-split-stevenarella-resource-manager/proposal.md"
        },
        {
          "content_hash": "8a61da8be5f1e96212ae829e1828f7b99798a78e0ef9ea0ed48d7f4251635b38",
          "exists": true,
          "path": "./cairn/archive/2026-06-29-split-stevenarella-resource-manager/specs/mc-compatibility/spec.md"
        },
        {
          "content_hash": "626c1c1b75ebe23ffd9f15273bfd8de24eb1c3eb92343d617af20ef339f7a4b5",
          "exists": true,
          "path": "./cairn/archive/2026-06-29-split-stevenarella-resource-manager/tasks.md"
        },
        {
          "content_hash": null,
          "exists": false,
          "path": "./cairn/changes/split-stevenarella-resource-manager"
        }
      ],
      "manifest_hash": "fb65a998ed604c9e5b2770e895cabeb5fd83e4af3e8bd1f22ebeeb47a17f5a2f"
    },
    "before": {
      "entries": [
        {
          "content_hash": "e2a10bed709ef62f2a52d37e7e3ba43b8a999bfdf2b9578f884f0b43bc775817",
          "exists": true,
          "path": "./cairn/changes/split-stevenarella-resource-manager/design.md"
        },
        {
          "content_hash": "2e8b8d9d79523c45bb126da644d1079e40c0f336ec7052ff001de27eb74f3365",
          "exists": true,
          "path": "./cairn/changes/split-stevenarella-resource-manager/proposal.md"
        },
        {
          "content_hash": "8a61da8be5f1e96212ae829e1828f7b99798a78e0ef9ea0ed48d7f4251635b38",
          "exists": true,
          "path": "./cairn/changes/split-stevenarella-resource-manager/specs/mc-compatibility/spec.md"
        },
        {
          "content_hash": "626c1c1b75ebe23ffd9f15273bfd8de24eb1c3eb92343d617af20ef339f7a4b5",
          "exists": true,
          "path": "./cairn/changes/split-stevenarella-resource-manager/tasks.md"
        }
      ],
      "manifest_hash": "fb2c0be362572830194402c8c360ddce47932261132c4c7f26da6b026eaa1bad"
    },
    "kind": "archive",
    "manifest_hash": "5cf683b3990e552f7216da51bb665d5d5cb7b28f2f99f8d6e1f162d11a3d9e7e"
  },
  "plan_hash": "1638941c36d6a38e639ce6b45e42de161d7658eb11e24c7613acb47a67108a2f",
  "policy": "cairn-default",
  "policy_hash": "a210ed841d260e0bf026f3c67ec810216b6409cfe6036f9132b51cc4e3176618",
  "reasons": [],
  "receipt_hash": "2279d35dea82acd921e5fb2c9fe234e1a184501787318eb7cde288f9cae6083a"
}
exit_status=0
