## command: nix build .#checks.x86_64-linux.mc-compat-cairn-task-evidence --no-link -L
warning: error: unable to download 'http://100.100.103.95:5000/nfazlba866j7m5y37if6ap9cwsix9547.narinfo': Timeout was reached (28) Connection timed out after 5000 milliseconds; retrying in 332 ms
warning: error: unable to download 'http://100.100.103.95:5000/nfazlba866j7m5y37if6ap9cwsix9547.narinfo': Could not connect to server (7) Failed to connect to 100.100.103.95 port 5000 after 1048 ms: Could not connect to server; retrying in 660 ms
warning: error: unable to download 'http://100.100.103.95:5000/nfazlba866j7m5y37if6ap9cwsix9547.narinfo': Timeout was reached (28) Connection timed out after 5000 milliseconds; retrying in 1373 ms
warning: error: unable to download 'http://100.100.103.95:5000/nfazlba866j7m5y37if6ap9cwsix9547.narinfo': Timeout was reached (28) Connection timed out after 5000 milliseconds; retrying in 2661 ms
disabling binary cache 'http://100.100.103.95:5000' for 60 seconds
error:
       … during download of 'http://100.100.103.95:5000/nfazlba866j7m5y37if6ap9cwsix9547.narinfo'

       error: unable to download 'http://100.100.103.95:5000/nfazlba866j7m5y37if6ap9cwsix9547.narinfo': Timeout was reached (28) Connection timed out after 5000 milliseconds
this derivation will be built:
  /nix/store/n69w3b2y2163cmw3w56fimmjpb25nrmh-mc-compat-cairn-task-evidence.drv
cannot build on 'ssh-ng://root@10.10.10.1': error: failed to start SSH connection to '10.10.10.1'
building '/nix/store/n69w3b2y2163cmw3w56fimmjpb25nrmh-mc-compat-cairn-task-evidence.drv'...
mc-compat-cairn-task-evidence> task evidence gate failed: cairn/changes/extract-valence-compat-fixture-cores/tasks.md:3 cites missing evidence artifact docs/evidence/extract-valence-compat-fixture-cores-inventory.md
mc-compat-cairn-task-evidence> task evidence gate failed: cairn/changes/extract-valence-compat-fixture-cores/tasks.md:3 cites missing evidence artifact docs/evidence/extract-valence-compat-fixture-cores-preflight-gates.run.log
mc-compat-cairn-task-evidence> task evidence gate failed: cairn/changes/extract-valence-compat-fixture-cores/tasks.md:3 cites missing evidence artifact docs/evidence/extract-valence-compat-fixture-cores-validation.b3
mc-compat-cairn-task-evidence> task evidence gate failed: cairn/changes/extract-valence-compat-fixture-cores/tasks.md:3 cites run log docs/evidence/extract-valence-compat-fixture-cores-preflight-gates.run.log but its text is unavailable
mc-compat-cairn-task-evidence> task evidence gate failed: cairn/changes/extract-valence-compat-fixture-cores/tasks.md:3 cites run log docs/evidence/extract-valence-compat-fixture-cores-preflight-gates.run.log without a cited .b3 manifest covering it
mc-compat-cairn-task-evidence> task evidence gate failed: cairn/changes/extract-valence-compat-fixture-cores/tasks.md:4 cites missing evidence artifact docs/evidence/extract-valence-compat-fixture-cores-fmt-check.run.log
mc-compat-cairn-task-evidence> task evidence gate failed: cairn/changes/extract-valence-compat-fixture-cores/tasks.md:4 cites missing evidence artifact docs/evidence/extract-valence-compat-fixture-cores-inventory.md
mc-compat-cairn-task-evidence> task evidence gate failed: cairn/changes/extract-valence-compat-fixture-cores/tasks.md:4 cites missing evidence artifact docs/evidence/extract-valence-compat-fixture-cores-post-core-valence-examples.run.log
mc-compat-cairn-task-evidence> task evidence gate failed: cairn/changes/extract-valence-compat-fixture-cores/tasks.md:4 cites missing evidence artifact docs/evidence/extract-valence-compat-fixture-cores-validation.b3
mc-compat-cairn-task-evidence> task evidence gate failed: cairn/changes/extract-valence-compat-fixture-cores/tasks.md:4 cites run log docs/evidence/extract-valence-compat-fixture-cores-fmt-check.run.log but its text is unavailable
mc-compat-cairn-task-evidence> task evidence gate failed: cairn/changes/extract-valence-compat-fixture-cores/tasks.md:4 cites run log docs/evidence/extract-valence-compat-fixture-cores-fmt-check.run.log without a cited .b3 manifest covering it
mc-compat-cairn-task-evidence> task evidence gate failed: cairn/changes/extract-valence-compat-fixture-cores/tasks.md:4 cites run log docs/evidence/extract-valence-compat-fixture-cores-post-core-valence-examples.run.log but its text is unavailable
mc-compat-cairn-task-evidence> task evidence gate failed: cairn/changes/extract-valence-compat-fixture-cores/tasks.md:4 cites run log docs/evidence/extract-valence-compat-fixture-cores-post-core-valence-examples.run.log without a cited .b3 manifest covering it
mc-compat-cairn-task-evidence> task evidence gate failed: cairn/changes/extract-valence-compat-fixture-cores/tasks.md:5 cites missing evidence artifact docs/evidence/extract-valence-compat-fixture-cores-inventory.md
mc-compat-cairn-task-evidence> task evidence gate failed: cairn/changes/extract-valence-compat-fixture-cores/tasks.md:5 cites missing evidence artifact docs/evidence/extract-valence-compat-fixture-cores-post-core-valence-examples.run.log
mc-compat-cairn-task-evidence> task evidence gate failed: cairn/changes/extract-valence-compat-fixture-cores/tasks.md:5 cites missing evidence artifact docs/evidence/extract-valence-compat-fixture-cores-validation.b3
mc-compat-cairn-task-evidence> task evidence gate failed: cairn/changes/extract-valence-compat-fixture-cores/tasks.md:5 cites run log docs/evidence/extract-valence-compat-fixture-cores-post-core-valence-examples.run.log but its text is unavailable
mc-compat-cairn-task-evidence> task evidence gate failed: cairn/changes/extract-valence-compat-fixture-cores/tasks.md:5 cites run log docs/evidence/extract-valence-compat-fixture-cores-post-core-valence-examples.run.log without a cited .b3 manifest covering it
mc-compat-cairn-task-evidence> task evidence gate failed: cairn/changes/extract-valence-compat-fixture-cores/tasks.md:6 cites missing evidence artifact docs/evidence/extract-valence-compat-fixture-cores-inventory.md
mc-compat-cairn-task-evidence> task evidence gate failed: cairn/changes/extract-valence-compat-fixture-cores/tasks.md:6 cites missing evidence artifact docs/evidence/extract-valence-compat-fixture-cores-post-core-valence-examples.run.log
mc-compat-cairn-task-evidence> task evidence gate failed: cairn/changes/extract-valence-compat-fixture-cores/tasks.md:6 cites missing evidence artifact docs/evidence/extract-valence-compat-fixture-cores-validation.b3
mc-compat-cairn-task-evidence> task evidence gate failed: cairn/changes/extract-valence-compat-fixture-cores/tasks.md:6 cites run log docs/evidence/extract-valence-compat-fixture-cores-post-core-valence-examples.run.log but its text is unavailable
mc-compat-cairn-task-evidence> task evidence gate failed: cairn/changes/extract-valence-compat-fixture-cores/tasks.md:6 cites run log docs/evidence/extract-valence-compat-fixture-cores-post-core-valence-examples.run.log without a cited .b3 manifest covering it
mc-compat-cairn-task-evidence> task evidence gate failed: cairn/changes/extract-valence-compat-fixture-cores/tasks.md:7 cites missing evidence artifact docs/evidence/extract-valence-compat-fixture-cores-fmt-check.run.log
mc-compat-cairn-task-evidence> task evidence gate failed: cairn/changes/extract-valence-compat-fixture-cores/tasks.md:7 cites missing evidence artifact docs/evidence/extract-valence-compat-fixture-cores-inventory.md
mc-compat-cairn-task-evidence> task evidence gate failed: cairn/changes/extract-valence-compat-fixture-cores/tasks.md:7 cites missing evidence artifact docs/evidence/extract-valence-compat-fixture-cores-post-core-valence-examples.run.log
mc-compat-cairn-task-evidence> task evidence gate failed: cairn/changes/extract-valence-compat-fixture-cores/tasks.md:7 cites missing evidence artifact docs/evidence/extract-valence-compat-fixture-cores-validation.b3
mc-compat-cairn-task-evidence> task evidence gate failed: cairn/changes/extract-valence-compat-fixture-cores/tasks.md:7 cites run log docs/evidence/extract-valence-compat-fixture-cores-fmt-check.run.log but its text is unavailable
mc-compat-cairn-task-evidence> task evidence gate failed: cairn/changes/extract-valence-compat-fixture-cores/tasks.md:7 cites run log docs/evidence/extract-valence-compat-fixture-cores-fmt-check.run.log without a cited .b3 manifest covering it
mc-compat-cairn-task-evidence> task evidence gate failed: cairn/changes/extract-valence-compat-fixture-cores/tasks.md:7 cites run log docs/evidence/extract-valence-compat-fixture-cores-post-core-valence-examples.run.log but its text is unavailable
mc-compat-cairn-task-evidence> task evidence gate failed: cairn/changes/extract-valence-compat-fixture-cores/tasks.md:7 cites run log docs/evidence/extract-valence-compat-fixture-cores-post-core-valence-examples.run.log without a cited .b3 manifest covering it
mc-compat-cairn-task-evidence> task evidence gate failed: cairn/changes/extract-valence-compat-fixture-cores/tasks.md:8 cites missing evidence artifact docs/evidence/extract-valence-compat-fixture-cores-inventory.md
mc-compat-cairn-task-evidence> task evidence gate failed: cairn/changes/extract-valence-compat-fixture-cores/tasks.md:8 cites missing evidence artifact docs/evidence/extract-valence-compat-fixture-cores-post-core-valence-examples.run.log
mc-compat-cairn-task-evidence> task evidence gate failed: cairn/changes/extract-valence-compat-fixture-cores/tasks.md:8 cites missing evidence artifact docs/evidence/extract-valence-compat-fixture-cores-selected-dry-runs.run.log
mc-compat-cairn-task-evidence> task evidence gate failed: cairn/changes/extract-valence-compat-fixture-cores/tasks.md:8 cites missing evidence artifact docs/evidence/extract-valence-compat-fixture-cores-validation.b3
mc-compat-cairn-task-evidence> task evidence gate failed: cairn/changes/extract-valence-compat-fixture-cores/tasks.md:8 cites run log docs/evidence/extract-valence-compat-fixture-cores-post-core-valence-examples.run.log but its text is unavailable
mc-compat-cairn-task-evidence> task evidence gate failed: cairn/changes/extract-valence-compat-fixture-cores/tasks.md:8 cites run log docs/evidence/extract-valence-compat-fixture-cores-post-core-valence-examples.run.log without a cited .b3 manifest covering it
mc-compat-cairn-task-evidence> task evidence gate failed: cairn/changes/extract-valence-compat-fixture-cores/tasks.md:8 cites run log docs/evidence/extract-valence-compat-fixture-cores-selected-dry-runs.run.log but its text is unavailable
mc-compat-cairn-task-evidence> task evidence gate failed: cairn/changes/extract-valence-compat-fixture-cores/tasks.md:8 cites run log docs/evidence/extract-valence-compat-fixture-cores-selected-dry-runs.run.log without a cited .b3 manifest covering it
mc-compat-cairn-task-evidence> task evidence gate failed: cairn/changes/extract-valence-compat-fixture-cores/tasks.md:9 cites missing evidence artifact docs/evidence/extract-valence-compat-fixture-cores-baseline-valence-examples.run.log
mc-compat-cairn-task-evidence> task evidence gate failed: cairn/changes/extract-valence-compat-fixture-cores/tasks.md:9 cites missing evidence artifact docs/evidence/extract-valence-compat-fixture-cores-post-core-valence-examples.run.log
mc-compat-cairn-task-evidence> task evidence gate failed: cairn/changes/extract-valence-compat-fixture-cores/tasks.md:9 cites missing evidence artifact docs/evidence/extract-valence-compat-fixture-cores-validation.b3
mc-compat-cairn-task-evidence> task evidence gate failed: cairn/changes/extract-valence-compat-fixture-cores/tasks.md:9 cites run log docs/evidence/extract-valence-compat-fixture-cores-baseline-valence-examples.run.log but its text is unavailable
mc-compat-cairn-task-evidence> task evidence gate failed: cairn/changes/extract-valence-compat-fixture-cores/tasks.md:9 cites run log docs/evidence/extract-valence-compat-fixture-cores-baseline-valence-examples.run.log without a cited .b3 manifest covering it
mc-compat-cairn-task-evidence> task evidence gate failed: cairn/changes/extract-valence-compat-fixture-cores/tasks.md:9 cites run log docs/evidence/extract-valence-compat-fixture-cores-post-core-valence-examples.run.log but its text is unavailable
mc-compat-cairn-task-evidence> task evidence gate failed: cairn/changes/extract-valence-compat-fixture-cores/tasks.md:9 cites run log docs/evidence/extract-valence-compat-fixture-cores-post-core-valence-examples.run.log without a cited .b3 manifest covering it
mc-compat-cairn-task-evidence> task evidence gate failed: cairn/changes/harden-stevenarella-runtime-boundaries/tasks.md:3 cites missing evidence artifact docs/evidence/harden-stevenarella-runtime-boundaries-audit-2026-06-25.md
mc-compat-cairn-task-evidence> task evidence gate failed: cairn/changes/harden-stevenarella-runtime-boundaries/tasks.md:3 cites missing evidence artifact docs/evidence/harden-stevenarella-runtime-boundaries-preflight-gates.run.log
mc-compat-cairn-task-evidence> task evidence gate failed: cairn/changes/harden-stevenarella-runtime-boundaries/tasks.md:3 cites missing evidence artifact docs/evidence/harden-stevenarella-runtime-boundaries-validation-2026-06-25.b3
mc-compat-cairn-task-evidence> task evidence gate failed: cairn/changes/harden-stevenarella-runtime-boundaries/tasks.md:3 cites run log docs/evidence/harden-stevenarella-runtime-boundaries-preflight-gates.run.log but its text is unavailable
mc-compat-cairn-task-evidence> task evidence gate failed: cairn/changes/harden-stevenarella-runtime-boundaries/tasks.md:3 cites run log docs/evidence/harden-stevenarella-runtime-boundaries-preflight-gates.run.log without a cited .b3 manifest covering it
mc-compat-cairn-task-evidence> task evidence gate failed: cairn/changes/harden-stevenarella-runtime-boundaries/tasks.md:4 cites missing evidence artifact docs/evidence/harden-stevenarella-runtime-boundaries-focused-validation.run.log
mc-compat-cairn-task-evidence> task evidence gate failed: cairn/changes/harden-stevenarella-runtime-boundaries/tasks.md:4 cites missing evidence artifact docs/evidence/harden-stevenarella-runtime-boundaries-validation-2026-06-25.b3
mc-compat-cairn-task-evidence> task evidence gate failed: cairn/changes/harden-stevenarella-runtime-boundaries/tasks.md:4 cites run log docs/evidence/harden-stevenarella-runtime-boundaries-focused-validation.run.log but its text is unavailable
mc-compat-cairn-task-evidence> task evidence gate failed: cairn/changes/harden-stevenarella-runtime-boundaries/tasks.md:4 cites run log docs/evidence/harden-stevenarella-runtime-boundaries-focused-validation.run.log without a cited .b3 manifest covering it
mc-compat-cairn-task-evidence> task evidence gate failed: cairn/changes/harden-stevenarella-runtime-boundaries/tasks.md:5 cites missing evidence artifact docs/evidence/harden-stevenarella-runtime-boundaries-focused-validation.run.log
mc-compat-cairn-task-evidence> task evidence gate failed: cairn/changes/harden-stevenarella-runtime-boundaries/tasks.md:5 cites missing evidence artifact docs/evidence/harden-stevenarella-runtime-boundaries-validation-2026-06-25.b3
mc-compat-cairn-task-evidence> task evidence gate failed: cairn/changes/harden-stevenarella-runtime-boundaries/tasks.md:5 cites run log docs/evidence/harden-stevenarella-runtime-boundaries-focused-validation.run.log but its text is unavailable
mc-compat-cairn-task-evidence> task evidence gate failed: cairn/changes/harden-stevenarella-runtime-boundaries/tasks.md:5 cites run log docs/evidence/harden-stevenarella-runtime-boundaries-focused-validation.run.log without a cited .b3 manifest covering it
mc-compat-cairn-task-evidence> task evidence gate failed: cairn/changes/harden-stevenarella-runtime-boundaries/tasks.md:6 cites missing evidence artifact docs/evidence/harden-stevenarella-runtime-boundaries-focused-validation.run.log
mc-compat-cairn-task-evidence> task evidence gate failed: cairn/changes/harden-stevenarella-runtime-boundaries/tasks.md:6 cites missing evidence artifact docs/evidence/harden-stevenarella-runtime-boundaries-validation-2026-06-25.b3
mc-compat-cairn-task-evidence> task evidence gate failed: cairn/changes/harden-stevenarella-runtime-boundaries/tasks.md:6 cites run log docs/evidence/harden-stevenarella-runtime-boundaries-focused-validation.run.log but its text is unavailable
mc-compat-cairn-task-evidence> task evidence gate failed: cairn/changes/harden-stevenarella-runtime-boundaries/tasks.md:6 cites run log docs/evidence/harden-stevenarella-runtime-boundaries-focused-validation.run.log without a cited .b3 manifest covering it
mc-compat-cairn-task-evidence> task evidence gate failed: cairn/changes/harden-stevenarella-runtime-boundaries/tasks.md:7 cites missing evidence artifact docs/evidence/harden-stevenarella-runtime-boundaries-focused-validation.run.log
mc-compat-cairn-task-evidence> task evidence gate failed: cairn/changes/harden-stevenarella-runtime-boundaries/tasks.md:7 cites missing evidence artifact docs/evidence/harden-stevenarella-runtime-boundaries-selected-dry-runs.run.log
mc-compat-cairn-task-evidence> task evidence gate failed: cairn/changes/harden-stevenarella-runtime-boundaries/tasks.md:7 cites missing evidence artifact docs/evidence/harden-stevenarella-runtime-boundaries-validation-2026-06-25.b3
mc-compat-cairn-task-evidence> task evidence gate failed: cairn/changes/harden-stevenarella-runtime-boundaries/tasks.md:7 cites run log docs/evidence/harden-stevenarella-runtime-boundaries-focused-validation.run.log but its text is unavailable
mc-compat-cairn-task-evidence> task evidence gate failed: cairn/changes/harden-stevenarella-runtime-boundaries/tasks.md:7 cites run log docs/evidence/harden-stevenarella-runtime-boundaries-focused-validation.run.log without a cited .b3 manifest covering it
mc-compat-cairn-task-evidence> task evidence gate failed: cairn/changes/harden-stevenarella-runtime-boundaries/tasks.md:7 cites run log docs/evidence/harden-stevenarella-runtime-boundaries-selected-dry-runs.run.log but its text is unavailable
mc-compat-cairn-task-evidence> task evidence gate failed: cairn/changes/harden-stevenarella-runtime-boundaries/tasks.md:7 cites run log docs/evidence/harden-stevenarella-runtime-boundaries-selected-dry-runs.run.log without a cited .b3 manifest covering it
mc-compat-cairn-task-evidence> task evidence gate failed: cairn/changes/harden-stevenarella-runtime-boundaries/tasks.md:8 cites missing evidence artifact docs/evidence/harden-stevenarella-runtime-boundaries-focused-validation.run.log
mc-compat-cairn-task-evidence> task evidence gate failed: cairn/changes/harden-stevenarella-runtime-boundaries/tasks.md:8 cites missing evidence artifact docs/evidence/harden-stevenarella-runtime-boundaries-validation-2026-06-25.b3
mc-compat-cairn-task-evidence> task evidence gate failed: cairn/changes/harden-stevenarella-runtime-boundaries/tasks.md:8 cites run log docs/evidence/harden-stevenarella-runtime-boundaries-focused-validation.run.log but its text is unavailable
mc-compat-cairn-task-evidence> task evidence gate failed: cairn/changes/harden-stevenarella-runtime-boundaries/tasks.md:8 cites run log docs/evidence/harden-stevenarella-runtime-boundaries-focused-validation.run.log without a cited .b3 manifest covering it
mc-compat-cairn-task-evidence> task evidence gate failed: cairn/changes/harden-stevenarella-runtime-boundaries/tasks.md:9 cites missing evidence artifact docs/evidence/harden-stevenarella-runtime-boundaries-final-cairn-gates.run.log
mc-compat-cairn-task-evidence> task evidence gate failed: cairn/changes/harden-stevenarella-runtime-boundaries/tasks.md:9 cites missing evidence artifact docs/evidence/harden-stevenarella-runtime-boundaries-focused-validation.run.log
mc-compat-cairn-task-evidence> task evidence gate failed: cairn/changes/harden-stevenarella-runtime-boundaries/tasks.md:9 cites missing evidence artifact docs/evidence/harden-stevenarella-runtime-boundaries-selected-dry-runs.run.log
mc-compat-cairn-task-evidence> task evidence gate failed: cairn/changes/harden-stevenarella-runtime-boundaries/tasks.md:9 cites missing evidence artifact docs/evidence/harden-stevenarella-runtime-boundaries-task-evidence-pre-validation.run.log
mc-compat-cairn-task-evidence> task evidence gate failed: cairn/changes/harden-stevenarella-runtime-boundaries/tasks.md:9 cites missing evidence artifact docs/evidence/harden-stevenarella-runtime-boundaries-validation-2026-06-25.b3
mc-compat-cairn-task-evidence> task evidence gate failed: cairn/changes/harden-stevenarella-runtime-boundaries/tasks.md:9 cites run log docs/evidence/harden-stevenarella-runtime-boundaries-final-cairn-gates.run.log but its text is unavailable
mc-compat-cairn-task-evidence> task evidence gate failed: cairn/changes/harden-stevenarella-runtime-boundaries/tasks.md:9 cites run log docs/evidence/harden-stevenarella-runtime-boundaries-final-cairn-gates.run.log without a cited .b3 manifest covering it
mc-compat-cairn-task-evidence> task evidence gate failed: cairn/changes/harden-stevenarella-runtime-boundaries/tasks.md:9 cites run log docs/evidence/harden-stevenarella-runtime-boundaries-focused-validation.run.log but its text is unavailable
mc-compat-cairn-task-evidence> task evidence gate failed: cairn/changes/harden-stevenarella-runtime-boundaries/tasks.md:9 cites run log docs/evidence/harden-stevenarella-runtime-boundaries-focused-validation.run.log without a cited .b3 manifest covering it
mc-compat-cairn-task-evidence> task evidence gate failed: cairn/changes/harden-stevenarella-runtime-boundaries/tasks.md:9 cites run log docs/evidence/harden-stevenarella-runtime-boundaries-selected-dry-runs.run.log but its text is unavailable
mc-compat-cairn-task-evidence> task evidence gate failed: cairn/changes/harden-stevenarella-runtime-boundaries/tasks.md:9 cites run log docs/evidence/harden-stevenarella-runtime-boundaries-selected-dry-runs.run.log without a cited .b3 manifest covering it
mc-compat-cairn-task-evidence> task evidence gate failed: cairn/changes/harden-stevenarella-runtime-boundaries/tasks.md:9 cites run log docs/evidence/harden-stevenarella-runtime-boundaries-task-evidence-pre-validation.run.log but its text is unavailable
mc-compat-cairn-task-evidence> task evidence gate failed: cairn/changes/harden-stevenarella-runtime-boundaries/tasks.md:9 cites run log docs/evidence/harden-stevenarella-runtime-boundaries-task-evidence-pre-validation.run.log without a cited .b3 manifest covering it
error: Cannot build '/nix/store/n69w3b2y2163cmw3w56fimmjpb25nrmh-mc-compat-cairn-task-evidence.drv'.
       Reason: builder failed with exit code 1.
       Output paths:
         /nix/store/nfazlba866j7m5y37if6ap9cwsix9547-mc-compat-cairn-task-evidence
       Last 25 log lines:
       > task evidence gate failed: cairn/changes/harden-stevenarella-runtime-boundaries/tasks.md:6 cites run log docs/evidence/harden-stevenarella-runtime-boundaries-focused-validation.run.log without a cited .b3 manifest covering it
       > task evidence gate failed: cairn/changes/harden-stevenarella-runtime-boundaries/tasks.md:7 cites missing evidence artifact docs/evidence/harden-stevenarella-runtime-boundaries-focused-validation.run.log
       > task evidence gate failed: cairn/changes/harden-stevenarella-runtime-boundaries/tasks.md:7 cites missing evidence artifact docs/evidence/harden-stevenarella-runtime-boundaries-selected-dry-runs.run.log
       > task evidence gate failed: cairn/changes/harden-stevenarella-runtime-boundaries/tasks.md:7 cites missing evidence artifact docs/evidence/harden-stevenarella-runtime-boundaries-validation-2026-06-25.b3
       > task evidence gate failed: cairn/changes/harden-stevenarella-runtime-boundaries/tasks.md:7 cites run log docs/evidence/harden-stevenarella-runtime-boundaries-focused-validation.run.log but its text is unavailable
       > task evidence gate failed: cairn/changes/harden-stevenarella-runtime-boundaries/tasks.md:7 cites run log docs/evidence/harden-stevenarella-runtime-boundaries-focused-validation.run.log without a cited .b3 manifest covering it
       > task evidence gate failed: cairn/changes/harden-stevenarella-runtime-boundaries/tasks.md:7 cites run log docs/evidence/harden-stevenarella-runtime-boundaries-selected-dry-runs.run.log but its text is unavailable
       > task evidence gate failed: cairn/changes/harden-stevenarella-runtime-boundaries/tasks.md:7 cites run log docs/evidence/harden-stevenarella-runtime-boundaries-selected-dry-runs.run.log without a cited .b3 manifest covering it
       > task evidence gate failed: cairn/changes/harden-stevenarella-runtime-boundaries/tasks.md:8 cites missing evidence artifact docs/evidence/harden-stevenarella-runtime-boundaries-focused-validation.run.log
       > task evidence gate failed: cairn/changes/harden-stevenarella-runtime-boundaries/tasks.md:8 cites missing evidence artifact docs/evidence/harden-stevenarella-runtime-boundaries-validation-2026-06-25.b3
       > task evidence gate failed: cairn/changes/harden-stevenarella-runtime-boundaries/tasks.md:8 cites run log docs/evidence/harden-stevenarella-runtime-boundaries-focused-validation.run.log but its text is unavailable
       > task evidence gate failed: cairn/changes/harden-stevenarella-runtime-boundaries/tasks.md:8 cites run log docs/evidence/harden-stevenarella-runtime-boundaries-focused-validation.run.log without a cited .b3 manifest covering it
       > task evidence gate failed: cairn/changes/harden-stevenarella-runtime-boundaries/tasks.md:9 cites missing evidence artifact docs/evidence/harden-stevenarella-runtime-boundaries-final-cairn-gates.run.log
       > task evidence gate failed: cairn/changes/harden-stevenarella-runtime-boundaries/tasks.md:9 cites missing evidence artifact docs/evidence/harden-stevenarella-runtime-boundaries-focused-validation.run.log
       > task evidence gate failed: cairn/changes/harden-stevenarella-runtime-boundaries/tasks.md:9 cites missing evidence artifact docs/evidence/harden-stevenarella-runtime-boundaries-selected-dry-runs.run.log
       > task evidence gate failed: cairn/changes/harden-stevenarella-runtime-boundaries/tasks.md:9 cites missing evidence artifact docs/evidence/harden-stevenarella-runtime-boundaries-task-evidence-pre-validation.run.log
       > task evidence gate failed: cairn/changes/harden-stevenarella-runtime-boundaries/tasks.md:9 cites missing evidence artifact docs/evidence/harden-stevenarella-runtime-boundaries-validation-2026-06-25.b3
       > task evidence gate failed: cairn/changes/harden-stevenarella-runtime-boundaries/tasks.md:9 cites run log docs/evidence/harden-stevenarella-runtime-boundaries-final-cairn-gates.run.log but its text is unavailable
       > task evidence gate failed: cairn/changes/harden-stevenarella-runtime-boundaries/tasks.md:9 cites run log docs/evidence/harden-stevenarella-runtime-boundaries-final-cairn-gates.run.log without a cited .b3 manifest covering it
       > task evidence gate failed: cairn/changes/harden-stevenarella-runtime-boundaries/tasks.md:9 cites run log docs/evidence/harden-stevenarella-runtime-boundaries-focused-validation.run.log but its text is unavailable
       > task evidence gate failed: cairn/changes/harden-stevenarella-runtime-boundaries/tasks.md:9 cites run log docs/evidence/harden-stevenarella-runtime-boundaries-focused-validation.run.log without a cited .b3 manifest covering it
       > task evidence gate failed: cairn/changes/harden-stevenarella-runtime-boundaries/tasks.md:9 cites run log docs/evidence/harden-stevenarella-runtime-boundaries-selected-dry-runs.run.log but its text is unavailable
       > task evidence gate failed: cairn/changes/harden-stevenarella-runtime-boundaries/tasks.md:9 cites run log docs/evidence/harden-stevenarella-runtime-boundaries-selected-dry-runs.run.log without a cited .b3 manifest covering it
       > task evidence gate failed: cairn/changes/harden-stevenarella-runtime-boundaries/tasks.md:9 cites run log docs/evidence/harden-stevenarella-runtime-boundaries-task-evidence-pre-validation.run.log but its text is unavailable
       > task evidence gate failed: cairn/changes/harden-stevenarella-runtime-boundaries/tasks.md:9 cites run log docs/evidence/harden-stevenarella-runtime-boundaries-task-evidence-pre-validation.run.log without a cited .b3 manifest covering it
       For full logs, run:
         nix log /nix/store/n69w3b2y2163cmw3w56fimmjpb25nrmh-mc-compat-cairn-task-evidence.drv
exit_status=1
