
## gate proposal
$ nix run .#cairn -- gate proposal split-valence-observability-core --root .
{
  "change": "split-valence-observability-core",
  "evidence_summary": {
    "docs_only": 0,
    "fixture": 0,
    "formal": 0,
    "mode": "advisory",
    "model": 0,
    "probe": 0,
    "property": 0
  },
  "input_hash": "8b08ec53fc425aa47cc29197700cb354ceb51d1f158b13b529d7f84370a37936",
  "issues": [],
  "layout": "cairn",
  "policy": "cairn-default",
  "policy_hash": "a210ed841d260e0bf026f3c67ec810216b6409cfe6036f9132b51cc4e3176618",
  "receipt_hash": "a5e724a86042edb69504cc8e0bb4ae3c39f68d69069a22fbdf6b911c71524c81",
  "stage": "proposal",
  "valid": true,
  "verdict": "PASS"
}
step_exit_status=0

## gate design
$ nix run .#cairn -- gate design split-valence-observability-core --root .
{
  "change": "split-valence-observability-core",
  "evidence_summary": {
    "docs_only": 0,
    "fixture": 0,
    "formal": 0,
    "mode": "advisory",
    "model": 0,
    "probe": 0,
    "property": 0
  },
  "input_hash": "dac15d48f860aefc95a50ebf74a22b30393b1ac1bc4d10dbec726c027069627c",
  "issues": [],
  "layout": "cairn",
  "policy": "cairn-default",
  "policy_hash": "a210ed841d260e0bf026f3c67ec810216b6409cfe6036f9132b51cc4e3176618",
  "receipt_hash": "3d146b12d0a333ed3ab55aca19e60871732f5669edcd17b87ee6e1ca3000cfab",
  "stage": "design",
  "valid": true,
  "verdict": "PASS"
}
step_exit_status=0

## gate tasks
$ nix run .#cairn -- gate tasks split-valence-observability-core --root .
{
  "change": "split-valence-observability-core",
  "evidence_summary": {
    "docs_only": 0,
    "fixture": 0,
    "formal": 0,
    "mode": "advisory",
    "model": 0,
    "probe": 0,
    "property": 0
  },
  "input_hash": "acc18effc860ccd0d3c131b3ca9609d3dd380d838a39b5b583e986b7903fde1a",
  "issues": [],
  "layout": "cairn",
  "policy": "cairn-default",
  "policy_hash": "a210ed841d260e0bf026f3c67ec810216b6409cfe6036f9132b51cc4e3176618",
  "receipt_hash": "c2c22bcf1704a96b989922025e118e3e071d8fb09dec022ea8f908aeae50be65",
  "stage": "tasks",
  "valid": true,
  "verdict": "PASS"
}
step_exit_status=0

## validate
$ nix run .#cairn -- validate --root .
{
  "change_issues": [],
  "changes": 2,
  "issues": [],
  "layout": "cairn",
  "policy": "cairn-default",
  "spec_issues": [],
  "specs_validated": 7,
  "valid": true
}
step_exit_status=0

exit_status=0
