$ nix run .#cairn -- sync split-root-flake-modules --root .
{
  "actions": [
    {
      "description": "merge delta spec into main specs: ./cairn/changes/split-root-flake-modules/specs/repository-layout/spec.md",
      "kind": "sync_delta_spec",
      "path": "./cairn/changes/split-root-flake-modules/specs/repository-layout/spec.md"
    }
  ],
  "blocked": false,
  "change": "split-root-flake-modules",
  "delta_specs": [
    "./cairn/changes/split-root-flake-modules/specs/repository-layout/spec.md"
  ],
  "dry_run": true,
  "input_hash": "71c2d1b5b6d189e668ecd979632e108ae45d4ff71e437a9bce1d66fe3453cfea",
  "layout": "cairn",
  "mutated": false,
  "mutation_manifest": null,
  "plan_hash": "8dd377a246e85eb6b5a0a81fad02478780f3eabc20032ee9c6893bad4012f712",
  "policy": "cairn-default",
  "policy_hash": "a210ed841d260e0bf026f3c67ec810216b6409cfe6036f9132b51cc4e3176618",
  "reasons": [],
  "receipt_hash": "95937d7586f44c2381ced710321b897354fefa37cac18e4bfe940c0b2c175c78"
}
command_exit_status=0
exit_status=0
