## command: nix run .#cairn -- change list --root .
{
  "changes": [
    {
      "delta_specs": [
        "./cairn/changes/extract-valence-compat-fixture-cores/specs/mc-compatibility/spec.md"
      ],
      "has_design": true,
      "has_proposal": true,
      "has_tasks": true,
      "metadata": {
        "groups": [],
        "status": null,
        "target_date": null
      },
      "name": "extract-valence-compat-fixture-cores",
      "path": "./cairn/changes/extract-valence-compat-fixture-cores",
      "task_counts": {
        "done": 7,
        "in_progress": 0,
        "todo": 1,
        "total": 8,
        "unmarked": 0
      }
    },
    {
      "delta_specs": [
        "./cairn/changes/harden-stevenarella-runtime-boundaries/specs/mc-compatibility/spec.md"
      ],
      "has_design": true,
      "has_proposal": true,
      "has_tasks": true,
      "metadata": {
        "groups": [],
        "status": null,
        "target_date": null
      },
      "name": "harden-stevenarella-runtime-boundaries",
      "path": "./cairn/changes/harden-stevenarella-runtime-boundaries",
      "task_counts": {
        "done": 7,
        "in_progress": 0,
        "todo": 0,
        "total": 7,
        "unmarked": 0
      }
    },
    {
      "delta_specs": [
        "./cairn/changes/split-stevenarella-server-probes/specs/mc-compatibility/spec.md"
      ],
      "has_design": true,
      "has_proposal": true,
      "has_tasks": true,
      "metadata": {
        "groups": [],
        "status": null,
        "target_date": null
      },
      "name": "split-stevenarella-server-probes",
      "path": "./cairn/changes/split-stevenarella-server-probes",
      "task_counts": {
        "done": 0,
        "in_progress": 0,
        "todo": 7,
        "total": 7,
        "unmarked": 0
      }
    }
  ],
  "layout": "cairn",
  "root": "."
}
exit_status=0

## command: nix run .#cairn -- validate --root .
{
  "change_issues": [],
  "changes": 3,
  "issues": [],
  "layout": "cairn",
  "policy": "cairn-default",
  "spec_issues": [],
  "specs_validated": 7,
  "valid": true
}
exit_status=0

## command: nix run .#cairn -- gate proposal split-stevenarella-server-probes --root .
{
  "change": "split-stevenarella-server-probes",
  "evidence_summary": {
    "docs_only": 0,
    "fixture": 0,
    "formal": 0,
    "mode": "advisory",
    "model": 0,
    "probe": 0,
    "property": 0
  },
  "input_hash": "9bdcca83a03d06ab1e38a95670402c32d66250a0d4feb5e19836f30474120041",
  "issues": [],
  "layout": "cairn",
  "policy": "cairn-default",
  "policy_hash": "a210ed841d260e0bf026f3c67ec810216b6409cfe6036f9132b51cc4e3176618",
  "receipt_hash": "fa57803de08603faefe8553946b071881ebc035db7040c267904fa04eb674892",
  "stage": "proposal",
  "valid": true,
  "verdict": "PASS"
}
exit_status=0

## command: nix run .#cairn -- gate design split-stevenarella-server-probes --root .
{
  "change": "split-stevenarella-server-probes",
  "evidence_summary": {
    "docs_only": 0,
    "fixture": 0,
    "formal": 0,
    "mode": "advisory",
    "model": 0,
    "probe": 0,
    "property": 0
  },
  "input_hash": "5bd458a7720c0cddd72ece3579065657704d734b24cb648b061ce1d839e81e55",
  "issues": [],
  "layout": "cairn",
  "policy": "cairn-default",
  "policy_hash": "a210ed841d260e0bf026f3c67ec810216b6409cfe6036f9132b51cc4e3176618",
  "receipt_hash": "8c3e6b7094c7e207b572d0442190f6f9d2a5fb06e251522de947a67802297107",
  "stage": "design",
  "valid": true,
  "verdict": "PASS"
}
exit_status=0

## command: nix run .#cairn -- gate tasks split-stevenarella-server-probes --root .
{
  "change": "split-stevenarella-server-probes",
  "evidence_summary": {
    "docs_only": 0,
    "fixture": 0,
    "formal": 0,
    "mode": "advisory",
    "model": 0,
    "probe": 0,
    "property": 0
  },
  "input_hash": "973205041a799fa840c8192a5ba1b0e997f4d4a6a3c4f37cfa3511ec75c00e9d",
  "issues": [],
  "layout": "cairn",
  "policy": "cairn-default",
  "policy_hash": "a210ed841d260e0bf026f3c67ec810216b6409cfe6036f9132b51cc4e3176618",
  "receipt_hash": "5cd233dd1f6fb5fef0491b8d4ce09811e3245e860dddc76d90afe975759426d7",
  "stage": "tasks",
  "valid": true,
  "verdict": "PASS"
}
exit_status=0

overall_exit_status=0
