
## gate proposal
$ nix run .#cairn -- gate proposal split-valence-observability-core --root .
{
  "change": "split-valence-observability-core",
  "evidence_summary": {
    "docs_only": 0,
    "fixture": 0,
    "formal": 0,
    "mode": "advisory",
    "model": 0,
    "probe": 0,
    "property": 0
  },
  "input_hash": "64b63f50ba3dddf836d1bd6b5d892572e89b982367f799696e4ac8be5c1b834c",
  "issues": [],
  "layout": "cairn",
  "policy": "cairn-default",
  "policy_hash": "a210ed841d260e0bf026f3c67ec810216b6409cfe6036f9132b51cc4e3176618",
  "receipt_hash": "064efe01693208622eb58d7534f25f12509bf559b10699cc0be012641e31318f",
  "stage": "proposal",
  "valid": true,
  "verdict": "PASS"
}
step_exit_status=0

## gate design
$ nix run .#cairn -- gate design split-valence-observability-core --root .
{
  "change": "split-valence-observability-core",
  "evidence_summary": {
    "docs_only": 0,
    "fixture": 0,
    "formal": 0,
    "mode": "advisory",
    "model": 0,
    "probe": 0,
    "property": 0
  },
  "input_hash": "53a894d8cd223ab2647ad44a86c9bda7207ea5de93cff75b7b6a3a481b88c90c",
  "issues": [],
  "layout": "cairn",
  "policy": "cairn-default",
  "policy_hash": "a210ed841d260e0bf026f3c67ec810216b6409cfe6036f9132b51cc4e3176618",
  "receipt_hash": "345cc27f542dccabe4935c27ccadb328594bcafb7406775527c3f2988177b225",
  "stage": "design",
  "valid": true,
  "verdict": "PASS"
}
step_exit_status=0

## gate tasks
$ nix run .#cairn -- gate tasks split-valence-observability-core --root .
{
  "change": "split-valence-observability-core",
  "evidence_summary": {
    "docs_only": 0,
    "fixture": 0,
    "formal": 0,
    "mode": "advisory",
    "model": 0,
    "probe": 0,
    "property": 0
  },
  "input_hash": "c78b7d07f39c691363accbb3ba4449ccbb4b0338339e91685024f5776151752e",
  "issues": [],
  "layout": "cairn",
  "policy": "cairn-default",
  "policy_hash": "a210ed841d260e0bf026f3c67ec810216b6409cfe6036f9132b51cc4e3176618",
  "receipt_hash": "7559a3966420abc411de84e990f388242adfbbb501b291944f23ae71b69bac18",
  "stage": "tasks",
  "valid": true,
  "verdict": "PASS"
}
step_exit_status=0

## validate
$ nix run .#cairn -- validate --root .
{
  "change_issues": [],
  "changes": 2,
  "issues": [],
  "layout": "cairn",
  "policy": "cairn-default",
  "spec_issues": [],
  "specs_validated": 7,
  "valid": true
}
step_exit_status=0

exit_status=0
