
## cairn validate post-archive
command=nix run path:/home/brittonr/git/mc#cairn -- validate --root /home/brittonr/git/mc
{
  "change_issues": [],
  "changes": 0,
  "issues": [],
  "layout": "cairn",
  "policy": "cairn-default",
  "spec_issues": [],
  "specs_validated": 2,
  "valid": true
}
step_exit_status=0

## scenario manifest check post-archive
command=nix build path:/home/brittonr/git/mc#checks.x86_64-linux.mc-compat-scenario-manifest --no-link -L --option substituters 
this derivation will be built:
  /nix/store/98p2cnqahclmla71xy2chyf6271k3016-mc-compat-scenario-manifest.drv
cannot build on 'ssh-ng://root@10.10.10.1': error: failed to start SSH connection to '10.10.10.1'
building '/nix/store/98p2cnqahclmla71xy2chyf6271k3016-mc-compat-scenario-manifest.drv'...
step_exit_status=0

## targeted packet check post-archive
command=nix build path:/home/brittonr/git/mc#checks.x86_64-linux.mc-compat-targeted-packet-promotions-check --no-link -L --option substituters 
this derivation will be built:
  /nix/store/k02v5wwk3dwmvlfkyczbki2wc8vpf184-mc-compat-targeted-packet-promotions-check.drv
cannot build on 'ssh-ng://root@10.10.10.1': error: failed to start SSH connection to '10.10.10.1'
building '/nix/store/k02v5wwk3dwmvlfkyczbki2wc8vpf184-mc-compat-targeted-packet-promotions-check.drv'...
step_exit_status=0

## evidence manifest check post-archive
command=nix build path:/home/brittonr/git/mc#checks.x86_64-linux.mc-compat-evidence-manifests --no-link -L --option substituters 
this derivation will be built:
  /nix/store/23x00p25l818a2nlklm7sbwygfvyf356-mc-compat-evidence-manifests.drv
cannot build on 'ssh-ng://root@10.10.10.1': error: failed to start SSH connection to '10.10.10.1'
building '/nix/store/23x00p25l818a2nlklm7sbwygfvyf356-mc-compat-evidence-manifests.drv'...
step_exit_status=0

## task evidence check post-archive
command=nix build path:/home/brittonr/git/mc#checks.x86_64-linux.mc-compat-cairn-task-evidence --no-link -L --option substituters 
this derivation will be built:
  /nix/store/7znwri0v6bawhg0xp0j4kpfl4bq9h9gn-mc-compat-cairn-task-evidence.drv
cannot build on 'ssh-ng://root@10.10.10.1': error: failed to start SSH connection to '10.10.10.1'
building '/nix/store/7znwri0v6bawhg0xp0j4kpfl4bq9h9gn-mc-compat-cairn-task-evidence.drv'...
step_exit_status=0
classification=sign-editor-driver-post-archive-pass
exit_status=0
