{
  "change": "extract-stevenarella-model-core",
  "evidence_summary": {
    "docs_only": 0,
    "fixture": 0,
    "formal": 0,
    "mode": "advisory",
    "model": 0,
    "probe": 0,
    "property": 0
  },
  "input_hash": "34a5a6f7e55014d18f5e54be47ca026b8d63e356eddb8fac50cfa266d969b7d7",
  "issues": [],
  "layout": "cairn",
  "policy": "cairn-default",
  "policy_hash": "a210ed841d260e0bf026f3c67ec810216b6409cfe6036f9132b51cc4e3176618",
  "receipt_hash": "4d096b10724e8dad8e09e8a47427b3e4ca96dc903fdee23eba3b8e3b137bf3ce",
  "stage": "proposal",
  "valid": true,
  "verdict": "PASS"
}
proposal_exit_status=0
{
  "change": "extract-stevenarella-model-core",
  "evidence_summary": {
    "docs_only": 0,
    "fixture": 0,
    "formal": 0,
    "mode": "advisory",
    "model": 0,
    "probe": 0,
    "property": 0
  },
  "input_hash": "c4e4def20df983e9fb00fe7a1d1a8aa98ec67383c1f7a692f9987a295f3a1456",
  "issues": [],
  "layout": "cairn",
  "policy": "cairn-default",
  "policy_hash": "a210ed841d260e0bf026f3c67ec810216b6409cfe6036f9132b51cc4e3176618",
  "receipt_hash": "30b933ebd24db96811b6ab65d3f6436bd892d6b9c8a6f983a952424cb7db53e6",
  "stage": "design",
  "valid": true,
  "verdict": "PASS"
}
design_exit_status=0
{
  "change": "extract-stevenarella-model-core",
  "evidence_summary": {
    "docs_only": 0,
    "fixture": 0,
    "formal": 0,
    "mode": "advisory",
    "model": 0,
    "probe": 0,
    "property": 0
  },
  "input_hash": "5550047cd3e2f46a6dd6908bb69801f4379d8f44c246bf6f53371b455787bda3",
  "issues": [],
  "layout": "cairn",
  "policy": "cairn-default",
  "policy_hash": "a210ed841d260e0bf026f3c67ec810216b6409cfe6036f9132b51cc4e3176618",
  "receipt_hash": "9cf74f85096d2f5a6b72e1dbfccfc2fc2a16082a14ebbb995ee13aa72ab810c6",
  "stage": "tasks",
  "valid": true,
  "verdict": "PASS"
}
tasks_exit_status=0
