[init] Running as uid=1000 gid=1000 with /data as 'drwxr-xr-x 2 1000 1000 4096 Jun 18 02:27 /data'
[init] Image info: buildtime=2026-06-20T22:53:47.396Z,version=java17,revision=8b5f7ed7713de12ed359d2d37ba0ec324154734d
[init] Resolving type given PAPER
[39m[mc-image-helper] 04:16:45.725 INFO  : Downloaded /data/paper-1.20.1-196.jar
[0;39m[init] Copying any plugins from /plugins to /data/plugins
[39m[mc-image-helper] 04:16:46.655 INFO  : Copying /plugins/paper-survival-fixture-0.1.0.jar -> /data/plugins/paper-survival-fixture-0.1.0.jar
[0;39m[init] Copying any configs from /config to /data/config
[init] Creating server properties in /data/server.properties
[init] Disabling whitelist functionality
[39m[mc-image-helper] 04:16:47.268 INFO  : Created/updated 7 properties in /data/server.properties
[0;39m[39m[mc-image-helper] 04:16:48.060 INFO  : Downloaded /data/config/paper-world-defaults.yml from https://raw.githubusercontent.com/Shonz1/minecraft-default-configs/main/1.20.1/paper-world-defaults.yml
[0;39m[39m[mc-image-helper] 04:16:48.060 INFO  : Downloaded /data/config/paper-global.yml from https://raw.githubusercontent.com/Shonz1/minecraft-default-configs/main/1.20.1/paper-global.yml
[0;39m[39m[mc-image-helper] 04:16:49.197 INFO  : Downloaded /data/bukkit.yml from https://raw.githubusercontent.com/Shonz1/minecraft-default-configs/main/1.20.1/bukkit.yml
[0;39m[39m[mc-image-helper] 04:16:49.197 INFO  : Downloaded /data/spigot.yml from https://raw.githubusercontent.com/Shonz1/minecraft-default-configs/main/1.20.1/spigot.yml
[0;39m[init] Setting initial memory to 1G and max to 1G
[init] Starting the Minecraft server...
Downloading mojang_1.20.1.jar
Applying patches
Starting org.bukkit.craftbukkit.Main
*** Warning, you've not updated in a while! ***
*** Please download a new build as per instructions from https://papermc.io/downloads/paper ***
System Info: Java 17 (OpenJDK 64-Bit Server VM 17.0.15+6) Host: Linux 6.18.34 (amd64)
Loading libraries, please wait...
2026-06-21 04:16:52,002 ServerMain WARN Advanced terminal features are not available in this environment
[04:16:54 INFO]: Environment: authHost='https://authserver.mojang.com', accountsHost='https://api.mojang.com', sessionHost='https://sessionserver.mojang.com', servicesHost='https://api.minecraftservices.com', name='PROD'
[04:16:54 INFO]: Found new data pack file/bukkit, loading it automatically
[04:16:55 INFO]: Loaded 7 recipes
[04:16:55 INFO]: Starting minecraft server version 1.20.1
[04:16:55 INFO]: Loading properties
[04:16:55 INFO]: This server is running Paper version git-Paper-196 (MC: 1.20.1) (Implementing API version 1.20.1-R0.1-SNAPSHOT) (Git: 773dd72)
[04:16:55 INFO]: Server Ping Player Sample Count: 12
[04:16:55 INFO]: Using 4 threads for Netty based IO
[04:16:55 WARN]: [!] The timings profiler has been enabled but has been scheduled for removal from Paper in the future.
    We recommend installing the spark profiler as a replacement: https://spark.lucko.me/
    For more information please visit: https://github.com/PaperMC/Paper/issues/8948
[04:16:55 INFO]: [ChunkTaskScheduler] Chunk system is using 1 I/O threads, 8 worker threads, and gen parallelism of 8 threads
[04:16:55 INFO]: Default game type: SURVIVAL
[04:16:55 INFO]: Generating keypair
[04:16:55 INFO]: Starting Minecraft server on *:25565
[04:16:55 INFO]: Using epoll channel type
[04:16:55 INFO]: Paper: Using libdeflate (Linux x86_64) compression from Velocity.
[04:16:55 INFO]: Paper: Using OpenSSL 1.1.x (Linux x86_64) cipher from Velocity.
[04:16:55 INFO]: [McCompatSurvivalFixture] Loading server plugin McCompatSurvivalFixture v0.1.0
[04:16:55 WARN]: **** SERVER IS RUNNING IN OFFLINE/INSECURE MODE!
[04:16:55 WARN]: The server will make no attempt to authenticate usernames. Beware.
[04:16:55 WARN]: While this makes the game possible to play without internet access, it also opens up the ability for hackers to connect with any username they choose.
[04:16:55 WARN]: To change this, set "online-mode" to "true" in the server.properties file.
[04:16:55 INFO]: Preparing level "world"
[04:16:57 INFO]: Preparing start region for dimension minecraft:overworld
[04:16:57 INFO]: Time elapsed: 47 ms
[04:16:57 INFO]: Preparing start region for dimension minecraft:the_nether
[04:16:57 INFO]: Time elapsed: 25 ms
[04:16:57 INFO]: Preparing start region for dimension minecraft:the_end
[04:16:57 INFO]: Time elapsed: 25 ms
[04:16:57 INFO]: [McCompatSurvivalFixture] Enabling McCompatSurvivalFixture v0.1.0
[04:16:57 INFO]: [McCompatSurvivalFixture] MC-COMPAT-MILESTONE survival_fixture_enabled
[04:16:57 INFO]: Starting remote control listener
[04:16:57 INFO]: Thread RCON Listener started
[04:16:57 INFO]: RCON running on 0.0.0.0:25575
[04:16:57 INFO]: Running delayed init tasks
[04:16:57 INFO]: Done (2.433s)! For help, type "help"
[04:16:57 INFO]: Timings Reset
[04:17:01 INFO]: UUID of player compatbot is 44fbb854-bbe7-3711-88fe-c85ab1543ed5
[04:17:01 INFO]: compatbot joined the game
[04:17:01 INFO]: compatbot[/172.30.0.1:43098] logged in with entity id 197 at ([world]202.5, 64.0, -135.5)
[04:17:02 INFO]: [McCompatSurvivalFixture] MC-COMPAT-MILESTONE survival_join username=compatbot gamemode=Survival target=0,64,1
[04:17:02 INFO]: [McCompatSurvivalFixture] MC-COMPAT-MILESTONE survival_crafting_breadth_shaped username=compatbot recipe=minecraft:chest input=oak_planksx8 result=Chest count=1
[04:17:02 INFO]: [McCompatSurvivalFixture] MC-COMPAT-MILESTONE survival_crafting_breadth_shapeless username=compatbot recipe=minecraft:oak_planks input=oak_logx1 result=OakPlanks count=4
[04:17:02 INFO]: [McCompatSurvivalFixture] MC-COMPAT-MILESTONE survival_crafting_breadth_grid_clear username=compatbot window=1 occupied_slots=0
[04:17:02 INFO]: [McCompatSurvivalFixture] MC-COMPAT-MILESTONE survival_crafting_breadth_invalid_rejected username=compatbot recipe=minecraft:stick_insufficient_input_rejection input=single_oak_plank outcome=no_result
[04:17:02 INFO]: [McCompatSurvivalFixture] MC-COMPAT-MILESTONE survival_crafting_breadth_state username=compatbot shaped=true shapeless=true invalid_rejected=true extra_outputs=false
[04:17:03 INFO]: [McCompatSurvivalFixture] MC-COMPAT-MILESTONE survival_block_break username=compatbot item=Dirt at=0,64,1
[04:17:04 INFO]: [McCompatSurvivalFixture] MC-COMPAT-MILESTONE survival_pickup_item username=compatbot slot=36 item=Dirt count=1
[04:17:06 INFO]: [McCompatSurvivalFixture] MC-COMPAT-MILESTONE survival_block_place username=compatbot item=Dirt from_slot=36 at=0,65,1
[04:18:27 INFO]: compatbot lost connection: Disconnected
[04:18:27 INFO]: compatbot left the game
