[mc-compat] building Stevenarella client
warning: `/home/brittonr/git/mc/stevenarella/.cargo/config` is deprecated in favor of `config.toml`
  |
  = help: if you need to support cargo 1.38 or earlier, you can symlink `config` to `config.toml`
warning: file `/home/brittonr/git/mc/stevenarella/src/main.rs` found to be present in multiple build targets:
  * `lib` target `stevenarella`
  * `bin` target `stevenarella`
warning: unnecessary parentheses around closure body
    --> blocks/src/lib.rs:1052:36
     |
1052 |         offsets |protocol_version| (instrument.offsets(protocol_version)
     |                                    ^
1053 |             .map(|offset| offset * (25 * 2) + ((note as usize) << 1) + if powered { 0 } else { 1 })),
     |                                                                                                    ^
     |
     = note: `#[warn(unused_parens)]` (part of `#[warn(unused)]`) on by default
help: remove these parentheses
     |
1052 ~         offsets |protocol_version| instrument.offsets(protocol_version)
1053 ~             .map(|offset| offset * (25 * 2) + ((note as usize) << 1) + if powered { 0 } else { 1 }),
     |

warning: unnecessary parentheses around closure body
    --> blocks/src/lib.rs:1407:36
     |
1407 |         offsets |protocol_version| (variant.offsets(protocol_version)),
     |                                    ^                                 ^
     |
help: remove these parentheses
     |
1407 -         offsets |protocol_version| (variant.offsets(protocol_version)),
1407 +         offsets |protocol_version| variant.offsets(protocol_version),
     |

warning: `steven_blocks` (lib) generated 2 warnings (run `cargo fix --lib -p steven_blocks` to apply 2 suggestions)
warning: hiding a lifetime that's elided elsewhere is confusing
   --> src/console/mod.rs:181:32
    |
181 |     pub fn get<T: Sized + Any>(&self, var: CVar<T>) -> Ref<T>
    |                                ^^^^^                   ^^^^^^ the same lifetime is hidden here
    |                                |
    |                                the lifetime is elided here
    |
    = help: the same lifetime is referred to in inconsistent ways, making the signature confusing
    = note: `#[warn(mismatched_lifetime_syntaxes)]` on by default
help: use `'_` for type paths
    |
181 |     pub fn get<T: Sized + Any>(&self, var: CVar<T>) -> Ref<'_, T>
    |                                                            +++

warning: hiding a lifetime that's elided elsewhere is confusing
   --> src/ui/mod.rs:102:21
    |
102 |               fn draw(&self, renderer: &mut render::Renderer, r: &Region, sw: f64, sh: f64, width: f64, height: f64, delta: f64) -> RefMut<[u8]> {
    |                       ^^^^^ the lifetime is elided here                                                                             ^^^^^^^^^^^^ the same lifetime is hidden here
...
252 | / define_elements! {
253 | |     Image,
254 | |     Batch,
255 | |     Text,
...   |
258 | |     TextBox,
259 | | }
    | |_- in this macro invocation
    |
    = help: the same lifetime is referred to in inconsistent ways, making the signature confusing
    = note: this warning originates in the macro `define_elements` (in Nightly builds, run with -Z macro-backtrace for more info)
help: use `'_` for type paths
    |
102 |             fn draw(&self, renderer: &mut render::Renderer, r: &Region, sw: f64, sh: f64, width: f64, height: f64, delta: f64) -> RefMut<'_, [u8]> {
    |                                                                                                                                          +++

warning: `stevenarella` (lib) generated 2 warnings (run `cargo fix --lib -p stevenarella` to apply 2 suggestions)
warning: `stevenarella` (bin "stevenarella") generated 2 warnings (2 duplicates)
    Finished `dev` profile [optimized + debuginfo] target(s) in 0.19s
[mc-compat] starting Paper 1.20.1 server on 127.0.0.1:25566 via itzg/minecraft-server:java17 with EULA=TRUE
c52b28d34abffe439847c5a32c00dcf49973cb64c648f585a0e3cb2b191cb6e3
[mc-compat] probing status 127.0.0.1:25566 expecting protocol 763
{"version":{"name":"Paper 1.20.1","protocol":763},"description":{"text":"A Minecraft Server"},"players":{"max":20,"online":0}}
[mc-compat] running Stevenarella headless scenario 'survival-hunger-food' isolated from host Wayland compositor
[main.rs:1037][INFO] Starting steven
[platform_impl/linux/x11/util/randr.rs:23][WARN] XRandR reported that the display's 0mm in size, which is certifiably insane
[platform_impl/linux/x11/window.rs:147][INFO] Guessed window scale factor: 1
[main.rs:1173][INFO] Shader version: #version 150
[main.rs:290][INFO] Detected server protocol version 763
[server/mod.rs:558][INFO] MC-COMPAT-MILESTONE connect_start protocol=763 address=127.0.0.1:25566
[server/mod.rs:563][INFO] MC-COMPAT-MILESTONE tcp_connected
[server/mod.rs:580][INFO] MC-COMPAT-MILESTONE handshake_sent next=login
[server/mod.rs:594][INFO] MC-COMPAT-MILESTONE login_start_sent
[server/mod.rs:601][INFO] MC-COMPAT-MILESTONE login_compression threshold=256
[server/mod.rs:662][WARN] Server is running in offline mode
[server/mod.rs:663][INFO] MC-COMPAT-MILESTONE login_success state=play protocol=763 username=compatbot properties=0
[server/mod.rs:2654][INFO] MC-COMPAT-MILESTONE join_game_763_shape dimension_type=minecraft:overworld world=minecraft:overworld portal_cooldown=0
[world/mod.rs:1123][INFO] Dimension bounds: min_y=-64 height=384
[server/mod.rs:2739][INFO] MC-COMPAT-MILESTONE join_game entity_id=388 gamemode=Survival
[server/mod.rs:4643][INFO] Received chat message: unhandled: multiplayer.player.joined
[server/mod.rs:3974][INFO] MC-COMPAT-MILESTONE inventory_probe_window_items window=0 state_id=1 slots=46 slot36=empty slot37=empty carried=empty
[server/mod.rs:4096][INFO] MC-COMPAT-MILESTONE inventory_probe_set_slot window=0 state_id=2 slot=45 item=empty
[server/mod.rs:4096][INFO] MC-COMPAT-MILESTONE inventory_probe_set_slot window=0 state_id=3 slot=36 item=empty
[server/mod.rs:4096][INFO] MC-COMPAT-MILESTONE inventory_probe_set_slot window=0 state_id=4 slot=37 item=empty
[server/mod.rs:4096][INFO] MC-COMPAT-MILESTONE inventory_probe_set_slot window=0 state_id=5 slot=38 item=empty
[server/mod.rs:4096][INFO] MC-COMPAT-MILESTONE inventory_probe_set_slot window=0 state_id=6 slot=39 item=empty
[server/mod.rs:4096][INFO] MC-COMPAT-MILESTONE inventory_probe_set_slot window=0 state_id=7 slot=40 item=empty
[server/mod.rs:4096][INFO] MC-COMPAT-MILESTONE inventory_probe_set_slot window=0 state_id=8 slot=41 item=empty
[server/mod.rs:4096][INFO] MC-COMPAT-MILESTONE inventory_probe_set_slot window=0 state_id=9 slot=42 item=empty
[server/mod.rs:4096][INFO] MC-COMPAT-MILESTONE inventory_probe_set_slot window=0 state_id=10 slot=43 item=empty
[server/mod.rs:4096][INFO] MC-COMPAT-MILESTONE inventory_probe_set_slot window=0 state_id=11 slot=44 item=empty
[server/mod.rs:4096][INFO] MC-COMPAT-MILESTONE inventory_probe_set_slot window=0 state_id=12 slot=9 item=empty
[server/mod.rs:4096][INFO] MC-COMPAT-MILESTONE inventory_probe_set_slot window=0 state_id=13 slot=10 item=empty
[server/mod.rs:4096][INFO] MC-COMPAT-MILESTONE inventory_probe_set_slot window=0 state_id=14 slot=11 item=empty
[server/mod.rs:4096][INFO] MC-COMPAT-MILESTONE inventory_probe_set_slot window=0 state_id=15 slot=12 item=empty
[server/mod.rs:4096][INFO] MC-COMPAT-MILESTONE inventory_probe_set_slot window=0 state_id=16 slot=13 item=empty
[server/mod.rs:4096][INFO] MC-COMPAT-MILESTONE inventory_probe_set_slot window=0 state_id=17 slot=14 item=empty
[server/mod.rs:4096][INFO] MC-COMPAT-MILESTONE inventory_probe_set_slot window=0 state_id=18 slot=15 item=empty
[server/mod.rs:4096][INFO] MC-COMPAT-MILESTONE inventory_probe_set_slot window=0 state_id=19 slot=16 item=empty
[server/mod.rs:4096][INFO] MC-COMPAT-MILESTONE inventory_probe_set_slot window=0 state_id=20 slot=17 item=empty
[server/mod.rs:4096][INFO] MC-COMPAT-MILESTONE inventory_probe_set_slot window=0 state_id=21 slot=18 item=empty
[server/mod.rs:4096][INFO] MC-COMPAT-MILESTONE inventory_probe_set_slot window=0 state_id=22 slot=19 item=empty
[server/mod.rs:4096][INFO] MC-COMPAT-MILESTONE inventory_probe_set_slot window=0 state_id=23 slot=20 item=empty
[server/mod.rs:4096][INFO] MC-COMPAT-MILESTONE inventory_probe_set_slot window=0 state_id=24 slot=21 item=empty
[server/mod.rs:4096][INFO] MC-COMPAT-MILESTONE inventory_probe_set_slot window=0 state_id=25 slot=22 item=empty
[server/mod.rs:4096][INFO] MC-COMPAT-MILESTONE inventory_probe_set_slot window=0 state_id=26 slot=23 item=empty
[server/mod.rs:4096][INFO] MC-COMPAT-MILESTONE inventory_probe_set_slot window=0 state_id=27 slot=24 item=empty
[server/mod.rs:4096][INFO] MC-COMPAT-MILESTONE inventory_probe_set_slot window=0 state_id=28 slot=25 item=empty
[server/mod.rs:4096][INFO] MC-COMPAT-MILESTONE inventory_probe_set_slot window=0 state_id=29 slot=26 item=empty
[server/mod.rs:4096][INFO] MC-COMPAT-MILESTONE inventory_probe_set_slot window=0 state_id=30 slot=27 item=empty
[server/mod.rs:4096][INFO] MC-COMPAT-MILESTONE inventory_probe_set_slot window=0 state_id=31 slot=28 item=empty
[server/mod.rs:4096][INFO] MC-COMPAT-MILESTONE inventory_probe_set_slot window=0 state_id=32 slot=29 item=empty
[server/mod.rs:4096][INFO] MC-COMPAT-MILESTONE inventory_probe_set_slot window=0 state_id=33 slot=30 item=empty
[server/mod.rs:4096][INFO] MC-COMPAT-MILESTONE inventory_probe_set_slot window=0 state_id=34 slot=31 item=empty
[server/mod.rs:4096][INFO] MC-COMPAT-MILESTONE inventory_probe_set_slot window=0 state_id=35 slot=32 item=empty
[server/mod.rs:4096][INFO] MC-COMPAT-MILESTONE inventory_probe_set_slot window=0 state_id=36 slot=33 item=empty
[server/mod.rs:4096][INFO] MC-COMPAT-MILESTONE inventory_probe_set_slot window=0 state_id=37 slot=34 item=empty
[server/mod.rs:4096][INFO] MC-COMPAT-MILESTONE inventory_probe_set_slot window=0 state_id=38 slot=35 item=empty
[server/mod.rs:4096][INFO] MC-COMPAT-MILESTONE inventory_probe_set_slot window=0 state_id=39 slot=8 item=empty
[server/mod.rs:4096][INFO] MC-COMPAT-MILESTONE inventory_probe_set_slot window=0 state_id=40 slot=7 item=empty
[server/mod.rs:4096][INFO] MC-COMPAT-MILESTONE inventory_probe_set_slot window=0 state_id=41 slot=6 item=empty
[server/mod.rs:4096][INFO] MC-COMPAT-MILESTONE inventory_probe_set_slot window=0 state_id=42 slot=5 item=empty
[server/mod.rs:4096][INFO] MC-COMPAT-MILESTONE inventory_probe_set_slot window=0 state_id=43 slot=45 item=empty
[server/mod.rs:4096][INFO] MC-COMPAT-MILESTONE inventory_probe_set_slot window=0 state_id=44 slot=36 item=id=815 count=1
[server/mod.rs:3391][INFO] MC-COMPAT-MILESTONE survival_hunger_food_item_seen slot=36 item=Bread count=1
[server/mod.rs:4164][INFO] MC-COMPAT-MILESTONE inventory_probe_slot36_nonempty count=1 item_id=815
[server/mod.rs:3974][INFO] MC-COMPAT-MILESTONE inventory_probe_window_items window=0 state_id=45 slots=46 slot36=id=815 count=1 slot37=empty carried=empty
[server/mod.rs:4096][INFO] MC-COMPAT-MILESTONE inventory_probe_set_slot window=0 state_id=46 slot=45 item=empty
[server/mod.rs:1222][INFO] MC-COMPAT-MILESTONE render_tick_with_player
[server/mod.rs:3252][INFO] MC-COMPAT-MILESTONE update_health health=20.0 food=15 saturation=0.0
[server/mod.rs:3327][INFO] MC-COMPAT-MILESTONE survival_hunger_food_pre_seen health=20.0 food=15 saturation=0.0
[server/mod.rs:4791][INFO] MC-COMPAT-MILESTONE first_chunk_data chunk_x=0 chunk_z=0
[model/mod.rs:226][ERROR] Error missing block state for minecraft:stripped_spruce_log_wood
[model/mod.rs:196][ERROR] Error loading model minecraft:stripped_spruce_log_wood
[model/mod.rs:226][ERROR] Error missing block state for minecraft:jungle_wood
[model/mod.rs:196][ERROR] Error loading model minecraft:jungle_wood
[model/mod.rs:226][ERROR] Error missing block state for minecraft:dark_oak_wood
[model/mod.rs:196][ERROR] Error loading model minecraft:dark_oak_wood
[model/mod.rs:226][ERROR] Error missing block state for minecraft:standing_banner
[model/mod.rs:196][ERROR] Error loading model minecraft:standing_banner
[server/mod.rs:3354][INFO] MC-COMPAT-MILESTONE survival_hunger_food_select_hotbar_slot slot=0
[server/mod.rs:3361][INFO] MC-COMPAT-MILESTONE survival_hunger_food_use_sent slot=36 item=Bread count=1 hand=main sequence=810
[server/mod.rs:3974][INFO] MC-COMPAT-MILESTONE inventory_probe_window_items window=0 state_id=47 slots=46 slot36=id=815 count=1 slot37=empty carried=empty
[server/mod.rs:4096][INFO] MC-COMPAT-MILESTONE inventory_probe_set_slot window=0 state_id=48 slot=45 item=empty
[server/mod.rs:4096][INFO] MC-COMPAT-MILESTONE inventory_probe_set_slot window=0 state_id=49 slot=36 item=empty
[server/mod.rs:3404][INFO] MC-COMPAT-MILESTONE survival_hunger_food_inventory_updated slot=36 item=Bread count=0
[server/mod.rs:3974][INFO] MC-COMPAT-MILESTONE inventory_probe_window_items window=0 state_id=50 slots=46 slot36=empty slot37=empty carried=empty
[server/mod.rs:4096][INFO] MC-COMPAT-MILESTONE inventory_probe_set_slot window=0 state_id=51 slot=45 item=empty
[server/mod.rs:3252][INFO] MC-COMPAT-MILESTONE update_health health=20.0 food=20 saturation=6.0
[server/mod.rs:3338][INFO] MC-COMPAT-MILESTONE survival_hunger_food_post_seen health=20.0 food=20 saturation=6.0
[server/mod.rs:4096][INFO] MC-COMPAT-MILESTONE inventory_probe_set_slot window=0 state_id=52 slot=36 item=id=15 count=1
[server/mod.rs:3974][INFO] MC-COMPAT-MILESTONE inventory_probe_window_items window=0 state_id=53 slots=46 slot36=id=15 count=1 slot37=empty carried=empty
[server/mod.rs:4096][INFO] MC-COMPAT-MILESTONE inventory_probe_set_slot window=0 state_id=54 slot=45 item=empty
[mc-compat] client compatbot finished Some(124); log: /tmp/mc-compat-client.compatbot.1780413289295.log
[mc-compat] wrote typed event log target/mc-compat-survival-hunger-food-receipts/paper-survival-hunger-food-2026-06-02.receipt.typed-events.log
[mc-compat] wrote smoke receipt target/mc-compat-survival-hunger-food-receipts/paper-survival-hunger-food-2026-06-02.receipt.json
