
## rustc
command=nix develop --no-update-lock-file -c rustc --edition=2021 tools/check_survival_row_parity.rs -o target/check-survival-row-parity
mc compat shell: use 'mc-compat-runner --dry-run' or 'nix run .#mc-compat-smoke -- --run'
Stevenarella dev env: cargo/rustc/xvfb-run/OpenSSL/fontconfig/freetype/libxcb paths are available
OnixResearch tools are pinned over SSH: cairn, cargo-octet
rustc_exit_status=0

## self_test
command=target/check-survival-row-parity --self-test
survival row parity self-test ok: 7 row contracts exercised
self_test_exit_status=0

## paired_crash
command=target/check-survival-row-parity --row survival-crash-recovery-parity --paper docs/evidence/survival-crash-recovery-paper-2026-06-04.evidence --valence docs/evidence/survival-crash-recovery-valence-2026-06-04.evidence
crash recovery row check passed
paired_crash_exit_status=0

## hashes
command=nix develop --no-update-lock-file -c b3sum docs/evidence/survival-crash-recovery-paper-2026-06-04.evidence docs/evidence/survival-crash-recovery-valence-2026-06-04.evidence docs/evidence/survival-crash-recovery-revision-oracle-2026-06-04.md
mc compat shell: use 'mc-compat-runner --dry-run' or 'nix run .#mc-compat-smoke -- --run'
Stevenarella dev env: cargo/rustc/xvfb-run/OpenSSL/fontconfig/freetype/libxcb paths are available
OnixResearch tools are pinned over SSH: cairn, cargo-octet
4bd76807b8c5d59001db4658f32d058949d063517508d392399e4a9a90ff9c18  docs/evidence/survival-crash-recovery-paper-2026-06-04.evidence
38ab4348b70750dd0b5e2de045b742e3079c85a77022b445c7595020fbc3817d  docs/evidence/survival-crash-recovery-valence-2026-06-04.evidence
52f4c5a4a6608570ed7ba7e462404d991bb3a68bbbb186e759b52e808131932f  docs/evidence/survival-crash-recovery-revision-oracle-2026-06-04.md
hashes_exit_status=0
exit_status=0
