$ git -C /home/brittonr/git diff --check -- mc/valence/examples/survival_compat.rs mc/tools/paper-survival-fixture/src/main/java/mc/compat/paper/SurvivalFixturePlugin.java
exit_status=0
$ grep -F MC_COMPAT_SURVIVAL_HUNGER_FOOD_FIXTURE /home/brittonr/git/mc/valence/examples/survival_compat.rs
const SURVIVAL_HUNGER_FOOD_FIXTURE_ENV: &str = "MC_COMPAT_SURVIVAL_HUNGER_FOOD_FIXTURE";
exit_status=0
$ grep -F survival_hunger_food_state username /home/brittonr/git/mc/valence/examples/survival_compat.rs
            "MC-COMPAT-MILESTONE survival_hunger_food_state username={} health={:.1} \
exit_status=0
$ grep -F MC_COMPAT_SURVIVAL_HUNGER_FOOD_FIXTURE /home/brittonr/git/mc/tools/paper-survival-fixture/src/main/java/mc/compat/paper/SurvivalFixturePlugin.java
    private static final String HUNGER_FOOD_FIXTURE_ENV = "MC_COMPAT_SURVIVAL_HUNGER_FOOD_FIXTURE";
exit_status=0
$ grep -F survival_hunger_food_state username /home/brittonr/git/mc/tools/paper-survival-fixture/src/main/java/mc/compat/paper/SurvivalFixturePlugin.java
                "MC-COMPAT-MILESTONE survival_hunger_food_state username=" + player.getName()
exit_status=0
$ nix develop --no-update-lock-file . -c cargo test --example survival_compat survival_hunger -- --nocapture
    Finished `test` profile [optimized + debuginfo] target(s) in 0.17s
     Running unittests examples/survival_compat.rs (/home/brittonr/.cargo-target/debug/examples/survival_compat-6feb93d647225da7)

running 2 tests
test tests::survival_hunger_food_use_requires_main_hand_sequence_slot_and_pre_state ... ok
test tests::survival_hunger_food_stack_requires_bread_count ... ok

test result: ok. 2 passed; 0 failed; 0 ignored; 0 measured; 12 filtered out; finished in 0.00s

exit_status=0
$ nix shell --no-update-lock-file nixpkgs#jdk -c sh -c CP=$(find "$HOME/.m2/repository" -name "*.jar" | tr "\n" ":"); mkdir -p target/paper-hunger-food-fixture-classes; javac --release 17 -proc:none -cp "$CP" -d target/paper-hunger-food-fixture-classes tools/paper-survival-fixture/src/main/java/mc/compat/paper/SurvivalFixturePlugin.java
exit_status=0
