error (ignored): SQLite database '/home/brittonr/.cache/nix/eval-cache-v6/e0a95c18cc6a68871534b8310f08c10298b7e6bdf64cf000293139fcac385c39.sqlite' is busy
mc compat shell: use 'mc-compat-runner --dry-run' or 'nix run .#mc-compat-smoke -- --run'
Stevenarella dev env: cargo/rustc/xvfb-run/OpenSSL/fontconfig/freetype/libxcb paths are available
OnixResearch tools are pinned over SSH: cairn, cargo-octet
   Compiling mc-compat-runner v0.1.0 (/home/brittonr/git/mc/compat/runner)
    Finished `test` profile [unoptimized + debuginfo] target(s) in 2.76s
     Running unittests src/main.rs (/home/brittonr/.cargo-target/debug/deps/mc_compat_runner-3e287b8ac8843fbc)

running 13 tests
test tests::typed_event_graph_checks_required_forbidden_and_ordered_events ... ok
test tests::typed_event_oracle_validates_migrated_inventory_graph ... ok
test tests::typed_event_oracle_validates_migrated_inventory_drag_graph ... ok
test tests::typed_event_pass_fail_gate_includes_only_migrated_rows ... ok
test tests::typed_event_oracle_validates_migrated_survival_break_place_graph ... ok
test tests::typed_event_oracle_validates_migrated_survival_chest_persistence_graph ... ok
test tests::typed_event_parser_accepts_versioned_event_lines ... ok
test tests::typed_event_oracle_validates_migrated_survival_crafting_table_graph ... ok
test tests::typed_event_oracle_validates_migrated_survival_furnace_persistence_graph ... ok
test tests::typed_event_receipt_artifact_records_reviewable_timeline_hash ... ok
test tests::typed_events_from_receipt_evidence_include_client_and_server_sources ... ok
test tests::typed_event_oracle_receipt_records_migration_fallback ... ok
test tests::typed_event_graph_accepts_representative_scenario_fixtures ... ok

test result: ok. 13 passed; 0 failed; 0 ignored; 0 measured; 136 filtered out; finished in 0.00s

exit_status=0
