[main.rs:1037][INFO] Starting steven
[platform_impl/linux/x11/util/randr.rs:23][WARN] XRandR reported that the display's 0mm in size, which is certifiably insane
[platform_impl/linux/x11/window.rs:147][INFO] Guessed window scale factor: 1
[main.rs:1173][INFO] Shader version: #version 150
[main.rs:290][INFO] Detected server protocol version 763
[server/mod.rs:688][INFO] MC-COMPAT-MILESTONE connect_start protocol=763 address=127.0.0.1:25565
[server/mod.rs:693][INFO] MC-COMPAT-MILESTONE tcp_connected
[server/mod.rs:710][INFO] MC-COMPAT-MILESTONE handshake_sent next=login
[server/mod.rs:724][INFO] MC-COMPAT-MILESTONE login_start_sent
[server/mod.rs:731][INFO] MC-COMPAT-MILESTONE login_compression threshold=256
[server/mod.rs:792][WARN] Server is running in offline mode
[server/mod.rs:793][INFO] MC-COMPAT-MILESTONE login_success state=play protocol=763 username=compatbot properties=0
[server/mod.rs:2833][INFO] MC-COMPAT-MILESTONE join_game_763_shape dimension_type=minecraft:overworld world=minecraft:overworld portal_cooldown=0
[world/mod.rs:1123][INFO] Dimension bounds: min_y=-64 height=384
[server/mod.rs:2918][INFO] MC-COMPAT-MILESTONE join_game entity_id=0 gamemode=Survival
[server/mod.rs:5270][INFO] Received chat message: Welcome to the Valence survival compatibility fixture.
[server/mod.rs:3932][INFO] MC-COMPAT-MILESTONE survival_world_persistence_post_restart_update block=Dirt position=24,64,0 raw_id=10
[server/mod.rs:3466][INFO] MC-COMPAT-MILESTONE update_health health=14.0 food=20 saturation=0.0
[server/mod.rs:5418][INFO] MC-COMPAT-MILESTONE first_chunk_data chunk_x=1 chunk_z=-1
[server/mod.rs:1389][INFO] MC-COMPAT-MILESTONE render_tick_with_player
[server/mod.rs:3851][INFO] MC-COMPAT-MILESTONE survival_world_persistence_move_near_target x=24.5 y=65.0 z=-1.5 position=24,64,0 session=2
