$ nix develop --no-update-lock-file -c b3sum --check docs/evidence/survival-furnace-persistence-receipts-2026-06-01.b3
mc compat shell: use 'mc-compat-runner --dry-run' or 'nix run .#mc-compat-smoke -- --run'
Stevenarella dev env: cargo/rustc/xvfb-run/OpenSSL/fontconfig/freetype/libxcb paths are available
OnixResearch tools are pinned over SSH: cairn, cargo-octet
docs/evidence/survival-furnace-persistence-receipts-2026-06-01.md: OK
docs/evidence/survival-furnace-persistence-paper-2026-06-01.receipt.json: OK
docs/evidence/survival-furnace-persistence-paper-2026-06-01.run.log: OK
docs/evidence/survival-furnace-persistence-paper-2026-06-01.client.log: OK
docs/evidence/survival-furnace-persistence-paper-2026-06-01.server.log: OK
docs/evidence/survival-furnace-persistence-paper-2026-06-01.typed-events.log: OK
docs/evidence/survival-furnace-persistence-paper-2026-06-01.evidence: OK
docs/evidence/survival-furnace-persistence-valence-2026-06-01.receipt.json: OK
docs/evidence/survival-furnace-persistence-valence-2026-06-01.run.log: OK
docs/evidence/survival-furnace-persistence-valence-2026-06-01.client.log: OK
docs/evidence/survival-furnace-persistence-valence-2026-06-01.server.log: OK
docs/evidence/survival-furnace-persistence-valence-2026-06-01.typed-events.log: OK
docs/evidence/survival-furnace-persistence-valence-2026-06-01.evidence: OK
docs/evidence/survival-furnace-persistence-row-parity-2026-06-01.run.log: OK
docs/evidence/mc-compat-paper-survival-furnace-fixture-2026-06-01.jar: OK
tools/paper-survival-fixture/src/main/java/mc/compat/paper/SurvivalFixturePlugin.java: OK
$ nix develop --no-update-lock-file -c b3sum --check docs/evidence/survival-furnace-persistence-matrix-promotion-2026-06-01.b3
mc compat shell: use 'mc-compat-runner --dry-run' or 'nix run .#mc-compat-smoke -- --run'
Stevenarella dev env: cargo/rustc/xvfb-run/OpenSSL/fontconfig/freetype/libxcb paths are available
OnixResearch tools are pinned over SSH: cairn, cargo-octet
docs/evidence/survival-furnace-persistence-matrix-promotion-2026-06-01.run.log: OK
docs/evidence/survival-furnace-persistence-bundle-promotion-2026-06-01.run.log: OK
docs/evidence/protocol-763-survival-coverage-matrix-2026-05-28.md: OK
docs/evidence/protocol-763-acceptance-matrix.md: OK
docs/evidence/protocol-763-current-evidence-bundle.md: OK
tools/check_survival_coverage_matrix.rs: OK
tools/check_acceptance_matrix.rs: OK
tools/check_current_evidence_bundle.rs: OK
$ nix develop --no-update-lock-file -c b3sum --check docs/evidence/survival-furnace-persistence-validation-2026-06-01.b3
mc compat shell: use 'mc-compat-runner --dry-run' or 'nix run .#mc-compat-smoke -- --run'
Stevenarella dev env: cargo/rustc/xvfb-run/OpenSSL/fontconfig/freetype/libxcb paths are available
OnixResearch tools are pinned over SSH: cairn, cargo-octet
docs/evidence/survival-furnace-persistence-rail-validation-2026-06-01.run.log: OK
docs/evidence/survival-furnace-persistence-validation-oracle-2026-06-01.md: OK
docs/evidence/survival-furnace-persistence-dry-run-2026-06-01.run.log: OK
docs/evidence/survival-furnace-persistence-evidence-manifest-2026-06-01.run.log: OK
docs/evidence/survival-furnace-persistence-task-evidence-gate-2026-06-01.run.log: OK
docs/evidence/survival-furnace-persistence-task-evidence-gate-2026-06-01.b3: OK
docs/evidence/survival-furnace-persistence-cairn-validation-2026-06-01.run.log: OK
docs/evidence/survival-furnace-persistence-archive-2026-06-01.run.log: OK
docs/evidence/survival-furnace-persistence-post-archive-validation-2026-06-01.run.log: OK
docs/evidence/survival-furnace-persistence-archive-2026-06-01.b3: OK
docs/evidence/survival-furnace-persistence-matrix-promotion-2026-06-01.run.log: OK
docs/evidence/survival-furnace-persistence-bundle-promotion-2026-06-01.run.log: OK
docs/evidence/survival-furnace-persistence-row-parity-2026-06-01.run.log: OK
docs/evidence/survival-furnace-persistence-receipts-2026-06-01.b3: OK
docs/evidence/survival-furnace-persistence-matrix-promotion-2026-06-01.b3: OK
$ nix develop --no-update-lock-file -c b3sum --check docs/evidence/survival-furnace-persistence-task-evidence-gate-2026-06-01.b3
mc compat shell: use 'mc-compat-runner --dry-run' or 'nix run .#mc-compat-smoke -- --run'
Stevenarella dev env: cargo/rustc/xvfb-run/OpenSSL/fontconfig/freetype/libxcb paths are available
OnixResearch tools are pinned over SSH: cairn, cargo-octet
docs/evidence/survival-furnace-persistence-task-evidence-gate-2026-06-01.run.log: OK
tools/check_cairn_task_evidence.rs: OK
cairn/archive/2026-06-01-survival-furnace-persistence-parity/tasks.md: OK
$ nix develop --no-update-lock-file -c b3sum --check docs/evidence/survival-furnace-persistence-archive-2026-06-01.b3
mc compat shell: use 'mc-compat-runner --dry-run' or 'nix run .#mc-compat-smoke -- --run'
Stevenarella dev env: cargo/rustc/xvfb-run/OpenSSL/fontconfig/freetype/libxcb paths are available
OnixResearch tools are pinned over SSH: cairn, cargo-octet
docs/evidence/survival-furnace-persistence-archive-2026-06-01.run.log: OK
docs/evidence/survival-furnace-persistence-post-archive-validation-2026-06-01.run.log: OK
cairn/archive/2026-06-01-survival-furnace-persistence-parity/tasks.md: OK
cairn/archive/2026-06-01-survival-furnace-persistence-parity/proposal.md: OK
cairn/archive/2026-06-01-survival-furnace-persistence-parity/design.md: OK
cairn/archive/2026-06-01-survival-furnace-persistence-parity/specs/mc-compatibility/spec.md: OK
exit_status=0
