# survival block-entity persistence change start validation
{
  "change": "survival-block-entity-persistence-parity",
  "evidence_summary": {
    "docs_only": 0,
    "fixture": 0,
    "formal": 0,
    "mode": "advisory",
    "model": 0,
    "probe": 0,
    "property": 0
  },
  "input_hash": "1218462b454a280cda79cce321c9641b389bc21d20f19db5f7258561c196e32d",
  "issues": [],
  "layout": "cairn",
  "policy": "cairn-default",
  "policy_hash": "7d2c6606b81e38f9414e81df24c64c9a638d4c238d8a9c04412ac95e347c3355",
  "receipt_hash": "161d1ab47c13cf26547342a53ef833c181204c62614e87dafbce991298cc20c4",
  "stage": "proposal",
  "valid": true,
  "verdict": "PASS"
}
cairn_gate_proposal_exit_status=0
{
  "change": "survival-block-entity-persistence-parity",
  "evidence_summary": {
    "docs_only": 0,
    "fixture": 0,
    "formal": 0,
    "mode": "advisory",
    "model": 0,
    "probe": 0,
    "property": 0
  },
  "input_hash": "1d1fa9d3378aa333b1b167ab6a428df9736d63ade55a53c74aeb4a4d926e540c",
  "issues": [],
  "layout": "cairn",
  "policy": "cairn-default",
  "policy_hash": "7d2c6606b81e38f9414e81df24c64c9a638d4c238d8a9c04412ac95e347c3355",
  "receipt_hash": "7dd4a89de612aefcf1e4cbfb373840fb15e07b098ef3b49e21c17b74ec2cfce0",
  "stage": "design",
  "valid": true,
  "verdict": "PASS"
}
cairn_gate_design_exit_status=0
{
  "change": "survival-block-entity-persistence-parity",
  "evidence_summary": {
    "docs_only": 0,
    "fixture": 0,
    "formal": 0,
    "mode": "advisory",
    "model": 0,
    "probe": 0,
    "property": 0
  },
  "input_hash": "16bafb709aa5578cceb7901f9411460009dc55bd800270f0593a238cabe3f579",
  "issues": [],
  "layout": "cairn",
  "policy": "cairn-default",
  "policy_hash": "7d2c6606b81e38f9414e81df24c64c9a638d4c238d8a9c04412ac95e347c3355",
  "receipt_hash": "498042b8f5fe077fa6fa7b91f7723d9ac3bc8090dff599347c96dc548c0e9525",
  "stage": "tasks",
  "valid": true,
  "verdict": "PASS"
}
cairn_gate_tasks_exit_status=0
{
  "change_issues": [],
  "changes": 1,
  "issues": [],
  "layout": "cairn",
  "policy": "cairn-default",
  "spec_issues": [],
  "specs_validated": 3,
  "valid": true
}
cairn_validate_exit_status=0
exit_status=0
