[init] Running as uid=1000 gid=1000 with /data as 'drwxr-xr-x 2 1000 1000 4096 Jun 18 02:27 /data'
[init] Image info: buildtime=2026-06-20T22:53:47.396Z,version=java17,revision=8b5f7ed7713de12ed359d2d37ba0ec324154734d
[init] Resolving type given PAPER
[39m[mc-image-helper] 17:49:57.377 INFO  : Downloaded /data/paper-1.20.1-196.jar
[0;39m[init] Copying any plugins from /plugins to /data/plugins
[39m[mc-image-helper] 17:49:58.292 INFO  : Copying /plugins/paper-survival-fixture-0.1.0.jar -> /data/plugins/paper-survival-fixture-0.1.0.jar
[0;39m[init] Copying any configs from /config to /data/config
[init] Creating server properties in /data/server.properties
[init] Disabling whitelist functionality
[39m[mc-image-helper] 17:49:58.907 INFO  : Created/updated 7 properties in /data/server.properties
[0;39m[39m[mc-image-helper] 17:49:59.695 INFO  : Downloaded /data/config/paper-global.yml from https://raw.githubusercontent.com/Shonz1/minecraft-default-configs/main/1.20.1/paper-global.yml
[0;39m[39m[mc-image-helper] 17:49:59.695 INFO  : Downloaded /data/config/paper-world-defaults.yml from https://raw.githubusercontent.com/Shonz1/minecraft-default-configs/main/1.20.1/paper-world-defaults.yml
[0;39m[39m[mc-image-helper] 17:50:00.799 INFO  : Downloaded /data/spigot.yml from https://raw.githubusercontent.com/Shonz1/minecraft-default-configs/main/1.20.1/spigot.yml
[0;39m[39m[mc-image-helper] 17:50:00.807 INFO  : Downloaded /data/bukkit.yml from https://raw.githubusercontent.com/Shonz1/minecraft-default-configs/main/1.20.1/bukkit.yml
[0;39m[init] Setting initial memory to 1G and max to 1G
[init] Starting the Minecraft server...
Downloading mojang_1.20.1.jar
Applying patches
Starting org.bukkit.craftbukkit.Main
*** Warning, you've not updated in a while! ***
*** Please download a new build as per instructions from https://papermc.io/downloads/paper ***
System Info: Java 17 (OpenJDK 64-Bit Server VM 17.0.15+6) Host: Linux 6.18.34 (amd64)
Loading libraries, please wait...
2026-06-21 17:50:03,087 ServerMain WARN Advanced terminal features are not available in this environment
[17:50:04 INFO]: Environment: authHost='https://authserver.mojang.com', accountsHost='https://api.mojang.com', sessionHost='https://sessionserver.mojang.com', servicesHost='https://api.minecraftservices.com', name='PROD'
[17:50:04 INFO]: Found new data pack file/bukkit, loading it automatically
[17:50:05 INFO]: Loaded 7 recipes
[17:50:05 INFO]: Starting minecraft server version 1.20.1
[17:50:05 INFO]: Loading properties
[17:50:05 INFO]: This server is running Paper version git-Paper-196 (MC: 1.20.1) (Implementing API version 1.20.1-R0.1-SNAPSHOT) (Git: 773dd72)
[17:50:05 INFO]: Server Ping Player Sample Count: 12
[17:50:05 INFO]: Using 4 threads for Netty based IO
[17:50:05 WARN]: [!] The timings profiler has been enabled but has been scheduled for removal from Paper in the future.
    We recommend installing the spark profiler as a replacement: https://spark.lucko.me/
    For more information please visit: https://github.com/PaperMC/Paper/issues/8948
[17:50:05 INFO]: [ChunkTaskScheduler] Chunk system is using 1 I/O threads, 8 worker threads, and gen parallelism of 8 threads
[17:50:05 INFO]: Default game type: SURVIVAL
[17:50:05 INFO]: Generating keypair
[17:50:06 INFO]: Starting Minecraft server on *:25565
[17:50:06 INFO]: Using epoll channel type
[17:50:06 INFO]: Paper: Using libdeflate (Linux x86_64) compression from Velocity.
[17:50:06 INFO]: Paper: Using OpenSSL 1.1.x (Linux x86_64) cipher from Velocity.
[17:50:06 INFO]: [McCompatSurvivalFixture] Loading server plugin McCompatSurvivalFixture v0.1.0
[17:50:06 WARN]: **** SERVER IS RUNNING IN OFFLINE/INSECURE MODE!
[17:50:06 WARN]: The server will make no attempt to authenticate usernames. Beware.
[17:50:06 WARN]: While this makes the game possible to play without internet access, it also opens up the ability for hackers to connect with any username they choose.
[17:50:06 WARN]: To change this, set "online-mode" to "true" in the server.properties file.
[17:50:06 INFO]: Preparing level "world"
[17:50:08 INFO]: Preparing start region for dimension minecraft:overworld
[17:50:08 INFO]: Time elapsed: 52 ms
[17:50:08 INFO]: Preparing start region for dimension minecraft:the_nether
[17:50:08 INFO]: Time elapsed: 22 ms
[17:50:08 INFO]: Preparing start region for dimension minecraft:the_end
[17:50:08 INFO]: Time elapsed: 28 ms
[17:50:08 INFO]: [McCompatSurvivalFixture] Enabling McCompatSurvivalFixture v0.1.0
[17:50:08 INFO]: [McCompatSurvivalFixture] MC-COMPAT-MILESTONE survival_fixture_enabled
[17:50:08 INFO]: Starting remote control listener
[17:50:08 INFO]: Thread RCON Listener started
[17:50:08 INFO]: RCON running on 0.0.0.0:25575
[17:50:08 INFO]: Running delayed init tasks
[17:50:08 INFO]: Done (2.637s)! For help, type "help"
[17:50:08 INFO]: Timings Reset
[17:50:12 INFO]: UUID of player compatbot is 44fbb854-bbe7-3711-88fe-c85ab1543ed5
[17:50:12 INFO]: compatbot joined the game
[17:50:12 INFO]: compatbot[/172.30.0.1:54796] logged in with entity id 288 at ([world]37.5, 108.0, 146.5)
[17:50:12 INFO]: [McCompatSurvivalFixture] MC-COMPAT-MILESTONE survival_join username=compatbot gamemode=Survival target=0,64,1
[17:50:13 WARN]: compatbot moved too quickly! 12.0,-1.0000000000331966E-4,0.0
[17:50:14 INFO]: [McCompatSurvivalFixture] MC-COMPAT-MILESTONE survival_block_break username=compatbot item=Dirt at=0,64,1
[17:50:15 INFO]: [McCompatSurvivalFixture] MC-COMPAT-MILESTONE survival_pickup_item username=compatbot slot=36 item=Dirt count=1
[17:50:16 INFO]: [McCompatSurvivalFixture] MC-COMPAT-MILESTONE survival_furnace_open username=compatbot position=12,64,0 window=1
[17:50:16 INFO]: [McCompatSurvivalFixture] MC-COMPAT-MILESTONE survival_furnace_input_insert username=compatbot window=1 slot=0 item=RawIron count=1
[17:50:16 INFO]: [McCompatSurvivalFixture] MC-COMPAT-MILESTONE survival_furnace_fuel_insert username=compatbot window=1 slot=1 item=Coal count=1
[17:50:16 INFO]: [McCompatSurvivalFixture] MC-COMPAT-MILESTONE survival_furnace_burn_progress username=compatbot window=1 progress=started
[17:50:16 INFO]: [McCompatSurvivalFixture] MC-COMPAT-MILESTONE survival_furnace_output_available username=compatbot window=1 slot=2 item=IronIngot count=1
[17:50:16 INFO]: [McCompatSurvivalFixture] MC-COMPAT-MILESTONE survival_furnace_output_collect username=compatbot window=1 slot=2 item=IronIngot count=1 inventory_slot=36
[17:50:16 INFO]: [McCompatSurvivalFixture] MC-COMPAT-MILESTONE survival_furnace_invalid_fuel_rejected username=compatbot window=1 slot=1 item=RawIron outcome=no_burn
[17:50:16 INFO]: [McCompatSurvivalFixture] MC-COMPAT-MILESTONE survival_furnace_breadth_state username=compatbot recipe=minecraft:iron_ingot input=RawIron fuel=Coal output=IronIngot count=1 invalid_fuel=RawIron invalid_fuel_outcome=no_burn broad_all_furnaces=false
[17:50:16 INFO]: compatbot has made the advancement [Acquire Hardware]
[17:50:17 INFO]: [McCompatSurvivalFixture] MC-COMPAT-MILESTONE survival_block_place username=compatbot item=Dirt from_slot=36 at=0,65,1
[17:52:08 INFO]: compatbot lost connection: Disconnected
[17:52:08 INFO]: compatbot left the game
