{
  "actions": [
    {
      "description": "merge delta spec into main specs: ./cairn/changes/survival-crafting-recipe-breadth-typed-event-migration/specs/mc-compatibility/spec.md",
      "kind": "sync_delta_spec",
      "path": "./cairn/changes/survival-crafting-recipe-breadth-typed-event-migration/specs/mc-compatibility/spec.md"
    }
  ],
  "blocked": false,
  "change": "survival-crafting-recipe-breadth-typed-event-migration",
  "delta_specs": [
    "./cairn/changes/survival-crafting-recipe-breadth-typed-event-migration/specs/mc-compatibility/spec.md"
  ],
  "dry_run": false,
  "input_hash": "c8dc2629f447d15cfe9b718078787bc8f2dc5f6290e3fc04e410b2d69abe0329",
  "layout": "cairn",
  "mutated": true,
  "mutation_manifest": {
    "after": {
      "entries": [
        {
          "content_hash": "10decf7940bc1c50335c44a326a1c3acf13db03e65022e6d045561aca323e70a",
          "exists": true,
          "path": "./cairn/specs/mc-compatibility/spec.md"
        }
      ],
      "manifest_hash": "7d9002bd6df91dcf2e05c7e3f05d090f118848ee57e4e8cf9cb13ce413a997bb"
    },
    "before": {
      "entries": [
        {
          "content_hash": "10decf7940bc1c50335c44a326a1c3acf13db03e65022e6d045561aca323e70a",
          "exists": true,
          "path": "./cairn/specs/mc-compatibility/spec.md"
        }
      ],
      "manifest_hash": "7d9002bd6df91dcf2e05c7e3f05d090f118848ee57e4e8cf9cb13ce413a997bb"
    },
    "kind": "sync",
    "manifest_hash": "29d428f3b92c708a78d43cdb8151015f7c3ea9d30fcbbce94245a1d93b6d65e7"
  },
  "plan_hash": "3b76135c1725883cee1fd3a2c0d07313e14a5a1579a5d554be1320ce122ba577",
  "policy": "cairn-default",
  "policy_hash": "7d2c6606b81e38f9414e81df24c64c9a638d4c238d8a9c04412ac95e347c3355",
  "reasons": [],
  "receipt_hash": "4d53f8ad0d57b52f1da1fa0e290686ef66834d5da5f9328251ed617ec57612c8"
}
exit_status=0
