survival mob-drop runner/client rail validation
date=2026-06-02
change=survival-mob-drop-parity

$ nix develop --no-update-lock-file -c cargo test --manifest-path tools/mc-compat-runner/Cargo.toml -- --nocapture
mc compat shell: use 'mc-compat-runner --dry-run' or 'nix run .#mc-compat-smoke -- --run'
Stevenarella dev env: cargo/rustc/xvfb-run/OpenSSL/fontconfig/freetype/libxcb paths are available
OnixResearch tools are pinned over SSH: cairn, cargo-octet
    Finished `test` profile [unoptimized + debuginfo] target(s) in 0.04s
     Running unittests src/main.rs (/home/brittonr/.cargo-target/debug/deps/mc_compat_runner-3e287b8ac8843fbc)

running 97 tests
would remove test artifact /tmp/nix-shell.51lr4u/mc-compat-cleanup-dry-run-1810192/artifact.log
[mc-compat] removing test artifact /tmp/nix-shell.51lr4u/mc-compat-cleanup-dry-run-1810192/artifact.log
test runtime_config::tests::fixed_protocol_fact_changes_are_rejected ... ok
test runtime_config::tests::redaction_hides_secret_like_values ... ok
test runtime_config::tests::normalizes_valid_steel_exports ... ok
test runtime_config::tests::arrow_damage_policy_is_bounded_and_reports_clamping ... ok
test runtime_config::tests::diff_and_apply_plan_separate_hot_next_run_and_restart_only ... ok
test runtime_config::tests::evaluates_restricted_steel_module ... ok
test runtime_config::tests::rejects_range_and_sandbox_violations ... ok
test runtime_config::tests::rejects_missing_or_wrong_type_exports ... ok
test runtime_config::tests::reload_request_applies_hot_changes_atomically ... ok
test runtime_config::tests::reload_request_rolls_back_on_apply_failure_or_restart_only_change ... ok
test tests::armor_loadout_enchantment_status_matrix_tracks_isolated_row_evidence ... ok
test tests::armor_loadout_enchantment_status_matrix_receipt_keeps_nonclaims ... ok
test tests::blue_flag_score_scenario_tracks_mirrored_team_evidence ... ok
test tests::cleanup_client_log_match_is_narrow ... ok
test tests::cli_overrides_backend_client_dir_valence_repo_and_revision ... ok
test runtime_config::tests::rejects_steel_module_unknown_export_and_forbidden_token ... ok
test tests::client_checkout_must_point_at_manifest_root ... ok
test tests::cleanup_path_dry_run_preserves_existing_files ... ok
test tests::combat_damage_scenario_tracks_client_and_server_evidence ... ok
test tests::compares_paper_and_valence_receipts ... ok
test tests::compares_protocol_763_matrix_receipts_when_configured ... ok
test tests::ctf_invalid_pickup_ownership_tracks_client_server_and_envelope ... ok
test tests::ctf_simultaneous_race_tracks_one_accept_one_reject ... ok
test tests::ctf_invalid_return_drop_tracks_client_server_and_envelope ... ok
test tests::ctf_score_limit_win_condition_tracks_client_server_and_forbidden_guards ... ok
test tests::defaults_to_valence_protocol_and_port ... ok
test tests::ctf_spawn_team_balance_reset_tracks_client_server_and_guards ... ok
test tests::enriched_triage_core_bounds_and_redacts_context ... ok
test tests::env_overrides_are_parsed_without_global_environment_mutation ... ok
test tests::compat_bot_probe_scenario_is_bounded_and_receipted ... ok
test tests::equipment_update_scenario_tracks_current_client_equipment_marker ... ok
test tests::equipment_slot_item_matrix_expansion_tracks_isolated_row_evidence ... ok
test tests::equipment_slot_item_matrix_expansion_receipt_keeps_nonclaims ... ok
test tests::flag_score_repeat_scenario_tracks_missing_and_forbidden_evidence ... ok
test tests::git_revision_evidence_core_reports_clean_dirty_and_unavailable ... ok
test tests::invalid_backend_is_rejected ... ok
test tests::generated_scenario_manifest_matches_runner_parser ... ok
test tests::latency_jitter_receipt_disabled_path_stays_non_claim ... ok
test tests::latency_jitter_reconnect_count_is_explicit ... ok
test tests::inventory_interaction_scenario_tracks_client_and_server_evidence ... ok
test tests::latency_jitter_receipt_renders_bounded_wan_telemetry_fields ... ok
test tests::load_network_safety_envelope_fails_closed_for_unsafe_inputs ... ok
test tests::mcp_controlled_live_preflight_allows_bounded_local_rail ... ok
test tests::mcp_controlled_live_preflight_rejects_unbounded_timeout ... ok
test tests::failed_preflight_receipt_triages_before_client_evidence ... ok
test tests::mcp_controlled_live_receipt_fails_dirty_child_revision ... ok
test tests::mcp_controlled_live_receipt_uses_observed_control_and_frame_evidence ... ok
test tests::enriched_triage_receipt_preserves_existing_fields_and_adds_context ... ok
test tests::missing_client_checkout_has_actionable_diagnostic ... ok
test tests::negative_live_rail_checker_rejects_missing_expected_outcome ... ok
test tests::negative_live_rail_checker_rejects_missing_telemetry ... ok
test tests::negative_live_rail_checker_rejects_unbounded_public_unauthenticated_inputs ... ok
test tests::missing_valence_checkout_has_actionable_diagnostic ... ok
test tests::multi_client_scenario_tracks_client_and_server_evidence ... ok
test tests::dry_run_receipt_records_deterministic_child_revision_placeholders ... ok
test tests::negative_live_rail_preflight_rejects_public_unowned_targets ... ok
test tests::projectile_damage_attribution_requires_pinned_valence_revision ... ok
test tests::mcp_controlled_dry_run_receipt_records_control_contract ... ok
test tests::nickel_exported_json_config_sets_defaults_and_allows_env_cli_precedence ... ok
test tests::public_server_authorized_safety_disabled_path_stays_non_claim ... ok
test tests::projectile_damage_attribution_scenario_tracks_client_and_server_evidence ... ok
test tests::projectile_damage_dry_run_uses_steel_arrow_policy ... ok
test tests::public_server_authorized_safety_live_mode_fails_closed ... ok
test tests::public_server_authorized_safety_receipt_renders_fixture_envelope ... ok
test tests::rejects_receipt_protocol_mismatch ... ok
test tests::receipt_summary_mutations_fail_closed ... ok
test tests::rejects_receipts_that_do_not_match_configured_protocol ... ok
test tests::negative_live_rail_envelope_records_expected_outcome_and_non_claims ... ok
test tests::run_matrix_rejects_single_receipt_path ... ok
test tests::restricted_steel_config_rejects_forbidden_capabilities ... ok
test tests::scenario_cli_and_env_parse ... ok
test tests::survival_break_place_pickup_scenario_tracks_client_and_server_evidence ... ok
test tests::restricted_steel_config_sets_runtime_defaults_and_allows_env_cli_precedence ... ok
test tests::survival_crafting_table_scenario_tracks_client_and_server_evidence ... ok
test tests::typed_event_parser_accepts_versioned_event_lines ... ok
test tests::run_matrix_config_sets_receipt_dir_and_backend_defaults ... ok
test tests::typed_events_from_receipt_evidence_include_client_and_server_sources ... ok
test tests::typed_event_receipt_artifact_records_reviewable_timeline_hash ... ok
test tests::valid_client_checkout_preflight_passes ... ok
test tests::typed_event_oracle_receipt_records_migration_fallback ... ok
test tests::supported_scenario_usage_lists_all_supported_scenarios ... ok
test tests::status_and_cleanup_modes_parse_without_server_probe_mode ... ok
test tests::typed_event_graph_accepts_representative_scenario_fixtures ... ok
test tests::typed_event_graph_checks_required_forbidden_and_ordered_events ... ok
test tests::typed_event_oracle_validates_migrated_inventory_graph ... ok
test tests::survival_furnace_persistence_scenario_tracks_client_and_server_evidence ... ok
test tests::survival_chest_persistence_scenario_tracks_client_and_server_evidence ... ok
test tests::survival_mob_drop_scenario_tracks_client_and_server_evidence ... ok
test tests::survival_hunger_food_scenario_tracks_client_and_server_evidence ... ok
test tests::smoke_receipt_records_failures_without_success_claims ... ok
test tests::smoke_receipt_records_cairn_contract_and_octet_surface ... ok
test tests::status_packet_proxy_and_gameplay_receipt_blocks_are_recorded ... ok
test tests::scenario_receipt_records_actionable_failure_triage ... ok
test tests::scenario_oracle_property_all_required_server_milestones_matter ... ok
test tests::scenario_oracle_property_forbidden_markers_fail ... ok
test tests::scenario_oracle_property_all_required_client_milestones_matter ... ok
test tests::negative_live_rail_receipt_records_observed_containment_outcome ... ok

test result: ok. 97 passed; 0 failed; 0 ignored; 0 measured; 0 filtered out; finished in 0.00s

exit_status=0

$ nix develop --no-update-lock-file -c nickel typecheck config/mc-compat/scenario-manifest.ncl
mc compat shell: use 'mc-compat-runner --dry-run' or 'nix run .#mc-compat-smoke -- --run'
Stevenarella dev env: cargo/rustc/xvfb-run/OpenSSL/fontconfig/freetype/libxcb paths are available
OnixResearch tools are pinned over SSH: cairn, cargo-octet
exit_status=0

$ nix develop --no-update-lock-file -c rustc --edition=2021 tools/check_scenario_manifest.rs -o target/check-scenario-manifest
mc compat shell: use 'mc-compat-runner --dry-run' or 'nix run .#mc-compat-smoke -- --run'
Stevenarella dev env: cargo/rustc/xvfb-run/OpenSSL/fontconfig/freetype/libxcb paths are available
OnixResearch tools are pinned over SSH: cairn, cargo-octet
exit_status=0

$ target/check-scenario-manifest --self-test
scenario manifest self-test passed: positive and negative fixtures exercised
exit_status=0

$ target/check-scenario-manifest
scenario manifest check passed: 27 rows validated
exit_status=0

$ nix develop --no-update-lock-file /home/brittonr/git/mc -c bash -lc cd /home/brittonr/git/mc/stevenarella && cargo test server::tests::survival_mob_drop -- --nocapture
mc compat shell: use 'mc-compat-runner --dry-run' or 'nix run .#mc-compat-smoke -- --run'
Stevenarella dev env: cargo/rustc/xvfb-run/OpenSSL/fontconfig/freetype/libxcb paths are available
OnixResearch tools are pinned over SSH: cairn, cargo-octet
warning: `/home/brittonr/git/mc/stevenarella/.cargo/config` is deprecated in favor of `config.toml`
  |
  = help: if you need to support cargo 1.38 or earlier, you can symlink `config` to `config.toml`
warning: file `/home/brittonr/git/mc/stevenarella/src/main.rs` found to be present in multiple build targets:
  * `lib` target `stevenarella`
  * `bin` target `stevenarella`
warning: unnecessary parentheses around closure body
    --> blocks/src/lib.rs:1052:36
     |
1052 |         offsets |protocol_version| (instrument.offsets(protocol_version)
     |                                    ^
1053 |             .map(|offset| offset * (25 * 2) + ((note as usize) << 1) + if powered { 0 } else { 1 })),
     |                                                                                                    ^
     |
     = note: `#[warn(unused_parens)]` (part of `#[warn(unused)]`) on by default
help: remove these parentheses
     |
1052 ~         offsets |protocol_version| instrument.offsets(protocol_version)
1053 ~             .map(|offset| offset * (25 * 2) + ((note as usize) << 1) + if powered { 0 } else { 1 }),
     |

warning: unnecessary parentheses around closure body
    --> blocks/src/lib.rs:1407:36
     |
1407 |         offsets |protocol_version| (variant.offsets(protocol_version)),
     |                                    ^                                 ^
     |
help: remove these parentheses
     |
1407 -         offsets |protocol_version| (variant.offsets(protocol_version)),
1407 +         offsets |protocol_version| variant.offsets(protocol_version),
     |

warning: `steven_blocks` (lib) generated 2 warnings (run `cargo fix --lib -p steven_blocks` to apply 2 suggestions)
warning: hiding a lifetime that's elided elsewhere is confusing
   --> src/console/mod.rs:181:32
    |
181 |     pub fn get<T: Sized + Any>(&self, var: CVar<T>) -> Ref<T>
    |                                ^^^^^                   ^^^^^^ the same lifetime is hidden here
    |                                |
    |                                the lifetime is elided here
    |
    = help: the same lifetime is referred to in inconsistent ways, making the signature confusing
    = note: `#[warn(mismatched_lifetime_syntaxes)]` on by default
help: use `'_` for type paths
    |
181 |     pub fn get<T: Sized + Any>(&self, var: CVar<T>) -> Ref<'_, T>
    |                                                            +++

warning: hiding a lifetime that's elided elsewhere is confusing
   --> src/ui/mod.rs:102:21
    |
102 |               fn draw(&self, renderer: &mut render::Renderer, r: &Region, sw: f64, sh: f64, width: f64, height: f64, delta: f64) -> RefMut<[u8]> {
    |                       ^^^^^ the lifetime is elided here                                                                             ^^^^^^^^^^^^ the same lifetime is hidden here
...
252 | / define_elements! {
253 | |     Image,
254 | |     Batch,
255 | |     Text,
...   |
258 | |     TextBox,
259 | | }
    | |_- in this macro invocation
    |
    = help: the same lifetime is referred to in inconsistent ways, making the signature confusing
    = note: this warning originates in the macro `define_elements` (in Nightly builds, run with -Z macro-backtrace for more info)
help: use `'_` for type paths
    |
102 |             fn draw(&self, renderer: &mut render::Renderer, r: &Region, sw: f64, sh: f64, width: f64, height: f64, delta: f64) -> RefMut<'_, [u8]> {
    |                                                                                                                                          +++

warning: `stevenarella` (lib) generated 2 warnings (run `cargo fix --lib -p stevenarella` to apply 2 suggestions)
warning: `stevenarella` (lib test) generated 2 warnings (2 duplicates)
warning: `stevenarella` (bin "stevenarella" test) generated 2 warnings (2 duplicates)
    Finished `test` profile [optimized + debuginfo] target(s) in 0.13s
     Running unittests src/main.rs (/home/brittonr/.cargo-target/debug/deps/stevenarella-74a8925fb38c5fbd)

running 2 tests
test server::tests::survival_mob_drop_item_match_accepts_only_contract_drop ... ok
test server::tests::survival_mob_drop_position_match_rejects_wrong_target ... ok

test result: ok. 2 passed; 0 failed; 0 ignored; 0 measured; 125 filtered out; finished in 0.00s

     Running unittests src/main.rs (/home/brittonr/.cargo-target/debug/deps/stevenarella-4dc39b26672098bf)

running 2 tests
test server::tests::survival_mob_drop_position_match_rejects_wrong_target ... ok
test server::tests::survival_mob_drop_item_match_accepts_only_contract_drop ... ok

test result: ok. 2 passed; 0 failed; 0 ignored; 0 measured; 125 filtered out; finished in 0.00s

exit_status=0

