## copy_fixture_source
command=cp tools/paper-survival-fixture/src/main/java/mc/compat/paper/SurvivalFixturePlugin.java docs/evidence/mc-compat-paper-survival-block-entity-fixture-2026-06-04.java
copy_source_exit_status=0

## javac
command=javac --release 17 -proc:none -cp <m2 jars> -d target/paper-block-entity-fixture-classes tools/paper-survival-fixture/src/main/java/mc/compat/paper/SurvivalFixturePlugin.java
Note: tools/paper-survival-fixture/src/main/java/mc/compat/paper/SurvivalFixturePlugin.java uses or overrides a deprecated API.
Note: Recompile with -Xlint:deprecation for details.
javac_exit_status=0

## jar
command=jar --create --file docs/evidence/mc-compat-paper-survival-block-entity-fixture-2026-06-04.jar -C target/paper-block-entity-fixture-classes . -C tools/paper-survival-fixture/src/main/resources plugin.yml
jar_exit_status=0

## jar_listing
META-INF/
META-INF/MANIFEST.MF
mc/
mc/compat/
mc/compat/paper/
mc/compat/paper/SurvivalFixturePlugin.class
plugin.yml
jar_listing_exit_status=0
exit_status=0
