# survival redstone-toggle typed-event Cairn baseline
command=nix run --no-update-lock-file .#cairn -- gate proposal survival-redstone-toggle-typed-event-migration --root .
{
  "change": "survival-redstone-toggle-typed-event-migration",
  "evidence_summary": {
    "docs_only": 0,
    "fixture": 0,
    "formal": 0,
    "mode": "advisory",
    "model": 0,
    "probe": 0,
    "property": 0
  },
  "input_hash": "43c5ad107ba0a299dded7fcce3df80b1a29363cde8da7e45b258774e86dc3bde",
  "issues": [],
  "layout": "cairn",
  "policy": "cairn-default",
  "policy_hash": "a210ed841d260e0bf026f3c67ec810216b6409cfe6036f9132b51cc4e3176618",
  "receipt_hash": "0a032996d2da07c950184507b1382df016eb9ad6d5d5e8a5e7fdcd0ab6aea278",
  "stage": "proposal",
  "valid": true,
  "verdict": "PASS"
}
cairn_gate_proposal_exit_status=0
command=nix run --no-update-lock-file .#cairn -- gate design survival-redstone-toggle-typed-event-migration --root .
{
  "change": "survival-redstone-toggle-typed-event-migration",
  "evidence_summary": {
    "docs_only": 0,
    "fixture": 0,
    "formal": 0,
    "mode": "advisory",
    "model": 0,
    "probe": 0,
    "property": 0
  },
  "input_hash": "d42065c1303399eb6c00d5bd5f356dbf3a089d195eb38212e8859aa078a0322d",
  "issues": [],
  "layout": "cairn",
  "policy": "cairn-default",
  "policy_hash": "a210ed841d260e0bf026f3c67ec810216b6409cfe6036f9132b51cc4e3176618",
  "receipt_hash": "50599f7016b1a34c48c6d575da732d48be6fc5cd3ebea597e14344e4cabe4896",
  "stage": "design",
  "valid": true,
  "verdict": "PASS"
}
cairn_gate_design_exit_status=0
command=nix run --no-update-lock-file .#cairn -- gate tasks survival-redstone-toggle-typed-event-migration --root .
{
  "change": "survival-redstone-toggle-typed-event-migration",
  "evidence_summary": {
    "docs_only": 0,
    "fixture": 0,
    "formal": 0,
    "mode": "advisory",
    "model": 0,
    "probe": 0,
    "property": 0
  },
  "input_hash": "6c7b30a4eaf2702da2645b8a00da1bc1a599a24e6ebedfb4f507feecbfba2406",
  "issues": [],
  "layout": "cairn",
  "policy": "cairn-default",
  "policy_hash": "a210ed841d260e0bf026f3c67ec810216b6409cfe6036f9132b51cc4e3176618",
  "receipt_hash": "204e2e60ac667da3a55c68edf715f19770bc48c9e6b8d3d471c80c54ea521d96",
  "stage": "tasks",
  "valid": true,
  "verdict": "PASS"
}
cairn_gate_tasks_exit_status=0
command=nix run --no-update-lock-file .#cairn -- validate --root .
{
  "change_issues": [],
  "changes": 1,
  "issues": [],
  "layout": "cairn",
  "policy": "cairn-default",
  "spec_issues": [],
  "specs_validated": 5,
  "valid": true
}
cairn_validate_exit_status=0
exit_status=0
