MC-COMPAT-EVENT schema=1 source=client scenario=survival-furnace-persistence session=valence-survival-furnace-persistence-2026-06-01.receipt seq=1 event=protocol_detected
MC-COMPAT-EVENT schema=1 source=client scenario=survival-furnace-persistence session=valence-survival-furnace-persistence-2026-06-01.receipt seq=2 event=join_game
MC-COMPAT-EVENT schema=1 source=client scenario=survival-furnace-persistence session=valence-survival-furnace-persistence-2026-06-01.receipt seq=3 event=render_tick
MC-COMPAT-EVENT schema=1 source=client scenario=survival-furnace-persistence session=valence-survival-furnace-persistence-2026-06-01.receipt seq=4 event=survival_furnace_open_seen
MC-COMPAT-EVENT schema=1 source=client scenario=survival-furnace-persistence session=valence-survival-furnace-persistence-2026-06-01.receipt seq=5 event=survival_furnace_input_sent
MC-COMPAT-EVENT schema=1 source=client scenario=survival-furnace-persistence session=valence-survival-furnace-persistence-2026-06-01.receipt seq=6 event=survival_furnace_fuel_sent
MC-COMPAT-EVENT schema=1 source=client scenario=survival-furnace-persistence session=valence-survival-furnace-persistence-2026-06-01.receipt seq=7 event=survival_furnace_burn_progress_seen
MC-COMPAT-EVENT schema=1 source=client scenario=survival-furnace-persistence session=valence-survival-furnace-persistence-2026-06-01.receipt seq=8 event=survival_furnace_output_seen
MC-COMPAT-EVENT schema=1 source=client scenario=survival-furnace-persistence session=valence-survival-furnace-persistence-2026-06-01.receipt seq=9 event=survival_furnace_output_collected
MC-COMPAT-EVENT schema=1 source=client scenario=survival-furnace-persistence session=valence-survival-furnace-persistence-2026-06-01.receipt seq=10 event=survival_furnace_inventory_updated
MC-COMPAT-EVENT schema=1 source=client scenario=survival-furnace-persistence session=valence-survival-furnace-persistence-2026-06-01.receipt seq=11 event=survival_furnace_reconnect_sent
MC-COMPAT-EVENT schema=1 source=client scenario=survival-furnace-persistence session=valence-survival-furnace-persistence-2026-06-01.receipt seq=12 event=survival_furnace_reopen_seen
MC-COMPAT-EVENT schema=1 source=server scenario=survival-furnace-persistence session=valence-survival-furnace-persistence-2026-06-01.receipt seq=13 event=server_username_seen
MC-COMPAT-EVENT schema=1 source=server scenario=survival-furnace-persistence session=valence-survival-furnace-persistence-2026-06-01.receipt seq=14 event=server_survival_furnace_open
MC-COMPAT-EVENT schema=1 source=server scenario=survival-furnace-persistence session=valence-survival-furnace-persistence-2026-06-01.receipt seq=15 event=server_survival_furnace_input
MC-COMPAT-EVENT schema=1 source=server scenario=survival-furnace-persistence session=valence-survival-furnace-persistence-2026-06-01.receipt seq=16 event=server_survival_furnace_fuel
MC-COMPAT-EVENT schema=1 source=server scenario=survival-furnace-persistence session=valence-survival-furnace-persistence-2026-06-01.receipt seq=17 event=server_survival_furnace_burn_progress
MC-COMPAT-EVENT schema=1 source=server scenario=survival-furnace-persistence session=valence-survival-furnace-persistence-2026-06-01.receipt seq=18 event=server_survival_furnace_output_available
MC-COMPAT-EVENT schema=1 source=server scenario=survival-furnace-persistence session=valence-survival-furnace-persistence-2026-06-01.receipt seq=19 event=server_survival_furnace_output_collect
MC-COMPAT-EVENT schema=1 source=server scenario=survival-furnace-persistence session=valence-survival-furnace-persistence-2026-06-01.receipt seq=20 event=server_survival_furnace_reconnect_reopen
MC-COMPAT-EVENT schema=1 source=server scenario=survival-furnace-persistence session=valence-survival-furnace-persistence-2026-06-01.receipt seq=21 event=server_survival_furnace_state
