{
  "change": "survival-crafting-recipe-breadth-typed-event-migration",
  "evidence_summary": {
    "docs_only": 0,
    "fixture": 0,
    "formal": 0,
    "mode": "advisory",
    "model": 0,
    "probe": 0,
    "property": 0
  },
  "input_hash": "8bd48d0a4fef3544f8e03efc440f46f698307a9fa1198d1dc79054de4b6080b6",
  "issues": [],
  "layout": "cairn",
  "policy": "cairn-default",
  "policy_hash": "7d2c6606b81e38f9414e81df24c64c9a638d4c238d8a9c04412ac95e347c3355",
  "receipt_hash": "795c4869efa20197a06190317bd2fb3d9c8039161809a5732b20fded9855a88f",
  "stage": "proposal",
  "valid": true,
  "verdict": "PASS"
}
{
  "change": "survival-crafting-recipe-breadth-typed-event-migration",
  "evidence_summary": {
    "docs_only": 0,
    "fixture": 0,
    "formal": 0,
    "mode": "advisory",
    "model": 0,
    "probe": 0,
    "property": 0
  },
  "input_hash": "9df28ff59573b3b4c3c130d88eeca17b91e7d5e13b87e6fe3716e9ea3390b24d",
  "issues": [],
  "layout": "cairn",
  "policy": "cairn-default",
  "policy_hash": "7d2c6606b81e38f9414e81df24c64c9a638d4c238d8a9c04412ac95e347c3355",
  "receipt_hash": "dbc926a60ca567215154c76b4c4834d336d78aa9ed9b41e261bb76fde8749d9f",
  "stage": "design",
  "valid": true,
  "verdict": "PASS"
}
{
  "change": "survival-crafting-recipe-breadth-typed-event-migration",
  "evidence_summary": {
    "docs_only": 0,
    "fixture": 0,
    "formal": 0,
    "mode": "advisory",
    "model": 0,
    "probe": 0,
    "property": 0
  },
  "input_hash": "4b8aced92a1935602792cc9508360960b5aaf34e72190d3221c3f472e998a512",
  "issues": [],
  "layout": "cairn",
  "policy": "cairn-default",
  "policy_hash": "7d2c6606b81e38f9414e81df24c64c9a638d4c238d8a9c04412ac95e347c3355",
  "receipt_hash": "287da98d83aca3b97c4f47bbd0f43a3f01a9a0b874a7b18612bdca49e5cce7e2",
  "stage": "tasks",
  "valid": true,
  "verdict": "PASS"
}
exit_status=0
