$ ss -ltnp sport=:25565
State Recv-Q Send-Q Local Address:Port Peer Address:PortProcess
$ MC_COMPAT_IGNORE_DECODE_ERRORS=1 SERVER_PROTOCOL=763 SERVER_VERSION=1.20.1 VALENCE_REPO=/home/brittonr/git/mc/valence VALENCE_REV=88c572287468733af714e8d060805fb1384e1bf8 VALENCE_EXAMPLE=survival_compat VALENCE_WORKTREE=/tmp/valence-compat-survival-biome-dimension-88c5722-live VALENCE_TARGET_DIR=/tmp/valence-compat-survival-biome-dimension-target CLIENT_DIR=/home/brittonr/git/mc/stevenarella CLIENT_TIMEOUT=60 SMOKE_RECEIPT=target/mc-compat-survival-biome-dimension-receipts/valence-survival-biome-dimension-2026-06-01.receipt.json nix run --no-update-lock-file .#mc-compat-smoke -- --run --server-backend valence --scenario survival-biome-dimension-state --receipt target/mc-compat-survival-biome-dimension-receipts/valence-survival-biome-dimension-2026-06-01.receipt.json
[mc-compat] building Stevenarella client
warning: `/home/brittonr/git/mc/stevenarella/.cargo/config` is deprecated in favor of `config.toml`
  |
  = help: if you need to support cargo 1.38 or earlier, you can symlink `config` to `config.toml`
warning: file `/home/brittonr/git/mc/stevenarella/src/main.rs` found to be present in multiple build targets:
  * `lib` target `stevenarella`
  * `bin` target `stevenarella`
warning: unnecessary parentheses around closure body
    --> blocks/src/lib.rs:1052:36
     |
1052 |         offsets |protocol_version| (instrument.offsets(protocol_version)
     |                                    ^
1053 |             .map(|offset| offset * (25 * 2) + ((note as usize) << 1) + if powered { 0 } else { 1 })),
     |                                                                                                    ^
     |
     = note: `#[warn(unused_parens)]` (part of `#[warn(unused)]`) on by default
help: remove these parentheses
     |
1052 ~         offsets |protocol_version| instrument.offsets(protocol_version)
1053 ~             .map(|offset| offset * (25 * 2) + ((note as usize) << 1) + if powered { 0 } else { 1 }),
     |

warning: unnecessary parentheses around closure body
    --> blocks/src/lib.rs:1407:36
     |
1407 |         offsets |protocol_version| (variant.offsets(protocol_version)),
     |                                    ^                                 ^
     |
help: remove these parentheses
     |
1407 -         offsets |protocol_version| (variant.offsets(protocol_version)),
1407 +         offsets |protocol_version| variant.offsets(protocol_version),
     |

warning: `steven_blocks` (lib) generated 2 warnings (run `cargo fix --lib -p steven_blocks` to apply 2 suggestions)
warning: hiding a lifetime that's elided elsewhere is confusing
   --> src/console/mod.rs:181:32
    |
181 |     pub fn get<T: Sized + Any>(&self, var: CVar<T>) -> Ref<T>
    |                                ^^^^^                   ^^^^^^ the same lifetime is hidden here
    |                                |
    |                                the lifetime is elided here
    |
    = help: the same lifetime is referred to in inconsistent ways, making the signature confusing
    = note: `#[warn(mismatched_lifetime_syntaxes)]` on by default
help: use `'_` for type paths
    |
181 |     pub fn get<T: Sized + Any>(&self, var: CVar<T>) -> Ref<'_, T>
    |                                                            +++

warning: hiding a lifetime that's elided elsewhere is confusing
   --> src/ui/mod.rs:102:21
    |
102 |               fn draw(&self, renderer: &mut render::Renderer, r: &Region, sw: f64, sh: f64, width: f64, height: f64, delta: f64) -> RefMut<[u8]> {
    |                       ^^^^^ the lifetime is elided here                                                                             ^^^^^^^^^^^^ the same lifetime is hidden here
...
252 | / define_elements! {
253 | |     Image,
254 | |     Batch,
255 | |     Text,
...   |
258 | |     TextBox,
259 | | }
    | |_- in this macro invocation
    |
    = help: the same lifetime is referred to in inconsistent ways, making the signature confusing
    = note: this warning originates in the macro `define_elements` (in Nightly builds, run with -Z macro-backtrace for more info)
help: use `'_` for type paths
    |
102 |             fn draw(&self, renderer: &mut render::Renderer, r: &Region, sw: f64, sh: f64, width: f64, height: f64, delta: f64) -> RefMut<'_, [u8]> {
    |                                                                                                                                          +++

warning: `stevenarella` (lib) generated 2 warnings (run `cargo fix --lib -p stevenarella` to apply 2 suggestions)
warning: `stevenarella` (bin "stevenarella") generated 2 warnings (2 duplicates)
    Finished `dev` profile [optimized + debuginfo] target(s) in 0.16s
[mc-compat] using existing Valence worktree /tmp/valence-compat-survival-biome-dimension-88c5722-live
[mc-compat] starting Valence 88c572287468733af714e8d060805fb1384e1bf8 example 'survival_compat' on 127.0.0.1:25565; log: /tmp/mc-compat-valence.log
[mc-compat] probing status 127.0.0.1:25565 expecting protocol 763
{"description":{"text":"A Valence Server"},"players":{"max":20,"online":0,"sample":[]},"version":{"name":"1.20.1","protocol":763}}
[mc-compat] running Stevenarella headless scenario 'survival-biome-dimension-state' isolated from host Wayland compositor
[main.rs:1037][INFO] Starting steven
[platform_impl/linux/x11/util/randr.rs:23][WARN] XRandR reported that the display's 0mm in size, which is certifiably insane
[platform_impl/linux/x11/window.rs:147][INFO] Guessed window scale factor: 1
[main.rs:1173][INFO] Shader version: #version 150
[main.rs:290][INFO] Detected server protocol version 763
[server/mod.rs:386][INFO] MC-COMPAT-MILESTONE connect_start protocol=763 address=127.0.0.1:25565
[server/mod.rs:391][INFO] MC-COMPAT-MILESTONE tcp_connected
[server/mod.rs:408][INFO] MC-COMPAT-MILESTONE handshake_sent next=login
[server/mod.rs:422][INFO] MC-COMPAT-MILESTONE login_start_sent
[server/mod.rs:429][INFO] MC-COMPAT-MILESTONE login_compression threshold=256
[server/mod.rs:490][WARN] Server is running in offline mode
[server/mod.rs:491][INFO] MC-COMPAT-MILESTONE login_success state=play protocol=763 username=compatbot properties=0
[server/mod.rs:2452][INFO] MC-COMPAT-MILESTONE join_game_763_shape dimension_type=minecraft:overworld world=minecraft:overworld portal_cooldown=0
[server/mod.rs:2505][INFO] MC-COMPAT-MILESTONE survival_biome_dimension_state spawn_environment=minecraft:overworld environment_identifier=minecraft:overworld client_environment_update=minecraft:overworld normalized_identifier=minecraft:overworld
[server/mod.rs:2533][INFO] MC-COMPAT-MILESTONE join_game entity_id=0 gamemode=Survival
[server/mod.rs:4032][INFO] Received chat message: Welcome to the Valence survival compatibility fixture.
[server/mod.rs:3046][INFO] MC-COMPAT-MILESTONE update_health health=14.0 food=20 saturation=0.0
[server/mod.rs:4180][INFO] MC-COMPAT-MILESTONE first_chunk_data chunk_x=0 chunk_z=0
[server/mod.rs:1024][INFO] MC-COMPAT-MILESTONE render_tick_with_player
[mc-compat] client compatbot finished Some(124); log: /tmp/mc-compat-client.compatbot.1780342047912.log
[mc-compat] stopping managed Valence server process 2319391
[mc-compat] wrote typed event log target/mc-compat-survival-biome-dimension-receipts/valence-survival-biome-dimension-2026-06-01.receipt.typed-events.log
[mc-compat] wrote smoke receipt target/mc-compat-survival-biome-dimension-receipts/valence-survival-biome-dimension-2026-06-01.receipt.json
exit_status=0
