[main.rs:1037][INFO] Starting steven
[platform_impl/linux/x11/util/randr.rs:23][WARN] XRandR reported that the display's 0mm in size, which is certifiably insane
[platform_impl/linux/x11/window.rs:147][INFO] Guessed window scale factor: 1
[main.rs:1173][INFO] Shader version: #version 150
[main.rs:290][INFO] Detected server protocol version 763
[server/mod.rs:495][INFO] MC-COMPAT-MILESTONE connect_start protocol=763 address=127.0.0.1:25566
[server/mod.rs:500][INFO] MC-COMPAT-MILESTONE tcp_connected
[server/mod.rs:517][INFO] MC-COMPAT-MILESTONE handshake_sent next=login
[server/mod.rs:531][INFO] MC-COMPAT-MILESTONE login_start_sent
[server/mod.rs:538][INFO] MC-COMPAT-MILESTONE login_compression threshold=256
[server/mod.rs:599][WARN] Server is running in offline mode
[server/mod.rs:600][INFO] MC-COMPAT-MILESTONE login_success state=play protocol=763 username=compatbot properties=0
[server/mod.rs:2581][INFO] MC-COMPAT-MILESTONE join_game_763_shape dimension_type=minecraft:overworld world=minecraft:overworld portal_cooldown=0
[world/mod.rs:1123][INFO] Dimension bounds: min_y=-64 height=384
[server/mod.rs:2666][INFO] MC-COMPAT-MILESTONE join_game entity_id=379 gamemode=Survival
[server/mod.rs:4467][INFO] Received chat message: unhandled: multiplayer.player.joined
[server/mod.rs:1151][INFO] MC-COMPAT-MILESTONE render_tick_with_player
[server/mod.rs:3804][INFO] MC-COMPAT-MILESTONE inventory_probe_window_items window=0 state_id=1 slots=46 slot36=empty slot37=empty carried=empty
[server/mod.rs:3921][INFO] MC-COMPAT-MILESTONE inventory_probe_set_slot window=0 state_id=2 slot=45 item=empty
[server/mod.rs:3921][INFO] MC-COMPAT-MILESTONE inventory_probe_set_slot window=0 state_id=3 slot=36 item=empty
[server/mod.rs:3921][INFO] MC-COMPAT-MILESTONE inventory_probe_set_slot window=0 state_id=4 slot=37 item=empty
[server/mod.rs:3921][INFO] MC-COMPAT-MILESTONE inventory_probe_set_slot window=0 state_id=5 slot=38 item=empty
[server/mod.rs:3921][INFO] MC-COMPAT-MILESTONE inventory_probe_set_slot window=0 state_id=6 slot=39 item=empty
[server/mod.rs:3921][INFO] MC-COMPAT-MILESTONE inventory_probe_set_slot window=0 state_id=7 slot=40 item=empty
[server/mod.rs:3921][INFO] MC-COMPAT-MILESTONE inventory_probe_set_slot window=0 state_id=8 slot=41 item=empty
[server/mod.rs:3921][INFO] MC-COMPAT-MILESTONE inventory_probe_set_slot window=0 state_id=9 slot=42 item=empty
[server/mod.rs:3921][INFO] MC-COMPAT-MILESTONE inventory_probe_set_slot window=0 state_id=10 slot=43 item=empty
[server/mod.rs:3921][INFO] MC-COMPAT-MILESTONE inventory_probe_set_slot window=0 state_id=11 slot=44 item=empty
[server/mod.rs:3921][INFO] MC-COMPAT-MILESTONE inventory_probe_set_slot window=0 state_id=12 slot=9 item=empty
[server/mod.rs:3921][INFO] MC-COMPAT-MILESTONE inventory_probe_set_slot window=0 state_id=13 slot=10 item=empty
[server/mod.rs:3921][INFO] MC-COMPAT-MILESTONE inventory_probe_set_slot window=0 state_id=14 slot=11 item=empty
[server/mod.rs:3921][INFO] MC-COMPAT-MILESTONE inventory_probe_set_slot window=0 state_id=15 slot=12 item=empty
[server/mod.rs:3921][INFO] MC-COMPAT-MILESTONE inventory_probe_set_slot window=0 state_id=16 slot=13 item=empty
[server/mod.rs:3921][INFO] MC-COMPAT-MILESTONE inventory_probe_set_slot window=0 state_id=17 slot=14 item=empty
[server/mod.rs:3921][INFO] MC-COMPAT-MILESTONE inventory_probe_set_slot window=0 state_id=18 slot=15 item=empty
[server/mod.rs:3921][INFO] MC-COMPAT-MILESTONE inventory_probe_set_slot window=0 state_id=19 slot=16 item=empty
[server/mod.rs:3921][INFO] MC-COMPAT-MILESTONE inventory_probe_set_slot window=0 state_id=20 slot=17 item=empty
[server/mod.rs:3921][INFO] MC-COMPAT-MILESTONE inventory_probe_set_slot window=0 state_id=21 slot=18 item=empty
[server/mod.rs:3921][INFO] MC-COMPAT-MILESTONE inventory_probe_set_slot window=0 state_id=22 slot=19 item=empty
[server/mod.rs:3921][INFO] MC-COMPAT-MILESTONE inventory_probe_set_slot window=0 state_id=23 slot=20 item=empty
[server/mod.rs:3921][INFO] MC-COMPAT-MILESTONE inventory_probe_set_slot window=0 state_id=24 slot=21 item=empty
[server/mod.rs:3921][INFO] MC-COMPAT-MILESTONE inventory_probe_set_slot window=0 state_id=25 slot=22 item=empty
[server/mod.rs:3921][INFO] MC-COMPAT-MILESTONE inventory_probe_set_slot window=0 state_id=26 slot=23 item=empty
[server/mod.rs:3921][INFO] MC-COMPAT-MILESTONE inventory_probe_set_slot window=0 state_id=27 slot=24 item=empty
[server/mod.rs:3921][INFO] MC-COMPAT-MILESTONE inventory_probe_set_slot window=0 state_id=28 slot=25 item=empty
[server/mod.rs:3921][INFO] MC-COMPAT-MILESTONE inventory_probe_set_slot window=0 state_id=29 slot=26 item=empty
[server/mod.rs:3921][INFO] MC-COMPAT-MILESTONE inventory_probe_set_slot window=0 state_id=30 slot=27 item=empty
[server/mod.rs:3921][INFO] MC-COMPAT-MILESTONE inventory_probe_set_slot window=0 state_id=31 slot=28 item=empty
[server/mod.rs:3921][INFO] MC-COMPAT-MILESTONE inventory_probe_set_slot window=0 state_id=32 slot=29 item=empty
[server/mod.rs:3921][INFO] MC-COMPAT-MILESTONE inventory_probe_set_slot window=0 state_id=33 slot=30 item=empty
[server/mod.rs:3921][INFO] MC-COMPAT-MILESTONE inventory_probe_set_slot window=0 state_id=34 slot=31 item=empty
[server/mod.rs:3921][INFO] MC-COMPAT-MILESTONE inventory_probe_set_slot window=0 state_id=35 slot=32 item=empty
[server/mod.rs:3921][INFO] MC-COMPAT-MILESTONE inventory_probe_set_slot window=0 state_id=36 slot=33 item=empty
[server/mod.rs:3921][INFO] MC-COMPAT-MILESTONE inventory_probe_set_slot window=0 state_id=37 slot=34 item=empty
[server/mod.rs:3921][INFO] MC-COMPAT-MILESTONE inventory_probe_set_slot window=0 state_id=38 slot=35 item=empty
[server/mod.rs:3921][INFO] MC-COMPAT-MILESTONE inventory_probe_set_slot window=0 state_id=39 slot=8 item=empty
[server/mod.rs:3921][INFO] MC-COMPAT-MILESTONE inventory_probe_set_slot window=0 state_id=40 slot=7 item=empty
[server/mod.rs:3921][INFO] MC-COMPAT-MILESTONE inventory_probe_set_slot window=0 state_id=41 slot=6 item=empty
[server/mod.rs:3921][INFO] MC-COMPAT-MILESTONE inventory_probe_set_slot window=0 state_id=42 slot=5 item=empty
[server/mod.rs:3921][INFO] MC-COMPAT-MILESTONE inventory_probe_set_slot window=0 state_id=43 slot=45 item=empty
[server/mod.rs:3921][INFO] MC-COMPAT-MILESTONE inventory_probe_set_slot window=255 state_id=44 slot=-1 item=id=769 count=1
[server/mod.rs:3179][INFO] MC-COMPAT-MILESTONE update_health health=20.0 food=20 saturation=5.0
[server/mod.rs:4615][INFO] MC-COMPAT-MILESTONE first_chunk_data chunk_x=0 chunk_z=0
[model/mod.rs:226][ERROR] Error missing block state for minecraft:stripped_spruce_log_wood
[model/mod.rs:196][ERROR] Error loading model minecraft:stripped_spruce_log_wood
[model/mod.rs:226][ERROR] Error missing block state for minecraft:jungle_wood
[model/mod.rs:196][ERROR] Error loading model minecraft:jungle_wood
[model/mod.rs:226][ERROR] Error missing block state for minecraft:dark_oak_wood
[model/mod.rs:196][ERROR] Error loading model minecraft:dark_oak_wood
[model/mod.rs:226][ERROR] Error missing block state for minecraft:stripped_birch_log_wood
[model/mod.rs:196][ERROR] Error loading model minecraft:stripped_birch_log_wood
[model/mod.rs:226][ERROR] Error missing block state for minecraft:stripped_acacia_log_wood
[model/mod.rs:196][ERROR] Error loading model minecraft:stripped_acacia_log_wood
[model/mod.rs:226][ERROR] Error missing block state for minecraft:spruce_wood
[model/mod.rs:196][ERROR] Error loading model minecraft:spruce_wood
[model/mod.rs:226][ERROR] Error missing block state for minecraft:acacia_wood
[model/mod.rs:196][ERROR] Error loading model minecraft:acacia_wood
[server/mod.rs:3405][INFO] MC-COMPAT-MILESTONE survival_furnace_move_near_furnace x=12.5 y=65.0 z=0.5 position=12,64,0
[server/mod.rs:3421][INFO] MC-COMPAT-MILESTONE survival_furnace_open_request_sent hand=main position=12,64,0 face=up sequence=709
[server/mod.rs:3921][INFO] MC-COMPAT-MILESTONE inventory_probe_set_slot window=0 state_id=45 slot=36 item=id=15 count=1
[server/mod.rs:3988][INFO] MC-COMPAT-MILESTONE inventory_probe_slot36_nonempty count=1 item_id=15
[server/mod.rs:3804][INFO] MC-COMPAT-MILESTONE inventory_probe_window_items window=0 state_id=46 slots=46 slot36=id=15 count=1 slot37=empty carried=id=769 count=1
[server/mod.rs:3921][INFO] MC-COMPAT-MILESTONE inventory_probe_set_slot window=0 state_id=47 slot=45 item=empty
[server/mod.rs:3728][INFO] MC-COMPAT-MILESTONE survival_furnace_open_seen window=1 position=12,64,0
[server/mod.rs:3804][INFO] MC-COMPAT-MILESTONE inventory_probe_window_items window=1 state_id=1 slots=39 slot36=empty slot37=empty carried=empty
[server/mod.rs:3921][INFO] MC-COMPAT-MILESTONE inventory_probe_set_slot window=0 state_id=48 slot=45 item=empty
[server/mod.rs:3454][INFO] MC-COMPAT-MILESTONE survival_furnace_input_sent window=1 slot=0 item=RawIron count=1
[server/mod.rs:3474][INFO] MC-COMPAT-MILESTONE survival_furnace_fuel_sent window=1 slot=1 item=Coal count=1
[server/mod.rs:3921][INFO] MC-COMPAT-MILESTONE inventory_probe_set_slot window=1 state_id=2 slot=0 item=empty
[server/mod.rs:3804][INFO] MC-COMPAT-MILESTONE inventory_probe_window_items window=1 state_id=3 slots=39 slot36=empty slot37=empty carried=empty
[server/mod.rs:3921][INFO] MC-COMPAT-MILESTONE inventory_probe_set_slot window=0 state_id=49 slot=45 item=empty
[server/mod.rs:3921][INFO] MC-COMPAT-MILESTONE inventory_probe_set_slot window=1 state_id=4 slot=0 item=id=769 count=1
[server/mod.rs:3921][INFO] MC-COMPAT-MILESTONE inventory_probe_set_slot window=1 state_id=5 slot=1 item=id=762 count=1
[server/mod.rs:3921][INFO] MC-COMPAT-MILESTONE inventory_probe_set_slot window=1 state_id=6 slot=2 item=id=770 count=1
[server/mod.rs:3570][INFO] MC-COMPAT-MILESTONE survival_furnace_burn_progress_seen window=1 progress=started
[server/mod.rs:3576][INFO] MC-COMPAT-MILESTONE survival_furnace_output_seen window=1 slot=2 item=IronIngot count=1
[server/mod.rs:3494][INFO] MC-COMPAT-MILESTONE survival_furnace_output_collected window=1 slot=2 item=IronIngot count=1
[server/mod.rs:3509][INFO] MC-COMPAT-MILESTONE survival_furnace_close_sent window=1
[server/mod.rs:3518][INFO] MC-COMPAT-MILESTONE survival_furnace_reconnect_sent session=1
[server/mod.rs:3921][INFO] MC-COMPAT-MILESTONE inventory_probe_set_slot window=1 state_id=7 slot=1 item=empty
[server/mod.rs:3804][INFO] MC-COMPAT-MILESTONE inventory_probe_window_items window=1 state_id=8 slots=39 slot36=empty slot37=empty carried=id=770 count=1
[server/mod.rs:3921][INFO] MC-COMPAT-MILESTONE inventory_probe_set_slot window=0 state_id=50 slot=45 item=empty
[server/mod.rs:3921][INFO] MC-COMPAT-MILESTONE inventory_probe_set_slot window=254 state_id=0 slot=1 item=id=770 count=1
[server/mod.rs:3921][INFO] MC-COMPAT-MILESTONE inventory_probe_set_slot window=0 state_id=51 slot=36 item=id=770 count=1
[server/mod.rs:3603][INFO] MC-COMPAT-MILESTONE survival_furnace_inventory_updated slot=36 item=IronIngot count=1
[server/mod.rs:3804][INFO] MC-COMPAT-MILESTONE inventory_probe_window_items window=0 state_id=52 slots=46 slot36=id=770 count=1 slot37=id=770 count=1 carried=id=769 count=1
[server/mod.rs:3921][INFO] MC-COMPAT-MILESTONE inventory_probe_set_slot window=0 state_id=53 slot=45 item=empty
[server/mod.rs:4467][INFO] Received chat message: unhandled: chat.type.advancement.task
