# survival hunger-food typed-event Cairn baseline
command=nix run --no-update-lock-file .#cairn -- validate --root .
{
  "change_issues": [],
  "changes": 1,
  "issues": [],
  "layout": "cairn",
  "policy": "cairn-default",
  "spec_issues": [],
  "specs_validated": 5,
  "valid": true
}
command_exit_status=0
command=nix run --no-update-lock-file .#cairn -- gate proposal survival-hunger-food-typed-event-migration --root .
{
  "change": "survival-hunger-food-typed-event-migration",
  "evidence_summary": {
    "docs_only": 0,
    "fixture": 0,
    "formal": 0,
    "mode": "advisory",
    "model": 0,
    "probe": 0,
    "property": 0
  },
  "input_hash": "36479b24e312b233165f701d3becf14377902ef1e31129a16c2b3812c7ddc818",
  "issues": [],
  "layout": "cairn",
  "policy": "cairn-default",
  "policy_hash": "a210ed841d260e0bf026f3c67ec810216b6409cfe6036f9132b51cc4e3176618",
  "receipt_hash": "32d6ed97bda89174603d42757b0d319d97f28606e67bf10a693dd94dc78f0cd4",
  "stage": "proposal",
  "valid": true,
  "verdict": "PASS"
}
command_exit_status=0
command=nix run --no-update-lock-file .#cairn -- gate design survival-hunger-food-typed-event-migration --root .
{
  "change": "survival-hunger-food-typed-event-migration",
  "evidence_summary": {
    "docs_only": 0,
    "fixture": 0,
    "formal": 0,
    "mode": "advisory",
    "model": 0,
    "probe": 0,
    "property": 0
  },
  "input_hash": "e05c0ab9c0b8b9bc510766d29cc3da4d325b42afb23febf904b5a891bfc2863c",
  "issues": [],
  "layout": "cairn",
  "policy": "cairn-default",
  "policy_hash": "a210ed841d260e0bf026f3c67ec810216b6409cfe6036f9132b51cc4e3176618",
  "receipt_hash": "19f20057fd38e09ba4fbac658a0fc9580049a216547164768fae6d4c12e5cdea",
  "stage": "design",
  "valid": true,
  "verdict": "PASS"
}
command_exit_status=0
command=nix run --no-update-lock-file .#cairn -- gate tasks survival-hunger-food-typed-event-migration --root .
{
  "change": "survival-hunger-food-typed-event-migration",
  "evidence_summary": {
    "docs_only": 0,
    "fixture": 0,
    "formal": 0,
    "mode": "advisory",
    "model": 0,
    "probe": 0,
    "property": 0
  },
  "input_hash": "dff28c6a9c636cd1492126324c4b988f355d54386c27275b0c926237ee8125d5",
  "issues": [],
  "layout": "cairn",
  "policy": "cairn-default",
  "policy_hash": "a210ed841d260e0bf026f3c67ec810216b6409cfe6036f9132b51cc4e3176618",
  "receipt_hash": "83c6390b334988b89a332a94f7f8001e0626a3e5ed2fe690b8d3b35a4efd907e",
  "stage": "tasks",
  "valid": true,
  "verdict": "PASS"
}
command_exit_status=0
exit_status=0
