
## survival_row_checker
command=nix develop --no-update-lock-file . -c bash -lc rustc\ --edition=2021\ tools/check_survival_row_parity.rs\ -o\ target/check-survival-row-parity\ \&\&\ target/check-survival-row-parity\ --self-test
cannot build on 'ssh-ng://root@10.10.10.1': error: failed to start SSH connection to '10.10.10.1'
building '/nix/store/6jp1ac1yl9xkpjdqdpzamqfa9nx91f7f-mc-compat-runner-0.1.0.drv'...
building '/nix/store/rn3a03vaxw7s74a0iyrr8yb5vb88gply-nix-shell-env.drv'...
mc compat shell: use 'mc-compat-runner --dry-run' or 'nix run .#mc-compat-smoke -- --run'
Stevenarella dev env: cargo/rustc/xvfb-run/OpenSSL/fontconfig/freetype/libxcb paths are available
OnixResearch tools are pinned over SSH: cairn, cargo-octet
survival row parity self-test ok: 7 row contracts exercised
survival_row_checker_exit_status=0

## runner_crash_test
command=nix develop --no-update-lock-file . -c cargo test --manifest-path tools/mc-compat-runner/Cargo.toml survival_crash_recovery_scenario_tracks_derived_client_and_server_evidence -- --nocapture
mc compat shell: use 'mc-compat-runner --dry-run' or 'nix run .#mc-compat-smoke -- --run'
Stevenarella dev env: cargo/rustc/xvfb-run/OpenSSL/fontconfig/freetype/libxcb paths are available
OnixResearch tools are pinned over SSH: cairn, cargo-octet
   Compiling mc-compat-runner v0.1.0 (/home/brittonr/git/mc/tools/mc-compat-runner)
    Finished `test` profile [unoptimized + debuginfo] target(s) in 1.54s
     Running unittests src/main.rs (/home/brittonr/.cargo-target/debug/deps/mc_compat_runner-3e287b8ac8843fbc)

running 1 test
test tests::survival_crash_recovery_scenario_tracks_derived_client_and_server_evidence ... ok

test result: ok. 1 passed; 0 failed; 0 ignored; 0 measured; 99 filtered out; finished in 0.00s

runner_crash_test_exit_status=0

## runner_world_regression
command=nix develop --no-update-lock-file . -c cargo test --manifest-path tools/mc-compat-runner/Cargo.toml survival_world_persistence_scenario_tracks_client_and_server_evidence -- --nocapture
mc compat shell: use 'mc-compat-runner --dry-run' or 'nix run .#mc-compat-smoke -- --run'
Stevenarella dev env: cargo/rustc/xvfb-run/OpenSSL/fontconfig/freetype/libxcb paths are available
OnixResearch tools are pinned over SSH: cairn, cargo-octet
    Finished `test` profile [unoptimized + debuginfo] target(s) in 0.04s
     Running unittests src/main.rs (/home/brittonr/.cargo-target/debug/deps/mc_compat_runner-3e287b8ac8843fbc)

running 1 test
test tests::survival_world_persistence_scenario_tracks_client_and_server_evidence ... ok

test result: ok. 1 passed; 0 failed; 0 ignored; 0 measured; 99 filtered out; finished in 0.00s

runner_world_regression_exit_status=0
exit_status=0
