## row_checker_self_test
command=nix develop --no-update-lock-file -c rustc tools/check_survival_row_parity.rs -o target/check_survival_row_parity && target/check_survival_row_parity --self-test
mc compat shell: use 'mc-compat-runner --dry-run' or 'nix run .#mc-compat-smoke -- --run'
Stevenarella dev env: cargo/rustc/xvfb-run/OpenSSL/fontconfig/freetype/libxcb paths are available
OnixResearch tools are pinned over SSH: cairn, cargo-octet
row_checker_compile_exit_status=0
survival row parity self-test ok: 8 row contracts exercised
row_checker_self_test_exit_status=0

## runner_tests
command=nix develop --no-update-lock-file /home/brittonr/git/mc -c cargo test survival_block_entity_persistence_scenario_tracks_client_and_server_evidence
/home/brittonr/git/mc/tools/mc-compat-runner
mc compat shell: use 'mc-compat-runner --dry-run' or 'nix run .#mc-compat-smoke -- --run'
Stevenarella dev env: cargo/rustc/xvfb-run/OpenSSL/fontconfig/freetype/libxcb paths are available
OnixResearch tools are pinned over SSH: cairn, cargo-octet
    Finished `test` profile [unoptimized + debuginfo] target(s) in 0.05s
     Running unittests src/main.rs (/home/brittonr/.cargo-target/debug/deps/mc_compat_runner-3e287b8ac8843fbc)

running 1 test
test tests::survival_block_entity_persistence_scenario_tracks_client_and_server_evidence ... ok

test result: ok. 1 passed; 0 failed; 0 ignored; 0 measured; 100 filtered out; finished in 0.00s

runner_tests_exit_status=0

## stevenarella_client_tests
command=nix develop --no-update-lock-file /home/brittonr/git/mc -c cargo test server::tests::survival_block_entity -- --nocapture
/home/brittonr/git/mc/stevenarella
mc compat shell: use 'mc-compat-runner --dry-run' or 'nix run .#mc-compat-smoke -- --run'
Stevenarella dev env: cargo/rustc/xvfb-run/OpenSSL/fontconfig/freetype/libxcb paths are available
OnixResearch tools are pinned over SSH: cairn, cargo-octet
warning: `/home/brittonr/git/mc/stevenarella/.cargo/config` is deprecated in favor of `config.toml`
  |
  = help: if you need to support cargo 1.38 or earlier, you can symlink `config` to `config.toml`
warning: file `/home/brittonr/git/mc/stevenarella/src/main.rs` found to be present in multiple build targets:
  * `lib` target `stevenarella`
  * `bin` target `stevenarella`
warning: unnecessary parentheses around closure body
    --> blocks/src/lib.rs:1052:36
     |
1052 |         offsets |protocol_version| (instrument.offsets(protocol_version)
     |                                    ^
1053 |             .map(|offset| offset * (25 * 2) + ((note as usize) << 1) + if powered { 0 } else { 1 })),
     |                                                                                                    ^
     |
     = note: `#[warn(unused_parens)]` (part of `#[warn(unused)]`) on by default
help: remove these parentheses
     |
1052 ~         offsets |protocol_version| instrument.offsets(protocol_version)
1053 ~             .map(|offset| offset * (25 * 2) + ((note as usize) << 1) + if powered { 0 } else { 1 }),
     |

warning: unnecessary parentheses around closure body
    --> blocks/src/lib.rs:1407:36
     |
1407 |         offsets |protocol_version| (variant.offsets(protocol_version)),
     |                                    ^                                 ^
     |
help: remove these parentheses
     |
1407 -         offsets |protocol_version| (variant.offsets(protocol_version)),
1407 +         offsets |protocol_version| variant.offsets(protocol_version),
     |

warning: `steven_blocks` (lib) generated 2 warnings (run `cargo fix --lib -p steven_blocks` to apply 2 suggestions)
warning: constant `SURVIVAL_BLOCK_ENTITY_TEXT_PAYLOAD` is never used
   --> src/server/mod.rs:269:7
    |
269 | const SURVIVAL_BLOCK_ENTITY_TEXT_PAYLOAD: &str = "MC|Compat|Sign|Persist";
    |       ^^^^^^^^^^^^^^^^^^^^^^^^^^^^^^^^^^
    |
    = note: `#[warn(dead_code)]` (part of `#[warn(unused)]`) on by default

warning: function `survival_block_entity_expected_lines` is never used
   --> src/server/mod.rs:490:4
    |
490 | fn survival_block_entity_expected_lines() -> [String; SIGN_LINE_COUNT] {
    |    ^^^^^^^^^^^^^^^^^^^^^^^^^^^^^^^^^^^^

warning: hiding a lifetime that's elided elsewhere is confusing
   --> src/console/mod.rs:181:32
    |
181 |     pub fn get<T: Sized + Any>(&self, var: CVar<T>) -> Ref<T>
    |                                ^^^^^                   ^^^^^^ the same lifetime is hidden here
    |                                |
    |                                the lifetime is elided here
    |
    = help: the same lifetime is referred to in inconsistent ways, making the signature confusing
    = note: `#[warn(mismatched_lifetime_syntaxes)]` on by default
help: use `'_` for type paths
    |
181 |     pub fn get<T: Sized + Any>(&self, var: CVar<T>) -> Ref<'_, T>
    |                                                            +++

warning: hiding a lifetime that's elided elsewhere is confusing
   --> src/ui/mod.rs:102:21
    |
102 |               fn draw(&self, renderer: &mut render::Renderer, r: &Region, sw: f64, sh: f64, width: f64, height: f64, delta: f64) -> RefMut<[u8]> {
    |                       ^^^^^ the lifetime is elided here                                                                             ^^^^^^^^^^^^ the same lifetime is hidden here
...
252 | / define_elements! {
253 | |     Image,
254 | |     Batch,
255 | |     Text,
...   |
258 | |     TextBox,
259 | | }
    | |_- in this macro invocation
    |
    = help: the same lifetime is referred to in inconsistent ways, making the signature confusing
    = note: this warning originates in the macro `define_elements` (in Nightly builds, run with -Z macro-backtrace for more info)
help: use `'_` for type paths
    |
102 |             fn draw(&self, renderer: &mut render::Renderer, r: &Region, sw: f64, sh: f64, width: f64, height: f64, delta: f64) -> RefMut<'_, [u8]> {
    |                                                                                                                                          +++

warning: `stevenarella` (lib) generated 4 warnings (run `cargo fix --lib -p stevenarella` to apply 2 suggestions)
warning: `stevenarella` (lib test) generated 2 warnings (2 duplicates)
warning: `stevenarella` (bin "stevenarella" test) generated 2 warnings (2 duplicates)
    Finished `test` profile [optimized + debuginfo] target(s) in 0.22s
     Running unittests src/main.rs (/home/brittonr/.cargo-target/debug/deps/stevenarella-74a8925fb38c5fbd)

running 2 tests
test server::tests::survival_block_entity_position_match_rejects_wrong_target ... ok
test server::tests::survival_block_entity_sign_lines_match_contract_payload ... ok

test result: ok. 2 passed; 0 failed; 0 ignored; 0 measured; 132 filtered out; finished in 0.00s

     Running unittests src/main.rs (/home/brittonr/.cargo-target/debug/deps/stevenarella-4dc39b26672098bf)

running 2 tests
test server::tests::survival_block_entity_position_match_rejects_wrong_target ... ok
test server::tests::survival_block_entity_sign_lines_match_contract_payload ... ok

test result: ok. 2 passed; 0 failed; 0 ignored; 0 measured; 132 filtered out; finished in 0.00s

stevenarella_client_tests_exit_status=0

## valence_fixture_tests
command=nix develop --no-update-lock-file /home/brittonr/git/mc -c cargo test --example survival_compat survival_block_entity -- --nocapture
/home/brittonr/git/mc/valence
mc compat shell: use 'mc-compat-runner --dry-run' or 'nix run .#mc-compat-smoke -- --run'
Stevenarella dev env: cargo/rustc/xvfb-run/OpenSSL/fontconfig/freetype/libxcb paths are available
OnixResearch tools are pinned over SSH: cairn, cargo-octet
warning: unknown lint: `path_segment_repetition`
  --> crates/valence_text/src/color/mod.rs:12:9
   |
12 | #[allow(path_segment_repetition)]
   |         ^^^^^^^^^^^^^^^^^^^^^^^
   |
   = note: `#[warn(unknown_lints)]` on by default

warning: unknown lint: `path_segment_repetition`
  --> crates/valence_text/src/color/mod.rs:28:9
   |
28 | #[allow(path_segment_repetition)]
   |         ^^^^^^^^^^^^^^^^^^^^^^^

warning: unknown lint: `path_segment_repetition`
  --> crates/valence_text/src/color/mod.rs:41:9
   |
41 | #[allow(path_segment_repetition)]
   |         ^^^^^^^^^^^^^^^^^^^^^^^

warning: unknown lint: `path_segment_repetition`
  --> crates/valence_text/src/color/mod.rs:81:9
   |
81 | #[allow(path_segment_repetition)]
   |         ^^^^^^^^^^^^^^^^^^^^^^^

warning: unknown lint: `deref_polymorphism`
 --> crates/valence_text/src/ops.rs:2:9
  |
2 | #[allow(deref_polymorphism)]
  |         ^^^^^^^^^^^^^^^^^^

warning: `valence_text` (lib) generated 5 warnings
warning: unknown lint: `path_segment_repetition`
 --> crates/valence_inventory/src/slots.rs:4:9
  |
4 | #[allow(path_segment_repetition)]
  |         ^^^^^^^^^^^^^^^^^^^^^^^
  |
  = note: `#[warn(unknown_lints)]` on by default

warning: `valence_inventory` (lib) generated 1 warning
    Finished `test` profile [optimized + debuginfo] target(s) in 0.24s
     Running unittests examples/survival_compat.rs (/home/brittonr/.cargo-target/debug/examples/survival_compat-fc8aeafe148fae07)

running 2 tests
test tests::survival_block_entity_fixture_places_initial_or_persisted_sign_only ... ok
test tests::survival_block_entity_payload_uses_contract_lines ... ok

test result: ok. 2 passed; 0 failed; 0 ignored; 0 measured; 20 filtered out; finished in 0.00s

valence_fixture_tests_exit_status=0
exit_status=0
