# survival redstone-toggle typed-event pre-closeout Cairn gates
command=nix run --no-update-lock-file .#cairn -- gate proposal survival-redstone-toggle-typed-event-migration --root .
{
  "change": "survival-redstone-toggle-typed-event-migration",
  "evidence_summary": {
    "docs_only": 0,
    "fixture": 0,
    "formal": 0,
    "mode": "advisory",
    "model": 0,
    "probe": 0,
    "property": 0
  },
  "input_hash": "6218f9467103ced5190db9b667e205409df33db38bddd9287c177e425535d061",
  "issues": [],
  "layout": "cairn",
  "policy": "cairn-default",
  "policy_hash": "a210ed841d260e0bf026f3c67ec810216b6409cfe6036f9132b51cc4e3176618",
  "receipt_hash": "7404a9164c3c7d134935fc8080f205fb46cb4a9d5332e67123361b7cefd0aa49",
  "stage": "proposal",
  "valid": true,
  "verdict": "PASS"
}
cairn_gate_proposal_exit_status=0
command=nix run --no-update-lock-file .#cairn -- gate design survival-redstone-toggle-typed-event-migration --root .
{
  "change": "survival-redstone-toggle-typed-event-migration",
  "evidence_summary": {
    "docs_only": 0,
    "fixture": 0,
    "formal": 0,
    "mode": "advisory",
    "model": 0,
    "probe": 0,
    "property": 0
  },
  "input_hash": "5c16112b081a85286f975e5ad7f5da8c5f3a973749210079939dd10d1659e3a5",
  "issues": [],
  "layout": "cairn",
  "policy": "cairn-default",
  "policy_hash": "a210ed841d260e0bf026f3c67ec810216b6409cfe6036f9132b51cc4e3176618",
  "receipt_hash": "3e752d0e8ff35362e6feb0954a2a91881378d739bc289ba111f86cc206b35e42",
  "stage": "design",
  "valid": true,
  "verdict": "PASS"
}
cairn_gate_design_exit_status=0
command=nix run --no-update-lock-file .#cairn -- gate tasks survival-redstone-toggle-typed-event-migration --root .
{
  "change": "survival-redstone-toggle-typed-event-migration",
  "evidence_summary": {
    "docs_only": 0,
    "fixture": 0,
    "formal": 0,
    "mode": "advisory",
    "model": 0,
    "probe": 0,
    "property": 0
  },
  "input_hash": "657e989b1b083a3752dc7afb6a1c04020c93be372c083206d89d8a7085457fb5",
  "issues": [],
  "layout": "cairn",
  "policy": "cairn-default",
  "policy_hash": "a210ed841d260e0bf026f3c67ec810216b6409cfe6036f9132b51cc4e3176618",
  "receipt_hash": "5c9ea40ed7eb7e69ea85e6a0860c98d5b6f725279dab20c880e9633a51544b96",
  "stage": "tasks",
  "valid": true,
  "verdict": "PASS"
}
cairn_gate_tasks_exit_status=0
command=nix run --no-update-lock-file .#cairn -- validate --root .
{
  "change_issues": [],
  "changes": 1,
  "issues": [],
  "layout": "cairn",
  "policy": "cairn-default",
  "spec_issues": [],
  "specs_validated": 5,
  "valid": true
}
cairn_validate_exit_status=0
exit_status=0
