[init] Running as uid=1000 gid=1000 with /data as 'drwxr-xr-x 2 1000 1000 4096 May 27 12:37 /data'
[init] Image info: buildtime=2026-05-31T14:45:05.064Z,version=java17,revision=a4719f2ba6f5cbcde07fc90ec4b6c42533aba5ad
[init] Resolving type given PAPER
[39m[mc-image-helper] 15:14:37.403 INFO  : Downloaded /data/paper-1.20.1-196.jar
[0;39m[init] Copying any plugins from /plugins to /data/plugins
[39m[mc-image-helper] 15:14:38.418 INFO  : Copying /plugins/mc-compat-paper-survival-hunger-food-fixture-2026-06-02.jar -> /data/plugins/mc-compat-paper-survival-hunger-food-fixture-2026-06-02.jar
[0;39m[init] Copying any configs from /config to /data/config
[init] Creating server properties in /data/server.properties
[init] Disabling whitelist functionality
[39m[mc-image-helper] 15:14:39.145 INFO  : Created/updated 7 properties in /data/server.properties
[0;39m[39m[mc-image-helper] 15:14:40.036 INFO  : Downloaded /data/config/paper-global.yml from https://raw.githubusercontent.com/Shonz1/minecraft-default-configs/main/1.20.1/paper-global.yml
[0;39m[39m[mc-image-helper] 15:14:40.071 INFO  : Downloaded /data/config/paper-world-defaults.yml from https://raw.githubusercontent.com/Shonz1/minecraft-default-configs/main/1.20.1/paper-world-defaults.yml
[0;39m[39m[mc-image-helper] 15:14:41.253 INFO  : Downloaded /data/spigot.yml from https://raw.githubusercontent.com/Shonz1/minecraft-default-configs/main/1.20.1/spigot.yml
[0;39m[39m[mc-image-helper] 15:14:41.269 INFO  : Downloaded /data/bukkit.yml from https://raw.githubusercontent.com/Shonz1/minecraft-default-configs/main/1.20.1/bukkit.yml
[0;39m[init] Setting initial memory to 1G and max to 1G
[init] Starting the Minecraft server...
Downloading mojang_1.20.1.jar
Applying patches
Starting org.bukkit.craftbukkit.Main
*** Warning, you've not updated in a while! ***
*** Please download a new build as per instructions from https://papermc.io/downloads/paper ***
System Info: Java 17 (OpenJDK 64-Bit Server VM 17.0.15+6) Host: Linux 6.18.30 (amd64)
Loading libraries, please wait...
2026-06-02 15:14:43,794 ServerMain WARN Advanced terminal features are not available in this environment
[15:14:45 INFO]: Environment: authHost='https://authserver.mojang.com', accountsHost='https://api.mojang.com', sessionHost='https://sessionserver.mojang.com', servicesHost='https://api.minecraftservices.com', name='PROD'
[15:14:45 INFO]: Found new data pack file/bukkit, loading it automatically
[15:14:46 INFO]: Loaded 7 recipes
[15:14:46 INFO]: Starting minecraft server version 1.20.1
[15:14:46 INFO]: Loading properties
[15:14:46 INFO]: This server is running Paper version git-Paper-196 (MC: 1.20.1) (Implementing API version 1.20.1-R0.1-SNAPSHOT) (Git: 773dd72)
[15:14:46 INFO]: Server Ping Player Sample Count: 12
[15:14:46 INFO]: Using 4 threads for Netty based IO
[15:14:46 WARN]: [!] The timings profiler has been enabled but has been scheduled for removal from Paper in the future.
    We recommend installing the spark profiler as a replacement: https://spark.lucko.me/
    For more information please visit: https://github.com/PaperMC/Paper/issues/8948
[15:14:46 INFO]: [ChunkTaskScheduler] Chunk system is using 1 I/O threads, 8 worker threads, and gen parallelism of 8 threads
[15:14:47 INFO]: Default game type: SURVIVAL
[15:14:47 INFO]: Generating keypair
[15:14:47 INFO]: Starting Minecraft server on *:25565
[15:14:47 INFO]: Using epoll channel type
[15:14:47 INFO]: Paper: Using libdeflate (Linux x86_64) compression from Velocity.
[15:14:47 INFO]: Paper: Using OpenSSL 1.1.x (Linux x86_64) cipher from Velocity.
[15:14:47 INFO]: [McCompatSurvivalFixture] Loading server plugin McCompatSurvivalFixture v0.1.0
[15:14:47 WARN]: **** SERVER IS RUNNING IN OFFLINE/INSECURE MODE!
[15:14:47 WARN]: The server will make no attempt to authenticate usernames. Beware.
[15:14:47 WARN]: While this makes the game possible to play without internet access, it also opens up the ability for hackers to connect with any username they choose.
[15:14:47 WARN]: To change this, set "online-mode" to "true" in the server.properties file.
[15:14:47 INFO]: Preparing level "world"
[15:14:48 INFO]: Preparing start region for dimension minecraft:overworld
[15:14:49 INFO]: Time elapsed: 63 ms
[15:14:49 INFO]: Preparing start region for dimension minecraft:the_nether
[15:14:49 INFO]: Time elapsed: 38 ms
[15:14:49 INFO]: Preparing start region for dimension minecraft:the_end
[15:14:49 INFO]: Time elapsed: 30 ms
[15:14:49 INFO]: [McCompatSurvivalFixture] Enabling McCompatSurvivalFixture v0.1.0
[15:14:49 INFO]: [McCompatSurvivalFixture] MC-COMPAT-MILESTONE survival_fixture_enabled
[15:14:49 INFO]: Starting remote control listener
[15:14:49 INFO]: Thread RCON Listener started
[15:14:49 INFO]: RCON running on 0.0.0.0:25575
[15:14:49 INFO]: Running delayed init tasks
[15:14:49 INFO]: Done (2.560s)! For help, type "help"
[15:14:49 INFO]: Timings Reset
[15:14:53 INFO]: UUID of player compatbot is 44fbb854-bbe7-3711-88fe-c85ab1543ed5
[15:14:53 INFO]: compatbot joined the game
[15:14:53 INFO]: compatbot[/172.30.0.1:34218] logged in with entity id 388 at ([world]-6.5, 91.0, 7.5)
[15:14:53 INFO]: [McCompatSurvivalFixture] MC-COMPAT-MILESTONE survival_hunger_food_pre username=compatbot health=20.0 food=15 saturation=0.0 item=Bread count=1 slot=36
[15:14:53 INFO]: [McCompatSurvivalFixture] MC-COMPAT-MILESTONE survival_join username=compatbot gamemode=Survival target=0,64,1
[15:14:55 INFO]: [McCompatSurvivalFixture] MC-COMPAT-MILESTONE survival_block_break username=compatbot item=Dirt at=0,64,1
[15:14:56 INFO]: [McCompatSurvivalFixture] MC-COMPAT-MILESTONE survival_hunger_food_consume_start username=compatbot item=Bread slot=36 food_before=15 saturation_before=0.0
[15:14:56 INFO]: [McCompatSurvivalFixture] MC-COMPAT-MILESTONE survival_hunger_food_consume_finish username=compatbot item=Bread slot=36 food_after=20 saturation_after=6.0
[15:14:56 INFO]: [McCompatSurvivalFixture] MC-COMPAT-MILESTONE survival_hunger_food_inventory username=compatbot slot=36 item=Bread count_before=1 count_after=0
[15:14:56 INFO]: [McCompatSurvivalFixture] MC-COMPAT-MILESTONE survival_hunger_food_state username=compatbot health=20.0 food_before=15 food_after=20 saturation_before=0.0 saturation_after=6.0 unexpected_damage=false death=false
[15:14:56 INFO]: [McCompatSurvivalFixture] MC-COMPAT-MILESTONE survival_pickup_item username=compatbot slot=36 item=Dirt count=1
[15:14:58 INFO]: [McCompatSurvivalFixture] MC-COMPAT-MILESTONE survival_block_place username=compatbot item=Dirt from_slot=36 at=0,65,1
[15:15:34 INFO]: compatbot lost connection: Disconnected
[15:15:34 INFO]: compatbot left the game
