[main.rs:1173][INFO] Starting steven
[platform_impl/linux/x11/util/randr.rs:23][WARN] XRandR reported that the display's 0mm in size, which is certifiably insane
[platform_impl/linux/x11/window.rs:147][INFO] Guessed window scale factor: 1
[main.rs:1309][INFO] Shader version: #version 150
[main.rs:316][INFO] Detected server protocol version 763
[server/mod.rs:1081][INFO] MC-COMPAT-MILESTONE connect_start protocol=763 address=127.0.0.1:25566
[server/mod.rs:1086][INFO] MC-COMPAT-MILESTONE tcp_connected
[server/mod.rs:1103][INFO] MC-COMPAT-MILESTONE handshake_sent next=login
[server/mod.rs:1117][INFO] MC-COMPAT-MILESTONE login_start_sent
[server/mod.rs:1124][INFO] MC-COMPAT-MILESTONE login_compression threshold=256
[server/mod.rs:1185][WARN] Server is running in offline mode
[server/mod.rs:1186][INFO] MC-COMPAT-MILESTONE login_success state=play protocol=763 username=compatbot properties=0
[server/mod.rs:3387][INFO] MC-COMPAT-MILESTONE join_game_763_shape dimension_type=minecraft:overworld world=minecraft:overworld portal_cooldown=0
[world/mod.rs:1123][INFO] Dimension bounds: min_y=-64 height=384
[server/mod.rs:3472][INFO] MC-COMPAT-MILESTONE join_game entity_id=439 gamemode=Survival
[server/mod.rs:6719][INFO] Received chat message: unhandled: multiplayer.player.joined
[server/mod.rs:1870][INFO] MC-COMPAT-MILESTONE render_tick_with_player
[server/mod.rs:4020][INFO] MC-COMPAT-MILESTONE update_health health=20.0 food=20 saturation=5.0
[server/mod.rs:6900][INFO] MC-COMPAT-MILESTONE first_chunk_data chunk_x=0 chunk_z=0
[model/mod.rs:398][ERROR] Error missing block state for minecraft:noteblock
[model/mod.rs:368][ERROR] Error loading model minecraft:noteblock
[model/mod.rs:398][ERROR] Error missing block state for minecraft:stripped_birch_log_wood
[model/mod.rs:368][ERROR] Error loading model minecraft:stripped_birch_log_wood
[model/mod.rs:398][ERROR] Error missing block state for minecraft:stripped_acacia_log_wood
[model/mod.rs:368][ERROR] Error loading model minecraft:stripped_acacia_log_wood
[model/mod.rs:398][ERROR] Error missing block state for minecraft:stripped_spruce_log_wood
[model/mod.rs:368][ERROR] Error loading model minecraft:stripped_spruce_log_wood
[server/mod.rs:5171][INFO] MC-COMPAT-MILESTONE survival_sign_editing_open_seen position=28,64,0 side=front milestone=sign_editor_open_observed
[server/mod.rs:5172][INFO] MC-COMPAT-MILESTONE survival_sign_editing_update_sent position=28,64,0 side=front payload=MC|Compat|Sign|Edit milestone=sign_update_sent
[server/mod.rs:5173][INFO] MC-COMPAT-MILESTONE survival_sign_editing_post_update_seen position=28,64,0 side=front text=MC|Compat|Sign|Edit observation=text_visible
[model/mod.rs:398][ERROR] Error missing block state for minecraft:trapdoor
[model/mod.rs:368][ERROR] Error loading model minecraft:trapdoor
