## furnace persistence dry-run flake baseline
these 2 derivations will be built:
  /nix/store/828sj15q44yck67fbh5i43w8j85jp8nq-mc-compat-valence-survival-furnace-persistence.drv
  /nix/store/smarxs1fvvhmxak6lhcw5rh76221q2wi-mc-compat-valence-survival-furnace-persistence-dry-run.drv
cannot build on 'ssh-ng://root@10.10.10.1': error: failed to start SSH connection to '10.10.10.1'
building '/nix/store/828sj15q44yck67fbh5i43w8j85jp8nq-mc-compat-valence-survival-furnace-persistence.drv'...
building '/nix/store/smarxs1fvvhmxak6lhcw5rh76221q2wi-mc-compat-valence-survival-furnace-persistence-dry-run.drv'...
mc-compat-valence-survival-furnace-persistence-dry-run> hint: Using 'master' as the name for the initial branch. This default branch name
mc-compat-valence-survival-furnace-persistence-dry-run> hint: will change to "main" in Git 3.0. To configure the initial branch name
mc-compat-valence-survival-furnace-persistence-dry-run> hint: to use in all of your new repositories, which will suppress this warning,
mc-compat-valence-survival-furnace-persistence-dry-run> hint: call:
mc-compat-valence-survival-furnace-persistence-dry-run> hint:
mc-compat-valence-survival-furnace-persistence-dry-run> hint:   git config --global init.defaultBranch <name>
mc-compat-valence-survival-furnace-persistence-dry-run> hint:
mc-compat-valence-survival-furnace-persistence-dry-run> hint: Names commonly chosen instead of 'master' are 'main', 'trunk' and
mc-compat-valence-survival-furnace-persistence-dry-run> hint: 'development'. The just-created branch can be renamed via this command:
mc-compat-valence-survival-furnace-persistence-dry-run> hint:
mc-compat-valence-survival-furnace-persistence-dry-run> hint:   git branch -m <name>
mc-compat-valence-survival-furnace-persistence-dry-run> hint:
mc-compat-valence-survival-furnace-persistence-dry-run> hint: Disable this message with "git config set advice.defaultBranchName false"
mc-compat-valence-survival-furnace-persistence-dry-run> Initialized empty Git repository in /build/fake-valence/.git/
mc-compat-valence-survival-furnace-persistence-dry-run> [master (root-commit) 39ff673] init
mc-compat-valence-survival-furnace-persistence-dry-run>  1 file changed, 1 insertion(+)
mc-compat-valence-survival-furnace-persistence-dry-run>  create mode 100644 README.md
exit_status=0
