{
  "change": "survival-furnace-persistence-typed-event-migration",
  "evidence_summary": {
    "docs_only": 0,
    "fixture": 0,
    "formal": 0,
    "mode": "advisory",
    "model": 0,
    "probe": 0,
    "property": 0
  },
  "input_hash": "8199d9907e91e99cd4233087668d8f7dbf9738775d40d18919691d59f26f9ded",
  "issues": [],
  "layout": "cairn",
  "policy": "cairn-default",
  "policy_hash": "7d2c6606b81e38f9414e81df24c64c9a638d4c238d8a9c04412ac95e347c3355",
  "receipt_hash": "b152e321a3c485010596a9018963e2e81c80fc9cb3acfc54cce884ad059174b9",
  "stage": "proposal",
  "valid": true,
  "verdict": "PASS"
}
{
  "change": "survival-furnace-persistence-typed-event-migration",
  "evidence_summary": {
    "docs_only": 0,
    "fixture": 0,
    "formal": 0,
    "mode": "advisory",
    "model": 0,
    "probe": 0,
    "property": 0
  },
  "input_hash": "77a707d3b7dd00f0f7d4bc504d092f76490bd5751ba5448f9a943da482523e39",
  "issues": [],
  "layout": "cairn",
  "policy": "cairn-default",
  "policy_hash": "7d2c6606b81e38f9414e81df24c64c9a638d4c238d8a9c04412ac95e347c3355",
  "receipt_hash": "5e008a15c2c95dad4b644c5ed0aa8d135cc59d8732f19b0af6d225f69d2821d0",
  "stage": "design",
  "valid": true,
  "verdict": "PASS"
}
{
  "change": "survival-furnace-persistence-typed-event-migration",
  "evidence_summary": {
    "docs_only": 0,
    "fixture": 0,
    "formal": 0,
    "mode": "advisory",
    "model": 0,
    "probe": 0,
    "property": 0
  },
  "input_hash": "17430da3d9f87e8dee9d5e8270593ef831add461b72403ac77de1a961ed3adb2",
  "issues": [],
  "layout": "cairn",
  "policy": "cairn-default",
  "policy_hash": "7d2c6606b81e38f9414e81df24c64c9a638d4c238d8a9c04412ac95e347c3355",
  "receipt_hash": "0ad85d7ddb4fec35bc2459bf2f71ba3ab5ce8999bf6f036b6f31c457304b1082",
  "stage": "tasks",
  "valid": true,
  "verdict": "PASS"
}
exit_status=0
