mc compat shell: use 'mc-compat-runner --dry-run' or 'nix run .#mc-compat-smoke -- --run'
Stevenarella dev env: cargo/rustc/xvfb-run/OpenSSL/fontconfig/freetype/libxcb paths are available
OnixResearch tools are pinned over SSH: cairn, cargo-octet
[mc-compat] building Stevenarella client
warning: `/home/brittonr/git/mc/stevenarella/.cargo/config` is deprecated in favor of `config.toml`
  |
  = help: if you need to support cargo 1.38 or earlier, you can symlink `config` to `config.toml`
warning: file `/home/brittonr/git/mc/stevenarella/src/main.rs` found to be present in multiple build targets:
  * `lib` target `stevenarella`
  * `bin` target `stevenarella`
warning: unnecessary parentheses around closure body
    --> blocks/src/lib.rs:1052:36
     |
1052 |         offsets |protocol_version| (instrument.offsets(protocol_version)
     |                                    ^
1053 |             .map(|offset| offset * (25 * 2) + ((note as usize) << 1) + if powered { 0 } else { 1 })),
     |                                                                                                    ^
     |
     = note: `#[warn(unused_parens)]` (part of `#[warn(unused)]`) on by default
help: remove these parentheses
     |
1052 ~         offsets |protocol_version| instrument.offsets(protocol_version)
1053 ~             .map(|offset| offset * (25 * 2) + ((note as usize) << 1) + if powered { 0 } else { 1 }),
     |

warning: unnecessary parentheses around closure body
    --> blocks/src/lib.rs:1407:36
     |
1407 |         offsets |protocol_version| (variant.offsets(protocol_version)),
     |                                    ^                                 ^
     |
help: remove these parentheses
     |
1407 -         offsets |protocol_version| (variant.offsets(protocol_version)),
1407 +         offsets |protocol_version| variant.offsets(protocol_version),
     |

warning: `steven_blocks` (lib) generated 2 warnings (run `cargo fix --lib -p steven_blocks` to apply 2 suggestions)
warning: constant `SURVIVAL_BLOCK_ENTITY_TEXT_PAYLOAD` is never used
   --> src/server/mod.rs:287:7
    |
287 | const SURVIVAL_BLOCK_ENTITY_TEXT_PAYLOAD: &str = "MC|Compat|Sign|Persist";
    |       ^^^^^^^^^^^^^^^^^^^^^^^^^^^^^^^^^^
    |
    = note: `#[warn(dead_code)]` (part of `#[warn(unused)]`) on by default

warning: function `survival_block_entity_expected_lines` is never used
   --> src/server/mod.rs:708:4
    |
708 | fn survival_block_entity_expected_lines() -> [String; SIGN_LINE_COUNT] {
    |    ^^^^^^^^^^^^^^^^^^^^^^^^^^^^^^^^^^^^

warning: hiding a lifetime that's elided elsewhere is confusing
   --> src/console/mod.rs:181:32
    |
181 |     pub fn get<T: Sized + Any>(&self, var: CVar<T>) -> Ref<T>
    |                                ^^^^^                   ^^^^^^ the same lifetime is hidden here
    |                                |
    |                                the lifetime is elided here
    |
    = help: the same lifetime is referred to in inconsistent ways, making the signature confusing
    = note: `#[warn(mismatched_lifetime_syntaxes)]` on by default
help: use `'_` for type paths
    |
181 |     pub fn get<T: Sized + Any>(&self, var: CVar<T>) -> Ref<'_, T>
    |                                                            +++

warning: hiding a lifetime that's elided elsewhere is confusing
   --> src/ui/mod.rs:102:21
    |
102 |               fn draw(&self, renderer: &mut render::Renderer, r: &Region, sw: f64, sh: f64, width: f64, height: f64, delta: f64) -> RefMut<[u8]> {
    |                       ^^^^^ the lifetime is elided here                                                                             ^^^^^^^^^^^^ the same lifetime is hidden here
...
252 | / define_elements! {
253 | |     Image,
254 | |     Batch,
255 | |     Text,
...   |
258 | |     TextBox,
259 | | }
    | |_- in this macro invocation
    |
    = help: the same lifetime is referred to in inconsistent ways, making the signature confusing
    = note: this warning originates in the macro `define_elements` (in Nightly builds, run with -Z macro-backtrace for more info)
help: use `'_` for type paths
    |
102 |             fn draw(&self, renderer: &mut render::Renderer, r: &Region, sw: f64, sh: f64, width: f64, height: f64, delta: f64) -> RefMut<'_, [u8]> {
    |                                                                                                                                          +++

warning: `stevenarella` (lib) generated 4 warnings (run `cargo fix --lib -p stevenarella` to apply 2 suggestions)
warning: `stevenarella` (bin "stevenarella") generated 4 warnings (4 duplicates)
    Finished `dev` profile [optimized + debuginfo] target(s) in 0.15s
[mc-compat] creating isolated Valence worktree /tmp/valence-compat-survival-redstone-circuit-breadth at 5f6bd1f714b9fb0f083eff48613ce60d9d83c86b
Preparing worktree (detached HEAD 5f6bd1f)
HEAD is now at 5f6bd1f add bounded survival breadth server rails
[mc-compat] starting Valence 5f6bd1f714b9fb0f083eff48613ce60d9d83c86b example 'survival_compat' on 127.0.0.1:25565; log: /tmp/mc-compat-valence.log
[mc-compat] probing status 127.0.0.1:25565 expecting protocol 763
{"description":{"text":"A Valence Server"},"players":{"max":20,"online":0,"sample":[]},"version":{"name":"1.20.1","protocol":763}}
[mc-compat] running Stevenarella headless scenario 'survival-redstone-circuit-breadth' isolated from host Wayland compositor
[main.rs:1173][INFO] Starting steven
[platform_impl/linux/x11/util/randr.rs:23][WARN] XRandR reported that the display's 0mm in size, which is certifiably insane
[platform_impl/linux/x11/window.rs:147][INFO] Guessed window scale factor: 1
[main.rs:1309][INFO] Shader version: #version 150
[main.rs:316][INFO] Detected server protocol version 763
[server/mod.rs:1081][INFO] MC-COMPAT-MILESTONE connect_start protocol=763 address=127.0.0.1:25565
[server/mod.rs:1086][INFO] MC-COMPAT-MILESTONE tcp_connected
[server/mod.rs:1103][INFO] MC-COMPAT-MILESTONE handshake_sent next=login
[server/mod.rs:1117][INFO] MC-COMPAT-MILESTONE login_start_sent
[server/mod.rs:1124][INFO] MC-COMPAT-MILESTONE login_compression threshold=256
[server/mod.rs:1185][WARN] Server is running in offline mode
[server/mod.rs:1186][INFO] MC-COMPAT-MILESTONE login_success state=play protocol=763 username=compatbot properties=0
[server/mod.rs:3387][INFO] MC-COMPAT-MILESTONE join_game_763_shape dimension_type=minecraft:overworld world=minecraft:overworld portal_cooldown=0
[world/mod.rs:1123][INFO] Dimension bounds: min_y=-64 height=384
[server/mod.rs:3472][INFO] MC-COMPAT-MILESTONE join_game entity_id=0 gamemode=Survival
[server/mod.rs:6719][INFO] Received chat message: Welcome to the Valence survival compatibility fixture.
[server/mod.rs:4020][INFO] MC-COMPAT-MILESTONE update_health health=14.0 food=20 saturation=0.0
[server/mod.rs:6900][INFO] MC-COMPAT-MILESTONE first_chunk_data chunk_x=0 chunk_z=0
[server/mod.rs:1870][INFO] MC-COMPAT-MILESTONE render_tick_with_player
[server/mod.rs:5107][INFO] MC-COMPAT-MILESTONE survival_redstone_circuit_initial_state circuit=lever_lamp_repeater tick=0 powered=false
[server/mod.rs:5108][INFO] MC-COMPAT-MILESTONE survival_redstone_circuit_input_sent control=Lever position=20,64,0 tick=2 powered_after=true
[server/mod.rs:5109][INFO] MC-COMPAT-MILESTONE survival_redstone_circuit_output_update output=RedstoneLamp repeater=Repeater position=21,64,0 tick=2 powered=true
[server/mod.rs:5110][INFO] MC-COMPAT-MILESTONE survival_redstone_circuit_return_input_sent control=Lever position=20,64,0 tick=4 powered_after=false
[server/mod.rs:5111][INFO] MC-COMPAT-MILESTONE survival_redstone_circuit_return_update output=RedstoneLamp repeater=Repeater position=21,64,0 tick=4 powered=false
[mc-compat] client compatbot finished Some(124); log: /tmp/mc-compat-client.compatbot.1782093454134.log
[mc-compat] stopping managed Valence server process 3172514
[mc-compat] wrote typed event log docs/evidence/survival-redstone-circuit-breadth-valence-2026-06-21.receipt.typed-events.log
[mc-compat] wrote smoke receipt docs/evidence/survival-redstone-circuit-breadth-valence-2026-06-21.receipt.json
exit_status=0
