prebuild_start=2026-06-21T17:46:05-04:00
mc compat shell: use 'mc-compat-runner --dry-run' or 'nix run .#mc-compat-smoke -- --run'
Stevenarella dev env: cargo/rustc/xvfb-run/OpenSSL/fontconfig/freetype/libxcb paths are available
OnixResearch tools are pinned over SSH: cairn, cargo-octet
   Compiling proc-macro2 v1.0.106
   Compiling quote v1.0.45
   Compiling unicode-ident v1.0.24
   Compiling cfg-if v1.0.4
   Compiling libc v0.2.185
   Compiling pin-project-lite v0.2.17
   Compiling version_check v0.9.5
   Compiling serde v1.0.228
   Compiling smallvec v1.15.1
   Compiling itoa v1.0.18
   Compiling futures-core v0.3.32
   Compiling serde_core v1.0.228
   Compiling once_cell v1.21.4
   Compiling zerocopy v0.8.48
   Compiling scopeguard v1.2.0
   Compiling equivalent v1.0.2
   Compiling typenum v1.19.0
   Compiling stable_deref_trait v1.2.1
   Compiling zmij v1.0.21
   Compiling futures-io v0.3.32
   Compiling lock_api v0.4.14
   Compiling serde_json v1.0.149
   Compiling slab v0.4.12
   Compiling crossbeam-utils v0.8.21
   Compiling hashbrown v0.17.0
   Compiling bytes v1.11.1
   Compiling heck v0.5.0
   Compiling tracing-core v0.1.36
   Compiling bitflags v2.11.0
   Compiling thiserror v1.0.69
   Compiling anyhow v1.0.102
   Compiling parking v2.2.1
   Compiling toml_datetime v0.6.11
   Compiling winnow v0.7.15
   Compiling getrandom v0.3.4
   Compiling getrandom v0.4.2
   Compiling allocator-api2 v0.2.21
   Compiling indexmap v2.14.0
   Compiling typeid v1.0.3
   Compiling concurrent-queue v2.5.0
   Compiling memchr v2.8.0
   Compiling generic-array v0.14.7
   Compiling ahash v0.8.12
   Compiling thread_local v1.1.9
   Compiling event-listener v5.4.1
   Compiling parking_lot_core v0.9.12
   Compiling fastrand v2.4.1
   Compiling litemap v0.8.2
   Compiling erased-serde v0.4.10
   Compiling writeable v0.6.3
   Compiling futures-lite v2.6.1
   Compiling event-listener-strategy v0.5.4
   Compiling async-task v4.7.1
   Compiling web-time v1.1.0
   Compiling icu_properties_data v2.2.0
   Compiling icu_normalizer_data v2.2.0
   Compiling utf8_iter v1.0.4
   Compiling syn v2.0.117
   Compiling async-channel v2.5.0
   Compiling bevy_ptr v0.14.2
   Compiling getrandom v0.2.17
   Compiling smol_str v0.2.2
   Compiling rand_core v0.6.4
   Compiling fixedbitset v0.4.2
   Compiling percent-encoding v2.3.2
   Compiling downcast-rs v1.2.1
   Compiling crypto-common v0.1.7
   Compiling petgraph v0.6.5
   Compiling nonmax v0.5.5
   Compiling arrayvec v0.7.6
   Compiling fixedbitset v0.5.7
   Compiling form_urlencoded v1.2.2
   Compiling inout v0.1.4
   Compiling crc32fast v1.5.0
   Compiling async-executor v1.14.0
   Compiling parking_lot v0.12.5
   Compiling base64 v0.22.1
   Compiling toml_edit v0.22.27
   Compiling cpufeatures v0.2.17
   Compiling cipher v0.4.4
   Compiling byteorder v1.5.0
   Compiling simd-adler32 v0.3.9
   Compiling glam v0.29.3
   Compiling bevy_tasks v0.14.2
   Compiling adler2 v2.0.1
   Compiling cesu8 v1.1.0
   Compiling miniz_oxide v0.8.9
   Compiling aes v0.8.4
   Compiling uuid v1.23.0
   Compiling cfb8 v0.8.1
   Compiling paste v1.0.15
   Compiling libm v0.2.16
   Compiling zeroize v1.8.2
   Compiling autocfg v1.5.0
   Compiling rustc-hash v2.1.2
   Compiling futures-sink v0.3.32
   Compiling errno v0.3.14
   Compiling flate2 v1.1.9
   Compiling find-msvc-tools v0.1.9
   Compiling const-oid v0.9.6
   Compiling shlex v1.3.0
   Compiling subtle v2.6.1
   Compiling cc v1.2.60
   Compiling signal-hook-registry v1.4.8
   Compiling socket2 v0.6.3
   Compiling mio v1.2.0
   Compiling spin v0.9.8
   Compiling http v1.4.0
   Compiling rustls-pki-types v1.14.0
   Compiling block-buffer v0.10.4
   Compiling untrusted v0.9.0
   Compiling httparse v1.10.1
   Compiling base64ct v1.8.3
   Compiling futures-task v0.3.32
   Compiling futures-util v0.3.32
   Compiling pem-rfc7468 v0.7.0
   Compiling digest v0.10.7
   Compiling num-traits v0.2.19
   Compiling lazy_static v1.5.0
   Compiling tower-service v0.3.3
   Compiling try-lock v0.2.5
   Compiling rustls v0.23.38
   Compiling http-body v1.0.1
   Compiling want v0.3.1
   Compiling der v0.7.10
   Compiling futures-channel v0.3.32
   Compiling powerfmt v0.2.0
   Compiling log v0.4.29
   Compiling thiserror v2.0.18
   Compiling atomic-waker v1.1.2
   Compiling rustix v1.1.4
   Compiling time-core v0.1.8
   Compiling ppv-lite86 v0.2.21
   Compiling num-conv v0.2.1
   Compiling deranged v0.5.8
   Compiling sync_wrapper v1.0.2
   Compiling linux-raw-sys v0.12.1
   Compiling radium v0.7.0
   Compiling time-macros v0.2.27
   Compiling utf8parse v0.2.2
   Compiling ipnet v2.12.0
   Compiling rand_chacha v0.3.1
   Compiling regex-syntax v0.8.10
   Compiling synstructure v0.13.2
   Compiling bevy_macro_utils v0.14.2
   Compiling valence_build_utils v0.2.0-alpha.1+mc.1.20.1 (/tmp/valence-compat-survival-hunger-health-cycle/crates/valence_build_utils)
   Compiling rand v0.8.5
   Compiling num-integer v0.1.46
   Compiling spki v0.7.3
   Compiling tower-layer v0.3.3
   Compiling num-bigint-dig v0.8.6
   Compiling pkcs8 v0.10.2
   Compiling num-bigint v0.4.6
   Compiling num-iter v0.1.45
   Compiling anstyle-parse v1.0.0
   Compiling webpki-roots v1.0.6
   Compiling nanorand v0.7.0
   Compiling anstyle v1.0.14
   Compiling valence_math v0.2.0-alpha.1+mc.1.20.1 (/tmp/valence-compat-survival-hunger-health-cycle/crates/valence_math)
   Compiling ryu v1.0.23
   Compiling regex-automata v0.4.14
   Compiling iri-string v0.7.12
   Compiling tap v1.0.1
   Compiling colorchoice v1.0.5
   Compiling anstyle-query v1.1.5
   Compiling is_terminal_polyfill v1.70.2
   Compiling foldhash v0.2.0
   Compiling wyz v0.5.1
   Compiling anstream v1.0.0
   Compiling terminal_size v0.4.4
   Compiling hashbrown v0.16.1
   Compiling flume v0.11.1
   Compiling pkcs1 v0.7.5
   Compiling tracing-log v0.2.0
   Compiling http-body-util v0.1.3
   Compiling sharded-slab v0.1.7
   Compiling signature v2.2.0
   Compiling strsim v0.11.1
   Compiling nu-ansi-term v0.50.3
   Compiling funty v2.0.0
   Compiling clap_lex v1.1.0
   Compiling ordered-float v4.6.0
   Compiling lru v0.16.4
   Compiling bitvec v1.0.1
   Compiling clap_builder v4.6.0
   Compiling hmac v0.12.1
   Compiling sha1 v0.10.6
   Compiling sha2 v0.10.9
   Compiling rand_xorshift v0.3.0
   Compiling rsa v0.9.10
   Compiling condtype v1.3.0
   Compiling regex-lite v0.1.9
   Compiling noise v0.9.0
   Compiling matchers v0.2.0
   Compiling ring v0.17.14
   Compiling time v0.3.47
   Compiling serde_derive v1.0.228
   Compiling zerofrom-derive v0.1.7
   Compiling yoke-derive v0.8.2
   Compiling zerovec-derive v0.11.3
   Compiling tracing-attributes v0.1.31
   Compiling displaydoc v0.2.5
   Compiling thiserror-impl v1.0.69
   Compiling bevy_utils_proc_macros v0.14.2
   Compiling bevy_reflect_derive v0.14.2
   Compiling bevy_ecs_macros v0.14.2
   Compiling valence_ident_macros v0.2.0-alpha.1+mc.1.20.1 (/tmp/valence-compat-survival-hunger-health-cycle/crates/valence_ident_macros)
   Compiling bevy_derive v0.14.2
   Compiling derive_more-impl v1.0.0
   Compiling valence_protocol_macros v0.2.0-alpha.1+mc.1.20.1 (/tmp/valence-compat-survival-hunger-health-cycle/crates/valence_protocol_macros)
   Compiling bitfield-struct v0.8.0
   Compiling tokio-macros v2.7.0
   Compiling thiserror-impl v2.0.18
   Compiling async-trait v0.1.89
   Compiling clap_derive v4.6.0
   Compiling valence_command_macros v0.2.0-alpha.1+mc.1.20.1 (/tmp/valence-compat-survival-hunger-health-cycle/crates/valence_command_macros)
   Compiling rustls-webpki v0.103.11
   Compiling divan-macros v0.1.21
   Compiling tokio v1.51.1
   Compiling tracing v0.1.44
   Compiling zerofrom v0.1.7
   Compiling yoke v0.8.2
   Compiling zerovec v0.11.6
   Compiling zerotrie v0.2.4
   Compiling tracing-subscriber v0.3.23
   Compiling tinystr v0.8.3
   Compiling icu_locale_core v2.2.0
   Compiling potential_utf v0.1.5
   Compiling icu_collections v2.2.0
   Compiling simple_asn1 v0.6.4
   Compiling icu_provider v2.2.0
   Compiling rsa-der v0.3.0
   Compiling icu_properties v2.2.0
   Compiling icu_normalizer v2.2.0
   Compiling clap v4.6.0
   Compiling divan v0.1.21
   Compiling hashbrown v0.14.5
   Compiling valence_generated v0.2.0-alpha.1+mc.1.20.1 (/tmp/valence-compat-survival-hunger-health-cycle/crates/valence_generated)
   Compiling idna_adapter v1.2.1
   Compiling idna v1.1.0
   Compiling valence_ident v0.2.0-alpha.1+mc.1.20.1 (/tmp/valence-compat-survival-hunger-health-cycle/crates/valence_ident)
   Compiling valence_nbt v0.8.0 (/tmp/valence-compat-survival-hunger-health-cycle/crates/valence_nbt)
   Compiling valence_entity v0.2.0-alpha.1+mc.1.20.1 (/tmp/valence-compat-survival-hunger-health-cycle/crates/valence_entity)
   Compiling hyper v1.9.0
   Compiling tower v0.5.3
   Compiling tokio-rustls v0.26.4
   Compiling valence_lang v0.2.0-alpha.1+mc.1.20.1 (/tmp/valence-compat-survival-hunger-health-cycle/crates/valence_lang)
   Compiling tokio-util v0.7.18
   Compiling serde_urlencoded v0.7.1
   Compiling url v2.5.8
   Compiling bevy_utils v0.14.2
   Compiling derive_more v1.0.0
   Compiling bevy_reflect v0.14.2
   Compiling valence_text v0.2.0-alpha.1+mc.1.20.1 (/tmp/valence-compat-survival-hunger-health-cycle/crates/valence_text)
   Compiling tower-http v0.6.8
warning: unknown lint: `path_segment_repetition`
  --> crates/valence_text/src/color/mod.rs:12:9
   |
12 | #[allow(path_segment_repetition)]
   |         ^^^^^^^^^^^^^^^^^^^^^^^
   |
   = note: `#[warn(unknown_lints)]` on by default

warning: unknown lint: `path_segment_repetition`
  --> crates/valence_text/src/color/mod.rs:28:9
   |
28 | #[allow(path_segment_repetition)]
   |         ^^^^^^^^^^^^^^^^^^^^^^^

warning: unknown lint: `path_segment_repetition`
  --> crates/valence_text/src/color/mod.rs:41:9
   |
41 | #[allow(path_segment_repetition)]
   |         ^^^^^^^^^^^^^^^^^^^^^^^

warning: unknown lint: `path_segment_repetition`
  --> crates/valence_text/src/color/mod.rs:81:9
   |
81 | #[allow(path_segment_repetition)]
   |         ^^^^^^^^^^^^^^^^^^^^^^^

warning: unknown lint: `deref_polymorphism`
 --> crates/valence_text/src/ops.rs:2:9
  |
2 | #[allow(deref_polymorphism)]
  |         ^^^^^^^^^^^^^^^^^^

   Compiling hyper-util v0.1.20
   Compiling hyper-rustls v0.27.8
   Compiling reqwest v0.12.28
   Compiling bevy_ecs v0.14.2
warning: `valence_text` (lib) generated 5 warnings
   Compiling bevy_app v0.14.2
   Compiling bevy_core v0.14.2
   Compiling bevy_log v0.14.2
   Compiling bevy_hierarchy v0.14.2
   Compiling valence_protocol v0.2.0-alpha.1+mc.1.20.1 (/tmp/valence-compat-survival-hunger-health-cycle/crates/valence_protocol)
   Compiling valence_server_common v0.2.0-alpha.1+mc.1.20.1 (/tmp/valence-compat-survival-hunger-health-cycle/crates/valence_server_common)
   Compiling valence_registry v0.2.0-alpha.1+mc.1.20.1 (/tmp/valence-compat-survival-hunger-health-cycle/crates/valence_registry)
   Compiling valence_server v0.2.0-alpha.1+mc.1.20.1 (/tmp/valence-compat-survival-hunger-health-cycle/crates/valence_server)
   Compiling valence_inventory v0.2.0-alpha.1+mc.1.20.1 (/tmp/valence-compat-survival-hunger-health-cycle/crates/valence_inventory)
   Compiling valence_world_border v0.2.0-alpha.1+mc.1.20.1 (/tmp/valence-compat-survival-hunger-health-cycle/crates/valence_world_border)
   Compiling valence_advancement v0.2.0-alpha.1+mc.1.20.1 (/tmp/valence-compat-survival-hunger-health-cycle/crates/valence_advancement)
   Compiling valence_weather v0.2.0-alpha.1+mc.1.20.1 (/tmp/valence-compat-survival-hunger-health-cycle/crates/valence_weather)
   Compiling valence_boss_bar v0.2.0-alpha.1+mc.1.20.1 (/tmp/valence-compat-survival-hunger-health-cycle/crates/valence_boss_bar)
   Compiling valence_scoreboard v0.2.0-alpha.1+mc.1.20.1 (/tmp/valence-compat-survival-hunger-health-cycle/crates/valence_scoreboard)
   Compiling valence_anvil v0.1.0 (/tmp/valence-compat-survival-hunger-health-cycle/crates/valence_anvil)
   Compiling valence_network v0.2.0-alpha.1+mc.1.20.1 (/tmp/valence-compat-survival-hunger-health-cycle/crates/valence_network)
   Compiling valence_player_list v0.2.0-alpha.1+mc.1.20.1 (/tmp/valence-compat-survival-hunger-health-cycle/crates/valence_player_list)
   Compiling valence_command v0.2.0-alpha.1+mc.1.20.1 (/tmp/valence-compat-survival-hunger-health-cycle/crates/valence_command)
warning: unknown lint: `path_segment_repetition`
 --> crates/valence_inventory/src/slots.rs:4:9
  |
4 | #[allow(path_segment_repetition)]
  |         ^^^^^^^^^^^^^^^^^^^^^^^
  |
  = note: `#[warn(unknown_lints)]` on by default

   Compiling valence_equipment v0.2.0-alpha.1+mc.1.20.1 (/tmp/valence-compat-survival-hunger-health-cycle/crates/valence_equipment)
   Compiling valence v0.2.0-alpha.1+mc.1.20.1 (/tmp/valence-compat-survival-hunger-health-cycle)
warning: `valence_inventory` (lib) generated 1 warning
warning: unused import: `Value`
  --> examples/survival_compat.rs:18:36
   |
18 | use valence::nbt::{compound, List, Value};
   |                                    ^^^^^
   |
   = note: `#[warn(unused_imports)]` (part of `#[warn(unused)]`) on by default

warning: constant `SURVIVAL_BLOCK_ENTITY_TEXT_LINE_COUNT` is never used
   --> examples/survival_compat.rs:155:7
    |
155 | const SURVIVAL_BLOCK_ENTITY_TEXT_LINE_COUNT: usize = 4;
    |       ^^^^^^^^^^^^^^^^^^^^^^^^^^^^^^^^^^^^^
    |
    = note: `#[warn(dead_code)]` (part of `#[warn(unused)]`) on by default

warning: function `is_survival_mob_drop_stack` is never used
    --> examples/survival_compat.rs:2381:4
     |
2381 | fn is_survival_mob_drop_stack(stack: &ItemStack) -> bool {
     |    ^^^^^^^^^^^^^^^^^^^^^^^^^^

warning: `valence` (example "survival_compat") generated 3 warnings (run `cargo fix --example "survival_compat" -p valence` to apply 1 suggestion)
    Finished `dev` profile [optimized + debuginfo] target(s) in 2m 17s
prebuild_end=2026-06-21T17:48:26-04:00
exit_status=0
