{
  "change": "survival-crafting-recipe-breadth-parity",
  "evidence_summary": {
    "docs_only": 0,
    "fixture": 0,
    "formal": 0,
    "mode": "advisory",
    "model": 0,
    "probe": 0,
    "property": 0
  },
  "input_hash": "4f548c49c9e55bea4b38a2f96c651a037a334fc13a55797a07044fbca54ba82b",
  "issues": [],
  "layout": "cairn",
  "policy": "cairn-default",
  "policy_hash": "7d2c6606b81e38f9414e81df24c64c9a638d4c238d8a9c04412ac95e347c3355",
  "receipt_hash": "3cd7b9fa4ca840b3225561aad07f8bed8882760aa4fa00a1beae75992eafdf7e",
  "stage": "proposal",
  "valid": true,
  "verdict": "PASS"
}
{
  "change": "survival-crafting-recipe-breadth-parity",
  "evidence_summary": {
    "docs_only": 0,
    "fixture": 0,
    "formal": 0,
    "mode": "advisory",
    "model": 0,
    "probe": 0,
    "property": 0
  },
  "input_hash": "adb5c0fcb695b8dfb22c7d3b9560d7d41f8b806fbbdcb63945c156a92f7d2141",
  "issues": [],
  "layout": "cairn",
  "policy": "cairn-default",
  "policy_hash": "7d2c6606b81e38f9414e81df24c64c9a638d4c238d8a9c04412ac95e347c3355",
  "receipt_hash": "b35edb8bdff2138504865368c3af0e36fda15737d8cfa0ebd0604d167bf97339",
  "stage": "design",
  "valid": true,
  "verdict": "PASS"
}
{
  "change": "survival-crafting-recipe-breadth-parity",
  "evidence_summary": {
    "docs_only": 0,
    "fixture": 0,
    "formal": 0,
    "mode": "advisory",
    "model": 0,
    "probe": 0,
    "property": 0
  },
  "input_hash": "4124501017e3ee49c91613ab070108cd4e263f31e196314805718f2a2861c7be",
  "issues": [],
  "layout": "cairn",
  "policy": "cairn-default",
  "policy_hash": "7d2c6606b81e38f9414e81df24c64c9a638d4c238d8a9c04412ac95e347c3355",
  "receipt_hash": "cf3da42a2f2d73397c4915e58c94984e74fd88877f1fc54fd84a42e16616dc5e",
  "stage": "tasks",
  "valid": true,
  "verdict": "PASS"
}
exit_status=0
