warning: unknown lint: `path_segment_repetition`
  --> crates/valence_text/src/color/mod.rs:12:9
   |
12 | #[allow(path_segment_repetition)]
   |         ^^^^^^^^^^^^^^^^^^^^^^^
   |
   = note: `#[warn(unknown_lints)]` on by default

warning: unknown lint: `path_segment_repetition`
  --> crates/valence_text/src/color/mod.rs:28:9
   |
28 | #[allow(path_segment_repetition)]
   |         ^^^^^^^^^^^^^^^^^^^^^^^

warning: unknown lint: `path_segment_repetition`
  --> crates/valence_text/src/color/mod.rs:41:9
   |
41 | #[allow(path_segment_repetition)]
   |         ^^^^^^^^^^^^^^^^^^^^^^^

warning: unknown lint: `path_segment_repetition`
  --> crates/valence_text/src/color/mod.rs:81:9
   |
81 | #[allow(path_segment_repetition)]
   |         ^^^^^^^^^^^^^^^^^^^^^^^

warning: unknown lint: `deref_polymorphism`
 --> crates/valence_text/src/ops.rs:2:9
  |
2 | #[allow(deref_polymorphism)]
  |         ^^^^^^^^^^^^^^^^^^

warning: `valence_text` (lib) generated 5 warnings
warning: unknown lint: `path_segment_repetition`
 --> crates/valence_inventory/src/slots.rs:4:9
  |
4 | #[allow(path_segment_repetition)]
  |         ^^^^^^^^^^^^^^^^^^^^^^^
  |
  = note: `#[warn(unknown_lints)]` on by default

warning: `valence_inventory` (lib) generated 1 warning
warning: unused import: `Value`
  --> examples/survival_compat.rs:18:36
   |
18 | use valence::nbt::{compound, List, Value};
   |                                    ^^^^^
   |
   = note: `#[warn(unused_imports)]` (part of `#[warn(unused)]`) on by default

warning: constant `SURVIVAL_BLOCK_ENTITY_TEXT_LINE_COUNT` is never used
   --> examples/survival_compat.rs:152:7
    |
152 | const SURVIVAL_BLOCK_ENTITY_TEXT_LINE_COUNT: usize = 4;
    |       ^^^^^^^^^^^^^^^^^^^^^^^^^^^^^^^^^^^^^
    |
    = note: `#[warn(dead_code)]` (part of `#[warn(unused)]`) on by default

warning: function `is_survival_mob_drop_stack` is never used
    --> examples/survival_compat.rs:2279:4
     |
2279 | fn is_survival_mob_drop_stack(stack: &ItemStack) -> bool {
     |    ^^^^^^^^^^^^^^^^^^^^^^^^^^

warning: `valence` (example "survival_compat") generated 3 warnings (run `cargo fix --example "survival_compat" -p valence` to apply 1 suggestion)
    Finished `dev` profile [optimized + debuginfo] target(s) in 0.20s
     Running `/tmp/valence-compat-survival-crafting-recipe-breadth-target/debug/examples/survival_compat`
[2m2026-06-21T04:13:33.621737Z[0m [32m INFO[0m [2msurvival_compat[0m[2m:[0m MC-COMPAT-MILESTONE survival_join username=compatbot gamemode=Survival target=0,64,1
MC-COMPAT-MILESTONE survival_join username=compatbot gamemode=Survival target=0,64,1
[2m2026-06-21T04:13:33.621847Z[0m [32m INFO[0m [2msurvival_compat[0m[2m:[0m MC-COMPAT-MILESTONE survival_crafting_breadth_shaped username=compatbot recipe=minecraft:chest input=oak_planksx8 result=Chest count=1
MC-COMPAT-MILESTONE survival_crafting_breadth_shaped username=compatbot recipe=minecraft:chest input=oak_planksx8 result=Chest count=1
[2m2026-06-21T04:13:33.621851Z[0m [32m INFO[0m [2msurvival_compat[0m[2m:[0m MC-COMPAT-MILESTONE survival_crafting_breadth_shapeless username=compatbot recipe=minecraft:oak_planks input=oak_logx1 result=OakPlanks count=4
MC-COMPAT-MILESTONE survival_crafting_breadth_shapeless username=compatbot recipe=minecraft:oak_planks input=oak_logx1 result=OakPlanks count=4
[2m2026-06-21T04:13:33.621855Z[0m [32m INFO[0m [2msurvival_compat[0m[2m:[0m MC-COMPAT-MILESTONE survival_crafting_breadth_grid_clear username=compatbot window=1 occupied_slots=0
MC-COMPAT-MILESTONE survival_crafting_breadth_grid_clear username=compatbot window=1 occupied_slots=0
[2m2026-06-21T04:13:33.621858Z[0m [32m INFO[0m [2msurvival_compat[0m[2m:[0m MC-COMPAT-MILESTONE survival_crafting_breadth_invalid_rejected username=compatbot recipe=minecraft:stick_insufficient_input_rejection input=single_oak_plank outcome=no_result
MC-COMPAT-MILESTONE survival_crafting_breadth_invalid_rejected username=compatbot recipe=minecraft:stick_insufficient_input_rejection input=single_oak_plank outcome=no_result
[2m2026-06-21T04:13:33.621862Z[0m [32m INFO[0m [2msurvival_compat[0m[2m:[0m MC-COMPAT-MILESTONE survival_crafting_breadth_state username=compatbot shaped=true shapeless=true invalid_rejected=true extra_outputs=false
MC-COMPAT-MILESTONE survival_crafting_breadth_state username=compatbot shaped=true shapeless=true invalid_rejected=true extra_outputs=false
