[init] Changing ownership of /data to 1000 ...
[init] Running as uid=1000 gid=1000 with /data as 'drwxr-xr-x 2 1000 1000 4096 Jun  4 19:17 /data'
[init] Image info: buildtime=2026-05-31T14:45:05.064Z,version=java17,revision=a4719f2ba6f5cbcde07fc90ec4b6c42533aba5ad
[init] Resolving type given PAPER
[39m[mc-image-helper] 19:17:13.984 INFO  : Downloaded /data/paper-1.20.1-196.jar
[0;39m[init] Copying any plugins from /plugins to /data/plugins
[39m[mc-image-helper] 19:17:14.994 INFO  : Copying /plugins/mc-compat-paper-survival-crash-recovery-fixture-2026-06-04.jar -> /data/plugins/mc-compat-paper-survival-crash-recovery-fixture-2026-06-04.jar
[0;39m[init] Copying any configs from /config to /data/config
[init] Creating server properties in /data/server.properties
[init] Disabling whitelist functionality
[39m[mc-image-helper] 19:17:15.671 INFO  : Created/updated 7 properties in /data/server.properties
[0;39m[39m[mc-image-helper] 19:17:16.529 INFO  : Downloaded /data/config/paper-world-defaults.yml from https://raw.githubusercontent.com/Shonz1/minecraft-default-configs/main/1.20.1/paper-world-defaults.yml
[0;39m[39m[mc-image-helper] 19:17:16.529 INFO  : Downloaded /data/config/paper-global.yml from https://raw.githubusercontent.com/Shonz1/minecraft-default-configs/main/1.20.1/paper-global.yml
[0;39m[39m[mc-image-helper] 19:17:17.689 INFO  : Downloaded /data/spigot.yml from https://raw.githubusercontent.com/Shonz1/minecraft-default-configs/main/1.20.1/spigot.yml
[0;39m[39m[mc-image-helper] 19:17:17.689 INFO  : Downloaded /data/bukkit.yml from https://raw.githubusercontent.com/Shonz1/minecraft-default-configs/main/1.20.1/bukkit.yml
[0;39m[init] Setting initial memory to 1G and max to 1G
[init] Starting the Minecraft server...
Downloading mojang_1.20.1.jar
Applying patches
Starting org.bukkit.craftbukkit.Main
System Info: Java 17 (OpenJDK 64-Bit Server VM 17.0.15+6) Host: Linux 6.18.33 (amd64)
Loading libraries, please wait...
2026-06-04 19:17:20,421 ServerMain WARN Advanced terminal features are not available in this environment
[19:17:22 INFO]: Environment: authHost='https://authserver.mojang.com', accountsHost='https://api.mojang.com', sessionHost='https://sessionserver.mojang.com', servicesHost='https://api.minecraftservices.com', name='PROD'
[19:17:22 INFO]: Found new data pack file/bukkit, loading it automatically
[19:17:22 INFO]: Loaded 7 recipes
[19:17:23 INFO]: Starting minecraft server version 1.20.1
[19:17:23 INFO]: Loading properties
[19:17:23 INFO]: This server is running Paper version git-Paper-196 (MC: 1.20.1) (Implementing API version 1.20.1-R0.1-SNAPSHOT) (Git: 773dd72)
[19:17:23 INFO]: Server Ping Player Sample Count: 12
[19:17:23 INFO]: Using 4 threads for Netty based IO
[19:17:23 WARN]: [!] The timings profiler has been enabled but has been scheduled for removal from Paper in the future.
    We recommend installing the spark profiler as a replacement: https://spark.lucko.me/
    For more information please visit: https://github.com/PaperMC/Paper/issues/8948
[19:17:23 INFO]: [ChunkTaskScheduler] Chunk system is using 1 I/O threads, 8 worker threads, and gen parallelism of 8 threads
[19:17:23 INFO]: Default game type: SURVIVAL
[19:17:23 INFO]: Generating keypair
[19:17:23 INFO]: Starting Minecraft server on *:25565
[19:17:23 INFO]: Using epoll channel type
[19:17:23 INFO]: Paper: Using libdeflate (Linux x86_64) compression from Velocity.
[19:17:23 INFO]: Paper: Using OpenSSL 1.1.x (Linux x86_64) cipher from Velocity.
[19:17:23 INFO]: [McCompatSurvivalFixture] Loading server plugin McCompatSurvivalFixture v0.1.0
[19:17:23 WARN]: **** SERVER IS RUNNING IN OFFLINE/INSECURE MODE!
[19:17:23 WARN]: The server will make no attempt to authenticate usernames. Beware.
[19:17:23 WARN]: While this makes the game possible to play without internet access, it also opens up the ability for hackers to connect with any username they choose.
[19:17:23 WARN]: To change this, set "online-mode" to "true" in the server.properties file.
[19:17:23 INFO]: Preparing level "world"
[19:17:25 INFO]: Preparing start region for dimension minecraft:overworld
[19:17:25 INFO]: Time elapsed: 83 ms
[19:17:25 INFO]: Preparing start region for dimension minecraft:the_nether
[19:17:25 INFO]: Time elapsed: 34 ms
[19:17:25 INFO]: Preparing start region for dimension minecraft:the_end
[19:17:25 INFO]: Time elapsed: 31 ms
[19:17:25 INFO]: [McCompatSurvivalFixture] Enabling McCompatSurvivalFixture v0.1.0
[19:17:25 INFO]: [McCompatSurvivalFixture] MC-COMPAT-MILESTONE survival_fixture_enabled
[19:17:25 INFO]: Starting remote control listener
[19:17:25 INFO]: Thread RCON Listener started
[19:17:25 INFO]: RCON running on 0.0.0.0:25575
[19:17:25 INFO]: Running delayed init tasks
[19:17:25 INFO]: Done (2.604s)! For help, type "help"
[19:17:25 INFO]: Timings Reset
[19:17:29 INFO]: UUID of player compatbot is 44fbb854-bbe7-3711-88fe-c85ab1543ed5
[19:17:29 INFO]: compatbot joined the game
[19:17:29 INFO]: compatbot[/172.30.0.1:52782] logged in with entity id 221 at ([world]26.5, 65.0, 74.5)
[19:17:29 INFO]: [McCompatSurvivalFixture] MC-COMPAT-MILESTONE survival_join username=compatbot gamemode=Survival target=0,64,1
[19:17:31 WARN]: A manual (plugin-induced) save has been detected while server is configured to auto-save. This may affect performance.
[19:17:32 INFO]: [McCompatSurvivalFixture] MC-COMPAT-MILESTONE survival_world_persistence_mutation username=compatbot block=Dirt position=24,64,0 persisted_before=false persisted_after=true
[19:17:32 INFO]: [McCompatSurvivalFixture] MC-COMPAT-MILESTONE survival_block_break username=compatbot item=Dirt at=0,64,1
[19:17:32 INFO]: [McCompatSurvivalFixture] MC-COMPAT-MILESTONE survival_pickup_item username=compatbot slot=36 item=Dirt count=1
[19:17:34 INFO]: [McCompatSurvivalFixture] MC-COMPAT-MILESTONE survival_block_place username=compatbot item=Dirt from_slot=36 at=0,65,1
*** Warning, you've not updated in a while! ***
*** Please download a new build as per instructions from https://papermc.io/downloads/paper ***
MC-COMPAT-MILESTONE survival_crash_recovery_forced_stop username=compatbot method=forced_stop storage=isolated graceful=false
MC-COMPAT-MILESTONE survival_crash_recovery_backend_restart username=compatbot method=crash_recovery storage=isolated restart_confirmed=true
