$ nix run --no-update-lock-file .#cairn -- sync survival-furnace-persistence-parity --root . --execute
{
  "actions": [
    {
      "description": "merge delta spec into main specs: ./cairn/changes/survival-furnace-persistence-parity/specs/mc-compatibility/spec.md",
      "kind": "sync_delta_spec",
      "path": "./cairn/changes/survival-furnace-persistence-parity/specs/mc-compatibility/spec.md"
    }
  ],
  "blocked": false,
  "change": "survival-furnace-persistence-parity",
  "delta_specs": [
    "./cairn/changes/survival-furnace-persistence-parity/specs/mc-compatibility/spec.md"
  ],
  "dry_run": false,
  "input_hash": "55642bd24731a7961280d38ba0c301a21d49e9334c34ee4c6dde89b57bf05a98",
  "layout": "cairn",
  "mutated": true,
  "mutation_manifest": {
    "after": {
      "entries": [
        {
          "content_hash": "aab53fda353f8a3e34813abda9e5d0615070947a5297fffadc9e8e9b2cf46b6a",
          "exists": true,
          "path": "./cairn/specs/mc-compatibility/spec.md"
        }
      ],
      "manifest_hash": "a434ffe5db0020917a1c837e0b5be10a55d6ae918c1e0c334ef5fe6eb3c64fe3"
    },
    "before": {
      "entries": [
        {
          "content_hash": "aab53fda353f8a3e34813abda9e5d0615070947a5297fffadc9e8e9b2cf46b6a",
          "exists": true,
          "path": "./cairn/specs/mc-compatibility/spec.md"
        }
      ],
      "manifest_hash": "a434ffe5db0020917a1c837e0b5be10a55d6ae918c1e0c334ef5fe6eb3c64fe3"
    },
    "kind": "sync",
    "manifest_hash": "6c942e82295489041f51de0b2fa0237f32fa0f24755df913c363a80594bb2076"
  },
  "plan_hash": "0f92ae1136321bd4b9ce4dbf53a984850e510a02fa53185086a912f0c3c30bd7",
  "policy": "cairn-default",
  "policy_hash": "7d2c6606b81e38f9414e81df24c64c9a638d4c238d8a9c04412ac95e347c3355",
  "reasons": [],
  "receipt_hash": "019ecbb02866d827a26463f55b86c0b5cfe7b99d8c025d58e6afc13c8f284993"
}
sync_exit_status=0
$ nix run --no-update-lock-file .#cairn -- archive survival-furnace-persistence-parity --root . --execute
{
  "actions": [
    {
      "description": "move active change to archive: survival-furnace-persistence-parity",
      "kind": "archive_change",
      "path": "./cairn/archive/1970-01-01-survival-furnace-persistence-parity"
    }
  ],
  "blocked": false,
  "change": "survival-furnace-persistence-parity",
  "dry_run": false,
  "input_hash": "55642bd24731a7961280d38ba0c301a21d49e9334c34ee4c6dde89b57bf05a98",
  "layout": "cairn",
  "mutated": true,
  "mutation_manifest": {
    "after": {
      "entries": [
        {
          "content_hash": "1ff41012146be3ed99754375a71837a963b030da06f8a7844d36e238733f03c8",
          "exists": true,
          "path": "./cairn/archive/1970-01-01-survival-furnace-persistence-parity/design.md"
        },
        {
          "content_hash": "f5766e78c3e701499fbab5f593f37a3209ebfd165e8ad36e75fd721fb004bca4",
          "exists": true,
          "path": "./cairn/archive/1970-01-01-survival-furnace-persistence-parity/proposal.md"
        },
        {
          "content_hash": "6a7ee2415e46e0f104842b39c3fadd488de2d57e5ceec68ce40db51b65990123",
          "exists": true,
          "path": "./cairn/archive/1970-01-01-survival-furnace-persistence-parity/specs/mc-compatibility/spec.md"
        },
        {
          "content_hash": "3cba54d1bf1d531e87dba75b2503f50bf00ef95e8ba5c1aea07573dd2f0a7f69",
          "exists": true,
          "path": "./cairn/archive/1970-01-01-survival-furnace-persistence-parity/tasks.md"
        },
        {
          "content_hash": null,
          "exists": false,
          "path": "./cairn/changes/survival-furnace-persistence-parity"
        }
      ],
      "manifest_hash": "448fa89ed1a8227aa5783e14d9bcf8215c5097cf91d04c086c0688b2630fdcc9"
    },
    "before": {
      "entries": [
        {
          "content_hash": "1ff41012146be3ed99754375a71837a963b030da06f8a7844d36e238733f03c8",
          "exists": true,
          "path": "./cairn/changes/survival-furnace-persistence-parity/design.md"
        },
        {
          "content_hash": "f5766e78c3e701499fbab5f593f37a3209ebfd165e8ad36e75fd721fb004bca4",
          "exists": true,
          "path": "./cairn/changes/survival-furnace-persistence-parity/proposal.md"
        },
        {
          "content_hash": "6a7ee2415e46e0f104842b39c3fadd488de2d57e5ceec68ce40db51b65990123",
          "exists": true,
          "path": "./cairn/changes/survival-furnace-persistence-parity/specs/mc-compatibility/spec.md"
        },
        {
          "content_hash": "3cba54d1bf1d531e87dba75b2503f50bf00ef95e8ba5c1aea07573dd2f0a7f69",
          "exists": true,
          "path": "./cairn/changes/survival-furnace-persistence-parity/tasks.md"
        }
      ],
      "manifest_hash": "399a4983eba214d2d9dacbdaade20737c25b650c01309f0e3277882e8b3eec62"
    },
    "kind": "archive",
    "manifest_hash": "540a863aab5707943a454cfc8f1bca7f219b965cd60c0ebfd0bf68055faf5ca1"
  },
  "plan_hash": "9e20838c70e820449f470f53f46ed74139c4a0b203a147f78f77ec8da53b6e62",
  "policy": "cairn-default",
  "policy_hash": "7d2c6606b81e38f9414e81df24c64c9a638d4c238d8a9c04412ac95e347c3355",
  "reasons": [],
  "receipt_hash": "53d8f1286874fc6b601038a3f6a474cf140ca1d07e3db18da4553bda6046d9d0"
}
archive_exit_status=0
