$ SERVER_VERSION=1.20.1 SERVER_PROTOCOL=763 SERVER_NAME=mc-compat-survival-world-paper-20260602 PAPER_PLUGIN_JAR=docs/evidence/mc-compat-paper-survival-world-persistence-fixture-2026-06-02.jar CLIENT_DIR=/home/brittonr/git/mc/stevenarella CLIENT_TIMEOUT=120 SMOKE_RECEIPT=target/survival-world-persistence-receipts-2026-06-02/paper.json nix run --no-update-lock-file .#mc-compat-smoke -- --run --keep-server --server-backend paper --scenario survival-world-persistence-restart --receipt target/survival-world-persistence-receipts-2026-06-02/paper.json
[mc-compat] building Stevenarella client
warning: `/home/brittonr/git/mc/stevenarella/.cargo/config` is deprecated in favor of `config.toml`
  |
  = help: if you need to support cargo 1.38 or earlier, you can symlink `config` to `config.toml`
warning: file `/home/brittonr/git/mc/stevenarella/src/main.rs` found to be present in multiple build targets:
  * `lib` target `stevenarella`
  * `bin` target `stevenarella`
warning: unnecessary parentheses around closure body
    --> blocks/src/lib.rs:1052:36
     |
1052 |         offsets |protocol_version| (instrument.offsets(protocol_version)
     |                                    ^
1053 |             .map(|offset| offset * (25 * 2) + ((note as usize) << 1) + if powered { 0 } else { 1 })),
     |                                                                                                    ^
     |
     = note: `#[warn(unused_parens)]` (part of `#[warn(unused)]`) on by default
help: remove these parentheses
     |
1052 ~         offsets |protocol_version| instrument.offsets(protocol_version)
1053 ~             .map(|offset| offset * (25 * 2) + ((note as usize) << 1) + if powered { 0 } else { 1 }),
     |

warning: unnecessary parentheses around closure body
    --> blocks/src/lib.rs:1407:36
     |
1407 |         offsets |protocol_version| (variant.offsets(protocol_version)),
     |                                    ^                                 ^
     |
help: remove these parentheses
     |
1407 -         offsets |protocol_version| (variant.offsets(protocol_version)),
1407 +         offsets |protocol_version| variant.offsets(protocol_version),
     |

warning: `steven_blocks` (lib) generated 2 warnings (run `cargo fix --lib -p steven_blocks` to apply 2 suggestions)
warning: hiding a lifetime that's elided elsewhere is confusing
   --> src/console/mod.rs:181:32
    |
181 |     pub fn get<T: Sized + Any>(&self, var: CVar<T>) -> Ref<T>
    |                                ^^^^^                   ^^^^^^ the same lifetime is hidden here
    |                                |
    |                                the lifetime is elided here
    |
    = help: the same lifetime is referred to in inconsistent ways, making the signature confusing
    = note: `#[warn(mismatched_lifetime_syntaxes)]` on by default
help: use `'_` for type paths
    |
181 |     pub fn get<T: Sized + Any>(&self, var: CVar<T>) -> Ref<'_, T>
    |                                                            +++

warning: hiding a lifetime that's elided elsewhere is confusing
   --> src/ui/mod.rs:102:21
    |
102 |               fn draw(&self, renderer: &mut render::Renderer, r: &Region, sw: f64, sh: f64, width: f64, height: f64, delta: f64) -> RefMut<[u8]> {
    |                       ^^^^^ the lifetime is elided here                                                                             ^^^^^^^^^^^^ the same lifetime is hidden here
...
252 | / define_elements! {
253 | |     Image,
254 | |     Batch,
255 | |     Text,
...   |
258 | |     TextBox,
259 | | }
    | |_- in this macro invocation
    |
    = help: the same lifetime is referred to in inconsistent ways, making the signature confusing
    = note: this warning originates in the macro `define_elements` (in Nightly builds, run with -Z macro-backtrace for more info)
help: use `'_` for type paths
    |
102 |             fn draw(&self, renderer: &mut render::Renderer, r: &Region, sw: f64, sh: f64, width: f64, height: f64, delta: f64) -> RefMut<'_, [u8]> {
    |                                                                                                                                          +++

warning: `stevenarella` (lib) generated 2 warnings (run `cargo fix --lib -p stevenarella` to apply 2 suggestions)
warning: `stevenarella` (bin "stevenarella") generated 2 warnings (2 duplicates)
    Finished `dev` profile [optimized + debuginfo] target(s) in 0.17s
[mc-compat] starting Paper 1.20.1 server on 127.0.0.1:25566 via itzg/minecraft-server:java17 with EULA=TRUE
9688e6a8c50ea5fbc0bcf96ad5e8a4b16e812c5aba1f950ec38a28f6771b4d5e
[mc-compat] probing status 127.0.0.1:25566 expecting protocol 763
{"version":{"name":"Paper 1.20.1","protocol":763},"description":{"text":"A Minecraft Server"},"players":{"max":20,"online":0}}
[mc-compat] running Stevenarella headless scenario 'survival-world-persistence-restart' isolated from host Wayland compositor
[mc-compat] stopping managed Paper container mc-compat-survival-world-paper-20260602 with graceful timeout
Flag --time has been deprecated, use --timeout instead
mc-compat-survival-world-paper-20260602
mc-compat-survival-world-paper-20260602
[mc-compat] starting Paper 1.20.1 server on 127.0.0.1:25566 via itzg/minecraft-server:java17 with EULA=TRUE
121d3153c638f91029c0d6db27e0fefa2e3ddc7d7bff99f7c7ac0ace7b8f5b77
[mc-compat] probing status 127.0.0.1:25566 expecting protocol 763
{"version":{"name":"Paper 1.20.1","protocol":763},"description":{"text":"A Minecraft Server"},"players":{"max":20,"online":0}}
mc_compat_reconnect_session=2
[main.rs:1037][INFO] Starting steven
[platform_impl/linux/x11/util/randr.rs:23][WARN] XRandR reported that the display's 0mm in size, which is certifiably insane
[platform_impl/linux/x11/window.rs:147][INFO] Guessed window scale factor: 1
[main.rs:1173][INFO] Shader version: #version 150
[main.rs:290][INFO] Detected server protocol version 763
[server/mod.rs:686][INFO] MC-COMPAT-MILESTONE connect_start protocol=763 address=127.0.0.1:25566
[server/mod.rs:691][INFO] MC-COMPAT-MILESTONE tcp_connected
[server/mod.rs:708][INFO] MC-COMPAT-MILESTONE handshake_sent next=login
[server/mod.rs:722][INFO] MC-COMPAT-MILESTONE login_start_sent
[server/mod.rs:729][INFO] MC-COMPAT-MILESTONE login_compression threshold=256
[server/mod.rs:790][WARN] Server is running in offline mode
[server/mod.rs:791][INFO] MC-COMPAT-MILESTONE login_success state=play protocol=763 username=compatbot properties=0
[server/mod.rs:2825][INFO] MC-COMPAT-MILESTONE join_game_763_shape dimension_type=minecraft:overworld world=minecraft:overworld portal_cooldown=0
[world/mod.rs:1123][INFO] Dimension bounds: min_y=-64 height=384
[server/mod.rs:2910][INFO] MC-COMPAT-MILESTONE join_game entity_id=260 gamemode=Survival
[server/mod.rs:1384][INFO] MC-COMPAT-MILESTONE render_tick_with_player
[server/mod.rs:5262][INFO] Received chat message: unhandled: multiplayer.player.joined
[server/mod.rs:3458][INFO] MC-COMPAT-MILESTONE update_health health=20.0 food=20 saturation=5.0
[server/mod.rs:5410][INFO] MC-COMPAT-MILESTONE first_chunk_data chunk_x=1 chunk_z=-1
[model/mod.rs:398][ERROR] Error missing block state for minecraft:noteblock
[model/mod.rs:368][ERROR] Error loading model minecraft:noteblock
[model/mod.rs:398][ERROR] Error missing block state for minecraft:stripped_spruce_log_wood
[model/mod.rs:368][ERROR] Error loading model minecraft:stripped_spruce_log_wood
[model/mod.rs:398][ERROR] Error missing block state for minecraft:stripped_birch_log_log
[model/mod.rs:368][ERROR] Error loading model minecraft:stripped_birch_log_log
[model/mod.rs:398][ERROR] Error missing block state for minecraft:stripped_birch_log_wood
[model/mod.rs:368][ERROR] Error loading model minecraft:stripped_birch_log_wood
[model/mod.rs:398][ERROR] Error missing block state for minecraft:stripped_acacia_log_wood
[model/mod.rs:368][ERROR] Error loading model minecraft:stripped_acacia_log_wood
[server/mod.rs:3843][INFO] MC-COMPAT-MILESTONE survival_world_persistence_move_near_target x=24.5 y=65.0 z=-1.5 position=24,64,0 session=1
[server/mod.rs:3880][INFO] MC-COMPAT-MILESTONE survival_world_persistence_mutation_sent block=Dirt position=24,64,0 slot=36 hand=main sequence=933
[server/mod.rs:3903][INFO] MC-COMPAT-MILESTONE survival_world_persistence_pre_restart_update block=Dirt position=24,64,0 raw_id=10
[server/mod.rs:3913][INFO] MC-COMPAT-MILESTONE survival_world_persistence_reconnect_sent session=restart
[server/mod.rs:3458][INFO] MC-COMPAT-MILESTONE update_health health=19.0 food=20 saturation=5.0
[server/mod.rs:3458][INFO] MC-COMPAT-MILESTONE update_health health=19.8 food=20 saturation=5.0
[server/mod.rs:3458][INFO] MC-COMPAT-MILESTONE update_health health=18.8 food=20 saturation=4.0
[server/mod.rs:3458][INFO] MC-COMPAT-MILESTONE update_health health=19.5 food=20 saturation=4.0
[server/mod.rs:3458][INFO] MC-COMPAT-MILESTONE update_health health=18.5 food=20 saturation=3.0
[server/mod.rs:3458][INFO] MC-COMPAT-MILESTONE update_health health=19.0 food=20 saturation=3.0
[server/mod.rs:3458][INFO] MC-COMPAT-MILESTONE update_health health=18.0 food=20 saturation=3.0
[server/mod.rs:3458][INFO] MC-COMPAT-MILESTONE update_health health=18.5 food=20 saturation=3.0
[server/mod.rs:3458][INFO] MC-COMPAT-MILESTONE update_health health=17.5 food=20 saturation=2.0
[server/mod.rs:3458][INFO] MC-COMPAT-MILESTONE update_health health=17.8 food=20 saturation=2.0
[server/mod.rs:3458][INFO] MC-COMPAT-MILESTONE update_health health=16.8 food=20 saturation=1.0
[server/mod.rs:3458][INFO] MC-COMPAT-MILESTONE update_health health=17.0 food=20 saturation=1.0
[server/mod.rs:3458][INFO] MC-COMPAT-MILESTONE update_health health=16.0 food=20 saturation=1.0
[server/mod.rs:3458][INFO] MC-COMPAT-MILESTONE update_health health=16.2 food=20 saturation=1.0
[server/mod.rs:3458][INFO] MC-COMPAT-MILESTONE update_health health=15.2 food=20 saturation=1.0
[server/mod.rs:3458][INFO] MC-COMPAT-MILESTONE update_health health=15.3 food=20 saturation=1.0
[server/mod.rs:3458][INFO] MC-COMPAT-MILESTONE update_health health=14.3 food=20 saturation=1.0
[server/mod.rs:3458][INFO] MC-COMPAT-MILESTONE update_health health=14.5 food=20 saturation=1.0
[server/mod.rs:3458][INFO] MC-COMPAT-MILESTONE update_health health=13.5 food=20 saturation=0.0
[server/mod.rs:3458][INFO] MC-COMPAT-MILESTONE update_health health=12.5 food=20 saturation=0.0
[server/mod.rs:3458][INFO] MC-COMPAT-MILESTONE update_health health=11.5 food=20 saturation=0.0
[server/mod.rs:3458][INFO] MC-COMPAT-MILESTONE update_health health=10.5 food=20 saturation=0.0
[server/mod.rs:3458][INFO] MC-COMPAT-MILESTONE update_health health=9.5 food=20 saturation=0.0
[server/mod.rs:3458][INFO] MC-COMPAT-MILESTONE update_health health=8.5 food=20 saturation=0.0
[server/mod.rs:3458][INFO] MC-COMPAT-MILESTONE update_health health=7.5 food=20 saturation=0.0
[server/mod.rs:3458][INFO] MC-COMPAT-MILESTONE update_health health=6.5 food=20 saturation=0.0
[server/mod.rs:3458][INFO] MC-COMPAT-MILESTONE update_health health=7.5 food=20 saturation=0.0
[server/mod.rs:3458][INFO] MC-COMPAT-MILESTONE update_health health=6.5 food=19 saturation=0.0
[server/mod.rs:3458][INFO] MC-COMPAT-MILESTONE update_health health=6.5 food=19 saturation=0.0
[server/mod.rs:3458][INFO] MC-COMPAT-MILESTONE update_health health=5.5 food=19 saturation=0.0
[server/mod.rs:3458][INFO] MC-COMPAT-MILESTONE update_health health=4.5 food=19 saturation=0.0
[server/mod.rs:3458][INFO] MC-COMPAT-MILESTONE update_health health=3.5 food=19 saturation=0.0
[server/mod.rs:3458][INFO] MC-COMPAT-MILESTONE update_health health=2.5 food=19 saturation=0.0
[server/mod.rs:3458][INFO] MC-COMPAT-MILESTONE update_health health=1.5 food=19 saturation=0.0
[server/mod.rs:3458][INFO] MC-COMPAT-MILESTONE update_health health=0.5 food=19 saturation=0.0
[server/mod.rs:4866][INFO] MC-COMPAT-MILESTONE combat_probe_death_message player_id=260 message=unhandled: death.attack.inWall
[server/mod.rs:5262][INFO] Received chat message: unhandled: death.attack.inWall
[server/mod.rs:3458][INFO] MC-COMPAT-MILESTONE update_health health=0.0 food=19 saturation=0.0
[main.rs:1037][INFO] Starting steven
[platform_impl/linux/x11/util/randr.rs:23][WARN] XRandR reported that the display's 0mm in size, which is certifiably insane
[platform_impl/linux/x11/window.rs:147][INFO] Guessed window scale factor: 1
[main.rs:1173][INFO] Shader version: #version 150
[main.rs:290][INFO] Detected server protocol version 763
[server/mod.rs:686][INFO] MC-COMPAT-MILESTONE connect_start protocol=763 address=127.0.0.1:25566
[server/mod.rs:691][INFO] MC-COMPAT-MILESTONE tcp_connected
[server/mod.rs:708][INFO] MC-COMPAT-MILESTONE handshake_sent next=login
[server/mod.rs:722][INFO] MC-COMPAT-MILESTONE login_start_sent
[server/mod.rs:729][INFO] MC-COMPAT-MILESTONE login_compression threshold=256
[server/mod.rs:790][WARN] Server is running in offline mode
[server/mod.rs:791][INFO] MC-COMPAT-MILESTONE login_success state=play protocol=763 username=compatbot properties=0
[server/mod.rs:2825][INFO] MC-COMPAT-MILESTONE join_game_763_shape dimension_type=minecraft:overworld world=minecraft:overworld portal_cooldown=0
[world/mod.rs:1123][INFO] Dimension bounds: min_y=-64 height=384
[server/mod.rs:2910][INFO] MC-COMPAT-MILESTONE join_game entity_id=285 gamemode=Survival
[server/mod.rs:1384][INFO] MC-COMPAT-MILESTONE render_tick_with_player
[server/mod.rs:5262][INFO] Received chat message: unhandled: multiplayer.player.joined
[server/mod.rs:5410][INFO] MC-COMPAT-MILESTONE first_chunk_data chunk_x=1 chunk_z=-1
[server/mod.rs:3924][INFO] MC-COMPAT-MILESTONE survival_world_persistence_post_restart_update block=Dirt position=24,64,0 raw_id=10
[server/mod.rs:3458][INFO] MC-COMPAT-MILESTONE update_health health=0.0 food=19 saturation=0.0
[server/mod.rs:3843][INFO] MC-COMPAT-MILESTONE survival_world_persistence_move_near_target x=24.5 y=65.0 z=-1.5 position=24,64,0 session=2
[mc-compat] client compatbot finished Some(124); log: /tmp/nix-shell.b8SKk6/mc-compat-client.compatbot.survival-world-persistence-restart-session-1.804117.log
[mc-compat] client compatbot finished Some(124); log: /tmp/nix-shell.b8SKk6/mc-compat-client.compatbot.survival-world-persistence-restart-session-2.804117.log
[mc-compat] wrote typed event log target/survival-world-persistence-receipts-2026-06-02/paper.typed-events.log
[mc-compat] wrote smoke receipt target/survival-world-persistence-receipts-2026-06-02/paper.json
exit_status=0
mc-compat-survival-world-paper-20260602
