# survival mob-drop typed-event sync and archive
command=nix run --no-update-lock-file .#cairn -- sync survival-mob-drop-typed-event-migration --root . --execute
{
  "actions": [
    {
      "description": "merge delta spec into main specs: ./cairn/changes/survival-mob-drop-typed-event-migration/specs/mc-compatibility/spec.md",
      "kind": "sync_delta_spec",
      "path": "./cairn/changes/survival-mob-drop-typed-event-migration/specs/mc-compatibility/spec.md"
    }
  ],
  "blocked": false,
  "change": "survival-mob-drop-typed-event-migration",
  "delta_specs": [
    "./cairn/changes/survival-mob-drop-typed-event-migration/specs/mc-compatibility/spec.md"
  ],
  "dry_run": false,
  "input_hash": "4bfc0d7128cc66ce188ef0896669e3494fabcb29248cb55607204a84596276aa",
  "layout": "cairn",
  "mutated": true,
  "mutation_manifest": {
    "after": {
      "entries": [
        {
          "content_hash": "fa7a3b8038dd219bf10c82d485fe8a49b2435a5112dd21cb28548715865dc5c9",
          "exists": true,
          "path": "./cairn/specs/mc-compatibility/spec.md"
        }
      ],
      "manifest_hash": "fad44bdfe8722895b77e011b055477efa2157cb0dcbad705782eb496f5ca8454"
    },
    "before": {
      "entries": [
        {
          "content_hash": "fa7a3b8038dd219bf10c82d485fe8a49b2435a5112dd21cb28548715865dc5c9",
          "exists": true,
          "path": "./cairn/specs/mc-compatibility/spec.md"
        }
      ],
      "manifest_hash": "fad44bdfe8722895b77e011b055477efa2157cb0dcbad705782eb496f5ca8454"
    },
    "kind": "sync",
    "manifest_hash": "3d2062b8710e465e85d20399e601b2811dc37e4c5af35bce9463d0169e0af0bb"
  },
  "plan_hash": "c0f57ac6eabde1919565fea2886284e645dc1766921b1729d5265bf5350c33f9",
  "policy": "cairn-default",
  "policy_hash": "a210ed841d260e0bf026f3c67ec810216b6409cfe6036f9132b51cc4e3176618",
  "reasons": [],
  "receipt_hash": "561d54a9c89b43ae7d5874dcfc78183d2c75409e49cb47b88def1e7ac9a7239d"
}
cairn_sync_exit_status=0
command=CAIRN_ARCHIVE_DATE=2026-06-25 nix run --no-update-lock-file .#cairn -- archive survival-mob-drop-typed-event-migration --root . --execute
{
  "actions": [
    {
      "description": "move active change to archive: survival-mob-drop-typed-event-migration",
      "kind": "archive_change",
      "path": "./cairn/archive/2026-06-25-survival-mob-drop-typed-event-migration"
    }
  ],
  "blocked": false,
  "change": "survival-mob-drop-typed-event-migration",
  "dry_run": false,
  "input_hash": "4bfc0d7128cc66ce188ef0896669e3494fabcb29248cb55607204a84596276aa",
  "layout": "cairn",
  "mutated": true,
  "mutation_manifest": {
    "after": {
      "entries": [
        {
          "content_hash": "dd328afb9f66c4c18bcf0055d2273d74238933a860977867e40066e5dba664cd",
          "exists": true,
          "path": "./cairn/archive/2026-06-25-survival-mob-drop-typed-event-migration/design.md"
        },
        {
          "content_hash": "c19a711474e2cd5c811c83d6dd5e7b75b33768581ad16c6a974a48f82ea3fb04",
          "exists": true,
          "path": "./cairn/archive/2026-06-25-survival-mob-drop-typed-event-migration/proposal.md"
        },
        {
          "content_hash": "b84b99453f782bce1e19c551e81cb161b25520da3db7834ee3f533aa11337b41",
          "exists": true,
          "path": "./cairn/archive/2026-06-25-survival-mob-drop-typed-event-migration/specs/mc-compatibility/spec.md"
        },
        {
          "content_hash": "1c8b15a858b8c03fd8cee0b3e3a2e31ca6ccd0911e1cf0b31125805fca6cf3a6",
          "exists": true,
          "path": "./cairn/archive/2026-06-25-survival-mob-drop-typed-event-migration/tasks.md"
        },
        {
          "content_hash": null,
          "exists": false,
          "path": "./cairn/changes/survival-mob-drop-typed-event-migration"
        }
      ],
      "manifest_hash": "c1c55ea5948953e760ddcb54ad55541e968cc4d60434f9b876f7bc782b923c7a"
    },
    "before": {
      "entries": [
        {
          "content_hash": "dd328afb9f66c4c18bcf0055d2273d74238933a860977867e40066e5dba664cd",
          "exists": true,
          "path": "./cairn/changes/survival-mob-drop-typed-event-migration/design.md"
        },
        {
          "content_hash": "c19a711474e2cd5c811c83d6dd5e7b75b33768581ad16c6a974a48f82ea3fb04",
          "exists": true,
          "path": "./cairn/changes/survival-mob-drop-typed-event-migration/proposal.md"
        },
        {
          "content_hash": "b84b99453f782bce1e19c551e81cb161b25520da3db7834ee3f533aa11337b41",
          "exists": true,
          "path": "./cairn/changes/survival-mob-drop-typed-event-migration/specs/mc-compatibility/spec.md"
        },
        {
          "content_hash": "1c8b15a858b8c03fd8cee0b3e3a2e31ca6ccd0911e1cf0b31125805fca6cf3a6",
          "exists": true,
          "path": "./cairn/changes/survival-mob-drop-typed-event-migration/tasks.md"
        }
      ],
      "manifest_hash": "59ea3c274334568e6a9f644cf323c14aac33ab32bd7e10225280febe9b16575f"
    },
    "kind": "archive",
    "manifest_hash": "b24c5c5392a77136b9fdc6365a3a35be15539835c9f093ba28796e71aa220078"
  },
  "plan_hash": "ea62f58a516def2d891c31228298624572b7c8291880d6ad948a38291ab9a3ec",
  "policy": "cairn-default",
  "policy_hash": "a210ed841d260e0bf026f3c67ec810216b6409cfe6036f9132b51cc4e3176618",
  "reasons": [],
  "receipt_hash": "ce521e81286e9fc15a2165d00ef5992a0f91e94b3e8409daac38dfb0787b90da"
}
cairn_archive_exit_status=0
exit_status=0
