MC-COMPAT-EVENT schema=1 source=client scenario=survival-furnace-smelting-breadth session=paper-survival-furnace-smelting-breadth-2026-06-21.receipt username=compatbot seq=1 event=protocol_detected
MC-COMPAT-EVENT schema=1 source=client scenario=survival-furnace-smelting-breadth session=paper-survival-furnace-smelting-breadth-2026-06-21.receipt username=compatbot seq=2 event=join_game
MC-COMPAT-EVENT schema=1 source=client scenario=survival-furnace-smelting-breadth session=paper-survival-furnace-smelting-breadth-2026-06-21.receipt username=compatbot seq=3 event=render_tick
MC-COMPAT-EVENT schema=1 source=client scenario=survival-furnace-smelting-breadth session=paper-survival-furnace-smelting-breadth-2026-06-21.receipt username=compatbot seq=4 event=survival_furnace_open_seen
MC-COMPAT-EVENT schema=1 source=client scenario=survival-furnace-smelting-breadth session=paper-survival-furnace-smelting-breadth-2026-06-21.receipt username=compatbot seq=5 event=survival_furnace_input_sent
MC-COMPAT-EVENT schema=1 source=client scenario=survival-furnace-smelting-breadth session=paper-survival-furnace-smelting-breadth-2026-06-21.receipt username=compatbot seq=6 event=survival_furnace_fuel_sent
MC-COMPAT-EVENT schema=1 source=client scenario=survival-furnace-smelting-breadth session=paper-survival-furnace-smelting-breadth-2026-06-21.receipt username=compatbot seq=7 event=survival_furnace_burn_progress_seen
MC-COMPAT-EVENT schema=1 source=client scenario=survival-furnace-smelting-breadth session=paper-survival-furnace-smelting-breadth-2026-06-21.receipt username=compatbot seq=8 event=survival_furnace_output_seen
MC-COMPAT-EVENT schema=1 source=client scenario=survival-furnace-smelting-breadth session=paper-survival-furnace-smelting-breadth-2026-06-21.receipt username=compatbot seq=9 event=survival_furnace_output_collected
MC-COMPAT-EVENT schema=1 source=client scenario=survival-furnace-smelting-breadth session=paper-survival-furnace-smelting-breadth-2026-06-21.receipt username=compatbot seq=10 event=survival_furnace_inventory_updated
MC-COMPAT-EVENT schema=1 source=client scenario=survival-furnace-smelting-breadth session=paper-survival-furnace-smelting-breadth-2026-06-21.receipt username=compatbot seq=11 event=survival_furnace_invalid_fuel_sent
MC-COMPAT-EVENT schema=1 source=server scenario=survival-furnace-smelting-breadth session=paper-survival-furnace-smelting-breadth-2026-06-21.receipt username=compatbot seq=12 event=server_username_seen
MC-COMPAT-EVENT schema=1 source=server scenario=survival-furnace-smelting-breadth session=paper-survival-furnace-smelting-breadth-2026-06-21.receipt username=compatbot seq=13 event=server_survival_furnace_open
MC-COMPAT-EVENT schema=1 source=server scenario=survival-furnace-smelting-breadth session=paper-survival-furnace-smelting-breadth-2026-06-21.receipt username=compatbot seq=14 event=server_survival_furnace_input
MC-COMPAT-EVENT schema=1 source=server scenario=survival-furnace-smelting-breadth session=paper-survival-furnace-smelting-breadth-2026-06-21.receipt username=compatbot seq=15 event=server_survival_furnace_fuel
MC-COMPAT-EVENT schema=1 source=server scenario=survival-furnace-smelting-breadth session=paper-survival-furnace-smelting-breadth-2026-06-21.receipt username=compatbot seq=16 event=server_survival_furnace_burn_progress
MC-COMPAT-EVENT schema=1 source=server scenario=survival-furnace-smelting-breadth session=paper-survival-furnace-smelting-breadth-2026-06-21.receipt username=compatbot seq=17 event=server_survival_furnace_output_available
MC-COMPAT-EVENT schema=1 source=server scenario=survival-furnace-smelting-breadth session=paper-survival-furnace-smelting-breadth-2026-06-21.receipt username=compatbot seq=18 event=server_survival_furnace_output_collect
MC-COMPAT-EVENT schema=1 source=server scenario=survival-furnace-smelting-breadth session=paper-survival-furnace-smelting-breadth-2026-06-21.receipt username=compatbot seq=19 event=server_survival_furnace_invalid_fuel_rejected
MC-COMPAT-EVENT schema=1 source=server scenario=survival-furnace-smelting-breadth session=paper-survival-furnace-smelting-breadth-2026-06-21.receipt username=compatbot seq=20 event=server_survival_furnace_breadth_state
