[init] Running as uid=1000 gid=1000 with /data as 'drwxr-xr-x 2 1000 1000 4096 May 27 12:37 /data'
[init] Image info: buildtime=2026-05-31T14:45:05.064Z,version=java17,revision=a4719f2ba6f5cbcde07fc90ec4b6c42533aba5ad
[init] Resolving type given PAPER
[39m[mc-image-helper] 21:11:53.457 INFO  : Downloaded /data/paper-1.20.1-196.jar
[0;39m[init] Copying any plugins from /plugins to /data/plugins
[39m[mc-image-helper] 21:11:54.457 INFO  : Copying /plugins/mc-compat-paper-survival-redstone-toggle-fixture-2026-06-02.jar -> /data/plugins/mc-compat-paper-survival-redstone-toggle-fixture-2026-06-02.jar
[0;39m[init] Copying any configs from /config to /data/config
[init] Creating server properties in /data/server.properties
[init] Disabling whitelist functionality
[39m[mc-image-helper] 21:11:55.103 INFO  : Created/updated 7 properties in /data/server.properties
[0;39m[39m[mc-image-helper] 21:11:55.928 INFO  : Downloaded /data/config/paper-world-defaults.yml from https://raw.githubusercontent.com/Shonz1/minecraft-default-configs/main/1.20.1/paper-world-defaults.yml
[0;39m[39m[mc-image-helper] 21:11:55.928 INFO  : Downloaded /data/config/paper-global.yml from https://raw.githubusercontent.com/Shonz1/minecraft-default-configs/main/1.20.1/paper-global.yml
[0;39m[39m[mc-image-helper] 21:11:57.034 INFO  : Downloaded /data/spigot.yml from https://raw.githubusercontent.com/Shonz1/minecraft-default-configs/main/1.20.1/spigot.yml
[0;39m[39m[mc-image-helper] 21:11:57.045 INFO  : Downloaded /data/bukkit.yml from https://raw.githubusercontent.com/Shonz1/minecraft-default-configs/main/1.20.1/bukkit.yml
[0;39m[init] Setting initial memory to 1G and max to 1G
[init] Starting the Minecraft server...
Downloading mojang_1.20.1.jar
Applying patches
Starting org.bukkit.craftbukkit.Main
*** Warning, you've not updated in a while! ***
*** Please download a new build as per instructions from https://papermc.io/downloads/paper ***
System Info: Java 17 (OpenJDK 64-Bit Server VM 17.0.15+6) Host: Linux 6.18.30 (amd64)
Loading libraries, please wait...
2026-06-02 21:11:59,524 ServerMain WARN Advanced terminal features are not available in this environment
[21:12:01 INFO]: Environment: authHost='https://authserver.mojang.com', accountsHost='https://api.mojang.com', sessionHost='https://sessionserver.mojang.com', servicesHost='https://api.minecraftservices.com', name='PROD'
[21:12:01 INFO]: Found new data pack file/bukkit, loading it automatically
[21:12:02 INFO]: Loaded 7 recipes
[21:12:02 INFO]: Starting minecraft server version 1.20.1
[21:12:02 INFO]: Loading properties
[21:12:02 INFO]: This server is running Paper version git-Paper-196 (MC: 1.20.1) (Implementing API version 1.20.1-R0.1-SNAPSHOT) (Git: 773dd72)
[21:12:02 INFO]: Server Ping Player Sample Count: 12
[21:12:02 INFO]: Using 4 threads for Netty based IO
[21:12:02 WARN]: [!] The timings profiler has been enabled but has been scheduled for removal from Paper in the future.
    We recommend installing the spark profiler as a replacement: https://spark.lucko.me/
    For more information please visit: https://github.com/PaperMC/Paper/issues/8948
[21:12:02 INFO]: [ChunkTaskScheduler] Chunk system is using 1 I/O threads, 8 worker threads, and gen parallelism of 8 threads
[21:12:02 INFO]: Default game type: SURVIVAL
[21:12:02 INFO]: Generating keypair
[21:12:02 INFO]: Starting Minecraft server on *:25565
[21:12:02 INFO]: Using epoll channel type
[21:12:02 INFO]: Paper: Using libdeflate (Linux x86_64) compression from Velocity.
[21:12:02 INFO]: Paper: Using OpenSSL 1.1.x (Linux x86_64) cipher from Velocity.
[21:12:02 INFO]: [McCompatSurvivalFixture] Loading server plugin McCompatSurvivalFixture v0.1.0
[21:12:02 WARN]: **** SERVER IS RUNNING IN OFFLINE/INSECURE MODE!
[21:12:02 WARN]: The server will make no attempt to authenticate usernames. Beware.
[21:12:02 WARN]: While this makes the game possible to play without internet access, it also opens up the ability for hackers to connect with any username they choose.
[21:12:02 WARN]: To change this, set "online-mode" to "true" in the server.properties file.
[21:12:02 INFO]: Preparing level "world"
[21:12:04 INFO]: Preparing start region for dimension minecraft:overworld
[21:12:04 INFO]: Time elapsed: 62 ms
[21:12:04 INFO]: Preparing start region for dimension minecraft:the_nether
[21:12:04 INFO]: Time elapsed: 28 ms
[21:12:04 INFO]: Preparing start region for dimension minecraft:the_end
[21:12:04 INFO]: Time elapsed: 36 ms
[21:12:04 INFO]: [McCompatSurvivalFixture] Enabling McCompatSurvivalFixture v0.1.0
[21:12:04 INFO]: [McCompatSurvivalFixture] MC-COMPAT-MILESTONE survival_fixture_enabled
[21:12:04 INFO]: Starting remote control listener
[21:12:04 INFO]: Thread RCON Listener started
[21:12:04 INFO]: RCON running on 0.0.0.0:25575
[21:12:04 INFO]: Running delayed init tasks
[21:12:04 INFO]: Done (2.636s)! For help, type "help"
[21:12:04 INFO]: Timings Reset
[21:12:08 INFO]: UUID of player compatbot is 44fbb854-bbe7-3711-88fe-c85ab1543ed5
[21:12:09 INFO]: compatbot joined the game
[21:12:09 INFO]: compatbot[/172.30.0.1:56776] logged in with entity id 410 at ([world]1.5, 78.0, 10.5)
[21:12:09 INFO]: [McCompatSurvivalFixture] MC-COMPAT-MILESTONE survival_join username=compatbot gamemode=Survival target=0,64,1
[21:12:11 INFO]: [McCompatSurvivalFixture] MC-COMPAT-MILESTONE survival_block_break username=compatbot item=Dirt at=0,64,1
[21:12:11 INFO]: [McCompatSurvivalFixture] MC-COMPAT-MILESTONE survival_redstone_toggle_input username=compatbot control=Lever position=20,64,0 powered_before=false powered_after=true
[21:12:11 INFO]: [McCompatSurvivalFixture] MC-COMPAT-MILESTONE survival_redstone_toggle_powered_on username=compatbot output=RedstoneLamp position=21,64,0 powered=true
[21:12:11 INFO]: [McCompatSurvivalFixture] MC-COMPAT-MILESTONE survival_redstone_toggle_powered_off username=compatbot output=RedstoneLamp position=21,64,0 powered=false
[21:12:11 INFO]: [McCompatSurvivalFixture] MC-COMPAT-MILESTONE survival_redstone_toggle_state username=compatbot control=Lever output=RedstoneLamp on_seen=true off_seen=true unintended_outputs=false
[21:12:12 INFO]: [McCompatSurvivalFixture] MC-COMPAT-MILESTONE survival_pickup_item username=compatbot slot=36 item=Dirt count=1
[21:12:14 INFO]: [McCompatSurvivalFixture] MC-COMPAT-MILESTONE survival_block_place username=compatbot item=Dirt from_slot=36 at=0,65,1
[21:12:35 INFO]: compatbot lost connection: Disconnected
[21:12:35 INFO]: compatbot left the game
