# survival crash-recovery Cairn gates
{
  "change": "survival-crash-recovery-parity",
  "evidence_summary": {
    "docs_only": 0,
    "fixture": 0,
    "formal": 0,
    "mode": "advisory",
    "model": 0,
    "probe": 0,
    "property": 0
  },
  "input_hash": "5563548cd84619bb0502dee660eee0ffd0821938d3786d5c676ca680eba81e4e",
  "issues": [],
  "layout": "cairn",
  "policy": "cairn-default",
  "policy_hash": "7d2c6606b81e38f9414e81df24c64c9a638d4c238d8a9c04412ac95e347c3355",
  "receipt_hash": "93ac62d0e4902700c44ace630c66866fecace6513e127e61e4345db2471799c9",
  "stage": "proposal",
  "valid": true,
  "verdict": "PASS"
}
cairn_gate_proposal_exit_status=0
{
  "change": "survival-crash-recovery-parity",
  "evidence_summary": {
    "docs_only": 0,
    "fixture": 0,
    "formal": 0,
    "mode": "advisory",
    "model": 0,
    "probe": 0,
    "property": 0
  },
  "input_hash": "3e404379fa0aeb867aac7bbd1670552ae033f4fafa4548684da21632e8ee6a2c",
  "issues": [],
  "layout": "cairn",
  "policy": "cairn-default",
  "policy_hash": "7d2c6606b81e38f9414e81df24c64c9a638d4c238d8a9c04412ac95e347c3355",
  "receipt_hash": "37c04a68ca85f5e4296895965676315fd34adcb6924475d031a3625bc639ff66",
  "stage": "design",
  "valid": true,
  "verdict": "PASS"
}
cairn_gate_design_exit_status=0
{
  "change": "survival-crash-recovery-parity",
  "evidence_summary": {
    "docs_only": 0,
    "fixture": 0,
    "formal": 0,
    "mode": "advisory",
    "model": 0,
    "probe": 0,
    "property": 0
  },
  "input_hash": "db8628cbfd82811f4daa216e359fc5f8752812224e8f54e8fd2b968ff29c8b96",
  "issues": [],
  "layout": "cairn",
  "policy": "cairn-default",
  "policy_hash": "7d2c6606b81e38f9414e81df24c64c9a638d4c238d8a9c04412ac95e347c3355",
  "receipt_hash": "9fcde8bdac74081e647fde0f97f10fd52ffd86a2bea5297c3deec7b8ac1faf61",
  "stage": "tasks",
  "valid": true,
  "verdict": "PASS"
}
cairn_gate_tasks_exit_status=0
{
  "change_issues": [],
  "changes": 1,
  "issues": [],
  "layout": "cairn",
  "policy": "cairn-default",
  "spec_issues": [],
  "specs_validated": 3,
  "valid": true
}
cairn_validate_exit_status=0
exit_status=0
