[main.rs:1037][INFO] Starting steven
[platform_impl/linux/x11/util/randr.rs:23][WARN] XRandR reported that the display's 0mm in size, which is certifiably insane
[platform_impl/linux/x11/window.rs:147][INFO] Guessed window scale factor: 1
[main.rs:1173][INFO] Shader version: #version 150
[main.rs:290][INFO] Detected server protocol version 763
[server/mod.rs:821][INFO] MC-COMPAT-MILESTONE connect_start protocol=763 address=127.0.0.1:25566
[server/mod.rs:826][INFO] MC-COMPAT-MILESTONE tcp_connected
[server/mod.rs:843][INFO] MC-COMPAT-MILESTONE handshake_sent next=login
[server/mod.rs:857][INFO] MC-COMPAT-MILESTONE login_start_sent
[server/mod.rs:864][INFO] MC-COMPAT-MILESTONE login_compression threshold=256
[server/mod.rs:925][WARN] Server is running in offline mode
[server/mod.rs:926][INFO] MC-COMPAT-MILESTONE login_success state=play protocol=763 username=compatbot properties=0
[server/mod.rs:2976][INFO] MC-COMPAT-MILESTONE join_game_763_shape dimension_type=minecraft:overworld world=minecraft:overworld portal_cooldown=0
[world/mod.rs:1123][INFO] Dimension bounds: min_y=-64 height=384
[server/mod.rs:3061][INFO] MC-COMPAT-MILESTONE join_game entity_id=267 gamemode=Survival
[server/mod.rs:5499][INFO] Received chat message: unhandled: multiplayer.player.joined
[server/mod.rs:1530][INFO] MC-COMPAT-MILESTONE render_tick_with_player
[server/mod.rs:3609][INFO] MC-COMPAT-MILESTONE update_health health=20.0 food=20 saturation=5.0
[server/mod.rs:5680][INFO] MC-COMPAT-MILESTONE first_chunk_data chunk_x=1 chunk_z=-1
[server/mod.rs:4183][INFO] MC-COMPAT-MILESTONE survival_block_entity_post_restart_update kind=Sign position=28,64,0 text=MC|Compat|Sign|Persist source=chunk
[model/mod.rs:398][ERROR] Error missing block state for minecraft:stripped_spruce_log_wood
[model/mod.rs:368][ERROR] Error loading model minecraft:stripped_spruce_log_wood
[model/mod.rs:398][ERROR] Error missing block state for minecraft:trapdoor
[model/mod.rs:368][ERROR] Error loading model minecraft:trapdoor
[model/mod.rs:398][ERROR] Error missing block state for minecraft:noteblock
[model/mod.rs:368][ERROR] Error loading model minecraft:noteblock
[model/mod.rs:398][ERROR] Error missing block state for minecraft:stripped_acacia_log_wood
[model/mod.rs:368][ERROR] Error loading model minecraft:stripped_acacia_log_wood
[model/mod.rs:398][ERROR] Error missing block state for minecraft:stripped_birch_log_log
[model/mod.rs:368][ERROR] Error loading model minecraft:stripped_birch_log_log
[model/mod.rs:398][ERROR] Error missing block state for minecraft:stripped_birch_log_wood
[model/mod.rs:368][ERROR] Error loading model minecraft:stripped_birch_log_wood
[model/mod.rs:398][ERROR] Error missing block state for minecraft:stripped_dark_oak_log_log
[model/mod.rs:368][ERROR] Error loading model minecraft:stripped_dark_oak_log_log
[model/mod.rs:398][ERROR] Error missing block state for minecraft:stripped_jungle_log_log
[model/mod.rs:368][ERROR] Error loading model minecraft:stripped_jungle_log_log
[model/mod.rs:398][ERROR] Error missing block state for minecraft:stripped_acacia_log_log
[model/mod.rs:368][ERROR] Error loading model minecraft:stripped_acacia_log_log
[server/mod.rs:4109][INFO] MC-COMPAT-MILESTONE survival_block_entity_move_near_target x=28.5 y=65.0 z=-1.5 position=28,64,0 session=2
