[main.rs:1037][INFO] Starting steven
[platform_impl/linux/x11/util/randr.rs:23][WARN] XRandR reported that the display's 0mm in size, which is certifiably insane
[platform_impl/linux/x11/window.rs:147][INFO] Guessed window scale factor: 1
[main.rs:1173][INFO] Shader version: #version 150
[main.rs:290][INFO] Detected server protocol version 763
[server/mod.rs:688][INFO] MC-COMPAT-MILESTONE connect_start protocol=763 address=127.0.0.1:25566
[server/mod.rs:693][INFO] MC-COMPAT-MILESTONE tcp_connected
[server/mod.rs:710][INFO] MC-COMPAT-MILESTONE handshake_sent next=login
[server/mod.rs:724][INFO] MC-COMPAT-MILESTONE login_start_sent
[server/mod.rs:731][INFO] MC-COMPAT-MILESTONE login_compression threshold=256
[server/mod.rs:792][WARN] Server is running in offline mode
[server/mod.rs:793][INFO] MC-COMPAT-MILESTONE login_success state=play protocol=763 username=compatbot properties=0
[server/mod.rs:2833][INFO] MC-COMPAT-MILESTONE join_game_763_shape dimension_type=minecraft:overworld world=minecraft:overworld portal_cooldown=0
[world/mod.rs:1123][INFO] Dimension bounds: min_y=-64 height=384
[server/mod.rs:2918][INFO] MC-COMPAT-MILESTONE join_game entity_id=221 gamemode=Survival
[server/mod.rs:5270][INFO] Received chat message: unhandled: multiplayer.player.joined
[server/mod.rs:1389][INFO] MC-COMPAT-MILESTONE render_tick_with_player
[server/mod.rs:3466][INFO] MC-COMPAT-MILESTONE update_health health=20.0 food=20 saturation=5.0
[server/mod.rs:5418][INFO] MC-COMPAT-MILESTONE first_chunk_data chunk_x=1 chunk_z=-1
[model/mod.rs:398][ERROR] Error missing block state for minecraft:stripped_spruce_log_wood
[model/mod.rs:368][ERROR] Error loading model minecraft:stripped_spruce_log_wood
[model/mod.rs:398][ERROR] Error missing block state for minecraft:noteblock
[model/mod.rs:368][ERROR] Error loading model minecraft:noteblock
[model/mod.rs:398][ERROR] Error missing block state for minecraft:wooden_button
[model/mod.rs:368][ERROR] Error loading model minecraft:wooden_button
[model/mod.rs:398][ERROR] Error missing block state for minecraft:trapdoor
[model/mod.rs:368][ERROR] Error loading model minecraft:trapdoor
[server/mod.rs:3851][INFO] MC-COMPAT-MILESTONE survival_world_persistence_move_near_target x=24.5 y=65.0 z=-1.5 position=24,64,0 session=1
[server/mod.rs:3888][INFO] MC-COMPAT-MILESTONE survival_world_persistence_mutation_sent block=Dirt position=24,64,0 slot=36 hand=main sequence=933
[server/mod.rs:3911][INFO] MC-COMPAT-MILESTONE survival_world_persistence_pre_restart_update block=Dirt position=24,64,0 raw_id=10
[server/mod.rs:3921][INFO] MC-COMPAT-MILESTONE survival_world_persistence_reconnect_sent session=restart
