survival-hunger-food matrix promotion validation 2026-06-02T15:34:28Z
rustc 1.95.0 (59807616e 2026-04-14) (built from a source tarball)
b3sum 1.8.5
rustfmt 1.9.0

## compile tools/check_survival_coverage_matrix.rs
## self-test tools/check_survival_coverage_matrix.rs
survival coverage matrix self-test ok: positive and negative fixtures exercised
## validate tools/check_survival_coverage_matrix.rs
survival coverage matrix check passed: 9 rows validated

## compile tools/check_acceptance_matrix.rs
## self-test tools/check_acceptance_matrix.rs
acceptance matrix self-test ok: positive and negative fixtures exercised
## validate tools/check_acceptance_matrix.rs
acceptance matrix check passed: 32 rows validated

## compile tools/check_current_evidence_bundle.rs
## self-test tools/check_current_evidence_bundle.rs
current evidence bundle self-test ok: positive and negative fixtures exercised
## validate tools/check_current_evidence_bundle.rs
current evidence bundle check passed: 32 rows validated

## compile tools/check_evidence_manifests.rs
## self-test tools/check_evidence_manifests.rs
evidence manifest self-test ok: positive and negative fixtures exercised
## validate tools/check_evidence_manifests.rs
evidence manifests ok: 270 manifests, 1590 entries, 86 receipts scanned

## compile tools/check_full_survival_compatibility_gate.rs
## self-test tools/check_full_survival_compatibility_gate.rs
full survival compatibility gate self-test ok: all-covered success and fail-closed fixtures exercised
## validate tools/check_full_survival_compatibility_gate.rs
full survival compatibility gate passed: 6 covered rows, 3 missing rows

exit_status=0
