## paper survival fixture jar build after smelting breadth adjustment
Directory /home/brittonr/git/mc/tools/paper-survival-fixture
/home/brittonr/git/mc/tools/paper-survival-fixture extracted from the -f/--file command-line argument tools/paper-survival-fixture/pom.xml does not exist
[INFO] Scanning for projects...
[INFO] 
[INFO] ------------------< mc.compat:paper-survival-fixture >------------------
[INFO] Building paper-survival-fixture 0.1.0
[INFO]   from pom.xml
[INFO] --------------------------------[ jar ]---------------------------------
[INFO] 
[INFO] --- resources:3.3.1:resources (default-resources) @ paper-survival-fixture ---
[WARNING] Using platform encoding (UTF-8 actually) to copy filtered resources, i.e. build is platform dependent!
[INFO] Copying 1 resource from src/main/resources to target/classes
[INFO] 
[INFO] --- compiler:3.13.0:compile (default-compile) @ paper-survival-fixture ---
[INFO] Recompiling the module because of changed source code.
[WARNING] File encoding has not been set, using platform encoding UTF-8, i.e. build is platform dependent!
[INFO] Compiling 1 source file with javac [debug release 17] to target/classes
[INFO] Annotation processing is enabled because one or more processors were found
  on the class path. A future release of javac may disable annotation processing
  unless at least one processor is specified by name (-processor), or a search
  path is specified (--processor-path, --processor-module-path), or annotation
  processing is enabled explicitly (-proc:only, -proc:full).
  Use -Xlint:-options to suppress this message.
  Use -proc:none to disable annotation processing.
[INFO] /home/brittonr/git/mc/tools/paper-survival-fixture/src/main/java/mc/compat/paper/SurvivalFixturePlugin.java: /home/brittonr/git/mc/tools/paper-survival-fixture/src/main/java/mc/compat/paper/SurvivalFixturePlugin.java uses or overrides a deprecated API.
[INFO] /home/brittonr/git/mc/tools/paper-survival-fixture/src/main/java/mc/compat/paper/SurvivalFixturePlugin.java: Recompile with -Xlint:deprecation for details.
[INFO] 
[INFO] --- resources:3.3.1:testResources (default-testResources) @ paper-survival-fixture ---
[WARNING] Using platform encoding (UTF-8 actually) to copy filtered resources, i.e. build is platform dependent!
[INFO] skip non existing resourceDirectory /home/brittonr/git/mc/tools/paper-survival-fixture/src/test/resources
[INFO] 
[INFO] --- compiler:3.13.0:testCompile (default-testCompile) @ paper-survival-fixture ---
[INFO] No sources to compile
[INFO] 
[INFO] --- surefire:3.2.5:test (default-test) @ paper-survival-fixture ---
[INFO] Tests are skipped.
[INFO] 
[INFO] --- jar:3.4.2:jar (default-jar) @ paper-survival-fixture ---
[INFO] Building jar: /home/brittonr/git/mc/tools/paper-survival-fixture/target/paper-survival-fixture-0.1.0.jar
[INFO] ------------------------------------------------------------------------
[INFO] BUILD SUCCESS
[INFO] ------------------------------------------------------------------------
[INFO] Total time:  1.016 s
[INFO] Finished at: 2026-06-21T13:49:29-04:00
[INFO] ------------------------------------------------------------------------
exit_status=0
