[main.rs:1173][INFO] Starting steven
[platform_impl/linux/x11/util/randr.rs:23][WARN] XRandR reported that the display's 0mm in size, which is certifiably insane
[platform_impl/linux/x11/window.rs:147][INFO] Guessed window scale factor: 1
[main.rs:1309][INFO] Shader version: #version 150
[main.rs:316][INFO] Detected server protocol version 763
[server/mod.rs:992][INFO] MC-COMPAT-MILESTONE connect_start protocol=763 address=127.0.0.1:25565
[server/mod.rs:997][INFO] MC-COMPAT-MILESTONE tcp_connected
[server/mod.rs:1014][INFO] MC-COMPAT-MILESTONE handshake_sent next=login
[server/mod.rs:1028][INFO] MC-COMPAT-MILESTONE login_start_sent
[server/mod.rs:1035][INFO] MC-COMPAT-MILESTONE login_compression threshold=256
[server/mod.rs:1096][WARN] Server is running in offline mode
[server/mod.rs:1097][INFO] MC-COMPAT-MILESTONE login_success state=play protocol=763 username=compatbot properties=0
[server/mod.rs:3239][INFO] MC-COMPAT-MILESTONE join_game_763_shape dimension_type=minecraft:overworld world=minecraft:overworld portal_cooldown=0
[world/mod.rs:1123][INFO] Dimension bounds: min_y=-64 height=384
[server/mod.rs:3324][INFO] MC-COMPAT-MILESTONE join_game entity_id=0 gamemode=Survival
[server/mod.rs:6300][INFO] Received chat message: Welcome to the Valence survival compatibility fixture.
[server/mod.rs:3872][INFO] MC-COMPAT-MILESTONE update_health health=14.0 food=20 saturation=0.0
[server/mod.rs:6481][INFO] MC-COMPAT-MILESTONE first_chunk_data chunk_x=0 chunk_z=0
[server/mod.rs:1732][INFO] MC-COMPAT-MILESTONE render_tick_with_player
[server/mod.rs:5008][INFO] MC-COMPAT-MILESTONE survival_crafting_breadth_shaped_seen window=1 recipe=minecraft:chest input=oak_planksx8 result=Chest count=1
[server/mod.rs:5011][INFO] MC-COMPAT-MILESTONE survival_crafting_breadth_shapeless_seen window=1 recipe=minecraft:oak_planks input=oak_logx1 result=OakPlanks count=4
[server/mod.rs:5014][INFO] MC-COMPAT-MILESTONE survival_crafting_breadth_grid_clear_seen window=1 occupied_slots=0
[server/mod.rs:5017][INFO] MC-COMPAT-MILESTONE survival_crafting_breadth_invalid_seen window=1 recipe=minecraft:stick_insufficient_input_rejection input=single_oak_plank outcome=no_result
[server/mod.rs:5020][INFO] MC-COMPAT-MILESTONE survival_crafting_breadth_inventory_updated slot=36 item=Chest count=1 slot=37 item=OakPlanks count=4
