# Cairn sync dry-run
timestamp=2026-06-24T02:11:02Z
$ nix run .#cairn -- sync unify-spatial-raycast-collision --root .
{
  "actions": [
    {
      "description": "merge delta spec into main specs: ./cairn/changes/unify-spatial-raycast-collision/specs/valence-hyperion-integration/spec.md",
      "kind": "sync_delta_spec",
      "path": "./cairn/changes/unify-spatial-raycast-collision/specs/valence-hyperion-integration/spec.md"
    }
  ],
  "blocked": false,
  "change": "unify-spatial-raycast-collision",
  "delta_specs": [
    "./cairn/changes/unify-spatial-raycast-collision/specs/valence-hyperion-integration/spec.md"
  ],
  "dry_run": true,
  "input_hash": "f93c803d93fc6b3c6b8efb76ff48c479afea22df701a46b7d177ebe3bfbb78e0",
  "layout": "cairn",
  "mutated": false,
  "mutation_manifest": null,
  "plan_hash": "3e49a49eac046ebbe2579aee5c1b0fddfa8f1c5937f53d6ae529a851f2418195",
  "policy": "cairn-default",
  "policy_hash": "a210ed841d260e0bf026f3c67ec810216b6409cfe6036f9132b51cc4e3176618",
  "reasons": [],
  "receipt_hash": "5557ebc96092f634d31bbd2533a792d764a50d2eb586d6be5b5c5171a4cb6301"
}
exit_status=0
]0;