# Cairn gates after accepted spec sync/merge
timestamp=2026-06-24T02:14:44Z

$ nix run .#cairn -- validate --root .
{
  "change_issues": [],
  "changes": 8,
  "issues": [],
  "layout": "cairn",
  "policy": "cairn-default",
  "spec_issues": [],
  "specs_validated": 12,
  "valid": true
}
exit_status=0

$ nix run .#cairn -- gate proposal unify-spatial-raycast-collision --root .
{
  "change": "unify-spatial-raycast-collision",
  "evidence_summary": {
    "docs_only": 0,
    "fixture": 0,
    "formal": 0,
    "mode": "advisory",
    "model": 0,
    "probe": 0,
    "property": 0
  },
  "input_hash": "33794ec8ad862a9b1f8f151f3c8181060ca69b96ab7d9d1657a7f3afbb9f2815",
  "issues": [],
  "layout": "cairn",
  "policy": "cairn-default",
  "policy_hash": "a210ed841d260e0bf026f3c67ec810216b6409cfe6036f9132b51cc4e3176618",
  "receipt_hash": "b86f5ee6c107bdd6395b9057fbb7100247c668fc3e19cc5e3b8a62bb091917d6",
  "stage": "proposal",
  "valid": true,
  "verdict": "PASS"
}
exit_status=0

$ nix run .#cairn -- gate design unify-spatial-raycast-collision --root .
{
  "change": "unify-spatial-raycast-collision",
  "evidence_summary": {
    "docs_only": 0,
    "fixture": 0,
    "formal": 0,
    "mode": "advisory",
    "model": 0,
    "probe": 0,
    "property": 0
  },
  "input_hash": "23c83d1d5ee48e6c917a0533829faae2825a4940e98f82b6dec8b8b465b3f09d",
  "issues": [],
  "layout": "cairn",
  "policy": "cairn-default",
  "policy_hash": "a210ed841d260e0bf026f3c67ec810216b6409cfe6036f9132b51cc4e3176618",
  "receipt_hash": "8d0539df71ea8fc3159b167473450f1cbe36c382ebb97f56e6a3e9d773bdd364",
  "stage": "design",
  "valid": true,
  "verdict": "PASS"
}
exit_status=0

$ nix run .#cairn -- gate tasks unify-spatial-raycast-collision --root .
{
  "change": "unify-spatial-raycast-collision",
  "evidence_summary": {
    "docs_only": 0,
    "fixture": 0,
    "formal": 0,
    "mode": "advisory",
    "model": 0,
    "probe": 0,
    "property": 0
  },
  "input_hash": "c698251fd2290b85a74d06ee134562cef9e70b1f9205f73e3726702822c4633f",
  "issues": [],
  "layout": "cairn",
  "policy": "cairn-default",
  "policy_hash": "a210ed841d260e0bf026f3c67ec810216b6409cfe6036f9132b51cc4e3176618",
  "receipt_hash": "b0e029b73cba311faaf36052227afbaf0c3f2c1a19e2121ad73f6eca699fffb6",
  "stage": "tasks",
  "valid": true,
  "verdict": "PASS"
}
exit_status=0
