# focused Cairn gates after implementation task slices
timestamp=2026-06-24T02:09:17Z

$ nix run .#cairn -- gate proposal unify-spatial-raycast-collision --root .
{
  "change": "unify-spatial-raycast-collision",
  "evidence_summary": {
    "docs_only": 0,
    "fixture": 0,
    "formal": 0,
    "mode": "advisory",
    "model": 0,
    "probe": 0,
    "property": 0
  },
  "input_hash": "bb1f2501f94ce6e55ab832177ab6d9526b944cd3f22b7a687a95a04db3bc0c62",
  "issues": [],
  "layout": "cairn",
  "policy": "cairn-default",
  "policy_hash": "a210ed841d260e0bf026f3c67ec810216b6409cfe6036f9132b51cc4e3176618",
  "receipt_hash": "cdc2b7ef64713233259104c32661e38cfca2e46cbe0cd3a950254c69c10dc072",
  "stage": "proposal",
  "valid": true,
  "verdict": "PASS"
}
exit_status=0

$ nix run .#cairn -- gate design unify-spatial-raycast-collision --root .
{
  "change": "unify-spatial-raycast-collision",
  "evidence_summary": {
    "docs_only": 0,
    "fixture": 0,
    "formal": 0,
    "mode": "advisory",
    "model": 0,
    "probe": 0,
    "property": 0
  },
  "input_hash": "1f0434d17fef520c4f49c6ea2875d9d0adcd035c9affb1b1bd4adf20b843652a",
  "issues": [],
  "layout": "cairn",
  "policy": "cairn-default",
  "policy_hash": "a210ed841d260e0bf026f3c67ec810216b6409cfe6036f9132b51cc4e3176618",
  "receipt_hash": "5b6908d810b91bf3784ec591a338d7207e4bdea3c719b793633dfc6bdf7b4dda",
  "stage": "design",
  "valid": true,
  "verdict": "PASS"
}
exit_status=0

$ nix run .#cairn -- gate tasks unify-spatial-raycast-collision --root .
{
  "change": "unify-spatial-raycast-collision",
  "evidence_summary": {
    "docs_only": 0,
    "fixture": 0,
    "formal": 0,
    "mode": "advisory",
    "model": 0,
    "probe": 0,
    "property": 0
  },
  "input_hash": "a5d0c813717a426dd7bc7cbf1c5a685e67fc9b4106c14a441468d920c0ceac52",
  "issues": [],
  "layout": "cairn",
  "policy": "cairn-default",
  "policy_hash": "a210ed841d260e0bf026f3c67ec810216b6409cfe6036f9132b51cc4e3176618",
  "receipt_hash": "36270dd17a1a1d49c1dbd6758629825d48de94322dd67ffbf663e9d003f94bdf",
  "stage": "tasks",
  "valid": true,
  "verdict": "PASS"
}
exit_status=0

$ nix run .#cairn -- validate --root .
{
  "change_issues": [],
  "changes": 8,
  "issues": [],
  "layout": "cairn",
  "policy": "cairn-default",
  "spec_issues": [],
  "specs_validated": 12,
  "valid": true
}
exit_status=0
