# command: nix run .#cairn -- sync upstream-byte-backed-protocol-path --root .
# cwd: /home/brittonr/git/mc
# started_at_utc: 2026-06-24T02:49:25Z
{
  "actions": [
    {
      "description": "merge delta spec into main specs: ./cairn/changes/upstream-byte-backed-protocol-path/specs/valence-hyperion-integration/spec.md",
      "kind": "sync_delta_spec",
      "path": "./cairn/changes/upstream-byte-backed-protocol-path/specs/valence-hyperion-integration/spec.md"
    }
  ],
  "blocked": false,
  "change": "upstream-byte-backed-protocol-path",
  "delta_specs": [
    "./cairn/changes/upstream-byte-backed-protocol-path/specs/valence-hyperion-integration/spec.md"
  ],
  "dry_run": true,
  "input_hash": "8ae9ded03c5923d53daf5780a46ba4da39b6219a1ea702ee4913f01d15c3aa5d",
  "layout": "cairn",
  "mutated": false,
  "mutation_manifest": null,
  "plan_hash": "bb227536741d0fe388c9372736661f5641de6daf02f9ce186a8641f3006a6e64",
  "policy": "cairn-default",
  "policy_hash": "a210ed841d260e0bf026f3c67ec810216b6409cfe6036f9132b51cc4e3176618",
  "reasons": [],
  "receipt_hash": "a6feae6619bea31983a2cc191dce47f11f7e205ff90e31a9c4b553a1a74de9e9"
}
exit_status=0
# finished_at_utc: 2026-06-24T02:49:26Z
