# command: nix run .#cairn -- gate design upstream-byte-backed-protocol-path --root .
# cwd: /home/brittonr/git/mc
# started_at_utc: 2026-06-24T02:20:11Z
{
  "change": "upstream-byte-backed-protocol-path",
  "evidence_summary": {
    "docs_only": 0,
    "fixture": 0,
    "formal": 0,
    "mode": "advisory",
    "model": 0,
    "probe": 0,
    "property": 0
  },
  "input_hash": "62ff8a00afb501949423c919d287de5f5135b37a99cafc3788db0460f28cd93c",
  "issues": [],
  "layout": "cairn",
  "policy": "cairn-default",
  "policy_hash": "a210ed841d260e0bf026f3c67ec810216b6409cfe6036f9132b51cc4e3176618",
  "receipt_hash": "5684f3d7708c4842dda1eb45fa9d27293e3eb11c4d779514f47c87774b240b3e",
  "stage": "design",
  "valid": true,
  "verdict": "PASS"
}
exit_status=0
# finished_at_utc: 2026-06-24T02:20:11Z
