# command: nix run .#cairn -- gate tasks upstream-byte-backed-protocol-path --root .
# cwd: /home/brittonr/git/mc
# started_at_utc: 2026-06-24T02:20:11Z
{
  "change": "upstream-byte-backed-protocol-path",
  "evidence_summary": {
    "docs_only": 0,
    "fixture": 0,
    "formal": 0,
    "mode": "advisory",
    "model": 0,
    "probe": 0,
    "property": 0
  },
  "input_hash": "f842ead54a0ad717373b460f62cd0e5a58b22922869c278a4bf9a6b4b58ca772",
  "issues": [],
  "layout": "cairn",
  "policy": "cairn-default",
  "policy_hash": "a210ed841d260e0bf026f3c67ec810216b6409cfe6036f9132b51cc4e3176618",
  "receipt_hash": "cd3c4c41de01d532ca11b2bb00b86a2e29e41291ab3ba42ed734f030207b7e7a",
  "stage": "tasks",
  "valid": true,
  "verdict": "PASS"
}
exit_status=0
# finished_at_utc: 2026-06-24T02:20:11Z
