# command: nix run .#cairn -- archive upstream-byte-backed-protocol-path --root .
# cwd: /home/brittonr/git/mc
# archive_date: 2026-06-24
# started_at_utc: 2026-06-24T02:51:21Z
{
  "actions": [
    {
      "description": "move active change to archive: upstream-byte-backed-protocol-path",
      "kind": "archive_change",
      "path": "./cairn/changes/upstream-byte-backed-protocol-path"
    }
  ],
  "blocked": false,
  "change": "upstream-byte-backed-protocol-path",
  "dry_run": true,
  "input_hash": "8ae9ded03c5923d53daf5780a46ba4da39b6219a1ea702ee4913f01d15c3aa5d",
  "layout": "cairn",
  "mutated": false,
  "mutation_manifest": null,
  "plan_hash": "585ba038d397adb6f85b1f4a4e0727e6ebef51224cf306242a4494157cb42ecd",
  "policy": "cairn-default",
  "policy_hash": "a210ed841d260e0bf026f3c67ec810216b6409cfe6036f9132b51cc4e3176618",
  "reasons": [],
  "receipt_hash": "941f0853fc1e90f09f1c7fef678c062224aa5c71946366e183b57e440645f888"
}
exit_status=0
# finished_at_utc: 2026-06-24T02:51:22Z
