# command: nix develop --no-update-lock-file /home/brittonr/git/mc -c cargo test -p valence_network --all-features
# cwd: /home/brittonr/git/mc/servers/valence
# started_at_utc: 2026-06-24T02:37:08Z
mc compat shell: use 'mc-compat-runner --dry-run' or 'nix run .#mc-compat-smoke -- --run'
Stevenarella dev env: cargo/rustc/xvfb-run/OpenSSL/fontconfig/freetype/libxcb paths are available
OnixResearch tools are pinned over SSH: cairn, cargo-octet
Steel is available for repo scripts, e.g. steel scripts/ralph-drain-cairns.scm --self-test
warning: unknown lint: `path_segment_repetition`
  --> crates/valence_text/src/color/mod.rs:12:9
   |
12 | #[allow(path_segment_repetition)]
   |         ^^^^^^^^^^^^^^^^^^^^^^^
   |
   = note: `#[warn(unknown_lints)]` on by default

warning: unknown lint: `path_segment_repetition`
  --> crates/valence_text/src/color/mod.rs:28:9
   |
28 | #[allow(path_segment_repetition)]
   |         ^^^^^^^^^^^^^^^^^^^^^^^

warning: unknown lint: `path_segment_repetition`
  --> crates/valence_text/src/color/mod.rs:41:9
   |
41 | #[allow(path_segment_repetition)]
   |         ^^^^^^^^^^^^^^^^^^^^^^^

warning: unknown lint: `path_segment_repetition`
  --> crates/valence_text/src/color/mod.rs:81:9
   |
81 | #[allow(path_segment_repetition)]
   |         ^^^^^^^^^^^^^^^^^^^^^^^

warning: unknown lint: `deref_polymorphism`
 --> crates/valence_text/src/ops.rs:2:9
  |
2 | #[allow(deref_polymorphism)]
  |         ^^^^^^^^^^^^^^^^^^

warning: `valence_text` (lib) generated 5 warnings
   Compiling valence_protocol v0.2.0-alpha.1+mc.1.20.1 (/home/brittonr/git/mc/servers/valence/crates/valence_protocol)
   Compiling valence_server_common v0.2.0-alpha.1+mc.1.20.1 (/home/brittonr/git/mc/servers/valence/crates/valence_server_common)
   Compiling valence_registry v0.2.0-alpha.1+mc.1.20.1 (/home/brittonr/git/mc/servers/valence/crates/valence_registry)
   Compiling valence_entity v0.2.0-alpha.1+mc.1.20.1 (/home/brittonr/git/mc/servers/valence/crates/valence_entity)
   Compiling valence_server v0.2.0-alpha.1+mc.1.20.1 (/home/brittonr/git/mc/servers/valence/crates/valence_server)
   Compiling valence_network v0.2.0-alpha.1+mc.1.20.1 (/home/brittonr/git/mc/servers/valence/crates/valence_network)
    Finished `test` profile [optimized + debuginfo] target(s) in 3.76s
     Running unittests src/lib.rs (/home/brittonr/.cargo-target/debug/deps/valence_network-74765dc8689cf660)

running 26 tests
test byte_channel::tests::byte_channel_try ... ok
test connect::tests::auth_digest_usernames ... ok
test byte_channel::tests::byte_channel_async ... ok
test profile_cache::tests::cache_entry_status_classifies_fresh_stale_and_expired_entries ... ok
test profile_cache::tests::admit_profile_request_rejects_exhausted_window ... ok
test profile_cache::tests::parse_profile_response_rejects_missing_id ... ok
test profile_cache::tests::parse_profile_response_accepts_valid_profile ... ok
test profile_cache::tests::parse_profile_response_rejects_provider_errors ... ok
test profile_cache::tests::resolve_profile_blocks_request_when_rate_limit_exhausted ... ok
test profile_cache::tests::resolve_profile_does_not_store_malformed_provider_response ... ok
test profile_cache::tests::resolve_profile_fails_closed_on_corrupted_cache_by_default ... ok
test profile_cache::tests::resolve_profile_returns_disabled_without_provider_request ... ok
test profile_cache::tests::resolve_profile_fetches_and_stores_cache_miss ... ok
test profile_cache::tests::resolve_profile_serves_stale_cache_when_provider_fails_and_policy_allows ... ok
test profile_cache::tests::validate_profile_cache_config_requires_provider_when_enabled ... ok
test profile_cache::tests::resolve_profile_uses_fresh_cache_without_provider_request ... ok
test profile_cache::tests::resolve_profile_uses_provider_after_corruption_when_policy_allows ... ok
test proxy_broadcast::tests::global_local_channel_and_unicast_routes_are_deterministic ... ok
test proxy_broadcast::tests::invalid_visibility_state_fails_closed_before_delivery ... ok
test proxy_broadcast::tests::malformed_unknown_and_backpressure_messages_are_rejected ... ok
test proxy_broadcast::tests::proxy_flush_shell_reports_disconnected_streams_and_backpressure ... ok
test proxy_broadcast::tests::state_reducers_handle_lifecycle_subscription_position_and_shutdown ... ok
test proxy_broadcast::tests::state_reducers_reject_invalid_positions_unknown_channels_and_duplicate_streams ... ok
test status_response_resource_tests::configured_status_response_resource_is_stable ... ok
test status_response_resource_tests::default_status_response_resource_matches_existing_defaults ... ok
test proxy_broadcast::tests::optional_backend_plugin_is_disabled_until_enabled_by_application ... ok

test result: ok. 26 passed; 0 failed; 0 ignored; 0 measured; 0 filtered out; finished in 0.00s

   Doc-tests valence_network

running 1 test
test crates/valence_network/src/legacy_ping.rs - legacy_ping::ServerListLegacyPingResponse (line 33) ... ok

test result: ok. 1 passed; 0 failed; 0 ignored; 0 measured; 0 filtered out; finished in 1.40s

exit_status=0
# finished_at_utc: 2026-06-24T02:37:14Z
