# command: final cairn gates for upstream-byte-backed-protocol-path
# cwd: /home/brittonr/git/mc
# started_at_utc: 2026-06-24T02:43:34Z
{
  "change": "upstream-byte-backed-protocol-path",
  "evidence_summary": {
    "docs_only": 0,
    "fixture": 0,
    "formal": 0,
    "mode": "advisory",
    "model": 0,
    "probe": 0,
    "property": 0
  },
  "input_hash": "b91a51a22e4a3d7f8d9d60002a2555191e82c6c9a60fd0655841638ba6035dd9",
  "issues": [],
  "layout": "cairn",
  "policy": "cairn-default",
  "policy_hash": "a210ed841d260e0bf026f3c67ec810216b6409cfe6036f9132b51cc4e3176618",
  "receipt_hash": "162bcd45f323a6c197b8206dc9399d4f9c704ac66f74ae58591c881396c1fbae",
  "stage": "proposal",
  "valid": true,
  "verdict": "PASS"
}
proposal_exit_status=0
{
  "change": "upstream-byte-backed-protocol-path",
  "evidence_summary": {
    "docs_only": 0,
    "fixture": 0,
    "formal": 0,
    "mode": "advisory",
    "model": 0,
    "probe": 0,
    "property": 0
  },
  "input_hash": "08fc6396793e46b5fd26815bc545e634e29becebdf4c3c04861009d45b033d6a",
  "issues": [],
  "layout": "cairn",
  "policy": "cairn-default",
  "policy_hash": "a210ed841d260e0bf026f3c67ec810216b6409cfe6036f9132b51cc4e3176618",
  "receipt_hash": "342739e49e4538405f6cfea48537e6d25b8a4e921c38341023156db79acb6ba9",
  "stage": "design",
  "valid": true,
  "verdict": "PASS"
}
design_exit_status=0
{
  "change": "upstream-byte-backed-protocol-path",
  "evidence_summary": {
    "docs_only": 0,
    "fixture": 0,
    "formal": 0,
    "mode": "advisory",
    "model": 0,
    "probe": 0,
    "property": 0
  },
  "input_hash": "a04829774c7810d3153bd5b9a191a73adaf60225c48a6cd2798fe752fec9d9f6",
  "issues": [],
  "layout": "cairn",
  "policy": "cairn-default",
  "policy_hash": "a210ed841d260e0bf026f3c67ec810216b6409cfe6036f9132b51cc4e3176618",
  "receipt_hash": "8d92cf102d8652e8fb99997afb4119689506bb85c5a50583c9f33deda0db2052",
  "stage": "tasks",
  "valid": true,
  "verdict": "PASS"
}
tasks_exit_status=0
exit_status=0
# finished_at_utc: 2026-06-24T02:43:36Z
]0;