# command: nix develop --no-update-lock-file /home/brittonr/git/mc -c cargo clippy --no-deps -p valence_protocol -p valence_server -p valence_network --all-features --all-targets -- -D warnings
# cwd: /home/brittonr/git/mc/servers/valence
# started_at_utc: 2026-06-24T02:34:29Z
mc compat shell: use 'mc-compat-runner --dry-run' or 'nix run .#mc-compat-smoke -- --run'
Stevenarella dev env: cargo/rustc/xvfb-run/OpenSSL/fontconfig/freetype/libxcb paths are available
OnixResearch tools are pinned over SSH: cairn, cargo-octet
Steel is available for repo scripts, e.g. steel scripts/ralph-drain-cairns.scm --self-test
   Compiling valence_build_utils v0.2.0-alpha.1+mc.1.20.1 (/home/brittonr/git/mc/servers/valence/crates/valence_build_utils)
   Compiling valence_ident_macros v0.2.0-alpha.1+mc.1.20.1 (/home/brittonr/git/mc/servers/valence/crates/valence_ident_macros)
    Checking valence_math v0.2.0-alpha.1+mc.1.20.1 (/home/brittonr/git/mc/servers/valence/crates/valence_math)
    Checking valence_nbt v0.8.0 (/home/brittonr/git/mc/servers/valence/crates/valence_nbt)
   Compiling valence_protocol_macros v0.2.0-alpha.1+mc.1.20.1 (/home/brittonr/git/mc/servers/valence/crates/valence_protocol_macros)
   Compiling valence_generated v0.2.0-alpha.1+mc.1.20.1 (/home/brittonr/git/mc/servers/valence/crates/valence_generated)
   Compiling valence_entity v0.2.0-alpha.1+mc.1.20.1 (/home/brittonr/git/mc/servers/valence/crates/valence_entity)
   Compiling valence_lang v0.2.0-alpha.1+mc.1.20.1 (/home/brittonr/git/mc/servers/valence/crates/valence_lang)
    Checking valence_ident v0.2.0-alpha.1+mc.1.20.1 (/home/brittonr/git/mc/servers/valence/crates/valence_ident)
    Checking valence_text v0.2.0-alpha.1+mc.1.20.1 (/home/brittonr/git/mc/servers/valence/crates/valence_text)
warning: unknown lint: `path_segment_repetition`
  --> crates/valence_text/src/color/mod.rs:12:9
   |
12 | #[allow(path_segment_repetition)]
   |         ^^^^^^^^^^^^^^^^^^^^^^^
   |
   = note: `#[warn(unknown_lints)]` on by default

warning: unknown lint: `path_segment_repetition`
  --> crates/valence_text/src/color/mod.rs:28:9
   |
28 | #[allow(path_segment_repetition)]
   |         ^^^^^^^^^^^^^^^^^^^^^^^

warning: unknown lint: `path_segment_repetition`
  --> crates/valence_text/src/color/mod.rs:41:9
   |
41 | #[allow(path_segment_repetition)]
   |         ^^^^^^^^^^^^^^^^^^^^^^^

warning: unknown lint: `path_segment_repetition`
  --> crates/valence_text/src/color/mod.rs:81:9
   |
81 | #[allow(path_segment_repetition)]
   |         ^^^^^^^^^^^^^^^^^^^^^^^

warning: unknown lint: `deref_polymorphism`
 --> crates/valence_text/src/ops.rs:2:9
  |
2 | #[allow(deref_polymorphism)]
  |         ^^^^^^^^^^^^^^^^^^

warning: `valence_text` (lib) generated 5 warnings
    Checking valence_protocol v0.2.0-alpha.1+mc.1.20.1 (/home/brittonr/git/mc/servers/valence/crates/valence_protocol)
warning: lint `clippy::string_to_string` has been removed: `clippy::implicit_clone` covers those cases
  |
  = note: requested on the command line with `-W clippy::string_to_string`
  = note: `#[warn(renamed_and_removed_lints)]` on by default

error: all fields have the same postfix: `len`
   --> crates/valence_protocol/src/decode.rs:181:1
    |
181 | / struct PacketFrameLayout {
182 | |     packet_len: i32,
183 | |     packet_len_len: usize,
184 | |     total_len: usize,
185 | | }
    | |_^
    |
    = help: remove the postfixes
    = help: for further information visit https://rust-lang.github.io/rust-clippy/master/index.html#struct_field_names
    = note: `-D clippy::struct-field-names` implied by `-D warnings`
    = help: to override `-D warnings` add `#[allow(clippy::struct_field_names)]`

error: variables can be used directly in the `format!` string
   --> crates/valence_protocol/src/decode.rs:306:5
    |
306 | /     ensure!(
307 | |         expected_id == actual_id,
308 | |         "packet ID mismatch while decoding '{}': expected {}, got {}",
309 | |         packet_name,
310 | |         expected_id,
311 | |         actual_id
312 | |     );
    | |_____^
    |
    = help: for further information visit https://rust-lang.github.io/rust-clippy/master/index.html#uninlined_format_args
    = note: `-D clippy::uninlined-format-args` implied by `-D warnings`
    = help: to override `-D warnings` add `#[allow(clippy::uninlined_format_args)]`

error: consider moving the `;` outside the block for consistent formatting
   --> crates/valence_protocol/src/encode.rs:611:9
    |
611 | / ...   {
612 | | ...       let mut writer =
613 | | ...           ReusablePacketWriter::new(&mut bytes, COMPRESS_EVERY_PACKET, ...
614 | | ...       writer
...   |
617 | | ...       writer.write_packet_fallible(&valid_packet()).unwrap();
618 | | ...   }
    | |_______^
    |
    = help: for further information visit https://rust-lang.github.io/rust-clippy/master/index.html#semicolon_outside_block
    = note: `-D clippy::semicolon-outside-block` implied by `-D warnings`
    = help: to override `-D warnings` add `#[allow(clippy::semicolon_outside_block)]`
help: put the `;` here
    |
617 ~             writer.write_packet_fallible(&valid_packet()).unwrap()
618 ~         };
    |

warning: `valence_protocol` (lib) generated 1 warning
error: could not compile `valence_protocol` (lib) due to 2 previous errors; 1 warning emitted
warning: build failed, waiting for other jobs to finish...
warning: `valence_protocol` (lib test) generated 1 warning (1 duplicate)
error: could not compile `valence_protocol` (lib test) due to 3 previous errors; 1 warning emitted
exit_status=101
# finished_at_utc: 2026-06-24T02:34:46Z
