$ nix run .#cairn -- gate tasks add-valence-packet-compose-api --root .
{
  "change": "add-valence-packet-compose-api",
  "evidence_summary": {
    "docs_only": 0,
    "fixture": 0,
    "formal": 0,
    "mode": "advisory",
    "model": 0,
    "probe": 0,
    "property": 0
  },
  "input_hash": "d05f3b2667f1f266d820468fcb195adcfd08cf8008e20ca7c69a62583588a3b2",
  "issues": [],
  "layout": "cairn",
  "policy": "cairn-default",
  "policy_hash": "a210ed841d260e0bf026f3c67ec810216b6409cfe6036f9132b51cc4e3176618",
  "receipt_hash": "24d7dbb356a22be3910eb817d9d78250034b7ad98304fc216dcca4e1e17a66ca",
  "stage": "tasks",
  "valid": true,
  "verdict": "PASS"
}
exit_status=0
