$ CAIRN_ARCHIVE_DATE=2026-06-23 nix run .#cairn -- archive add-valence-packet-compose-api --root . --execute
{
  "actions": [
    {
      "description": "move active change to archive: add-valence-packet-compose-api",
      "kind": "archive_change",
      "path": "./cairn/archive/2026-06-23-add-valence-packet-compose-api"
    }
  ],
  "blocked": false,
  "change": "add-valence-packet-compose-api",
  "dry_run": false,
  "input_hash": "60b49e78861b22a05c506c6dee16760b94c054ad4742188d940ce53e45bb6ed4",
  "layout": "cairn",
  "mutated": true,
  "mutation_manifest": {
    "after": {
      "entries": [
        {
          "content_hash": "078557aff9f1874b67301559732d75a2fb62f5442923a881dabcbdb58f4f7c70",
          "exists": true,
          "path": "./cairn/archive/2026-06-23-add-valence-packet-compose-api/design.md"
        },
        {
          "content_hash": "79bb8f38a5c179ca2be0a91f84ed16fae72ea7d4d60d26667b1c8637d1363eca",
          "exists": true,
          "path": "./cairn/archive/2026-06-23-add-valence-packet-compose-api/proposal.md"
        },
        {
          "content_hash": "f5167c1a35a04172f47606f3bec99c71721f4bc2aed330d6f4f4273afdb212e6",
          "exists": true,
          "path": "./cairn/archive/2026-06-23-add-valence-packet-compose-api/specs/valence-hyperion-integration/spec.md"
        },
        {
          "content_hash": "6dde1b7e381fe007387fdded0c2e45ee9116a971582429cb413d0166bde65f4b",
          "exists": true,
          "path": "./cairn/archive/2026-06-23-add-valence-packet-compose-api/tasks.md"
        },
        {
          "content_hash": null,
          "exists": false,
          "path": "./cairn/changes/add-valence-packet-compose-api"
        }
      ],
      "manifest_hash": "13fb852802076aa738f662c8e5f4306949c6e22507346c84dc687b9ce4eb3196"
    },
    "before": {
      "entries": [
        {
          "content_hash": "078557aff9f1874b67301559732d75a2fb62f5442923a881dabcbdb58f4f7c70",
          "exists": true,
          "path": "./cairn/changes/add-valence-packet-compose-api/design.md"
        },
        {
          "content_hash": "79bb8f38a5c179ca2be0a91f84ed16fae72ea7d4d60d26667b1c8637d1363eca",
          "exists": true,
          "path": "./cairn/changes/add-valence-packet-compose-api/proposal.md"
        },
        {
          "content_hash": "f5167c1a35a04172f47606f3bec99c71721f4bc2aed330d6f4f4273afdb212e6",
          "exists": true,
          "path": "./cairn/changes/add-valence-packet-compose-api/specs/valence-hyperion-integration/spec.md"
        },
        {
          "content_hash": "6dde1b7e381fe007387fdded0c2e45ee9116a971582429cb413d0166bde65f4b",
          "exists": true,
          "path": "./cairn/changes/add-valence-packet-compose-api/tasks.md"
        }
      ],
      "manifest_hash": "8bd70873b99fac395d099c3d81be5f1dcc6b045ee461e9eb8157fb74f9d61076"
    },
    "kind": "archive",
    "manifest_hash": "6939f22076937021e0f4bae12fd581a0e847b2cd1aa17582e851df0634dd40ef"
  },
  "plan_hash": "28f8e4ee8cef1385c535bada63f29490cb966f3393e176192cb179f0fb7ee72d",
  "policy": "cairn-default",
  "policy_hash": "a210ed841d260e0bf026f3c67ec810216b6409cfe6036f9132b51cc4e3176618",
  "reasons": [],
  "receipt_hash": "d9e25cd2969362591b523add9acb8c0d7e68ae956894a4b9adac53f2e54fbced"
}
exit_status=0
