$ nix run .#cairn -- gate proposal add-valence-packet-compose-api --root .
{
  "change": "add-valence-packet-compose-api",
  "evidence_summary": {
    "docs_only": 0,
    "fixture": 0,
    "formal": 0,
    "mode": "advisory",
    "model": 0,
    "probe": 0,
    "property": 0
  },
  "input_hash": "ce2d005212ccbfaf8be1dcccea633bb563cfea1a53ed42360ded7e92d739db55",
  "issues": [],
  "layout": "cairn",
  "policy": "cairn-default",
  "policy_hash": "a210ed841d260e0bf026f3c67ec810216b6409cfe6036f9132b51cc4e3176618",
  "receipt_hash": "cfceba8076f0b8aece6afc1e5ed944e464f2a3b17557e9894ab5761d39117575",
  "stage": "proposal",
  "valid": true,
  "verdict": "PASS"
}
exit_status=0
