$ nix run .#cairn -- gate proposal add-valence-packet-compose-api --root .
{
  "change": "add-valence-packet-compose-api",
  "evidence_summary": {
    "docs_only": 0,
    "fixture": 0,
    "formal": 0,
    "mode": "advisory",
    "model": 0,
    "probe": 0,
    "property": 0
  },
  "input_hash": "f5c913772640e653a91115df1dc99f97da9c3c5fcd1196725ca0100e32e639eb",
  "issues": [],
  "layout": "cairn",
  "policy": "cairn-default",
  "policy_hash": "a210ed841d260e0bf026f3c67ec810216b6409cfe6036f9132b51cc4e3176618",
  "receipt_hash": "4143cbd9afb677f95bd8f2bf451b48b0158c609079d38cf9ffe2a226d0c7e2c8",
  "stage": "proposal",
  "valid": true,
  "verdict": "PASS"
}
$ nix run .#cairn -- gate design add-valence-packet-compose-api --root .
{
  "change": "add-valence-packet-compose-api",
  "evidence_summary": {
    "docs_only": 0,
    "fixture": 0,
    "formal": 0,
    "mode": "advisory",
    "model": 0,
    "probe": 0,
    "property": 0
  },
  "input_hash": "9d886992a069b0b0fb8161bc9df6c85f57b9185bbfe151086c6bc82ca2956ecf",
  "issues": [],
  "layout": "cairn",
  "policy": "cairn-default",
  "policy_hash": "a210ed841d260e0bf026f3c67ec810216b6409cfe6036f9132b51cc4e3176618",
  "receipt_hash": "dc756203f3374967930bf91f07fd2c483afb79479603e107c107e8c1dc01d69a",
  "stage": "design",
  "valid": true,
  "verdict": "PASS"
}
$ nix run .#cairn -- gate tasks add-valence-packet-compose-api --root .
{
  "change": "add-valence-packet-compose-api",
  "evidence_summary": {
    "docs_only": 0,
    "fixture": 0,
    "formal": 0,
    "mode": "advisory",
    "model": 0,
    "probe": 0,
    "property": 0
  },
  "input_hash": "2a383fa004ef03f71abfb511f1162d5135bffd61ef872034af8b96c4cd6dbbd7",
  "issues": [],
  "layout": "cairn",
  "policy": "cairn-default",
  "policy_hash": "a210ed841d260e0bf026f3c67ec810216b6409cfe6036f9132b51cc4e3176618",
  "receipt_hash": "0ad15efb641221d78a067c491d4175321b1680d476128c09988a8c41cb533042",
  "stage": "tasks",
  "valid": true,
  "verdict": "PASS"
}
exit_status=0
