$ nix run .#cairn -- sync add-valence-packet-compose-api --root . --execute
{
  "actions": [
    {
      "description": "merge delta spec into main specs: ./cairn/changes/add-valence-packet-compose-api/specs/valence-hyperion-integration/spec.md",
      "kind": "sync_delta_spec",
      "path": "./cairn/changes/add-valence-packet-compose-api/specs/valence-hyperion-integration/spec.md"
    }
  ],
  "blocked": false,
  "change": "add-valence-packet-compose-api",
  "delta_specs": [
    "./cairn/changes/add-valence-packet-compose-api/specs/valence-hyperion-integration/spec.md"
  ],
  "dry_run": false,
  "input_hash": "60b49e78861b22a05c506c6dee16760b94c054ad4742188d940ce53e45bb6ed4",
  "layout": "cairn",
  "mutated": true,
  "mutation_manifest": {
    "after": {
      "entries": [
        {
          "content_hash": "8a1ec7b406048f2668952936eb06ab6e6cf17300bb662c66fcc1f29db8e5db56",
          "exists": true,
          "path": "./cairn/specs/valence-hyperion-integration/spec.md"
        }
      ],
      "manifest_hash": "f961a90b8d8c21cdb46ba11df08d1fd8d9d279efe5c139622f0f7bc0ad3a98f6"
    },
    "before": {
      "entries": [
        {
          "content_hash": "8a1ec7b406048f2668952936eb06ab6e6cf17300bb662c66fcc1f29db8e5db56",
          "exists": true,
          "path": "./cairn/specs/valence-hyperion-integration/spec.md"
        }
      ],
      "manifest_hash": "f961a90b8d8c21cdb46ba11df08d1fd8d9d279efe5c139622f0f7bc0ad3a98f6"
    },
    "kind": "sync",
    "manifest_hash": "44b771138f8a4b7081865a96a1d33eaa987b4831f3648b24d82086331f78f6ab"
  },
  "plan_hash": "f193a6fa5ccf7532494d60be3ed069f33b74df5000a5ec864566c2942be56c56",
  "policy": "cairn-default",
  "policy_hash": "a210ed841d260e0bf026f3c67ec810216b6409cfe6036f9132b51cc4e3176618",
  "reasons": [],
  "receipt_hash": "dc461ca8b7a777c66e3676ec5eab1b7237b908da7f2e0341b5e3419d9ae30eed"
}
exit_status=0
