command=nix run path:/home/brittonr/git/mc#cairn -- sync valence-hyperion-integration-roadmap --root /home/brittonr/git/mc
{
  "actions": [
    {
      "description": "merge delta spec into main specs: /home/brittonr/git/mc/cairn/changes/valence-hyperion-integration-roadmap/specs/valence-hyperion-integration/spec.md",
      "kind": "sync_delta_spec",
      "path": "/home/brittonr/git/mc/cairn/changes/valence-hyperion-integration-roadmap/specs/valence-hyperion-integration/spec.md"
    }
  ],
  "blocked": false,
  "change": "valence-hyperion-integration-roadmap",
  "delta_specs": [
    "/home/brittonr/git/mc/cairn/changes/valence-hyperion-integration-roadmap/specs/valence-hyperion-integration/spec.md"
  ],
  "dry_run": true,
  "input_hash": "26199ee637a8ae64b50642ec08783975d9b58db202cb5653cad7098d842a46a8",
  "layout": "cairn",
  "mutated": false,
  "mutation_manifest": null,
  "plan_hash": "4fed54fa9ed159af0f28a7751a85df2c22fe92d4a38b7a9dc53cb6609cb364b6",
  "policy": "cairn-default",
  "policy_hash": "a210ed841d260e0bf026f3c67ec810216b6409cfe6036f9132b51cc4e3176618",
  "reasons": [],
  "receipt_hash": "6d43e57a35e56fc1a36ff95905dc3a1abc07941a827966be4851af27428e3557"
}
exit_status=0
command=nix run path:/home/brittonr/git/mc#cairn -- sync valence-hyperion-integration-roadmap --root /home/brittonr/git/mc --execute
{
  "actions": [
    {
      "description": "merge delta spec into main specs: /home/brittonr/git/mc/cairn/changes/valence-hyperion-integration-roadmap/specs/valence-hyperion-integration/spec.md",
      "kind": "sync_delta_spec",
      "path": "/home/brittonr/git/mc/cairn/changes/valence-hyperion-integration-roadmap/specs/valence-hyperion-integration/spec.md"
    }
  ],
  "blocked": false,
  "change": "valence-hyperion-integration-roadmap",
  "delta_specs": [
    "/home/brittonr/git/mc/cairn/changes/valence-hyperion-integration-roadmap/specs/valence-hyperion-integration/spec.md"
  ],
  "dry_run": false,
  "input_hash": "26199ee637a8ae64b50642ec08783975d9b58db202cb5653cad7098d842a46a8",
  "layout": "cairn",
  "mutated": true,
  "mutation_manifest": {
    "after": {
      "entries": [
        {
          "content_hash": "a853f7257f24e32d4ada82e5690cb708f62e2a60e7dc54edf9c8c40415654048",
          "exists": true,
          "path": "./cairn/specs/valence-hyperion-integration/spec.md"
        }
      ],
      "manifest_hash": "4c3a2a82288548043c4860b71ec512ed910df58541277fcbe5f41048351cd762"
    },
    "before": {
      "entries": [
        {
          "content_hash": "a853f7257f24e32d4ada82e5690cb708f62e2a60e7dc54edf9c8c40415654048",
          "exists": true,
          "path": "./cairn/specs/valence-hyperion-integration/spec.md"
        }
      ],
      "manifest_hash": "4c3a2a82288548043c4860b71ec512ed910df58541277fcbe5f41048351cd762"
    },
    "kind": "sync",
    "manifest_hash": "f849ea2a47add9d59233cfa131bcdd2867a711f64c5c9ab1c42011da858b0337"
  },
  "plan_hash": "61892fd23478638e11b6a72777e2a8c9573ca2aa2dbc3b9bf4be14b1474ca70f",
  "policy": "cairn-default",
  "policy_hash": "a210ed841d260e0bf026f3c67ec810216b6409cfe6036f9132b51cc4e3176618",
  "reasons": [],
  "receipt_hash": "8cb7b0d2dee0878e802abd377dcaa92263713998a2ced07f85867eb60f681484"
}
exit_status=0
command=nix run path:/home/brittonr/git/mc#cairn -- sync valence-hyperion-type-ownership-audit --root /home/brittonr/git/mc
{
  "actions": [
    {
      "description": "merge delta spec into main specs: /home/brittonr/git/mc/cairn/changes/valence-hyperion-type-ownership-audit/specs/valence-hyperion-integration/spec.md",
      "kind": "sync_delta_spec",
      "path": "/home/brittonr/git/mc/cairn/changes/valence-hyperion-type-ownership-audit/specs/valence-hyperion-integration/spec.md"
    }
  ],
  "blocked": false,
  "change": "valence-hyperion-type-ownership-audit",
  "delta_specs": [
    "/home/brittonr/git/mc/cairn/changes/valence-hyperion-type-ownership-audit/specs/valence-hyperion-integration/spec.md"
  ],
  "dry_run": true,
  "input_hash": "143afb666927a3474062f08d5ba0b4beb8c74f3095df83148bde57038372de62",
  "layout": "cairn",
  "mutated": false,
  "mutation_manifest": null,
  "plan_hash": "3c1e1cc50a46906dd5521dfdc7222bf34c5b273a281113910cef2d62482ee16c",
  "policy": "cairn-default",
  "policy_hash": "a210ed841d260e0bf026f3c67ec810216b6409cfe6036f9132b51cc4e3176618",
  "reasons": [],
  "receipt_hash": "c11057a8c4732068b462c0d2f64366ed85a1fa3e9a3dd29c51890cbf22528678"
}
exit_status=0
command=nix run path:/home/brittonr/git/mc#cairn -- sync valence-hyperion-type-ownership-audit --root /home/brittonr/git/mc --execute
{
  "actions": [
    {
      "description": "merge delta spec into main specs: /home/brittonr/git/mc/cairn/changes/valence-hyperion-type-ownership-audit/specs/valence-hyperion-integration/spec.md",
      "kind": "sync_delta_spec",
      "path": "/home/brittonr/git/mc/cairn/changes/valence-hyperion-type-ownership-audit/specs/valence-hyperion-integration/spec.md"
    }
  ],
  "blocked": false,
  "change": "valence-hyperion-type-ownership-audit",
  "delta_specs": [
    "/home/brittonr/git/mc/cairn/changes/valence-hyperion-type-ownership-audit/specs/valence-hyperion-integration/spec.md"
  ],
  "dry_run": false,
  "input_hash": "143afb666927a3474062f08d5ba0b4beb8c74f3095df83148bde57038372de62",
  "layout": "cairn",
  "mutated": true,
  "mutation_manifest": {
    "after": {
      "entries": [
        {
          "content_hash": "a853f7257f24e32d4ada82e5690cb708f62e2a60e7dc54edf9c8c40415654048",
          "exists": true,
          "path": "./cairn/specs/valence-hyperion-integration/spec.md"
        }
      ],
      "manifest_hash": "4c3a2a82288548043c4860b71ec512ed910df58541277fcbe5f41048351cd762"
    },
    "before": {
      "entries": [
        {
          "content_hash": "a853f7257f24e32d4ada82e5690cb708f62e2a60e7dc54edf9c8c40415654048",
          "exists": true,
          "path": "./cairn/specs/valence-hyperion-integration/spec.md"
        }
      ],
      "manifest_hash": "4c3a2a82288548043c4860b71ec512ed910df58541277fcbe5f41048351cd762"
    },
    "kind": "sync",
    "manifest_hash": "f849ea2a47add9d59233cfa131bcdd2867a711f64c5c9ab1c42011da858b0337"
  },
  "plan_hash": "842d21f9c675223d571e4538ef837390b9f944f69b642c80ce6db8a2c846a6cc",
  "policy": "cairn-default",
  "policy_hash": "a210ed841d260e0bf026f3c67ec810216b6409cfe6036f9132b51cc4e3176618",
  "reasons": [],
  "receipt_hash": "8cb724f78f4090a0641d972460065f51bddba5fb8a3ccbc9e3ee4d37b38948ed"
}
exit_status=0
