checkpoint: valence-combat-loop-steel-policy final gates before archive
date: 2026-05-28
root: /home/brittonr/git/mc
change: valence-combat-loop-steel-policy
purpose: proposal/design/tasks/validate gate PASS claims with all tasks complete

command: nix run --no-update-lock-file .#cairn -- gate proposal valence-combat-loop-steel-policy --root .
{
  "change": "valence-combat-loop-steel-policy",
  "input_hash": "a7a642addbbb66e913270d36f0f281c2ed34ac16372ddc9cae5ea5bc536a9254",
  "issues": [],
  "layout": "cairn",
  "policy": "cairn-default",
  "policy_hash": "248ef2d2239b7168825d4f7f625ae3eac4bcaacccc35b84bbac8f8d261fb5f4d",
  "receipt_hash": "060c43fd00abd7196875d163ea8306173fe3efb99b36d9c9169ae46965cde2d5",
  "stage": "proposal",
  "valid": true,
  "verdict": "PASS"
}

command: nix run --no-update-lock-file .#cairn -- gate design valence-combat-loop-steel-policy --root .
{
  "change": "valence-combat-loop-steel-policy",
  "input_hash": "d12d0528d947fd1210536240c47d8fade4f3e09fbea3e4b00eb8e6fa16150cf9",
  "issues": [],
  "layout": "cairn",
  "policy": "cairn-default",
  "policy_hash": "248ef2d2239b7168825d4f7f625ae3eac4bcaacccc35b84bbac8f8d261fb5f4d",
  "receipt_hash": "11c4778c750a410812562b16fe80c7e95036d4fa1708e107a6396af20e211000",
  "stage": "design",
  "valid": true,
  "verdict": "PASS"
}

command: nix run --no-update-lock-file .#cairn -- gate tasks valence-combat-loop-steel-policy --root .
{
  "change": "valence-combat-loop-steel-policy",
  "input_hash": "5bfde86e1e1489bbbc137eacf3d465264e1ec06ace69a8f051aa9fa3bc594442",
  "issues": [],
  "layout": "cairn",
  "policy": "cairn-default",
  "policy_hash": "248ef2d2239b7168825d4f7f625ae3eac4bcaacccc35b84bbac8f8d261fb5f4d",
  "receipt_hash": "778b3a0f921d4003fc95cab35522265b13429a21d6e3936d982e9b67a570b369",
  "stage": "tasks",
  "valid": true,
  "verdict": "PASS"
}

command: nix run --no-update-lock-file .#cairn -- validate --root .
{
  "change_issues": [],
  "changes": 1,
  "issues": [],
  "layout": "cairn",
  "policy": "cairn-default",
  "spec_issues": [],
  "specs_validated": 3,
  "valid": true
}

command: nix run --no-update-lock-file .#cairn -- change list --root .
{
  "changes": [
    {
      "delta_specs": [
        "./cairn/changes/valence-combat-loop-steel-policy/specs/runtime-configuration/spec.md"
      ],
      "has_design": true,
      "has_proposal": true,
      "has_tasks": true,
      "metadata": {
        "groups": [],
        "status": null,
        "target_date": null
      },
      "name": "valence-combat-loop-steel-policy",
      "path": "./cairn/changes/valence-combat-loop-steel-policy",
      "task_counts": {
        "done": 16,
        "in_progress": 0,
        "todo": 0,
        "total": 16,
        "unmarked": 0
      }
    }
  ],
  "layout": "cairn",
  "root": "."
}

result: PASS
