[init] Running as uid=1000 gid=1000 with /data as 'drwxr-xr-x 2 1000 1000 4096 May 27 12:37 /data'
[init] Image info: buildtime=2026-05-31T14:45:05.064Z,version=java17,revision=a4719f2ba6f5cbcde07fc90ec4b6c42533aba5ad
[init] Resolving type given PAPER
[39m[mc-image-helper] 04:20:09.332 INFO  : Downloaded /data/paper-1.20.1-196.jar
[0;39m[init] Copying any plugins from /plugins to /data/plugins
[39m[mc-image-helper] 04:20:10.331 INFO  : Copying /plugins/mc-compat-paper-vanilla-combat-reference-fixture-2026-06-02.jar -> /data/plugins/mc-compat-paper-vanilla-combat-reference-fixture-2026-06-02.jar
[0;39m[init] Copying any configs from /config to /data/config
[init] Creating server properties in /data/server.properties
[init] Disabling whitelist functionality
[39m[mc-image-helper] 04:20:10.992 INFO  : Created/updated 7 properties in /data/server.properties
[0;39m[39m[mc-image-helper] 04:20:11.818 INFO  : Downloaded /data/config/paper-global.yml from https://raw.githubusercontent.com/Shonz1/minecraft-default-configs/main/1.20.1/paper-global.yml
[0;39m[39m[mc-image-helper] 04:20:11.818 INFO  : Downloaded /data/config/paper-world-defaults.yml from https://raw.githubusercontent.com/Shonz1/minecraft-default-configs/main/1.20.1/paper-world-defaults.yml
[0;39m[39m[mc-image-helper] 04:20:12.920 INFO  : Downloaded /data/bukkit.yml from https://raw.githubusercontent.com/Shonz1/minecraft-default-configs/main/1.20.1/bukkit.yml
[0;39m[39m[mc-image-helper] 04:20:12.921 INFO  : Downloaded /data/spigot.yml from https://raw.githubusercontent.com/Shonz1/minecraft-default-configs/main/1.20.1/spigot.yml
[0;39m[init] Setting initial memory to 1G and max to 1G
[init] Starting the Minecraft server...
Downloading mojang_1.20.1.jar
Applying patches
Starting org.bukkit.craftbukkit.Main
System Info: Java 17 (OpenJDK 64-Bit Server VM 17.0.15+6) Host: Linux 6.18.33 (amd64)
Loading libraries, please wait...
2026-06-03 04:20:15,326 ServerMain WARN Advanced terminal features are not available in this environment
[04:20:17 INFO]: Environment: authHost='https://authserver.mojang.com', accountsHost='https://api.mojang.com', sessionHost='https://sessionserver.mojang.com', servicesHost='https://api.minecraftservices.com', name='PROD'
[04:20:17 INFO]: Found new data pack file/bukkit, loading it automatically
[04:20:17 INFO]: Loaded 7 recipes
[04:20:18 INFO]: Starting minecraft server version 1.20.1
[04:20:18 INFO]: Loading properties
[04:20:18 INFO]: This server is running Paper version git-Paper-196 (MC: 1.20.1) (Implementing API version 1.20.1-R0.1-SNAPSHOT) (Git: 773dd72)
[04:20:18 INFO]: Server Ping Player Sample Count: 12
[04:20:18 INFO]: Using 4 threads for Netty based IO
[04:20:18 WARN]: [!] The timings profiler has been enabled but has been scheduled for removal from Paper in the future.
    We recommend installing the spark profiler as a replacement: https://spark.lucko.me/
    For more information please visit: https://github.com/PaperMC/Paper/issues/8948
[04:20:18 INFO]: [ChunkTaskScheduler] Chunk system is using 1 I/O threads, 8 worker threads, and gen parallelism of 8 threads
[04:20:18 INFO]: Default game type: SURVIVAL
[04:20:18 INFO]: Generating keypair
[04:20:18 INFO]: Starting Minecraft server on *:25565
[04:20:18 INFO]: Using epoll channel type
[04:20:18 INFO]: Paper: Using libdeflate (Linux x86_64) compression from Velocity.
[04:20:18 INFO]: Paper: Using OpenSSL 1.1.x (Linux x86_64) cipher from Velocity.
[04:20:18 INFO]: [McCompatSurvivalFixture] Loading server plugin McCompatSurvivalFixture v0.1.0
[04:20:18 WARN]: **** SERVER IS RUNNING IN OFFLINE/INSECURE MODE!
[04:20:18 WARN]: The server will make no attempt to authenticate usernames. Beware.
[04:20:18 WARN]: While this makes the game possible to play without internet access, it also opens up the ability for hackers to connect with any username they choose.
[04:20:18 WARN]: To change this, set "online-mode" to "true" in the server.properties file.
[04:20:18 INFO]: Preparing level "world"
[04:20:20 INFO]: Preparing start region for dimension minecraft:overworld
[04:20:20 INFO]: Time elapsed: 55 ms
[04:20:20 INFO]: Preparing start region for dimension minecraft:the_nether
[04:20:20 INFO]: Time elapsed: 24 ms
[04:20:20 INFO]: Preparing start region for dimension minecraft:the_end
[04:20:20 INFO]: Time elapsed: 32 ms
[04:20:20 INFO]: [McCompatSurvivalFixture] Enabling McCompatSurvivalFixture v0.1.0
[04:20:20 INFO]: [McCompatSurvivalFixture] MC-COMPAT-MILESTONE survival_fixture_enabled
[04:20:20 INFO]: Starting remote control listener
[04:20:20 INFO]: Thread RCON Listener started
[04:20:20 INFO]: RCON running on 0.0.0.0:25575
[04:20:20 INFO]: Running delayed init tasks
[04:20:20 INFO]: Done (2.760s)! For help, type "help"
[04:20:20 INFO]: Timings Reset
[04:20:24 INFO]: UUID of player compatbota is dde1878d-d028-3f14-9223-77e321006b00
[04:20:24 INFO]: compatbota joined the game
[04:20:25 INFO]: compatbota[/172.30.0.1:59762] logged in with entity id 260 at ([world]38.0, 65.0, 0.0)
[04:20:25 INFO]: [McCompatSurvivalFixture] MC-COMPAT-MILESTONE survival_join username=compatbota gamemode=Survival target=0,64,1
[04:20:29 INFO]: UUID of player compatbotb is 86781496-7422-30a7-9800-bc1f917b8131
[04:20:29 INFO]: compatbotb joined the game
[04:20:29 INFO]: compatbotb[/172.30.0.1:33658] logged in with entity id 392 at ([world]40.0, 65.0, 0.0)
[04:20:29 INFO]: [McCompatSurvivalFixture] MC-COMPAT-MILESTONE survival_join username=compatbotb gamemode=Survival target=0,64,1
[04:20:34 INFO]: [McCompatSurvivalFixture] MC-COMPAT-MILESTONE vanilla_combat_reference_damage row=vanilla-combat-reference-parity backend=paper-reference reference_oracle=paper-1.20.1-reference-harness reference_version=minecraft-1.20.1-protocol-763 attacker_identity=compatbota victim_identity=compatbotb weapon=iron_sword armor_state=none pre_health=20.0 post_health=14.0 damage_delta=6.0 damage_tolerance=0.0
[04:20:34 INFO]: [McCompatSurvivalFixture] MC-COMPAT-MILESTONE vanilla_combat_reference_knockback row=vanilla-combat-reference-parity backend=paper-reference reference_oracle=paper-1.20.1-reference-harness reference_version=minecraft-1.20.1-protocol-763 attacker_identity=compatbota victim_identity=compatbotb knockback_metric=0.00 velocity_x=0.00 velocity_y=-0.08 velocity_z=0.00 knockback_tolerance=0.05
[04:22:20 INFO]: compatbota lost connection: Disconnected
[04:22:20 INFO]: compatbota left the game
[04:22:25 INFO]: compatbotb lost connection: Disconnected
[04:22:25 INFO]: compatbotb left the game
