[mc-compat] building Stevenarella client
warning: `/home/brittonr/git/mc/stevenarella/.cargo/config` is deprecated in favor of `config.toml`
  |
  = help: if you need to support cargo 1.38 or earlier, you can symlink `config` to `config.toml`
warning: file `/home/brittonr/git/mc/stevenarella/src/main.rs` found to be present in multiple build targets:
  * `lib` target `stevenarella`
  * `bin` target `stevenarella`
warning: unnecessary parentheses around closure body
    --> blocks/src/lib.rs:1052:36
     |
1052 |         offsets |protocol_version| (instrument.offsets(protocol_version)
     |                                    ^
1053 |             .map(|offset| offset * (25 * 2) + ((note as usize) << 1) + if powered { 0 } else { 1 })),
     |                                                                                                    ^
     |
     = note: `#[warn(unused_parens)]` (part of `#[warn(unused)]`) on by default
help: remove these parentheses
     |
1052 ~         offsets |protocol_version| instrument.offsets(protocol_version)
1053 ~             .map(|offset| offset * (25 * 2) + ((note as usize) << 1) + if powered { 0 } else { 1 }),
     |

warning: unnecessary parentheses around closure body
    --> blocks/src/lib.rs:1407:36
     |
1407 |         offsets |protocol_version| (variant.offsets(protocol_version)),
     |                                    ^                                 ^
     |
help: remove these parentheses
     |
1407 -         offsets |protocol_version| (variant.offsets(protocol_version)),
1407 +         offsets |protocol_version| variant.offsets(protocol_version),
     |

warning: `steven_blocks` (lib) generated 2 warnings (run `cargo fix --lib -p steven_blocks` to apply 2 suggestions)
warning: hiding a lifetime that's elided elsewhere is confusing
   --> src/console/mod.rs:181:32
    |
181 |     pub fn get<T: Sized + Any>(&self, var: CVar<T>) -> Ref<T>
    |                                ^^^^^                   ^^^^^^ the same lifetime is hidden here
    |                                |
    |                                the lifetime is elided here
    |
    = help: the same lifetime is referred to in inconsistent ways, making the signature confusing
    = note: `#[warn(mismatched_lifetime_syntaxes)]` on by default
help: use `'_` for type paths
    |
181 |     pub fn get<T: Sized + Any>(&self, var: CVar<T>) -> Ref<'_, T>
    |                                                            +++

warning: hiding a lifetime that's elided elsewhere is confusing
   --> src/ui/mod.rs:102:21
    |
102 |               fn draw(&self, renderer: &mut render::Renderer, r: &Region, sw: f64, sh: f64, width: f64, height: f64, delta: f64) -> RefMut<[u8]> {
    |                       ^^^^^ the lifetime is elided here                                                                             ^^^^^^^^^^^^ the same lifetime is hidden here
...
252 | / define_elements! {
253 | |     Image,
254 | |     Batch,
255 | |     Text,
...   |
258 | |     TextBox,
259 | | }
    | |_- in this macro invocation
    |
    = help: the same lifetime is referred to in inconsistent ways, making the signature confusing
    = note: this warning originates in the macro `define_elements` (in Nightly builds, run with -Z macro-backtrace for more info)
help: use `'_` for type paths
    |
102 |             fn draw(&self, renderer: &mut render::Renderer, r: &Region, sw: f64, sh: f64, width: f64, height: f64, delta: f64) -> RefMut<'_, [u8]> {
    |                                                                                                                                          +++

warning: `stevenarella` (lib) generated 2 warnings (run `cargo fix --lib -p stevenarella` to apply 2 suggestions)
warning: `stevenarella` (bin "stevenarella") generated 2 warnings (2 duplicates)
    Finished `dev` profile [optimized + debuginfo] target(s) in 0.16s
[mc-compat] creating isolated Valence worktree /tmp/valence-vanilla-combat-reference-live-20260602-final-75151ca-be02847ea666 at be02847ea666
Preparing worktree (detached HEAD be02847)
HEAD is now at be02847 align combat reference knockback metric
[mc-compat] starting Valence be02847ea666 example 'ctf' on 127.0.0.1:25565; log: /tmp/mc-compat-valence.log
[mc-compat] probing status 127.0.0.1:25565 expecting protocol 763
{"description":{"text":"A Valence Server"},"players":{"max":20,"online":0,"sample":[]},"version":{"name":"1.20.1","protocol":763}}
[mc-compat] running Stevenarella headless scenario 'vanilla-combat-reference-parity' isolated from host Wayland compositor
mc_compat_vanilla_combat_reference_client_count=2
[main.rs:1037][INFO] Starting steven
[platform_impl/linux/x11/util/randr.rs:23][WARN] XRandR reported that the display's 0mm in size, which is certifiably insane
[platform_impl/linux/x11/window.rs:147][INFO] Guessed window scale factor: 1
[main.rs:1173][INFO] Shader version: #version 150
[main.rs:290][INFO] Detected server protocol version 763
[server/mod.rs:688][INFO] MC-COMPAT-MILESTONE connect_start protocol=763 address=127.0.0.1:25565
[server/mod.rs:693][INFO] MC-COMPAT-MILESTONE tcp_connected
[server/mod.rs:710][INFO] MC-COMPAT-MILESTONE handshake_sent next=login
[server/mod.rs:724][INFO] MC-COMPAT-MILESTONE login_start_sent
[server/mod.rs:731][INFO] MC-COMPAT-MILESTONE login_compression threshold=256
[server/mod.rs:792][WARN] Server is running in offline mode
[server/mod.rs:793][INFO] MC-COMPAT-MILESTONE login_success state=play protocol=763 username=compatbota properties=0
[server/mod.rs:2833][INFO] MC-COMPAT-MILESTONE join_game_763_shape dimension_type=minecraft:overworld world=minecraft:overworld portal_cooldown=0
[world/mod.rs:1123][INFO] Dimension bounds: min_y=-64 height=384
[server/mod.rs:2918][INFO] MC-COMPAT-MILESTONE join_game entity_id=0 gamemode=Adventure
[server/mod.rs:5270][INFO] Received chat message: Welcome to Valence! Select a team by jumping in the team's portal.
[server/mod.rs:3466][INFO] MC-COMPAT-MILESTONE update_health health=20.0 food=20 saturation=0.0
[server/mod.rs:5418][INFO] MC-COMPAT-MILESTONE first_chunk_data chunk_x=0 chunk_z=0
[server/mod.rs:5270][INFO] Received chat message: You are on team RED!
[server/mod.rs:3447][INFO] MC-COMPAT-MILESTONE remote_player_spawn entity_id=4 uuid=UUID(57399523660260232, 4659645379363650449) name=compatbota x=38.000 y=65.000 z=0.000
[server/mod.rs:1389][INFO] MC-COMPAT-MILESTONE render_tick_with_player
[server/mod.rs:2485][INFO] MC-COMPAT-MILESTONE active_probe_position_look_sent x=38.000 y=65.000 z=0.000 on_ground=true
[model/mod.rs:398][ERROR] Error missing block state for minecraft:wooden_button
[model/mod.rs:368][ERROR] Error loading model minecraft:wooden_button
[server/mod.rs:3447][INFO] MC-COMPAT-MILESTONE remote_player_spawn entity_id=7 uuid=UUID(17279542629861541104, 17597886568995341490) name=compatbotb x=40.000 y=65.000 z=0.000
[server/mod.rs:1577][INFO] MC-COMPAT-MILESTONE combat_probe_move_near_blue_spawn x=38.0 y=65.0 z=0.0
[server/mod.rs:1635][INFO] MC-COMPAT-MILESTONE combat_probe_attack_sent target_id=7 count=1
[server/mod.rs:1635][INFO] MC-COMPAT-MILESTONE combat_probe_attack_sent target_id=7 count=2
[server/mod.rs:1635][INFO] MC-COMPAT-MILESTONE combat_probe_attack_sent target_id=7 count=3
[server/mod.rs:1635][INFO] MC-COMPAT-MILESTONE combat_probe_attack_sent target_id=7 count=4
[server/mod.rs:1635][INFO] MC-COMPAT-MILESTONE combat_probe_attack_sent target_id=7 count=5
[server/mod.rs:1635][INFO] MC-COMPAT-MILESTONE combat_probe_attack_sent target_id=7 count=6
[server/mod.rs:1635][INFO] MC-COMPAT-MILESTONE combat_probe_attack_sent target_id=7 count=7
[server/mod.rs:1635][INFO] MC-COMPAT-MILESTONE combat_probe_attack_sent target_id=7 count=8
[server/mod.rs:1635][INFO] MC-COMPAT-MILESTONE combat_probe_attack_sent target_id=7 count=9
[server/mod.rs:1635][INFO] MC-COMPAT-MILESTONE combat_probe_attack_sent target_id=7 count=10
[main.rs:1037][INFO] Starting steven
[platform_impl/linux/x11/util/randr.rs:23][WARN] XRandR reported that the display's 0mm in size, which is certifiably insane
[platform_impl/linux/x11/window.rs:147][INFO] Guessed window scale factor: 1
[main.rs:1173][INFO] Shader version: #version 150
[main.rs:290][INFO] Detected server protocol version 763
[server/mod.rs:688][INFO] MC-COMPAT-MILESTONE connect_start protocol=763 address=127.0.0.1:25565
[server/mod.rs:693][INFO] MC-COMPAT-MILESTONE tcp_connected
[server/mod.rs:710][INFO] MC-COMPAT-MILESTONE handshake_sent next=login
[server/mod.rs:724][INFO] MC-COMPAT-MILESTONE login_start_sent
[server/mod.rs:731][INFO] MC-COMPAT-MILESTONE login_compression threshold=256
[server/mod.rs:792][WARN] Server is running in offline mode
[server/mod.rs:793][INFO] MC-COMPAT-MILESTONE login_success state=play protocol=763 username=compatbotb properties=0
[server/mod.rs:2833][INFO] MC-COMPAT-MILESTONE join_game_763_shape dimension_type=minecraft:overworld world=minecraft:overworld portal_cooldown=0
[world/mod.rs:1123][INFO] Dimension bounds: min_y=-64 height=384
[server/mod.rs:2918][INFO] MC-COMPAT-MILESTONE join_game entity_id=0 gamemode=Survival
[server/mod.rs:5270][INFO] Received chat message: Welcome to Valence! Select a team by jumping in the team's portal.
[server/mod.rs:5270][INFO] Received chat message: You are on team BLUE!
[server/mod.rs:3466][INFO] MC-COMPAT-MILESTONE update_health health=20.0 food=20 saturation=0.0
[server/mod.rs:5418][INFO] MC-COMPAT-MILESTONE first_chunk_data chunk_x=2 chunk_z=0
[server/mod.rs:3447][INFO] MC-COMPAT-MILESTONE remote_player_spawn entity_id=5 uuid=UUID(57399523660260232, 4659645379363650449) name=compatbota x=38.000 y=65.000 z=0.000
[server/mod.rs:3447][INFO] MC-COMPAT-MILESTONE remote_player_spawn entity_id=6 uuid=UUID(17279542629861541104, 17597886568995341490) name=compatbotb x=40.000 y=65.000 z=0.000
[server/mod.rs:1389][INFO] MC-COMPAT-MILESTONE render_tick_with_player
[server/mod.rs:2485][INFO] MC-COMPAT-MILESTONE active_probe_position_look_sent x=40.000 y=65.000 z=0.000 on_ground=true
[model/mod.rs:398][ERROR] Error missing block state for minecraft:wooden_button
[model/mod.rs:368][ERROR] Error loading model minecraft:wooden_button
[model/mod.rs:398][ERROR] Error missing block state for minecraft:noteblock
[model/mod.rs:368][ERROR] Error loading model minecraft:noteblock
[server/mod.rs:3091][INFO] MC-COMPAT-MILESTONE combat_probe_velocity_observed entity_id=0 vx=0 vy=-32 vz=0
[server/mod.rs:3466][INFO] MC-COMPAT-MILESTONE update_health health=14.0 food=20 saturation=0.0
[server/mod.rs:3091][INFO] MC-COMPAT-MILESTONE combat_probe_velocity_observed entity_id=0 vx=0 vy=-32 vz=0
[server/mod.rs:3466][INFO] MC-COMPAT-MILESTONE update_health health=8.0 food=20 saturation=0.0
[server/mod.rs:3091][INFO] MC-COMPAT-MILESTONE combat_probe_velocity_observed entity_id=0 vx=0 vy=-32 vz=0
[server/mod.rs:3466][INFO] MC-COMPAT-MILESTONE update_health health=2.0 food=20 saturation=0.0
[server/mod.rs:3091][INFO] MC-COMPAT-MILESTONE combat_probe_velocity_observed entity_id=0 vx=0 vy=-32 vz=0
[server/mod.rs:3466][INFO] MC-COMPAT-MILESTONE update_health health=-4.0 food=20 saturation=0.0
[server/mod.rs:3473][INFO] MC-COMPAT-MILESTONE combat_probe_death_observed health=-4.0
[server/mod.rs:4881][INFO] MC-COMPAT-MILESTONE player_remove uuids=1
[mc-compat] client compatbota finished Some(124); log: /tmp/mc-compat-client.compatbota.1780460677274.log
[mc-compat] client compatbotb finished Some(124); log: /tmp/mc-compat-client.compatbotb.1780460682274.log
[mc-compat] stopping managed Valence server process 933430
[mc-compat] wrote typed event log /home/brittonr/git/mc/target/vanilla-combat-reference-paired-receipts-2026-06-02/valence.receipt.typed-events.log
[mc-compat] wrote smoke receipt /home/brittonr/git/mc/target/vanilla-combat-reference-paired-receipts-2026-06-02/valence.receipt.json
