[init] Running as uid=1000 gid=1000 with /data as 'drwxr-xr-x 2 1000 1000 4096 May 27 12:37 /data'
[init] Image info: buildtime=2026-05-31T14:45:05.064Z,version=java17,revision=a4719f2ba6f5cbcde07fc90ec4b6c42533aba5ad
[init] Resolving type given PAPER
[39m[mc-image-helper] 02:49:49.984 INFO  : Downloaded /data/paper-1.20.1-196.jar
[0;39m[init] Copying any plugins from /plugins to /data/plugins
[39m[mc-image-helper] 02:49:50.965 INFO  : Copying /plugins/mc-compat-paper-vanilla-combat-reference-fixture-2026-06-02.jar -> /data/plugins/mc-compat-paper-vanilla-combat-reference-fixture-2026-06-02.jar
[0;39m[init] Copying any configs from /config to /data/config
[init] Creating server properties in /data/server.properties
[init] Disabling whitelist functionality
[39m[mc-image-helper] 02:49:51.607 INFO  : Created/updated 7 properties in /data/server.properties
[0;39m[39m[mc-image-helper] 02:49:52.377 INFO  : Downloaded /data/config/paper-world-defaults.yml from https://raw.githubusercontent.com/Shonz1/minecraft-default-configs/main/1.20.1/paper-world-defaults.yml
[0;39m[39m[mc-image-helper] 02:49:52.380 INFO  : Downloaded /data/config/paper-global.yml from https://raw.githubusercontent.com/Shonz1/minecraft-default-configs/main/1.20.1/paper-global.yml
[0;39m[39m[mc-image-helper] 02:49:53.412 INFO  : Downloaded /data/spigot.yml from https://raw.githubusercontent.com/Shonz1/minecraft-default-configs/main/1.20.1/spigot.yml
[0;39m[39m[mc-image-helper] 02:49:53.412 INFO  : Downloaded /data/bukkit.yml from https://raw.githubusercontent.com/Shonz1/minecraft-default-configs/main/1.20.1/bukkit.yml
[0;39m[init] Setting initial memory to 1G and max to 1G
[init] Starting the Minecraft server...
Downloading mojang_1.20.1.jar
Applying patches
Starting org.bukkit.craftbukkit.Main
System Info: Java 17 (OpenJDK 64-Bit Server VM 17.0.15+6) Host: Linux 6.18.33 (amd64)
Loading libraries, please wait...
2026-06-03 02:49:56,099 ServerMain WARN Advanced terminal features are not available in this environment
[02:49:58 INFO]: Environment: authHost='https://authserver.mojang.com', accountsHost='https://api.mojang.com', sessionHost='https://sessionserver.mojang.com', servicesHost='https://api.minecraftservices.com', name='PROD'
[02:49:58 INFO]: Found new data pack file/bukkit, loading it automatically
[02:49:58 INFO]: Loaded 7 recipes
[02:49:58 INFO]: Starting minecraft server version 1.20.1
[02:49:58 INFO]: Loading properties
[02:49:58 INFO]: This server is running Paper version git-Paper-196 (MC: 1.20.1) (Implementing API version 1.20.1-R0.1-SNAPSHOT) (Git: 773dd72)
[02:49:58 INFO]: Server Ping Player Sample Count: 12
[02:49:58 INFO]: Using 4 threads for Netty based IO
[02:49:59 WARN]: [!] The timings profiler has been enabled but has been scheduled for removal from Paper in the future.
    We recommend installing the spark profiler as a replacement: https://spark.lucko.me/
    For more information please visit: https://github.com/PaperMC/Paper/issues/8948
[02:49:59 INFO]: [ChunkTaskScheduler] Chunk system is using 1 I/O threads, 8 worker threads, and gen parallelism of 8 threads
[02:49:59 INFO]: Default game type: SURVIVAL
[02:49:59 INFO]: Generating keypair
[02:49:59 INFO]: Starting Minecraft server on *:25565
[02:49:59 INFO]: Using epoll channel type
[02:49:59 INFO]: Paper: Using libdeflate (Linux x86_64) compression from Velocity.
[02:49:59 INFO]: Paper: Using OpenSSL 1.1.x (Linux x86_64) cipher from Velocity.
[02:49:59 INFO]: [McCompatSurvivalFixture] Loading server plugin McCompatSurvivalFixture v0.1.0
[02:49:59 WARN]: **** SERVER IS RUNNING IN OFFLINE/INSECURE MODE!
[02:49:59 WARN]: The server will make no attempt to authenticate usernames. Beware.
[02:49:59 WARN]: While this makes the game possible to play without internet access, it also opens up the ability for hackers to connect with any username they choose.
[02:49:59 WARN]: To change this, set "online-mode" to "true" in the server.properties file.
[02:49:59 INFO]: Preparing level "world"
[02:50:01 INFO]: Preparing start region for dimension minecraft:overworld
[02:50:01 INFO]: Time elapsed: 51 ms
[02:50:01 INFO]: Preparing start region for dimension minecraft:the_nether
[02:50:01 INFO]: Time elapsed: 26 ms
[02:50:01 INFO]: Preparing start region for dimension minecraft:the_end
[02:50:01 INFO]: Time elapsed: 46 ms
[02:50:01 INFO]: [McCompatSurvivalFixture] Enabling McCompatSurvivalFixture v0.1.0
[02:50:01 INFO]: [McCompatSurvivalFixture] MC-COMPAT-MILESTONE survival_fixture_enabled
[02:50:01 INFO]: Starting remote control listener
[02:50:01 INFO]: Thread RCON Listener started
[02:50:01 INFO]: RCON running on 0.0.0.0:25575
[02:50:01 INFO]: Running delayed init tasks
[02:50:01 INFO]: Done (2.458s)! For help, type "help"
[02:50:01 INFO]: Timings Reset
[02:50:05 INFO]: UUID of player compatbota is dde1878d-d028-3f14-9223-77e321006b00
[02:50:05 INFO]: compatbota joined the game
[02:50:05 INFO]: compatbota[/172.30.0.1:35856] logged in with entity id 286 at ([world]-6.5, 63.0, -56.5)
[02:50:05 INFO]: [McCompatSurvivalFixture] MC-COMPAT-MILESTONE survival_join username=compatbota gamemode=Survival target=0,64,1
[02:50:09 WARN]: compatbota moved too quickly! -19.417854930417015,20.999899999999997,-0.07145493041701467
[02:50:09 WARN]: compatbota moved too quickly! -19.417854930417015,20.999899999999997,-0.07145493041701467
[02:50:09 WARN]: compatbota moved too quickly! -19.417854930417015,20.999899999999997,-0.07145493041701467
[02:50:09 WARN]: compatbota moved too quickly! -19.417854930417015,20.999899999999997,-0.07145493041701467
[02:50:09 WARN]: compatbota moved too quickly! -19.417854930417015,20.999899999999997,-0.07145493041701467
[02:50:09 WARN]: compatbota moved too quickly! -19.417854930417015,20.999899999999997,-0.07145493041701467
[02:50:10 INFO]: UUID of player compatbotb is 86781496-7422-30a7-9800-bc1f917b8131
[02:50:10 INFO]: compatbotb joined the game
[02:50:10 INFO]: compatbotb[/172.30.0.1:49726] logged in with entity id 429 at ([world]9.5, 64.0, -62.5)
[02:50:10 INFO]: [McCompatSurvivalFixture] MC-COMPAT-MILESTONE survival_join username=compatbotb gamemode=Survival target=0,64,1
[02:50:11 WARN]: compatbota moved too quickly! 22.582145069582985,1.9998999999999967,-4.071454930417015
[02:50:11 WARN]: compatbota moved too quickly! -22.582145069582985,-1.9998999999999967,4.071454930417015
[02:50:13 WARN]: compatbotb moved too quickly! 19.45338325601891,20.999899999999997,7.468283256018905
[02:50:13 WARN]: compatbotb moved too quickly! 19.45338325601891,20.999899999999997,7.468283256018905
[02:50:14 WARN]: compatbotb moved too quickly! 19.45338325601891,20.999899999999997,7.468283256018905
[02:50:14 WARN]: compatbotb moved too quickly! 19.45338325601891,20.999899999999997,7.468283256018905
[02:50:14 WARN]: compatbotb moved too quickly! 19.45338325601891,20.999899999999997,7.468283256018905
[02:50:14 WARN]: compatbotb moved too quickly! 19.45338325601891,20.999899999999997,7.468283256018905
[02:52:01 INFO]: compatbota lost connection: Disconnected
[02:52:01 INFO]: compatbota left the game
[02:52:06 INFO]: compatbotb lost connection: Disconnected
[02:52:06 INFO]: compatbotb left the game
*** Warning, you've not updated in a while! ***
*** Please download a new build as per instructions from https://papermc.io/downloads/paper ***
