[init] Running as uid=1000 gid=1000 with /data as 'drwxr-xr-x 2 1000 1000 4096 May 27 12:37 /data'
[init] Image info: buildtime=2026-05-31T14:45:05.064Z,version=java17,revision=a4719f2ba6f5cbcde07fc90ec4b6c42533aba5ad
[init] Resolving type given PAPER
[39m[mc-image-helper] 02:45:49.769 INFO  : Downloaded /data/paper-1.20.1-196.jar
[0;39m[init] Copying any plugins from /plugins to /data/plugins
[39m[mc-image-helper] 02:45:50.721 INFO  : Copying /plugins/mc-compat-paper-vanilla-combat-reference-fixture-2026-06-02.jar -> /data/plugins/mc-compat-paper-vanilla-combat-reference-fixture-2026-06-02.jar
[0;39m[init] Copying any configs from /config to /data/config
[init] Creating server properties in /data/server.properties
[init] Disabling whitelist functionality
[39m[mc-image-helper] 02:45:51.376 INFO  : Created/updated 7 properties in /data/server.properties
[0;39m[39m[mc-image-helper] 02:45:52.152 INFO  : Downloaded /data/config/paper-global.yml from https://raw.githubusercontent.com/Shonz1/minecraft-default-configs/main/1.20.1/paper-global.yml
[0;39m[39m[mc-image-helper] 02:45:52.152 INFO  : Downloaded /data/config/paper-world-defaults.yml from https://raw.githubusercontent.com/Shonz1/minecraft-default-configs/main/1.20.1/paper-world-defaults.yml
[0;39m[39m[mc-image-helper] 02:45:53.232 INFO  : Downloaded /data/spigot.yml from https://raw.githubusercontent.com/Shonz1/minecraft-default-configs/main/1.20.1/spigot.yml
[0;39m[39m[mc-image-helper] 02:45:53.232 INFO  : Downloaded /data/bukkit.yml from https://raw.githubusercontent.com/Shonz1/minecraft-default-configs/main/1.20.1/bukkit.yml
[0;39m[init] Setting initial memory to 1G and max to 1G
[init] Starting the Minecraft server...
Downloading mojang_1.20.1.jar
Applying patches
Starting org.bukkit.craftbukkit.Main
System Info: Java 17 (OpenJDK 64-Bit Server VM 17.0.15+6) Host: Linux 6.18.33 (amd64)
Loading libraries, please wait...
2026-06-03 02:45:55,609 ServerMain WARN Advanced terminal features are not available in this environment
[02:45:57 INFO]: Environment: authHost='https://authserver.mojang.com', accountsHost='https://api.mojang.com', sessionHost='https://sessionserver.mojang.com', servicesHost='https://api.minecraftservices.com', name='PROD'
[02:45:57 INFO]: Found new data pack file/bukkit, loading it automatically
[02:45:57 INFO]: Loaded 7 recipes
[02:45:58 INFO]: Starting minecraft server version 1.20.1
[02:45:58 INFO]: Loading properties
[02:45:58 INFO]: This server is running Paper version git-Paper-196 (MC: 1.20.1) (Implementing API version 1.20.1-R0.1-SNAPSHOT) (Git: 773dd72)
[02:45:58 INFO]: Server Ping Player Sample Count: 12
[02:45:58 INFO]: Using 4 threads for Netty based IO
[02:45:58 WARN]: [!] The timings profiler has been enabled but has been scheduled for removal from Paper in the future.
    We recommend installing the spark profiler as a replacement: https://spark.lucko.me/
    For more information please visit: https://github.com/PaperMC/Paper/issues/8948
[02:45:58 INFO]: [ChunkTaskScheduler] Chunk system is using 1 I/O threads, 8 worker threads, and gen parallelism of 8 threads
[02:45:58 INFO]: Default game type: SURVIVAL
[02:45:58 INFO]: Generating keypair
[02:45:58 INFO]: Starting Minecraft server on *:25565
[02:45:58 INFO]: Using epoll channel type
[02:45:58 INFO]: Paper: Using libdeflate (Linux x86_64) compression from Velocity.
[02:45:58 INFO]: Paper: Using OpenSSL 1.1.x (Linux x86_64) cipher from Velocity.
[02:45:58 INFO]: [McCompatSurvivalFixture] Loading server plugin McCompatSurvivalFixture v0.1.0
[02:45:58 WARN]: **** SERVER IS RUNNING IN OFFLINE/INSECURE MODE!
[02:45:58 WARN]: The server will make no attempt to authenticate usernames. Beware.
[02:45:58 WARN]: While this makes the game possible to play without internet access, it also opens up the ability for hackers to connect with any username they choose.
[02:45:58 WARN]: To change this, set "online-mode" to "true" in the server.properties file.
[02:45:58 INFO]: Preparing level "world"
[02:46:00 INFO]: Preparing start region for dimension minecraft:overworld
[02:46:00 INFO]: Time elapsed: 55 ms
[02:46:00 INFO]: Preparing start region for dimension minecraft:the_nether
[02:46:00 INFO]: Time elapsed: 45 ms
[02:46:00 INFO]: Preparing start region for dimension minecraft:the_end
[02:46:00 INFO]: Time elapsed: 32 ms
[02:46:00 INFO]: [McCompatSurvivalFixture] Enabling McCompatSurvivalFixture v0.1.0
[02:46:00 INFO]: [McCompatSurvivalFixture] MC-COMPAT-MILESTONE survival_fixture_enabled
[02:46:00 INFO]: Starting remote control listener
[02:46:00 INFO]: Thread RCON Listener started
[02:46:00 INFO]: RCON running on 0.0.0.0:25575
[02:46:00 INFO]: Running delayed init tasks
[02:46:00 INFO]: Done (2.484s)! For help, type "help"
[02:46:00 INFO]: Timings Reset
[02:46:04 INFO]: UUID of player compatbota is dde1878d-d028-3f14-9223-77e321006b00
[02:46:04 INFO]: compatbota joined the game
[02:46:04 INFO]: compatbota[/172.30.0.1:47728] logged in with entity id 337 at ([world]-38.5, 63.0, -30.5)
[02:46:04 INFO]: [McCompatSurvivalFixture] MC-COMPAT-MILESTONE survival_join username=compatbota gamemode=Survival target=0,64,1
[02:46:09 WARN]: compatbota moved too quickly! -25.187783256018868,20.999899999999997,-0.4682832560189043
[02:46:09 WARN]: compatbota moved too quickly! -25.187783256018868,20.999899999999997,-0.4682832560189043
[02:46:09 WARN]: compatbota moved too quickly! -25.187783256018868,20.999899999999997,-0.4682832560189043
[02:46:09 WARN]: compatbota moved too quickly! -25.187783256018868,20.999899999999997,-0.4682832560189043
[02:46:09 WARN]: compatbota moved too quickly! -25.187783256018868,20.999899999999997,-0.4682832560189043
[02:46:10 WARN]: compatbota moved too quickly! -25.187783256018868,20.999899999999997,-0.4682832560189043
[02:46:10 WARN]: compatbota moved too quickly! -25.187783256018868,20.999899999999997,-0.4682832560189043
[02:46:11 WARN]: compatbota moved too quickly! 16.812216743981132,1.9998999999999967,-4.468283256018904
[02:46:12 WARN]: compatbota moved too quickly! 16.812216743981132,1.9998999999999967,-4.468283256018904
[02:46:12 WARN]: compatbota moved too quickly! 16.812216743981132,1.9998999999999967,-4.468283256018904
[02:46:12 WARN]: compatbota moved too quickly! 16.812216743981132,1.9998999999999967,-4.468283256018904
[02:46:12 WARN]: compatbota moved too quickly! 16.812216743981132,1.9998999999999967,-4.468283256018904
[02:46:12 WARN]: compatbota moved too quickly! 16.812216743981132,1.9998999999999967,-4.468283256018904
[02:46:12 WARN]: compatbota moved too quickly! 16.812216743981132,1.9998999999999967,-4.468283256018904
[02:46:12 WARN]: compatbota moved too quickly! 16.812216743981132,1.9998999999999967,-4.468283256018904
[02:46:12 WARN]: compatbota moved too quickly! 16.812216743981132,1.9998999999999967,-4.468283256018904
[02:46:12 WARN]: compatbota moved too quickly! 16.812216743981132,1.9998999999999967,-4.468283256018904
[02:46:12 WARN]: compatbota moved too quickly! 16.812216743981132,1.9998999999999967,-4.468283256018904
[02:46:12 WARN]: compatbota moved too quickly! 16.812216743981132,1.9998999999999967,-4.468283256018904
[02:46:12 WARN]: compatbota moved too quickly! 16.812216743981132,1.9998999999999967,-4.468283256018904
[02:46:12 WARN]: compatbota moved too quickly! 16.812216743981132,1.9998999999999967,-4.468283256018904
[02:46:12 WARN]: compatbota moved too quickly! 16.812216743981132,1.9998999999999967,-4.468283256018904
[02:46:13 WARN]: compatbota moved too quickly! 16.812216743981132,1.9998999999999967,-4.468283256018904
[02:46:13 WARN]: compatbota moved too quickly! 16.812216743981132,1.9998999999999967,-4.468283256018904
[02:46:13 WARN]: compatbota moved too quickly! 16.812216743981132,1.9998999999999967,-4.468283256018904
[02:46:13 WARN]: compatbota moved too quickly! 16.812216743981132,1.9998999999999967,-4.468283256018904
[02:46:13 WARN]: compatbota moved too quickly! 16.812216743981132,1.9998999999999967,-4.468283256018904
[02:46:13 WARN]: compatbota moved too quickly! 16.812216743981132,1.9998999999999967,-4.468283256018904
[02:46:13 WARN]: compatbota moved too quickly! 16.812216743981132,1.9998999999999967,-4.468283256018904
[02:46:13 WARN]: compatbota moved too quickly! 16.812216743981132,1.9998999999999967,-4.468283256018904
[02:46:14 WARN]: compatbota moved too quickly! 16.812216743981132,1.9998999999999967,-4.468283256018904
[02:46:14 WARN]: compatbota moved too quickly! 16.812216743981132,1.9998999999999967,-4.468283256018904
[02:46:14 WARN]: compatbota moved too quickly! 16.812216743981132,1.9998999999999967,-4.468283256018904
[02:46:14 WARN]: compatbota moved too quickly! 16.812216743981132,1.9998999999999967,-4.468283256018904
[02:46:14 WARN]: compatbota moved too quickly! 16.812216743981132,1.9998999999999967,-4.468283256018904
[02:46:14 WARN]: compatbota moved too quickly! 16.812216743981132,1.9998999999999967,-4.468283256018904
[02:46:14 WARN]: compatbota moved too quickly! -16.812216743981132,-1.9998999999999967,4.468283256018904
[02:48:00 INFO]: compatbota lost connection: Disconnected
[02:48:00 INFO]: compatbota left the game
*** Warning, you've not updated in a while! ***
*** Please download a new build as per instructions from https://papermc.io/downloads/paper ***
