# vanilla-combat-reference-paired fixture instrumentation validation
date=2026-06-02
scope=Paper reference fixture jar/source, Valence child fixture commits, Stevenarella protocol-763 combat packets, runner scenario health update
valence_child_revision=be02847ea666
stevenarella_child_revision=75151ca3cd4e

## valence child revision and clean status
command=cd /home/brittonr/git/mc/valence && git rev-parse --short=12 HEAD && git status --short -- examples/ctf.rs
be02847ea666
exit_status=0

## stevenarella child revision and clean status
command=cd /home/brittonr/git/mc/stevenarella && git rev-parse --short=12 HEAD && git status --short -- src/server/mod.rs protocol/src/protocol/packet.rs protocol/src/protocol/versions.rs protocol/src/protocol/versions/v1_20_1.rs
75151ca3cd4e
exit_status=0

## paper fixture jar exists
command=cd /home/brittonr/git/mc && test -s docs/evidence/mc-compat-paper-vanilla-combat-reference-fixture-2026-06-02.jar
exit_status=0

## stevenarella protocol-763 paper combat packet tests
command=cd /home/brittonr/git/mc/stevenarella && nix develop --no-update-lock-file /home/brittonr/git/mc -c cargo test --manifest-path protocol/Cargo.toml protocol_763_maps_paper -- --nocapture
mc compat shell: use 'mc-compat-runner --dry-run' or 'nix run .#mc-compat-smoke -- --run'
Stevenarella dev env: cargo/rustc/xvfb-run/OpenSSL/fontconfig/freetype/libxcb paths are available
OnixResearch tools are pinned over SSH: cairn, cargo-octet
warning: `/home/brittonr/git/mc/stevenarella/.cargo/config` is deprecated in favor of `config.toml`
  |
  = help: if you need to support cargo 1.38 or earlier, you can symlink `config` to `config.toml`
warning: file `/home/brittonr/git/mc/stevenarella/src/main.rs` found to be present in multiple build targets:
  * `lib` target `stevenarella`
  * `bin` target `stevenarella`
    Finished `test` profile [unoptimized + debuginfo] target(s) in 0.11s
     Running unittests src/lib.rs (/home/brittonr/.cargo-target/debug/deps/steven_protocol-9c169cd885baf6cb)

running 5 tests
test protocol::versions::tests::protocol_763_maps_paper_entity_effect_boundary ... ok
test protocol::versions::tests::protocol_763_maps_paper_feature_flags_boundary ... ok
test protocol::versions::tests::protocol_763_maps_paper_damage_tilt_boundary ... ok
test protocol::versions::tests::protocol_763_maps_paper_combat_event_boundaries ... ok
test protocol::versions::tests::protocol_763_maps_paper_entity_damage_boundary ... ok

test result: ok. 5 passed; 0 failed; 0 ignored; 0 measured; 26 filtered out; finished in 0.00s

exit_status=0

## valence ctf tests
command=cd /home/brittonr/git/mc/valence && nix develop --no-update-lock-file /home/brittonr/git/mc -c cargo test --example ctf
mc compat shell: use 'mc-compat-runner --dry-run' or 'nix run .#mc-compat-smoke -- --run'
Stevenarella dev env: cargo/rustc/xvfb-run/OpenSSL/fontconfig/freetype/libxcb paths are available
OnixResearch tools are pinned over SSH: cairn, cargo-octet
    Finished `test` profile [optimized + debuginfo] target(s) in 0.25s
     Running unittests examples/ctf.rs (/home/brittonr/.cargo-target/debug/examples/ctf-03ea97c54f418d48)

running 20 tests
test tests::arrow_policy_redacts_secret_like_diagnostics ... ok
test tests::arrow_policy_clamps_damage_to_maximum ... ok
test tests::ctf_race_final_state_rejects_double_score_or_held_flag ... ok
test tests::ctf_spawn_team_reset_milestones_record_balanced_assignments_and_reset ... ok
test tests::ctf_race_milestones_record_one_accept_one_reject_and_final_score ... ok
test tests::ctf_spawn_team_reset_rejects_imbalance_or_wrong_score ... ok
test tests::default_arrow_policy_matches_legacy_projectile_damage ... ok
test tests::invalid_flag_pickup_helper_rejects_own_flag_and_allows_enemy_flag ... ok
test tests::invalid_flag_return_drop_milestone_records_no_state_mutation_or_score ... ok
test tests::invalid_flag_pickup_milestone_records_no_transfer_and_scores ... ok
test tests::invalid_module_is_rejected_and_previous_snapshot_survives ... ok
test tests::malformed_or_capability_invalid_module_is_rejected ... ok
test tests::non_default_policy_changes_both_projectile_call_site_health_deltas ... ok
test tests::range_invalid_decision_output_is_rejected ... ok
test tests::score_limit_forbidden_milestones_are_named_for_duplicate_win_and_late_score_mutation ... ok
test tests::score_limit_milestones_record_pre_state_final_capture_and_win_once ... ok
test tests::snapshot_diff_reports_changed_policy_fields ... ok
test tests::steel_module_edit_changes_arrow_damage_policy ... ok
test tests::vanilla_combat_reference_helpers_fail_closed_for_unbounded_inputs ... ok
test tests::vanilla_combat_reference_milestones_record_normalized_metrics ... ok

test result: ok. 20 passed; 0 failed; 0 ignored; 0 measured; 0 filtered out; finished in 0.00s

exit_status=0

## runner tests
command=cd /home/brittonr/git/mc && nix develop --no-update-lock-file /home/brittonr/git/mc -c cargo test --manifest-path tools/mc-compat-runner/Cargo.toml
mc compat shell: use 'mc-compat-runner --dry-run' or 'nix run .#mc-compat-smoke -- --run'
Stevenarella dev env: cargo/rustc/xvfb-run/OpenSSL/fontconfig/freetype/libxcb paths are available
OnixResearch tools are pinned over SSH: cairn, cargo-octet
    Finished `test` profile [unoptimized + debuginfo] target(s) in 0.07s
     Running unittests src/main.rs (/home/brittonr/.cargo-target/debug/deps/mc_compat_runner-3e287b8ac8843fbc)

running 99 tests
test runtime_config::tests::fixed_protocol_fact_changes_are_rejected ... ok
test runtime_config::tests::arrow_damage_policy_is_bounded_and_reports_clamping ... ok
test runtime_config::tests::normalizes_valid_steel_exports ... ok
test runtime_config::tests::diff_and_apply_plan_separate_hot_next_run_and_restart_only ... ok
test runtime_config::tests::redaction_hides_secret_like_values ... ok
test runtime_config::tests::rejects_range_and_sandbox_violations ... ok
test runtime_config::tests::evaluates_restricted_steel_module ... ok
test runtime_config::tests::rejects_missing_or_wrong_type_exports ... ok
test runtime_config::tests::reload_request_applies_hot_changes_atomically ... ok
test runtime_config::tests::reload_request_rolls_back_on_apply_failure_or_restart_only_change ... ok
test tests::cleanup_client_log_match_is_narrow ... ok
test tests::armor_loadout_enchantment_status_matrix_receipt_keeps_nonclaims ... ok
test tests::armor_loadout_enchantment_status_matrix_tracks_isolated_row_evidence ... ok
test tests::blue_flag_score_scenario_tracks_mirrored_team_evidence ... ok
test tests::cli_overrides_backend_client_dir_valence_repo_and_revision ... ok
test tests::combat_damage_scenario_tracks_client_and_server_evidence ... ok
test runtime_config::tests::rejects_steel_module_unknown_export_and_forbidden_token ... ok
test tests::compares_paper_and_valence_receipts ... ok
test tests::compares_protocol_763_matrix_receipts_when_configured ... ok
test tests::ctf_invalid_pickup_ownership_tracks_client_server_and_envelope ... ok
test tests::client_checkout_must_point_at_manifest_root ... ok
test tests::ctf_score_limit_win_condition_tracks_client_server_and_forbidden_guards ... ok
test tests::defaults_to_valence_protocol_and_port ... ok
test tests::ctf_simultaneous_race_tracks_one_accept_one_reject ... ok
test tests::cleanup_path_dry_run_preserves_existing_files ... ok
test tests::ctf_invalid_return_drop_tracks_client_server_and_envelope ... ok
test tests::ctf_spawn_team_balance_reset_tracks_client_server_and_guards ... ok
test tests::enriched_triage_core_bounds_and_redacts_context ... ok
test tests::env_overrides_are_parsed_without_global_environment_mutation ... ok
test tests::equipment_update_scenario_tracks_current_client_equipment_marker ... ok
test tests::equipment_slot_item_matrix_expansion_tracks_isolated_row_evidence ... ok
test tests::git_revision_evidence_core_reports_clean_dirty_and_unavailable ... ok
test tests::compat_bot_probe_scenario_is_bounded_and_receipted ... ok
test tests::flag_score_repeat_scenario_tracks_missing_and_forbidden_evidence ... ok
test tests::equipment_slot_item_matrix_expansion_receipt_keeps_nonclaims ... ok
test tests::latency_jitter_receipt_renders_bounded_wan_telemetry_fields ... ok
test tests::generated_scenario_manifest_matches_runner_parser ... ok
test tests::failed_preflight_receipt_triages_before_client_evidence ... ok
test tests::missing_client_checkout_has_actionable_diagnostic ... ok
test tests::mcp_controlled_live_receipt_uses_observed_control_and_frame_evidence ... ok
test tests::mcp_controlled_live_receipt_fails_dirty_child_revision ... ok
test tests::dry_run_receipt_records_deterministic_child_revision_placeholders ... ok
test tests::enriched_triage_receipt_preserves_existing_fields_and_adds_context ... ok
test tests::negative_live_rail_preflight_rejects_public_unowned_targets ... ok
test tests::nickel_exported_json_config_sets_defaults_and_allows_env_cli_precedence ... ok
test tests::public_server_authorized_safety_disabled_path_stays_non_claim ... ok
test tests::projectile_damage_attribution_scenario_tracks_client_and_server_evidence ... ok
test tests::public_server_authorized_safety_receipt_renders_fixture_envelope ... ok
test tests::inventory_interaction_scenario_tracks_client_and_server_evidence ... ok
test tests::latency_jitter_reconnect_count_is_explicit ... ok
test tests::missing_valence_checkout_has_actionable_diagnostic ... ok
test tests::mcp_controlled_live_preflight_allows_bounded_local_rail ... ok
test tests::public_server_authorized_safety_live_mode_fails_closed ... ok
test tests::negative_live_rail_checker_rejects_unbounded_public_unauthenticated_inputs ... ok
test tests::mcp_controlled_live_preflight_rejects_unbounded_timeout ... ok
test tests::negative_live_rail_checker_rejects_missing_expected_outcome ... ok
test tests::projectile_damage_dry_run_uses_steel_arrow_policy ... ok
test tests::projectile_damage_attribution_requires_pinned_valence_revision ... ok
test tests::receipt_summary_mutations_fail_closed ... ok
test tests::run_matrix_config_sets_receipt_dir_and_backend_defaults ... ok
test tests::load_network_safety_envelope_fails_closed_for_unsafe_inputs ... ok
test tests::restricted_steel_config_rejects_forbidden_capabilities ... ok
test tests::invalid_backend_is_rejected ... ok
test tests::survival_crafting_table_scenario_tracks_client_and_server_evidence ... ok
test tests::latency_jitter_receipt_disabled_path_stays_non_claim ... ok
test tests::run_matrix_rejects_single_receipt_path ... ok
test tests::negative_live_rail_checker_rejects_missing_telemetry ... ok
test tests::survival_hunger_food_scenario_tracks_client_and_server_evidence ... ok
test tests::multi_client_scenario_tracks_client_and_server_evidence ... ok
test tests::negative_live_rail_envelope_records_expected_outcome_and_non_claims ... ok
test tests::survival_furnace_persistence_scenario_tracks_client_and_server_evidence ... ok
test tests::rejects_receipt_protocol_mismatch ... ok
test tests::rejects_receipts_that_do_not_match_configured_protocol ... ok
test tests::scenario_cli_and_env_parse ... ok
test tests::restricted_steel_config_sets_runtime_defaults_and_allows_env_cli_precedence ... ok
test tests::survival_mob_drop_scenario_tracks_client_and_server_evidence ... ok
test tests::status_and_cleanup_modes_parse_without_server_probe_mode ... ok
test tests::survival_redstone_toggle_scenario_tracks_client_and_server_evidence ... ok
test tests::survival_break_place_pickup_scenario_tracks_client_and_server_evidence ... ok
test tests::mcp_controlled_dry_run_receipt_records_control_contract ... ok
test tests::supported_scenario_usage_lists_all_supported_scenarios ... ok
test tests::survival_world_persistence_scenario_tracks_client_and_server_evidence ... ok
test tests::smoke_receipt_records_failures_without_success_claims ... ok
test tests::typed_event_graph_checks_required_forbidden_and_ordered_events ... ok
test tests::typed_event_parser_accepts_versioned_event_lines ... ok
test tests::typed_event_receipt_artifact_records_reviewable_timeline_hash ... ok
test tests::typed_events_from_receipt_evidence_include_client_and_server_sources ... ok
test tests::smoke_receipt_records_cairn_contract_and_octet_surface ... ok
test tests::typed_event_oracle_validates_migrated_inventory_graph ... ok
test tests::valid_client_checkout_preflight_passes ... ok
test tests::survival_chest_persistence_scenario_tracks_client_and_server_evidence ... ok
test tests::typed_event_graph_accepts_representative_scenario_fixtures ... ok
test tests::typed_event_oracle_receipt_records_migration_fallback ... ok
test tests::scenario_receipt_records_actionable_failure_triage ... ok
test tests::status_packet_proxy_and_gameplay_receipt_blocks_are_recorded ... ok
test tests::scenario_oracle_property_all_required_server_milestones_matter ... ok
test tests::scenario_oracle_property_forbidden_markers_fail ... ok
test tests::scenario_oracle_property_all_required_client_milestones_matter ... ok
test tests::negative_live_rail_receipt_records_observed_containment_outcome ... ok

test result: ok. 99 passed; 0 failed; 0 ignored; 0 measured; 0 filtered out; finished in 0.00s

exit_status=0

overall_exit_status=0
exit_status=0
