## paired-reference dry-run shapes implementation checks
date_utc=2026-06-28T01:13:17Z

command=nix develop --no-update-lock-file . -c rustfmt --edition 2021 --check tools/check_paired_reference_dry_run_shapes.rs compat/runner/src/receipts.rs
mc compat shell: use 'mc-compat-runner --dry-run' or 'nix run .#mc-compat-smoke -- --run'
Stevenarella dev env: cargo/rustc/xvfb-run/OpenSSL/fontconfig/freetype/libxcb paths are available
OnixResearch tools are pinned over SSH: cairn, cargo-octet
Steel is available for repo scripts, e.g. steel scripts/ralph-drain-cairns.scm --self-test
rustfmt_check_exit_status=0

command=nix develop --no-update-lock-file . -c sh -c rustc/self-test check_paired_reference_dry_run_shapes
mc compat shell: use 'mc-compat-runner --dry-run' or 'nix run .#mc-compat-smoke -- --run'
Stevenarella dev env: cargo/rustc/xvfb-run/OpenSSL/fontconfig/freetype/libxcb paths are available
OnixResearch tools are pinned over SSH: cairn, cargo-octet
Steel is available for repo scripts, e.g. steel scripts/ralph-drain-cairns.scm --self-test
paired reference dry-run shape self-test passed: positive and negative dry-run shape fixtures exercised
paired_reference_shape_self_test_exit_status=0

command=nix develop --no-update-lock-file . -c cargo test --manifest-path compat/runner/Cargo.toml paired_reference_dry_run_receipts_record_shape_nonclaims -- --nocapture
mc compat shell: use 'mc-compat-runner --dry-run' or 'nix run .#mc-compat-smoke -- --run'
Stevenarella dev env: cargo/rustc/xvfb-run/OpenSSL/fontconfig/freetype/libxcb paths are available
OnixResearch tools are pinned over SSH: cairn, cargo-octet
Steel is available for repo scripts, e.g. steel scripts/ralph-drain-cairns.scm --self-test
warning: constant `CTF_OPPONENT_RETURN_DROP_SERVER_REJECTION_NEEDLE` is never used
   --> src/main.rs:298:7
    |
298 | const CTF_OPPONENT_RETURN_DROP_SERVER_REJECTION_NEEDLE: &...
    |       ^^^^^^^^^^^^^^^^^^^^^^^^^^^^^^^^^^^^^^^^^^^^^^^^
    |
    = note: `#[warn(dead_code)]` (part of `#[warn(unused)]`) on by default

warning: function `json_object_string_field` is never used
  --> src/json_support.rs:12:15
   |
12 | pub(crate) fn json_object_string_field(
   |               ^^^^^^^^^^^^^^^^^^^^^^^^

warning: function `json_object_optional_string_field` is never used
  --> src/json_support.rs:20:15
   |
20 | pub(crate) fn json_object_optional_string_field(
   |               ^^^^^^^^^^^^^^^^^^^^^^^^^^^^^^^^^

warning: function `json_object_u32_field` is never used
  --> src/json_support.rs:28:15
   |
28 | pub(crate) fn json_object_u32_field(text: &str, object:...
   |               ^^^^^^^^^^^^^^^^^^^^^

warning: function `json_object_bool_field` is never used
  --> src/json_support.rs:32:15
   |
32 | pub(crate) fn json_object_bool_field(text: &str, object...
   |               ^^^^^^^^^^^^^^^^^^^^^^

warning: variant `Transition` is never constructed
  --> src/layout.rs:44:5
   |
42 | pub enum LayoutKind {
   |          ---------- variant in this enum
43 |     RoleBased,
44 |     Transition,
   |     ^^^^^^^^^^
   |
   = note: `LayoutKind` has derived impls for the traits `Debug` and `Clone`, but these are intentionally ignored during dead code analysis

warning: `mc-compat-runner` (bin "mc-compat-runner" test) generated 6 warnings
    Finished `test` profile [unoptimized + debuginfo] target(s) in 0.06s
     Running unittests src/main.rs (/home/brittonr/.cargo-target/debug/deps/mc_compat_runner-3e287b8ac8843fbc)

running 1 test
test tests::paired_reference_dry_run_receipts_record_shape_nonclaims ... ok

test result: ok. 1 passed; 0 failed; 0 ignored; 0 measured; 181 filtered out; finished in 0.00s

paired_reference_runner_test_exit_status=0
exit_status=0
